[INFO] 2025-05-05T09:54:44.521267 Profiling DLIO /mnt/ioopt/appbench/apps/MLPerf-storage/resultsdir/RUN_5/batch_size_5_num_threads_8/trace-0-of-1.pfw [/mnt/ioopt/appbench/apps/MLPerf-storage/dlio_benchmark/dlio_benchmark/utils/config.py:189]
[INFO] 2025-05-05T09:54:44.521856 Running DLIO with 1 process(es) [/mnt/ioopt/appbench/apps/MLPerf-storage/dlio_benchmark/dlio_benchmark/main.py:100]
[INFO] Total amount of data each host will consume is 273.064948618412 GB; each host has [np.float64(187.5592384338379)] GB memory [/mnt/ioopt/appbench/apps/MLPerf-storage/dlio_benchmark/dlio_benchmark/utils/statscounter.py:121]
[INFO] 2025-05-05T09:55:00.890989 Max steps per epoch: 400 = 1 * 2000 / 5 / 1 (samples per file * num files / batch size / comm size) [/mnt/ioopt/appbench/apps/MLPerf-storage/dlio_benchmark/dlio_benchmark/main.py:321]
[INFO] 2025-05-05T09:55:01.046776 Starting epoch 1: 400 steps expected [/mnt/ioopt/appbench/apps/MLPerf-storage/dlio_benchmark/dlio_benchmark/utils/statscounter.py:192]
[INFO] 2025-05-05T09:55:01.078965 Starting block 1 [/mnt/ioopt/appbench/apps/MLPerf-storage/dlio_benchmark/dlio_benchmark/utils/statscounter.py:264]
[INFO] 2025-05-05T09:55:21.312966 Rank 0 step 1 processed 5 samples in 20.233772039413452 s [/mnt/ioopt/appbench/apps/MLPerf-storage/dlio_benchmark/dlio_benchmark/utils/statscounter.py:325]
[INFO] 2025-05-05T09:55:21.652157 Rank 0 step 2 processed 5 samples in 0.3380248546600342 s [/mnt/ioopt/appbench/apps/MLPerf-storage/dlio_benchmark/dlio_benchmark/utils/statscounter.py:325]
[INFO] 2025-05-05T09:55:23.502611 Rank 0 step 3 processed 5 samples in 1.8500545024871826 s [/mnt/ioopt/appbench/apps/MLPerf-storage/dlio_benchmark/dlio_benchmark/utils/statscounter.py:325]
[INFO] 2025-05-05T09:55:23.831535 Rank 0 step 4 processed 5 samples in 0.3284320831298828 s [/mnt/ioopt/appbench/apps/MLPerf-storage/dlio_benchmark/dlio_benchmark/utils/statscounter.py:325]
[INFO] 2025-05-05T09:55:24.160892 Rank 0 step 5 processed 5 samples in 0.3289003372192383 s [/mnt/ioopt/appbench/apps/MLPerf-storage/dlio_benchmark/dlio_benchmark/utils/statscounter.py:325]
[INFO] 2025-05-05T09:55:24.488706 Rank 0 step 6 processed 5 samples in 0.3273348808288574 s [/mnt/ioopt/appbench/apps/MLPerf-storage/dlio_benchmark/dlio_benchmark/utils/statscounter.py:325]
[INFO] 2025-05-05T09:55:24.814664 Rank 0 step 7 processed 5 samples in 0.3256809711456299 s [/mnt/ioopt/appbench/apps/MLPerf-storage/dlio_benchmark/dlio_benchmark/utils/statscounter.py:325]
[INFO] 2025-05-05T09:55:25.142046 Rank 0 step 8 processed 5 samples in 0.3268599510192871 s [/mnt/ioopt/appbench/apps/MLPerf-storage/dlio_benchmark/dlio_benchmark/utils/statscounter.py:325]
[INFO] 2025-05-05T09:55:35.669067 Rank 0 step 9 processed 5 samples in 10.526648044586182 s [/mnt/ioopt/appbench/apps/MLPerf-storage/dlio_benchmark/dlio_benchmark/utils/statscounter.py:325]
[INFO] 2025-05-05T09:55:37.580300 Rank 0 step 10 processed 5 samples in 1.9108641147613525 s [/mnt/ioopt/appbench/apps/MLPerf-storage/dlio_benchmark/dlio_benchmark/utils/statscounter.py:325]
[INFO] 2025-05-05T09:55:38.064558 Rank 0 step 11 processed 5 samples in 0.4836268424987793 s [/mnt/ioopt/appbench/apps/MLPerf-storage/dlio_benchmark/dlio_benchmark/utils/statscounter.py:325]
[INFO] 2025-05-05T09:55:40.123796 Rank 0 step 12 processed 5 samples in 2.058786392211914 s [/mnt/ioopt/appbench/apps/MLPerf-storage/dlio_benchmark/dlio_benchmark/utils/statscounter.py:325]
[INFO] 2025-05-05T09:55:46.794444 Rank 0 step 13 processed 5 samples in 6.670148611068726 s [/mnt/ioopt/appbench/apps/MLPerf-storage/dlio_benchmark/dlio_benchmark/utils/statscounter.py:325]
[INFO] 2025-05-05T09:55:47.120091 Rank 0 step 14 processed 5 samples in 0.3252832889556885 s [/mnt/ioopt/appbench/apps/MLPerf-storage/dlio_benchmark/dlio_benchmark/utils/statscounter.py:325]
[INFO] 2025-05-05T09:55:47.445631 Rank 0 step 15 processed 5 samples in 0.3252675533294678 s [/mnt/ioopt/appbench/apps/MLPerf-storage/dlio_benchmark/dlio_benchmark/utils/statscounter.py:325]
[INFO] 2025-05-05T09:55:47.772559 Rank 0 step 16 processed 5 samples in 0.32648563385009766 s [/mnt/ioopt/appbench/apps/MLPerf-storage/dlio_benchmark/dlio_benchmark/utils/statscounter.py:325]
[INFO] 2025-05-05T09:55:50.000641 Rank 0 step 17 processed 5 samples in 2.2275688648223877 s [/mnt/ioopt/appbench/apps/MLPerf-storage/dlio_benchmark/dlio_benchmark/utils/statscounter.py:325]
[INFO] 2025-05-05T09:55:55.217136 Rank 0 step 18 processed 5 samples in 5.216149806976318 s [/mnt/ioopt/appbench/apps/MLPerf-storage/dlio_benchmark/dlio_benchmark/utils/statscounter.py:325]
[INFO] 2025-05-05T09:55:56.239409 Rank 0 step 19 processed 5 samples in 1.0217726230621338 s [/mnt/ioopt/appbench/apps/MLPerf-storage/dlio_benchmark/dlio_benchmark/utils/statscounter.py:325]
[INFO] 2025-05-05T09:55:56.570756 Rank 0 step 20 processed 5 samples in 0.3308684825897217 s [/mnt/ioopt/appbench/apps/MLPerf-storage/dlio_benchmark/dlio_benchmark/utils/statscounter.py:325]
[INFO] 2025-05-05T09:56:03.128439 Rank 0 step 21 processed 5 samples in 6.5568013191223145 s [/mnt/ioopt/appbench/apps/MLPerf-storage/dlio_benchmark/dlio_benchmark/utils/statscounter.py:325]
[INFO] 2025-05-05T09:56:07.386563 Rank 0 step 22 processed 5 samples in 4.257647275924683 s [/mnt/ioopt/appbench/apps/MLPerf-storage/dlio_benchmark/dlio_benchmark/utils/statscounter.py:325]
[INFO] 2025-05-05T09:56:07.712589 Rank 0 step 23 processed 5 samples in 0.3255610466003418 s [/mnt/ioopt/appbench/apps/MLPerf-storage/dlio_benchmark/dlio_benchmark/utils/statscounter.py:325]
[INFO] 2025-05-05T09:56:08.039435 Rank 0 step 24 processed 5 samples in 0.3263571262359619 s [/mnt/ioopt/appbench/apps/MLPerf-storage/dlio_benchmark/dlio_benchmark/utils/statscounter.py:325]
[INFO] 2025-05-05T09:56:08.365404 Rank 0 step 25 processed 5 samples in 0.3255460262298584 s [/mnt/ioopt/appbench/apps/MLPerf-storage/dlio_benchmark/dlio_benchmark/utils/statscounter.py:325]
[INFO] 2025-05-05T09:56:13.956139 Rank 0 step 26 processed 5 samples in 5.590342044830322 s [/mnt/ioopt/appbench/apps/MLPerf-storage/dlio_benchmark/dlio_benchmark/utils/statscounter.py:325]
[INFO] 2025-05-05T09:56:15.739912 Rank 0 step 27 processed 5 samples in 1.783311128616333 s [/mnt/ioopt/appbench/apps/MLPerf-storage/dlio_benchmark/dlio_benchmark/utils/statscounter.py:325]
[INFO] 2025-05-05T09:56:16.068829 Rank 0 step 28 processed 5 samples in 0.32836008071899414 s [/mnt/ioopt/appbench/apps/MLPerf-storage/dlio_benchmark/dlio_benchmark/utils/statscounter.py:325]
[INFO] 2025-05-05T09:56:23.158749 Rank 0 step 29 processed 5 samples in 7.089655637741089 s [/mnt/ioopt/appbench/apps/MLPerf-storage/dlio_benchmark/dlio_benchmark/utils/statscounter.py:325]
[INFO] 2025-05-05T09:56:27.561131 Rank 0 step 30 processed 5 samples in 4.401837110519409 s [/mnt/ioopt/appbench/apps/MLPerf-storage/dlio_benchmark/dlio_benchmark/utils/statscounter.py:325]
[INFO] 2025-05-05T09:56:27.890044 Rank 0 step 31 processed 5 samples in 0.3284173011779785 s [/mnt/ioopt/appbench/apps/MLPerf-storage/dlio_benchmark/dlio_benchmark/utils/statscounter.py:325]
[INFO] 2025-05-05T09:56:28.804107 Rank 0 step 32 processed 5 samples in 0.9136161804199219 s [/mnt/ioopt/appbench/apps/MLPerf-storage/dlio_benchmark/dlio_benchmark/utils/statscounter.py:325]
[INFO] 2025-05-05T09:56:29.132965 Rank 0 step 33 processed 5 samples in 0.32839345932006836 s [/mnt/ioopt/appbench/apps/MLPerf-storage/dlio_benchmark/dlio_benchmark/utils/statscounter.py:325]
[INFO] 2025-05-05T09:56:32.099531 Rank 0 step 34 processed 5 samples in 2.9661357402801514 s [/mnt/ioopt/appbench/apps/MLPerf-storage/dlio_benchmark/dlio_benchmark/utils/statscounter.py:325]
[INFO] 2025-05-05T09:56:37.058183 Rank 0 step 35 processed 5 samples in 4.958343505859375 s [/mnt/ioopt/appbench/apps/MLPerf-storage/dlio_benchmark/dlio_benchmark/utils/statscounter.py:325]
[INFO] 2025-05-05T09:56:37.387435 Rank 0 step 36 processed 5 samples in 0.32875776290893555 s [/mnt/ioopt/appbench/apps/MLPerf-storage/dlio_benchmark/dlio_benchmark/utils/statscounter.py:325]
[INFO] 2025-05-05T09:56:42.236371 Rank 0 step 37 processed 5 samples in 4.848487615585327 s [/mnt/ioopt/appbench/apps/MLPerf-storage/dlio_benchmark/dlio_benchmark/utils/statscounter.py:325]
[INFO] 2025-05-05T09:56:42.704067 Rank 0 step 38 processed 5 samples in 0.4671964645385742 s [/mnt/ioopt/appbench/apps/MLPerf-storage/dlio_benchmark/dlio_benchmark/utils/statscounter.py:325]
[INFO] 2025-05-05T09:56:46.425664 Rank 0 step 39 processed 5 samples in 3.7211503982543945 s [/mnt/ioopt/appbench/apps/MLPerf-storage/dlio_benchmark/dlio_benchmark/utils/statscounter.py:325]
[INFO] 2025-05-05T09:56:46.969786 Rank 0 step 40 processed 5 samples in 0.5435881614685059 s [/mnt/ioopt/appbench/apps/MLPerf-storage/dlio_benchmark/dlio_benchmark/utils/statscounter.py:325]
[INFO] 2025-05-05T09:56:47.298834 Rank 0 step 41 processed 5 samples in 0.32852983474731445 s [/mnt/ioopt/appbench/apps/MLPerf-storage/dlio_benchmark/dlio_benchmark/utils/statscounter.py:325]
[INFO] 2025-05-05T09:56:47.722204 Rank 0 step 42 processed 5 samples in 0.42287516593933105 s [/mnt/ioopt/appbench/apps/MLPerf-storage/dlio_benchmark/dlio_benchmark/utils/statscounter.py:325]
[INFO] 2025-05-05T09:56:56.580939 Rank 0 step 43 processed 5 samples in 8.858272314071655 s [/mnt/ioopt/appbench/apps/MLPerf-storage/dlio_benchmark/dlio_benchmark/utils/statscounter.py:325]
[INFO] 2025-05-05T09:56:59.149698 Rank 0 step 44 processed 5 samples in 2.5682618618011475 s [/mnt/ioopt/appbench/apps/MLPerf-storage/dlio_benchmark/dlio_benchmark/utils/statscounter.py:325]
[INFO] 2025-05-05T09:56:59.479177 Rank 0 step 45 processed 5 samples in 0.32883620262145996 s [/mnt/ioopt/appbench/apps/MLPerf-storage/dlio_benchmark/dlio_benchmark/utils/statscounter.py:325]
[INFO] 2025-05-05T09:57:00.717223 Rank 0 step 46 processed 5 samples in 1.2375798225402832 s [/mnt/ioopt/appbench/apps/MLPerf-storage/dlio_benchmark/dlio_benchmark/utils/statscounter.py:325]
[INFO] 2025-05-05T09:57:03.761878 Rank 0 step 47 processed 5 samples in 3.044191837310791 s [/mnt/ioopt/appbench/apps/MLPerf-storage/dlio_benchmark/dlio_benchmark/utils/statscounter.py:325]
[INFO] 2025-05-05T09:57:04.409901 Rank 0 step 48 processed 5 samples in 0.6477069854736328 s [/mnt/ioopt/appbench/apps/MLPerf-storage/dlio_benchmark/dlio_benchmark/utils/statscounter.py:325]
[INFO] 2025-05-05T09:57:05.019770 Rank 0 step 49 processed 5 samples in 0.6093845367431641 s [/mnt/ioopt/appbench/apps/MLPerf-storage/dlio_benchmark/dlio_benchmark/utils/statscounter.py:325]
[INFO] 2025-05-05T09:57:05.348840 Rank 0 step 50 processed 5 samples in 0.3285970687866211 s [/mnt/ioopt/appbench/apps/MLPerf-storage/dlio_benchmark/dlio_benchmark/utils/statscounter.py:325]
[INFO] 2025-05-05T09:57:18.494703 Rank 0 step 51 processed 5 samples in 13.145409107208252 s [/mnt/ioopt/appbench/apps/MLPerf-storage/dlio_benchmark/dlio_benchmark/utils/statscounter.py:325]
[INFO] 2025-05-05T09:57:18.823635 Rank 0 step 52 processed 5 samples in 0.32843685150146484 s [/mnt/ioopt/appbench/apps/MLPerf-storage/dlio_benchmark/dlio_benchmark/utils/statscounter.py:325]
[INFO] 2025-05-05T09:57:19.152790 Rank 0 step 53 processed 5 samples in 0.32869863510131836 s [/mnt/ioopt/appbench/apps/MLPerf-storage/dlio_benchmark/dlio_benchmark/utils/statscounter.py:325]
[INFO] 2025-05-05T09:57:19.481752 Rank 0 step 54 processed 5 samples in 0.3285079002380371 s [/mnt/ioopt/appbench/apps/MLPerf-storage/dlio_benchmark/dlio_benchmark/utils/statscounter.py:325]
[INFO] 2025-05-05T09:57:23.223370 Rank 0 step 55 processed 5 samples in 3.741161346435547 s [/mnt/ioopt/appbench/apps/MLPerf-storage/dlio_benchmark/dlio_benchmark/utils/statscounter.py:325]
[INFO] 2025-05-05T09:57:23.552212 Rank 0 step 56 processed 5 samples in 0.328322172164917 s [/mnt/ioopt/appbench/apps/MLPerf-storage/dlio_benchmark/dlio_benchmark/utils/statscounter.py:325]
[INFO] 2025-05-05T09:57:23.881158 Rank 0 step 57 processed 5 samples in 0.32850193977355957 s [/mnt/ioopt/appbench/apps/MLPerf-storage/dlio_benchmark/dlio_benchmark/utils/statscounter.py:325]
[INFO] 2025-05-05T09:57:24.210740 Rank 0 step 58 processed 5 samples in 0.3291327953338623 s [/mnt/ioopt/appbench/apps/MLPerf-storage/dlio_benchmark/dlio_benchmark/utils/statscounter.py:325]
[INFO] 2025-05-05T09:57:36.663692 Rank 0 step 59 processed 5 samples in 12.452354907989502 s [/mnt/ioopt/appbench/apps/MLPerf-storage/dlio_benchmark/dlio_benchmark/utils/statscounter.py:325]
[INFO] 2025-05-05T09:57:36.992772 Rank 0 step 60 processed 5 samples in 0.3285956382751465 s [/mnt/ioopt/appbench/apps/MLPerf-storage/dlio_benchmark/dlio_benchmark/utils/statscounter.py:325]
[INFO] 2025-05-05T09:57:40.224907 Rank 0 step 61 processed 5 samples in 3.231682300567627 s [/mnt/ioopt/appbench/apps/MLPerf-storage/dlio_benchmark/dlio_benchmark/utils/statscounter.py:325]
[INFO] 2025-05-05T09:57:40.592756 Rank 0 step 62 processed 5 samples in 0.36755895614624023 s [/mnt/ioopt/appbench/apps/MLPerf-storage/dlio_benchmark/dlio_benchmark/utils/statscounter.py:325]
[INFO] 2025-05-05T09:57:40.920318 Rank 0 step 63 processed 5 samples in 0.32706189155578613 s [/mnt/ioopt/appbench/apps/MLPerf-storage/dlio_benchmark/dlio_benchmark/utils/statscounter.py:325]
[INFO] 2025-05-05T09:57:41.785373 Rank 0 step 64 processed 5 samples in 0.8647685050964355 s [/mnt/ioopt/appbench/apps/MLPerf-storage/dlio_benchmark/dlio_benchmark/utils/statscounter.py:325]
[INFO] 2025-05-05T09:57:43.434124 Rank 0 step 65 processed 5 samples in 1.648273229598999 s [/mnt/ioopt/appbench/apps/MLPerf-storage/dlio_benchmark/dlio_benchmark/utils/statscounter.py:325]
[INFO] 2025-05-05T09:57:43.763155 Rank 0 step 66 processed 5 samples in 0.3285791873931885 s [/mnt/ioopt/appbench/apps/MLPerf-storage/dlio_benchmark/dlio_benchmark/utils/statscounter.py:325]
[INFO] 2025-05-05T09:57:51.971924 Rank 0 step 67 processed 5 samples in 8.208346128463745 s [/mnt/ioopt/appbench/apps/MLPerf-storage/dlio_benchmark/dlio_benchmark/utils/statscounter.py:325]
[INFO] 2025-05-05T09:57:52.301066 Rank 0 step 68 processed 5 samples in 0.3286864757537842 s [/mnt/ioopt/appbench/apps/MLPerf-storage/dlio_benchmark/dlio_benchmark/utils/statscounter.py:325]
[INFO] 2025-05-05T09:57:57.862393 Rank 0 step 69 processed 5 samples in 5.560889482498169 s [/mnt/ioopt/appbench/apps/MLPerf-storage/dlio_benchmark/dlio_benchmark/utils/statscounter.py:325]
[INFO] 2025-05-05T09:57:58.808598 Rank 0 step 70 processed 5 samples in 0.9457457065582275 s [/mnt/ioopt/appbench/apps/MLPerf-storage/dlio_benchmark/dlio_benchmark/utils/statscounter.py:325]
[INFO] 2025-05-05T09:58:00.289765 Rank 0 step 71 processed 5 samples in 1.4807260036468506 s [/mnt/ioopt/appbench/apps/MLPerf-storage/dlio_benchmark/dlio_benchmark/utils/statscounter.py:325]
[INFO] 2025-05-05T09:58:00.618691 Rank 0 step 72 processed 5 samples in 0.32840561866760254 s [/mnt/ioopt/appbench/apps/MLPerf-storage/dlio_benchmark/dlio_benchmark/utils/statscounter.py:325]
[INFO] 2025-05-05T09:58:00.948758 Rank 0 step 73 processed 5 samples in 0.3295741081237793 s [/mnt/ioopt/appbench/apps/MLPerf-storage/dlio_benchmark/dlio_benchmark/utils/statscounter.py:325]
[INFO] 2025-05-05T09:58:01.278749 Rank 0 step 74 processed 5 samples in 0.32895565032958984 s [/mnt/ioopt/appbench/apps/MLPerf-storage/dlio_benchmark/dlio_benchmark/utils/statscounter.py:325]
[INFO] 2025-05-05T09:58:10.030211 Rank 0 step 75 processed 5 samples in 8.751002073287964 s [/mnt/ioopt/appbench/apps/MLPerf-storage/dlio_benchmark/dlio_benchmark/utils/statscounter.py:325]
[INFO] 2025-05-05T09:58:12.320414 Rank 0 step 76 processed 5 samples in 2.2897424697875977 s [/mnt/ioopt/appbench/apps/MLPerf-storage/dlio_benchmark/dlio_benchmark/utils/statscounter.py:325]
[INFO] 2025-05-05T09:58:12.649719 Rank 0 step 77 processed 5 samples in 0.32879161834716797 s [/mnt/ioopt/appbench/apps/MLPerf-storage/dlio_benchmark/dlio_benchmark/utils/statscounter.py:325]
[INFO] 2025-05-05T09:58:14.600157 Rank 0 step 78 processed 5 samples in 1.9499139785766602 s [/mnt/ioopt/appbench/apps/MLPerf-storage/dlio_benchmark/dlio_benchmark/utils/statscounter.py:325]
[INFO] 2025-05-05T09:58:14.931571 Rank 0 step 79 processed 5 samples in 0.3309366703033447 s [/mnt/ioopt/appbench/apps/MLPerf-storage/dlio_benchmark/dlio_benchmark/utils/statscounter.py:325]
[INFO] 2025-05-05T09:58:18.297188 Rank 0 step 80 processed 5 samples in 3.3651044368743896 s [/mnt/ioopt/appbench/apps/MLPerf-storage/dlio_benchmark/dlio_benchmark/utils/statscounter.py:325]
[INFO] 2025-05-05T09:58:18.803636 Rank 0 step 81 processed 5 samples in 0.5059359073638916 s [/mnt/ioopt/appbench/apps/MLPerf-storage/dlio_benchmark/dlio_benchmark/utils/statscounter.py:325]
[INFO] 2025-05-05T09:58:19.132706 Rank 0 step 82 processed 5 samples in 0.32862281799316406 s [/mnt/ioopt/appbench/apps/MLPerf-storage/dlio_benchmark/dlio_benchmark/utils/statscounter.py:325]
[INFO] 2025-05-05T09:58:28.710960 Rank 0 step 83 processed 5 samples in 9.577791929244995 s [/mnt/ioopt/appbench/apps/MLPerf-storage/dlio_benchmark/dlio_benchmark/utils/statscounter.py:325]
[INFO] 2025-05-05T09:58:29.040044 Rank 0 step 84 processed 5 samples in 0.3285953998565674 s [/mnt/ioopt/appbench/apps/MLPerf-storage/dlio_benchmark/dlio_benchmark/utils/statscounter.py:325]
[INFO] 2025-05-05T09:58:29.371203 Rank 0 step 85 processed 5 samples in 0.3306887149810791 s [/mnt/ioopt/appbench/apps/MLPerf-storage/dlio_benchmark/dlio_benchmark/utils/statscounter.py:325]
[INFO] 2025-05-05T09:58:33.703887 Rank 0 step 86 processed 5 samples in 4.332211017608643 s [/mnt/ioopt/appbench/apps/MLPerf-storage/dlio_benchmark/dlio_benchmark/utils/statscounter.py:325]
[INFO] 2025-05-05T09:58:34.032748 Rank 0 step 87 processed 5 samples in 0.32838940620422363 s [/mnt/ioopt/appbench/apps/MLPerf-storage/dlio_benchmark/dlio_benchmark/utils/statscounter.py:325]
[INFO] 2025-05-05T09:58:35.734678 Rank 0 step 88 processed 5 samples in 1.7014551162719727 s [/mnt/ioopt/appbench/apps/MLPerf-storage/dlio_benchmark/dlio_benchmark/utils/statscounter.py:325]
[INFO] 2025-05-05T09:58:36.063636 Rank 0 step 89 processed 5 samples in 0.3284578323364258 s [/mnt/ioopt/appbench/apps/MLPerf-storage/dlio_benchmark/dlio_benchmark/utils/statscounter.py:325]
[INFO] 2025-05-05T09:58:36.392759 Rank 0 step 90 processed 5 samples in 0.3286559581756592 s [/mnt/ioopt/appbench/apps/MLPerf-storage/dlio_benchmark/dlio_benchmark/utils/statscounter.py:325]
[INFO] 2025-05-05T09:58:44.092789 Rank 0 step 91 processed 5 samples in 7.699569225311279 s [/mnt/ioopt/appbench/apps/MLPerf-storage/dlio_benchmark/dlio_benchmark/utils/statscounter.py:325]
[INFO] 2025-05-05T09:58:47.867179 Rank 0 step 92 processed 5 samples in 3.7739014625549316 s [/mnt/ioopt/appbench/apps/MLPerf-storage/dlio_benchmark/dlio_benchmark/utils/statscounter.py:325]
[INFO] 2025-05-05T09:58:49.378431 Rank 0 step 93 processed 5 samples in 1.5107815265655518 s [/mnt/ioopt/appbench/apps/MLPerf-storage/dlio_benchmark/dlio_benchmark/utils/statscounter.py:325]
[INFO] 2025-05-05T09:58:53.334405 Rank 0 step 94 processed 5 samples in 3.9447269439697266 s [/mnt/ioopt/appbench/apps/MLPerf-storage/dlio_benchmark/dlio_benchmark/utils/statscounter.py:325]
[INFO] 2025-05-05T09:58:53.663134 Rank 0 step 95 processed 5 samples in 0.3282322883605957 s [/mnt/ioopt/appbench/apps/MLPerf-storage/dlio_benchmark/dlio_benchmark/utils/statscounter.py:325]
[INFO] 2025-05-05T09:58:54.709368 Rank 0 step 96 processed 5 samples in 1.0458135604858398 s [/mnt/ioopt/appbench/apps/MLPerf-storage/dlio_benchmark/dlio_benchmark/utils/statscounter.py:325]
[INFO] 2025-05-05T09:58:55.038436 Rank 0 step 97 processed 5 samples in 0.32857179641723633 s [/mnt/ioopt/appbench/apps/MLPerf-storage/dlio_benchmark/dlio_benchmark/utils/statscounter.py:325]
[INFO] 2025-05-05T09:58:55.367128 Rank 0 step 98 processed 5 samples in 0.32827043533325195 s [/mnt/ioopt/appbench/apps/MLPerf-storage/dlio_benchmark/dlio_benchmark/utils/statscounter.py:325]
[INFO] 2025-05-05T09:59:04.996130 Rank 0 step 99 processed 5 samples in 9.628575325012207 s [/mnt/ioopt/appbench/apps/MLPerf-storage/dlio_benchmark/dlio_benchmark/utils/statscounter.py:325]
[INFO] 2025-05-05T09:59:05.327846 Rank 0 step 100 processed 5 samples in 0.3312382698059082 s [/mnt/ioopt/appbench/apps/MLPerf-storage/dlio_benchmark/dlio_benchmark/utils/statscounter.py:325]
[INFO] 2025-05-05T09:59:11.005797 Rank 0 step 101 processed 5 samples in 5.677372932434082 s [/mnt/ioopt/appbench/apps/MLPerf-storage/dlio_benchmark/dlio_benchmark/utils/statscounter.py:325]
[INFO] 2025-05-05T09:59:11.337446 Rank 0 step 102 processed 5 samples in 0.33107900619506836 s [/mnt/ioopt/appbench/apps/MLPerf-storage/dlio_benchmark/dlio_benchmark/utils/statscounter.py:325]
[INFO] 2025-05-05T09:59:11.670895 Rank 0 step 103 processed 5 samples in 0.33274388313293457 s [/mnt/ioopt/appbench/apps/MLPerf-storage/dlio_benchmark/dlio_benchmark/utils/statscounter.py:325]
[INFO] 2025-05-05T09:59:12.000729 Rank 0 step 104 processed 5 samples in 0.3292672634124756 s [/mnt/ioopt/appbench/apps/MLPerf-storage/dlio_benchmark/dlio_benchmark/utils/statscounter.py:325]
[INFO] 2025-05-05T09:59:12.329775 Rank 0 step 105 processed 5 samples in 0.32854318618774414 s [/mnt/ioopt/appbench/apps/MLPerf-storage/dlio_benchmark/dlio_benchmark/utils/statscounter.py:325]
[INFO] 2025-05-05T09:59:15.255225 Rank 0 step 106 processed 5 samples in 2.924992799758911 s [/mnt/ioopt/appbench/apps/MLPerf-storage/dlio_benchmark/dlio_benchmark/utils/statscounter.py:325]
[INFO] 2025-05-05T09:59:23.272076 Rank 0 step 107 processed 5 samples in 8.016401290893555 s [/mnt/ioopt/appbench/apps/MLPerf-storage/dlio_benchmark/dlio_benchmark/utils/statscounter.py:325]
[INFO] 2025-05-05T09:59:27.836050 Rank 0 step 108 processed 5 samples in 4.56351375579834 s [/mnt/ioopt/appbench/apps/MLPerf-storage/dlio_benchmark/dlio_benchmark/utils/statscounter.py:325]
[INFO] 2025-05-05T09:59:30.230256 Rank 0 step 109 processed 5 samples in 2.3937015533447266 s [/mnt/ioopt/appbench/apps/MLPerf-storage/dlio_benchmark/dlio_benchmark/utils/statscounter.py:325]
[INFO] 2025-05-05T09:59:30.559130 Rank 0 step 110 processed 5 samples in 0.32839131355285645 s [/mnt/ioopt/appbench/apps/MLPerf-storage/dlio_benchmark/dlio_benchmark/utils/statscounter.py:325]
[INFO] 2025-05-05T09:59:30.889866 Rank 0 step 111 processed 5 samples in 0.3303182125091553 s [/mnt/ioopt/appbench/apps/MLPerf-storage/dlio_benchmark/dlio_benchmark/utils/statscounter.py:325]
[INFO] 2025-05-05T09:59:32.277560 Rank 0 step 112 processed 5 samples in 1.3872828483581543 s [/mnt/ioopt/appbench/apps/MLPerf-storage/dlio_benchmark/dlio_benchmark/utils/statscounter.py:325]
[INFO] 2025-05-05T09:59:32.606426 Rank 0 step 113 processed 5 samples in 0.3284282684326172 s [/mnt/ioopt/appbench/apps/MLPerf-storage/dlio_benchmark/dlio_benchmark/utils/statscounter.py:325]
[INFO] 2025-05-05T09:59:34.899241 Rank 0 step 114 processed 5 samples in 2.292389154434204 s [/mnt/ioopt/appbench/apps/MLPerf-storage/dlio_benchmark/dlio_benchmark/utils/statscounter.py:325]
[INFO] 2025-05-05T09:59:45.164747 Rank 0 step 115 processed 5 samples in 10.265056133270264 s [/mnt/ioopt/appbench/apps/MLPerf-storage/dlio_benchmark/dlio_benchmark/utils/statscounter.py:325]
[INFO] 2025-05-05T09:59:48.250004 Rank 0 step 116 processed 5 samples in 3.0849359035491943 s [/mnt/ioopt/appbench/apps/MLPerf-storage/dlio_benchmark/dlio_benchmark/utils/statscounter.py:325]
[INFO] 2025-05-05T09:59:48.579178 Rank 0 step 117 processed 5 samples in 0.3286621570587158 s [/mnt/ioopt/appbench/apps/MLPerf-storage/dlio_benchmark/dlio_benchmark/utils/statscounter.py:325]
[INFO] 2025-05-05T09:59:48.908097 Rank 0 step 118 processed 5 samples in 0.3284320831298828 s [/mnt/ioopt/appbench/apps/MLPerf-storage/dlio_benchmark/dlio_benchmark/utils/statscounter.py:325]
[INFO] 2025-05-05T09:59:50.081675 Rank 0 step 119 processed 5 samples in 1.173128604888916 s [/mnt/ioopt/appbench/apps/MLPerf-storage/dlio_benchmark/dlio_benchmark/utils/statscounter.py:325]
[INFO] 2025-05-05T09:59:52.616284 Rank 0 step 120 processed 5 samples in 2.534071922302246 s [/mnt/ioopt/appbench/apps/MLPerf-storage/dlio_benchmark/dlio_benchmark/utils/statscounter.py:325]
[INFO] 2025-05-05T09:59:52.945478 Rank 0 step 121 processed 5 samples in 0.328704833984375 s [/mnt/ioopt/appbench/apps/MLPerf-storage/dlio_benchmark/dlio_benchmark/utils/statscounter.py:325]
[INFO] 2025-05-05T09:59:53.911054 Rank 0 step 122 processed 5 samples in 0.9651017189025879 s [/mnt/ioopt/appbench/apps/MLPerf-storage/dlio_benchmark/dlio_benchmark/utils/statscounter.py:325]
[INFO] 2025-05-05T10:00:05.166123 Rank 0 step 123 processed 5 samples in 11.254631996154785 s [/mnt/ioopt/appbench/apps/MLPerf-storage/dlio_benchmark/dlio_benchmark/utils/statscounter.py:325]
[INFO] 2025-05-05T10:00:05.739341 Rank 0 step 124 processed 5 samples in 0.5727324485778809 s [/mnt/ioopt/appbench/apps/MLPerf-storage/dlio_benchmark/dlio_benchmark/utils/statscounter.py:325]
[INFO] 2025-05-05T10:00:06.293733 Rank 0 step 125 processed 5 samples in 0.5539755821228027 s [/mnt/ioopt/appbench/apps/MLPerf-storage/dlio_benchmark/dlio_benchmark/utils/statscounter.py:325]
[INFO] 2025-05-05T10:00:09.259124 Rank 0 step 126 processed 5 samples in 2.964937925338745 s [/mnt/ioopt/appbench/apps/MLPerf-storage/dlio_benchmark/dlio_benchmark/utils/statscounter.py:325]
[INFO] 2025-05-05T10:00:12.176038 Rank 0 step 127 processed 5 samples in 2.916461944580078 s [/mnt/ioopt/appbench/apps/MLPerf-storage/dlio_benchmark/dlio_benchmark/utils/statscounter.py:325]
[INFO] 2025-05-05T10:00:12.505008 Rank 0 step 128 processed 5 samples in 0.3286299705505371 s [/mnt/ioopt/appbench/apps/MLPerf-storage/dlio_benchmark/dlio_benchmark/utils/statscounter.py:325]
[INFO] 2025-05-05T10:00:12.834246 Rank 0 step 129 processed 5 samples in 0.32874059677124023 s [/mnt/ioopt/appbench/apps/MLPerf-storage/dlio_benchmark/dlio_benchmark/utils/statscounter.py:325]
[INFO] 2025-05-05T10:00:13.163146 Rank 0 step 130 processed 5 samples in 0.3284428119659424 s [/mnt/ioopt/appbench/apps/MLPerf-storage/dlio_benchmark/dlio_benchmark/utils/statscounter.py:325]
[INFO] 2025-05-05T10:00:20.112749 Rank 0 step 131 processed 5 samples in 6.949118137359619 s [/mnt/ioopt/appbench/apps/MLPerf-storage/dlio_benchmark/dlio_benchmark/utils/statscounter.py:325]
[INFO] 2025-05-05T10:00:22.679263 Rank 0 step 132 processed 5 samples in 2.56575870513916 s [/mnt/ioopt/appbench/apps/MLPerf-storage/dlio_benchmark/dlio_benchmark/utils/statscounter.py:325]
[INFO] 2025-05-05T10:00:23.007624 Rank 0 step 133 processed 5 samples in 0.32782793045043945 s [/mnt/ioopt/appbench/apps/MLPerf-storage/dlio_benchmark/dlio_benchmark/utils/statscounter.py:325]
[INFO] 2025-05-05T10:00:27.394085 Rank 0 step 134 processed 5 samples in 4.3860790729522705 s [/mnt/ioopt/appbench/apps/MLPerf-storage/dlio_benchmark/dlio_benchmark/utils/statscounter.py:325]
[INFO] 2025-05-05T10:00:27.723225 Rank 0 step 135 processed 5 samples in 0.32868146896362305 s [/mnt/ioopt/appbench/apps/MLPerf-storage/dlio_benchmark/dlio_benchmark/utils/statscounter.py:325]
[INFO] 2025-05-05T10:00:29.040399 Rank 0 step 136 processed 5 samples in 1.316720962524414 s [/mnt/ioopt/appbench/apps/MLPerf-storage/dlio_benchmark/dlio_benchmark/utils/statscounter.py:325]
[INFO] 2025-05-05T10:00:30.891818 Rank 0 step 137 processed 5 samples in 1.8509693145751953 s [/mnt/ioopt/appbench/apps/MLPerf-storage/dlio_benchmark/dlio_benchmark/utils/statscounter.py:325]
[INFO] 2025-05-05T10:00:31.221034 Rank 0 step 138 processed 5 samples in 0.32875680923461914 s [/mnt/ioopt/appbench/apps/MLPerf-storage/dlio_benchmark/dlio_benchmark/utils/statscounter.py:325]
[INFO] 2025-05-05T10:00:37.703816 Rank 0 step 139 processed 5 samples in 6.482332944869995 s [/mnt/ioopt/appbench/apps/MLPerf-storage/dlio_benchmark/dlio_benchmark/utils/statscounter.py:325]
[INFO] 2025-05-05T10:00:42.376044 Rank 0 step 140 processed 5 samples in 4.671722412109375 s [/mnt/ioopt/appbench/apps/MLPerf-storage/dlio_benchmark/dlio_benchmark/utils/statscounter.py:325]
[INFO] 2025-05-05T10:00:43.594221 Rank 0 step 141 processed 5 samples in 1.2176270484924316 s [/mnt/ioopt/appbench/apps/MLPerf-storage/dlio_benchmark/dlio_benchmark/utils/statscounter.py:325]
[INFO] 2025-05-05T10:00:43.922924 Rank 0 step 142 processed 5 samples in 0.3282320499420166 s [/mnt/ioopt/appbench/apps/MLPerf-storage/dlio_benchmark/dlio_benchmark/utils/statscounter.py:325]
[INFO] 2025-05-05T10:00:49.857827 Rank 0 step 143 processed 5 samples in 5.93445611000061 s [/mnt/ioopt/appbench/apps/MLPerf-storage/dlio_benchmark/dlio_benchmark/utils/statscounter.py:325]
[INFO] 2025-05-05T10:00:50.186751 Rank 0 step 144 processed 5 samples in 0.3284437656402588 s [/mnt/ioopt/appbench/apps/MLPerf-storage/dlio_benchmark/dlio_benchmark/utils/statscounter.py:325]
[INFO] 2025-05-05T10:00:50.515824 Rank 0 step 145 processed 5 samples in 0.32849860191345215 s [/mnt/ioopt/appbench/apps/MLPerf-storage/dlio_benchmark/dlio_benchmark/utils/statscounter.py:325]
[INFO] 2025-05-05T10:00:50.844918 Rank 0 step 146 processed 5 samples in 0.32865357398986816 s [/mnt/ioopt/appbench/apps/MLPerf-storage/dlio_benchmark/dlio_benchmark/utils/statscounter.py:325]
[INFO] 2025-05-05T10:00:57.743396 Rank 0 step 147 processed 5 samples in 6.898039817810059 s [/mnt/ioopt/appbench/apps/MLPerf-storage/dlio_benchmark/dlio_benchmark/utils/statscounter.py:325]
[INFO] 2025-05-05T10:01:01.587973 Rank 0 step 148 processed 5 samples in 3.844123363494873 s [/mnt/ioopt/appbench/apps/MLPerf-storage/dlio_benchmark/dlio_benchmark/utils/statscounter.py:325]
[INFO] 2025-05-05T10:01:03.477015 Rank 0 step 149 processed 5 samples in 1.8885283470153809 s [/mnt/ioopt/appbench/apps/MLPerf-storage/dlio_benchmark/dlio_benchmark/utils/statscounter.py:325]
[INFO] 2025-05-05T10:01:03.805770 Rank 0 step 150 processed 5 samples in 0.32830023765563965 s [/mnt/ioopt/appbench/apps/MLPerf-storage/dlio_benchmark/dlio_benchmark/utils/statscounter.py:325]
[INFO] 2025-05-05T10:01:11.089026 Rank 0 step 151 processed 5 samples in 7.282835960388184 s [/mnt/ioopt/appbench/apps/MLPerf-storage/dlio_benchmark/dlio_benchmark/utils/statscounter.py:325]
[INFO] 2025-05-05T10:01:11.418239 Rank 0 step 152 processed 5 samples in 0.3287086486816406 s [/mnt/ioopt/appbench/apps/MLPerf-storage/dlio_benchmark/dlio_benchmark/utils/statscounter.py:325]
[INFO] 2025-05-05T10:01:11.747571 Rank 0 step 153 processed 5 samples in 0.32886338233947754 s [/mnt/ioopt/appbench/apps/MLPerf-storage/dlio_benchmark/dlio_benchmark/utils/statscounter.py:325]
[INFO] 2025-05-05T10:01:12.076792 Rank 0 step 154 processed 5 samples in 0.3287076950073242 s [/mnt/ioopt/appbench/apps/MLPerf-storage/dlio_benchmark/dlio_benchmark/utils/statscounter.py:325]
[INFO] 2025-05-05T10:01:13.396333 Rank 0 step 155 processed 5 samples in 1.3190844058990479 s [/mnt/ioopt/appbench/apps/MLPerf-storage/dlio_benchmark/dlio_benchmark/utils/statscounter.py:325]
[INFO] 2025-05-05T10:01:17.933293 Rank 0 step 156 processed 5 samples in 4.536520719528198 s [/mnt/ioopt/appbench/apps/MLPerf-storage/dlio_benchmark/dlio_benchmark/utils/statscounter.py:325]
[INFO] 2025-05-05T10:01:21.848832 Rank 0 step 157 processed 5 samples in 3.9150545597076416 s [/mnt/ioopt/appbench/apps/MLPerf-storage/dlio_benchmark/dlio_benchmark/utils/statscounter.py:325]
[INFO] 2025-05-05T10:01:22.718705 Rank 0 step 158 processed 5 samples in 0.869401216506958 s [/mnt/ioopt/appbench/apps/MLPerf-storage/dlio_benchmark/dlio_benchmark/utils/statscounter.py:325]
[INFO] 2025-05-05T10:01:29.328776 Rank 0 step 159 processed 5 samples in 6.6098082065582275 s [/mnt/ioopt/appbench/apps/MLPerf-storage/dlio_benchmark/dlio_benchmark/utils/statscounter.py:325]
[INFO] 2025-05-05T10:01:29.657576 Rank 0 step 160 processed 5 samples in 0.32828783988952637 s [/mnt/ioopt/appbench/apps/MLPerf-storage/dlio_benchmark/dlio_benchmark/utils/statscounter.py:325]
[INFO] 2025-05-05T10:01:29.986536 Rank 0 step 161 processed 5 samples in 0.3285195827484131 s [/mnt/ioopt/appbench/apps/MLPerf-storage/dlio_benchmark/dlio_benchmark/utils/statscounter.py:325]
[INFO] 2025-05-05T10:01:31.231430 Rank 0 step 162 processed 5 samples in 1.2444524765014648 s [/mnt/ioopt/appbench/apps/MLPerf-storage/dlio_benchmark/dlio_benchmark/utils/statscounter.py:325]
[INFO] 2025-05-05T10:01:31.560323 Rank 0 step 163 processed 5 samples in 0.3283965587615967 s [/mnt/ioopt/appbench/apps/MLPerf-storage/dlio_benchmark/dlio_benchmark/utils/statscounter.py:325]
[INFO] 2025-05-05T10:01:37.004626 Rank 0 step 164 processed 5 samples in 5.443845510482788 s [/mnt/ioopt/appbench/apps/MLPerf-storage/dlio_benchmark/dlio_benchmark/utils/statscounter.py:325]
[INFO] 2025-05-05T10:01:37.332719 Rank 0 step 165 processed 5 samples in 0.3275909423828125 s [/mnt/ioopt/appbench/apps/MLPerf-storage/dlio_benchmark/dlio_benchmark/utils/statscounter.py:325]
[INFO] 2025-05-05T10:01:38.043524 Rank 0 step 166 processed 5 samples in 0.7103197574615479 s [/mnt/ioopt/appbench/apps/MLPerf-storage/dlio_benchmark/dlio_benchmark/utils/statscounter.py:325]
[INFO] 2025-05-05T10:01:46.854160 Rank 0 step 167 processed 5 samples in 8.810171127319336 s [/mnt/ioopt/appbench/apps/MLPerf-storage/dlio_benchmark/dlio_benchmark/utils/statscounter.py:325]
[INFO] 2025-05-05T10:01:47.182952 Rank 0 step 168 processed 5 samples in 0.32829761505126953 s [/mnt/ioopt/appbench/apps/MLPerf-storage/dlio_benchmark/dlio_benchmark/utils/statscounter.py:325]
[INFO] 2025-05-05T10:01:47.511684 Rank 0 step 169 processed 5 samples in 0.3282279968261719 s [/mnt/ioopt/appbench/apps/MLPerf-storage/dlio_benchmark/dlio_benchmark/utils/statscounter.py:325]
[INFO] 2025-05-05T10:01:47.840742 Rank 0 step 170 processed 5 samples in 0.3286299705505371 s [/mnt/ioopt/appbench/apps/MLPerf-storage/dlio_benchmark/dlio_benchmark/utils/statscounter.py:325]
[INFO] 2025-05-05T10:01:49.718012 Rank 0 step 171 processed 5 samples in 1.8768327236175537 s [/mnt/ioopt/appbench/apps/MLPerf-storage/dlio_benchmark/dlio_benchmark/utils/statscounter.py:325]
[INFO] 2025-05-05T10:01:55.643163 Rank 0 step 172 processed 5 samples in 5.924659013748169 s [/mnt/ioopt/appbench/apps/MLPerf-storage/dlio_benchmark/dlio_benchmark/utils/statscounter.py:325]
[INFO] 2025-05-05T10:01:55.972258 Rank 0 step 173 processed 5 samples in 0.32858753204345703 s [/mnt/ioopt/appbench/apps/MLPerf-storage/dlio_benchmark/dlio_benchmark/utils/statscounter.py:325]
[INFO] 2025-05-05T10:01:56.298167 Rank 0 step 174 processed 5 samples in 0.32537198066711426 s [/mnt/ioopt/appbench/apps/MLPerf-storage/dlio_benchmark/dlio_benchmark/utils/statscounter.py:325]
[INFO] 2025-05-05T10:02:04.341672 Rank 0 step 175 processed 5 samples in 8.042983293533325 s [/mnt/ioopt/appbench/apps/MLPerf-storage/dlio_benchmark/dlio_benchmark/utils/statscounter.py:325]
[INFO] 2025-05-05T10:02:04.668531 Rank 0 step 176 processed 5 samples in 0.3263235092163086 s [/mnt/ioopt/appbench/apps/MLPerf-storage/dlio_benchmark/dlio_benchmark/utils/statscounter.py:325]
[INFO] 2025-05-05T10:02:04.994609 Rank 0 step 177 processed 5 samples in 0.32555532455444336 s [/mnt/ioopt/appbench/apps/MLPerf-storage/dlio_benchmark/dlio_benchmark/utils/statscounter.py:325]
[INFO] 2025-05-05T10:02:05.320388 Rank 0 step 178 processed 5 samples in 0.32540011405944824 s [/mnt/ioopt/appbench/apps/MLPerf-storage/dlio_benchmark/dlio_benchmark/utils/statscounter.py:325]
[INFO] 2025-05-05T10:02:05.651690 Rank 0 step 179 processed 5 samples in 0.3307812213897705 s [/mnt/ioopt/appbench/apps/MLPerf-storage/dlio_benchmark/dlio_benchmark/utils/statscounter.py:325]
[INFO] 2025-05-05T10:02:10.028195 Rank 0 step 180 processed 5 samples in 4.376033782958984 s [/mnt/ioopt/appbench/apps/MLPerf-storage/dlio_benchmark/dlio_benchmark/utils/statscounter.py:325]
[INFO] 2025-05-05T10:02:10.358681 Rank 0 step 181 processed 5 samples in 0.32996606826782227 s [/mnt/ioopt/appbench/apps/MLPerf-storage/dlio_benchmark/dlio_benchmark/utils/statscounter.py:325]
[INFO] 2025-05-05T10:02:12.350558 Rank 0 step 182 processed 5 samples in 1.9904544353485107 s [/mnt/ioopt/appbench/apps/MLPerf-storage/dlio_benchmark/dlio_benchmark/utils/statscounter.py:325]
[INFO] 2025-05-05T10:02:21.135810 Rank 0 step 183 processed 5 samples in 8.784796237945557 s [/mnt/ioopt/appbench/apps/MLPerf-storage/dlio_benchmark/dlio_benchmark/utils/statscounter.py:325]
[INFO] 2025-05-05T10:02:21.464545 Rank 0 step 184 processed 5 samples in 0.3282320499420166 s [/mnt/ioopt/appbench/apps/MLPerf-storage/dlio_benchmark/dlio_benchmark/utils/statscounter.py:325]
[INFO] 2025-05-05T10:02:21.793563 Rank 0 step 185 processed 5 samples in 0.328563928604126 s [/mnt/ioopt/appbench/apps/MLPerf-storage/dlio_benchmark/dlio_benchmark/utils/statscounter.py:325]
[INFO] 2025-05-05T10:02:22.124018 Rank 0 step 186 processed 5 samples in 0.32999467849731445 s [/mnt/ioopt/appbench/apps/MLPerf-storage/dlio_benchmark/dlio_benchmark/utils/statscounter.py:325]
[INFO] 2025-05-05T10:02:23.915821 Rank 0 step 187 processed 5 samples in 1.7913191318511963 s [/mnt/ioopt/appbench/apps/MLPerf-storage/dlio_benchmark/dlio_benchmark/utils/statscounter.py:325]
[INFO] 2025-05-05T10:02:26.230366 Rank 0 step 188 processed 5 samples in 2.314023733139038 s [/mnt/ioopt/appbench/apps/MLPerf-storage/dlio_benchmark/dlio_benchmark/utils/statscounter.py:325]
[INFO] 2025-05-05T10:02:29.740348 Rank 0 step 189 processed 5 samples in 3.5094833374023438 s [/mnt/ioopt/appbench/apps/MLPerf-storage/dlio_benchmark/dlio_benchmark/utils/statscounter.py:325]
[INFO] 2025-05-05T10:02:31.396481 Rank 0 step 190 processed 5 samples in 1.6556370258331299 s [/mnt/ioopt/appbench/apps/MLPerf-storage/dlio_benchmark/dlio_benchmark/utils/statscounter.py:325]
[INFO] 2025-05-05T10:02:37.333734 Rank 0 step 191 processed 5 samples in 5.936760663986206 s [/mnt/ioopt/appbench/apps/MLPerf-storage/dlio_benchmark/dlio_benchmark/utils/statscounter.py:325]
[INFO] 2025-05-05T10:02:38.162422 Rank 0 step 192 processed 5 samples in 0.8281853199005127 s [/mnt/ioopt/appbench/apps/MLPerf-storage/dlio_benchmark/dlio_benchmark/utils/statscounter.py:325]
[INFO] 2025-05-05T10:02:45.029480 Rank 0 step 193 processed 5 samples in 6.866555452346802 s [/mnt/ioopt/appbench/apps/MLPerf-storage/dlio_benchmark/dlio_benchmark/utils/statscounter.py:325]
[INFO] 2025-05-05T10:02:45.358319 Rank 0 step 194 processed 5 samples in 0.3283357620239258 s [/mnt/ioopt/appbench/apps/MLPerf-storage/dlio_benchmark/dlio_benchmark/utils/statscounter.py:325]
[INFO] 2025-05-05T10:02:47.496562 Rank 0 step 195 processed 5 samples in 2.1377711296081543 s [/mnt/ioopt/appbench/apps/MLPerf-storage/dlio_benchmark/dlio_benchmark/utils/statscounter.py:325]
[INFO] 2025-05-05T10:02:47.825479 Rank 0 step 196 processed 5 samples in 0.3284149169921875 s [/mnt/ioopt/appbench/apps/MLPerf-storage/dlio_benchmark/dlio_benchmark/utils/statscounter.py:325]
[INFO] 2025-05-05T10:02:50.268987 Rank 0 step 197 processed 5 samples in 2.4430527687072754 s [/mnt/ioopt/appbench/apps/MLPerf-storage/dlio_benchmark/dlio_benchmark/utils/statscounter.py:325]
[INFO] 2025-05-05T10:02:51.713165 Rank 0 step 198 processed 5 samples in 1.4436745643615723 s [/mnt/ioopt/appbench/apps/MLPerf-storage/dlio_benchmark/dlio_benchmark/utils/statscounter.py:325]
[INFO] 2025-05-05T10:02:52.042257 Rank 0 step 199 processed 5 samples in 0.3286263942718506 s [/mnt/ioopt/appbench/apps/MLPerf-storage/dlio_benchmark/dlio_benchmark/utils/statscounter.py:325]
[INFO] 2025-05-05T10:02:59.853004 Rank 0 step 200 processed 5 samples in 7.810334205627441 s [/mnt/ioopt/appbench/apps/MLPerf-storage/dlio_benchmark/dlio_benchmark/utils/statscounter.py:325]
[INFO] 2025-05-05T10:03:04.209266 Rank 0 step 201 processed 5 samples in 4.355793714523315 s [/mnt/ioopt/appbench/apps/MLPerf-storage/dlio_benchmark/dlio_benchmark/utils/statscounter.py:325]
[INFO] 2025-05-05T10:03:04.538320 Rank 0 step 202 processed 5 samples in 0.3285527229309082 s [/mnt/ioopt/appbench/apps/MLPerf-storage/dlio_benchmark/dlio_benchmark/utils/statscounter.py:325]
[INFO] 2025-05-05T10:03:05.504753 Rank 0 step 203 processed 5 samples in 0.9659848213195801 s [/mnt/ioopt/appbench/apps/MLPerf-storage/dlio_benchmark/dlio_benchmark/utils/statscounter.py:325]
[INFO] 2025-05-05T10:03:08.414608 Rank 0 step 204 processed 5 samples in 2.909341812133789 s [/mnt/ioopt/appbench/apps/MLPerf-storage/dlio_benchmark/dlio_benchmark/utils/statscounter.py:325]
[INFO] 2025-05-05T10:03:08.743422 Rank 0 step 205 processed 5 samples in 0.3282952308654785 s [/mnt/ioopt/appbench/apps/MLPerf-storage/dlio_benchmark/dlio_benchmark/utils/statscounter.py:325]
[INFO] 2025-05-05T10:03:09.740194 Rank 0 step 206 processed 5 samples in 0.9962952136993408 s [/mnt/ioopt/appbench/apps/MLPerf-storage/dlio_benchmark/dlio_benchmark/utils/statscounter.py:325]
[INFO] 2025-05-05T10:03:10.071803 Rank 0 step 207 processed 5 samples in 0.3310983180999756 s [/mnt/ioopt/appbench/apps/MLPerf-storage/dlio_benchmark/dlio_benchmark/utils/statscounter.py:325]
[INFO] 2025-05-05T10:03:14.548953 Rank 0 step 208 processed 5 samples in 4.47662353515625 s [/mnt/ioopt/appbench/apps/MLPerf-storage/dlio_benchmark/dlio_benchmark/utils/statscounter.py:325]
[INFO] 2025-05-05T10:03:19.201893 Rank 0 step 209 processed 5 samples in 4.652463912963867 s [/mnt/ioopt/appbench/apps/MLPerf-storage/dlio_benchmark/dlio_benchmark/utils/statscounter.py:325]
[INFO] 2025-05-05T10:03:21.381299 Rank 0 step 210 processed 5 samples in 2.17907452583313 s [/mnt/ioopt/appbench/apps/MLPerf-storage/dlio_benchmark/dlio_benchmark/utils/statscounter.py:325]
[INFO] 2025-05-05T10:03:21.712248 Rank 0 step 211 processed 5 samples in 0.33048200607299805 s [/mnt/ioopt/appbench/apps/MLPerf-storage/dlio_benchmark/dlio_benchmark/utils/statscounter.py:325]
[INFO] 2025-05-05T10:03:26.114095 Rank 0 step 212 processed 5 samples in 4.401411533355713 s [/mnt/ioopt/appbench/apps/MLPerf-storage/dlio_benchmark/dlio_benchmark/utils/statscounter.py:325]
[INFO] 2025-05-05T10:03:26.833463 Rank 0 step 213 processed 5 samples in 0.7188317775726318 s [/mnt/ioopt/appbench/apps/MLPerf-storage/dlio_benchmark/dlio_benchmark/utils/statscounter.py:325]
[INFO] 2025-05-05T10:03:27.580224 Rank 0 step 214 processed 5 samples in 0.7461304664611816 s [/mnt/ioopt/appbench/apps/MLPerf-storage/dlio_benchmark/dlio_benchmark/utils/statscounter.py:325]
[INFO] 2025-05-05T10:03:27.909247 Rank 0 step 215 processed 5 samples in 0.3285677433013916 s [/mnt/ioopt/appbench/apps/MLPerf-storage/dlio_benchmark/dlio_benchmark/utils/statscounter.py:325]
[INFO] 2025-05-05T10:03:29.487447 Rank 0 step 216 processed 5 samples in 1.5777490139007568 s [/mnt/ioopt/appbench/apps/MLPerf-storage/dlio_benchmark/dlio_benchmark/utils/statscounter.py:325]
[INFO] 2025-05-05T10:03:32.845511 Rank 0 step 217 processed 5 samples in 3.357619047164917 s [/mnt/ioopt/appbench/apps/MLPerf-storage/dlio_benchmark/dlio_benchmark/utils/statscounter.py:325]
[INFO] 2025-05-05T10:03:41.526347 Rank 0 step 218 processed 5 samples in 8.680503129959106 s [/mnt/ioopt/appbench/apps/MLPerf-storage/dlio_benchmark/dlio_benchmark/utils/statscounter.py:325]
[INFO] 2025-05-05T10:03:41.855370 Rank 0 step 219 processed 5 samples in 0.328563928604126 s [/mnt/ioopt/appbench/apps/MLPerf-storage/dlio_benchmark/dlio_benchmark/utils/statscounter.py:325]
[INFO] 2025-05-05T10:03:43.562261 Rank 0 step 220 processed 5 samples in 1.7064602375030518 s [/mnt/ioopt/appbench/apps/MLPerf-storage/dlio_benchmark/dlio_benchmark/utils/statscounter.py:325]
[INFO] 2025-05-05T10:03:44.497895 Rank 0 step 221 processed 5 samples in 0.9351751804351807 s [/mnt/ioopt/appbench/apps/MLPerf-storage/dlio_benchmark/dlio_benchmark/utils/statscounter.py:325]
[INFO] 2025-05-05T10:03:44.823613 Rank 0 step 222 processed 5 samples in 0.3254220485687256 s [/mnt/ioopt/appbench/apps/MLPerf-storage/dlio_benchmark/dlio_benchmark/utils/statscounter.py:325]
[INFO] 2025-05-05T10:03:45.150845 Rank 0 step 223 processed 5 samples in 0.32689976692199707 s [/mnt/ioopt/appbench/apps/MLPerf-storage/dlio_benchmark/dlio_benchmark/utils/statscounter.py:325]
[INFO] 2025-05-05T10:03:45.488790 Rank 0 step 224 processed 5 samples in 0.337510347366333 s [/mnt/ioopt/appbench/apps/MLPerf-storage/dlio_benchmark/dlio_benchmark/utils/statscounter.py:325]
[INFO] 2025-05-05T10:03:49.232949 Rank 0 step 225 processed 5 samples in 3.7439043521881104 s [/mnt/ioopt/appbench/apps/MLPerf-storage/dlio_benchmark/dlio_benchmark/utils/statscounter.py:325]
[INFO] 2025-05-05T10:04:03.503596 Rank 0 step 226 processed 5 samples in 14.2701416015625 s [/mnt/ioopt/appbench/apps/MLPerf-storage/dlio_benchmark/dlio_benchmark/utils/statscounter.py:325]
[INFO] 2025-05-05T10:04:03.832156 Rank 0 step 227 processed 5 samples in 0.3282489776611328 s [/mnt/ioopt/appbench/apps/MLPerf-storage/dlio_benchmark/dlio_benchmark/utils/statscounter.py:325]
[INFO] 2025-05-05T10:04:04.157924 Rank 0 step 228 processed 5 samples in 0.32544803619384766 s [/mnt/ioopt/appbench/apps/MLPerf-storage/dlio_benchmark/dlio_benchmark/utils/statscounter.py:325]
[INFO] 2025-05-05T10:04:04.484050 Rank 0 step 229 processed 5 samples in 0.3256716728210449 s [/mnt/ioopt/appbench/apps/MLPerf-storage/dlio_benchmark/dlio_benchmark/utils/statscounter.py:325]
[INFO] 2025-05-05T10:04:04.817161 Rank 0 step 230 processed 5 samples in 0.33265066146850586 s [/mnt/ioopt/appbench/apps/MLPerf-storage/dlio_benchmark/dlio_benchmark/utils/statscounter.py:325]
[INFO] 2025-05-05T10:04:05.145798 Rank 0 step 231 processed 5 samples in 0.32815027236938477 s [/mnt/ioopt/appbench/apps/MLPerf-storage/dlio_benchmark/dlio_benchmark/utils/statscounter.py:325]
[INFO] 2025-05-05T10:04:05.474000 Rank 0 step 232 processed 5 samples in 0.32790493965148926 s [/mnt/ioopt/appbench/apps/MLPerf-storage/dlio_benchmark/dlio_benchmark/utils/statscounter.py:325]
[INFO] 2025-05-05T10:04:08.079177 Rank 0 step 233 processed 5 samples in 2.6047093868255615 s [/mnt/ioopt/appbench/apps/MLPerf-storage/dlio_benchmark/dlio_benchmark/utils/statscounter.py:325]
[INFO] 2025-05-05T10:04:20.101100 Rank 0 step 234 processed 5 samples in 12.021381855010986 s [/mnt/ioopt/appbench/apps/MLPerf-storage/dlio_benchmark/dlio_benchmark/utils/statscounter.py:325]
[INFO] 2025-05-05T10:04:20.429989 Rank 0 step 235 processed 5 samples in 0.32854247093200684 s [/mnt/ioopt/appbench/apps/MLPerf-storage/dlio_benchmark/dlio_benchmark/utils/statscounter.py:325]
[INFO] 2025-05-05T10:04:20.755703 Rank 0 step 236 processed 5 samples in 0.3254570960998535 s [/mnt/ioopt/appbench/apps/MLPerf-storage/dlio_benchmark/dlio_benchmark/utils/statscounter.py:325]
[INFO] 2025-05-05T10:04:22.984036 Rank 0 step 237 processed 5 samples in 2.2278738021850586 s [/mnt/ioopt/appbench/apps/MLPerf-storage/dlio_benchmark/dlio_benchmark/utils/statscounter.py:325]
[INFO] 2025-05-05T10:04:23.309479 Rank 0 step 238 processed 5 samples in 0.32518839836120605 s [/mnt/ioopt/appbench/apps/MLPerf-storage/dlio_benchmark/dlio_benchmark/utils/statscounter.py:325]
[INFO] 2025-05-05T10:04:23.988739 Rank 0 step 239 processed 5 samples in 0.6789388656616211 s [/mnt/ioopt/appbench/apps/MLPerf-storage/dlio_benchmark/dlio_benchmark/utils/statscounter.py:325]
[INFO] 2025-05-05T10:04:26.225263 Rank 0 step 240 processed 5 samples in 2.2360217571258545 s [/mnt/ioopt/appbench/apps/MLPerf-storage/dlio_benchmark/dlio_benchmark/utils/statscounter.py:325]
[INFO] 2025-05-05T10:04:28.006108 Rank 0 step 241 processed 5 samples in 1.7803387641906738 s [/mnt/ioopt/appbench/apps/MLPerf-storage/dlio_benchmark/dlio_benchmark/utils/statscounter.py:325]
[INFO] 2025-05-05T10:04:42.191411 Rank 0 step 242 processed 5 samples in 14.184831380844116 s [/mnt/ioopt/appbench/apps/MLPerf-storage/dlio_benchmark/dlio_benchmark/utils/statscounter.py:325]
[INFO] 2025-05-05T10:04:42.859331 Rank 0 step 243 processed 5 samples in 0.6675412654876709 s [/mnt/ioopt/appbench/apps/MLPerf-storage/dlio_benchmark/dlio_benchmark/utils/statscounter.py:325]
[INFO] 2025-05-05T10:04:43.185777 Rank 0 step 244 processed 5 samples in 0.3261284828186035 s [/mnt/ioopt/appbench/apps/MLPerf-storage/dlio_benchmark/dlio_benchmark/utils/statscounter.py:325]
[INFO] 2025-05-05T10:04:43.512286 Rank 0 step 245 processed 5 samples in 0.3261911869049072 s [/mnt/ioopt/appbench/apps/MLPerf-storage/dlio_benchmark/dlio_benchmark/utils/statscounter.py:325]
[INFO] 2025-05-05T10:04:43.839539 Rank 0 step 246 processed 5 samples in 0.3268918991088867 s [/mnt/ioopt/appbench/apps/MLPerf-storage/dlio_benchmark/dlio_benchmark/utils/statscounter.py:325]
[INFO] 2025-05-05T10:04:44.166144 Rank 0 step 247 processed 5 samples in 0.32628297805786133 s [/mnt/ioopt/appbench/apps/MLPerf-storage/dlio_benchmark/dlio_benchmark/utils/statscounter.py:325]
[INFO] 2025-05-05T10:04:44.496929 Rank 0 step 248 processed 5 samples in 0.3304438591003418 s [/mnt/ioopt/appbench/apps/MLPerf-storage/dlio_benchmark/dlio_benchmark/utils/statscounter.py:325]
[INFO] 2025-05-05T10:04:44.946670 Rank 0 step 249 processed 5 samples in 0.44927549362182617 s [/mnt/ioopt/appbench/apps/MLPerf-storage/dlio_benchmark/dlio_benchmark/utils/statscounter.py:325]
[INFO] 2025-05-05T10:05:02.174030 Rank 0 step 250 processed 5 samples in 17.226826429367065 s [/mnt/ioopt/appbench/apps/MLPerf-storage/dlio_benchmark/dlio_benchmark/utils/statscounter.py:325]
[INFO] 2025-05-05T10:05:02.503226 Rank 0 step 251 processed 5 samples in 0.3285822868347168 s [/mnt/ioopt/appbench/apps/MLPerf-storage/dlio_benchmark/dlio_benchmark/utils/statscounter.py:325]
[INFO] 2025-05-05T10:05:02.832233 Rank 0 step 252 processed 5 samples in 0.32849979400634766 s [/mnt/ioopt/appbench/apps/MLPerf-storage/dlio_benchmark/dlio_benchmark/utils/statscounter.py:325]
[INFO] 2025-05-05T10:05:03.163390 Rank 0 step 253 processed 5 samples in 0.3307054042816162 s [/mnt/ioopt/appbench/apps/MLPerf-storage/dlio_benchmark/dlio_benchmark/utils/statscounter.py:325]
[INFO] 2025-05-05T10:05:03.492923 Rank 0 step 254 processed 5 samples in 0.32909226417541504 s [/mnt/ioopt/appbench/apps/MLPerf-storage/dlio_benchmark/dlio_benchmark/utils/statscounter.py:325]
[INFO] 2025-05-05T10:05:03.821134 Rank 0 step 255 processed 5 samples in 0.32785630226135254 s [/mnt/ioopt/appbench/apps/MLPerf-storage/dlio_benchmark/dlio_benchmark/utils/statscounter.py:325]
[INFO] 2025-05-05T10:05:04.149969 Rank 0 step 256 processed 5 samples in 0.3283820152282715 s [/mnt/ioopt/appbench/apps/MLPerf-storage/dlio_benchmark/dlio_benchmark/utils/statscounter.py:325]
[INFO] 2025-05-05T10:05:04.476713 Rank 0 step 257 processed 5 samples in 0.32629966735839844 s [/mnt/ioopt/appbench/apps/MLPerf-storage/dlio_benchmark/dlio_benchmark/utils/statscounter.py:325]
[INFO] 2025-05-05T10:05:18.938781 Rank 0 step 258 processed 5 samples in 14.46181321144104 s [/mnt/ioopt/appbench/apps/MLPerf-storage/dlio_benchmark/dlio_benchmark/utils/statscounter.py:325]
[INFO] 2025-05-05T10:05:19.267980 Rank 0 step 259 processed 5 samples in 0.3286778926849365 s [/mnt/ioopt/appbench/apps/MLPerf-storage/dlio_benchmark/dlio_benchmark/utils/statscounter.py:325]
[INFO] 2025-05-05T10:05:19.596885 Rank 0 step 260 processed 5 samples in 0.3284778594970703 s [/mnt/ioopt/appbench/apps/MLPerf-storage/dlio_benchmark/dlio_benchmark/utils/statscounter.py:325]
[INFO] 2025-05-05T10:05:20.896280 Rank 0 step 261 processed 5 samples in 1.2989895343780518 s [/mnt/ioopt/appbench/apps/MLPerf-storage/dlio_benchmark/dlio_benchmark/utils/statscounter.py:325]
[INFO] 2025-05-05T10:05:21.225024 Rank 0 step 262 processed 5 samples in 0.32830286026000977 s [/mnt/ioopt/appbench/apps/MLPerf-storage/dlio_benchmark/dlio_benchmark/utils/statscounter.py:325]
[INFO] 2025-05-05T10:05:21.551146 Rank 0 step 263 processed 5 samples in 0.32582759857177734 s [/mnt/ioopt/appbench/apps/MLPerf-storage/dlio_benchmark/dlio_benchmark/utils/statscounter.py:325]
[INFO] 2025-05-05T10:05:23.013329 Rank 0 step 264 processed 5 samples in 1.4617609977722168 s [/mnt/ioopt/appbench/apps/MLPerf-storage/dlio_benchmark/dlio_benchmark/utils/statscounter.py:325]
[INFO] 2025-05-05T10:05:23.341952 Rank 0 step 265 processed 5 samples in 0.32819271087646484 s [/mnt/ioopt/appbench/apps/MLPerf-storage/dlio_benchmark/dlio_benchmark/utils/statscounter.py:325]
[INFO] 2025-05-05T10:05:33.399298 Rank 0 step 266 processed 5 samples in 10.056938648223877 s [/mnt/ioopt/appbench/apps/MLPerf-storage/dlio_benchmark/dlio_benchmark/utils/statscounter.py:325]
[INFO] 2025-05-05T10:05:33.728577 Rank 0 step 267 processed 5 samples in 0.32882189750671387 s [/mnt/ioopt/appbench/apps/MLPerf-storage/dlio_benchmark/dlio_benchmark/utils/statscounter.py:325]
[INFO] 2025-05-05T10:05:35.072408 Rank 0 step 268 processed 5 samples in 1.3433988094329834 s [/mnt/ioopt/appbench/apps/MLPerf-storage/dlio_benchmark/dlio_benchmark/utils/statscounter.py:325]
[INFO] 2025-05-05T10:05:42.752967 Rank 0 step 269 processed 5 samples in 7.680042743682861 s [/mnt/ioopt/appbench/apps/MLPerf-storage/dlio_benchmark/dlio_benchmark/utils/statscounter.py:325]
[INFO] 2025-05-05T10:05:43.082038 Rank 0 step 270 processed 5 samples in 0.3285858631134033 s [/mnt/ioopt/appbench/apps/MLPerf-storage/dlio_benchmark/dlio_benchmark/utils/statscounter.py:325]
[INFO] 2025-05-05T10:05:43.410682 Rank 0 step 271 processed 5 samples in 0.32822751998901367 s [/mnt/ioopt/appbench/apps/MLPerf-storage/dlio_benchmark/dlio_benchmark/utils/statscounter.py:325]
[INFO] 2025-05-05T10:05:43.741302 Rank 0 step 272 processed 5 samples in 0.33020567893981934 s [/mnt/ioopt/appbench/apps/MLPerf-storage/dlio_benchmark/dlio_benchmark/utils/statscounter.py:325]
[INFO] 2025-05-05T10:05:44.070133 Rank 0 step 273 processed 5 samples in 0.3283660411834717 s [/mnt/ioopt/appbench/apps/MLPerf-storage/dlio_benchmark/dlio_benchmark/utils/statscounter.py:325]
[INFO] 2025-05-05T10:05:51.740649 Rank 0 step 274 processed 5 samples in 7.670105934143066 s [/mnt/ioopt/appbench/apps/MLPerf-storage/dlio_benchmark/dlio_benchmark/utils/statscounter.py:325]
[INFO] 2025-05-05T10:05:52.069380 Rank 0 step 275 processed 5 samples in 0.3282804489135742 s [/mnt/ioopt/appbench/apps/MLPerf-storage/dlio_benchmark/dlio_benchmark/utils/statscounter.py:325]
[INFO] 2025-05-05T10:05:52.398276 Rank 0 step 276 processed 5 samples in 0.32848286628723145 s [/mnt/ioopt/appbench/apps/MLPerf-storage/dlio_benchmark/dlio_benchmark/utils/statscounter.py:325]
[INFO] 2025-05-05T10:05:58.241969 Rank 0 step 277 processed 5 samples in 5.843281030654907 s [/mnt/ioopt/appbench/apps/MLPerf-storage/dlio_benchmark/dlio_benchmark/utils/statscounter.py:325]
[INFO] 2025-05-05T10:05:59.807159 Rank 0 step 278 processed 5 samples in 1.564805507659912 s [/mnt/ioopt/appbench/apps/MLPerf-storage/dlio_benchmark/dlio_benchmark/utils/statscounter.py:325]
[INFO] 2025-05-05T10:06:00.133637 Rank 0 step 279 processed 5 samples in 0.3261566162109375 s [/mnt/ioopt/appbench/apps/MLPerf-storage/dlio_benchmark/dlio_benchmark/utils/statscounter.py:325]
[INFO] 2025-05-05T10:06:01.560749 Rank 0 step 280 processed 5 samples in 1.4266986846923828 s [/mnt/ioopt/appbench/apps/MLPerf-storage/dlio_benchmark/dlio_benchmark/utils/statscounter.py:325]
[INFO] 2025-05-05T10:06:05.763726 Rank 0 step 281 processed 5 samples in 4.202540397644043 s [/mnt/ioopt/appbench/apps/MLPerf-storage/dlio_benchmark/dlio_benchmark/utils/statscounter.py:325]
[INFO] 2025-05-05T10:06:11.213497 Rank 0 step 282 processed 5 samples in 5.44924259185791 s [/mnt/ioopt/appbench/apps/MLPerf-storage/dlio_benchmark/dlio_benchmark/utils/statscounter.py:325]
[INFO] 2025-05-05T10:06:11.543243 Rank 0 step 283 processed 5 samples in 0.3288838863372803 s [/mnt/ioopt/appbench/apps/MLPerf-storage/dlio_benchmark/dlio_benchmark/utils/statscounter.py:325]
[INFO] 2025-05-05T10:06:11.871950 Rank 0 step 284 processed 5 samples in 0.32828569412231445 s [/mnt/ioopt/appbench/apps/MLPerf-storage/dlio_benchmark/dlio_benchmark/utils/statscounter.py:325]
[INFO] 2025-05-05T10:06:12.202677 Rank 0 step 285 processed 5 samples in 0.33031320571899414 s [/mnt/ioopt/appbench/apps/MLPerf-storage/dlio_benchmark/dlio_benchmark/utils/statscounter.py:325]
[INFO] 2025-05-05T10:06:14.803911 Rank 0 step 286 processed 5 samples in 2.6007845401763916 s [/mnt/ioopt/appbench/apps/MLPerf-storage/dlio_benchmark/dlio_benchmark/utils/statscounter.py:325]
[INFO] 2025-05-05T10:06:18.892659 Rank 0 step 287 processed 5 samples in 4.088298082351685 s [/mnt/ioopt/appbench/apps/MLPerf-storage/dlio_benchmark/dlio_benchmark/utils/statscounter.py:325]
[INFO] 2025-05-05T10:06:20.208971 Rank 0 step 288 processed 5 samples in 1.3159115314483643 s [/mnt/ioopt/appbench/apps/MLPerf-storage/dlio_benchmark/dlio_benchmark/utils/statscounter.py:325]
[INFO] 2025-05-05T10:06:27.058631 Rank 0 step 289 processed 5 samples in 6.84917426109314 s [/mnt/ioopt/appbench/apps/MLPerf-storage/dlio_benchmark/dlio_benchmark/utils/statscounter.py:325]
[INFO] 2025-05-05T10:06:30.314751 Rank 0 step 290 processed 5 samples in 3.255558967590332 s [/mnt/ioopt/appbench/apps/MLPerf-storage/dlio_benchmark/dlio_benchmark/utils/statscounter.py:325]
[INFO] 2025-05-05T10:06:32.244557 Rank 0 step 291 processed 5 samples in 1.9292991161346436 s [/mnt/ioopt/appbench/apps/MLPerf-storage/dlio_benchmark/dlio_benchmark/utils/statscounter.py:325]
[INFO] 2025-05-05T10:06:32.573418 Rank 0 step 292 processed 5 samples in 0.32839059829711914 s [/mnt/ioopt/appbench/apps/MLPerf-storage/dlio_benchmark/dlio_benchmark/utils/statscounter.py:325]
[INFO] 2025-05-05T10:06:32.904643 Rank 0 step 293 processed 5 samples in 0.33075523376464844 s [/mnt/ioopt/appbench/apps/MLPerf-storage/dlio_benchmark/dlio_benchmark/utils/statscounter.py:325]
[INFO] 2025-05-05T10:06:33.233818 Rank 0 step 294 processed 5 samples in 0.32871580123901367 s [/mnt/ioopt/appbench/apps/MLPerf-storage/dlio_benchmark/dlio_benchmark/utils/statscounter.py:325]
[INFO] 2025-05-05T10:06:35.493791 Rank 0 step 295 processed 5 samples in 2.259493589401245 s [/mnt/ioopt/appbench/apps/MLPerf-storage/dlio_benchmark/dlio_benchmark/utils/statscounter.py:325]
[INFO] 2025-05-05T10:06:38.281895 Rank 0 step 296 processed 5 samples in 2.7876079082489014 s [/mnt/ioopt/appbench/apps/MLPerf-storage/dlio_benchmark/dlio_benchmark/utils/statscounter.py:325]
[INFO] 2025-05-05T10:06:42.137869 Rank 0 step 297 processed 5 samples in 3.855482339859009 s [/mnt/ioopt/appbench/apps/MLPerf-storage/dlio_benchmark/dlio_benchmark/utils/statscounter.py:325]
[INFO] 2025-05-05T10:06:46.352858 Rank 0 step 298 processed 5 samples in 4.2145209312438965 s [/mnt/ioopt/appbench/apps/MLPerf-storage/dlio_benchmark/dlio_benchmark/utils/statscounter.py:325]
[INFO] 2025-05-05T10:06:48.022468 Rank 0 step 299 processed 5 samples in 1.6691455841064453 s [/mnt/ioopt/appbench/apps/MLPerf-storage/dlio_benchmark/dlio_benchmark/utils/statscounter.py:325]
[INFO] 2025-05-05T10:06:52.191954 Rank 0 step 300 processed 5 samples in 4.169028997421265 s [/mnt/ioopt/appbench/apps/MLPerf-storage/dlio_benchmark/dlio_benchmark/utils/statscounter.py:325]
[INFO] 2025-05-05T10:06:52.520497 Rank 0 step 301 processed 5 samples in 0.32808470726013184 s [/mnt/ioopt/appbench/apps/MLPerf-storage/dlio_benchmark/dlio_benchmark/utils/statscounter.py:325]
[INFO] 2025-05-05T10:06:53.743878 Rank 0 step 302 processed 5 samples in 1.2229132652282715 s [/mnt/ioopt/appbench/apps/MLPerf-storage/dlio_benchmark/dlio_benchmark/utils/statscounter.py:325]
[INFO] 2025-05-05T10:06:54.072947 Rank 0 step 303 processed 5 samples in 0.32858800888061523 s [/mnt/ioopt/appbench/apps/MLPerf-storage/dlio_benchmark/dlio_benchmark/utils/statscounter.py:325]
[INFO] 2025-05-05T10:06:54.398702 Rank 0 step 304 processed 5 samples in 0.32543301582336426 s [/mnt/ioopt/appbench/apps/MLPerf-storage/dlio_benchmark/dlio_benchmark/utils/statscounter.py:325]
[INFO] 2025-05-05T10:06:58.008793 Rank 0 step 305 processed 5 samples in 3.6096136569976807 s [/mnt/ioopt/appbench/apps/MLPerf-storage/dlio_benchmark/dlio_benchmark/utils/statscounter.py:325]
[INFO] 2025-05-05T10:07:03.523151 Rank 0 step 306 processed 5 samples in 5.513833045959473 s [/mnt/ioopt/appbench/apps/MLPerf-storage/dlio_benchmark/dlio_benchmark/utils/statscounter.py:325]
[INFO] 2025-05-05T10:07:06.013005 Rank 0 step 307 processed 5 samples in 2.4533047676086426 s [/mnt/ioopt/appbench/apps/MLPerf-storage/dlio_benchmark/dlio_benchmark/utils/statscounter.py:325]
[INFO] 2025-05-05T10:07:09.595682 Rank 0 step 308 processed 5 samples in 3.582411527633667 s [/mnt/ioopt/appbench/apps/MLPerf-storage/dlio_benchmark/dlio_benchmark/utils/statscounter.py:325]
[INFO] 2025-05-05T10:07:09.924398 Rank 0 step 309 processed 5 samples in 0.32821178436279297 s [/mnt/ioopt/appbench/apps/MLPerf-storage/dlio_benchmark/dlio_benchmark/utils/statscounter.py:325]
[INFO] 2025-05-05T10:07:11.927921 Rank 0 step 310 processed 5 samples in 2.00304913520813 s [/mnt/ioopt/appbench/apps/MLPerf-storage/dlio_benchmark/dlio_benchmark/utils/statscounter.py:325]
[INFO] 2025-05-05T10:07:12.256886 Rank 0 step 311 processed 5 samples in 0.328488826751709 s [/mnt/ioopt/appbench/apps/MLPerf-storage/dlio_benchmark/dlio_benchmark/utils/statscounter.py:325]
[INFO] 2025-05-05T10:07:12.585666 Rank 0 step 312 processed 5 samples in 0.32834315299987793 s [/mnt/ioopt/appbench/apps/MLPerf-storage/dlio_benchmark/dlio_benchmark/utils/statscounter.py:325]
[INFO] 2025-05-05T10:07:13.409879 Rank 0 step 313 processed 5 samples in 0.8237555027008057 s [/mnt/ioopt/appbench/apps/MLPerf-storage/dlio_benchmark/dlio_benchmark/utils/statscounter.py:325]
[INFO] 2025-05-05T10:07:20.257844 Rank 0 step 314 processed 5 samples in 6.847472667694092 s [/mnt/ioopt/appbench/apps/MLPerf-storage/dlio_benchmark/dlio_benchmark/utils/statscounter.py:325]
[INFO] 2025-05-05T10:07:22.416996 Rank 0 step 315 processed 5 samples in 2.1586103439331055 s [/mnt/ioopt/appbench/apps/MLPerf-storage/dlio_benchmark/dlio_benchmark/utils/statscounter.py:325]
[INFO] 2025-05-05T10:07:30.372403 Rank 0 step 316 processed 5 samples in 7.955063104629517 s [/mnt/ioopt/appbench/apps/MLPerf-storage/dlio_benchmark/dlio_benchmark/utils/statscounter.py:325]
[INFO] 2025-05-05T10:07:31.550806 Rank 0 step 317 processed 5 samples in 1.1779367923736572 s [/mnt/ioopt/appbench/apps/MLPerf-storage/dlio_benchmark/dlio_benchmark/utils/statscounter.py:325]
[INFO] 2025-05-05T10:07:31.879711 Rank 0 step 318 processed 5 samples in 0.32843923568725586 s [/mnt/ioopt/appbench/apps/MLPerf-storage/dlio_benchmark/dlio_benchmark/utils/statscounter.py:325]
[INFO] 2025-05-05T10:07:32.205209 Rank 0 step 319 processed 5 samples in 0.32523298263549805 s [/mnt/ioopt/appbench/apps/MLPerf-storage/dlio_benchmark/dlio_benchmark/utils/statscounter.py:325]
[INFO] 2025-05-05T10:07:32.531651 Rank 0 step 320 processed 5 samples in 0.3261253833770752 s [/mnt/ioopt/appbench/apps/MLPerf-storage/dlio_benchmark/dlio_benchmark/utils/statscounter.py:325]
[INFO] 2025-05-05T10:07:32.907637 Rank 0 step 321 processed 5 samples in 0.3756585121154785 s [/mnt/ioopt/appbench/apps/MLPerf-storage/dlio_benchmark/dlio_benchmark/utils/statscounter.py:325]
[INFO] 2025-05-05T10:07:34.867893 Rank 0 step 322 processed 5 samples in 1.9597909450531006 s [/mnt/ioopt/appbench/apps/MLPerf-storage/dlio_benchmark/dlio_benchmark/utils/statscounter.py:325]
[INFO] 2025-05-05T10:07:44.902875 Rank 0 step 323 processed 5 samples in 10.034538507461548 s [/mnt/ioopt/appbench/apps/MLPerf-storage/dlio_benchmark/dlio_benchmark/utils/statscounter.py:325]
[INFO] 2025-05-05T10:07:45.232023 Rank 0 step 324 processed 5 samples in 0.3286616802215576 s [/mnt/ioopt/appbench/apps/MLPerf-storage/dlio_benchmark/dlio_benchmark/utils/statscounter.py:325]
[INFO] 2025-05-05T10:07:50.308921 Rank 0 step 325 processed 5 samples in 5.0764689445495605 s [/mnt/ioopt/appbench/apps/MLPerf-storage/dlio_benchmark/dlio_benchmark/utils/statscounter.py:325]
[INFO] 2025-05-05T10:07:50.637828 Rank 0 step 326 processed 5 samples in 0.32844018936157227 s [/mnt/ioopt/appbench/apps/MLPerf-storage/dlio_benchmark/dlio_benchmark/utils/statscounter.py:325]
[INFO] 2025-05-05T10:07:51.422552 Rank 0 step 327 processed 5 samples in 0.7842726707458496 s [/mnt/ioopt/appbench/apps/MLPerf-storage/dlio_benchmark/dlio_benchmark/utils/statscounter.py:325]
[INFO] 2025-05-05T10:07:51.751513 Rank 0 step 328 processed 5 samples in 0.32839155197143555 s [/mnt/ioopt/appbench/apps/MLPerf-storage/dlio_benchmark/dlio_benchmark/utils/statscounter.py:325]
[INFO] 2025-05-05T10:07:54.842392 Rank 0 step 329 processed 5 samples in 3.090543746948242 s [/mnt/ioopt/appbench/apps/MLPerf-storage/dlio_benchmark/dlio_benchmark/utils/statscounter.py:325]
[INFO] 2025-05-05T10:07:55.171561 Rank 0 step 330 processed 5 samples in 0.32866644859313965 s [/mnt/ioopt/appbench/apps/MLPerf-storage/dlio_benchmark/dlio_benchmark/utils/statscounter.py:325]
[INFO] 2025-05-05T10:08:00.032520 Rank 0 step 331 processed 5 samples in 4.860450029373169 s [/mnt/ioopt/appbench/apps/MLPerf-storage/dlio_benchmark/dlio_benchmark/utils/statscounter.py:325]
[INFO] 2025-05-05T10:08:03.527464 Rank 0 step 332 processed 5 samples in 3.494447946548462 s [/mnt/ioopt/appbench/apps/MLPerf-storage/dlio_benchmark/dlio_benchmark/utils/statscounter.py:325]
[INFO] 2025-05-05T10:08:05.803584 Rank 0 step 333 processed 5 samples in 2.2756149768829346 s [/mnt/ioopt/appbench/apps/MLPerf-storage/dlio_benchmark/dlio_benchmark/utils/statscounter.py:325]
[INFO] 2025-05-05T10:08:06.838149 Rank 0 step 334 processed 5 samples in 1.0342826843261719 s [/mnt/ioopt/appbench/apps/MLPerf-storage/dlio_benchmark/dlio_benchmark/utils/statscounter.py:325]
[INFO] 2025-05-05T10:08:10.765141 Rank 0 step 335 processed 5 samples in 3.926546096801758 s [/mnt/ioopt/appbench/apps/MLPerf-storage/dlio_benchmark/dlio_benchmark/utils/statscounter.py:325]
[INFO] 2025-05-05T10:08:14.877677 Rank 0 step 336 processed 5 samples in 4.11199164390564 s [/mnt/ioopt/appbench/apps/MLPerf-storage/dlio_benchmark/dlio_benchmark/utils/statscounter.py:325]
[INFO] 2025-05-05T10:08:15.257582 Rank 0 step 337 processed 5 samples in 0.37942028045654297 s [/mnt/ioopt/appbench/apps/MLPerf-storage/dlio_benchmark/dlio_benchmark/utils/statscounter.py:325]
[INFO] 2025-05-05T10:08:15.587066 Rank 0 step 338 processed 5 samples in 0.3289468288421631 s [/mnt/ioopt/appbench/apps/MLPerf-storage/dlio_benchmark/dlio_benchmark/utils/statscounter.py:325]
[INFO] 2025-05-05T10:08:16.066039 Rank 0 step 339 processed 5 samples in 0.4784717559814453 s [/mnt/ioopt/appbench/apps/MLPerf-storage/dlio_benchmark/dlio_benchmark/utils/statscounter.py:325]
[INFO] 2025-05-05T10:08:22.573145 Rank 0 step 340 processed 5 samples in 6.506643295288086 s [/mnt/ioopt/appbench/apps/MLPerf-storage/dlio_benchmark/dlio_benchmark/utils/statscounter.py:325]
[INFO] 2025-05-05T10:08:22.902020 Rank 0 step 341 processed 5 samples in 0.32837629318237305 s [/mnt/ioopt/appbench/apps/MLPerf-storage/dlio_benchmark/dlio_benchmark/utils/statscounter.py:325]
[INFO] 2025-05-05T10:08:25.678567 Rank 0 step 342 processed 5 samples in 2.776270627975464 s [/mnt/ioopt/appbench/apps/MLPerf-storage/dlio_benchmark/dlio_benchmark/utils/statscounter.py:325]
[INFO] 2025-05-05T10:08:26.004656 Rank 0 step 343 processed 5 samples in 0.3257617950439453 s [/mnt/ioopt/appbench/apps/MLPerf-storage/dlio_benchmark/dlio_benchmark/utils/statscounter.py:325]
[INFO] 2025-05-05T10:08:30.330211 Rank 0 step 344 processed 5 samples in 4.325267314910889 s [/mnt/ioopt/appbench/apps/MLPerf-storage/dlio_benchmark/dlio_benchmark/utils/statscounter.py:325]
[INFO] 2025-05-05T10:08:33.919133 Rank 0 step 345 processed 5 samples in 3.5884647369384766 s [/mnt/ioopt/appbench/apps/MLPerf-storage/dlio_benchmark/dlio_benchmark/utils/statscounter.py:325]
[INFO] 2025-05-05T10:08:36.920434 Rank 0 step 346 processed 5 samples in 3.0008466243743896 s [/mnt/ioopt/appbench/apps/MLPerf-storage/dlio_benchmark/dlio_benchmark/utils/statscounter.py:325]
[INFO] 2025-05-05T10:08:37.249619 Rank 0 step 347 processed 5 samples in 0.32872509956359863 s [/mnt/ioopt/appbench/apps/MLPerf-storage/dlio_benchmark/dlio_benchmark/utils/statscounter.py:325]
[INFO] 2025-05-05T10:08:37.578627 Rank 0 step 348 processed 5 samples in 0.3285386562347412 s [/mnt/ioopt/appbench/apps/MLPerf-storage/dlio_benchmark/dlio_benchmark/utils/statscounter.py:325]
[INFO] 2025-05-05T10:08:42.499387 Rank 0 step 349 processed 5 samples in 4.9202656745910645 s [/mnt/ioopt/appbench/apps/MLPerf-storage/dlio_benchmark/dlio_benchmark/utils/statscounter.py:325]
[INFO] 2025-05-05T10:08:42.832909 Rank 0 step 350 processed 5 samples in 0.33304429054260254 s [/mnt/ioopt/appbench/apps/MLPerf-storage/dlio_benchmark/dlio_benchmark/utils/statscounter.py:325]
[INFO] 2025-05-05T10:08:43.162880 Rank 0 step 351 processed 5 samples in 0.3292653560638428 s [/mnt/ioopt/appbench/apps/MLPerf-storage/dlio_benchmark/dlio_benchmark/utils/statscounter.py:325]
[INFO] 2025-05-05T10:08:44.176480 Rank 0 step 352 processed 5 samples in 1.0131375789642334 s [/mnt/ioopt/appbench/apps/MLPerf-storage/dlio_benchmark/dlio_benchmark/utils/statscounter.py:325]
[INFO] 2025-05-05T10:08:55.075014 Rank 0 step 353 processed 5 samples in 10.898093700408936 s [/mnt/ioopt/appbench/apps/MLPerf-storage/dlio_benchmark/dlio_benchmark/utils/statscounter.py:325]
[INFO] 2025-05-05T10:08:57.462418 Rank 0 step 354 processed 5 samples in 2.386871576309204 s [/mnt/ioopt/appbench/apps/MLPerf-storage/dlio_benchmark/dlio_benchmark/utils/statscounter.py:325]
[INFO] 2025-05-05T10:08:57.795625 Rank 0 step 355 processed 5 samples in 0.332655668258667 s [/mnt/ioopt/appbench/apps/MLPerf-storage/dlio_benchmark/dlio_benchmark/utils/statscounter.py:325]
[INFO] 2025-05-05T10:08:58.123351 Rank 0 step 356 processed 5 samples in 0.32726335525512695 s [/mnt/ioopt/appbench/apps/MLPerf-storage/dlio_benchmark/dlio_benchmark/utils/statscounter.py:325]
[INFO] 2025-05-05T10:08:58.452119 Rank 0 step 357 processed 5 samples in 0.32823967933654785 s [/mnt/ioopt/appbench/apps/MLPerf-storage/dlio_benchmark/dlio_benchmark/utils/statscounter.py:325]
[INFO] 2025-05-05T10:09:00.685750 Rank 0 step 358 processed 5 samples in 2.2331557273864746 s [/mnt/ioopt/appbench/apps/MLPerf-storage/dlio_benchmark/dlio_benchmark/utils/statscounter.py:325]
[INFO] 2025-05-05T10:09:02.752465 Rank 0 step 359 processed 5 samples in 2.053297519683838 s [/mnt/ioopt/appbench/apps/MLPerf-storage/dlio_benchmark/dlio_benchmark/utils/statscounter.py:325]
[INFO] 2025-05-05T10:09:03.384498 Rank 0 step 360 processed 5 samples in 0.6315391063690186 s [/mnt/ioopt/appbench/apps/MLPerf-storage/dlio_benchmark/dlio_benchmark/utils/statscounter.py:325]
[INFO] 2025-05-05T10:09:11.721708 Rank 0 step 361 processed 5 samples in 8.336772680282593 s [/mnt/ioopt/appbench/apps/MLPerf-storage/dlio_benchmark/dlio_benchmark/utils/statscounter.py:325]
[INFO] 2025-05-05T10:09:13.798766 Rank 0 step 362 processed 5 samples in 2.076671838760376 s [/mnt/ioopt/appbench/apps/MLPerf-storage/dlio_benchmark/dlio_benchmark/utils/statscounter.py:325]
[INFO] 2025-05-05T10:09:14.127568 Rank 0 step 363 processed 5 samples in 0.3283078670501709 s [/mnt/ioopt/appbench/apps/MLPerf-storage/dlio_benchmark/dlio_benchmark/utils/statscounter.py:325]
[INFO] 2025-05-05T10:09:14.744387 Rank 0 step 364 processed 5 samples in 0.6163976192474365 s [/mnt/ioopt/appbench/apps/MLPerf-storage/dlio_benchmark/dlio_benchmark/utils/statscounter.py:325]
[INFO] 2025-05-05T10:09:16.757219 Rank 0 step 365 processed 5 samples in 2.0123298168182373 s [/mnt/ioopt/appbench/apps/MLPerf-storage/dlio_benchmark/dlio_benchmark/utils/statscounter.py:325]
[INFO] 2025-05-05T10:09:20.617006 Rank 0 step 366 processed 5 samples in 3.7668538093566895 s [/mnt/ioopt/appbench/apps/MLPerf-storage/dlio_benchmark/dlio_benchmark/utils/statscounter.py:325]
[INFO] 2025-05-05T10:09:20.946059 Rank 0 step 367 processed 5 samples in 0.3286139965057373 s [/mnt/ioopt/appbench/apps/MLPerf-storage/dlio_benchmark/dlio_benchmark/utils/statscounter.py:325]
[INFO] 2025-05-05T10:09:21.272094 Rank 0 step 368 processed 5 samples in 0.32563304901123047 s [/mnt/ioopt/appbench/apps/MLPerf-storage/dlio_benchmark/dlio_benchmark/utils/statscounter.py:325]
[INFO] 2025-05-05T10:09:31.469109 Rank 0 step 369 processed 5 samples in 10.196539640426636 s [/mnt/ioopt/appbench/apps/MLPerf-storage/dlio_benchmark/dlio_benchmark/utils/statscounter.py:325]
[INFO] 2025-05-05T10:09:34.929617 Rank 0 step 370 processed 5 samples in 3.45996356010437 s [/mnt/ioopt/appbench/apps/MLPerf-storage/dlio_benchmark/dlio_benchmark/utils/statscounter.py:325]
[INFO] 2025-05-05T10:09:35.258558 Rank 0 step 371 processed 5 samples in 0.32848548889160156 s [/mnt/ioopt/appbench/apps/MLPerf-storage/dlio_benchmark/dlio_benchmark/utils/statscounter.py:325]
[INFO] 2025-05-05T10:09:35.587112 Rank 0 step 372 processed 5 samples in 0.32820820808410645 s [/mnt/ioopt/appbench/apps/MLPerf-storage/dlio_benchmark/dlio_benchmark/utils/statscounter.py:325]
[INFO] 2025-05-05T10:09:35.916003 Rank 0 step 373 processed 5 samples in 0.32840943336486816 s [/mnt/ioopt/appbench/apps/MLPerf-storage/dlio_benchmark/dlio_benchmark/utils/statscounter.py:325]
[INFO] 2025-05-05T10:09:36.247108 Rank 0 step 374 processed 5 samples in 0.33063340187072754 s [/mnt/ioopt/appbench/apps/MLPerf-storage/dlio_benchmark/dlio_benchmark/utils/statscounter.py:325]
[INFO] 2025-05-05T10:09:36.576208 Rank 0 step 375 processed 5 samples in 0.3286128044128418 s [/mnt/ioopt/appbench/apps/MLPerf-storage/dlio_benchmark/dlio_benchmark/utils/statscounter.py:325]
[INFO] 2025-05-05T10:09:39.369066 Rank 0 step 376 processed 5 samples in 2.7923781871795654 s [/mnt/ioopt/appbench/apps/MLPerf-storage/dlio_benchmark/dlio_benchmark/utils/statscounter.py:325]
[INFO] 2025-05-05T10:09:51.960526 Rank 0 step 377 processed 5 samples in 12.590953350067139 s [/mnt/ioopt/appbench/apps/MLPerf-storage/dlio_benchmark/dlio_benchmark/utils/statscounter.py:325]
[INFO] 2025-05-05T10:09:52.347454 Rank 0 step 378 processed 5 samples in 0.3865821361541748 s [/mnt/ioopt/appbench/apps/MLPerf-storage/dlio_benchmark/dlio_benchmark/utils/statscounter.py:325]
[INFO] 2025-05-05T10:09:52.674118 Rank 0 step 379 processed 5 samples in 0.32616090774536133 s [/mnt/ioopt/appbench/apps/MLPerf-storage/dlio_benchmark/dlio_benchmark/utils/statscounter.py:325]
[INFO] 2025-05-05T10:09:54.261109 Rank 0 step 380 processed 5 samples in 1.5864808559417725 s [/mnt/ioopt/appbench/apps/MLPerf-storage/dlio_benchmark/dlio_benchmark/utils/statscounter.py:325]
[INFO] 2025-05-05T10:09:54.589692 Rank 0 step 381 processed 5 samples in 0.32813167572021484 s [/mnt/ioopt/appbench/apps/MLPerf-storage/dlio_benchmark/dlio_benchmark/utils/statscounter.py:325]
[INFO] 2025-05-05T10:09:54.918700 Rank 0 step 382 processed 5 samples in 0.32853055000305176 s [/mnt/ioopt/appbench/apps/MLPerf-storage/dlio_benchmark/dlio_benchmark/utils/statscounter.py:325]
[INFO] 2025-05-05T10:09:55.247536 Rank 0 step 383 processed 5 samples in 0.3283731937408447 s [/mnt/ioopt/appbench/apps/MLPerf-storage/dlio_benchmark/dlio_benchmark/utils/statscounter.py:325]
[INFO] 2025-05-05T10:09:55.574463 Rank 0 step 384 processed 5 samples in 0.3265354633331299 s [/mnt/ioopt/appbench/apps/MLPerf-storage/dlio_benchmark/dlio_benchmark/utils/statscounter.py:325]
[INFO] 2025-05-05T10:10:10.000774 Rank 0 step 385 processed 5 samples in 14.425820112228394 s [/mnt/ioopt/appbench/apps/MLPerf-storage/dlio_benchmark/dlio_benchmark/utils/statscounter.py:325]
[INFO] 2025-05-05T10:10:10.329666 Rank 0 step 386 processed 5 samples in 0.32837915420532227 s [/mnt/ioopt/appbench/apps/MLPerf-storage/dlio_benchmark/dlio_benchmark/utils/statscounter.py:325]
[INFO] 2025-05-05T10:10:10.658528 Rank 0 step 387 processed 5 samples in 0.3284013271331787 s [/mnt/ioopt/appbench/apps/MLPerf-storage/dlio_benchmark/dlio_benchmark/utils/statscounter.py:325]
[INFO] 2025-05-05T10:10:10.984658 Rank 0 step 388 processed 5 samples in 0.325620174407959 s [/mnt/ioopt/appbench/apps/MLPerf-storage/dlio_benchmark/dlio_benchmark/utils/statscounter.py:325]
[INFO] 2025-05-05T10:10:11.311121 Rank 0 step 389 processed 5 samples in 0.3260080814361572 s [/mnt/ioopt/appbench/apps/MLPerf-storage/dlio_benchmark/dlio_benchmark/utils/statscounter.py:325]
[INFO] 2025-05-05T10:10:11.637944 Rank 0 step 390 processed 5 samples in 0.3265564441680908 s [/mnt/ioopt/appbench/apps/MLPerf-storage/dlio_benchmark/dlio_benchmark/utils/statscounter.py:325]
[INFO] 2025-05-05T10:10:13.468438 Rank 0 step 391 processed 5 samples in 1.830204725265503 s [/mnt/ioopt/appbench/apps/MLPerf-storage/dlio_benchmark/dlio_benchmark/utils/statscounter.py:325]
[INFO] 2025-05-05T10:10:13.799079 Rank 0 step 392 processed 5 samples in 0.3301503658294678 s [/mnt/ioopt/appbench/apps/MLPerf-storage/dlio_benchmark/dlio_benchmark/utils/statscounter.py:325]
[INFO] 2025-05-05T10:10:26.650680 Rank 0 step 393 processed 5 samples in 12.851115703582764 s [/mnt/ioopt/appbench/apps/MLPerf-storage/dlio_benchmark/dlio_benchmark/utils/statscounter.py:325]
[INFO] 2025-05-05T10:10:26.979470 Rank 0 step 394 processed 5 samples in 0.3282477855682373 s [/mnt/ioopt/appbench/apps/MLPerf-storage/dlio_benchmark/dlio_benchmark/utils/statscounter.py:325]
[INFO] 2025-05-05T10:10:28.352579 Rank 0 step 395 processed 5 samples in 1.3726646900177002 s [/mnt/ioopt/appbench/apps/MLPerf-storage/dlio_benchmark/dlio_benchmark/utils/statscounter.py:325]
[INFO] 2025-05-05T10:10:28.681397 Rank 0 step 396 processed 5 samples in 0.3283555507659912 s [/mnt/ioopt/appbench/apps/MLPerf-storage/dlio_benchmark/dlio_benchmark/utils/statscounter.py:325]
[INFO] 2025-05-05T10:10:29.010138 Rank 0 step 397 processed 5 samples in 0.32830214500427246 s [/mnt/ioopt/appbench/apps/MLPerf-storage/dlio_benchmark/dlio_benchmark/utils/statscounter.py:325]
[INFO] 2025-05-05T10:10:29.340534 Rank 0 step 398 processed 5 samples in 0.32995152473449707 s [/mnt/ioopt/appbench/apps/MLPerf-storage/dlio_benchmark/dlio_benchmark/utils/statscounter.py:325]
[INFO] 2025-05-05T10:10:29.669445 Rank 0 step 399 processed 5 samples in 0.328488826751709 s [/mnt/ioopt/appbench/apps/MLPerf-storage/dlio_benchmark/dlio_benchmark/utils/statscounter.py:325]
[INFO] 2025-05-05T10:10:29.999838 Rank 0 step 400 processed 5 samples in 0.3300135135650635 s [/mnt/ioopt/appbench/apps/MLPerf-storage/dlio_benchmark/dlio_benchmark/utils/statscounter.py:325]
[INFO] 2025-05-05T10:10:30.000356 Maximum number of steps reached [/mnt/ioopt/appbench/apps/MLPerf-storage/dlio_benchmark/dlio_benchmark/main.py:293]
[INFO] 2025-05-05T10:10:30.003430 Ending block 1 - 400 steps completed in 928.92 s [/mnt/ioopt/appbench/apps/MLPerf-storage/dlio_benchmark/dlio_benchmark/utils/statscounter.py:282]
[INFO] 2025-05-05T10:10:30.027533 Epoch 1 - Block 1 [Training] Accelerator Utilization [AU] (%): 14.1828 [/mnt/ioopt/appbench/apps/MLPerf-storage/dlio_benchmark/dlio_benchmark/utils/statscounter.py:285]
[INFO] 2025-05-05T10:10:30.027662 Epoch 1 - Block 1 [Training] Throughput (samples/second): 2.1530 [/mnt/ioopt/appbench/apps/MLPerf-storage/dlio_benchmark/dlio_benchmark/utils/statscounter.py:286]
[INFO] 2025-05-05T10:10:30.029560 Ending epoch 1 - 400 steps completed in 928.98 s [/mnt/ioopt/appbench/apps/MLPerf-storage/dlio_benchmark/dlio_benchmark/utils/statscounter.py:225]
[INFO] 2025-05-05T10:10:30.038302 Saved outputs in /mnt/ioopt/appbench/apps/MLPerf-storage/resultsdir/RUN_5/batch_size_5_num_threads_8 [/mnt/ioopt/appbench/apps/MLPerf-storage/dlio_benchmark/dlio_benchmark/utils/statscounter.py:171]
[INFO] Averaged metric over all epochs
[METRIC] ==========================================================
[METRIC] Number of Simulated Accelerators: 1 
[METRIC] Training Accelerator Utilization [AU] (%): 14.1828 (0.0000)
[METRIC] Training Throughput (samples/second): 2.1530 (0.0000)
[METRIC] Training I/O Throughput (MB/second): 301.0140 (0.0000)
[METRIC] train_au_meet_expectation: fail
[METRIC] ==========================================================
 [/mnt/ioopt/appbench/apps/MLPerf-storage/dlio_benchmark/dlio_benchmark/utils/statscounter.py:185]
[INFO] 2025-05-05T10:10:30.046888 outputs saved in RANKID_output.json [/mnt/ioopt/appbench/apps/MLPerf-storage/dlio_benchmark/dlio_benchmark/utils/statscounter.py:378]
