[INFO] 2025-05-05T10:28:11.305798 Profiling DLIO /mnt/ioopt/appbench/apps/MLPerf-storage/resultsdir/RUN_5/batch_size_5_num_threads_12/trace-0-of-1.pfw [/mnt/ioopt/appbench/apps/MLPerf-storage/dlio_benchmark/dlio_benchmark/utils/config.py:189]
[INFO] 2025-05-05T10:28:11.306397 Running DLIO with 1 process(es) [/mnt/ioopt/appbench/apps/MLPerf-storage/dlio_benchmark/dlio_benchmark/main.py:100]
[INFO] Total amount of data each host will consume is 273.064948618412 GB; each host has [np.float64(187.5592384338379)] GB memory [/mnt/ioopt/appbench/apps/MLPerf-storage/dlio_benchmark/dlio_benchmark/utils/statscounter.py:121]
[INFO] 2025-05-05T10:28:27.677751 Max steps per epoch: 400 = 1 * 2000 / 5 / 1 (samples per file * num files / batch size / comm size) [/mnt/ioopt/appbench/apps/MLPerf-storage/dlio_benchmark/dlio_benchmark/main.py:321]
[INFO] 2025-05-05T10:28:27.831714 Starting epoch 1: 400 steps expected [/mnt/ioopt/appbench/apps/MLPerf-storage/dlio_benchmark/dlio_benchmark/utils/statscounter.py:192]
[INFO] 2025-05-05T10:28:27.864040 Starting block 1 [/mnt/ioopt/appbench/apps/MLPerf-storage/dlio_benchmark/dlio_benchmark/utils/statscounter.py:264]
[INFO] 2025-05-05T10:28:56.912176 Rank 0 step 1 processed 5 samples in 29.047932386398315 s [/mnt/ioopt/appbench/apps/MLPerf-storage/dlio_benchmark/dlio_benchmark/utils/statscounter.py:325]
[INFO] 2025-05-05T10:28:57.292481 Rank 0 step 2 processed 5 samples in 0.3787496089935303 s [/mnt/ioopt/appbench/apps/MLPerf-storage/dlio_benchmark/dlio_benchmark/utils/statscounter.py:325]
[INFO] 2025-05-05T10:28:58.979871 Rank 0 step 3 processed 5 samples in 1.686669111251831 s [/mnt/ioopt/appbench/apps/MLPerf-storage/dlio_benchmark/dlio_benchmark/utils/statscounter.py:325]
[INFO] 2025-05-05T10:28:59.309097 Rank 0 step 4 processed 5 samples in 0.328768253326416 s [/mnt/ioopt/appbench/apps/MLPerf-storage/dlio_benchmark/dlio_benchmark/utils/statscounter.py:325]
[INFO] 2025-05-05T10:28:59.637886 Rank 0 step 5 processed 5 samples in 0.3283522129058838 s [/mnt/ioopt/appbench/apps/MLPerf-storage/dlio_benchmark/dlio_benchmark/utils/statscounter.py:325]
[INFO] 2025-05-05T10:28:59.969387 Rank 0 step 6 processed 5 samples in 0.33107900619506836 s [/mnt/ioopt/appbench/apps/MLPerf-storage/dlio_benchmark/dlio_benchmark/utils/statscounter.py:325]
[INFO] 2025-05-05T10:29:00.298954 Rank 0 step 7 processed 5 samples in 0.32904529571533203 s [/mnt/ioopt/appbench/apps/MLPerf-storage/dlio_benchmark/dlio_benchmark/utils/statscounter.py:325]
[INFO] 2025-05-05T10:29:00.628699 Rank 0 step 8 processed 5 samples in 0.329179048538208 s [/mnt/ioopt/appbench/apps/MLPerf-storage/dlio_benchmark/dlio_benchmark/utils/statscounter.py:325]
[INFO] 2025-05-05T10:29:00.955936 Rank 0 step 9 processed 5 samples in 0.3269071578979492 s [/mnt/ioopt/appbench/apps/MLPerf-storage/dlio_benchmark/dlio_benchmark/utils/statscounter.py:325]
[INFO] 2025-05-05T10:29:01.281960 Rank 0 step 10 processed 5 samples in 0.3255600929260254 s [/mnt/ioopt/appbench/apps/MLPerf-storage/dlio_benchmark/dlio_benchmark/utils/statscounter.py:325]
[INFO] 2025-05-05T10:29:01.607814 Rank 0 step 11 processed 5 samples in 0.32546281814575195 s [/mnt/ioopt/appbench/apps/MLPerf-storage/dlio_benchmark/dlio_benchmark/utils/statscounter.py:325]
[INFO] 2025-05-05T10:29:01.936947 Rank 0 step 12 processed 5 samples in 0.328660249710083 s [/mnt/ioopt/appbench/apps/MLPerf-storage/dlio_benchmark/dlio_benchmark/utils/statscounter.py:325]
[INFO] 2025-05-05T10:29:28.076537 Rank 0 step 13 processed 5 samples in 26.139079332351685 s [/mnt/ioopt/appbench/apps/MLPerf-storage/dlio_benchmark/dlio_benchmark/utils/statscounter.py:325]
[INFO] 2025-05-05T10:29:28.406866 Rank 0 step 14 processed 5 samples in 0.32953429222106934 s [/mnt/ioopt/appbench/apps/MLPerf-storage/dlio_benchmark/dlio_benchmark/utils/statscounter.py:325]
[INFO] 2025-05-05T10:29:28.735830 Rank 0 step 15 processed 5 samples in 0.3284738063812256 s [/mnt/ioopt/appbench/apps/MLPerf-storage/dlio_benchmark/dlio_benchmark/utils/statscounter.py:325]
[INFO] 2025-05-05T10:29:29.065044 Rank 0 step 16 processed 5 samples in 0.3287367820739746 s [/mnt/ioopt/appbench/apps/MLPerf-storage/dlio_benchmark/dlio_benchmark/utils/statscounter.py:325]
[INFO] 2025-05-05T10:29:29.394260 Rank 0 step 17 processed 5 samples in 0.32871079444885254 s [/mnt/ioopt/appbench/apps/MLPerf-storage/dlio_benchmark/dlio_benchmark/utils/statscounter.py:325]
[INFO] 2025-05-05T10:29:29.723112 Rank 0 step 18 processed 5 samples in 0.32837796211242676 s [/mnt/ioopt/appbench/apps/MLPerf-storage/dlio_benchmark/dlio_benchmark/utils/statscounter.py:325]
[INFO] 2025-05-05T10:29:30.057992 Rank 0 step 19 processed 5 samples in 0.3344132900238037 s [/mnt/ioopt/appbench/apps/MLPerf-storage/dlio_benchmark/dlio_benchmark/utils/statscounter.py:325]
[INFO] 2025-05-05T10:29:30.387371 Rank 0 step 20 processed 5 samples in 0.32890844345092773 s [/mnt/ioopt/appbench/apps/MLPerf-storage/dlio_benchmark/dlio_benchmark/utils/statscounter.py:325]
[INFO] 2025-05-05T10:29:30.716581 Rank 0 step 21 processed 5 samples in 0.3287372589111328 s [/mnt/ioopt/appbench/apps/MLPerf-storage/dlio_benchmark/dlio_benchmark/utils/statscounter.py:325]
[INFO] 2025-05-05T10:29:31.047846 Rank 0 step 22 processed 5 samples in 0.3307962417602539 s [/mnt/ioopt/appbench/apps/MLPerf-storage/dlio_benchmark/dlio_benchmark/utils/statscounter.py:325]
[INFO] 2025-05-05T10:29:31.376770 Rank 0 step 23 processed 5 samples in 0.3284435272216797 s [/mnt/ioopt/appbench/apps/MLPerf-storage/dlio_benchmark/dlio_benchmark/utils/statscounter.py:325]
[INFO] 2025-05-05T10:29:31.705920 Rank 0 step 24 processed 5 samples in 0.32868218421936035 s [/mnt/ioopt/appbench/apps/MLPerf-storage/dlio_benchmark/dlio_benchmark/utils/statscounter.py:325]
[INFO] 2025-05-05T10:29:49.327448 Rank 0 step 25 processed 5 samples in 17.621065378189087 s [/mnt/ioopt/appbench/apps/MLPerf-storage/dlio_benchmark/dlio_benchmark/utils/statscounter.py:325]
[INFO] 2025-05-05T10:29:54.379295 Rank 0 step 26 processed 5 samples in 5.051328420639038 s [/mnt/ioopt/appbench/apps/MLPerf-storage/dlio_benchmark/dlio_benchmark/utils/statscounter.py:325]
[INFO] 2025-05-05T10:29:56.941906 Rank 0 step 27 processed 5 samples in 2.562077522277832 s [/mnt/ioopt/appbench/apps/MLPerf-storage/dlio_benchmark/dlio_benchmark/utils/statscounter.py:325]
[INFO] 2025-05-05T10:29:57.270890 Rank 0 step 28 processed 5 samples in 0.32845282554626465 s [/mnt/ioopt/appbench/apps/MLPerf-storage/dlio_benchmark/dlio_benchmark/utils/statscounter.py:325]
[INFO] 2025-05-05T10:30:00.533834 Rank 0 step 29 processed 5 samples in 3.262454032897949 s [/mnt/ioopt/appbench/apps/MLPerf-storage/dlio_benchmark/dlio_benchmark/utils/statscounter.py:325]
[INFO] 2025-05-05T10:30:01.210094 Rank 0 step 30 processed 5 samples in 0.6757650375366211 s [/mnt/ioopt/appbench/apps/MLPerf-storage/dlio_benchmark/dlio_benchmark/utils/statscounter.py:325]
[INFO] 2025-05-05T10:30:01.539675 Rank 0 step 31 processed 5 samples in 0.3290274143218994 s [/mnt/ioopt/appbench/apps/MLPerf-storage/dlio_benchmark/dlio_benchmark/utils/statscounter.py:325]
[INFO] 2025-05-05T10:30:02.724454 Rank 0 step 32 processed 5 samples in 1.1842615604400635 s [/mnt/ioopt/appbench/apps/MLPerf-storage/dlio_benchmark/dlio_benchmark/utils/statscounter.py:325]
[INFO] 2025-05-05T10:30:03.053344 Rank 0 step 33 processed 5 samples in 0.328444242477417 s [/mnt/ioopt/appbench/apps/MLPerf-storage/dlio_benchmark/dlio_benchmark/utils/statscounter.py:325]
[INFO] 2025-05-05T10:30:03.382317 Rank 0 step 34 processed 5 samples in 0.3285534381866455 s [/mnt/ioopt/appbench/apps/MLPerf-storage/dlio_benchmark/dlio_benchmark/utils/statscounter.py:325]
[INFO] 2025-05-05T10:30:06.397714 Rank 0 step 35 processed 5 samples in 3.014979124069214 s [/mnt/ioopt/appbench/apps/MLPerf-storage/dlio_benchmark/dlio_benchmark/utils/statscounter.py:325]
[INFO] 2025-05-05T10:30:06.726859 Rank 0 step 36 processed 5 samples in 0.32868051528930664 s [/mnt/ioopt/appbench/apps/MLPerf-storage/dlio_benchmark/dlio_benchmark/utils/statscounter.py:325]
[INFO] 2025-05-05T10:30:19.845487 Rank 0 step 37 processed 5 samples in 13.118141651153564 s [/mnt/ioopt/appbench/apps/MLPerf-storage/dlio_benchmark/dlio_benchmark/utils/statscounter.py:325]
[INFO] 2025-05-05T10:30:20.174939 Rank 0 step 38 processed 5 samples in 0.3288896083831787 s [/mnt/ioopt/appbench/apps/MLPerf-storage/dlio_benchmark/dlio_benchmark/utils/statscounter.py:325]
[INFO] 2025-05-05T10:30:26.060111 Rank 0 step 39 processed 5 samples in 5.884634971618652 s [/mnt/ioopt/appbench/apps/MLPerf-storage/dlio_benchmark/dlio_benchmark/utils/statscounter.py:325]
[INFO] 2025-05-05T10:30:26.389095 Rank 0 step 40 processed 5 samples in 0.3284618854522705 s [/mnt/ioopt/appbench/apps/MLPerf-storage/dlio_benchmark/dlio_benchmark/utils/statscounter.py:325]
[INFO] 2025-05-05T10:30:27.347074 Rank 0 step 41 processed 5 samples in 0.9575297832489014 s [/mnt/ioopt/appbench/apps/MLPerf-storage/dlio_benchmark/dlio_benchmark/utils/statscounter.py:325]
[INFO] 2025-05-05T10:30:27.676177 Rank 0 step 42 processed 5 samples in 0.3286440372467041 s [/mnt/ioopt/appbench/apps/MLPerf-storage/dlio_benchmark/dlio_benchmark/utils/statscounter.py:325]
[INFO] 2025-05-05T10:30:32.569903 Rank 0 step 43 processed 5 samples in 4.893235206604004 s [/mnt/ioopt/appbench/apps/MLPerf-storage/dlio_benchmark/dlio_benchmark/utils/statscounter.py:325]
[INFO] 2025-05-05T10:30:36.739769 Rank 0 step 44 processed 5 samples in 4.168415069580078 s [/mnt/ioopt/appbench/apps/MLPerf-storage/dlio_benchmark/dlio_benchmark/utils/statscounter.py:325]
[INFO] 2025-05-05T10:30:37.068605 Rank 0 step 45 processed 5 samples in 0.32835888862609863 s [/mnt/ioopt/appbench/apps/MLPerf-storage/dlio_benchmark/dlio_benchmark/utils/statscounter.py:325]
[INFO] 2025-05-05T10:30:37.397324 Rank 0 step 46 processed 5 samples in 0.3282759189605713 s [/mnt/ioopt/appbench/apps/MLPerf-storage/dlio_benchmark/dlio_benchmark/utils/statscounter.py:325]
[INFO] 2025-05-05T10:30:37.725968 Rank 0 step 47 processed 5 samples in 0.3282151222229004 s [/mnt/ioopt/appbench/apps/MLPerf-storage/dlio_benchmark/dlio_benchmark/utils/statscounter.py:325]
[INFO] 2025-05-05T10:30:38.054979 Rank 0 step 48 processed 5 samples in 0.32858824729919434 s [/mnt/ioopt/appbench/apps/MLPerf-storage/dlio_benchmark/dlio_benchmark/utils/statscounter.py:325]
[INFO] 2025-05-05T10:30:46.881747 Rank 0 step 49 processed 5 samples in 8.826318979263306 s [/mnt/ioopt/appbench/apps/MLPerf-storage/dlio_benchmark/dlio_benchmark/utils/statscounter.py:325]
[INFO] 2025-05-05T10:30:47.211444 Rank 0 step 50 processed 5 samples in 0.32918453216552734 s [/mnt/ioopt/appbench/apps/MLPerf-storage/dlio_benchmark/dlio_benchmark/utils/statscounter.py:325]
[INFO] 2025-05-05T10:30:58.710829 Rank 0 step 51 processed 5 samples in 11.49887466430664 s [/mnt/ioopt/appbench/apps/MLPerf-storage/dlio_benchmark/dlio_benchmark/utils/statscounter.py:325]
[INFO] 2025-05-05T10:30:59.039886 Rank 0 step 52 processed 5 samples in 0.3285553455352783 s [/mnt/ioopt/appbench/apps/MLPerf-storage/dlio_benchmark/dlio_benchmark/utils/statscounter.py:325]
[INFO] 2025-05-05T10:30:59.368994 Rank 0 step 53 processed 5 samples in 0.32866477966308594 s [/mnt/ioopt/appbench/apps/MLPerf-storage/dlio_benchmark/dlio_benchmark/utils/statscounter.py:325]
[INFO] 2025-05-05T10:30:59.697951 Rank 0 step 54 processed 5 samples in 0.3285236358642578 s [/mnt/ioopt/appbench/apps/MLPerf-storage/dlio_benchmark/dlio_benchmark/utils/statscounter.py:325]
[INFO] 2025-05-05T10:31:03.583327 Rank 0 step 55 processed 5 samples in 3.884953260421753 s [/mnt/ioopt/appbench/apps/MLPerf-storage/dlio_benchmark/dlio_benchmark/utils/statscounter.py:325]
[INFO] 2025-05-05T10:31:03.912783 Rank 0 step 56 processed 5 samples in 0.3284950256347656 s [/mnt/ioopt/appbench/apps/MLPerf-storage/dlio_benchmark/dlio_benchmark/utils/statscounter.py:325]
[INFO] 2025-05-05T10:31:04.335774 Rank 0 step 57 processed 5 samples in 0.42256712913513184 s [/mnt/ioopt/appbench/apps/MLPerf-storage/dlio_benchmark/dlio_benchmark/utils/statscounter.py:325]
[INFO] 2025-05-05T10:31:04.664962 Rank 0 step 58 processed 5 samples in 0.32865452766418457 s [/mnt/ioopt/appbench/apps/MLPerf-storage/dlio_benchmark/dlio_benchmark/utils/statscounter.py:325]
[INFO] 2025-05-05T10:31:07.555703 Rank 0 step 59 processed 5 samples in 2.890359878540039 s [/mnt/ioopt/appbench/apps/MLPerf-storage/dlio_benchmark/dlio_benchmark/utils/statscounter.py:325]
[INFO] 2025-05-05T10:31:07.884416 Rank 0 step 60 processed 5 samples in 0.32819056510925293 s [/mnt/ioopt/appbench/apps/MLPerf-storage/dlio_benchmark/dlio_benchmark/utils/statscounter.py:325]
[INFO] 2025-05-05T10:31:21.640199 Rank 0 step 61 processed 5 samples in 13.755253314971924 s [/mnt/ioopt/appbench/apps/MLPerf-storage/dlio_benchmark/dlio_benchmark/utils/statscounter.py:325]
[INFO] 2025-05-05T10:31:22.102667 Rank 0 step 62 processed 5 samples in 0.46190500259399414 s [/mnt/ioopt/appbench/apps/MLPerf-storage/dlio_benchmark/dlio_benchmark/utils/statscounter.py:325]
[INFO] 2025-05-05T10:31:26.681332 Rank 0 step 63 processed 5 samples in 4.578112602233887 s [/mnt/ioopt/appbench/apps/MLPerf-storage/dlio_benchmark/dlio_benchmark/utils/statscounter.py:325]
[INFO] 2025-05-05T10:31:28.520128 Rank 0 step 64 processed 5 samples in 1.8382768630981445 s [/mnt/ioopt/appbench/apps/MLPerf-storage/dlio_benchmark/dlio_benchmark/utils/statscounter.py:325]
[INFO] 2025-05-05T10:31:30.340863 Rank 0 step 65 processed 5 samples in 1.8201868534088135 s [/mnt/ioopt/appbench/apps/MLPerf-storage/dlio_benchmark/dlio_benchmark/utils/statscounter.py:325]
[INFO] 2025-05-05T10:31:30.669915 Rank 0 step 66 processed 5 samples in 0.3285496234893799 s [/mnt/ioopt/appbench/apps/MLPerf-storage/dlio_benchmark/dlio_benchmark/utils/statscounter.py:325]
[INFO] 2025-05-05T10:31:30.998724 Rank 0 step 67 processed 5 samples in 0.32836365699768066 s [/mnt/ioopt/appbench/apps/MLPerf-storage/dlio_benchmark/dlio_benchmark/utils/statscounter.py:325]
[INFO] 2025-05-05T10:31:31.327880 Rank 0 step 68 processed 5 samples in 0.3286709785461426 s [/mnt/ioopt/appbench/apps/MLPerf-storage/dlio_benchmark/dlio_benchmark/utils/statscounter.py:325]
[INFO] 2025-05-05T10:31:31.655234 Rank 0 step 69 processed 5 samples in 0.3269031047821045 s [/mnt/ioopt/appbench/apps/MLPerf-storage/dlio_benchmark/dlio_benchmark/utils/statscounter.py:325]
[INFO] 2025-05-05T10:31:31.988832 Rank 0 step 70 processed 5 samples in 0.3330652713775635 s [/mnt/ioopt/appbench/apps/MLPerf-storage/dlio_benchmark/dlio_benchmark/utils/statscounter.py:325]
[INFO] 2025-05-05T10:31:36.631608 Rank 0 step 71 processed 5 samples in 4.642273902893066 s [/mnt/ioopt/appbench/apps/MLPerf-storage/dlio_benchmark/dlio_benchmark/utils/statscounter.py:325]
[INFO] 2025-05-05T10:31:36.960580 Rank 0 step 72 processed 5 samples in 0.32849693298339844 s [/mnt/ioopt/appbench/apps/MLPerf-storage/dlio_benchmark/dlio_benchmark/utils/statscounter.py:325]
[INFO] 2025-05-05T10:31:46.478408 Rank 0 step 73 processed 5 samples in 9.51737117767334 s [/mnt/ioopt/appbench/apps/MLPerf-storage/dlio_benchmark/dlio_benchmark/utils/statscounter.py:325]
[INFO] 2025-05-05T10:31:46.813517 Rank 0 step 74 processed 5 samples in 0.33454203605651855 s [/mnt/ioopt/appbench/apps/MLPerf-storage/dlio_benchmark/dlio_benchmark/utils/statscounter.py:325]
[INFO] 2025-05-05T10:31:53.134801 Rank 0 step 75 processed 5 samples in 6.320361375808716 s [/mnt/ioopt/appbench/apps/MLPerf-storage/dlio_benchmark/dlio_benchmark/utils/statscounter.py:325]
[INFO] 2025-05-05T10:31:57.036579 Rank 0 step 76 processed 5 samples in 3.901148557662964 s [/mnt/ioopt/appbench/apps/MLPerf-storage/dlio_benchmark/dlio_benchmark/utils/statscounter.py:325]
[INFO] 2025-05-05T10:31:57.365791 Rank 0 step 77 processed 5 samples in 0.3287017345428467 s [/mnt/ioopt/appbench/apps/MLPerf-storage/dlio_benchmark/dlio_benchmark/utils/statscounter.py:325]
[INFO] 2025-05-05T10:31:57.695064 Rank 0 step 78 processed 5 samples in 0.32874083518981934 s [/mnt/ioopt/appbench/apps/MLPerf-storage/dlio_benchmark/dlio_benchmark/utils/statscounter.py:325]
[INFO] 2025-05-05T10:31:58.024152 Rank 0 step 79 processed 5 samples in 0.32863640785217285 s [/mnt/ioopt/appbench/apps/MLPerf-storage/dlio_benchmark/dlio_benchmark/utils/statscounter.py:325]
[INFO] 2025-05-05T10:31:58.354808 Rank 0 step 80 processed 5 samples in 0.3302268981933594 s [/mnt/ioopt/appbench/apps/MLPerf-storage/dlio_benchmark/dlio_benchmark/utils/statscounter.py:325]
[INFO] 2025-05-05T10:31:58.685809 Rank 0 step 81 processed 5 samples in 0.3304741382598877 s [/mnt/ioopt/appbench/apps/MLPerf-storage/dlio_benchmark/dlio_benchmark/utils/statscounter.py:325]
[INFO] 2025-05-05T10:31:59.014862 Rank 0 step 82 processed 5 samples in 0.3286254405975342 s [/mnt/ioopt/appbench/apps/MLPerf-storage/dlio_benchmark/dlio_benchmark/utils/statscounter.py:325]
[INFO] 2025-05-05T10:32:03.881332 Rank 0 step 83 processed 5 samples in 4.865999460220337 s [/mnt/ioopt/appbench/apps/MLPerf-storage/dlio_benchmark/dlio_benchmark/utils/statscounter.py:325]
[INFO] 2025-05-05T10:32:04.210588 Rank 0 step 84 processed 5 samples in 0.3287816047668457 s [/mnt/ioopt/appbench/apps/MLPerf-storage/dlio_benchmark/dlio_benchmark/utils/statscounter.py:325]
[INFO] 2025-05-05T10:32:10.288771 Rank 0 step 85 processed 5 samples in 6.077706575393677 s [/mnt/ioopt/appbench/apps/MLPerf-storage/dlio_benchmark/dlio_benchmark/utils/statscounter.py:325]
[INFO] 2025-05-05T10:32:15.530054 Rank 0 step 86 processed 5 samples in 5.240760564804077 s [/mnt/ioopt/appbench/apps/MLPerf-storage/dlio_benchmark/dlio_benchmark/utils/statscounter.py:325]
[INFO] 2025-05-05T10:32:15.858845 Rank 0 step 87 processed 5 samples in 0.32828807830810547 s [/mnt/ioopt/appbench/apps/MLPerf-storage/dlio_benchmark/dlio_benchmark/utils/statscounter.py:325]
[INFO] 2025-05-05T10:32:25.045736 Rank 0 step 88 processed 5 samples in 9.186421871185303 s [/mnt/ioopt/appbench/apps/MLPerf-storage/dlio_benchmark/dlio_benchmark/utils/statscounter.py:325]
[INFO] 2025-05-05T10:32:25.375099 Rank 0 step 89 processed 5 samples in 0.32884716987609863 s [/mnt/ioopt/appbench/apps/MLPerf-storage/dlio_benchmark/dlio_benchmark/utils/statscounter.py:325]
[INFO] 2025-05-05T10:32:25.703959 Rank 0 step 90 processed 5 samples in 0.3283517360687256 s [/mnt/ioopt/appbench/apps/MLPerf-storage/dlio_benchmark/dlio_benchmark/utils/statscounter.py:325]
[INFO] 2025-05-05T10:32:26.033018 Rank 0 step 91 processed 5 samples in 0.32862162590026855 s [/mnt/ioopt/appbench/apps/MLPerf-storage/dlio_benchmark/dlio_benchmark/utils/statscounter.py:325]
[INFO] 2025-05-05T10:32:28.983783 Rank 0 step 92 processed 5 samples in 2.9503188133239746 s [/mnt/ioopt/appbench/apps/MLPerf-storage/dlio_benchmark/dlio_benchmark/utils/statscounter.py:325]
[INFO] 2025-05-05T10:32:31.042815 Rank 0 step 93 processed 5 samples in 2.058551549911499 s [/mnt/ioopt/appbench/apps/MLPerf-storage/dlio_benchmark/dlio_benchmark/utils/statscounter.py:325]
[INFO] 2025-05-05T10:32:31.371794 Rank 0 step 94 processed 5 samples in 0.32842063903808594 s [/mnt/ioopt/appbench/apps/MLPerf-storage/dlio_benchmark/dlio_benchmark/utils/statscounter.py:325]
[INFO] 2025-05-05T10:32:33.966415 Rank 0 step 95 processed 5 samples in 2.594085454940796 s [/mnt/ioopt/appbench/apps/MLPerf-storage/dlio_benchmark/dlio_benchmark/utils/statscounter.py:325]
[INFO] 2025-05-05T10:32:35.065479 Rank 0 step 96 processed 5 samples in 1.0985300540924072 s [/mnt/ioopt/appbench/apps/MLPerf-storage/dlio_benchmark/dlio_benchmark/utils/statscounter.py:325]
[INFO] 2025-05-05T10:32:36.430993 Rank 0 step 97 processed 5 samples in 1.3652265071868896 s [/mnt/ioopt/appbench/apps/MLPerf-storage/dlio_benchmark/dlio_benchmark/utils/statscounter.py:325]
[INFO] 2025-05-05T10:32:41.414667 Rank 0 step 98 processed 5 samples in 4.983210802078247 s [/mnt/ioopt/appbench/apps/MLPerf-storage/dlio_benchmark/dlio_benchmark/utils/statscounter.py:325]
[INFO] 2025-05-05T10:32:49.391994 Rank 0 step 99 processed 5 samples in 7.976786851882935 s [/mnt/ioopt/appbench/apps/MLPerf-storage/dlio_benchmark/dlio_benchmark/utils/statscounter.py:325]
[INFO] 2025-05-05T10:32:52.288890 Rank 0 step 100 processed 5 samples in 2.8964016437530518 s [/mnt/ioopt/appbench/apps/MLPerf-storage/dlio_benchmark/dlio_benchmark/utils/statscounter.py:325]
[INFO] 2025-05-05T10:32:58.404185 Rank 0 step 101 processed 5 samples in 6.114759922027588 s [/mnt/ioopt/appbench/apps/MLPerf-storage/dlio_benchmark/dlio_benchmark/utils/statscounter.py:325]
[INFO] 2025-05-05T10:32:58.729700 Rank 0 step 102 processed 5 samples in 0.32517194747924805 s [/mnt/ioopt/appbench/apps/MLPerf-storage/dlio_benchmark/dlio_benchmark/utils/statscounter.py:325]
[INFO] 2025-05-05T10:32:59.055628 Rank 0 step 103 processed 5 samples in 0.3256378173828125 s [/mnt/ioopt/appbench/apps/MLPerf-storage/dlio_benchmark/dlio_benchmark/utils/statscounter.py:325]
[INFO] 2025-05-05T10:32:59.381161 Rank 0 step 104 processed 5 samples in 0.3252596855163574 s [/mnt/ioopt/appbench/apps/MLPerf-storage/dlio_benchmark/dlio_benchmark/utils/statscounter.py:325]
[INFO] 2025-05-05T10:32:59.710291 Rank 0 step 105 processed 5 samples in 0.32862043380737305 s [/mnt/ioopt/appbench/apps/MLPerf-storage/dlio_benchmark/dlio_benchmark/utils/statscounter.py:325]
[INFO] 2025-05-05T10:33:01.031517 Rank 0 step 106 processed 5 samples in 1.320728063583374 s [/mnt/ioopt/appbench/apps/MLPerf-storage/dlio_benchmark/dlio_benchmark/utils/statscounter.py:325]
[INFO] 2025-05-05T10:33:01.365960 Rank 0 step 107 processed 5 samples in 0.3336963653564453 s [/mnt/ioopt/appbench/apps/MLPerf-storage/dlio_benchmark/dlio_benchmark/utils/statscounter.py:325]
[INFO] 2025-05-05T10:33:08.445237 Rank 0 step 108 processed 5 samples in 7.078805923461914 s [/mnt/ioopt/appbench/apps/MLPerf-storage/dlio_benchmark/dlio_benchmark/utils/statscounter.py:325]
[INFO] 2025-05-05T10:33:08.771519 Rank 0 step 109 processed 5 samples in 0.32588911056518555 s [/mnt/ioopt/appbench/apps/MLPerf-storage/dlio_benchmark/dlio_benchmark/utils/statscounter.py:325]
[INFO] 2025-05-05T10:33:09.100983 Rank 0 step 110 processed 5 samples in 0.32900261878967285 s [/mnt/ioopt/appbench/apps/MLPerf-storage/dlio_benchmark/dlio_benchmark/utils/statscounter.py:325]
[INFO] 2025-05-05T10:33:14.644568 Rank 0 step 111 processed 5 samples in 5.543206453323364 s [/mnt/ioopt/appbench/apps/MLPerf-storage/dlio_benchmark/dlio_benchmark/utils/statscounter.py:325]
[INFO] 2025-05-05T10:33:21.765272 Rank 0 step 112 processed 5 samples in 7.120179891586304 s [/mnt/ioopt/appbench/apps/MLPerf-storage/dlio_benchmark/dlio_benchmark/utils/statscounter.py:325]
[INFO] 2025-05-05T10:33:23.292885 Rank 0 step 113 processed 5 samples in 1.5271174907684326 s [/mnt/ioopt/appbench/apps/MLPerf-storage/dlio_benchmark/dlio_benchmark/utils/statscounter.py:325]
[INFO] 2025-05-05T10:33:30.021640 Rank 0 step 114 processed 5 samples in 6.7282798290252686 s [/mnt/ioopt/appbench/apps/MLPerf-storage/dlio_benchmark/dlio_benchmark/utils/statscounter.py:325]
[INFO] 2025-05-05T10:33:33.054126 Rank 0 step 115 processed 5 samples in 3.0319318771362305 s [/mnt/ioopt/appbench/apps/MLPerf-storage/dlio_benchmark/dlio_benchmark/utils/statscounter.py:325]
[INFO] 2025-05-05T10:33:33.383014 Rank 0 step 116 processed 5 samples in 0.32839083671569824 s [/mnt/ioopt/appbench/apps/MLPerf-storage/dlio_benchmark/dlio_benchmark/utils/statscounter.py:325]
[INFO] 2025-05-05T10:33:33.711954 Rank 0 step 117 processed 5 samples in 0.32843661308288574 s [/mnt/ioopt/appbench/apps/MLPerf-storage/dlio_benchmark/dlio_benchmark/utils/statscounter.py:325]
[INFO] 2025-05-05T10:33:34.041057 Rank 0 step 118 processed 5 samples in 0.32863521575927734 s [/mnt/ioopt/appbench/apps/MLPerf-storage/dlio_benchmark/dlio_benchmark/utils/statscounter.py:325]
[INFO] 2025-05-05T10:33:34.369922 Rank 0 step 119 processed 5 samples in 0.32839441299438477 s [/mnt/ioopt/appbench/apps/MLPerf-storage/dlio_benchmark/dlio_benchmark/utils/statscounter.py:325]
[INFO] 2025-05-05T10:33:39.645537 Rank 0 step 120 processed 5 samples in 5.275144577026367 s [/mnt/ioopt/appbench/apps/MLPerf-storage/dlio_benchmark/dlio_benchmark/utils/statscounter.py:325]
[INFO] 2025-05-05T10:33:39.974391 Rank 0 step 121 processed 5 samples in 0.32837843894958496 s [/mnt/ioopt/appbench/apps/MLPerf-storage/dlio_benchmark/dlio_benchmark/utils/statscounter.py:325]
[INFO] 2025-05-05T10:33:40.303841 Rank 0 step 122 processed 5 samples in 0.3289945125579834 s [/mnt/ioopt/appbench/apps/MLPerf-storage/dlio_benchmark/dlio_benchmark/utils/statscounter.py:325]
[INFO] 2025-05-05T10:33:45.095293 Rank 0 step 123 processed 5 samples in 4.790994644165039 s [/mnt/ioopt/appbench/apps/MLPerf-storage/dlio_benchmark/dlio_benchmark/utils/statscounter.py:325]
[INFO] 2025-05-05T10:33:47.469001 Rank 0 step 124 processed 5 samples in 2.3732030391693115 s [/mnt/ioopt/appbench/apps/MLPerf-storage/dlio_benchmark/dlio_benchmark/utils/statscounter.py:325]
[INFO] 2025-05-05T10:33:49.426724 Rank 0 step 125 processed 5 samples in 1.9571809768676758 s [/mnt/ioopt/appbench/apps/MLPerf-storage/dlio_benchmark/dlio_benchmark/utils/statscounter.py:325]
[INFO] 2025-05-05T10:33:59.969810 Rank 0 step 126 processed 5 samples in 10.542582035064697 s [/mnt/ioopt/appbench/apps/MLPerf-storage/dlio_benchmark/dlio_benchmark/utils/statscounter.py:325]
[INFO] 2025-05-05T10:34:05.933968 Rank 0 step 127 processed 5 samples in 5.963681221008301 s [/mnt/ioopt/appbench/apps/MLPerf-storage/dlio_benchmark/dlio_benchmark/utils/statscounter.py:325]
[INFO] 2025-05-05T10:34:06.262719 Rank 0 step 128 processed 5 samples in 0.32828497886657715 s [/mnt/ioopt/appbench/apps/MLPerf-storage/dlio_benchmark/dlio_benchmark/utils/statscounter.py:325]
[INFO] 2025-05-05T10:34:06.591471 Rank 0 step 129 processed 5 samples in 0.3282632827758789 s [/mnt/ioopt/appbench/apps/MLPerf-storage/dlio_benchmark/dlio_benchmark/utils/statscounter.py:325]
[INFO] 2025-05-05T10:34:06.920445 Rank 0 step 130 processed 5 samples in 0.32855820655822754 s [/mnt/ioopt/appbench/apps/MLPerf-storage/dlio_benchmark/dlio_benchmark/utils/statscounter.py:325]
[INFO] 2025-05-05T10:34:07.249341 Rank 0 step 131 processed 5 samples in 0.3284718990325928 s [/mnt/ioopt/appbench/apps/MLPerf-storage/dlio_benchmark/dlio_benchmark/utils/statscounter.py:325]
[INFO] 2025-05-05T10:34:07.578123 Rank 0 step 132 processed 5 samples in 0.3283531665802002 s [/mnt/ioopt/appbench/apps/MLPerf-storage/dlio_benchmark/dlio_benchmark/utils/statscounter.py:325]
[INFO] 2025-05-05T10:34:07.907880 Rank 0 step 133 processed 5 samples in 0.3292255401611328 s [/mnt/ioopt/appbench/apps/MLPerf-storage/dlio_benchmark/dlio_benchmark/utils/statscounter.py:325]
[INFO] 2025-05-05T10:34:08.236594 Rank 0 step 134 processed 5 samples in 0.3282806873321533 s [/mnt/ioopt/appbench/apps/MLPerf-storage/dlio_benchmark/dlio_benchmark/utils/statscounter.py:325]
[INFO] 2025-05-05T10:34:08.565313 Rank 0 step 135 processed 5 samples in 0.3282134532928467 s [/mnt/ioopt/appbench/apps/MLPerf-storage/dlio_benchmark/dlio_benchmark/utils/statscounter.py:325]
[INFO] 2025-05-05T10:34:08.896743 Rank 0 step 136 processed 5 samples in 0.33095359802246094 s [/mnt/ioopt/appbench/apps/MLPerf-storage/dlio_benchmark/dlio_benchmark/utils/statscounter.py:325]
[INFO] 2025-05-05T10:34:12.435897 Rank 0 step 137 processed 5 samples in 3.5386083126068115 s [/mnt/ioopt/appbench/apps/MLPerf-storage/dlio_benchmark/dlio_benchmark/utils/statscounter.py:325]
[INFO] 2025-05-05T10:34:21.871214 Rank 0 step 138 processed 5 samples in 9.434807777404785 s [/mnt/ioopt/appbench/apps/MLPerf-storage/dlio_benchmark/dlio_benchmark/utils/statscounter.py:325]
[INFO] 2025-05-05T10:34:31.745215 Rank 0 step 139 processed 5 samples in 9.870348930358887 s [/mnt/ioopt/appbench/apps/MLPerf-storage/dlio_benchmark/dlio_benchmark/utils/statscounter.py:325]
[INFO] 2025-05-05T10:34:35.593770 Rank 0 step 140 processed 5 samples in 3.8480606079101562 s [/mnt/ioopt/appbench/apps/MLPerf-storage/dlio_benchmark/dlio_benchmark/utils/statscounter.py:325]
[INFO] 2025-05-05T10:34:37.411014 Rank 0 step 141 processed 5 samples in 1.8167591094970703 s [/mnt/ioopt/appbench/apps/MLPerf-storage/dlio_benchmark/dlio_benchmark/utils/statscounter.py:325]
[INFO] 2025-05-05T10:34:37.736632 Rank 0 step 142 processed 5 samples in 0.3252694606781006 s [/mnt/ioopt/appbench/apps/MLPerf-storage/dlio_benchmark/dlio_benchmark/utils/statscounter.py:325]
[INFO] 2025-05-05T10:34:40.982870 Rank 0 step 143 processed 5 samples in 3.245722532272339 s [/mnt/ioopt/appbench/apps/MLPerf-storage/dlio_benchmark/dlio_benchmark/utils/statscounter.py:325]
[INFO] 2025-05-05T10:34:41.311557 Rank 0 step 144 processed 5 samples in 0.32817769050598145 s [/mnt/ioopt/appbench/apps/MLPerf-storage/dlio_benchmark/dlio_benchmark/utils/statscounter.py:325]
[INFO] 2025-05-05T10:34:41.640250 Rank 0 step 145 processed 5 samples in 0.328244686126709 s [/mnt/ioopt/appbench/apps/MLPerf-storage/dlio_benchmark/dlio_benchmark/utils/statscounter.py:325]
[INFO] 2025-05-05T10:34:41.969144 Rank 0 step 146 processed 5 samples in 0.3284740447998047 s [/mnt/ioopt/appbench/apps/MLPerf-storage/dlio_benchmark/dlio_benchmark/utils/statscounter.py:325]
[INFO] 2025-05-05T10:34:42.298023 Rank 0 step 147 processed 5 samples in 0.32847023010253906 s [/mnt/ioopt/appbench/apps/MLPerf-storage/dlio_benchmark/dlio_benchmark/utils/statscounter.py:325]
[INFO] 2025-05-05T10:34:42.626686 Rank 0 step 148 processed 5 samples in 0.3282492160797119 s [/mnt/ioopt/appbench/apps/MLPerf-storage/dlio_benchmark/dlio_benchmark/utils/statscounter.py:325]
[INFO] 2025-05-05T10:34:43.494128 Rank 0 step 149 processed 5 samples in 0.8669958114624023 s [/mnt/ioopt/appbench/apps/MLPerf-storage/dlio_benchmark/dlio_benchmark/utils/statscounter.py:325]
[INFO] 2025-05-05T10:34:45.042974 Rank 0 step 150 processed 5 samples in 1.5483934879302979 s [/mnt/ioopt/appbench/apps/MLPerf-storage/dlio_benchmark/dlio_benchmark/utils/statscounter.py:325]
[INFO] 2025-05-05T10:35:04.468322 Rank 0 step 151 processed 5 samples in 19.424806356430054 s [/mnt/ioopt/appbench/apps/MLPerf-storage/dlio_benchmark/dlio_benchmark/utils/statscounter.py:325]
[INFO] 2025-05-05T10:35:07.207369 Rank 0 step 152 processed 5 samples in 2.7387373447418213 s [/mnt/ioopt/appbench/apps/MLPerf-storage/dlio_benchmark/dlio_benchmark/utils/statscounter.py:325]
[INFO] 2025-05-05T10:35:07.532922 Rank 0 step 153 processed 5 samples in 0.3252835273742676 s [/mnt/ioopt/appbench/apps/MLPerf-storage/dlio_benchmark/dlio_benchmark/utils/statscounter.py:325]
[INFO] 2025-05-05T10:35:07.858583 Rank 0 step 154 processed 5 samples in 0.32540202140808105 s [/mnt/ioopt/appbench/apps/MLPerf-storage/dlio_benchmark/dlio_benchmark/utils/statscounter.py:325]
[INFO] 2025-05-05T10:35:08.186051 Rank 0 step 155 processed 5 samples in 0.32698678970336914 s [/mnt/ioopt/appbench/apps/MLPerf-storage/dlio_benchmark/dlio_benchmark/utils/statscounter.py:325]
[INFO] 2025-05-05T10:35:08.514020 Rank 0 step 156 processed 5 samples in 0.32764697074890137 s [/mnt/ioopt/appbench/apps/MLPerf-storage/dlio_benchmark/dlio_benchmark/utils/statscounter.py:325]
[INFO] 2025-05-05T10:35:10.067992 Rank 0 step 157 processed 5 samples in 1.5536541938781738 s [/mnt/ioopt/appbench/apps/MLPerf-storage/dlio_benchmark/dlio_benchmark/utils/statscounter.py:325]
[INFO] 2025-05-05T10:35:11.146868 Rank 0 step 158 processed 5 samples in 1.0778422355651855 s [/mnt/ioopt/appbench/apps/MLPerf-storage/dlio_benchmark/dlio_benchmark/utils/statscounter.py:325]
[INFO] 2025-05-05T10:35:11.475856 Rank 0 step 159 processed 5 samples in 0.3284115791320801 s [/mnt/ioopt/appbench/apps/MLPerf-storage/dlio_benchmark/dlio_benchmark/utils/statscounter.py:325]
[INFO] 2025-05-05T10:35:11.804771 Rank 0 step 160 processed 5 samples in 0.3284461498260498 s [/mnt/ioopt/appbench/apps/MLPerf-storage/dlio_benchmark/dlio_benchmark/utils/statscounter.py:325]
[INFO] 2025-05-05T10:35:12.133956 Rank 0 step 161 processed 5 samples in 0.32871413230895996 s [/mnt/ioopt/appbench/apps/MLPerf-storage/dlio_benchmark/dlio_benchmark/utils/statscounter.py:325]
[INFO] 2025-05-05T10:35:14.083501 Rank 0 step 162 processed 5 samples in 1.9490597248077393 s [/mnt/ioopt/appbench/apps/MLPerf-storage/dlio_benchmark/dlio_benchmark/utils/statscounter.py:325]
[INFO] 2025-05-05T10:35:31.176744 Rank 0 step 163 processed 5 samples in 17.092754125595093 s [/mnt/ioopt/appbench/apps/MLPerf-storage/dlio_benchmark/dlio_benchmark/utils/statscounter.py:325]
[INFO] 2025-05-05T10:35:35.251789 Rank 0 step 164 processed 5 samples in 4.074739456176758 s [/mnt/ioopt/appbench/apps/MLPerf-storage/dlio_benchmark/dlio_benchmark/utils/statscounter.py:325]
[INFO] 2025-05-05T10:35:35.577356 Rank 0 step 165 processed 5 samples in 0.3253002166748047 s [/mnt/ioopt/appbench/apps/MLPerf-storage/dlio_benchmark/dlio_benchmark/utils/statscounter.py:325]
[INFO] 2025-05-05T10:35:35.904253 Rank 0 step 166 processed 5 samples in 0.3264322280883789 s [/mnt/ioopt/appbench/apps/MLPerf-storage/dlio_benchmark/dlio_benchmark/utils/statscounter.py:325]
[INFO] 2025-05-05T10:35:36.232392 Rank 0 step 167 processed 5 samples in 0.3278038501739502 s [/mnt/ioopt/appbench/apps/MLPerf-storage/dlio_benchmark/dlio_benchmark/utils/statscounter.py:325]
[INFO] 2025-05-05T10:35:36.558840 Rank 0 step 168 processed 5 samples in 0.3260691165924072 s [/mnt/ioopt/appbench/apps/MLPerf-storage/dlio_benchmark/dlio_benchmark/utils/statscounter.py:325]
[INFO] 2025-05-05T10:35:36.885673 Rank 0 step 169 processed 5 samples in 0.3265659809112549 s [/mnt/ioopt/appbench/apps/MLPerf-storage/dlio_benchmark/dlio_benchmark/utils/statscounter.py:325]
[INFO] 2025-05-05T10:35:37.212234 Rank 0 step 170 processed 5 samples in 0.32624125480651855 s [/mnt/ioopt/appbench/apps/MLPerf-storage/dlio_benchmark/dlio_benchmark/utils/statscounter.py:325]
[INFO] 2025-05-05T10:35:38.758581 Rank 0 step 171 processed 5 samples in 1.5457680225372314 s [/mnt/ioopt/appbench/apps/MLPerf-storage/dlio_benchmark/dlio_benchmark/utils/statscounter.py:325]
[INFO] 2025-05-05T10:35:41.252795 Rank 0 step 172 processed 5 samples in 2.4938907623291016 s [/mnt/ioopt/appbench/apps/MLPerf-storage/dlio_benchmark/dlio_benchmark/utils/statscounter.py:325]
[INFO] 2025-05-05T10:35:41.581872 Rank 0 step 173 processed 5 samples in 0.32856082916259766 s [/mnt/ioopt/appbench/apps/MLPerf-storage/dlio_benchmark/dlio_benchmark/utils/statscounter.py:325]
[INFO] 2025-05-05T10:35:41.911138 Rank 0 step 174 processed 5 samples in 0.32875704765319824 s [/mnt/ioopt/appbench/apps/MLPerf-storage/dlio_benchmark/dlio_benchmark/utils/statscounter.py:325]
[INFO] 2025-05-05T10:35:59.574636 Rank 0 step 175 processed 5 samples in 17.662984371185303 s [/mnt/ioopt/appbench/apps/MLPerf-storage/dlio_benchmark/dlio_benchmark/utils/statscounter.py:325]
[INFO] 2025-05-05T10:35:59.903441 Rank 0 step 176 processed 5 samples in 0.3282954692840576 s [/mnt/ioopt/appbench/apps/MLPerf-storage/dlio_benchmark/dlio_benchmark/utils/statscounter.py:325]
[INFO] 2025-05-05T10:36:00.232279 Rank 0 step 177 processed 5 samples in 0.3284151554107666 s [/mnt/ioopt/appbench/apps/MLPerf-storage/dlio_benchmark/dlio_benchmark/utils/statscounter.py:325]
[INFO] 2025-05-05T10:36:02.587288 Rank 0 step 178 processed 5 samples in 2.3545849323272705 s [/mnt/ioopt/appbench/apps/MLPerf-storage/dlio_benchmark/dlio_benchmark/utils/statscounter.py:325]
[INFO] 2025-05-05T10:36:02.918890 Rank 0 step 179 processed 5 samples in 0.33101677894592285 s [/mnt/ioopt/appbench/apps/MLPerf-storage/dlio_benchmark/dlio_benchmark/utils/statscounter.py:325]
[INFO] 2025-05-05T10:36:03.247675 Rank 0 step 180 processed 5 samples in 0.3283050060272217 s [/mnt/ioopt/appbench/apps/MLPerf-storage/dlio_benchmark/dlio_benchmark/utils/statscounter.py:325]
[INFO] 2025-05-05T10:36:03.576349 Rank 0 step 181 processed 5 samples in 0.32823657989501953 s [/mnt/ioopt/appbench/apps/MLPerf-storage/dlio_benchmark/dlio_benchmark/utils/statscounter.py:325]
[INFO] 2025-05-05T10:36:03.905042 Rank 0 step 182 processed 5 samples in 0.32825183868408203 s [/mnt/ioopt/appbench/apps/MLPerf-storage/dlio_benchmark/dlio_benchmark/utils/statscounter.py:325]
[INFO] 2025-05-05T10:36:04.458686 Rank 0 step 183 processed 5 samples in 0.5531675815582275 s [/mnt/ioopt/appbench/apps/MLPerf-storage/dlio_benchmark/dlio_benchmark/utils/statscounter.py:325]
[INFO] 2025-05-05T10:36:04.787921 Rank 0 step 184 processed 5 samples in 0.32874274253845215 s [/mnt/ioopt/appbench/apps/MLPerf-storage/dlio_benchmark/dlio_benchmark/utils/statscounter.py:325]
[INFO] 2025-05-05T10:36:05.117198 Rank 0 step 185 processed 5 samples in 0.3288111686706543 s [/mnt/ioopt/appbench/apps/MLPerf-storage/dlio_benchmark/dlio_benchmark/utils/statscounter.py:325]
[INFO] 2025-05-05T10:36:07.962400 Rank 0 step 186 processed 5 samples in 2.844656467437744 s [/mnt/ioopt/appbench/apps/MLPerf-storage/dlio_benchmark/dlio_benchmark/utils/statscounter.py:325]
[INFO] 2025-05-05T10:36:28.846077 Rank 0 step 187 processed 5 samples in 20.883124113082886 s [/mnt/ioopt/appbench/apps/MLPerf-storage/dlio_benchmark/dlio_benchmark/utils/statscounter.py:325]
[INFO] 2025-05-05T10:36:29.175076 Rank 0 step 188 processed 5 samples in 0.3284614086151123 s [/mnt/ioopt/appbench/apps/MLPerf-storage/dlio_benchmark/dlio_benchmark/utils/statscounter.py:325]
[INFO] 2025-05-05T10:36:31.054632 Rank 0 step 189 processed 5 samples in 1.8791000843048096 s [/mnt/ioopt/appbench/apps/MLPerf-storage/dlio_benchmark/dlio_benchmark/utils/statscounter.py:325]
[INFO] 2025-05-05T10:36:33.369409 Rank 0 step 190 processed 5 samples in 2.3143470287323 s [/mnt/ioopt/appbench/apps/MLPerf-storage/dlio_benchmark/dlio_benchmark/utils/statscounter.py:325]
[INFO] 2025-05-05T10:36:33.701651 Rank 0 step 191 processed 5 samples in 0.3316531181335449 s [/mnt/ioopt/appbench/apps/MLPerf-storage/dlio_benchmark/dlio_benchmark/utils/statscounter.py:325]
[INFO] 2025-05-05T10:36:34.031978 Rank 0 step 192 processed 5 samples in 0.32940173149108887 s [/mnt/ioopt/appbench/apps/MLPerf-storage/dlio_benchmark/dlio_benchmark/utils/statscounter.py:325]
[INFO] 2025-05-05T10:36:38.661841 Rank 0 step 193 processed 5 samples in 4.629426956176758 s [/mnt/ioopt/appbench/apps/MLPerf-storage/dlio_benchmark/dlio_benchmark/utils/statscounter.py:325]
[INFO] 2025-05-05T10:36:38.990658 Rank 0 step 194 processed 5 samples in 0.32829976081848145 s [/mnt/ioopt/appbench/apps/MLPerf-storage/dlio_benchmark/dlio_benchmark/utils/statscounter.py:325]
[INFO] 2025-05-05T10:36:40.028534 Rank 0 step 195 processed 5 samples in 1.0374300479888916 s [/mnt/ioopt/appbench/apps/MLPerf-storage/dlio_benchmark/dlio_benchmark/utils/statscounter.py:325]
[INFO] 2025-05-05T10:36:40.463003 Rank 0 step 196 processed 5 samples in 0.3266608715057373 s [/mnt/ioopt/appbench/apps/MLPerf-storage/dlio_benchmark/dlio_benchmark/utils/statscounter.py:325]
[INFO] 2025-05-05T10:36:40.791824 Rank 0 step 197 processed 5 samples in 0.32833313941955566 s [/mnt/ioopt/appbench/apps/MLPerf-storage/dlio_benchmark/dlio_benchmark/utils/statscounter.py:325]
[INFO] 2025-05-05T10:36:41.117583 Rank 0 step 198 processed 5 samples in 0.3254556655883789 s [/mnt/ioopt/appbench/apps/MLPerf-storage/dlio_benchmark/dlio_benchmark/utils/statscounter.py:325]
[INFO] 2025-05-05T10:36:48.431402 Rank 0 step 199 processed 5 samples in 7.313359022140503 s [/mnt/ioopt/appbench/apps/MLPerf-storage/dlio_benchmark/dlio_benchmark/utils/statscounter.py:325]
[INFO] 2025-05-05T10:37:02.073919 Rank 0 step 200 processed 5 samples in 13.642042398452759 s [/mnt/ioopt/appbench/apps/MLPerf-storage/dlio_benchmark/dlio_benchmark/utils/statscounter.py:325]
[INFO] 2025-05-05T10:37:02.403158 Rank 0 step 201 processed 5 samples in 0.3287532329559326 s [/mnt/ioopt/appbench/apps/MLPerf-storage/dlio_benchmark/dlio_benchmark/utils/statscounter.py:325]
[INFO] 2025-05-05T10:37:02.732030 Rank 0 step 202 processed 5 samples in 0.32840633392333984 s [/mnt/ioopt/appbench/apps/MLPerf-storage/dlio_benchmark/dlio_benchmark/utils/statscounter.py:325]
[INFO] 2025-05-05T10:37:03.063116 Rank 0 step 203 processed 5 samples in 0.33062052726745605 s [/mnt/ioopt/appbench/apps/MLPerf-storage/dlio_benchmark/dlio_benchmark/utils/statscounter.py:325]
[INFO] 2025-05-05T10:37:06.704192 Rank 0 step 204 processed 5 samples in 3.640624523162842 s [/mnt/ioopt/appbench/apps/MLPerf-storage/dlio_benchmark/dlio_benchmark/utils/statscounter.py:325]
[INFO] 2025-05-05T10:37:07.033067 Rank 0 step 205 processed 5 samples in 0.3284168243408203 s [/mnt/ioopt/appbench/apps/MLPerf-storage/dlio_benchmark/dlio_benchmark/utils/statscounter.py:325]
[INFO] 2025-05-05T10:37:07.822407 Rank 0 step 206 processed 5 samples in 0.7888917922973633 s [/mnt/ioopt/appbench/apps/MLPerf-storage/dlio_benchmark/dlio_benchmark/utils/statscounter.py:325]
[INFO] 2025-05-05T10:37:08.640639 Rank 0 step 207 processed 5 samples in 0.8176782131195068 s [/mnt/ioopt/appbench/apps/MLPerf-storage/dlio_benchmark/dlio_benchmark/utils/statscounter.py:325]
[INFO] 2025-05-05T10:37:08.969570 Rank 0 step 208 processed 5 samples in 0.3284273147583008 s [/mnt/ioopt/appbench/apps/MLPerf-storage/dlio_benchmark/dlio_benchmark/utils/statscounter.py:325]
[INFO] 2025-05-05T10:37:09.299851 Rank 0 step 209 processed 5 samples in 0.3297865390777588 s [/mnt/ioopt/appbench/apps/MLPerf-storage/dlio_benchmark/dlio_benchmark/utils/statscounter.py:325]
[INFO] 2025-05-05T10:37:09.629099 Rank 0 step 210 processed 5 samples in 0.32879090309143066 s [/mnt/ioopt/appbench/apps/MLPerf-storage/dlio_benchmark/dlio_benchmark/utils/statscounter.py:325]
[INFO] 2025-05-05T10:37:13.095634 Rank 0 step 211 processed 5 samples in 3.466110944747925 s [/mnt/ioopt/appbench/apps/MLPerf-storage/dlio_benchmark/dlio_benchmark/utils/statscounter.py:325]
[INFO] 2025-05-05T10:37:30.020405 Rank 0 step 212 processed 5 samples in 16.884958267211914 s [/mnt/ioopt/appbench/apps/MLPerf-storage/dlio_benchmark/dlio_benchmark/utils/statscounter.py:325]
[INFO] 2025-05-05T10:37:31.169853 Rank 0 step 213 processed 5 samples in 1.148972749710083 s [/mnt/ioopt/appbench/apps/MLPerf-storage/dlio_benchmark/dlio_benchmark/utils/statscounter.py:325]
[INFO] 2025-05-05T10:37:31.495955 Rank 0 step 214 processed 5 samples in 0.3257112503051758 s [/mnt/ioopt/appbench/apps/MLPerf-storage/dlio_benchmark/dlio_benchmark/utils/statscounter.py:325]
[INFO] 2025-05-05T10:37:31.821551 Rank 0 step 215 processed 5 samples in 0.3252716064453125 s [/mnt/ioopt/appbench/apps/MLPerf-storage/dlio_benchmark/dlio_benchmark/utils/statscounter.py:325]
[INFO] 2025-05-05T10:37:32.147422 Rank 0 step 216 processed 5 samples in 0.3255906105041504 s [/mnt/ioopt/appbench/apps/MLPerf-storage/dlio_benchmark/dlio_benchmark/utils/statscounter.py:325]
[INFO] 2025-05-05T10:37:32.473364 Rank 0 step 217 processed 5 samples in 0.32558751106262207 s [/mnt/ioopt/appbench/apps/MLPerf-storage/dlio_benchmark/dlio_benchmark/utils/statscounter.py:325]
[INFO] 2025-05-05T10:37:38.546203 Rank 0 step 218 processed 5 samples in 6.072387218475342 s [/mnt/ioopt/appbench/apps/MLPerf-storage/dlio_benchmark/dlio_benchmark/utils/statscounter.py:325]
[INFO] 2025-05-05T10:37:38.875130 Rank 0 step 219 processed 5 samples in 0.32839298248291016 s [/mnt/ioopt/appbench/apps/MLPerf-storage/dlio_benchmark/dlio_benchmark/utils/statscounter.py:325]
[INFO] 2025-05-05T10:37:39.204131 Rank 0 step 220 processed 5 samples in 0.3285391330718994 s [/mnt/ioopt/appbench/apps/MLPerf-storage/dlio_benchmark/dlio_benchmark/utils/statscounter.py:325]
[INFO] 2025-05-05T10:37:39.532864 Rank 0 step 221 processed 5 samples in 0.32825469970703125 s [/mnt/ioopt/appbench/apps/MLPerf-storage/dlio_benchmark/dlio_benchmark/utils/statscounter.py:325]
[INFO] 2025-05-05T10:37:39.862286 Rank 0 step 222 processed 5 samples in 0.3289611339569092 s [/mnt/ioopt/appbench/apps/MLPerf-storage/dlio_benchmark/dlio_benchmark/utils/statscounter.py:325]
[INFO] 2025-05-05T10:37:40.193575 Rank 0 step 223 processed 5 samples in 0.33078479766845703 s [/mnt/ioopt/appbench/apps/MLPerf-storage/dlio_benchmark/dlio_benchmark/utils/statscounter.py:325]
[INFO] 2025-05-05T10:37:55.892871 Rank 0 step 224 processed 5 samples in 15.698845386505127 s [/mnt/ioopt/appbench/apps/MLPerf-storage/dlio_benchmark/dlio_benchmark/utils/statscounter.py:325]
[INFO] 2025-05-05T10:37:57.498621 Rank 0 step 225 processed 5 samples in 1.6052634716033936 s [/mnt/ioopt/appbench/apps/MLPerf-storage/dlio_benchmark/dlio_benchmark/utils/statscounter.py:325]
[INFO] 2025-05-05T10:38:04.719643 Rank 0 step 226 processed 5 samples in 7.220466136932373 s [/mnt/ioopt/appbench/apps/MLPerf-storage/dlio_benchmark/dlio_benchmark/utils/statscounter.py:325]
[INFO] 2025-05-05T10:38:05.049041 Rank 0 step 227 processed 5 samples in 0.32889318466186523 s [/mnt/ioopt/appbench/apps/MLPerf-storage/dlio_benchmark/dlio_benchmark/utils/statscounter.py:325]
[INFO] 2025-05-05T10:38:05.377862 Rank 0 step 228 processed 5 samples in 0.32836031913757324 s [/mnt/ioopt/appbench/apps/MLPerf-storage/dlio_benchmark/dlio_benchmark/utils/statscounter.py:325]
[INFO] 2025-05-05T10:38:05.706667 Rank 0 step 229 processed 5 samples in 0.32834672927856445 s [/mnt/ioopt/appbench/apps/MLPerf-storage/dlio_benchmark/dlio_benchmark/utils/statscounter.py:325]
[INFO] 2025-05-05T10:38:08.316525 Rank 0 step 230 processed 5 samples in 2.6093783378601074 s [/mnt/ioopt/appbench/apps/MLPerf-storage/dlio_benchmark/dlio_benchmark/utils/statscounter.py:325]
[INFO] 2025-05-05T10:38:08.645383 Rank 0 step 231 processed 5 samples in 0.3283565044403076 s [/mnt/ioopt/appbench/apps/MLPerf-storage/dlio_benchmark/dlio_benchmark/utils/statscounter.py:325]
[INFO] 2025-05-05T10:38:09.525316 Rank 0 step 232 processed 5 samples in 0.8795084953308105 s [/mnt/ioopt/appbench/apps/MLPerf-storage/dlio_benchmark/dlio_benchmark/utils/statscounter.py:325]
[INFO] 2025-05-05T10:38:09.854197 Rank 0 step 233 processed 5 samples in 0.32839035987854004 s [/mnt/ioopt/appbench/apps/MLPerf-storage/dlio_benchmark/dlio_benchmark/utils/statscounter.py:325]
[INFO] 2025-05-05T10:38:10.183120 Rank 0 step 234 processed 5 samples in 0.3284447193145752 s [/mnt/ioopt/appbench/apps/MLPerf-storage/dlio_benchmark/dlio_benchmark/utils/statscounter.py:325]
[INFO] 2025-05-05T10:38:10.512035 Rank 0 step 235 processed 5 samples in 0.3284151554107666 s [/mnt/ioopt/appbench/apps/MLPerf-storage/dlio_benchmark/dlio_benchmark/utils/statscounter.py:325]
[INFO] 2025-05-05T10:38:15.750731 Rank 0 step 236 processed 5 samples in 5.23822808265686 s [/mnt/ioopt/appbench/apps/MLPerf-storage/dlio_benchmark/dlio_benchmark/utils/statscounter.py:325]
[INFO] 2025-05-05T10:38:22.733926 Rank 0 step 237 processed 5 samples in 6.982683420181274 s [/mnt/ioopt/appbench/apps/MLPerf-storage/dlio_benchmark/dlio_benchmark/utils/statscounter.py:325]
[INFO] 2025-05-05T10:38:29.959970 Rank 0 step 238 processed 5 samples in 7.225500106811523 s [/mnt/ioopt/appbench/apps/MLPerf-storage/dlio_benchmark/dlio_benchmark/utils/statscounter.py:325]
[INFO] 2025-05-05T10:38:32.830793 Rank 0 step 239 processed 5 samples in 2.8703322410583496 s [/mnt/ioopt/appbench/apps/MLPerf-storage/dlio_benchmark/dlio_benchmark/utils/statscounter.py:325]
[INFO] 2025-05-05T10:38:35.843095 Rank 0 step 240 processed 5 samples in 3.011735439300537 s [/mnt/ioopt/appbench/apps/MLPerf-storage/dlio_benchmark/dlio_benchmark/utils/statscounter.py:325]
[INFO] 2025-05-05T10:38:36.172570 Rank 0 step 241 processed 5 samples in 0.3287849426269531 s [/mnt/ioopt/appbench/apps/MLPerf-storage/dlio_benchmark/dlio_benchmark/utils/statscounter.py:325]
[INFO] 2025-05-05T10:38:43.184206 Rank 0 step 242 processed 5 samples in 7.011172294616699 s [/mnt/ioopt/appbench/apps/MLPerf-storage/dlio_benchmark/dlio_benchmark/utils/statscounter.py:325]
[INFO] 2025-05-05T10:38:43.946363 Rank 0 step 243 processed 5 samples in 0.7616872787475586 s [/mnt/ioopt/appbench/apps/MLPerf-storage/dlio_benchmark/dlio_benchmark/utils/statscounter.py:325]
[INFO] 2025-05-05T10:38:44.275173 Rank 0 step 244 processed 5 samples in 0.3283665180206299 s [/mnt/ioopt/appbench/apps/MLPerf-storage/dlio_benchmark/dlio_benchmark/utils/statscounter.py:325]
[INFO] 2025-05-05T10:38:44.603820 Rank 0 step 245 processed 5 samples in 0.32822275161743164 s [/mnt/ioopt/appbench/apps/MLPerf-storage/dlio_benchmark/dlio_benchmark/utils/statscounter.py:325]
[INFO] 2025-05-05T10:38:44.932487 Rank 0 step 246 processed 5 samples in 0.32825207710266113 s [/mnt/ioopt/appbench/apps/MLPerf-storage/dlio_benchmark/dlio_benchmark/utils/statscounter.py:325]
[INFO] 2025-05-05T10:38:45.261366 Rank 0 step 247 processed 5 samples in 0.3284728527069092 s [/mnt/ioopt/appbench/apps/MLPerf-storage/dlio_benchmark/dlio_benchmark/utils/statscounter.py:325]
[INFO] 2025-05-05T10:38:45.591811 Rank 0 step 248 processed 5 samples in 0.3300199508666992 s [/mnt/ioopt/appbench/apps/MLPerf-storage/dlio_benchmark/dlio_benchmark/utils/statscounter.py:325]
[INFO] 2025-05-05T10:38:50.240492 Rank 0 step 249 processed 5 samples in 4.648245811462402 s [/mnt/ioopt/appbench/apps/MLPerf-storage/dlio_benchmark/dlio_benchmark/utils/statscounter.py:325]
[INFO] 2025-05-05T10:39:00.711685 Rank 0 step 250 processed 5 samples in 10.470733642578125 s [/mnt/ioopt/appbench/apps/MLPerf-storage/dlio_benchmark/dlio_benchmark/utils/statscounter.py:325]
[INFO] 2025-05-05T10:39:01.040802 Rank 0 step 251 processed 5 samples in 0.32865262031555176 s [/mnt/ioopt/appbench/apps/MLPerf-storage/dlio_benchmark/dlio_benchmark/utils/statscounter.py:325]
[INFO] 2025-05-05T10:39:01.369818 Rank 0 step 252 processed 5 samples in 0.3285524845123291 s [/mnt/ioopt/appbench/apps/MLPerf-storage/dlio_benchmark/dlio_benchmark/utils/statscounter.py:325]
[INFO] 2025-05-05T10:39:04.264060 Rank 0 step 253 processed 5 samples in 2.8938090801239014 s [/mnt/ioopt/appbench/apps/MLPerf-storage/dlio_benchmark/dlio_benchmark/utils/statscounter.py:325]
[INFO] 2025-05-05T10:39:13.595720 Rank 0 step 254 processed 5 samples in 9.330974340438843 s [/mnt/ioopt/appbench/apps/MLPerf-storage/dlio_benchmark/dlio_benchmark/utils/statscounter.py:325]
[INFO] 2025-05-05T10:39:13.924641 Rank 0 step 255 processed 5 samples in 0.3284001350402832 s [/mnt/ioopt/appbench/apps/MLPerf-storage/dlio_benchmark/dlio_benchmark/utils/statscounter.py:325]
[INFO] 2025-05-05T10:39:14.253787 Rank 0 step 256 processed 5 samples in 0.32867980003356934 s [/mnt/ioopt/appbench/apps/MLPerf-storage/dlio_benchmark/dlio_benchmark/utils/statscounter.py:325]
[INFO] 2025-05-05T10:39:14.582680 Rank 0 step 257 processed 5 samples in 0.32839536666870117 s [/mnt/ioopt/appbench/apps/MLPerf-storage/dlio_benchmark/dlio_benchmark/utils/statscounter.py:325]
[INFO] 2025-05-05T10:39:14.911515 Rank 0 step 258 processed 5 samples in 0.3283562660217285 s [/mnt/ioopt/appbench/apps/MLPerf-storage/dlio_benchmark/dlio_benchmark/utils/statscounter.py:325]
[INFO] 2025-05-05T10:39:15.240697 Rank 0 step 259 processed 5 samples in 0.3287317752838135 s [/mnt/ioopt/appbench/apps/MLPerf-storage/dlio_benchmark/dlio_benchmark/utils/statscounter.py:325]
[INFO] 2025-05-05T10:39:15.569587 Rank 0 step 260 processed 5 samples in 0.3284306526184082 s [/mnt/ioopt/appbench/apps/MLPerf-storage/dlio_benchmark/dlio_benchmark/utils/statscounter.py:325]
[INFO] 2025-05-05T10:39:17.439880 Rank 0 step 261 processed 5 samples in 1.8697938919067383 s [/mnt/ioopt/appbench/apps/MLPerf-storage/dlio_benchmark/dlio_benchmark/utils/statscounter.py:325]
[INFO] 2025-05-05T10:39:25.961617 Rank 0 step 262 processed 5 samples in 8.521173000335693 s [/mnt/ioopt/appbench/apps/MLPerf-storage/dlio_benchmark/dlio_benchmark/utils/statscounter.py:325]
[INFO] 2025-05-05T10:39:26.290589 Rank 0 step 263 processed 5 samples in 0.32845234870910645 s [/mnt/ioopt/appbench/apps/MLPerf-storage/dlio_benchmark/dlio_benchmark/utils/statscounter.py:325]
[INFO] 2025-05-05T10:39:29.588825 Rank 0 step 264 processed 5 samples in 3.2977395057678223 s [/mnt/ioopt/appbench/apps/MLPerf-storage/dlio_benchmark/dlio_benchmark/utils/statscounter.py:325]
[INFO] 2025-05-05T10:39:29.917597 Rank 0 step 265 processed 5 samples in 0.32830142974853516 s [/mnt/ioopt/appbench/apps/MLPerf-storage/dlio_benchmark/dlio_benchmark/utils/statscounter.py:325]
[INFO] 2025-05-05T10:39:35.155265 Rank 0 step 266 processed 5 samples in 5.23723030090332 s [/mnt/ioopt/appbench/apps/MLPerf-storage/dlio_benchmark/dlio_benchmark/utils/statscounter.py:325]
[INFO] 2025-05-05T10:39:35.486836 Rank 0 step 267 processed 5 samples in 0.33104562759399414 s [/mnt/ioopt/appbench/apps/MLPerf-storage/dlio_benchmark/dlio_benchmark/utils/statscounter.py:325]
[INFO] 2025-05-05T10:39:37.823778 Rank 0 step 268 processed 5 samples in 2.3363330364227295 s [/mnt/ioopt/appbench/apps/MLPerf-storage/dlio_benchmark/dlio_benchmark/utils/statscounter.py:325]
[INFO] 2025-05-05T10:39:46.858049 Rank 0 step 269 processed 5 samples in 9.03313660621643 s [/mnt/ioopt/appbench/apps/MLPerf-storage/dlio_benchmark/dlio_benchmark/utils/statscounter.py:325]
[INFO] 2025-05-05T10:39:47.184431 Rank 0 step 270 processed 5 samples in 0.32597827911376953 s [/mnt/ioopt/appbench/apps/MLPerf-storage/dlio_benchmark/dlio_benchmark/utils/statscounter.py:325]
[INFO] 2025-05-05T10:39:47.510848 Rank 0 step 271 processed 5 samples in 0.32611989974975586 s [/mnt/ioopt/appbench/apps/MLPerf-storage/dlio_benchmark/dlio_benchmark/utils/statscounter.py:325]
[INFO] 2025-05-05T10:39:47.836503 Rank 0 step 272 processed 5 samples in 0.3253629207611084 s [/mnt/ioopt/appbench/apps/MLPerf-storage/dlio_benchmark/dlio_benchmark/utils/statscounter.py:325]
[INFO] 2025-05-05T10:39:48.163824 Rank 0 step 273 processed 5 samples in 0.32698750495910645 s [/mnt/ioopt/appbench/apps/MLPerf-storage/dlio_benchmark/dlio_benchmark/utils/statscounter.py:325]
[INFO] 2025-05-05T10:39:53.605288 Rank 0 step 274 processed 5 samples in 5.4410645961761475 s [/mnt/ioopt/appbench/apps/MLPerf-storage/dlio_benchmark/dlio_benchmark/utils/statscounter.py:325]
[INFO] 2025-05-05T10:39:53.934120 Rank 0 step 275 processed 5 samples in 0.32837843894958496 s [/mnt/ioopt/appbench/apps/MLPerf-storage/dlio_benchmark/dlio_benchmark/utils/statscounter.py:325]
[INFO] 2025-05-05T10:39:55.027527 Rank 0 step 276 processed 5 samples in 1.0929908752441406 s [/mnt/ioopt/appbench/apps/MLPerf-storage/dlio_benchmark/dlio_benchmark/utils/statscounter.py:325]
[INFO] 2025-05-05T10:39:55.356627 Rank 0 step 277 processed 5 samples in 0.3286581039428711 s [/mnt/ioopt/appbench/apps/MLPerf-storage/dlio_benchmark/dlio_benchmark/utils/statscounter.py:325]
[INFO] 2025-05-05T10:39:59.027098 Rank 0 step 278 processed 5 samples in 3.670039176940918 s [/mnt/ioopt/appbench/apps/MLPerf-storage/dlio_benchmark/dlio_benchmark/utils/statscounter.py:325]
[INFO] 2025-05-05T10:39:59.355799 Rank 0 step 279 processed 5 samples in 0.32816219329833984 s [/mnt/ioopt/appbench/apps/MLPerf-storage/dlio_benchmark/dlio_benchmark/utils/statscounter.py:325]
[INFO] 2025-05-05T10:40:03.212728 Rank 0 step 280 processed 5 samples in 3.8564701080322266 s [/mnt/ioopt/appbench/apps/MLPerf-storage/dlio_benchmark/dlio_benchmark/utils/statscounter.py:325]
[INFO] 2025-05-05T10:40:16.416762 Rank 0 step 281 processed 5 samples in 13.203519344329834 s [/mnt/ioopt/appbench/apps/MLPerf-storage/dlio_benchmark/dlio_benchmark/utils/statscounter.py:325]
[INFO] 2025-05-05T10:40:16.745609 Rank 0 step 282 processed 5 samples in 0.3283247947692871 s [/mnt/ioopt/appbench/apps/MLPerf-storage/dlio_benchmark/dlio_benchmark/utils/statscounter.py:325]
[INFO] 2025-05-05T10:40:17.071536 Rank 0 step 283 processed 5 samples in 0.3256561756134033 s [/mnt/ioopt/appbench/apps/MLPerf-storage/dlio_benchmark/dlio_benchmark/utils/statscounter.py:325]
[INFO] 2025-05-05T10:40:17.397700 Rank 0 step 284 processed 5 samples in 0.32579660415649414 s [/mnt/ioopt/appbench/apps/MLPerf-storage/dlio_benchmark/dlio_benchmark/utils/statscounter.py:325]
[INFO] 2025-05-05T10:40:17.726776 Rank 0 step 285 processed 5 samples in 0.32862138748168945 s [/mnt/ioopt/appbench/apps/MLPerf-storage/dlio_benchmark/dlio_benchmark/utils/statscounter.py:325]
[INFO] 2025-05-05T10:40:18.055569 Rank 0 step 286 processed 5 samples in 0.32832765579223633 s [/mnt/ioopt/appbench/apps/MLPerf-storage/dlio_benchmark/dlio_benchmark/utils/statscounter.py:325]
[INFO] 2025-05-05T10:40:18.710220 Rank 0 step 287 processed 5 samples in 0.6543803215026855 s [/mnt/ioopt/appbench/apps/MLPerf-storage/dlio_benchmark/dlio_benchmark/utils/statscounter.py:325]
[INFO] 2025-05-05T10:40:19.583430 Rank 0 step 288 processed 5 samples in 0.8726637363433838 s [/mnt/ioopt/appbench/apps/MLPerf-storage/dlio_benchmark/dlio_benchmark/utils/statscounter.py:325]
[INFO] 2025-05-05T10:40:23.182741 Rank 0 step 289 processed 5 samples in 3.598806619644165 s [/mnt/ioopt/appbench/apps/MLPerf-storage/dlio_benchmark/dlio_benchmark/utils/statscounter.py:325]
[INFO] 2025-05-05T10:40:23.511904 Rank 0 step 290 processed 5 samples in 0.32859301567077637 s [/mnt/ioopt/appbench/apps/MLPerf-storage/dlio_benchmark/dlio_benchmark/utils/statscounter.py:325]
[INFO] 2025-05-05T10:40:26.033594 Rank 0 step 291 processed 5 samples in 2.5211832523345947 s [/mnt/ioopt/appbench/apps/MLPerf-storage/dlio_benchmark/dlio_benchmark/utils/statscounter.py:325]
[INFO] 2025-05-05T10:40:28.396262 Rank 0 step 292 processed 5 samples in 2.362169027328491 s [/mnt/ioopt/appbench/apps/MLPerf-storage/dlio_benchmark/dlio_benchmark/utils/statscounter.py:325]
[INFO] 2025-05-05T10:40:43.406971 Rank 0 step 293 processed 5 samples in 15.010040044784546 s [/mnt/ioopt/appbench/apps/MLPerf-storage/dlio_benchmark/dlio_benchmark/utils/statscounter.py:325]
[INFO] 2025-05-05T10:40:43.735916 Rank 0 step 294 processed 5 samples in 0.32842040061950684 s [/mnt/ioopt/appbench/apps/MLPerf-storage/dlio_benchmark/dlio_benchmark/utils/statscounter.py:325]
[INFO] 2025-05-05T10:40:44.064893 Rank 0 step 295 processed 5 samples in 0.32849860191345215 s [/mnt/ioopt/appbench/apps/MLPerf-storage/dlio_benchmark/dlio_benchmark/utils/statscounter.py:325]
[INFO] 2025-05-05T10:40:44.395527 Rank 0 step 296 processed 5 samples in 0.330216646194458 s [/mnt/ioopt/appbench/apps/MLPerf-storage/dlio_benchmark/dlio_benchmark/utils/statscounter.py:325]
[INFO] 2025-05-05T10:40:44.724309 Rank 0 step 297 processed 5 samples in 0.32834696769714355 s [/mnt/ioopt/appbench/apps/MLPerf-storage/dlio_benchmark/dlio_benchmark/utils/statscounter.py:325]
[INFO] 2025-05-05T10:40:45.052952 Rank 0 step 298 processed 5 samples in 0.32822275161743164 s [/mnt/ioopt/appbench/apps/MLPerf-storage/dlio_benchmark/dlio_benchmark/utils/statscounter.py:325]
[INFO] 2025-05-05T10:40:45.381953 Rank 0 step 299 processed 5 samples in 0.32857656478881836 s [/mnt/ioopt/appbench/apps/MLPerf-storage/dlio_benchmark/dlio_benchmark/utils/statscounter.py:325]
[INFO] 2025-05-05T10:40:47.789873 Rank 0 step 300 processed 5 samples in 2.4074912071228027 s [/mnt/ioopt/appbench/apps/MLPerf-storage/dlio_benchmark/dlio_benchmark/utils/statscounter.py:325]
[INFO] 2025-05-05T10:40:48.118761 Rank 0 step 301 processed 5 samples in 0.3284463882446289 s [/mnt/ioopt/appbench/apps/MLPerf-storage/dlio_benchmark/dlio_benchmark/utils/statscounter.py:325]
[INFO] 2025-05-05T10:40:52.527974 Rank 0 step 302 processed 5 samples in 4.408730983734131 s [/mnt/ioopt/appbench/apps/MLPerf-storage/dlio_benchmark/dlio_benchmark/utils/statscounter.py:325]
[INFO] 2025-05-05T10:40:52.853806 Rank 0 step 303 processed 5 samples in 0.32541584968566895 s [/mnt/ioopt/appbench/apps/MLPerf-storage/dlio_benchmark/dlio_benchmark/utils/statscounter.py:325]
[INFO] 2025-05-05T10:40:53.183122 Rank 0 step 304 processed 5 samples in 0.32877492904663086 s [/mnt/ioopt/appbench/apps/MLPerf-storage/dlio_benchmark/dlio_benchmark/utils/statscounter.py:325]
[INFO] 2025-05-05T10:41:07.422664 Rank 0 step 305 processed 5 samples in 14.23914909362793 s [/mnt/ioopt/appbench/apps/MLPerf-storage/dlio_benchmark/dlio_benchmark/utils/statscounter.py:325]
[INFO] 2025-05-05T10:41:10.955444 Rank 0 step 306 processed 5 samples in 3.5324079990386963 s [/mnt/ioopt/appbench/apps/MLPerf-storage/dlio_benchmark/dlio_benchmark/utils/statscounter.py:325]
[INFO] 2025-05-05T10:41:13.345009 Rank 0 step 307 processed 5 samples in 2.389016628265381 s [/mnt/ioopt/appbench/apps/MLPerf-storage/dlio_benchmark/dlio_benchmark/utils/statscounter.py:325]
[INFO] 2025-05-05T10:41:13.674458 Rank 0 step 308 processed 5 samples in 0.3289623260498047 s [/mnt/ioopt/appbench/apps/MLPerf-storage/dlio_benchmark/dlio_benchmark/utils/statscounter.py:325]
[INFO] 2025-05-05T10:41:14.003507 Rank 0 step 309 processed 5 samples in 0.32858920097351074 s [/mnt/ioopt/appbench/apps/MLPerf-storage/dlio_benchmark/dlio_benchmark/utils/statscounter.py:325]
[INFO] 2025-05-05T10:41:14.533518 Rank 0 step 310 processed 5 samples in 0.5295519828796387 s [/mnt/ioopt/appbench/apps/MLPerf-storage/dlio_benchmark/dlio_benchmark/utils/statscounter.py:325]
[INFO] 2025-05-05T10:41:14.860682 Rank 0 step 311 processed 5 samples in 0.32688140869140625 s [/mnt/ioopt/appbench/apps/MLPerf-storage/dlio_benchmark/dlio_benchmark/utils/statscounter.py:325]
[INFO] 2025-05-05T10:41:15.189685 Rank 0 step 312 processed 5 samples in 0.32854509353637695 s [/mnt/ioopt/appbench/apps/MLPerf-storage/dlio_benchmark/dlio_benchmark/utils/statscounter.py:325]
[INFO] 2025-05-05T10:41:15.518595 Rank 0 step 313 processed 5 samples in 0.32845425605773926 s [/mnt/ioopt/appbench/apps/MLPerf-storage/dlio_benchmark/dlio_benchmark/utils/statscounter.py:325]
[INFO] 2025-05-05T10:41:21.126391 Rank 0 step 314 processed 5 samples in 5.607420921325684 s [/mnt/ioopt/appbench/apps/MLPerf-storage/dlio_benchmark/dlio_benchmark/utils/statscounter.py:325]
[INFO] 2025-05-05T10:41:21.455276 Rank 0 step 315 processed 5 samples in 0.3283731937408447 s [/mnt/ioopt/appbench/apps/MLPerf-storage/dlio_benchmark/dlio_benchmark/utils/statscounter.py:325]
[INFO] 2025-05-05T10:41:25.596793 Rank 0 step 316 processed 5 samples in 4.141024112701416 s [/mnt/ioopt/appbench/apps/MLPerf-storage/dlio_benchmark/dlio_benchmark/utils/statscounter.py:325]
[INFO] 2025-05-05T10:41:41.079554 Rank 0 step 317 processed 5 samples in 15.482222318649292 s [/mnt/ioopt/appbench/apps/MLPerf-storage/dlio_benchmark/dlio_benchmark/utils/statscounter.py:325]
[INFO] 2025-05-05T10:41:41.408531 Rank 0 step 318 processed 5 samples in 0.32846546173095703 s [/mnt/ioopt/appbench/apps/MLPerf-storage/dlio_benchmark/dlio_benchmark/utils/statscounter.py:325]
[INFO] 2025-05-05T10:41:41.739572 Rank 0 step 319 processed 5 samples in 0.33060598373413086 s [/mnt/ioopt/appbench/apps/MLPerf-storage/dlio_benchmark/dlio_benchmark/utils/statscounter.py:325]
[INFO] 2025-05-05T10:41:42.073330 Rank 0 step 320 processed 5 samples in 0.333249568939209 s [/mnt/ioopt/appbench/apps/MLPerf-storage/dlio_benchmark/dlio_benchmark/utils/statscounter.py:325]
[INFO] 2025-05-05T10:41:44.134192 Rank 0 step 321 processed 5 samples in 2.0601439476013184 s [/mnt/ioopt/appbench/apps/MLPerf-storage/dlio_benchmark/dlio_benchmark/utils/statscounter.py:325]
[INFO] 2025-05-05T10:41:44.463669 Rank 0 step 322 processed 5 samples in 0.32895493507385254 s [/mnt/ioopt/appbench/apps/MLPerf-storage/dlio_benchmark/dlio_benchmark/utils/statscounter.py:325]
[INFO] 2025-05-05T10:41:46.910336 Rank 0 step 323 processed 5 samples in 2.4461565017700195 s [/mnt/ioopt/appbench/apps/MLPerf-storage/dlio_benchmark/dlio_benchmark/utils/statscounter.py:325]
[INFO] 2025-05-05T10:41:47.239212 Rank 0 step 324 processed 5 samples in 0.3283815383911133 s [/mnt/ioopt/appbench/apps/MLPerf-storage/dlio_benchmark/dlio_benchmark/utils/statscounter.py:325]
[INFO] 2025-05-05T10:41:47.568260 Rank 0 step 325 processed 5 samples in 0.3285198211669922 s [/mnt/ioopt/appbench/apps/MLPerf-storage/dlio_benchmark/dlio_benchmark/utils/statscounter.py:325]
[INFO] 2025-05-05T10:41:47.897573 Rank 0 step 326 processed 5 samples in 0.3287808895111084 s [/mnt/ioopt/appbench/apps/MLPerf-storage/dlio_benchmark/dlio_benchmark/utils/statscounter.py:325]
[INFO] 2025-05-05T10:41:48.228974 Rank 0 step 327 processed 5 samples in 0.33091139793395996 s [/mnt/ioopt/appbench/apps/MLPerf-storage/dlio_benchmark/dlio_benchmark/utils/statscounter.py:325]
[INFO] 2025-05-05T10:41:48.558190 Rank 0 step 328 processed 5 samples in 0.32871055603027344 s [/mnt/ioopt/appbench/apps/MLPerf-storage/dlio_benchmark/dlio_benchmark/utils/statscounter.py:325]
[INFO] 2025-05-05T10:42:11.002783 Rank 0 step 329 processed 5 samples in 22.444048166275024 s [/mnt/ioopt/appbench/apps/MLPerf-storage/dlio_benchmark/dlio_benchmark/utils/statscounter.py:325]
[INFO] 2025-05-05T10:42:11.331743 Rank 0 step 330 processed 5 samples in 0.3284323215484619 s [/mnt/ioopt/appbench/apps/MLPerf-storage/dlio_benchmark/dlio_benchmark/utils/statscounter.py:325]
[INFO] 2025-05-05T10:42:11.660532 Rank 0 step 331 processed 5 samples in 0.3283042907714844 s [/mnt/ioopt/appbench/apps/MLPerf-storage/dlio_benchmark/dlio_benchmark/utils/statscounter.py:325]
[INFO] 2025-05-05T10:42:11.989557 Rank 0 step 332 processed 5 samples in 0.3285553455352783 s [/mnt/ioopt/appbench/apps/MLPerf-storage/dlio_benchmark/dlio_benchmark/utils/statscounter.py:325]
[INFO] 2025-05-05T10:42:12.318556 Rank 0 step 333 processed 5 samples in 0.32854533195495605 s [/mnt/ioopt/appbench/apps/MLPerf-storage/dlio_benchmark/dlio_benchmark/utils/statscounter.py:325]
[INFO] 2025-05-05T10:42:12.647358 Rank 0 step 334 processed 5 samples in 0.3282966613769531 s [/mnt/ioopt/appbench/apps/MLPerf-storage/dlio_benchmark/dlio_benchmark/utils/statscounter.py:325]
[INFO] 2025-05-05T10:42:13.807070 Rank 0 step 335 processed 5 samples in 1.1592693328857422 s [/mnt/ioopt/appbench/apps/MLPerf-storage/dlio_benchmark/dlio_benchmark/utils/statscounter.py:325]
[INFO] 2025-05-05T10:42:18.034452 Rank 0 step 336 processed 5 samples in 4.226870775222778 s [/mnt/ioopt/appbench/apps/MLPerf-storage/dlio_benchmark/dlio_benchmark/utils/statscounter.py:325]
[INFO] 2025-05-05T10:42:18.363171 Rank 0 step 337 processed 5 samples in 0.3282294273376465 s [/mnt/ioopt/appbench/apps/MLPerf-storage/dlio_benchmark/dlio_benchmark/utils/statscounter.py:325]
[INFO] 2025-05-05T10:42:18.688797 Rank 0 step 338 processed 5 samples in 0.32535791397094727 s [/mnt/ioopt/appbench/apps/MLPerf-storage/dlio_benchmark/dlio_benchmark/utils/statscounter.py:325]
[INFO] 2025-05-05T10:42:19.016259 Rank 0 step 339 processed 5 samples in 0.3271522521972656 s [/mnt/ioopt/appbench/apps/MLPerf-storage/dlio_benchmark/dlio_benchmark/utils/statscounter.py:325]
[INFO] 2025-05-05T10:42:19.345285 Rank 0 step 340 processed 5 samples in 0.3285348415374756 s [/mnt/ioopt/appbench/apps/MLPerf-storage/dlio_benchmark/dlio_benchmark/utils/statscounter.py:325]
[INFO] 2025-05-05T10:42:32.175430 Rank 0 step 341 processed 5 samples in 12.829647779464722 s [/mnt/ioopt/appbench/apps/MLPerf-storage/dlio_benchmark/dlio_benchmark/utils/statscounter.py:325]
[INFO] 2025-05-05T10:42:37.362994 Rank 0 step 342 processed 5 samples in 5.18704080581665 s [/mnt/ioopt/appbench/apps/MLPerf-storage/dlio_benchmark/dlio_benchmark/utils/statscounter.py:325]
[INFO] 2025-05-05T10:42:37.689274 Rank 0 step 343 processed 5 samples in 0.3257009983062744 s [/mnt/ioopt/appbench/apps/MLPerf-storage/dlio_benchmark/dlio_benchmark/utils/statscounter.py:325]
[INFO] 2025-05-05T10:42:38.015152 Rank 0 step 344 processed 5 samples in 0.3253743648529053 s [/mnt/ioopt/appbench/apps/MLPerf-storage/dlio_benchmark/dlio_benchmark/utils/statscounter.py:325]
[INFO] 2025-05-05T10:42:38.343437 Rank 0 step 345 processed 5 samples in 0.32790517807006836 s [/mnt/ioopt/appbench/apps/MLPerf-storage/dlio_benchmark/dlio_benchmark/utils/statscounter.py:325]
[INFO] 2025-05-05T10:42:41.456473 Rank 0 step 346 processed 5 samples in 3.1124532222747803 s [/mnt/ioopt/appbench/apps/MLPerf-storage/dlio_benchmark/dlio_benchmark/utils/statscounter.py:325]
[INFO] 2025-05-05T10:42:41.785333 Rank 0 step 347 processed 5 samples in 0.3283669948577881 s [/mnt/ioopt/appbench/apps/MLPerf-storage/dlio_benchmark/dlio_benchmark/utils/statscounter.py:325]
[INFO] 2025-05-05T10:42:42.110938 Rank 0 step 348 processed 5 samples in 0.3252909183502197 s [/mnt/ioopt/appbench/apps/MLPerf-storage/dlio_benchmark/dlio_benchmark/utils/statscounter.py:325]
[INFO] 2025-05-05T10:42:46.140171 Rank 0 step 349 processed 5 samples in 4.0286948680877686 s [/mnt/ioopt/appbench/apps/MLPerf-storage/dlio_benchmark/dlio_benchmark/utils/statscounter.py:325]
[INFO] 2025-05-05T10:42:46.469263 Rank 0 step 350 processed 5 samples in 0.3285694122314453 s [/mnt/ioopt/appbench/apps/MLPerf-storage/dlio_benchmark/dlio_benchmark/utils/statscounter.py:325]
[INFO] 2025-05-05T10:42:46.798181 Rank 0 step 351 processed 5 samples in 0.32843732833862305 s [/mnt/ioopt/appbench/apps/MLPerf-storage/dlio_benchmark/dlio_benchmark/utils/statscounter.py:325]
[INFO] 2025-05-05T10:42:47.127457 Rank 0 step 352 processed 5 samples in 0.3288149833679199 s [/mnt/ioopt/appbench/apps/MLPerf-storage/dlio_benchmark/dlio_benchmark/utils/statscounter.py:325]
[INFO] 2025-05-05T10:43:01.922106 Rank 0 step 353 processed 5 samples in 14.794120073318481 s [/mnt/ioopt/appbench/apps/MLPerf-storage/dlio_benchmark/dlio_benchmark/utils/statscounter.py:325]
[INFO] 2025-05-05T10:43:06.829252 Rank 0 step 354 processed 5 samples in 4.906362056732178 s [/mnt/ioopt/appbench/apps/MLPerf-storage/dlio_benchmark/dlio_benchmark/utils/statscounter.py:325]
[INFO] 2025-05-05T10:43:07.158069 Rank 0 step 355 processed 5 samples in 0.32832932472229004 s [/mnt/ioopt/appbench/apps/MLPerf-storage/dlio_benchmark/dlio_benchmark/utils/statscounter.py:325]
[INFO] 2025-05-05T10:43:07.486850 Rank 0 step 356 processed 5 samples in 0.3283345699310303 s [/mnt/ioopt/appbench/apps/MLPerf-storage/dlio_benchmark/dlio_benchmark/utils/statscounter.py:325]
[INFO] 2025-05-05T10:43:07.815893 Rank 0 step 357 processed 5 samples in 0.3285989761352539 s [/mnt/ioopt/appbench/apps/MLPerf-storage/dlio_benchmark/dlio_benchmark/utils/statscounter.py:325]
[INFO] 2025-05-05T10:43:08.146758 Rank 0 step 358 processed 5 samples in 0.3304421901702881 s [/mnt/ioopt/appbench/apps/MLPerf-storage/dlio_benchmark/dlio_benchmark/utils/statscounter.py:325]
[INFO] 2025-05-05T10:43:10.339208 Rank 0 step 359 processed 5 samples in 2.191852331161499 s [/mnt/ioopt/appbench/apps/MLPerf-storage/dlio_benchmark/dlio_benchmark/utils/statscounter.py:325]
[INFO] 2025-05-05T10:43:10.670201 Rank 0 step 360 processed 5 samples in 0.3305327892303467 s [/mnt/ioopt/appbench/apps/MLPerf-storage/dlio_benchmark/dlio_benchmark/utils/statscounter.py:325]
[INFO] 2025-05-05T10:43:12.578245 Rank 0 step 361 processed 5 samples in 1.9075934886932373 s [/mnt/ioopt/appbench/apps/MLPerf-storage/dlio_benchmark/dlio_benchmark/utils/statscounter.py:325]
[INFO] 2025-05-05T10:43:12.907133 Rank 0 step 362 processed 5 samples in 0.3284318447113037 s [/mnt/ioopt/appbench/apps/MLPerf-storage/dlio_benchmark/dlio_benchmark/utils/statscounter.py:325]
[INFO] 2025-05-05T10:43:13.235715 Rank 0 step 363 processed 5 samples in 0.328167200088501 s [/mnt/ioopt/appbench/apps/MLPerf-storage/dlio_benchmark/dlio_benchmark/utils/statscounter.py:325]
[INFO] 2025-05-05T10:43:13.564843 Rank 0 step 364 processed 5 samples in 0.3286740779876709 s [/mnt/ioopt/appbench/apps/MLPerf-storage/dlio_benchmark/dlio_benchmark/utils/statscounter.py:325]
[INFO] 2025-05-05T10:43:28.704686 Rank 0 step 365 processed 5 samples in 15.139415979385376 s [/mnt/ioopt/appbench/apps/MLPerf-storage/dlio_benchmark/dlio_benchmark/utils/statscounter.py:325]
[INFO] 2025-05-05T10:43:36.131786 Rank 0 step 366 processed 5 samples in 7.4266016483306885 s [/mnt/ioopt/appbench/apps/MLPerf-storage/dlio_benchmark/dlio_benchmark/utils/statscounter.py:325]
[INFO] 2025-05-05T10:43:36.460985 Rank 0 step 367 processed 5 samples in 0.32865118980407715 s [/mnt/ioopt/appbench/apps/MLPerf-storage/dlio_benchmark/dlio_benchmark/utils/statscounter.py:325]
[INFO] 2025-05-05T10:43:36.789998 Rank 0 step 368 processed 5 samples in 0.3285489082336426 s [/mnt/ioopt/appbench/apps/MLPerf-storage/dlio_benchmark/dlio_benchmark/utils/statscounter.py:325]
[INFO] 2025-05-05T10:43:37.118464 Rank 0 step 369 processed 5 samples in 0.32801079750061035 s [/mnt/ioopt/appbench/apps/MLPerf-storage/dlio_benchmark/dlio_benchmark/utils/statscounter.py:325]
[INFO] 2025-05-05T10:43:39.773255 Rank 0 step 370 processed 5 samples in 2.654409408569336 s [/mnt/ioopt/appbench/apps/MLPerf-storage/dlio_benchmark/dlio_benchmark/utils/statscounter.py:325]
[INFO] 2025-05-05T10:43:40.102079 Rank 0 step 371 processed 5 samples in 0.32834839820861816 s [/mnt/ioopt/appbench/apps/MLPerf-storage/dlio_benchmark/dlio_benchmark/utils/statscounter.py:325]
[INFO] 2025-05-05T10:43:40.430858 Rank 0 step 372 processed 5 samples in 0.3283412456512451 s [/mnt/ioopt/appbench/apps/MLPerf-storage/dlio_benchmark/dlio_benchmark/utils/statscounter.py:325]
[INFO] 2025-05-05T10:43:40.759917 Rank 0 step 373 processed 5 samples in 0.3286092281341553 s [/mnt/ioopt/appbench/apps/MLPerf-storage/dlio_benchmark/dlio_benchmark/utils/statscounter.py:325]
[INFO] 2025-05-05T10:43:41.088541 Rank 0 step 374 processed 5 samples in 0.3281862735748291 s [/mnt/ioopt/appbench/apps/MLPerf-storage/dlio_benchmark/dlio_benchmark/utils/statscounter.py:325]
[INFO] 2025-05-05T10:43:41.417508 Rank 0 step 375 processed 5 samples in 0.32855939865112305 s [/mnt/ioopt/appbench/apps/MLPerf-storage/dlio_benchmark/dlio_benchmark/utils/statscounter.py:325]
[INFO] 2025-05-05T10:43:41.749035 Rank 0 step 376 processed 5 samples in 0.33109474182128906 s [/mnt/ioopt/appbench/apps/MLPerf-storage/dlio_benchmark/dlio_benchmark/utils/statscounter.py:325]
[INFO] 2025-05-05T10:43:59.167999 Rank 0 step 377 processed 5 samples in 17.418415546417236 s [/mnt/ioopt/appbench/apps/MLPerf-storage/dlio_benchmark/dlio_benchmark/utils/statscounter.py:325]
[INFO] 2025-05-05T10:44:00.982518 Rank 0 step 378 processed 5 samples in 1.8140249252319336 s [/mnt/ioopt/appbench/apps/MLPerf-storage/dlio_benchmark/dlio_benchmark/utils/statscounter.py:325]
[INFO] 2025-05-05T10:44:01.308469 Rank 0 step 379 processed 5 samples in 0.3254685401916504 s [/mnt/ioopt/appbench/apps/MLPerf-storage/dlio_benchmark/dlio_benchmark/utils/statscounter.py:325]
[INFO] 2025-05-05T10:44:03.417389 Rank 0 step 380 processed 5 samples in 2.1085567474365234 s [/mnt/ioopt/appbench/apps/MLPerf-storage/dlio_benchmark/dlio_benchmark/utils/statscounter.py:325]
[INFO] 2025-05-05T10:44:03.746239 Rank 0 step 381 processed 5 samples in 0.3283960819244385 s [/mnt/ioopt/appbench/apps/MLPerf-storage/dlio_benchmark/dlio_benchmark/utils/statscounter.py:325]
[INFO] 2025-05-05T10:44:04.075231 Rank 0 step 382 processed 5 samples in 0.32853007316589355 s [/mnt/ioopt/appbench/apps/MLPerf-storage/dlio_benchmark/dlio_benchmark/utils/statscounter.py:325]
[INFO] 2025-05-05T10:44:05.702416 Rank 0 step 383 processed 5 samples in 1.626737117767334 s [/mnt/ioopt/appbench/apps/MLPerf-storage/dlio_benchmark/dlio_benchmark/utils/statscounter.py:325]
[INFO] 2025-05-05T10:44:06.031221 Rank 0 step 384 processed 5 samples in 0.32827115058898926 s [/mnt/ioopt/appbench/apps/MLPerf-storage/dlio_benchmark/dlio_benchmark/utils/statscounter.py:325]
[INFO] 2025-05-05T10:44:08.701915 Rank 0 step 385 processed 5 samples in 2.6701924800872803 s [/mnt/ioopt/appbench/apps/MLPerf-storage/dlio_benchmark/dlio_benchmark/utils/statscounter.py:325]
[INFO] 2025-05-05T10:44:09.030956 Rank 0 step 386 processed 5 samples in 0.3285183906555176 s [/mnt/ioopt/appbench/apps/MLPerf-storage/dlio_benchmark/dlio_benchmark/utils/statscounter.py:325]
[INFO] 2025-05-05T10:44:09.359785 Rank 0 step 387 processed 5 samples in 0.3283076286315918 s [/mnt/ioopt/appbench/apps/MLPerf-storage/dlio_benchmark/dlio_benchmark/utils/statscounter.py:325]
[INFO] 2025-05-05T10:44:09.688818 Rank 0 step 388 processed 5 samples in 0.32857489585876465 s [/mnt/ioopt/appbench/apps/MLPerf-storage/dlio_benchmark/dlio_benchmark/utils/statscounter.py:325]
[INFO] 2025-05-05T10:44:17.912555 Rank 0 step 389 processed 5 samples in 8.223253965377808 s [/mnt/ioopt/appbench/apps/MLPerf-storage/dlio_benchmark/dlio_benchmark/utils/statscounter.py:325]
[INFO] 2025-05-05T10:44:25.302823 Rank 0 step 390 processed 5 samples in 7.389779806137085 s [/mnt/ioopt/appbench/apps/MLPerf-storage/dlio_benchmark/dlio_benchmark/utils/statscounter.py:325]
[INFO] 2025-05-05T10:44:28.727176 Rank 0 step 391 processed 5 samples in 3.423816204071045 s [/mnt/ioopt/appbench/apps/MLPerf-storage/dlio_benchmark/dlio_benchmark/utils/statscounter.py:325]
[INFO] 2025-05-05T10:44:29.916456 Rank 0 step 392 processed 5 samples in 1.1888141632080078 s [/mnt/ioopt/appbench/apps/MLPerf-storage/dlio_benchmark/dlio_benchmark/utils/statscounter.py:325]
[INFO] 2025-05-05T10:44:30.244908 Rank 0 step 393 processed 5 samples in 0.3280208110809326 s [/mnt/ioopt/appbench/apps/MLPerf-storage/dlio_benchmark/dlio_benchmark/utils/statscounter.py:325]
[INFO] 2025-05-05T10:44:30.573766 Rank 0 step 394 processed 5 samples in 0.3284626007080078 s [/mnt/ioopt/appbench/apps/MLPerf-storage/dlio_benchmark/dlio_benchmark/utils/statscounter.py:325]
[INFO] 2025-05-05T10:44:30.942816 Rank 0 step 395 processed 5 samples in 0.3686554431915283 s [/mnt/ioopt/appbench/apps/MLPerf-storage/dlio_benchmark/dlio_benchmark/utils/statscounter.py:325]
[INFO] 2025-05-05T10:44:31.271544 Rank 0 step 396 processed 5 samples in 0.3282039165496826 s [/mnt/ioopt/appbench/apps/MLPerf-storage/dlio_benchmark/dlio_benchmark/utils/statscounter.py:325]
[INFO] 2025-05-05T10:44:31.602043 Rank 0 step 397 processed 5 samples in 0.3300435543060303 s [/mnt/ioopt/appbench/apps/MLPerf-storage/dlio_benchmark/dlio_benchmark/utils/statscounter.py:325]
[INFO] 2025-05-05T10:44:31.932748 Rank 0 step 398 processed 5 samples in 0.33022451400756836 s [/mnt/ioopt/appbench/apps/MLPerf-storage/dlio_benchmark/dlio_benchmark/utils/statscounter.py:325]
[INFO] 2025-05-05T10:44:32.261543 Rank 0 step 399 processed 5 samples in 0.32828450202941895 s [/mnt/ioopt/appbench/apps/MLPerf-storage/dlio_benchmark/dlio_benchmark/utils/statscounter.py:325]
[INFO] 2025-05-05T10:44:32.701768 Rank 0 step 400 processed 5 samples in 0.43973493576049805 s [/mnt/ioopt/appbench/apps/MLPerf-storage/dlio_benchmark/dlio_benchmark/utils/statscounter.py:325]
[INFO] 2025-05-05T10:44:32.702296 Maximum number of steps reached [/mnt/ioopt/appbench/apps/MLPerf-storage/dlio_benchmark/dlio_benchmark/main.py:293]
[INFO] 2025-05-05T10:44:32.705420 Ending block 1 - 400 steps completed in 964.84 s [/mnt/ioopt/appbench/apps/MLPerf-storage/dlio_benchmark/dlio_benchmark/utils/statscounter.py:282]
[INFO] 2025-05-05T10:44:32.730749 Epoch 1 - Block 1 [Training] Accelerator Utilization [AU] (%): 13.7720 [/mnt/ioopt/appbench/apps/MLPerf-storage/dlio_benchmark/dlio_benchmark/utils/statscounter.py:285]
[INFO] 2025-05-05T10:44:32.730903 Epoch 1 - Block 1 [Training] Throughput (samples/second): 2.0729 [/mnt/ioopt/appbench/apps/MLPerf-storage/dlio_benchmark/dlio_benchmark/utils/statscounter.py:286]
[INFO] 2025-05-05T10:44:32.732746 Ending epoch 1 - 400 steps completed in 964.90 s [/mnt/ioopt/appbench/apps/MLPerf-storage/dlio_benchmark/dlio_benchmark/utils/statscounter.py:225]
[INFO] 2025-05-05T10:44:32.738235 Saved outputs in /mnt/ioopt/appbench/apps/MLPerf-storage/resultsdir/RUN_5/batch_size_5_num_threads_12 [/mnt/ioopt/appbench/apps/MLPerf-storage/dlio_benchmark/dlio_benchmark/utils/statscounter.py:171]
[INFO] Averaged metric over all epochs
[METRIC] ==========================================================
[METRIC] Number of Simulated Accelerators: 1 
[METRIC] Training Accelerator Utilization [AU] (%): 13.7720 (0.0000)
[METRIC] Training Throughput (samples/second): 2.0729 (0.0000)
[METRIC] Training I/O Throughput (MB/second): 289.8085 (0.0000)
[METRIC] train_au_meet_expectation: fail
[METRIC] ==========================================================
 [/mnt/ioopt/appbench/apps/MLPerf-storage/dlio_benchmark/dlio_benchmark/utils/statscounter.py:185]
[INFO] 2025-05-05T10:44:32.744462 outputs saved in RANKID_output.json [/mnt/ioopt/appbench/apps/MLPerf-storage/dlio_benchmark/dlio_benchmark/utils/statscounter.py:378]
