[INFO] 2025-05-05T10:45:22.235236 Profiling DLIO /mnt/ioopt/appbench/apps/MLPerf-storage/resultsdir/RUN_5/batch_size_5_num_threads_14/trace-0-of-1.pfw [/mnt/ioopt/appbench/apps/MLPerf-storage/dlio_benchmark/dlio_benchmark/utils/config.py:189]
[INFO] 2025-05-05T10:45:22.235940 Running DLIO with 1 process(es) [/mnt/ioopt/appbench/apps/MLPerf-storage/dlio_benchmark/dlio_benchmark/main.py:100]
[INFO] Total amount of data each host will consume is 273.064948618412 GB; each host has [np.float64(187.5592384338379)] GB memory [/mnt/ioopt/appbench/apps/MLPerf-storage/dlio_benchmark/dlio_benchmark/utils/statscounter.py:121]
[INFO] 2025-05-05T10:45:38.598120 Max steps per epoch: 400 = 1 * 2000 / 5 / 1 (samples per file * num files / batch size / comm size) [/mnt/ioopt/appbench/apps/MLPerf-storage/dlio_benchmark/dlio_benchmark/main.py:321]
[INFO] 2025-05-05T10:45:38.751148 Starting epoch 1: 400 steps expected [/mnt/ioopt/appbench/apps/MLPerf-storage/dlio_benchmark/dlio_benchmark/utils/statscounter.py:192]
[INFO] 2025-05-05T10:45:38.783630 Starting block 1 [/mnt/ioopt/appbench/apps/MLPerf-storage/dlio_benchmark/dlio_benchmark/utils/statscounter.py:264]
[INFO] 2025-05-05T10:46:12.431545 Rank 0 step 1 processed 5 samples in 33.647732973098755 s [/mnt/ioopt/appbench/apps/MLPerf-storage/dlio_benchmark/dlio_benchmark/utils/statscounter.py:325]
[INFO] 2025-05-05T10:46:13.009075 Rank 0 step 2 processed 5 samples in 0.5765268802642822 s [/mnt/ioopt/appbench/apps/MLPerf-storage/dlio_benchmark/dlio_benchmark/utils/statscounter.py:325]
[INFO] 2025-05-05T10:46:15.411412 Rank 0 step 3 processed 5 samples in 2.4019713401794434 s [/mnt/ioopt/appbench/apps/MLPerf-storage/dlio_benchmark/dlio_benchmark/utils/statscounter.py:325]
[INFO] 2025-05-05T10:46:15.740479 Rank 0 step 4 processed 5 samples in 0.32845163345336914 s [/mnt/ioopt/appbench/apps/MLPerf-storage/dlio_benchmark/dlio_benchmark/utils/statscounter.py:325]
[INFO] 2025-05-05T10:46:16.069490 Rank 0 step 5 processed 5 samples in 0.3285946846008301 s [/mnt/ioopt/appbench/apps/MLPerf-storage/dlio_benchmark/dlio_benchmark/utils/statscounter.py:325]
[INFO] 2025-05-05T10:46:16.401741 Rank 0 step 6 processed 5 samples in 0.33182787895202637 s [/mnt/ioopt/appbench/apps/MLPerf-storage/dlio_benchmark/dlio_benchmark/utils/statscounter.py:325]
[INFO] 2025-05-05T10:46:16.730886 Rank 0 step 7 processed 5 samples in 0.3286857604980469 s [/mnt/ioopt/appbench/apps/MLPerf-storage/dlio_benchmark/dlio_benchmark/utils/statscounter.py:325]
[INFO] 2025-05-05T10:46:17.059556 Rank 0 step 8 processed 5 samples in 0.3282155990600586 s [/mnt/ioopt/appbench/apps/MLPerf-storage/dlio_benchmark/dlio_benchmark/utils/statscounter.py:325]
[INFO] 2025-05-05T10:46:17.388237 Rank 0 step 9 processed 5 samples in 0.32826876640319824 s [/mnt/ioopt/appbench/apps/MLPerf-storage/dlio_benchmark/dlio_benchmark/utils/statscounter.py:325]
[INFO] 2025-05-05T10:46:17.717253 Rank 0 step 10 processed 5 samples in 0.3285975456237793 s [/mnt/ioopt/appbench/apps/MLPerf-storage/dlio_benchmark/dlio_benchmark/utils/statscounter.py:325]
[INFO] 2025-05-05T10:46:18.046085 Rank 0 step 11 processed 5 samples in 0.32837462425231934 s [/mnt/ioopt/appbench/apps/MLPerf-storage/dlio_benchmark/dlio_benchmark/utils/statscounter.py:325]
[INFO] 2025-05-05T10:46:18.374773 Rank 0 step 12 processed 5 samples in 0.3282787799835205 s [/mnt/ioopt/appbench/apps/MLPerf-storage/dlio_benchmark/dlio_benchmark/utils/statscounter.py:325]
[INFO] 2025-05-05T10:46:18.704743 Rank 0 step 13 processed 5 samples in 0.3295159339904785 s [/mnt/ioopt/appbench/apps/MLPerf-storage/dlio_benchmark/dlio_benchmark/utils/statscounter.py:325]
[INFO] 2025-05-05T10:46:19.034882 Rank 0 step 14 processed 5 samples in 0.3295910358428955 s [/mnt/ioopt/appbench/apps/MLPerf-storage/dlio_benchmark/dlio_benchmark/utils/statscounter.py:325]
[INFO] 2025-05-05T10:46:40.498298 Rank 0 step 15 processed 5 samples in 21.462897539138794 s [/mnt/ioopt/appbench/apps/MLPerf-storage/dlio_benchmark/dlio_benchmark/utils/statscounter.py:325]
[INFO] 2025-05-05T10:46:41.295023 Rank 0 step 16 processed 5 samples in 0.796271562576294 s [/mnt/ioopt/appbench/apps/MLPerf-storage/dlio_benchmark/dlio_benchmark/utils/statscounter.py:325]
[INFO] 2025-05-05T10:46:44.485328 Rank 0 step 17 processed 5 samples in 3.189837694168091 s [/mnt/ioopt/appbench/apps/MLPerf-storage/dlio_benchmark/dlio_benchmark/utils/statscounter.py:325]
[INFO] 2025-05-05T10:46:50.871928 Rank 0 step 18 processed 5 samples in 6.386148452758789 s [/mnt/ioopt/appbench/apps/MLPerf-storage/dlio_benchmark/dlio_benchmark/utils/statscounter.py:325]
[INFO] 2025-05-05T10:46:52.027163 Rank 0 step 19 processed 5 samples in 1.1547327041625977 s [/mnt/ioopt/appbench/apps/MLPerf-storage/dlio_benchmark/dlio_benchmark/utils/statscounter.py:325]
[INFO] 2025-05-05T10:46:52.356169 Rank 0 step 20 processed 5 samples in 0.3285088539123535 s [/mnt/ioopt/appbench/apps/MLPerf-storage/dlio_benchmark/dlio_benchmark/utils/statscounter.py:325]
[INFO] 2025-05-05T10:46:52.685574 Rank 0 step 21 processed 5 samples in 0.3289215564727783 s [/mnt/ioopt/appbench/apps/MLPerf-storage/dlio_benchmark/dlio_benchmark/utils/statscounter.py:325]
[INFO] 2025-05-05T10:46:53.018626 Rank 0 step 22 processed 5 samples in 0.33254027366638184 s [/mnt/ioopt/appbench/apps/MLPerf-storage/dlio_benchmark/dlio_benchmark/utils/statscounter.py:325]
[INFO] 2025-05-05T10:46:53.347394 Rank 0 step 23 processed 5 samples in 0.3282949924468994 s [/mnt/ioopt/appbench/apps/MLPerf-storage/dlio_benchmark/dlio_benchmark/utils/statscounter.py:325]
[INFO] 2025-05-05T10:46:53.676048 Rank 0 step 24 processed 5 samples in 0.3282279968261719 s [/mnt/ioopt/appbench/apps/MLPerf-storage/dlio_benchmark/dlio_benchmark/utils/statscounter.py:325]
[INFO] 2025-05-05T10:46:54.004995 Rank 0 step 25 processed 5 samples in 0.32854771614074707 s [/mnt/ioopt/appbench/apps/MLPerf-storage/dlio_benchmark/dlio_benchmark/utils/statscounter.py:325]
[INFO] 2025-05-05T10:46:54.333959 Rank 0 step 26 processed 5 samples in 0.32854509353637695 s [/mnt/ioopt/appbench/apps/MLPerf-storage/dlio_benchmark/dlio_benchmark/utils/statscounter.py:325]
[INFO] 2025-05-05T10:46:54.664476 Rank 0 step 27 processed 5 samples in 0.330094575881958 s [/mnt/ioopt/appbench/apps/MLPerf-storage/dlio_benchmark/dlio_benchmark/utils/statscounter.py:325]
[INFO] 2025-05-05T10:46:54.993259 Rank 0 step 28 processed 5 samples in 0.3282651901245117 s [/mnt/ioopt/appbench/apps/MLPerf-storage/dlio_benchmark/dlio_benchmark/utils/statscounter.py:325]
[INFO] 2025-05-05T10:47:15.731096 Rank 0 step 29 processed 5 samples in 20.737353563308716 s [/mnt/ioopt/appbench/apps/MLPerf-storage/dlio_benchmark/dlio_benchmark/utils/statscounter.py:325]
[INFO] 2025-05-05T10:47:17.061701 Rank 0 step 30 processed 5 samples in 1.3301093578338623 s [/mnt/ioopt/appbench/apps/MLPerf-storage/dlio_benchmark/dlio_benchmark/utils/statscounter.py:325]
[INFO] 2025-05-05T10:47:18.535212 Rank 0 step 31 processed 5 samples in 1.4729690551757812 s [/mnt/ioopt/appbench/apps/MLPerf-storage/dlio_benchmark/dlio_benchmark/utils/statscounter.py:325]
[INFO] 2025-05-05T10:47:26.652603 Rank 0 step 32 processed 5 samples in 8.116892099380493 s [/mnt/ioopt/appbench/apps/MLPerf-storage/dlio_benchmark/dlio_benchmark/utils/statscounter.py:325]
[INFO] 2025-05-05T10:47:26.981778 Rank 0 step 33 processed 5 samples in 0.32854151725769043 s [/mnt/ioopt/appbench/apps/MLPerf-storage/dlio_benchmark/dlio_benchmark/utils/statscounter.py:325]
[INFO] 2025-05-05T10:47:27.310937 Rank 0 step 34 processed 5 samples in 0.32869768142700195 s [/mnt/ioopt/appbench/apps/MLPerf-storage/dlio_benchmark/dlio_benchmark/utils/statscounter.py:325]
[INFO] 2025-05-05T10:47:29.621828 Rank 0 step 35 processed 5 samples in 2.3104090690612793 s [/mnt/ioopt/appbench/apps/MLPerf-storage/dlio_benchmark/dlio_benchmark/utils/statscounter.py:325]
[INFO] 2025-05-05T10:47:29.950946 Rank 0 step 36 processed 5 samples in 0.32864952087402344 s [/mnt/ioopt/appbench/apps/MLPerf-storage/dlio_benchmark/dlio_benchmark/utils/statscounter.py:325]
[INFO] 2025-05-05T10:47:30.279875 Rank 0 step 37 processed 5 samples in 0.32845401763916016 s [/mnt/ioopt/appbench/apps/MLPerf-storage/dlio_benchmark/dlio_benchmark/utils/statscounter.py:325]
[INFO] 2025-05-05T10:47:30.608747 Rank 0 step 38 processed 5 samples in 0.3283853530883789 s [/mnt/ioopt/appbench/apps/MLPerf-storage/dlio_benchmark/dlio_benchmark/utils/statscounter.py:325]
[INFO] 2025-05-05T10:47:30.937875 Rank 0 step 39 processed 5 samples in 0.3286702632904053 s [/mnt/ioopt/appbench/apps/MLPerf-storage/dlio_benchmark/dlio_benchmark/utils/statscounter.py:325]
[INFO] 2025-05-05T10:47:31.266757 Rank 0 step 40 processed 5 samples in 0.3284180164337158 s [/mnt/ioopt/appbench/apps/MLPerf-storage/dlio_benchmark/dlio_benchmark/utils/statscounter.py:325]
[INFO] 2025-05-05T10:47:31.595641 Rank 0 step 41 processed 5 samples in 0.32839274406433105 s [/mnt/ioopt/appbench/apps/MLPerf-storage/dlio_benchmark/dlio_benchmark/utils/statscounter.py:325]
[INFO] 2025-05-05T10:47:31.924784 Rank 0 step 42 processed 5 samples in 0.32868504524230957 s [/mnt/ioopt/appbench/apps/MLPerf-storage/dlio_benchmark/dlio_benchmark/utils/statscounter.py:325]
[INFO] 2025-05-05T10:47:47.119426 Rank 0 step 43 processed 5 samples in 15.194147825241089 s [/mnt/ioopt/appbench/apps/MLPerf-storage/dlio_benchmark/dlio_benchmark/utils/statscounter.py:325]
[INFO] 2025-05-05T10:47:52.581008 Rank 0 step 44 processed 5 samples in 5.461104393005371 s [/mnt/ioopt/appbench/apps/MLPerf-storage/dlio_benchmark/dlio_benchmark/utils/statscounter.py:325]
[INFO] 2025-05-05T10:47:52.909850 Rank 0 step 45 processed 5 samples in 0.3283686637878418 s [/mnt/ioopt/appbench/apps/MLPerf-storage/dlio_benchmark/dlio_benchmark/utils/statscounter.py:325]
[INFO] 2025-05-05T10:47:56.238158 Rank 0 step 46 processed 5 samples in 3.327848434448242 s [/mnt/ioopt/appbench/apps/MLPerf-storage/dlio_benchmark/dlio_benchmark/utils/statscounter.py:325]
[INFO] 2025-05-05T10:47:56.566948 Rank 0 step 47 processed 5 samples in 0.32827019691467285 s [/mnt/ioopt/appbench/apps/MLPerf-storage/dlio_benchmark/dlio_benchmark/utils/statscounter.py:325]
[INFO] 2025-05-05T10:47:56.897967 Rank 0 step 48 processed 5 samples in 0.3306262493133545 s [/mnt/ioopt/appbench/apps/MLPerf-storage/dlio_benchmark/dlio_benchmark/utils/statscounter.py:325]
[INFO] 2025-05-05T10:48:00.832534 Rank 0 step 49 processed 5 samples in 3.9340322017669678 s [/mnt/ioopt/appbench/apps/MLPerf-storage/dlio_benchmark/dlio_benchmark/utils/statscounter.py:325]
[INFO] 2025-05-05T10:48:01.161746 Rank 0 step 50 processed 5 samples in 0.32871031761169434 s [/mnt/ioopt/appbench/apps/MLPerf-storage/dlio_benchmark/dlio_benchmark/utils/statscounter.py:325]
[INFO] 2025-05-05T10:48:08.357989 Rank 0 step 51 processed 5 samples in 7.19575572013855 s [/mnt/ioopt/appbench/apps/MLPerf-storage/dlio_benchmark/dlio_benchmark/utils/statscounter.py:325]
[INFO] 2025-05-05T10:48:08.686823 Rank 0 step 52 processed 5 samples in 0.3282802104949951 s [/mnt/ioopt/appbench/apps/MLPerf-storage/dlio_benchmark/dlio_benchmark/utils/statscounter.py:325]
[INFO] 2025-05-05T10:48:09.015880 Rank 0 step 53 processed 5 samples in 0.32856225967407227 s [/mnt/ioopt/appbench/apps/MLPerf-storage/dlio_benchmark/dlio_benchmark/utils/statscounter.py:325]
[INFO] 2025-05-05T10:48:09.344854 Rank 0 step 54 processed 5 samples in 0.3284950256347656 s [/mnt/ioopt/appbench/apps/MLPerf-storage/dlio_benchmark/dlio_benchmark/utils/statscounter.py:325]
[INFO] 2025-05-05T10:48:09.676070 Rank 0 step 55 processed 5 samples in 0.330733060836792 s [/mnt/ioopt/appbench/apps/MLPerf-storage/dlio_benchmark/dlio_benchmark/utils/statscounter.py:325]
[INFO] 2025-05-05T10:48:10.005245 Rank 0 step 56 processed 5 samples in 0.3286771774291992 s [/mnt/ioopt/appbench/apps/MLPerf-storage/dlio_benchmark/dlio_benchmark/utils/statscounter.py:325]
[INFO] 2025-05-05T10:48:17.725339 Rank 0 step 57 processed 5 samples in 7.719627380371094 s [/mnt/ioopt/appbench/apps/MLPerf-storage/dlio_benchmark/dlio_benchmark/utils/statscounter.py:325]
[INFO] 2025-05-05T10:48:18.054602 Rank 0 step 58 processed 5 samples in 0.3287849426269531 s [/mnt/ioopt/appbench/apps/MLPerf-storage/dlio_benchmark/dlio_benchmark/utils/statscounter.py:325]
[INFO] 2025-05-05T10:48:25.982519 Rank 0 step 59 processed 5 samples in 7.927432537078857 s [/mnt/ioopt/appbench/apps/MLPerf-storage/dlio_benchmark/dlio_benchmark/utils/statscounter.py:325]
[INFO] 2025-05-05T10:48:26.311354 Rank 0 step 60 processed 5 samples in 0.32834506034851074 s [/mnt/ioopt/appbench/apps/MLPerf-storage/dlio_benchmark/dlio_benchmark/utils/statscounter.py:325]
[INFO] 2025-05-05T10:48:35.370833 Rank 0 step 61 processed 5 samples in 9.05901288986206 s [/mnt/ioopt/appbench/apps/MLPerf-storage/dlio_benchmark/dlio_benchmark/utils/statscounter.py:325]
[INFO] 2025-05-05T10:48:36.015205 Rank 0 step 62 processed 5 samples in 0.6434693336486816 s [/mnt/ioopt/appbench/apps/MLPerf-storage/dlio_benchmark/dlio_benchmark/utils/statscounter.py:325]
[INFO] 2025-05-05T10:48:36.344333 Rank 0 step 63 processed 5 samples in 0.32866621017456055 s [/mnt/ioopt/appbench/apps/MLPerf-storage/dlio_benchmark/dlio_benchmark/utils/statscounter.py:325]
[INFO] 2025-05-05T10:48:36.673115 Rank 0 step 64 processed 5 samples in 0.3283379077911377 s [/mnt/ioopt/appbench/apps/MLPerf-storage/dlio_benchmark/dlio_benchmark/utils/statscounter.py:325]
[INFO] 2025-05-05T10:48:43.539264 Rank 0 step 65 processed 5 samples in 6.865624666213989 s [/mnt/ioopt/appbench/apps/MLPerf-storage/dlio_benchmark/dlio_benchmark/utils/statscounter.py:325]
[INFO] 2025-05-05T10:48:43.868539 Rank 0 step 66 processed 5 samples in 0.3287482261657715 s [/mnt/ioopt/appbench/apps/MLPerf-storage/dlio_benchmark/dlio_benchmark/utils/statscounter.py:325]
[INFO] 2025-05-05T10:48:44.197679 Rank 0 step 67 processed 5 samples in 0.32867431640625 s [/mnt/ioopt/appbench/apps/MLPerf-storage/dlio_benchmark/dlio_benchmark/utils/statscounter.py:325]
[INFO] 2025-05-05T10:48:44.526577 Rank 0 step 68 processed 5 samples in 0.3284449577331543 s [/mnt/ioopt/appbench/apps/MLPerf-storage/dlio_benchmark/dlio_benchmark/utils/statscounter.py:325]
[INFO] 2025-05-05T10:48:44.855164 Rank 0 step 69 processed 5 samples in 0.3281552791595459 s [/mnt/ioopt/appbench/apps/MLPerf-storage/dlio_benchmark/dlio_benchmark/utils/statscounter.py:325]
[INFO] 2025-05-05T10:48:45.184187 Rank 0 step 70 processed 5 samples in 0.32858800888061523 s [/mnt/ioopt/appbench/apps/MLPerf-storage/dlio_benchmark/dlio_benchmark/utils/statscounter.py:325]
[INFO] 2025-05-05T10:48:49.773846 Rank 0 step 71 processed 5 samples in 4.5892181396484375 s [/mnt/ioopt/appbench/apps/MLPerf-storage/dlio_benchmark/dlio_benchmark/utils/statscounter.py:325]
[INFO] 2025-05-05T10:48:50.102726 Rank 0 step 72 processed 5 samples in 0.328416109085083 s [/mnt/ioopt/appbench/apps/MLPerf-storage/dlio_benchmark/dlio_benchmark/utils/statscounter.py:325]
[INFO] 2025-05-05T10:48:53.844789 Rank 0 step 73 processed 5 samples in 3.7415878772735596 s [/mnt/ioopt/appbench/apps/MLPerf-storage/dlio_benchmark/dlio_benchmark/utils/statscounter.py:325]
[INFO] 2025-05-05T10:48:54.171775 Rank 0 step 74 processed 5 samples in 0.3266565799713135 s [/mnt/ioopt/appbench/apps/MLPerf-storage/dlio_benchmark/dlio_benchmark/utils/statscounter.py:325]
[INFO] 2025-05-05T10:49:05.373775 Rank 0 step 75 processed 5 samples in 11.201661109924316 s [/mnt/ioopt/appbench/apps/MLPerf-storage/dlio_benchmark/dlio_benchmark/utils/statscounter.py:325]
[INFO] 2025-05-05T10:49:08.886980 Rank 0 step 76 processed 5 samples in 3.5126874446868896 s [/mnt/ioopt/appbench/apps/MLPerf-storage/dlio_benchmark/dlio_benchmark/utils/statscounter.py:325]
[INFO] 2025-05-05T10:49:09.215946 Rank 0 step 77 processed 5 samples in 0.3284294605255127 s [/mnt/ioopt/appbench/apps/MLPerf-storage/dlio_benchmark/dlio_benchmark/utils/statscounter.py:325]
[INFO] 2025-05-05T10:49:09.544977 Rank 0 step 78 processed 5 samples in 0.32855677604675293 s [/mnt/ioopt/appbench/apps/MLPerf-storage/dlio_benchmark/dlio_benchmark/utils/statscounter.py:325]
[INFO] 2025-05-05T10:49:09.876642 Rank 0 step 79 processed 5 samples in 0.33123779296875 s [/mnt/ioopt/appbench/apps/MLPerf-storage/dlio_benchmark/dlio_benchmark/utils/statscounter.py:325]
[INFO] 2025-05-05T10:49:15.141133 Rank 0 step 80 processed 5 samples in 5.264032363891602 s [/mnt/ioopt/appbench/apps/MLPerf-storage/dlio_benchmark/dlio_benchmark/utils/statscounter.py:325]
[INFO] 2025-05-05T10:49:15.707389 Rank 0 step 81 processed 5 samples in 0.5657572746276855 s [/mnt/ioopt/appbench/apps/MLPerf-storage/dlio_benchmark/dlio_benchmark/utils/statscounter.py:325]
[INFO] 2025-05-05T10:49:16.034520 Rank 0 step 82 processed 5 samples in 0.32666897773742676 s [/mnt/ioopt/appbench/apps/MLPerf-storage/dlio_benchmark/dlio_benchmark/utils/statscounter.py:325]
[INFO] 2025-05-05T10:49:17.655662 Rank 0 step 83 processed 5 samples in 1.6208138465881348 s [/mnt/ioopt/appbench/apps/MLPerf-storage/dlio_benchmark/dlio_benchmark/utils/statscounter.py:325]
[INFO] 2025-05-05T10:49:17.984575 Rank 0 step 84 processed 5 samples in 0.3283417224884033 s [/mnt/ioopt/appbench/apps/MLPerf-storage/dlio_benchmark/dlio_benchmark/utils/statscounter.py:325]
[INFO] 2025-05-05T10:49:18.867466 Rank 0 step 85 processed 5 samples in 0.8823637962341309 s [/mnt/ioopt/appbench/apps/MLPerf-storage/dlio_benchmark/dlio_benchmark/utils/statscounter.py:325]
[INFO] 2025-05-05T10:49:24.793489 Rank 0 step 86 processed 5 samples in 5.925537586212158 s [/mnt/ioopt/appbench/apps/MLPerf-storage/dlio_benchmark/dlio_benchmark/utils/statscounter.py:325]
[INFO] 2025-05-05T10:49:25.122548 Rank 0 step 87 processed 5 samples in 0.3285031318664551 s [/mnt/ioopt/appbench/apps/MLPerf-storage/dlio_benchmark/dlio_benchmark/utils/statscounter.py:325]
[INFO] 2025-05-05T10:49:25.453985 Rank 0 step 88 processed 5 samples in 0.3309671878814697 s [/mnt/ioopt/appbench/apps/MLPerf-storage/dlio_benchmark/dlio_benchmark/utils/statscounter.py:325]
[INFO] 2025-05-05T10:49:34.520018 Rank 0 step 89 processed 5 samples in 9.065523386001587 s [/mnt/ioopt/appbench/apps/MLPerf-storage/dlio_benchmark/dlio_benchmark/utils/statscounter.py:325]
[INFO] 2025-05-05T10:49:39.804318 Rank 0 step 90 processed 5 samples in 5.283803462982178 s [/mnt/ioopt/appbench/apps/MLPerf-storage/dlio_benchmark/dlio_benchmark/utils/statscounter.py:325]
[INFO] 2025-05-05T10:49:40.137450 Rank 0 step 91 processed 5 samples in 0.33258748054504395 s [/mnt/ioopt/appbench/apps/MLPerf-storage/dlio_benchmark/dlio_benchmark/utils/statscounter.py:325]
[INFO] 2025-05-05T10:49:45.274479 Rank 0 step 92 processed 5 samples in 5.136444330215454 s [/mnt/ioopt/appbench/apps/MLPerf-storage/dlio_benchmark/dlio_benchmark/utils/statscounter.py:325]
[INFO] 2025-05-05T10:49:47.498691 Rank 0 step 93 processed 5 samples in 2.2237043380737305 s [/mnt/ioopt/appbench/apps/MLPerf-storage/dlio_benchmark/dlio_benchmark/utils/statscounter.py:325]
[INFO] 2025-05-05T10:49:51.213909 Rank 0 step 94 processed 5 samples in 3.7147321701049805 s [/mnt/ioopt/appbench/apps/MLPerf-storage/dlio_benchmark/dlio_benchmark/utils/statscounter.py:325]
[INFO] 2025-05-05T10:49:51.543226 Rank 0 step 95 processed 5 samples in 0.32871031761169434 s [/mnt/ioopt/appbench/apps/MLPerf-storage/dlio_benchmark/dlio_benchmark/utils/statscounter.py:325]
[INFO] 2025-05-05T10:49:51.874764 Rank 0 step 96 processed 5 samples in 0.3310720920562744 s [/mnt/ioopt/appbench/apps/MLPerf-storage/dlio_benchmark/dlio_benchmark/utils/statscounter.py:325]
[INFO] 2025-05-05T10:49:52.203994 Rank 0 step 97 processed 5 samples in 0.3287341594696045 s [/mnt/ioopt/appbench/apps/MLPerf-storage/dlio_benchmark/dlio_benchmark/utils/statscounter.py:325]
[INFO] 2025-05-05T10:49:52.532860 Rank 0 step 98 processed 5 samples in 0.32840609550476074 s [/mnt/ioopt/appbench/apps/MLPerf-storage/dlio_benchmark/dlio_benchmark/utils/statscounter.py:325]
[INFO] 2025-05-05T10:49:58.198193 Rank 0 step 99 processed 5 samples in 5.664758205413818 s [/mnt/ioopt/appbench/apps/MLPerf-storage/dlio_benchmark/dlio_benchmark/utils/statscounter.py:325]
[INFO] 2025-05-05T10:49:58.523965 Rank 0 step 100 processed 5 samples in 0.3254868984222412 s [/mnt/ioopt/appbench/apps/MLPerf-storage/dlio_benchmark/dlio_benchmark/utils/statscounter.py:325]
[INFO] 2025-05-05T10:50:05.545657 Rank 0 step 101 processed 5 samples in 7.021233558654785 s [/mnt/ioopt/appbench/apps/MLPerf-storage/dlio_benchmark/dlio_benchmark/utils/statscounter.py:325]
[INFO] 2025-05-05T10:50:05.872943 Rank 0 step 102 processed 5 samples in 0.32674694061279297 s [/mnt/ioopt/appbench/apps/MLPerf-storage/dlio_benchmark/dlio_benchmark/utils/statscounter.py:325]
[INFO] 2025-05-05T10:50:06.284801 Rank 0 step 103 processed 5 samples in 0.41133904457092285 s [/mnt/ioopt/appbench/apps/MLPerf-storage/dlio_benchmark/dlio_benchmark/utils/statscounter.py:325]
[INFO] 2025-05-05T10:50:06.614253 Rank 0 step 104 processed 5 samples in 0.3289916515350342 s [/mnt/ioopt/appbench/apps/MLPerf-storage/dlio_benchmark/dlio_benchmark/utils/statscounter.py:325]
[INFO] 2025-05-05T10:50:06.945108 Rank 0 step 105 processed 5 samples in 0.33058834075927734 s [/mnt/ioopt/appbench/apps/MLPerf-storage/dlio_benchmark/dlio_benchmark/utils/statscounter.py:325]
[INFO] 2025-05-05T10:50:20.930950 Rank 0 step 106 processed 5 samples in 13.985369205474854 s [/mnt/ioopt/appbench/apps/MLPerf-storage/dlio_benchmark/dlio_benchmark/utils/statscounter.py:325]
[INFO] 2025-05-05T10:50:21.259860 Rank 0 step 107 processed 5 samples in 0.3284034729003906 s [/mnt/ioopt/appbench/apps/MLPerf-storage/dlio_benchmark/dlio_benchmark/utils/statscounter.py:325]
[INFO] 2025-05-05T10:50:29.858314 Rank 0 step 108 processed 5 samples in 8.597995042800903 s [/mnt/ioopt/appbench/apps/MLPerf-storage/dlio_benchmark/dlio_benchmark/utils/statscounter.py:325]
[INFO] 2025-05-05T10:50:30.187299 Rank 0 step 109 processed 5 samples in 0.3284883499145508 s [/mnt/ioopt/appbench/apps/MLPerf-storage/dlio_benchmark/dlio_benchmark/utils/statscounter.py:325]
[INFO] 2025-05-05T10:50:30.516372 Rank 0 step 110 processed 5 samples in 0.328599214553833 s [/mnt/ioopt/appbench/apps/MLPerf-storage/dlio_benchmark/dlio_benchmark/utils/statscounter.py:325]
[INFO] 2025-05-05T10:50:30.845288 Rank 0 step 111 processed 5 samples in 0.32843947410583496 s [/mnt/ioopt/appbench/apps/MLPerf-storage/dlio_benchmark/dlio_benchmark/utils/statscounter.py:325]
[INFO] 2025-05-05T10:50:31.174452 Rank 0 step 112 processed 5 samples in 0.3286886215209961 s [/mnt/ioopt/appbench/apps/MLPerf-storage/dlio_benchmark/dlio_benchmark/utils/statscounter.py:325]
[INFO] 2025-05-05T10:50:31.503696 Rank 0 step 113 processed 5 samples in 0.3287644386291504 s [/mnt/ioopt/appbench/apps/MLPerf-storage/dlio_benchmark/dlio_benchmark/utils/statscounter.py:325]
[INFO] 2025-05-05T10:50:31.837020 Rank 0 step 114 processed 5 samples in 0.3328521251678467 s [/mnt/ioopt/appbench/apps/MLPerf-storage/dlio_benchmark/dlio_benchmark/utils/statscounter.py:325]
[INFO] 2025-05-05T10:50:42.976612 Rank 0 step 115 processed 5 samples in 11.139064311981201 s [/mnt/ioopt/appbench/apps/MLPerf-storage/dlio_benchmark/dlio_benchmark/utils/statscounter.py:325]
[INFO] 2025-05-05T10:50:43.305615 Rank 0 step 116 processed 5 samples in 0.32848477363586426 s [/mnt/ioopt/appbench/apps/MLPerf-storage/dlio_benchmark/dlio_benchmark/utils/statscounter.py:325]
[INFO] 2025-05-05T10:50:43.634819 Rank 0 step 117 processed 5 samples in 0.3287177085876465 s [/mnt/ioopt/appbench/apps/MLPerf-storage/dlio_benchmark/dlio_benchmark/utils/statscounter.py:325]
[INFO] 2025-05-05T10:50:43.963719 Rank 0 step 118 processed 5 samples in 0.3284015655517578 s [/mnt/ioopt/appbench/apps/MLPerf-storage/dlio_benchmark/dlio_benchmark/utils/statscounter.py:325]
[INFO] 2025-05-05T10:50:44.292883 Rank 0 step 119 processed 5 samples in 0.32868456840515137 s [/mnt/ioopt/appbench/apps/MLPerf-storage/dlio_benchmark/dlio_benchmark/utils/statscounter.py:325]
[INFO] 2025-05-05T10:50:55.183015 Rank 0 step 120 processed 5 samples in 10.889654874801636 s [/mnt/ioopt/appbench/apps/MLPerf-storage/dlio_benchmark/dlio_benchmark/utils/statscounter.py:325]
[INFO] 2025-05-05T10:50:55.512173 Rank 0 step 121 processed 5 samples in 0.32866692543029785 s [/mnt/ioopt/appbench/apps/MLPerf-storage/dlio_benchmark/dlio_benchmark/utils/statscounter.py:325]
[INFO] 2025-05-05T10:51:03.122958 Rank 0 step 122 processed 5 samples in 7.6103081703186035 s [/mnt/ioopt/appbench/apps/MLPerf-storage/dlio_benchmark/dlio_benchmark/utils/statscounter.py:325]
[INFO] 2025-05-05T10:51:04.508371 Rank 0 step 123 processed 5 samples in 1.38492751121521 s [/mnt/ioopt/appbench/apps/MLPerf-storage/dlio_benchmark/dlio_benchmark/utils/statscounter.py:325]
[INFO] 2025-05-05T10:51:04.837550 Rank 0 step 124 processed 5 samples in 0.32868409156799316 s [/mnt/ioopt/appbench/apps/MLPerf-storage/dlio_benchmark/dlio_benchmark/utils/statscounter.py:325]
[INFO] 2025-05-05T10:51:05.166715 Rank 0 step 125 processed 5 samples in 0.32868289947509766 s [/mnt/ioopt/appbench/apps/MLPerf-storage/dlio_benchmark/dlio_benchmark/utils/statscounter.py:325]
[INFO] 2025-05-05T10:51:06.204567 Rank 0 step 126 processed 5 samples in 1.0373284816741943 s [/mnt/ioopt/appbench/apps/MLPerf-storage/dlio_benchmark/dlio_benchmark/utils/statscounter.py:325]
[INFO] 2025-05-05T10:51:11.156047 Rank 0 step 127 processed 5 samples in 4.951002597808838 s [/mnt/ioopt/appbench/apps/MLPerf-storage/dlio_benchmark/dlio_benchmark/utils/statscounter.py:325]
[INFO] 2025-05-05T10:51:11.485306 Rank 0 step 128 processed 5 samples in 0.32877302169799805 s [/mnt/ioopt/appbench/apps/MLPerf-storage/dlio_benchmark/dlio_benchmark/utils/statscounter.py:325]
[INFO] 2025-05-05T10:51:11.814256 Rank 0 step 129 processed 5 samples in 0.3285071849822998 s [/mnt/ioopt/appbench/apps/MLPerf-storage/dlio_benchmark/dlio_benchmark/utils/statscounter.py:325]
[INFO] 2025-05-05T10:51:12.143315 Rank 0 step 130 processed 5 samples in 0.32861852645874023 s [/mnt/ioopt/appbench/apps/MLPerf-storage/dlio_benchmark/dlio_benchmark/utils/statscounter.py:325]
[INFO] 2025-05-05T10:51:12.624273 Rank 0 step 131 processed 5 samples in 0.48052382469177246 s [/mnt/ioopt/appbench/apps/MLPerf-storage/dlio_benchmark/dlio_benchmark/utils/statscounter.py:325]
[INFO] 2025-05-05T10:51:16.380667 Rank 0 step 132 processed 5 samples in 3.755864381790161 s [/mnt/ioopt/appbench/apps/MLPerf-storage/dlio_benchmark/dlio_benchmark/utils/statscounter.py:325]
[INFO] 2025-05-05T10:51:16.710083 Rank 0 step 133 processed 5 samples in 0.32888054847717285 s [/mnt/ioopt/appbench/apps/MLPerf-storage/dlio_benchmark/dlio_benchmark/utils/statscounter.py:325]
[INFO] 2025-05-05T10:51:28.253295 Rank 0 step 134 processed 5 samples in 11.542741775512695 s [/mnt/ioopt/appbench/apps/MLPerf-storage/dlio_benchmark/dlio_benchmark/utils/statscounter.py:325]
[INFO] 2025-05-05T10:51:28.582427 Rank 0 step 135 processed 5 samples in 0.3286583423614502 s [/mnt/ioopt/appbench/apps/MLPerf-storage/dlio_benchmark/dlio_benchmark/utils/statscounter.py:325]
[INFO] 2025-05-05T10:51:31.396249 Rank 0 step 136 processed 5 samples in 2.81339168548584 s [/mnt/ioopt/appbench/apps/MLPerf-storage/dlio_benchmark/dlio_benchmark/utils/statscounter.py:325]
[INFO] 2025-05-05T10:51:36.327484 Rank 0 step 137 processed 5 samples in 4.930782318115234 s [/mnt/ioopt/appbench/apps/MLPerf-storage/dlio_benchmark/dlio_benchmark/utils/statscounter.py:325]
[INFO] 2025-05-05T10:51:36.659583 Rank 0 step 138 processed 5 samples in 0.33159971237182617 s [/mnt/ioopt/appbench/apps/MLPerf-storage/dlio_benchmark/dlio_benchmark/utils/statscounter.py:325]
[INFO] 2025-05-05T10:51:36.989549 Rank 0 step 139 processed 5 samples in 0.32927584648132324 s [/mnt/ioopt/appbench/apps/MLPerf-storage/dlio_benchmark/dlio_benchmark/utils/statscounter.py:325]
[INFO] 2025-05-05T10:51:40.899146 Rank 0 step 140 processed 5 samples in 3.909162759780884 s [/mnt/ioopt/appbench/apps/MLPerf-storage/dlio_benchmark/dlio_benchmark/utils/statscounter.py:325]
[INFO] 2025-05-05T10:51:47.651495 Rank 0 step 141 processed 5 samples in 6.751692771911621 s [/mnt/ioopt/appbench/apps/MLPerf-storage/dlio_benchmark/dlio_benchmark/utils/statscounter.py:325]
[INFO] 2025-05-05T10:51:47.980636 Rank 0 step 142 processed 5 samples in 0.3286724090576172 s [/mnt/ioopt/appbench/apps/MLPerf-storage/dlio_benchmark/dlio_benchmark/utils/statscounter.py:325]
[INFO] 2025-05-05T10:51:52.106055 Rank 0 step 143 processed 5 samples in 4.124955892562866 s [/mnt/ioopt/appbench/apps/MLPerf-storage/dlio_benchmark/dlio_benchmark/utils/statscounter.py:325]
[INFO] 2025-05-05T10:51:52.435172 Rank 0 step 144 processed 5 samples in 0.32865118980407715 s [/mnt/ioopt/appbench/apps/MLPerf-storage/dlio_benchmark/dlio_benchmark/utils/statscounter.py:325]
[INFO] 2025-05-05T10:51:52.763879 Rank 0 step 145 processed 5 samples in 0.3282480239868164 s [/mnt/ioopt/appbench/apps/MLPerf-storage/dlio_benchmark/dlio_benchmark/utils/statscounter.py:325]
[INFO] 2025-05-05T10:51:53.092876 Rank 0 step 146 processed 5 samples in 0.3285660743713379 s [/mnt/ioopt/appbench/apps/MLPerf-storage/dlio_benchmark/dlio_benchmark/utils/statscounter.py:325]
[INFO] 2025-05-05T10:51:53.423531 Rank 0 step 147 processed 5 samples in 0.330216646194458 s [/mnt/ioopt/appbench/apps/MLPerf-storage/dlio_benchmark/dlio_benchmark/utils/statscounter.py:325]
[INFO] 2025-05-05T10:52:04.344050 Rank 0 step 148 processed 5 samples in 10.920066118240356 s [/mnt/ioopt/appbench/apps/MLPerf-storage/dlio_benchmark/dlio_benchmark/utils/statscounter.py:325]
[INFO] 2025-05-05T10:52:06.139150 Rank 0 step 149 processed 5 samples in 1.7946240901947021 s [/mnt/ioopt/appbench/apps/MLPerf-storage/dlio_benchmark/dlio_benchmark/utils/statscounter.py:325]
[INFO] 2025-05-05T10:52:06.468251 Rank 0 step 150 processed 5 samples in 0.32864952087402344 s [/mnt/ioopt/appbench/apps/MLPerf-storage/dlio_benchmark/dlio_benchmark/utils/statscounter.py:325]
[INFO] 2025-05-05T10:52:15.297408 Rank 0 step 151 processed 5 samples in 8.828734397888184 s [/mnt/ioopt/appbench/apps/MLPerf-storage/dlio_benchmark/dlio_benchmark/utils/statscounter.py:325]
[INFO] 2025-05-05T10:52:15.626171 Rank 0 step 152 processed 5 samples in 0.3283061981201172 s [/mnt/ioopt/appbench/apps/MLPerf-storage/dlio_benchmark/dlio_benchmark/utils/statscounter.py:325]
[INFO] 2025-05-05T10:52:15.955114 Rank 0 step 153 processed 5 samples in 0.3285233974456787 s [/mnt/ioopt/appbench/apps/MLPerf-storage/dlio_benchmark/dlio_benchmark/utils/statscounter.py:325]
[INFO] 2025-05-05T10:52:16.284191 Rank 0 step 154 processed 5 samples in 0.3286614418029785 s [/mnt/ioopt/appbench/apps/MLPerf-storage/dlio_benchmark/dlio_benchmark/utils/statscounter.py:325]
[INFO] 2025-05-05T10:52:17.652849 Rank 0 step 155 processed 5 samples in 1.3682489395141602 s [/mnt/ioopt/appbench/apps/MLPerf-storage/dlio_benchmark/dlio_benchmark/utils/statscounter.py:325]
[INFO] 2025-05-05T10:52:18.214549 Rank 0 step 156 processed 5 samples in 0.5612568855285645 s [/mnt/ioopt/appbench/apps/MLPerf-storage/dlio_benchmark/dlio_benchmark/utils/statscounter.py:325]
[INFO] 2025-05-05T10:52:26.354127 Rank 0 step 157 processed 5 samples in 8.13902735710144 s [/mnt/ioopt/appbench/apps/MLPerf-storage/dlio_benchmark/dlio_benchmark/utils/statscounter.py:325]
[INFO] 2025-05-05T10:52:27.407794 Rank 0 step 158 processed 5 samples in 1.0531811714172363 s [/mnt/ioopt/appbench/apps/MLPerf-storage/dlio_benchmark/dlio_benchmark/utils/statscounter.py:325]
[INFO] 2025-05-05T10:52:27.737043 Rank 0 step 159 processed 5 samples in 0.3287079334259033 s [/mnt/ioopt/appbench/apps/MLPerf-storage/dlio_benchmark/dlio_benchmark/utils/statscounter.py:325]
[INFO] 2025-05-05T10:52:28.065974 Rank 0 step 160 processed 5 samples in 0.3284306526184082 s [/mnt/ioopt/appbench/apps/MLPerf-storage/dlio_benchmark/dlio_benchmark/utils/statscounter.py:325]
[INFO] 2025-05-05T10:52:28.395171 Rank 0 step 161 processed 5 samples in 0.3287193775177002 s [/mnt/ioopt/appbench/apps/MLPerf-storage/dlio_benchmark/dlio_benchmark/utils/statscounter.py:325]
[INFO] 2025-05-05T10:52:38.197083 Rank 0 step 162 processed 5 samples in 9.801445484161377 s [/mnt/ioopt/appbench/apps/MLPerf-storage/dlio_benchmark/dlio_benchmark/utils/statscounter.py:325]
[INFO] 2025-05-05T10:52:38.526755 Rank 0 step 163 processed 5 samples in 0.32917189598083496 s [/mnt/ioopt/appbench/apps/MLPerf-storage/dlio_benchmark/dlio_benchmark/utils/statscounter.py:325]
[INFO] 2025-05-05T10:52:40.607355 Rank 0 step 164 processed 5 samples in 2.0801007747650146 s [/mnt/ioopt/appbench/apps/MLPerf-storage/dlio_benchmark/dlio_benchmark/utils/statscounter.py:325]
[INFO] 2025-05-05T10:52:42.054458 Rank 0 step 165 processed 5 samples in 1.4466254711151123 s [/mnt/ioopt/appbench/apps/MLPerf-storage/dlio_benchmark/dlio_benchmark/utils/statscounter.py:325]
[INFO] 2025-05-05T10:52:42.839227 Rank 0 step 166 processed 5 samples in 0.7844383716583252 s [/mnt/ioopt/appbench/apps/MLPerf-storage/dlio_benchmark/dlio_benchmark/utils/statscounter.py:325]
[INFO] 2025-05-05T10:52:47.088917 Rank 0 step 167 processed 5 samples in 4.249347448348999 s [/mnt/ioopt/appbench/apps/MLPerf-storage/dlio_benchmark/dlio_benchmark/utils/statscounter.py:325]
[INFO] 2025-05-05T10:52:47.417906 Rank 0 step 168 processed 5 samples in 0.3284485340118408 s [/mnt/ioopt/appbench/apps/MLPerf-storage/dlio_benchmark/dlio_benchmark/utils/statscounter.py:325]
[INFO] 2025-05-05T10:52:47.746850 Rank 0 step 169 processed 5 samples in 0.3284292221069336 s [/mnt/ioopt/appbench/apps/MLPerf-storage/dlio_benchmark/dlio_benchmark/utils/statscounter.py:325]
[INFO] 2025-05-05T10:52:48.076105 Rank 0 step 170 processed 5 samples in 0.3287169933319092 s [/mnt/ioopt/appbench/apps/MLPerf-storage/dlio_benchmark/dlio_benchmark/utils/statscounter.py:325]
[INFO] 2025-05-05T10:52:58.898592 Rank 0 step 171 processed 5 samples in 10.821960210800171 s [/mnt/ioopt/appbench/apps/MLPerf-storage/dlio_benchmark/dlio_benchmark/utils/statscounter.py:325]
[INFO] 2025-05-05T10:53:02.694429 Rank 0 step 172 processed 5 samples in 3.7952566146850586 s [/mnt/ioopt/appbench/apps/MLPerf-storage/dlio_benchmark/dlio_benchmark/utils/statscounter.py:325]
[INFO] 2025-05-05T10:53:03.023551 Rank 0 step 173 processed 5 samples in 0.328582763671875 s [/mnt/ioopt/appbench/apps/MLPerf-storage/dlio_benchmark/dlio_benchmark/utils/statscounter.py:325]
[INFO] 2025-05-05T10:53:03.352349 Rank 0 step 174 processed 5 samples in 0.3283369541168213 s [/mnt/ioopt/appbench/apps/MLPerf-storage/dlio_benchmark/dlio_benchmark/utils/statscounter.py:325]
[INFO] 2025-05-05T10:53:03.683618 Rank 0 step 175 processed 5 samples in 0.3308298587799072 s [/mnt/ioopt/appbench/apps/MLPerf-storage/dlio_benchmark/dlio_benchmark/utils/statscounter.py:325]
[INFO] 2025-05-05T10:53:04.745734 Rank 0 step 176 processed 5 samples in 1.0616180896759033 s [/mnt/ioopt/appbench/apps/MLPerf-storage/dlio_benchmark/dlio_benchmark/utils/statscounter.py:325]
[INFO] 2025-05-05T10:53:05.074448 Rank 0 step 177 processed 5 samples in 0.32822108268737793 s [/mnt/ioopt/appbench/apps/MLPerf-storage/dlio_benchmark/dlio_benchmark/utils/statscounter.py:325]
[INFO] 2025-05-05T10:53:12.308020 Rank 0 step 178 processed 5 samples in 7.233095169067383 s [/mnt/ioopt/appbench/apps/MLPerf-storage/dlio_benchmark/dlio_benchmark/utils/statscounter.py:325]
[INFO] 2025-05-05T10:53:13.517524 Rank 0 step 179 processed 5 samples in 1.2090144157409668 s [/mnt/ioopt/appbench/apps/MLPerf-storage/dlio_benchmark/dlio_benchmark/utils/statscounter.py:325]
[INFO] 2025-05-05T10:53:13.846696 Rank 0 step 180 processed 5 samples in 0.3287060260772705 s [/mnt/ioopt/appbench/apps/MLPerf-storage/dlio_benchmark/dlio_benchmark/utils/statscounter.py:325]
[INFO] 2025-05-05T10:53:14.175573 Rank 0 step 181 processed 5 samples in 0.32839250564575195 s [/mnt/ioopt/appbench/apps/MLPerf-storage/dlio_benchmark/dlio_benchmark/utils/statscounter.py:325]
[INFO] 2025-05-05T10:53:18.424815 Rank 0 step 182 processed 5 samples in 4.248759984970093 s [/mnt/ioopt/appbench/apps/MLPerf-storage/dlio_benchmark/dlio_benchmark/utils/statscounter.py:325]
[INFO] 2025-05-05T10:53:18.753015 Rank 0 step 183 processed 5 samples in 0.32776379585266113 s [/mnt/ioopt/appbench/apps/MLPerf-storage/dlio_benchmark/dlio_benchmark/utils/statscounter.py:325]
[INFO] 2025-05-05T10:53:19.079542 Rank 0 step 184 processed 5 samples in 0.32619285583496094 s [/mnt/ioopt/appbench/apps/MLPerf-storage/dlio_benchmark/dlio_benchmark/utils/statscounter.py:325]
[INFO] 2025-05-05T10:53:20.990626 Rank 0 step 185 processed 5 samples in 1.9106130599975586 s [/mnt/ioopt/appbench/apps/MLPerf-storage/dlio_benchmark/dlio_benchmark/utils/statscounter.py:325]
[INFO] 2025-05-05T10:53:34.554508 Rank 0 step 186 processed 5 samples in 13.563386917114258 s [/mnt/ioopt/appbench/apps/MLPerf-storage/dlio_benchmark/dlio_benchmark/utils/statscounter.py:325]
[INFO] 2025-05-05T10:53:36.996560 Rank 0 step 187 processed 5 samples in 2.4415130615234375 s [/mnt/ioopt/appbench/apps/MLPerf-storage/dlio_benchmark/dlio_benchmark/utils/statscounter.py:325]
[INFO] 2025-05-05T10:53:37.326168 Rank 0 step 188 processed 5 samples in 0.328505277633667 s [/mnt/ioopt/appbench/apps/MLPerf-storage/dlio_benchmark/dlio_benchmark/utils/statscounter.py:325]
[INFO] 2025-05-05T10:53:39.286288 Rank 0 step 189 processed 5 samples in 1.9596598148345947 s [/mnt/ioopt/appbench/apps/MLPerf-storage/dlio_benchmark/dlio_benchmark/utils/statscounter.py:325]
[INFO] 2025-05-05T10:53:40.082471 Rank 0 step 190 processed 5 samples in 0.7956490516662598 s [/mnt/ioopt/appbench/apps/MLPerf-storage/dlio_benchmark/dlio_benchmark/utils/statscounter.py:325]
[INFO] 2025-05-05T10:53:40.411602 Rank 0 step 191 processed 5 samples in 0.32865238189697266 s [/mnt/ioopt/appbench/apps/MLPerf-storage/dlio_benchmark/dlio_benchmark/utils/statscounter.py:325]
[INFO] 2025-05-05T10:53:40.888458 Rank 0 step 192 processed 5 samples in 0.47641682624816895 s [/mnt/ioopt/appbench/apps/MLPerf-storage/dlio_benchmark/dlio_benchmark/utils/statscounter.py:325]
[INFO] 2025-05-05T10:53:53.373164 Rank 0 step 193 processed 5 samples in 12.48422884941101 s [/mnt/ioopt/appbench/apps/MLPerf-storage/dlio_benchmark/dlio_benchmark/utils/statscounter.py:325]
[INFO] 2025-05-05T10:53:53.701991 Rank 0 step 194 processed 5 samples in 0.32834696769714355 s [/mnt/ioopt/appbench/apps/MLPerf-storage/dlio_benchmark/dlio_benchmark/utils/statscounter.py:325]
[INFO] 2025-05-05T10:53:54.914832 Rank 0 step 195 processed 5 samples in 1.2123687267303467 s [/mnt/ioopt/appbench/apps/MLPerf-storage/dlio_benchmark/dlio_benchmark/utils/statscounter.py:325]
[INFO] 2025-05-05T10:53:55.243960 Rank 0 step 196 processed 5 samples in 0.32843542098999023 s [/mnt/ioopt/appbench/apps/MLPerf-storage/dlio_benchmark/dlio_benchmark/utils/statscounter.py:325]
[INFO] 2025-05-05T10:53:55.574786 Rank 0 step 197 processed 5 samples in 0.3304605484008789 s [/mnt/ioopt/appbench/apps/MLPerf-storage/dlio_benchmark/dlio_benchmark/utils/statscounter.py:325]
[INFO] 2025-05-05T10:53:55.905979 Rank 0 step 198 processed 5 samples in 0.3306999206542969 s [/mnt/ioopt/appbench/apps/MLPerf-storage/dlio_benchmark/dlio_benchmark/utils/statscounter.py:325]
[INFO] 2025-05-05T10:53:56.234827 Rank 0 step 199 processed 5 samples in 0.3283085823059082 s [/mnt/ioopt/appbench/apps/MLPerf-storage/dlio_benchmark/dlio_benchmark/utils/statscounter.py:325]
[INFO] 2025-05-05T10:54:12.772352 Rank 0 step 200 processed 5 samples in 16.53698992729187 s [/mnt/ioopt/appbench/apps/MLPerf-storage/dlio_benchmark/dlio_benchmark/utils/statscounter.py:325]
[INFO] 2025-05-05T10:54:13.101450 Rank 0 step 201 processed 5 samples in 0.3285846710205078 s [/mnt/ioopt/appbench/apps/MLPerf-storage/dlio_benchmark/dlio_benchmark/utils/statscounter.py:325]
[INFO] 2025-05-05T10:54:13.430352 Rank 0 step 202 processed 5 samples in 0.32842326164245605 s [/mnt/ioopt/appbench/apps/MLPerf-storage/dlio_benchmark/dlio_benchmark/utils/statscounter.py:325]
[INFO] 2025-05-05T10:54:13.759487 Rank 0 step 203 processed 5 samples in 0.32863569259643555 s [/mnt/ioopt/appbench/apps/MLPerf-storage/dlio_benchmark/dlio_benchmark/utils/statscounter.py:325]
[INFO] 2025-05-05T10:54:17.697622 Rank 0 step 204 processed 5 samples in 3.9378371238708496 s [/mnt/ioopt/appbench/apps/MLPerf-storage/dlio_benchmark/dlio_benchmark/utils/statscounter.py:325]
[INFO] 2025-05-05T10:54:18.026942 Rank 0 step 205 processed 5 samples in 0.3288154602050781 s [/mnt/ioopt/appbench/apps/MLPerf-storage/dlio_benchmark/dlio_benchmark/utils/statscounter.py:325]
[INFO] 2025-05-05T10:54:18.356039 Rank 0 step 206 processed 5 samples in 0.32857179641723633 s [/mnt/ioopt/appbench/apps/MLPerf-storage/dlio_benchmark/dlio_benchmark/utils/statscounter.py:325]
[INFO] 2025-05-05T10:54:26.018306 Rank 0 step 207 processed 5 samples in 7.661773920059204 s [/mnt/ioopt/appbench/apps/MLPerf-storage/dlio_benchmark/dlio_benchmark/utils/statscounter.py:325]
[INFO] 2025-05-05T10:54:26.347265 Rank 0 step 208 processed 5 samples in 0.3284447193145752 s [/mnt/ioopt/appbench/apps/MLPerf-storage/dlio_benchmark/dlio_benchmark/utils/statscounter.py:325]
[INFO] 2025-05-05T10:54:26.676128 Rank 0 step 209 processed 5 samples in 0.3283531665802002 s [/mnt/ioopt/appbench/apps/MLPerf-storage/dlio_benchmark/dlio_benchmark/utils/statscounter.py:325]
[INFO] 2025-05-05T10:54:27.005236 Rank 0 step 210 processed 5 samples in 0.32866382598876953 s [/mnt/ioopt/appbench/apps/MLPerf-storage/dlio_benchmark/dlio_benchmark/utils/statscounter.py:325]
[INFO] 2025-05-05T10:54:27.333930 Rank 0 step 211 processed 5 samples in 0.3282504081726074 s [/mnt/ioopt/appbench/apps/MLPerf-storage/dlio_benchmark/dlio_benchmark/utils/statscounter.py:325]
[INFO] 2025-05-05T10:54:30.030169 Rank 0 step 212 processed 5 samples in 2.6957848072052 s [/mnt/ioopt/appbench/apps/MLPerf-storage/dlio_benchmark/dlio_benchmark/utils/statscounter.py:325]
[INFO] 2025-05-05T10:54:31.377511 Rank 0 step 213 processed 5 samples in 1.3468444347381592 s [/mnt/ioopt/appbench/apps/MLPerf-storage/dlio_benchmark/dlio_benchmark/utils/statscounter.py:325]
[INFO] 2025-05-05T10:54:44.861703 Rank 0 step 214 processed 5 samples in 13.483689069747925 s [/mnt/ioopt/appbench/apps/MLPerf-storage/dlio_benchmark/dlio_benchmark/utils/statscounter.py:325]
[INFO] 2025-05-05T10:54:45.191123 Rank 0 step 215 processed 5 samples in 0.32886552810668945 s [/mnt/ioopt/appbench/apps/MLPerf-storage/dlio_benchmark/dlio_benchmark/utils/statscounter.py:325]
[INFO] 2025-05-05T10:54:45.520069 Rank 0 step 216 processed 5 samples in 0.3284273147583008 s [/mnt/ioopt/appbench/apps/MLPerf-storage/dlio_benchmark/dlio_benchmark/utils/statscounter.py:325]
[INFO] 2025-05-05T10:54:45.852317 Rank 0 step 217 processed 5 samples in 0.3317267894744873 s [/mnt/ioopt/appbench/apps/MLPerf-storage/dlio_benchmark/dlio_benchmark/utils/statscounter.py:325]
[INFO] 2025-05-05T10:54:55.870722 Rank 0 step 218 processed 5 samples in 10.017724990844727 s [/mnt/ioopt/appbench/apps/MLPerf-storage/dlio_benchmark/dlio_benchmark/utils/statscounter.py:325]
[INFO] 2025-05-05T10:54:56.199884 Rank 0 step 219 processed 5 samples in 0.3286447525024414 s [/mnt/ioopt/appbench/apps/MLPerf-storage/dlio_benchmark/dlio_benchmark/utils/statscounter.py:325]
[INFO] 2025-05-05T10:54:56.528609 Rank 0 step 220 processed 5 samples in 0.3282806873321533 s [/mnt/ioopt/appbench/apps/MLPerf-storage/dlio_benchmark/dlio_benchmark/utils/statscounter.py:325]
[INFO] 2025-05-05T10:55:00.732721 Rank 0 step 221 processed 5 samples in 4.203688144683838 s [/mnt/ioopt/appbench/apps/MLPerf-storage/dlio_benchmark/dlio_benchmark/utils/statscounter.py:325]
[INFO] 2025-05-05T10:55:01.061789 Rank 0 step 222 processed 5 samples in 0.3286144733428955 s [/mnt/ioopt/appbench/apps/MLPerf-storage/dlio_benchmark/dlio_benchmark/utils/statscounter.py:325]
[INFO] 2025-05-05T10:55:01.391093 Rank 0 step 223 processed 5 samples in 0.32886743545532227 s [/mnt/ioopt/appbench/apps/MLPerf-storage/dlio_benchmark/dlio_benchmark/utils/statscounter.py:325]
[INFO] 2025-05-05T10:55:01.719927 Rank 0 step 224 processed 5 samples in 0.32838988304138184 s [/mnt/ioopt/appbench/apps/MLPerf-storage/dlio_benchmark/dlio_benchmark/utils/statscounter.py:325]
[INFO] 2025-05-05T10:55:02.048743 Rank 0 step 225 processed 5 samples in 0.32837390899658203 s [/mnt/ioopt/appbench/apps/MLPerf-storage/dlio_benchmark/dlio_benchmark/utils/statscounter.py:325]
[INFO] 2025-05-05T10:55:09.146456 Rank 0 step 226 processed 5 samples in 7.097253084182739 s [/mnt/ioopt/appbench/apps/MLPerf-storage/dlio_benchmark/dlio_benchmark/utils/statscounter.py:325]
[INFO] 2025-05-05T10:55:09.475647 Rank 0 step 227 processed 5 samples in 0.32871007919311523 s [/mnt/ioopt/appbench/apps/MLPerf-storage/dlio_benchmark/dlio_benchmark/utils/statscounter.py:325]
[INFO] 2025-05-05T10:55:19.207774 Rank 0 step 228 processed 5 samples in 9.73169755935669 s [/mnt/ioopt/appbench/apps/MLPerf-storage/dlio_benchmark/dlio_benchmark/utils/statscounter.py:325]
[INFO] 2025-05-05T10:55:19.536589 Rank 0 step 229 processed 5 samples in 0.32833433151245117 s [/mnt/ioopt/appbench/apps/MLPerf-storage/dlio_benchmark/dlio_benchmark/utils/statscounter.py:325]
[INFO] 2025-05-05T10:55:21.293976 Rank 0 step 230 processed 5 samples in 1.756943702697754 s [/mnt/ioopt/appbench/apps/MLPerf-storage/dlio_benchmark/dlio_benchmark/utils/statscounter.py:325]
[INFO] 2025-05-05T10:55:21.623134 Rank 0 step 231 processed 5 samples in 0.32874202728271484 s [/mnt/ioopt/appbench/apps/MLPerf-storage/dlio_benchmark/dlio_benchmark/utils/statscounter.py:325]
[INFO] 2025-05-05T10:55:31.422402 Rank 0 step 232 processed 5 samples in 9.79875898361206 s [/mnt/ioopt/appbench/apps/MLPerf-storage/dlio_benchmark/dlio_benchmark/utils/statscounter.py:325]
[INFO] 2025-05-05T10:55:31.748825 Rank 0 step 233 processed 5 samples in 0.3259100914001465 s [/mnt/ioopt/appbench/apps/MLPerf-storage/dlio_benchmark/dlio_benchmark/utils/statscounter.py:325]
[INFO] 2025-05-05T10:55:32.078383 Rank 0 step 234 processed 5 samples in 0.32909488677978516 s [/mnt/ioopt/appbench/apps/MLPerf-storage/dlio_benchmark/dlio_benchmark/utils/statscounter.py:325]
[INFO] 2025-05-05T10:55:32.407470 Rank 0 step 235 processed 5 samples in 0.32848453521728516 s [/mnt/ioopt/appbench/apps/MLPerf-storage/dlio_benchmark/dlio_benchmark/utils/statscounter.py:325]
[INFO] 2025-05-05T10:55:32.736717 Rank 0 step 236 processed 5 samples in 0.32878899574279785 s [/mnt/ioopt/appbench/apps/MLPerf-storage/dlio_benchmark/dlio_benchmark/utils/statscounter.py:325]
[INFO] 2025-05-05T10:55:33.068488 Rank 0 step 237 processed 5 samples in 0.3313114643096924 s [/mnt/ioopt/appbench/apps/MLPerf-storage/dlio_benchmark/dlio_benchmark/utils/statscounter.py:325]
[INFO] 2025-05-05T10:55:33.397390 Rank 0 step 238 processed 5 samples in 0.3284280300140381 s [/mnt/ioopt/appbench/apps/MLPerf-storage/dlio_benchmark/dlio_benchmark/utils/statscounter.py:325]
[INFO] 2025-05-05T10:55:33.728255 Rank 0 step 239 processed 5 samples in 0.33042263984680176 s [/mnt/ioopt/appbench/apps/MLPerf-storage/dlio_benchmark/dlio_benchmark/utils/statscounter.py:325]
[INFO] 2025-05-05T10:55:44.466134 Rank 0 step 240 processed 5 samples in 10.737420082092285 s [/mnt/ioopt/appbench/apps/MLPerf-storage/dlio_benchmark/dlio_benchmark/utils/statscounter.py:325]
[INFO] 2025-05-05T10:55:44.795243 Rank 0 step 241 processed 5 samples in 0.32855868339538574 s [/mnt/ioopt/appbench/apps/MLPerf-storage/dlio_benchmark/dlio_benchmark/utils/statscounter.py:325]
[INFO] 2025-05-05T10:55:59.433272 Rank 0 step 242 processed 5 samples in 14.637511968612671 s [/mnt/ioopt/appbench/apps/MLPerf-storage/dlio_benchmark/dlio_benchmark/utils/statscounter.py:325]
[INFO] 2025-05-05T10:56:00.199983 Rank 0 step 243 processed 5 samples in 0.7661886215209961 s [/mnt/ioopt/appbench/apps/MLPerf-storage/dlio_benchmark/dlio_benchmark/utils/statscounter.py:325]
[INFO] 2025-05-05T10:56:00.529289 Rank 0 step 244 processed 5 samples in 0.32879042625427246 s [/mnt/ioopt/appbench/apps/MLPerf-storage/dlio_benchmark/dlio_benchmark/utils/statscounter.py:325]
[INFO] 2025-05-05T10:56:00.858696 Rank 0 step 245 processed 5 samples in 0.32889533042907715 s [/mnt/ioopt/appbench/apps/MLPerf-storage/dlio_benchmark/dlio_benchmark/utils/statscounter.py:325]
[INFO] 2025-05-05T10:56:06.884299 Rank 0 step 246 processed 5 samples in 6.02510929107666 s [/mnt/ioopt/appbench/apps/MLPerf-storage/dlio_benchmark/dlio_benchmark/utils/statscounter.py:325]
[INFO] 2025-05-05T10:56:07.213148 Rank 0 step 247 processed 5 samples in 0.3283815383911133 s [/mnt/ioopt/appbench/apps/MLPerf-storage/dlio_benchmark/dlio_benchmark/utils/statscounter.py:325]
[INFO] 2025-05-05T10:56:07.542177 Rank 0 step 248 processed 5 samples in 0.3285942077636719 s [/mnt/ioopt/appbench/apps/MLPerf-storage/dlio_benchmark/dlio_benchmark/utils/statscounter.py:325]
[INFO] 2025-05-05T10:56:07.870904 Rank 0 step 249 processed 5 samples in 0.3282639980316162 s [/mnt/ioopt/appbench/apps/MLPerf-storage/dlio_benchmark/dlio_benchmark/utils/statscounter.py:325]
[INFO] 2025-05-05T10:56:08.255673 Rank 0 step 250 processed 5 samples in 0.38433337211608887 s [/mnt/ioopt/appbench/apps/MLPerf-storage/dlio_benchmark/dlio_benchmark/utils/statscounter.py:325]
[INFO] 2025-05-05T10:56:08.584575 Rank 0 step 251 processed 5 samples in 0.3284292221069336 s [/mnt/ioopt/appbench/apps/MLPerf-storage/dlio_benchmark/dlio_benchmark/utils/statscounter.py:325]
[INFO] 2025-05-05T10:56:08.913436 Rank 0 step 252 processed 5 samples in 0.3283555507659912 s [/mnt/ioopt/appbench/apps/MLPerf-storage/dlio_benchmark/dlio_benchmark/utils/statscounter.py:325]
[INFO] 2025-05-05T10:56:09.242378 Rank 0 step 253 processed 5 samples in 0.3284938335418701 s [/mnt/ioopt/appbench/apps/MLPerf-storage/dlio_benchmark/dlio_benchmark/utils/statscounter.py:325]
[INFO] 2025-05-05T10:56:19.513646 Rank 0 step 254 processed 5 samples in 10.27081823348999 s [/mnt/ioopt/appbench/apps/MLPerf-storage/dlio_benchmark/dlio_benchmark/utils/statscounter.py:325]
[INFO] 2025-05-05T10:56:19.842699 Rank 0 step 255 processed 5 samples in 0.3284881114959717 s [/mnt/ioopt/appbench/apps/MLPerf-storage/dlio_benchmark/dlio_benchmark/utils/statscounter.py:325]
[INFO] 2025-05-05T10:56:28.311417 Rank 0 step 256 processed 5 samples in 8.468238592147827 s [/mnt/ioopt/appbench/apps/MLPerf-storage/dlio_benchmark/dlio_benchmark/utils/statscounter.py:325]
[INFO] 2025-05-05T10:56:28.640890 Rank 0 step 257 processed 5 samples in 0.3289523124694824 s [/mnt/ioopt/appbench/apps/MLPerf-storage/dlio_benchmark/dlio_benchmark/utils/statscounter.py:325]
[INFO] 2025-05-05T10:56:32.885654 Rank 0 step 258 processed 5 samples in 4.24426007270813 s [/mnt/ioopt/appbench/apps/MLPerf-storage/dlio_benchmark/dlio_benchmark/utils/statscounter.py:325]
[INFO] 2025-05-05T10:56:33.214774 Rank 0 step 259 processed 5 samples in 0.32857561111450195 s [/mnt/ioopt/appbench/apps/MLPerf-storage/dlio_benchmark/dlio_benchmark/utils/statscounter.py:325]
[INFO] 2025-05-05T10:56:35.711220 Rank 0 step 260 processed 5 samples in 2.4959073066711426 s [/mnt/ioopt/appbench/apps/MLPerf-storage/dlio_benchmark/dlio_benchmark/utils/statscounter.py:325]
[INFO] 2025-05-05T10:56:39.471731 Rank 0 step 261 processed 5 samples in 3.7600202560424805 s [/mnt/ioopt/appbench/apps/MLPerf-storage/dlio_benchmark/dlio_benchmark/utils/statscounter.py:325]
[INFO] 2025-05-05T10:56:39.800479 Rank 0 step 262 processed 5 samples in 0.3282351493835449 s [/mnt/ioopt/appbench/apps/MLPerf-storage/dlio_benchmark/dlio_benchmark/utils/statscounter.py:325]
[INFO] 2025-05-05T10:56:40.129717 Rank 0 step 263 processed 5 samples in 0.3287687301635742 s [/mnt/ioopt/appbench/apps/MLPerf-storage/dlio_benchmark/dlio_benchmark/utils/statscounter.py:325]
[INFO] 2025-05-05T10:56:41.784589 Rank 0 step 264 processed 5 samples in 1.6543569564819336 s [/mnt/ioopt/appbench/apps/MLPerf-storage/dlio_benchmark/dlio_benchmark/utils/statscounter.py:325]
[INFO] 2025-05-05T10:56:42.113739 Rank 0 step 265 processed 5 samples in 0.32846903800964355 s [/mnt/ioopt/appbench/apps/MLPerf-storage/dlio_benchmark/dlio_benchmark/utils/statscounter.py:325]
[INFO] 2025-05-05T10:56:42.442670 Rank 0 step 266 processed 5 samples in 0.3284785747528076 s [/mnt/ioopt/appbench/apps/MLPerf-storage/dlio_benchmark/dlio_benchmark/utils/statscounter.py:325]
[INFO] 2025-05-05T10:56:42.771732 Rank 0 step 267 processed 5 samples in 0.3285791873931885 s [/mnt/ioopt/appbench/apps/MLPerf-storage/dlio_benchmark/dlio_benchmark/utils/statscounter.py:325]
[INFO] 2025-05-05T10:56:45.413134 Rank 0 step 268 processed 5 samples in 2.6409292221069336 s [/mnt/ioopt/appbench/apps/MLPerf-storage/dlio_benchmark/dlio_benchmark/utils/statscounter.py:325]
[INFO] 2025-05-05T10:56:56.996942 Rank 0 step 269 processed 5 samples in 11.583458423614502 s [/mnt/ioopt/appbench/apps/MLPerf-storage/dlio_benchmark/dlio_benchmark/utils/statscounter.py:325]
[INFO] 2025-05-05T10:56:57.325677 Rank 0 step 270 processed 5 samples in 0.3282458782196045 s [/mnt/ioopt/appbench/apps/MLPerf-storage/dlio_benchmark/dlio_benchmark/utils/statscounter.py:325]
[INFO] 2025-05-05T10:57:00.278257 Rank 0 step 271 processed 5 samples in 2.9521024227142334 s [/mnt/ioopt/appbench/apps/MLPerf-storage/dlio_benchmark/dlio_benchmark/utils/statscounter.py:325]
[INFO] 2025-05-05T10:57:04.211976 Rank 0 step 272 processed 5 samples in 3.9332351684570312 s [/mnt/ioopt/appbench/apps/MLPerf-storage/dlio_benchmark/dlio_benchmark/utils/statscounter.py:325]
[INFO] 2025-05-05T10:57:04.541463 Rank 0 step 273 processed 5 samples in 0.3289835453033447 s [/mnt/ioopt/appbench/apps/MLPerf-storage/dlio_benchmark/dlio_benchmark/utils/statscounter.py:325]
[INFO] 2025-05-05T10:57:07.376166 Rank 0 step 274 processed 5 samples in 2.8342394828796387 s [/mnt/ioopt/appbench/apps/MLPerf-storage/dlio_benchmark/dlio_benchmark/utils/statscounter.py:325]
[INFO] 2025-05-05T10:57:07.704972 Rank 0 step 275 processed 5 samples in 0.3283069133758545 s [/mnt/ioopt/appbench/apps/MLPerf-storage/dlio_benchmark/dlio_benchmark/utils/statscounter.py:325]
[INFO] 2025-05-05T10:57:10.207022 Rank 0 step 276 processed 5 samples in 2.5017452239990234 s [/mnt/ioopt/appbench/apps/MLPerf-storage/dlio_benchmark/dlio_benchmark/utils/statscounter.py:325]
[INFO] 2025-05-05T10:57:10.536014 Rank 0 step 277 processed 5 samples in 0.3284895420074463 s [/mnt/ioopt/appbench/apps/MLPerf-storage/dlio_benchmark/dlio_benchmark/utils/statscounter.py:325]
[INFO] 2025-05-05T10:57:11.614192 Rank 0 step 278 processed 5 samples in 1.0777075290679932 s [/mnt/ioopt/appbench/apps/MLPerf-storage/dlio_benchmark/dlio_benchmark/utils/statscounter.py:325]
[INFO] 2025-05-05T10:57:11.942809 Rank 0 step 279 processed 5 samples in 0.3281745910644531 s [/mnt/ioopt/appbench/apps/MLPerf-storage/dlio_benchmark/dlio_benchmark/utils/statscounter.py:325]
[INFO] 2025-05-05T10:57:14.132148 Rank 0 step 280 processed 5 samples in 2.1888997554779053 s [/mnt/ioopt/appbench/apps/MLPerf-storage/dlio_benchmark/dlio_benchmark/utils/statscounter.py:325]
[INFO] 2025-05-05T10:57:20.911995 Rank 0 step 281 processed 5 samples in 6.7793755531311035 s [/mnt/ioopt/appbench/apps/MLPerf-storage/dlio_benchmark/dlio_benchmark/utils/statscounter.py:325]
[INFO] 2025-05-05T10:57:21.240756 Rank 0 step 282 processed 5 samples in 0.32824134826660156 s [/mnt/ioopt/appbench/apps/MLPerf-storage/dlio_benchmark/dlio_benchmark/utils/statscounter.py:325]
[INFO] 2025-05-05T10:57:24.425367 Rank 0 step 283 processed 5 samples in 3.184162139892578 s [/mnt/ioopt/appbench/apps/MLPerf-storage/dlio_benchmark/dlio_benchmark/utils/statscounter.py:325]
[INFO] 2025-05-05T10:57:25.536838 Rank 0 step 284 processed 5 samples in 1.1109592914581299 s [/mnt/ioopt/appbench/apps/MLPerf-storage/dlio_benchmark/dlio_benchmark/utils/statscounter.py:325]
[INFO] 2025-05-05T10:57:25.868285 Rank 0 step 285 processed 5 samples in 0.33089637756347656 s [/mnt/ioopt/appbench/apps/MLPerf-storage/dlio_benchmark/dlio_benchmark/utils/statscounter.py:325]
[INFO] 2025-05-05T10:57:31.622061 Rank 0 step 286 processed 5 samples in 5.75323224067688 s [/mnt/ioopt/appbench/apps/MLPerf-storage/dlio_benchmark/dlio_benchmark/utils/statscounter.py:325]
[INFO] 2025-05-05T10:57:38.350516 Rank 0 step 287 processed 5 samples in 6.727893352508545 s [/mnt/ioopt/appbench/apps/MLPerf-storage/dlio_benchmark/dlio_benchmark/utils/statscounter.py:325]
[INFO] 2025-05-05T10:57:40.652492 Rank 0 step 288 processed 5 samples in 2.301389455795288 s [/mnt/ioopt/appbench/apps/MLPerf-storage/dlio_benchmark/dlio_benchmark/utils/statscounter.py:325]
[INFO] 2025-05-05T10:57:44.355785 Rank 0 step 289 processed 5 samples in 3.702803373336792 s [/mnt/ioopt/appbench/apps/MLPerf-storage/dlio_benchmark/dlio_benchmark/utils/statscounter.py:325]
[INFO] 2025-05-05T10:57:44.681999 Rank 0 step 290 processed 5 samples in 0.32582759857177734 s [/mnt/ioopt/appbench/apps/MLPerf-storage/dlio_benchmark/dlio_benchmark/utils/statscounter.py:325]
[INFO] 2025-05-05T10:57:45.017349 Rank 0 step 291 processed 5 samples in 0.33486008644104004 s [/mnt/ioopt/appbench/apps/MLPerf-storage/dlio_benchmark/dlio_benchmark/utils/statscounter.py:325]
[INFO] 2025-05-05T10:57:45.346493 Rank 0 step 292 processed 5 samples in 0.3286409378051758 s [/mnt/ioopt/appbench/apps/MLPerf-storage/dlio_benchmark/dlio_benchmark/utils/statscounter.py:325]
[INFO] 2025-05-05T10:57:45.677911 Rank 0 step 293 processed 5 samples in 0.3309211730957031 s [/mnt/ioopt/appbench/apps/MLPerf-storage/dlio_benchmark/dlio_benchmark/utils/statscounter.py:325]
[INFO] 2025-05-05T10:57:46.007948 Rank 0 step 294 processed 5 samples in 0.32941770553588867 s [/mnt/ioopt/appbench/apps/MLPerf-storage/dlio_benchmark/dlio_benchmark/utils/statscounter.py:325]
[INFO] 2025-05-05T10:57:50.173568 Rank 0 step 295 processed 5 samples in 4.164178133010864 s [/mnt/ioopt/appbench/apps/MLPerf-storage/dlio_benchmark/dlio_benchmark/utils/statscounter.py:325]
[INFO] 2025-05-05T10:57:52.954472 Rank 0 step 296 processed 5 samples in 2.7802698612213135 s [/mnt/ioopt/appbench/apps/MLPerf-storage/dlio_benchmark/dlio_benchmark/utils/statscounter.py:325]
[INFO] 2025-05-05T10:57:53.283337 Rank 0 step 297 processed 5 samples in 0.328350305557251 s [/mnt/ioopt/appbench/apps/MLPerf-storage/dlio_benchmark/dlio_benchmark/utils/statscounter.py:325]
[INFO] 2025-05-05T10:57:55.345909 Rank 0 step 298 processed 5 samples in 2.0620603561401367 s [/mnt/ioopt/appbench/apps/MLPerf-storage/dlio_benchmark/dlio_benchmark/utils/statscounter.py:325]
[INFO] 2025-05-05T10:57:55.674723 Rank 0 step 299 processed 5 samples in 0.3283040523529053 s [/mnt/ioopt/appbench/apps/MLPerf-storage/dlio_benchmark/dlio_benchmark/utils/statscounter.py:325]
[INFO] 2025-05-05T10:58:06.621338 Rank 0 step 300 processed 5 samples in 10.946076393127441 s [/mnt/ioopt/appbench/apps/MLPerf-storage/dlio_benchmark/dlio_benchmark/utils/statscounter.py:325]
[INFO] 2025-05-05T10:58:06.950375 Rank 0 step 301 processed 5 samples in 0.32851529121398926 s [/mnt/ioopt/appbench/apps/MLPerf-storage/dlio_benchmark/dlio_benchmark/utils/statscounter.py:325]
[INFO] 2025-05-05T10:58:16.540483 Rank 0 step 302 processed 5 samples in 9.589589357376099 s [/mnt/ioopt/appbench/apps/MLPerf-storage/dlio_benchmark/dlio_benchmark/utils/statscounter.py:325]
[INFO] 2025-05-05T10:58:16.869194 Rank 0 step 303 processed 5 samples in 0.32822179794311523 s [/mnt/ioopt/appbench/apps/MLPerf-storage/dlio_benchmark/dlio_benchmark/utils/statscounter.py:325]
[INFO] 2025-05-05T10:58:17.198370 Rank 0 step 304 processed 5 samples in 0.32870030403137207 s [/mnt/ioopt/appbench/apps/MLPerf-storage/dlio_benchmark/dlio_benchmark/utils/statscounter.py:325]
[INFO] 2025-05-05T10:58:17.527602 Rank 0 step 305 processed 5 samples in 0.32874512672424316 s [/mnt/ioopt/appbench/apps/MLPerf-storage/dlio_benchmark/dlio_benchmark/utils/statscounter.py:325]
[INFO] 2025-05-05T10:58:17.856473 Rank 0 step 306 processed 5 samples in 0.32840538024902344 s [/mnt/ioopt/appbench/apps/MLPerf-storage/dlio_benchmark/dlio_benchmark/utils/statscounter.py:325]
[INFO] 2025-05-05T10:58:18.189869 Rank 0 step 307 processed 5 samples in 0.3329143524169922 s [/mnt/ioopt/appbench/apps/MLPerf-storage/dlio_benchmark/dlio_benchmark/utils/statscounter.py:325]
[INFO] 2025-05-05T10:58:18.518336 Rank 0 step 308 processed 5 samples in 0.32792210578918457 s [/mnt/ioopt/appbench/apps/MLPerf-storage/dlio_benchmark/dlio_benchmark/utils/statscounter.py:325]
[INFO] 2025-05-05T10:58:18.847582 Rank 0 step 309 processed 5 samples in 0.32873034477233887 s [/mnt/ioopt/appbench/apps/MLPerf-storage/dlio_benchmark/dlio_benchmark/utils/statscounter.py:325]
[INFO] 2025-05-05T10:58:25.008762 Rank 0 step 310 processed 5 samples in 6.160661697387695 s [/mnt/ioopt/appbench/apps/MLPerf-storage/dlio_benchmark/dlio_benchmark/utils/statscounter.py:325]
[INFO] 2025-05-05T10:58:25.336401 Rank 0 step 311 processed 5 samples in 0.3270092010498047 s [/mnt/ioopt/appbench/apps/MLPerf-storage/dlio_benchmark/dlio_benchmark/utils/statscounter.py:325]
[INFO] 2025-05-05T10:58:25.665365 Rank 0 step 312 processed 5 samples in 0.3284633159637451 s [/mnt/ioopt/appbench/apps/MLPerf-storage/dlio_benchmark/dlio_benchmark/utils/statscounter.py:325]
[INFO] 2025-05-05T10:58:25.994423 Rank 0 step 313 processed 5 samples in 0.32859206199645996 s [/mnt/ioopt/appbench/apps/MLPerf-storage/dlio_benchmark/dlio_benchmark/utils/statscounter.py:325]
[INFO] 2025-05-05T10:58:37.531582 Rank 0 step 314 processed 5 samples in 11.536691188812256 s [/mnt/ioopt/appbench/apps/MLPerf-storage/dlio_benchmark/dlio_benchmark/utils/statscounter.py:325]
[INFO] 2025-05-05T10:58:37.860752 Rank 0 step 315 processed 5 samples in 0.328624963760376 s [/mnt/ioopt/appbench/apps/MLPerf-storage/dlio_benchmark/dlio_benchmark/utils/statscounter.py:325]
[INFO] 2025-05-05T10:58:53.064983 Rank 0 step 316 processed 5 samples in 15.20363974571228 s [/mnt/ioopt/appbench/apps/MLPerf-storage/dlio_benchmark/dlio_benchmark/utils/statscounter.py:325]
[INFO] 2025-05-05T10:58:54.610287 Rank 0 step 317 processed 5 samples in 1.5447840690612793 s [/mnt/ioopt/appbench/apps/MLPerf-storage/dlio_benchmark/dlio_benchmark/utils/statscounter.py:325]
[INFO] 2025-05-05T10:58:54.939011 Rank 0 step 318 processed 5 samples in 0.32822346687316895 s [/mnt/ioopt/appbench/apps/MLPerf-storage/dlio_benchmark/dlio_benchmark/utils/statscounter.py:325]
[INFO] 2025-05-05T10:58:55.267784 Rank 0 step 319 processed 5 samples in 0.32828211784362793 s [/mnt/ioopt/appbench/apps/MLPerf-storage/dlio_benchmark/dlio_benchmark/utils/statscounter.py:325]
[INFO] 2025-05-05T10:58:55.596826 Rank 0 step 320 processed 5 samples in 0.328566312789917 s [/mnt/ioopt/appbench/apps/MLPerf-storage/dlio_benchmark/dlio_benchmark/utils/statscounter.py:325]
[INFO] 2025-05-05T10:58:55.925729 Rank 0 step 321 processed 5 samples in 0.3283863067626953 s [/mnt/ioopt/appbench/apps/MLPerf-storage/dlio_benchmark/dlio_benchmark/utils/statscounter.py:325]
[INFO] 2025-05-05T10:58:56.254660 Rank 0 step 322 processed 5 samples in 0.32850217819213867 s [/mnt/ioopt/appbench/apps/MLPerf-storage/dlio_benchmark/dlio_benchmark/utils/statscounter.py:325]
[INFO] 2025-05-05T10:58:56.585740 Rank 0 step 323 processed 5 samples in 0.3306286334991455 s [/mnt/ioopt/appbench/apps/MLPerf-storage/dlio_benchmark/dlio_benchmark/utils/statscounter.py:325]
[INFO] 2025-05-05T10:58:56.917157 Rank 0 step 324 processed 5 samples in 0.33093905448913574 s [/mnt/ioopt/appbench/apps/MLPerf-storage/dlio_benchmark/dlio_benchmark/utils/statscounter.py:325]
[INFO] 2025-05-05T10:58:57.249019 Rank 0 step 325 processed 5 samples in 0.33121347427368164 s [/mnt/ioopt/appbench/apps/MLPerf-storage/dlio_benchmark/dlio_benchmark/utils/statscounter.py:325]
[INFO] 2025-05-05T10:58:57.578196 Rank 0 step 326 processed 5 samples in 0.3287217617034912 s [/mnt/ioopt/appbench/apps/MLPerf-storage/dlio_benchmark/dlio_benchmark/utils/statscounter.py:325]
[INFO] 2025-05-05T10:58:58.138848 Rank 0 step 327 processed 5 samples in 0.5601804256439209 s [/mnt/ioopt/appbench/apps/MLPerf-storage/dlio_benchmark/dlio_benchmark/utils/statscounter.py:325]
[INFO] 2025-05-05T10:59:00.067200 Rank 0 step 328 processed 5 samples in 1.8438796997070312 s [/mnt/ioopt/appbench/apps/MLPerf-storage/dlio_benchmark/dlio_benchmark/utils/statscounter.py:325]
[INFO] 2025-05-05T10:59:15.572469 Rank 0 step 329 processed 5 samples in 15.504783630371094 s [/mnt/ioopt/appbench/apps/MLPerf-storage/dlio_benchmark/dlio_benchmark/utils/statscounter.py:325]
[INFO] 2025-05-05T10:59:23.753959 Rank 0 step 330 processed 5 samples in 8.180984735488892 s [/mnt/ioopt/appbench/apps/MLPerf-storage/dlio_benchmark/dlio_benchmark/utils/statscounter.py:325]
[INFO] 2025-05-05T10:59:24.079885 Rank 0 step 331 processed 5 samples in 0.3256235122680664 s [/mnt/ioopt/appbench/apps/MLPerf-storage/dlio_benchmark/dlio_benchmark/utils/statscounter.py:325]
[INFO] 2025-05-05T10:59:28.333841 Rank 0 step 332 processed 5 samples in 4.253495454788208 s [/mnt/ioopt/appbench/apps/MLPerf-storage/dlio_benchmark/dlio_benchmark/utils/statscounter.py:325]
[INFO] 2025-05-05T10:59:28.660091 Rank 0 step 333 processed 5 samples in 0.3258535861968994 s [/mnt/ioopt/appbench/apps/MLPerf-storage/dlio_benchmark/dlio_benchmark/utils/statscounter.py:325]
[INFO] 2025-05-05T10:59:28.988872 Rank 0 step 334 processed 5 samples in 0.3283233642578125 s [/mnt/ioopt/appbench/apps/MLPerf-storage/dlio_benchmark/dlio_benchmark/utils/statscounter.py:325]
[INFO] 2025-05-05T10:59:30.218709 Rank 0 step 335 processed 5 samples in 1.2294621467590332 s [/mnt/ioopt/appbench/apps/MLPerf-storage/dlio_benchmark/dlio_benchmark/utils/statscounter.py:325]
[INFO] 2025-05-05T10:59:34.616619 Rank 0 step 336 processed 5 samples in 4.397409439086914 s [/mnt/ioopt/appbench/apps/MLPerf-storage/dlio_benchmark/dlio_benchmark/utils/statscounter.py:325]
[INFO] 2025-05-05T10:59:34.945647 Rank 0 step 337 processed 5 samples in 0.3285176753997803 s [/mnt/ioopt/appbench/apps/MLPerf-storage/dlio_benchmark/dlio_benchmark/utils/statscounter.py:325]
[INFO] 2025-05-05T10:59:35.276468 Rank 0 step 338 processed 5 samples in 0.33033251762390137 s [/mnt/ioopt/appbench/apps/MLPerf-storage/dlio_benchmark/dlio_benchmark/utils/statscounter.py:325]
[INFO] 2025-05-05T10:59:35.605504 Rank 0 step 339 processed 5 samples in 0.3285641670227051 s [/mnt/ioopt/appbench/apps/MLPerf-storage/dlio_benchmark/dlio_benchmark/utils/statscounter.py:325]
[INFO] 2025-05-05T10:59:35.934619 Rank 0 step 340 processed 5 samples in 0.3286323547363281 s [/mnt/ioopt/appbench/apps/MLPerf-storage/dlio_benchmark/dlio_benchmark/utils/statscounter.py:325]
[INFO] 2025-05-05T10:59:36.263860 Rank 0 step 341 processed 5 samples in 0.32874393463134766 s [/mnt/ioopt/appbench/apps/MLPerf-storage/dlio_benchmark/dlio_benchmark/utils/statscounter.py:325]
[INFO] 2025-05-05T10:59:36.593212 Rank 0 step 342 processed 5 samples in 0.3288745880126953 s [/mnt/ioopt/appbench/apps/MLPerf-storage/dlio_benchmark/dlio_benchmark/utils/statscounter.py:325]
[INFO] 2025-05-05T10:59:37.546984 Rank 0 step 343 processed 5 samples in 0.9532968997955322 s [/mnt/ioopt/appbench/apps/MLPerf-storage/dlio_benchmark/dlio_benchmark/utils/statscounter.py:325]
[INFO] 2025-05-05T10:59:47.286735 Rank 0 step 344 processed 5 samples in 9.739187240600586 s [/mnt/ioopt/appbench/apps/MLPerf-storage/dlio_benchmark/dlio_benchmark/utils/statscounter.py:325]
[INFO] 2025-05-05T10:59:53.367209 Rank 0 step 345 processed 5 samples in 6.079951047897339 s [/mnt/ioopt/appbench/apps/MLPerf-storage/dlio_benchmark/dlio_benchmark/utils/statscounter.py:325]
[INFO] 2025-05-05T11:00:02.664762 Rank 0 step 346 processed 5 samples in 9.297011852264404 s [/mnt/ioopt/appbench/apps/MLPerf-storage/dlio_benchmark/dlio_benchmark/utils/statscounter.py:325]
[INFO] 2025-05-05T11:00:02.994002 Rank 0 step 347 processed 5 samples in 0.32872700691223145 s [/mnt/ioopt/appbench/apps/MLPerf-storage/dlio_benchmark/dlio_benchmark/utils/statscounter.py:325]
[INFO] 2025-05-05T11:00:03.323060 Rank 0 step 348 processed 5 samples in 0.32859015464782715 s [/mnt/ioopt/appbench/apps/MLPerf-storage/dlio_benchmark/dlio_benchmark/utils/statscounter.py:325]
[INFO] 2025-05-05T11:00:03.654479 Rank 0 step 349 processed 5 samples in 0.3309504985809326 s [/mnt/ioopt/appbench/apps/MLPerf-storage/dlio_benchmark/dlio_benchmark/utils/statscounter.py:325]
[INFO] 2025-05-05T11:00:03.985683 Rank 0 step 350 processed 5 samples in 0.3306694030761719 s [/mnt/ioopt/appbench/apps/MLPerf-storage/dlio_benchmark/dlio_benchmark/utils/statscounter.py:325]
[INFO] 2025-05-05T11:00:04.314659 Rank 0 step 351 processed 5 samples in 0.328474760055542 s [/mnt/ioopt/appbench/apps/MLPerf-storage/dlio_benchmark/dlio_benchmark/utils/statscounter.py:325]
[INFO] 2025-05-05T11:00:04.643577 Rank 0 step 352 processed 5 samples in 0.32844042778015137 s [/mnt/ioopt/appbench/apps/MLPerf-storage/dlio_benchmark/dlio_benchmark/utils/statscounter.py:325]
[INFO] 2025-05-05T11:00:11.158148 Rank 0 step 353 processed 5 samples in 6.514231443405151 s [/mnt/ioopt/appbench/apps/MLPerf-storage/dlio_benchmark/dlio_benchmark/utils/statscounter.py:325]
[INFO] 2025-05-05T11:00:11.484036 Rank 0 step 354 processed 5 samples in 0.3253929615020752 s [/mnt/ioopt/appbench/apps/MLPerf-storage/dlio_benchmark/dlio_benchmark/utils/statscounter.py:325]
[INFO] 2025-05-05T11:00:11.813161 Rank 0 step 355 processed 5 samples in 0.3286616802215576 s [/mnt/ioopt/appbench/apps/MLPerf-storage/dlio_benchmark/dlio_benchmark/utils/statscounter.py:325]
[INFO] 2025-05-05T11:00:12.142770 Rank 0 step 356 processed 5 samples in 0.3291490077972412 s [/mnt/ioopt/appbench/apps/MLPerf-storage/dlio_benchmark/dlio_benchmark/utils/statscounter.py:325]
[INFO] 2025-05-05T11:00:12.471924 Rank 0 step 357 processed 5 samples in 0.32863926887512207 s [/mnt/ioopt/appbench/apps/MLPerf-storage/dlio_benchmark/dlio_benchmark/utils/statscounter.py:325]
[INFO] 2025-05-05T11:00:16.951371 Rank 0 step 358 processed 5 samples in 4.478982210159302 s [/mnt/ioopt/appbench/apps/MLPerf-storage/dlio_benchmark/dlio_benchmark/utils/statscounter.py:325]
[INFO] 2025-05-05T11:00:26.126549 Rank 0 step 359 processed 5 samples in 9.068679094314575 s [/mnt/ioopt/appbench/apps/MLPerf-storage/dlio_benchmark/dlio_benchmark/utils/statscounter.py:325]
[INFO] 2025-05-05T11:00:35.295495 Rank 0 step 360 processed 5 samples in 9.168372869491577 s [/mnt/ioopt/appbench/apps/MLPerf-storage/dlio_benchmark/dlio_benchmark/utils/statscounter.py:325]
[INFO] 2025-05-05T11:00:35.624438 Rank 0 step 361 processed 5 samples in 0.328418493270874 s [/mnt/ioopt/appbench/apps/MLPerf-storage/dlio_benchmark/dlio_benchmark/utils/statscounter.py:325]
[INFO] 2025-05-05T11:00:35.953349 Rank 0 step 362 processed 5 samples in 0.32843708992004395 s [/mnt/ioopt/appbench/apps/MLPerf-storage/dlio_benchmark/dlio_benchmark/utils/statscounter.py:325]
[INFO] 2025-05-05T11:00:36.282448 Rank 0 step 363 processed 5 samples in 0.3286252021789551 s [/mnt/ioopt/appbench/apps/MLPerf-storage/dlio_benchmark/dlio_benchmark/utils/statscounter.py:325]
[INFO] 2025-05-05T11:00:36.611644 Rank 0 step 364 processed 5 samples in 0.3287324905395508 s [/mnt/ioopt/appbench/apps/MLPerf-storage/dlio_benchmark/dlio_benchmark/utils/statscounter.py:325]
[INFO] 2025-05-05T11:00:36.940869 Rank 0 step 365 processed 5 samples in 0.3287515640258789 s [/mnt/ioopt/appbench/apps/MLPerf-storage/dlio_benchmark/dlio_benchmark/utils/statscounter.py:325]
[INFO] 2025-05-05T11:00:38.693207 Rank 0 step 366 processed 5 samples in 1.7518773078918457 s [/mnt/ioopt/appbench/apps/MLPerf-storage/dlio_benchmark/dlio_benchmark/utils/statscounter.py:325]
[INFO] 2025-05-05T11:00:39.709886 Rank 0 step 367 processed 5 samples in 1.0161652565002441 s [/mnt/ioopt/appbench/apps/MLPerf-storage/dlio_benchmark/dlio_benchmark/utils/statscounter.py:325]
[INFO] 2025-05-05T11:00:40.039002 Rank 0 step 368 processed 5 samples in 0.3286247253417969 s [/mnt/ioopt/appbench/apps/MLPerf-storage/dlio_benchmark/dlio_benchmark/utils/statscounter.py:325]
[INFO] 2025-05-05T11:00:46.693742 Rank 0 step 369 processed 5 samples in 6.654244661331177 s [/mnt/ioopt/appbench/apps/MLPerf-storage/dlio_benchmark/dlio_benchmark/utils/statscounter.py:325]
[INFO] 2025-05-05T11:00:51.586658 Rank 0 step 370 processed 5 samples in 4.892376899719238 s [/mnt/ioopt/appbench/apps/MLPerf-storage/dlio_benchmark/dlio_benchmark/utils/statscounter.py:325]
[INFO] 2025-05-05T11:00:51.920492 Rank 0 step 371 processed 5 samples in 0.3297278881072998 s [/mnt/ioopt/appbench/apps/MLPerf-storage/dlio_benchmark/dlio_benchmark/utils/statscounter.py:325]
[INFO] 2025-05-05T11:00:52.250182 Rank 0 step 372 processed 5 samples in 0.3291008472442627 s [/mnt/ioopt/appbench/apps/MLPerf-storage/dlio_benchmark/dlio_benchmark/utils/statscounter.py:325]
[INFO] 2025-05-05T11:00:57.199021 Rank 0 step 373 processed 5 samples in 4.948383808135986 s [/mnt/ioopt/appbench/apps/MLPerf-storage/dlio_benchmark/dlio_benchmark/utils/statscounter.py:325]
[INFO] 2025-05-05T11:01:02.677652 Rank 0 step 374 processed 5 samples in 5.415515661239624 s [/mnt/ioopt/appbench/apps/MLPerf-storage/dlio_benchmark/dlio_benchmark/utils/statscounter.py:325]
[INFO] 2025-05-05T11:01:03.006665 Rank 0 step 375 processed 5 samples in 0.32848548889160156 s [/mnt/ioopt/appbench/apps/MLPerf-storage/dlio_benchmark/dlio_benchmark/utils/statscounter.py:325]
[INFO] 2025-05-05T11:01:10.331618 Rank 0 step 376 processed 5 samples in 7.324450492858887 s [/mnt/ioopt/appbench/apps/MLPerf-storage/dlio_benchmark/dlio_benchmark/utils/statscounter.py:325]
[INFO] 2025-05-05T11:01:13.344036 Rank 0 step 377 processed 5 samples in 3.011944055557251 s [/mnt/ioopt/appbench/apps/MLPerf-storage/dlio_benchmark/dlio_benchmark/utils/statscounter.py:325]
[INFO] 2025-05-05T11:01:13.673040 Rank 0 step 378 processed 5 samples in 0.32846879959106445 s [/mnt/ioopt/appbench/apps/MLPerf-storage/dlio_benchmark/dlio_benchmark/utils/statscounter.py:325]
[INFO] 2025-05-05T11:01:14.001782 Rank 0 step 379 processed 5 samples in 0.32825779914855957 s [/mnt/ioopt/appbench/apps/MLPerf-storage/dlio_benchmark/dlio_benchmark/utils/statscounter.py:325]
[INFO] 2025-05-05T11:01:14.330965 Rank 0 step 380 processed 5 samples in 0.3286910057067871 s [/mnt/ioopt/appbench/apps/MLPerf-storage/dlio_benchmark/dlio_benchmark/utils/statscounter.py:325]
[INFO] 2025-05-05T11:01:14.660147 Rank 0 step 381 processed 5 samples in 0.32866406440734863 s [/mnt/ioopt/appbench/apps/MLPerf-storage/dlio_benchmark/dlio_benchmark/utils/statscounter.py:325]
[INFO] 2025-05-05T11:01:14.988914 Rank 0 step 382 processed 5 samples in 0.3283212184906006 s [/mnt/ioopt/appbench/apps/MLPerf-storage/dlio_benchmark/dlio_benchmark/utils/statscounter.py:325]
[INFO] 2025-05-05T11:01:15.320144 Rank 0 step 383 processed 5 samples in 0.33077168464660645 s [/mnt/ioopt/appbench/apps/MLPerf-storage/dlio_benchmark/dlio_benchmark/utils/statscounter.py:325]
[INFO] 2025-05-05T11:01:16.658450 Rank 0 step 384 processed 5 samples in 1.3378074169158936 s [/mnt/ioopt/appbench/apps/MLPerf-storage/dlio_benchmark/dlio_benchmark/utils/statscounter.py:325]
[INFO] 2025-05-05T11:01:24.316478 Rank 0 step 385 processed 5 samples in 7.657494306564331 s [/mnt/ioopt/appbench/apps/MLPerf-storage/dlio_benchmark/dlio_benchmark/utils/statscounter.py:325]
[INFO] 2025-05-05T11:01:24.645420 Rank 0 step 386 processed 5 samples in 0.3283810615539551 s [/mnt/ioopt/appbench/apps/MLPerf-storage/dlio_benchmark/dlio_benchmark/utils/statscounter.py:325]
[INFO] 2025-05-05T11:01:28.207136 Rank 0 step 387 processed 5 samples in 3.5612244606018066 s [/mnt/ioopt/appbench/apps/MLPerf-storage/dlio_benchmark/dlio_benchmark/utils/statscounter.py:325]
[INFO] 2025-05-05T11:01:28.533019 Rank 0 step 388 processed 5 samples in 0.3255321979522705 s [/mnt/ioopt/appbench/apps/MLPerf-storage/dlio_benchmark/dlio_benchmark/utils/statscounter.py:325]
[INFO] 2025-05-05T11:01:28.861833 Rank 0 step 389 processed 5 samples in 0.32829713821411133 s [/mnt/ioopt/appbench/apps/MLPerf-storage/dlio_benchmark/dlio_benchmark/utils/statscounter.py:325]
[INFO] 2025-05-05T11:01:37.601167 Rank 0 step 390 processed 5 samples in 8.738876342773438 s [/mnt/ioopt/appbench/apps/MLPerf-storage/dlio_benchmark/dlio_benchmark/utils/statscounter.py:325]
[INFO] 2025-05-05T11:01:43.085230 Rank 0 step 391 processed 5 samples in 5.483633279800415 s [/mnt/ioopt/appbench/apps/MLPerf-storage/dlio_benchmark/dlio_benchmark/utils/statscounter.py:325]
[INFO] 2025-05-05T11:01:43.415740 Rank 0 step 392 processed 5 samples in 0.3299984931945801 s [/mnt/ioopt/appbench/apps/MLPerf-storage/dlio_benchmark/dlio_benchmark/utils/statscounter.py:325]
[INFO] 2025-05-05T11:01:43.744587 Rank 0 step 393 processed 5 samples in 0.32840514183044434 s [/mnt/ioopt/appbench/apps/MLPerf-storage/dlio_benchmark/dlio_benchmark/utils/statscounter.py:325]
[INFO] 2025-05-05T11:01:44.073224 Rank 0 step 394 processed 5 samples in 0.3283045291900635 s [/mnt/ioopt/appbench/apps/MLPerf-storage/dlio_benchmark/dlio_benchmark/utils/statscounter.py:325]
[INFO] 2025-05-05T11:01:44.403727 Rank 0 step 395 processed 5 samples in 0.33017873764038086 s [/mnt/ioopt/appbench/apps/MLPerf-storage/dlio_benchmark/dlio_benchmark/utils/statscounter.py:325]
[INFO] 2025-05-05T11:01:44.732571 Rank 0 step 396 processed 5 samples in 0.32834601402282715 s [/mnt/ioopt/appbench/apps/MLPerf-storage/dlio_benchmark/dlio_benchmark/utils/statscounter.py:325]
[INFO] 2025-05-05T11:01:45.061309 Rank 0 step 397 processed 5 samples in 0.32837629318237305 s [/mnt/ioopt/appbench/apps/MLPerf-storage/dlio_benchmark/dlio_benchmark/utils/statscounter.py:325]
[INFO] 2025-05-05T11:01:45.391876 Rank 0 step 398 processed 5 samples in 0.3302438259124756 s [/mnt/ioopt/appbench/apps/MLPerf-storage/dlio_benchmark/dlio_benchmark/utils/statscounter.py:325]
[INFO] 2025-05-05T11:01:45.720561 Rank 0 step 399 processed 5 samples in 0.3283379077911377 s [/mnt/ioopt/appbench/apps/MLPerf-storage/dlio_benchmark/dlio_benchmark/utils/statscounter.py:325]
[INFO] 2025-05-05T11:01:46.050580 Rank 0 step 400 processed 5 samples in 0.32968854904174805 s [/mnt/ioopt/appbench/apps/MLPerf-storage/dlio_benchmark/dlio_benchmark/utils/statscounter.py:325]
[INFO] 2025-05-05T11:01:46.050980 Maximum number of steps reached [/mnt/ioopt/appbench/apps/MLPerf-storage/dlio_benchmark/dlio_benchmark/main.py:293]
[INFO] 2025-05-05T11:01:46.053843 Ending block 1 - 400 steps completed in 967.27 s [/mnt/ioopt/appbench/apps/MLPerf-storage/dlio_benchmark/dlio_benchmark/utils/statscounter.py:282]
[INFO] 2025-05-05T11:01:46.085551 Epoch 1 - Block 1 [Training] Accelerator Utilization [AU] (%): 13.8040 [/mnt/ioopt/appbench/apps/MLPerf-storage/dlio_benchmark/dlio_benchmark/utils/statscounter.py:285]
[INFO] 2025-05-05T11:01:46.085697 Epoch 1 - Block 1 [Training] Throughput (samples/second): 2.0677 [/mnt/ioopt/appbench/apps/MLPerf-storage/dlio_benchmark/dlio_benchmark/utils/statscounter.py:286]
[INFO] 2025-05-05T11:01:46.087619 Ending epoch 1 - 400 steps completed in 967.34 s [/mnt/ioopt/appbench/apps/MLPerf-storage/dlio_benchmark/dlio_benchmark/utils/statscounter.py:225]
[INFO] 2025-05-05T11:01:46.093226 Saved outputs in /mnt/ioopt/appbench/apps/MLPerf-storage/resultsdir/RUN_5/batch_size_5_num_threads_14 [/mnt/ioopt/appbench/apps/MLPerf-storage/dlio_benchmark/dlio_benchmark/utils/statscounter.py:171]
[INFO] Averaged metric over all epochs
[METRIC] ==========================================================
[METRIC] Number of Simulated Accelerators: 1 
[METRIC] Training Accelerator Utilization [AU] (%): 13.8040 (0.0000)
[METRIC] Training Throughput (samples/second): 2.0677 (0.0000)
[METRIC] Training I/O Throughput (MB/second): 289.0808 (0.0000)
[METRIC] train_au_meet_expectation: fail
[METRIC] ==========================================================
 [/mnt/ioopt/appbench/apps/MLPerf-storage/dlio_benchmark/dlio_benchmark/utils/statscounter.py:185]
[INFO] 2025-05-05T11:01:46.099436 outputs saved in RANKID_output.json [/mnt/ioopt/appbench/apps/MLPerf-storage/dlio_benchmark/dlio_benchmark/utils/statscounter.py:378]
