[INFO] 2025-05-05T16:37:17.393987 Profiling DLIO /mnt/ioopt/appbench/apps/MLPerf-storage/resultsdir/RUN_6/batch_size_5_num_threads_8/trace-0-of-1.pfw [/mnt/ioopt/appbench/apps/MLPerf-storage/dlio_benchmark/dlio_benchmark/utils/config.py:189]
[INFO] 2025-05-05T16:37:17.394683 Running DLIO with 1 process(es) [/mnt/ioopt/appbench/apps/MLPerf-storage/dlio_benchmark/dlio_benchmark/main.py:100]
[INFO] Total amount of data each host will consume is 273.064948618412 GB; each host has [np.float64(187.5592384338379)] GB memory [/mnt/ioopt/appbench/apps/MLPerf-storage/dlio_benchmark/dlio_benchmark/utils/statscounter.py:121]
[INFO] 2025-05-05T16:37:33.744880 Max steps per epoch: 400 = 1 * 2000 / 5 / 1 (samples per file * num files / batch size / comm size) [/mnt/ioopt/appbench/apps/MLPerf-storage/dlio_benchmark/dlio_benchmark/main.py:321]
[INFO] 2025-05-05T16:37:33.897868 Starting epoch 1: 400 steps expected [/mnt/ioopt/appbench/apps/MLPerf-storage/dlio_benchmark/dlio_benchmark/utils/statscounter.py:192]
[INFO] 2025-05-05T16:37:33.930039 Starting block 1 [/mnt/ioopt/appbench/apps/MLPerf-storage/dlio_benchmark/dlio_benchmark/utils/statscounter.py:264]
[INFO] 2025-05-05T16:37:53.454756 Rank 0 step 1 processed 5 samples in 19.524523973464966 s [/mnt/ioopt/appbench/apps/MLPerf-storage/dlio_benchmark/dlio_benchmark/utils/statscounter.py:325]
[INFO] 2025-05-05T16:37:53.843144 Rank 0 step 2 processed 5 samples in 0.38738417625427246 s [/mnt/ioopt/appbench/apps/MLPerf-storage/dlio_benchmark/dlio_benchmark/utils/statscounter.py:325]
[INFO] 2025-05-05T16:37:55.578235 Rank 0 step 3 processed 5 samples in 1.7346315383911133 s [/mnt/ioopt/appbench/apps/MLPerf-storage/dlio_benchmark/dlio_benchmark/utils/statscounter.py:325]
[INFO] 2025-05-05T16:37:55.907359 Rank 0 step 4 processed 5 samples in 0.32866978645324707 s [/mnt/ioopt/appbench/apps/MLPerf-storage/dlio_benchmark/dlio_benchmark/utils/statscounter.py:325]
[INFO] 2025-05-05T16:37:56.236334 Rank 0 step 5 processed 5 samples in 0.32855868339538574 s [/mnt/ioopt/appbench/apps/MLPerf-storage/dlio_benchmark/dlio_benchmark/utils/statscounter.py:325]
[INFO] 2025-05-05T16:37:56.567924 Rank 0 step 6 processed 5 samples in 0.3311595916748047 s [/mnt/ioopt/appbench/apps/MLPerf-storage/dlio_benchmark/dlio_benchmark/utils/statscounter.py:325]
[INFO] 2025-05-05T16:37:56.896908 Rank 0 step 7 processed 5 samples in 0.32848548889160156 s [/mnt/ioopt/appbench/apps/MLPerf-storage/dlio_benchmark/dlio_benchmark/utils/statscounter.py:325]
[INFO] 2025-05-05T16:37:57.226190 Rank 0 step 8 processed 5 samples in 0.3287830352783203 s [/mnt/ioopt/appbench/apps/MLPerf-storage/dlio_benchmark/dlio_benchmark/utils/statscounter.py:325]
[INFO] 2025-05-05T16:38:07.889894 Rank 0 step 9 processed 5 samples in 10.663233757019043 s [/mnt/ioopt/appbench/apps/MLPerf-storage/dlio_benchmark/dlio_benchmark/utils/statscounter.py:325]
[INFO] 2025-05-05T16:38:09.733463 Rank 0 step 10 processed 5 samples in 1.842874526977539 s [/mnt/ioopt/appbench/apps/MLPerf-storage/dlio_benchmark/dlio_benchmark/utils/statscounter.py:325]
[INFO] 2025-05-05T16:38:10.377317 Rank 0 step 11 processed 5 samples in 0.6433663368225098 s [/mnt/ioopt/appbench/apps/MLPerf-storage/dlio_benchmark/dlio_benchmark/utils/statscounter.py:325]
[INFO] 2025-05-05T16:38:12.196521 Rank 0 step 12 processed 5 samples in 1.818730115890503 s [/mnt/ioopt/appbench/apps/MLPerf-storage/dlio_benchmark/dlio_benchmark/utils/statscounter.py:325]
[INFO] 2025-05-05T16:38:18.902002 Rank 0 step 13 processed 5 samples in 6.704949140548706 s [/mnt/ioopt/appbench/apps/MLPerf-storage/dlio_benchmark/dlio_benchmark/utils/statscounter.py:325]
[INFO] 2025-05-05T16:38:19.231434 Rank 0 step 14 processed 5 samples in 0.3289210796356201 s [/mnt/ioopt/appbench/apps/MLPerf-storage/dlio_benchmark/dlio_benchmark/utils/statscounter.py:325]
[INFO] 2025-05-05T16:38:19.560609 Rank 0 step 15 processed 5 samples in 0.3286595344543457 s [/mnt/ioopt/appbench/apps/MLPerf-storage/dlio_benchmark/dlio_benchmark/utils/statscounter.py:325]
[INFO] 2025-05-05T16:38:19.889307 Rank 0 step 16 processed 5 samples in 0.3282625675201416 s [/mnt/ioopt/appbench/apps/MLPerf-storage/dlio_benchmark/dlio_benchmark/utils/statscounter.py:325]
[INFO] 2025-05-05T16:38:21.828112 Rank 0 step 17 processed 5 samples in 1.9382617473602295 s [/mnt/ioopt/appbench/apps/MLPerf-storage/dlio_benchmark/dlio_benchmark/utils/statscounter.py:325]
[INFO] 2025-05-05T16:38:26.652508 Rank 0 step 18 processed 5 samples in 4.823564767837524 s [/mnt/ioopt/appbench/apps/MLPerf-storage/dlio_benchmark/dlio_benchmark/utils/statscounter.py:325]
[INFO] 2025-05-05T16:38:27.958289 Rank 0 step 19 processed 5 samples in 1.3053157329559326 s [/mnt/ioopt/appbench/apps/MLPerf-storage/dlio_benchmark/dlio_benchmark/utils/statscounter.py:325]
[INFO] 2025-05-05T16:38:28.287696 Rank 0 step 20 processed 5 samples in 0.32894372940063477 s [/mnt/ioopt/appbench/apps/MLPerf-storage/dlio_benchmark/dlio_benchmark/utils/statscounter.py:325]
[INFO] 2025-05-05T16:38:34.755899 Rank 0 step 21 processed 5 samples in 6.467737436294556 s [/mnt/ioopt/appbench/apps/MLPerf-storage/dlio_benchmark/dlio_benchmark/utils/statscounter.py:325]
[INFO] 2025-05-05T16:38:39.248171 Rank 0 step 22 processed 5 samples in 4.491751194000244 s [/mnt/ioopt/appbench/apps/MLPerf-storage/dlio_benchmark/dlio_benchmark/utils/statscounter.py:325]
[INFO] 2025-05-05T16:38:39.577264 Rank 0 step 23 processed 5 samples in 0.3285963535308838 s [/mnt/ioopt/appbench/apps/MLPerf-storage/dlio_benchmark/dlio_benchmark/utils/statscounter.py:325]
[INFO] 2025-05-05T16:38:39.905943 Rank 0 step 24 processed 5 samples in 0.328263521194458 s [/mnt/ioopt/appbench/apps/MLPerf-storage/dlio_benchmark/dlio_benchmark/utils/statscounter.py:325]
[INFO] 2025-05-05T16:38:40.235023 Rank 0 step 25 processed 5 samples in 0.32866597175598145 s [/mnt/ioopt/appbench/apps/MLPerf-storage/dlio_benchmark/dlio_benchmark/utils/statscounter.py:325]
[INFO] 2025-05-05T16:38:45.442390 Rank 0 step 26 processed 5 samples in 5.206933975219727 s [/mnt/ioopt/appbench/apps/MLPerf-storage/dlio_benchmark/dlio_benchmark/utils/statscounter.py:325]
[INFO] 2025-05-05T16:38:47.473986 Rank 0 step 27 processed 5 samples in 2.031121253967285 s [/mnt/ioopt/appbench/apps/MLPerf-storage/dlio_benchmark/dlio_benchmark/utils/statscounter.py:325]
[INFO] 2025-05-05T16:38:47.803069 Rank 0 step 28 processed 5 samples in 0.32860875129699707 s [/mnt/ioopt/appbench/apps/MLPerf-storage/dlio_benchmark/dlio_benchmark/utils/statscounter.py:325]
[INFO] 2025-05-05T16:38:54.635639 Rank 0 step 29 processed 5 samples in 6.83209753036499 s [/mnt/ioopt/appbench/apps/MLPerf-storage/dlio_benchmark/dlio_benchmark/utils/statscounter.py:325]
[INFO] 2025-05-05T16:38:59.456839 Rank 0 step 30 processed 5 samples in 4.820698499679565 s [/mnt/ioopt/appbench/apps/MLPerf-storage/dlio_benchmark/dlio_benchmark/utils/statscounter.py:325]
[INFO] 2025-05-05T16:38:59.786191 Rank 0 step 31 processed 5 samples in 0.32880473136901855 s [/mnt/ioopt/appbench/apps/MLPerf-storage/dlio_benchmark/dlio_benchmark/utils/statscounter.py:325]
[INFO] 2025-05-05T16:39:00.532475 Rank 0 step 32 processed 5 samples in 0.7458100318908691 s [/mnt/ioopt/appbench/apps/MLPerf-storage/dlio_benchmark/dlio_benchmark/utils/statscounter.py:325]
[INFO] 2025-05-05T16:39:00.861740 Rank 0 step 33 processed 5 samples in 0.32880520820617676 s [/mnt/ioopt/appbench/apps/MLPerf-storage/dlio_benchmark/dlio_benchmark/utils/statscounter.py:325]
[INFO] 2025-05-05T16:39:03.475630 Rank 0 step 34 processed 5 samples in 2.6134305000305176 s [/mnt/ioopt/appbench/apps/MLPerf-storage/dlio_benchmark/dlio_benchmark/utils/statscounter.py:325]
[INFO] 2025-05-05T16:39:08.688897 Rank 0 step 35 processed 5 samples in 5.212814569473267 s [/mnt/ioopt/appbench/apps/MLPerf-storage/dlio_benchmark/dlio_benchmark/utils/statscounter.py:325]
[INFO] 2025-05-05T16:39:09.017923 Rank 0 step 36 processed 5 samples in 0.32854247093200684 s [/mnt/ioopt/appbench/apps/MLPerf-storage/dlio_benchmark/dlio_benchmark/utils/statscounter.py:325]
[INFO] 2025-05-05T16:39:13.795534 Rank 0 step 37 processed 5 samples in 4.777149677276611 s [/mnt/ioopt/appbench/apps/MLPerf-storage/dlio_benchmark/dlio_benchmark/utils/statscounter.py:325]
[INFO] 2025-05-05T16:39:14.716964 Rank 0 step 38 processed 5 samples in 0.8334729671478271 s [/mnt/ioopt/appbench/apps/MLPerf-storage/dlio_benchmark/dlio_benchmark/utils/statscounter.py:325]
[INFO] 2025-05-05T16:39:18.345749 Rank 0 step 39 processed 5 samples in 3.6282427310943604 s [/mnt/ioopt/appbench/apps/MLPerf-storage/dlio_benchmark/dlio_benchmark/utils/statscounter.py:325]
[INFO] 2025-05-05T16:39:18.778650 Rank 0 step 40 processed 5 samples in 0.4323856830596924 s [/mnt/ioopt/appbench/apps/MLPerf-storage/dlio_benchmark/dlio_benchmark/utils/statscounter.py:325]
[INFO] 2025-05-05T16:39:19.107883 Rank 0 step 41 processed 5 samples in 0.3286936283111572 s [/mnt/ioopt/appbench/apps/MLPerf-storage/dlio_benchmark/dlio_benchmark/utils/statscounter.py:325]
[INFO] 2025-05-05T16:39:19.439158 Rank 0 step 42 processed 5 samples in 0.3308095932006836 s [/mnt/ioopt/appbench/apps/MLPerf-storage/dlio_benchmark/dlio_benchmark/utils/statscounter.py:325]
[INFO] 2025-05-05T16:39:28.479427 Rank 0 step 43 processed 5 samples in 9.039803266525269 s [/mnt/ioopt/appbench/apps/MLPerf-storage/dlio_benchmark/dlio_benchmark/utils/statscounter.py:325]
[INFO] 2025-05-05T16:39:30.860400 Rank 0 step 44 processed 5 samples in 2.380492687225342 s [/mnt/ioopt/appbench/apps/MLPerf-storage/dlio_benchmark/dlio_benchmark/utils/statscounter.py:325]
[INFO] 2025-05-05T16:39:31.191238 Rank 0 step 45 processed 5 samples in 0.33031773567199707 s [/mnt/ioopt/appbench/apps/MLPerf-storage/dlio_benchmark/dlio_benchmark/utils/statscounter.py:325]
[INFO] 2025-05-05T16:39:32.839884 Rank 0 step 46 processed 5 samples in 1.6474759578704834 s [/mnt/ioopt/appbench/apps/MLPerf-storage/dlio_benchmark/dlio_benchmark/utils/statscounter.py:325]
[INFO] 2025-05-05T16:39:35.648887 Rank 0 step 47 processed 5 samples in 2.8085532188415527 s [/mnt/ioopt/appbench/apps/MLPerf-storage/dlio_benchmark/dlio_benchmark/utils/statscounter.py:325]
[INFO] 2025-05-05T16:39:36.483559 Rank 0 step 48 processed 5 samples in 0.8341333866119385 s [/mnt/ioopt/appbench/apps/MLPerf-storage/dlio_benchmark/dlio_benchmark/utils/statscounter.py:325]
[INFO] 2025-05-05T16:39:37.180569 Rank 0 step 49 processed 5 samples in 0.6964964866638184 s [/mnt/ioopt/appbench/apps/MLPerf-storage/dlio_benchmark/dlio_benchmark/utils/statscounter.py:325]
[INFO] 2025-05-05T16:39:37.509521 Rank 0 step 50 processed 5 samples in 0.3284289836883545 s [/mnt/ioopt/appbench/apps/MLPerf-storage/dlio_benchmark/dlio_benchmark/utils/statscounter.py:325]
[INFO] 2025-05-05T16:39:50.075767 Rank 0 step 51 processed 5 samples in 12.565757274627686 s [/mnt/ioopt/appbench/apps/MLPerf-storage/dlio_benchmark/dlio_benchmark/utils/statscounter.py:325]
[INFO] 2025-05-05T16:39:50.404726 Rank 0 step 52 processed 5 samples in 0.32843852043151855 s [/mnt/ioopt/appbench/apps/MLPerf-storage/dlio_benchmark/dlio_benchmark/utils/statscounter.py:325]
[INFO] 2025-05-05T16:39:50.734018 Rank 0 step 53 processed 5 samples in 0.32883429527282715 s [/mnt/ioopt/appbench/apps/MLPerf-storage/dlio_benchmark/dlio_benchmark/utils/statscounter.py:325]
[INFO] 2025-05-05T16:39:51.062899 Rank 0 step 54 processed 5 samples in 0.3284168243408203 s [/mnt/ioopt/appbench/apps/MLPerf-storage/dlio_benchmark/dlio_benchmark/utils/statscounter.py:325]
[INFO] 2025-05-05T16:39:54.922194 Rank 0 step 55 processed 5 samples in 3.8588194847106934 s [/mnt/ioopt/appbench/apps/MLPerf-storage/dlio_benchmark/dlio_benchmark/utils/statscounter.py:325]
[INFO] 2025-05-05T16:39:55.251374 Rank 0 step 56 processed 5 samples in 0.3286702632904053 s [/mnt/ioopt/appbench/apps/MLPerf-storage/dlio_benchmark/dlio_benchmark/utils/statscounter.py:325]
[INFO] 2025-05-05T16:39:55.580207 Rank 0 step 57 processed 5 samples in 0.328357458114624 s [/mnt/ioopt/appbench/apps/MLPerf-storage/dlio_benchmark/dlio_benchmark/utils/statscounter.py:325]
[INFO] 2025-05-05T16:39:55.909237 Rank 0 step 58 processed 5 samples in 0.3285698890686035 s [/mnt/ioopt/appbench/apps/MLPerf-storage/dlio_benchmark/dlio_benchmark/utils/statscounter.py:325]
[INFO] 2025-05-05T16:40:08.826787 Rank 0 step 59 processed 5 samples in 12.917083501815796 s [/mnt/ioopt/appbench/apps/MLPerf-storage/dlio_benchmark/dlio_benchmark/utils/statscounter.py:325]
[INFO] 2025-05-05T16:40:09.155906 Rank 0 step 60 processed 5 samples in 0.3285391330718994 s [/mnt/ioopt/appbench/apps/MLPerf-storage/dlio_benchmark/dlio_benchmark/utils/statscounter.py:325]
[INFO] 2025-05-05T16:40:12.576323 Rank 0 step 61 processed 5 samples in 3.419947385787964 s [/mnt/ioopt/appbench/apps/MLPerf-storage/dlio_benchmark/dlio_benchmark/utils/statscounter.py:325]
[INFO] 2025-05-05T16:40:12.904647 Rank 0 step 62 processed 5 samples in 0.3277928829193115 s [/mnt/ioopt/appbench/apps/MLPerf-storage/dlio_benchmark/dlio_benchmark/utils/statscounter.py:325]
[INFO] 2025-05-05T16:40:13.232394 Rank 0 step 63 processed 5 samples in 0.3272242546081543 s [/mnt/ioopt/appbench/apps/MLPerf-storage/dlio_benchmark/dlio_benchmark/utils/statscounter.py:325]
[INFO] 2025-05-05T16:40:13.855922 Rank 0 step 64 processed 5 samples in 0.6231250762939453 s [/mnt/ioopt/appbench/apps/MLPerf-storage/dlio_benchmark/dlio_benchmark/utils/statscounter.py:325]
[INFO] 2025-05-05T16:40:15.541404 Rank 0 step 65 processed 5 samples in 1.684988260269165 s [/mnt/ioopt/appbench/apps/MLPerf-storage/dlio_benchmark/dlio_benchmark/utils/statscounter.py:325]
[INFO] 2025-05-05T16:40:15.870366 Rank 0 step 66 processed 5 samples in 0.3284893035888672 s [/mnt/ioopt/appbench/apps/MLPerf-storage/dlio_benchmark/dlio_benchmark/utils/statscounter.py:325]
[INFO] 2025-05-05T16:40:24.141799 Rank 0 step 67 processed 5 samples in 8.270968675613403 s [/mnt/ioopt/appbench/apps/MLPerf-storage/dlio_benchmark/dlio_benchmark/utils/statscounter.py:325]
[INFO] 2025-05-05T16:40:24.470788 Rank 0 step 68 processed 5 samples in 0.32854485511779785 s [/mnt/ioopt/appbench/apps/MLPerf-storage/dlio_benchmark/dlio_benchmark/utils/statscounter.py:325]
[INFO] 2025-05-05T16:40:30.368350 Rank 0 step 69 processed 5 samples in 5.897083044052124 s [/mnt/ioopt/appbench/apps/MLPerf-storage/dlio_benchmark/dlio_benchmark/utils/statscounter.py:325]
[INFO] 2025-05-05T16:40:31.380859 Rank 0 step 70 processed 5 samples in 1.011969804763794 s [/mnt/ioopt/appbench/apps/MLPerf-storage/dlio_benchmark/dlio_benchmark/utils/statscounter.py:325]
[INFO] 2025-05-05T16:40:32.770789 Rank 0 step 71 processed 5 samples in 1.3894095420837402 s [/mnt/ioopt/appbench/apps/MLPerf-storage/dlio_benchmark/dlio_benchmark/utils/statscounter.py:325]
[INFO] 2025-05-05T16:40:33.097466 Rank 0 step 72 processed 5 samples in 0.32609057426452637 s [/mnt/ioopt/appbench/apps/MLPerf-storage/dlio_benchmark/dlio_benchmark/utils/statscounter.py:325]
[INFO] 2025-05-05T16:40:33.423917 Rank 0 step 73 processed 5 samples in 0.3260471820831299 s [/mnt/ioopt/appbench/apps/MLPerf-storage/dlio_benchmark/dlio_benchmark/utils/statscounter.py:325]
[INFO] 2025-05-05T16:40:33.753319 Rank 0 step 74 processed 5 samples in 0.32892489433288574 s [/mnt/ioopt/appbench/apps/MLPerf-storage/dlio_benchmark/dlio_benchmark/utils/statscounter.py:325]
[INFO] 2025-05-05T16:40:42.676436 Rank 0 step 75 processed 5 samples in 8.922608852386475 s [/mnt/ioopt/appbench/apps/MLPerf-storage/dlio_benchmark/dlio_benchmark/utils/statscounter.py:325]
[INFO] 2025-05-05T16:40:44.890079 Rank 0 step 76 processed 5 samples in 2.2131824493408203 s [/mnt/ioopt/appbench/apps/MLPerf-storage/dlio_benchmark/dlio_benchmark/utils/statscounter.py:325]
[INFO] 2025-05-05T16:40:45.218939 Rank 0 step 77 processed 5 samples in 0.3283653259277344 s [/mnt/ioopt/appbench/apps/MLPerf-storage/dlio_benchmark/dlio_benchmark/utils/statscounter.py:325]
[INFO] 2025-05-05T16:40:47.387357 Rank 0 step 78 processed 5 samples in 2.167902708053589 s [/mnt/ioopt/appbench/apps/MLPerf-storage/dlio_benchmark/dlio_benchmark/utils/statscounter.py:325]
[INFO] 2025-05-05T16:40:47.716496 Rank 0 step 79 processed 5 samples in 0.32863664627075195 s [/mnt/ioopt/appbench/apps/MLPerf-storage/dlio_benchmark/dlio_benchmark/utils/statscounter.py:325]
[INFO] 2025-05-05T16:40:50.909634 Rank 0 step 80 processed 5 samples in 3.1927149295806885 s [/mnt/ioopt/appbench/apps/MLPerf-storage/dlio_benchmark/dlio_benchmark/utils/statscounter.py:325]
[INFO] 2025-05-05T16:40:51.387067 Rank 0 step 81 processed 5 samples in 0.47695088386535645 s [/mnt/ioopt/appbench/apps/MLPerf-storage/dlio_benchmark/dlio_benchmark/utils/statscounter.py:325]
[INFO] 2025-05-05T16:40:51.716150 Rank 0 step 82 processed 5 samples in 0.3285794258117676 s [/mnt/ioopt/appbench/apps/MLPerf-storage/dlio_benchmark/dlio_benchmark/utils/statscounter.py:325]
[INFO] 2025-05-05T16:41:01.360598 Rank 0 step 83 processed 5 samples in 9.643991470336914 s [/mnt/ioopt/appbench/apps/MLPerf-storage/dlio_benchmark/dlio_benchmark/utils/statscounter.py:325]
[INFO] 2025-05-05T16:41:01.689719 Rank 0 step 84 processed 5 samples in 0.3286314010620117 s [/mnt/ioopt/appbench/apps/MLPerf-storage/dlio_benchmark/dlio_benchmark/utils/statscounter.py:325]
[INFO] 2025-05-05T16:41:02.020755 Rank 0 step 85 processed 5 samples in 0.3305952548980713 s [/mnt/ioopt/appbench/apps/MLPerf-storage/dlio_benchmark/dlio_benchmark/utils/statscounter.py:325]
[INFO] 2025-05-05T16:41:06.438825 Rank 0 step 86 processed 5 samples in 4.417553424835205 s [/mnt/ioopt/appbench/apps/MLPerf-storage/dlio_benchmark/dlio_benchmark/utils/statscounter.py:325]
[INFO] 2025-05-05T16:41:06.767578 Rank 0 step 87 processed 5 samples in 0.32825422286987305 s [/mnt/ioopt/appbench/apps/MLPerf-storage/dlio_benchmark/dlio_benchmark/utils/statscounter.py:325]
[INFO] 2025-05-05T16:41:08.207236 Rank 0 step 88 processed 5 samples in 1.4392175674438477 s [/mnt/ioopt/appbench/apps/MLPerf-storage/dlio_benchmark/dlio_benchmark/utils/statscounter.py:325]
[INFO] 2025-05-05T16:41:08.536424 Rank 0 step 89 processed 5 samples in 0.32871556282043457 s [/mnt/ioopt/appbench/apps/MLPerf-storage/dlio_benchmark/dlio_benchmark/utils/statscounter.py:325]
[INFO] 2025-05-05T16:41:08.865343 Rank 0 step 90 processed 5 samples in 0.32845258712768555 s [/mnt/ioopt/appbench/apps/MLPerf-storage/dlio_benchmark/dlio_benchmark/utils/statscounter.py:325]
[INFO] 2025-05-05T16:41:16.856761 Rank 0 step 91 processed 5 samples in 7.991107940673828 s [/mnt/ioopt/appbench/apps/MLPerf-storage/dlio_benchmark/dlio_benchmark/utils/statscounter.py:325]
[INFO] 2025-05-05T16:41:20.656889 Rank 0 step 92 processed 5 samples in 3.7996537685394287 s [/mnt/ioopt/appbench/apps/MLPerf-storage/dlio_benchmark/dlio_benchmark/utils/statscounter.py:325]
[INFO] 2025-05-05T16:41:21.939979 Rank 0 step 93 processed 5 samples in 1.2827482223510742 s [/mnt/ioopt/appbench/apps/MLPerf-storage/dlio_benchmark/dlio_benchmark/utils/statscounter.py:325]
[INFO] 2025-05-05T16:41:26.049068 Rank 0 step 94 processed 5 samples in 4.1086506843566895 s [/mnt/ioopt/appbench/apps/MLPerf-storage/dlio_benchmark/dlio_benchmark/utils/statscounter.py:325]
[INFO] 2025-05-05T16:41:26.380038 Rank 0 step 95 processed 5 samples in 0.33000731468200684 s [/mnt/ioopt/appbench/apps/MLPerf-storage/dlio_benchmark/dlio_benchmark/utils/statscounter.py:325]
[INFO] 2025-05-05T16:41:27.090146 Rank 0 step 96 processed 5 samples in 0.7096447944641113 s [/mnt/ioopt/appbench/apps/MLPerf-storage/dlio_benchmark/dlio_benchmark/utils/statscounter.py:325]
[INFO] 2025-05-05T16:41:27.419420 Rank 0 step 97 processed 5 samples in 0.3288118839263916 s [/mnt/ioopt/appbench/apps/MLPerf-storage/dlio_benchmark/dlio_benchmark/utils/statscounter.py:325]
[INFO] 2025-05-05T16:41:27.748448 Rank 0 step 98 processed 5 samples in 0.3285818099975586 s [/mnt/ioopt/appbench/apps/MLPerf-storage/dlio_benchmark/dlio_benchmark/utils/statscounter.py:325]
[INFO] 2025-05-05T16:41:37.759730 Rank 0 step 99 processed 5 samples in 10.01082992553711 s [/mnt/ioopt/appbench/apps/MLPerf-storage/dlio_benchmark/dlio_benchmark/utils/statscounter.py:325]
[INFO] 2025-05-05T16:41:38.088599 Rank 0 step 100 processed 5 samples in 0.32840609550476074 s [/mnt/ioopt/appbench/apps/MLPerf-storage/dlio_benchmark/dlio_benchmark/utils/statscounter.py:325]
[INFO] 2025-05-05T16:41:43.245453 Rank 0 step 101 processed 5 samples in 5.1563897132873535 s [/mnt/ioopt/appbench/apps/MLPerf-storage/dlio_benchmark/dlio_benchmark/utils/statscounter.py:325]
[INFO] 2025-05-05T16:41:43.574527 Rank 0 step 102 processed 5 samples in 0.32858848571777344 s [/mnt/ioopt/appbench/apps/MLPerf-storage/dlio_benchmark/dlio_benchmark/utils/statscounter.py:325]
[INFO] 2025-05-05T16:41:43.905633 Rank 0 step 103 processed 5 samples in 0.3306288719177246 s [/mnt/ioopt/appbench/apps/MLPerf-storage/dlio_benchmark/dlio_benchmark/utils/statscounter.py:325]
[INFO] 2025-05-05T16:41:44.234961 Rank 0 step 104 processed 5 samples in 0.32882213592529297 s [/mnt/ioopt/appbench/apps/MLPerf-storage/dlio_benchmark/dlio_benchmark/utils/statscounter.py:325]
[INFO] 2025-05-05T16:41:44.564063 Rank 0 step 105 processed 5 samples in 0.3285844326019287 s [/mnt/ioopt/appbench/apps/MLPerf-storage/dlio_benchmark/dlio_benchmark/utils/statscounter.py:325]
[INFO] 2025-05-05T16:41:47.441665 Rank 0 step 106 processed 5 samples in 2.8771653175354004 s [/mnt/ioopt/appbench/apps/MLPerf-storage/dlio_benchmark/dlio_benchmark/utils/statscounter.py:325]
[INFO] 2025-05-05T16:41:55.663800 Rank 0 step 107 processed 5 samples in 8.221691370010376 s [/mnt/ioopt/appbench/apps/MLPerf-storage/dlio_benchmark/dlio_benchmark/utils/statscounter.py:325]
[INFO] 2025-05-05T16:42:00.174151 Rank 0 step 108 processed 5 samples in 4.509881973266602 s [/mnt/ioopt/appbench/apps/MLPerf-storage/dlio_benchmark/dlio_benchmark/utils/statscounter.py:325]
[INFO] 2025-05-05T16:42:02.115521 Rank 0 step 109 processed 5 samples in 1.9409077167510986 s [/mnt/ioopt/appbench/apps/MLPerf-storage/dlio_benchmark/dlio_benchmark/utils/statscounter.py:325]
[INFO] 2025-05-05T16:42:02.444890 Rank 0 step 110 processed 5 samples in 0.3288760185241699 s [/mnt/ioopt/appbench/apps/MLPerf-storage/dlio_benchmark/dlio_benchmark/utils/statscounter.py:325]
[INFO] 2025-05-05T16:42:02.774019 Rank 0 step 111 processed 5 samples in 0.3286306858062744 s [/mnt/ioopt/appbench/apps/MLPerf-storage/dlio_benchmark/dlio_benchmark/utils/statscounter.py:325]
[INFO] 2025-05-05T16:42:03.950096 Rank 0 step 112 processed 5 samples in 1.1756377220153809 s [/mnt/ioopt/appbench/apps/MLPerf-storage/dlio_benchmark/dlio_benchmark/utils/statscounter.py:325]
[INFO] 2025-05-05T16:42:04.279167 Rank 0 step 113 processed 5 samples in 0.32862067222595215 s [/mnt/ioopt/appbench/apps/MLPerf-storage/dlio_benchmark/dlio_benchmark/utils/statscounter.py:325]
[INFO] 2025-05-05T16:42:06.731917 Rank 0 step 114 processed 5 samples in 2.4523093700408936 s [/mnt/ioopt/appbench/apps/MLPerf-storage/dlio_benchmark/dlio_benchmark/utils/statscounter.py:325]
[INFO] 2025-05-05T16:42:17.239919 Rank 0 step 115 processed 5 samples in 10.507556200027466 s [/mnt/ioopt/appbench/apps/MLPerf-storage/dlio_benchmark/dlio_benchmark/utils/statscounter.py:325]
[INFO] 2025-05-05T16:42:20.190130 Rank 0 step 116 processed 5 samples in 2.9497528076171875 s [/mnt/ioopt/appbench/apps/MLPerf-storage/dlio_benchmark/dlio_benchmark/utils/statscounter.py:325]
[INFO] 2025-05-05T16:42:20.517321 Rank 0 step 117 processed 5 samples in 0.3266580104827881 s [/mnt/ioopt/appbench/apps/MLPerf-storage/dlio_benchmark/dlio_benchmark/utils/statscounter.py:325]
[INFO] 2025-05-05T16:42:20.844175 Rank 0 step 118 processed 5 samples in 0.32639193534851074 s [/mnt/ioopt/appbench/apps/MLPerf-storage/dlio_benchmark/dlio_benchmark/utils/statscounter.py:325]
[INFO] 2025-05-05T16:42:21.641986 Rank 0 step 119 processed 5 samples in 0.7975122928619385 s [/mnt/ioopt/appbench/apps/MLPerf-storage/dlio_benchmark/dlio_benchmark/utils/statscounter.py:325]
[INFO] 2025-05-05T16:42:24.152630 Rank 0 step 120 processed 5 samples in 2.510143518447876 s [/mnt/ioopt/appbench/apps/MLPerf-storage/dlio_benchmark/dlio_benchmark/utils/statscounter.py:325]
[INFO] 2025-05-05T16:42:24.481711 Rank 0 step 121 processed 5 samples in 0.3285977840423584 s [/mnt/ioopt/appbench/apps/MLPerf-storage/dlio_benchmark/dlio_benchmark/utils/statscounter.py:325]
[INFO] 2025-05-05T16:42:25.599373 Rank 0 step 122 processed 5 samples in 1.1172106266021729 s [/mnt/ioopt/appbench/apps/MLPerf-storage/dlio_benchmark/dlio_benchmark/utils/statscounter.py:325]
[INFO] 2025-05-05T16:42:37.440616 Rank 0 step 123 processed 5 samples in 11.84078598022461 s [/mnt/ioopt/appbench/apps/MLPerf-storage/dlio_benchmark/dlio_benchmark/utils/statscounter.py:325]
[INFO] 2025-05-05T16:42:37.861677 Rank 0 step 124 processed 5 samples in 0.42056703567504883 s [/mnt/ioopt/appbench/apps/MLPerf-storage/dlio_benchmark/dlio_benchmark/utils/statscounter.py:325]
[INFO] 2025-05-05T16:42:38.474180 Rank 0 step 125 processed 5 samples in 0.6121530532836914 s [/mnt/ioopt/appbench/apps/MLPerf-storage/dlio_benchmark/dlio_benchmark/utils/statscounter.py:325]
[INFO] 2025-05-05T16:42:41.359117 Rank 0 step 126 processed 5 samples in 2.884438991546631 s [/mnt/ioopt/appbench/apps/MLPerf-storage/dlio_benchmark/dlio_benchmark/utils/statscounter.py:325]
[INFO] 2025-05-05T16:42:43.899714 Rank 0 step 127 processed 5 samples in 2.540112257003784 s [/mnt/ioopt/appbench/apps/MLPerf-storage/dlio_benchmark/dlio_benchmark/utils/statscounter.py:325]
[INFO] 2025-05-05T16:42:44.229142 Rank 0 step 128 processed 5 samples in 0.3288106918334961 s [/mnt/ioopt/appbench/apps/MLPerf-storage/dlio_benchmark/dlio_benchmark/utils/statscounter.py:325]
[INFO] 2025-05-05T16:42:44.558222 Rank 0 step 129 processed 5 samples in 0.3286259174346924 s [/mnt/ioopt/appbench/apps/MLPerf-storage/dlio_benchmark/dlio_benchmark/utils/statscounter.py:325]
[INFO] 2025-05-05T16:42:44.887169 Rank 0 step 130 processed 5 samples in 0.3285043239593506 s [/mnt/ioopt/appbench/apps/MLPerf-storage/dlio_benchmark/dlio_benchmark/utils/statscounter.py:325]
[INFO] 2025-05-05T16:42:52.578054 Rank 0 step 131 processed 5 samples in 7.690450668334961 s [/mnt/ioopt/appbench/apps/MLPerf-storage/dlio_benchmark/dlio_benchmark/utils/statscounter.py:325]
[INFO] 2025-05-05T16:42:54.764692 Rank 0 step 132 processed 5 samples in 2.186180591583252 s [/mnt/ioopt/appbench/apps/MLPerf-storage/dlio_benchmark/dlio_benchmark/utils/statscounter.py:325]
[INFO] 2025-05-05T16:42:55.095929 Rank 0 step 133 processed 5 samples in 0.3307809829711914 s [/mnt/ioopt/appbench/apps/MLPerf-storage/dlio_benchmark/dlio_benchmark/utils/statscounter.py:325]
[INFO] 2025-05-05T16:42:59.648478 Rank 0 step 134 processed 5 samples in 4.55202579498291 s [/mnt/ioopt/appbench/apps/MLPerf-storage/dlio_benchmark/dlio_benchmark/utils/statscounter.py:325]
[INFO] 2025-05-05T16:42:59.977564 Rank 0 step 135 processed 5 samples in 0.32860326766967773 s [/mnt/ioopt/appbench/apps/MLPerf-storage/dlio_benchmark/dlio_benchmark/utils/statscounter.py:325]
[INFO] 2025-05-05T16:43:00.740989 Rank 0 step 136 processed 5 samples in 0.7629952430725098 s [/mnt/ioopt/appbench/apps/MLPerf-storage/dlio_benchmark/dlio_benchmark/utils/statscounter.py:325]
[INFO] 2025-05-05T16:43:02.547982 Rank 0 step 137 processed 5 samples in 1.8065569400787354 s [/mnt/ioopt/appbench/apps/MLPerf-storage/dlio_benchmark/dlio_benchmark/utils/statscounter.py:325]
[INFO] 2025-05-05T16:43:02.876708 Rank 0 step 138 processed 5 samples in 0.3282625675201416 s [/mnt/ioopt/appbench/apps/MLPerf-storage/dlio_benchmark/dlio_benchmark/utils/statscounter.py:325]
[INFO] 2025-05-05T16:43:10.101311 Rank 0 step 139 processed 5 samples in 7.224159240722656 s [/mnt/ioopt/appbench/apps/MLPerf-storage/dlio_benchmark/dlio_benchmark/utils/statscounter.py:325]
[INFO] 2025-05-05T16:43:14.608859 Rank 0 step 140 processed 5 samples in 4.507081031799316 s [/mnt/ioopt/appbench/apps/MLPerf-storage/dlio_benchmark/dlio_benchmark/utils/statscounter.py:325]
[INFO] 2025-05-05T16:43:15.779352 Rank 0 step 141 processed 5 samples in 1.1699419021606445 s [/mnt/ioopt/appbench/apps/MLPerf-storage/dlio_benchmark/dlio_benchmark/utils/statscounter.py:325]
[INFO] 2025-05-05T16:43:16.109652 Rank 0 step 142 processed 5 samples in 0.32909655570983887 s [/mnt/ioopt/appbench/apps/MLPerf-storage/dlio_benchmark/dlio_benchmark/utils/statscounter.py:325]
[INFO] 2025-05-05T16:43:22.063628 Rank 0 step 143 processed 5 samples in 5.953535079956055 s [/mnt/ioopt/appbench/apps/MLPerf-storage/dlio_benchmark/dlio_benchmark/utils/statscounter.py:325]
[INFO] 2025-05-05T16:43:22.392402 Rank 0 step 144 processed 5 samples in 0.3283102512359619 s [/mnt/ioopt/appbench/apps/MLPerf-storage/dlio_benchmark/dlio_benchmark/utils/statscounter.py:325]
[INFO] 2025-05-05T16:43:22.721129 Rank 0 step 145 processed 5 samples in 0.3282647132873535 s [/mnt/ioopt/appbench/apps/MLPerf-storage/dlio_benchmark/dlio_benchmark/utils/statscounter.py:325]
[INFO] 2025-05-05T16:43:23.050604 Rank 0 step 146 processed 5 samples in 0.3290426731109619 s [/mnt/ioopt/appbench/apps/MLPerf-storage/dlio_benchmark/dlio_benchmark/utils/statscounter.py:325]
[INFO] 2025-05-05T16:43:30.565487 Rank 0 step 147 processed 5 samples in 7.514565944671631 s [/mnt/ioopt/appbench/apps/MLPerf-storage/dlio_benchmark/dlio_benchmark/utils/statscounter.py:325]
[INFO] 2025-05-05T16:43:33.937179 Rank 0 step 148 processed 5 samples in 3.3713998794555664 s [/mnt/ioopt/appbench/apps/MLPerf-storage/dlio_benchmark/dlio_benchmark/utils/statscounter.py:325]
[INFO] 2025-05-05T16:43:35.802899 Rank 0 step 149 processed 5 samples in 1.8652188777923584 s [/mnt/ioopt/appbench/apps/MLPerf-storage/dlio_benchmark/dlio_benchmark/utils/statscounter.py:325]
[INFO] 2025-05-05T16:43:36.131871 Rank 0 step 150 processed 5 samples in 0.3284628391265869 s [/mnt/ioopt/appbench/apps/MLPerf-storage/dlio_benchmark/dlio_benchmark/utils/statscounter.py:325]
[INFO] 2025-05-05T16:43:43.599121 Rank 0 step 151 processed 5 samples in 7.466789245605469 s [/mnt/ioopt/appbench/apps/MLPerf-storage/dlio_benchmark/dlio_benchmark/utils/statscounter.py:325]
[INFO] 2025-05-05T16:43:43.927860 Rank 0 step 152 processed 5 samples in 0.3282349109649658 s [/mnt/ioopt/appbench/apps/MLPerf-storage/dlio_benchmark/dlio_benchmark/utils/statscounter.py:325]
[INFO] 2025-05-05T16:43:44.257501 Rank 0 step 153 processed 5 samples in 0.3291935920715332 s [/mnt/ioopt/appbench/apps/MLPerf-storage/dlio_benchmark/dlio_benchmark/utils/statscounter.py:325]
[INFO] 2025-05-05T16:43:44.586333 Rank 0 step 154 processed 5 samples in 0.3283267021179199 s [/mnt/ioopt/appbench/apps/MLPerf-storage/dlio_benchmark/dlio_benchmark/utils/statscounter.py:325]
[INFO] 2025-05-05T16:43:46.406240 Rank 0 step 155 processed 5 samples in 1.8194763660430908 s [/mnt/ioopt/appbench/apps/MLPerf-storage/dlio_benchmark/dlio_benchmark/utils/statscounter.py:325]
[INFO] 2025-05-05T16:43:50.457291 Rank 0 step 156 processed 5 samples in 4.050608396530151 s [/mnt/ioopt/appbench/apps/MLPerf-storage/dlio_benchmark/dlio_benchmark/utils/statscounter.py:325]
[INFO] 2025-05-05T16:43:54.458386 Rank 0 step 157 processed 5 samples in 4.000765562057495 s [/mnt/ioopt/appbench/apps/MLPerf-storage/dlio_benchmark/dlio_benchmark/utils/statscounter.py:325]
[INFO] 2025-05-05T16:43:55.535062 Rank 0 step 158 processed 5 samples in 1.076267957687378 s [/mnt/ioopt/appbench/apps/MLPerf-storage/dlio_benchmark/dlio_benchmark/utils/statscounter.py:325]
[INFO] 2025-05-05T16:44:02.309045 Rank 0 step 159 processed 5 samples in 6.773585081100464 s [/mnt/ioopt/appbench/apps/MLPerf-storage/dlio_benchmark/dlio_benchmark/utils/statscounter.py:325]
[INFO] 2025-05-05T16:44:02.638560 Rank 0 step 160 processed 5 samples in 0.32864999771118164 s [/mnt/ioopt/appbench/apps/MLPerf-storage/dlio_benchmark/dlio_benchmark/utils/statscounter.py:325]
[INFO] 2025-05-05T16:44:02.967304 Rank 0 step 161 processed 5 samples in 0.3282811641693115 s [/mnt/ioopt/appbench/apps/MLPerf-storage/dlio_benchmark/dlio_benchmark/utils/statscounter.py:325]
[INFO] 2025-05-05T16:44:04.251860 Rank 0 step 162 processed 5 samples in 1.2840986251831055 s [/mnt/ioopt/appbench/apps/MLPerf-storage/dlio_benchmark/dlio_benchmark/utils/statscounter.py:325]
[INFO] 2025-05-05T16:44:04.582309 Rank 0 step 163 processed 5 samples in 0.3299686908721924 s [/mnt/ioopt/appbench/apps/MLPerf-storage/dlio_benchmark/dlio_benchmark/utils/statscounter.py:325]
[INFO] 2025-05-05T16:44:09.858571 Rank 0 step 164 processed 5 samples in 5.275806903839111 s [/mnt/ioopt/appbench/apps/MLPerf-storage/dlio_benchmark/dlio_benchmark/utils/statscounter.py:325]
[INFO] 2025-05-05T16:44:10.187458 Rank 0 step 165 processed 5 samples in 0.32834529876708984 s [/mnt/ioopt/appbench/apps/MLPerf-storage/dlio_benchmark/dlio_benchmark/utils/statscounter.py:325]
[INFO] 2025-05-05T16:44:10.856523 Rank 0 step 166 processed 5 samples in 0.6685781478881836 s [/mnt/ioopt/appbench/apps/MLPerf-storage/dlio_benchmark/dlio_benchmark/utils/statscounter.py:325]
[INFO] 2025-05-05T16:44:20.219452 Rank 0 step 167 processed 5 samples in 9.362399578094482 s [/mnt/ioopt/appbench/apps/MLPerf-storage/dlio_benchmark/dlio_benchmark/utils/statscounter.py:325]
[INFO] 2025-05-05T16:44:20.548539 Rank 0 step 168 processed 5 samples in 0.32857251167297363 s [/mnt/ioopt/appbench/apps/MLPerf-storage/dlio_benchmark/dlio_benchmark/utils/statscounter.py:325]
[INFO] 2025-05-05T16:44:20.877877 Rank 0 step 169 processed 5 samples in 0.3288745880126953 s [/mnt/ioopt/appbench/apps/MLPerf-storage/dlio_benchmark/dlio_benchmark/utils/statscounter.py:325]
[INFO] 2025-05-05T16:44:21.206955 Rank 0 step 170 processed 5 samples in 0.32856297492980957 s [/mnt/ioopt/appbench/apps/MLPerf-storage/dlio_benchmark/dlio_benchmark/utils/statscounter.py:325]
[INFO] 2025-05-05T16:44:23.284960 Rank 0 step 171 processed 5 samples in 2.077559232711792 s [/mnt/ioopt/appbench/apps/MLPerf-storage/dlio_benchmark/dlio_benchmark/utils/statscounter.py:325]
[INFO] 2025-05-05T16:44:29.103139 Rank 0 step 172 processed 5 samples in 5.817698001861572 s [/mnt/ioopt/appbench/apps/MLPerf-storage/dlio_benchmark/dlio_benchmark/utils/statscounter.py:325]
[INFO] 2025-05-05T16:44:29.432728 Rank 0 step 173 processed 5 samples in 0.3288726806640625 s [/mnt/ioopt/appbench/apps/MLPerf-storage/dlio_benchmark/dlio_benchmark/utils/statscounter.py:325]
[INFO] 2025-05-05T16:44:29.761866 Rank 0 step 174 processed 5 samples in 0.32865142822265625 s [/mnt/ioopt/appbench/apps/MLPerf-storage/dlio_benchmark/dlio_benchmark/utils/statscounter.py:325]
[INFO] 2025-05-05T16:44:37.720542 Rank 0 step 175 processed 5 samples in 7.95804238319397 s [/mnt/ioopt/appbench/apps/MLPerf-storage/dlio_benchmark/dlio_benchmark/utils/statscounter.py:325]
[INFO] 2025-05-05T16:44:38.049702 Rank 0 step 176 processed 5 samples in 0.3286459445953369 s [/mnt/ioopt/appbench/apps/MLPerf-storage/dlio_benchmark/dlio_benchmark/utils/statscounter.py:325]
[INFO] 2025-05-05T16:44:38.378490 Rank 0 step 177 processed 5 samples in 0.32831311225891113 s [/mnt/ioopt/appbench/apps/MLPerf-storage/dlio_benchmark/dlio_benchmark/utils/statscounter.py:325]
[INFO] 2025-05-05T16:44:38.707558 Rank 0 step 178 processed 5 samples in 0.32862114906311035 s [/mnt/ioopt/appbench/apps/MLPerf-storage/dlio_benchmark/dlio_benchmark/utils/statscounter.py:325]
[INFO] 2025-05-05T16:44:39.038172 Rank 0 step 179 processed 5 samples in 0.330167293548584 s [/mnt/ioopt/appbench/apps/MLPerf-storage/dlio_benchmark/dlio_benchmark/utils/statscounter.py:325]
[INFO] 2025-05-05T16:44:43.654791 Rank 0 step 180 processed 5 samples in 4.6161370277404785 s [/mnt/ioopt/appbench/apps/MLPerf-storage/dlio_benchmark/dlio_benchmark/utils/statscounter.py:325]
[INFO] 2025-05-05T16:44:43.983845 Rank 0 step 181 processed 5 samples in 0.3285245895385742 s [/mnt/ioopt/appbench/apps/MLPerf-storage/dlio_benchmark/dlio_benchmark/utils/statscounter.py:325]
[INFO] 2025-05-05T16:44:45.937234 Rank 0 step 182 processed 5 samples in 1.9529035091400146 s [/mnt/ioopt/appbench/apps/MLPerf-storage/dlio_benchmark/dlio_benchmark/utils/statscounter.py:325]
[INFO] 2025-05-05T16:44:54.756068 Rank 0 step 183 processed 5 samples in 8.81837010383606 s [/mnt/ioopt/appbench/apps/MLPerf-storage/dlio_benchmark/dlio_benchmark/utils/statscounter.py:325]
[INFO] 2025-05-05T16:44:55.084963 Rank 0 step 184 processed 5 samples in 0.3283672332763672 s [/mnt/ioopt/appbench/apps/MLPerf-storage/dlio_benchmark/dlio_benchmark/utils/statscounter.py:325]
[INFO] 2025-05-05T16:44:55.413905 Rank 0 step 185 processed 5 samples in 0.3284745216369629 s [/mnt/ioopt/appbench/apps/MLPerf-storage/dlio_benchmark/dlio_benchmark/utils/statscounter.py:325]
[INFO] 2025-05-05T16:44:55.744992 Rank 0 step 186 processed 5 samples in 0.3306453227996826 s [/mnt/ioopt/appbench/apps/MLPerf-storage/dlio_benchmark/dlio_benchmark/utils/statscounter.py:325]
[INFO] 2025-05-05T16:44:57.298794 Rank 0 step 187 processed 5 samples in 1.5533053874969482 s [/mnt/ioopt/appbench/apps/MLPerf-storage/dlio_benchmark/dlio_benchmark/utils/statscounter.py:325]
[INFO] 2025-05-05T16:44:59.592582 Rank 0 step 188 processed 5 samples in 2.2932288646698 s [/mnt/ioopt/appbench/apps/MLPerf-storage/dlio_benchmark/dlio_benchmark/utils/statscounter.py:325]
[INFO] 2025-05-05T16:45:02.825444 Rank 0 step 189 processed 5 samples in 3.2323670387268066 s [/mnt/ioopt/appbench/apps/MLPerf-storage/dlio_benchmark/dlio_benchmark/utils/statscounter.py:325]
[INFO] 2025-05-05T16:45:04.922688 Rank 0 step 190 processed 5 samples in 2.0967109203338623 s [/mnt/ioopt/appbench/apps/MLPerf-storage/dlio_benchmark/dlio_benchmark/utils/statscounter.py:325]
[INFO] 2025-05-05T16:45:10.639706 Rank 0 step 191 processed 5 samples in 5.7164905071258545 s [/mnt/ioopt/appbench/apps/MLPerf-storage/dlio_benchmark/dlio_benchmark/utils/statscounter.py:325]
[INFO] 2025-05-05T16:45:11.483776 Rank 0 step 192 processed 5 samples in 0.8435168266296387 s [/mnt/ioopt/appbench/apps/MLPerf-storage/dlio_benchmark/dlio_benchmark/utils/statscounter.py:325]
[INFO] 2025-05-05T16:45:17.782682 Rank 0 step 193 processed 5 samples in 6.298410177230835 s [/mnt/ioopt/appbench/apps/MLPerf-storage/dlio_benchmark/dlio_benchmark/utils/statscounter.py:325]
[INFO] 2025-05-05T16:45:18.111974 Rank 0 step 194 processed 5 samples in 0.32872915267944336 s [/mnt/ioopt/appbench/apps/MLPerf-storage/dlio_benchmark/dlio_benchmark/utils/statscounter.py:325]
[INFO] 2025-05-05T16:45:20.370753 Rank 0 step 195 processed 5 samples in 2.2583112716674805 s [/mnt/ioopt/appbench/apps/MLPerf-storage/dlio_benchmark/dlio_benchmark/utils/statscounter.py:325]
[INFO] 2025-05-05T16:45:20.699774 Rank 0 step 196 processed 5 samples in 0.3285238742828369 s [/mnt/ioopt/appbench/apps/MLPerf-storage/dlio_benchmark/dlio_benchmark/utils/statscounter.py:325]
[INFO] 2025-05-05T16:45:23.150084 Rank 0 step 197 processed 5 samples in 2.449894428253174 s [/mnt/ioopt/appbench/apps/MLPerf-storage/dlio_benchmark/dlio_benchmark/utils/statscounter.py:325]
[INFO] 2025-05-05T16:45:24.814526 Rank 0 step 198 processed 5 samples in 1.663926362991333 s [/mnt/ioopt/appbench/apps/MLPerf-storage/dlio_benchmark/dlio_benchmark/utils/statscounter.py:325]
[INFO] 2025-05-05T16:45:25.143558 Rank 0 step 199 processed 5 samples in 0.32855820655822754 s [/mnt/ioopt/appbench/apps/MLPerf-storage/dlio_benchmark/dlio_benchmark/utils/statscounter.py:325]
[INFO] 2025-05-05T16:45:32.865233 Rank 0 step 200 processed 5 samples in 7.721240758895874 s [/mnt/ioopt/appbench/apps/MLPerf-storage/dlio_benchmark/dlio_benchmark/utils/statscounter.py:325]
[INFO] 2025-05-05T16:45:37.249612 Rank 0 step 201 processed 5 samples in 4.383214473724365 s [/mnt/ioopt/appbench/apps/MLPerf-storage/dlio_benchmark/dlio_benchmark/utils/statscounter.py:325]
[INFO] 2025-05-05T16:45:37.578715 Rank 0 step 202 processed 5 samples in 0.32860779762268066 s [/mnt/ioopt/appbench/apps/MLPerf-storage/dlio_benchmark/dlio_benchmark/utils/statscounter.py:325]
[INFO] 2025-05-05T16:45:38.476743 Rank 0 step 203 processed 5 samples in 0.8975503444671631 s [/mnt/ioopt/appbench/apps/MLPerf-storage/dlio_benchmark/dlio_benchmark/utils/statscounter.py:325]
[INFO] 2025-05-05T16:45:41.409182 Rank 0 step 204 processed 5 samples in 2.9319281578063965 s [/mnt/ioopt/appbench/apps/MLPerf-storage/dlio_benchmark/dlio_benchmark/utils/statscounter.py:325]
[INFO] 2025-05-05T16:45:41.738431 Rank 0 step 205 processed 5 samples in 0.3287222385406494 s [/mnt/ioopt/appbench/apps/MLPerf-storage/dlio_benchmark/dlio_benchmark/utils/statscounter.py:325]
[INFO] 2025-05-05T16:45:43.228870 Rank 0 step 206 processed 5 samples in 1.4899306297302246 s [/mnt/ioopt/appbench/apps/MLPerf-storage/dlio_benchmark/dlio_benchmark/utils/statscounter.py:325]
[INFO] 2025-05-05T16:45:43.560292 Rank 0 step 207 processed 5 samples in 0.33095741271972656 s [/mnt/ioopt/appbench/apps/MLPerf-storage/dlio_benchmark/dlio_benchmark/utils/statscounter.py:325]
[INFO] 2025-05-05T16:45:47.823012 Rank 0 step 208 processed 5 samples in 4.262195110321045 s [/mnt/ioopt/appbench/apps/MLPerf-storage/dlio_benchmark/dlio_benchmark/utils/statscounter.py:325]
[INFO] 2025-05-05T16:45:52.837884 Rank 0 step 209 processed 5 samples in 5.014308214187622 s [/mnt/ioopt/appbench/apps/MLPerf-storage/dlio_benchmark/dlio_benchmark/utils/statscounter.py:325]
[INFO] 2025-05-05T16:45:54.739433 Rank 0 step 210 processed 5 samples in 1.9010417461395264 s [/mnt/ioopt/appbench/apps/MLPerf-storage/dlio_benchmark/dlio_benchmark/utils/statscounter.py:325]
[INFO] 2025-05-05T16:45:55.070098 Rank 0 step 211 processed 5 samples in 0.3301658630371094 s [/mnt/ioopt/appbench/apps/MLPerf-storage/dlio_benchmark/dlio_benchmark/utils/statscounter.py:325]
[INFO] 2025-05-05T16:46:00.675693 Rank 0 step 212 processed 5 samples in 5.605125904083252 s [/mnt/ioopt/appbench/apps/MLPerf-storage/dlio_benchmark/dlio_benchmark/utils/statscounter.py:325]
[INFO] 2025-05-05T16:46:01.614254 Rank 0 step 213 processed 5 samples in 0.9380514621734619 s [/mnt/ioopt/appbench/apps/MLPerf-storage/dlio_benchmark/dlio_benchmark/utils/statscounter.py:325]
[INFO] 2025-05-05T16:46:01.944418 Rank 0 step 214 processed 5 samples in 0.3296787738800049 s [/mnt/ioopt/appbench/apps/MLPerf-storage/dlio_benchmark/dlio_benchmark/utils/statscounter.py:325]
[INFO] 2025-05-05T16:46:02.273635 Rank 0 step 215 processed 5 samples in 0.3287038803100586 s [/mnt/ioopt/appbench/apps/MLPerf-storage/dlio_benchmark/dlio_benchmark/utils/statscounter.py:325]
[INFO] 2025-05-05T16:46:03.650109 Rank 0 step 216 processed 5 samples in 1.376006841659546 s [/mnt/ioopt/appbench/apps/MLPerf-storage/dlio_benchmark/dlio_benchmark/utils/statscounter.py:325]
[INFO] 2025-05-05T16:46:07.333479 Rank 0 step 217 processed 5 samples in 3.6829073429107666 s [/mnt/ioopt/appbench/apps/MLPerf-storage/dlio_benchmark/dlio_benchmark/utils/statscounter.py:325]
[INFO] 2025-05-05T16:46:15.600720 Rank 0 step 218 processed 5 samples in 8.26673173904419 s [/mnt/ioopt/appbench/apps/MLPerf-storage/dlio_benchmark/dlio_benchmark/utils/statscounter.py:325]
[INFO] 2025-05-05T16:46:15.929922 Rank 0 step 219 processed 5 samples in 0.3286921977996826 s [/mnt/ioopt/appbench/apps/MLPerf-storage/dlio_benchmark/dlio_benchmark/utils/statscounter.py:325]
[INFO] 2025-05-05T16:46:19.659947 Rank 0 step 220 processed 5 samples in 3.7295589447021484 s [/mnt/ioopt/appbench/apps/MLPerf-storage/dlio_benchmark/dlio_benchmark/utils/statscounter.py:325]
[INFO] 2025-05-05T16:46:20.404687 Rank 0 step 221 processed 5 samples in 0.7442562580108643 s [/mnt/ioopt/appbench/apps/MLPerf-storage/dlio_benchmark/dlio_benchmark/utils/statscounter.py:325]
[INFO] 2025-05-05T16:46:20.733675 Rank 0 step 222 processed 5 samples in 0.32845091819763184 s [/mnt/ioopt/appbench/apps/MLPerf-storage/dlio_benchmark/dlio_benchmark/utils/statscounter.py:325]
[INFO] 2025-05-05T16:46:21.062952 Rank 0 step 223 processed 5 samples in 0.3287529945373535 s [/mnt/ioopt/appbench/apps/MLPerf-storage/dlio_benchmark/dlio_benchmark/utils/statscounter.py:325]
[INFO] 2025-05-05T16:46:21.391898 Rank 0 step 224 processed 5 samples in 0.32846832275390625 s [/mnt/ioopt/appbench/apps/MLPerf-storage/dlio_benchmark/dlio_benchmark/utils/statscounter.py:325]
[INFO] 2025-05-05T16:46:23.114285 Rank 0 step 225 processed 5 samples in 1.7219269275665283 s [/mnt/ioopt/appbench/apps/MLPerf-storage/dlio_benchmark/dlio_benchmark/utils/statscounter.py:325]
[INFO] 2025-05-05T16:46:37.651288 Rank 0 step 226 processed 5 samples in 14.53646469116211 s [/mnt/ioopt/appbench/apps/MLPerf-storage/dlio_benchmark/dlio_benchmark/utils/statscounter.py:325]
[INFO] 2025-05-05T16:46:37.980212 Rank 0 step 227 processed 5 samples in 0.32842278480529785 s [/mnt/ioopt/appbench/apps/MLPerf-storage/dlio_benchmark/dlio_benchmark/utils/statscounter.py:325]
[INFO] 2025-05-05T16:46:38.549089 Rank 0 step 228 processed 5 samples in 0.5683202743530273 s [/mnt/ioopt/appbench/apps/MLPerf-storage/dlio_benchmark/dlio_benchmark/utils/statscounter.py:325]
[INFO] 2025-05-05T16:46:38.879238 Rank 0 step 229 processed 5 samples in 0.32897114753723145 s [/mnt/ioopt/appbench/apps/MLPerf-storage/dlio_benchmark/dlio_benchmark/utils/statscounter.py:325]
[INFO] 2025-05-05T16:46:40.770377 Rank 0 step 230 processed 5 samples in 1.8906078338623047 s [/mnt/ioopt/appbench/apps/MLPerf-storage/dlio_benchmark/dlio_benchmark/utils/statscounter.py:325]
[INFO] 2025-05-05T16:46:41.097447 Rank 0 step 231 processed 5 samples in 0.32665538787841797 s [/mnt/ioopt/appbench/apps/MLPerf-storage/dlio_benchmark/dlio_benchmark/utils/statscounter.py:325]
[INFO] 2025-05-05T16:46:41.847466 Rank 0 step 232 processed 5 samples in 0.7494497299194336 s [/mnt/ioopt/appbench/apps/MLPerf-storage/dlio_benchmark/dlio_benchmark/utils/statscounter.py:325]
[INFO] 2025-05-05T16:46:43.168664 Rank 0 step 233 processed 5 samples in 1.320702075958252 s [/mnt/ioopt/appbench/apps/MLPerf-storage/dlio_benchmark/dlio_benchmark/utils/statscounter.py:325]
[INFO] 2025-05-05T16:46:54.896631 Rank 0 step 234 processed 5 samples in 11.651672840118408 s [/mnt/ioopt/appbench/apps/MLPerf-storage/dlio_benchmark/dlio_benchmark/utils/statscounter.py:325]
[INFO] 2025-05-05T16:46:55.228302 Rank 0 step 235 processed 5 samples in 0.3311469554901123 s [/mnt/ioopt/appbench/apps/MLPerf-storage/dlio_benchmark/dlio_benchmark/utils/statscounter.py:325]
[INFO] 2025-05-05T16:46:55.558074 Rank 0 step 236 processed 5 samples in 0.32924747467041016 s [/mnt/ioopt/appbench/apps/MLPerf-storage/dlio_benchmark/dlio_benchmark/utils/statscounter.py:325]
[INFO] 2025-05-05T16:46:57.891966 Rank 0 step 237 processed 5 samples in 2.3332901000976562 s [/mnt/ioopt/appbench/apps/MLPerf-storage/dlio_benchmark/dlio_benchmark/utils/statscounter.py:325]
[INFO] 2025-05-05T16:46:58.738889 Rank 0 step 238 processed 5 samples in 0.8463995456695557 s [/mnt/ioopt/appbench/apps/MLPerf-storage/dlio_benchmark/dlio_benchmark/utils/statscounter.py:325]
[INFO] 2025-05-05T16:47:00.615820 Rank 0 step 239 processed 5 samples in 1.8764376640319824 s [/mnt/ioopt/appbench/apps/MLPerf-storage/dlio_benchmark/dlio_benchmark/utils/statscounter.py:325]
[INFO] 2025-05-05T16:47:03.167549 Rank 0 step 240 processed 5 samples in 2.55118727684021 s [/mnt/ioopt/appbench/apps/MLPerf-storage/dlio_benchmark/dlio_benchmark/utils/statscounter.py:325]
[INFO] 2025-05-05T16:47:03.527045 Rank 0 step 241 processed 5 samples in 0.3590128421783447 s [/mnt/ioopt/appbench/apps/MLPerf-storage/dlio_benchmark/dlio_benchmark/utils/statscounter.py:325]
[INFO] 2025-05-05T16:47:17.389062 Rank 0 step 242 processed 5 samples in 13.86168098449707 s [/mnt/ioopt/appbench/apps/MLPerf-storage/dlio_benchmark/dlio_benchmark/utils/statscounter.py:325]
[INFO] 2025-05-05T16:47:17.990074 Rank 0 step 243 processed 5 samples in 0.6005198955535889 s [/mnt/ioopt/appbench/apps/MLPerf-storage/dlio_benchmark/dlio_benchmark/utils/statscounter.py:325]
[INFO] 2025-05-05T16:47:18.319223 Rank 0 step 244 processed 5 samples in 0.3286256790161133 s [/mnt/ioopt/appbench/apps/MLPerf-storage/dlio_benchmark/dlio_benchmark/utils/statscounter.py:325]
[INFO] 2025-05-05T16:47:18.648172 Rank 0 step 245 processed 5 samples in 0.32843589782714844 s [/mnt/ioopt/appbench/apps/MLPerf-storage/dlio_benchmark/dlio_benchmark/utils/statscounter.py:325]
[INFO] 2025-05-05T16:47:18.979959 Rank 0 step 246 processed 5 samples in 0.3313133716583252 s [/mnt/ioopt/appbench/apps/MLPerf-storage/dlio_benchmark/dlio_benchmark/utils/statscounter.py:325]
[INFO] 2025-05-05T16:47:19.308838 Rank 0 step 247 processed 5 samples in 0.3283958435058594 s [/mnt/ioopt/appbench/apps/MLPerf-storage/dlio_benchmark/dlio_benchmark/utils/statscounter.py:325]
[INFO] 2025-05-05T16:47:20.873752 Rank 0 step 248 processed 5 samples in 1.564436912536621 s [/mnt/ioopt/appbench/apps/MLPerf-storage/dlio_benchmark/dlio_benchmark/utils/statscounter.py:325]
[INFO] 2025-05-05T16:47:21.202894 Rank 0 step 249 processed 5 samples in 0.3286404609680176 s [/mnt/ioopt/appbench/apps/MLPerf-storage/dlio_benchmark/dlio_benchmark/utils/statscounter.py:325]
[INFO] 2025-05-05T16:47:37.434474 Rank 0 step 250 processed 5 samples in 16.231058359146118 s [/mnt/ioopt/appbench/apps/MLPerf-storage/dlio_benchmark/dlio_benchmark/utils/statscounter.py:325]
[INFO] 2025-05-05T16:47:37.763617 Rank 0 step 251 processed 5 samples in 0.3286471366882324 s [/mnt/ioopt/appbench/apps/MLPerf-storage/dlio_benchmark/dlio_benchmark/utils/statscounter.py:325]
[INFO] 2025-05-05T16:47:38.092317 Rank 0 step 252 processed 5 samples in 0.3282358646392822 s [/mnt/ioopt/appbench/apps/MLPerf-storage/dlio_benchmark/dlio_benchmark/utils/statscounter.py:325]
[INFO] 2025-05-05T16:47:38.424749 Rank 0 step 253 processed 5 samples in 0.3319969177246094 s [/mnt/ioopt/appbench/apps/MLPerf-storage/dlio_benchmark/dlio_benchmark/utils/statscounter.py:325]
[INFO] 2025-05-05T16:47:38.759737 Rank 0 step 254 processed 5 samples in 0.33440065383911133 s [/mnt/ioopt/appbench/apps/MLPerf-storage/dlio_benchmark/dlio_benchmark/utils/statscounter.py:325]
[INFO] 2025-05-05T16:47:39.088656 Rank 0 step 255 processed 5 samples in 0.3284585475921631 s [/mnt/ioopt/appbench/apps/MLPerf-storage/dlio_benchmark/dlio_benchmark/utils/statscounter.py:325]
[INFO] 2025-05-05T16:47:39.416112 Rank 0 step 256 processed 5 samples in 0.32703113555908203 s [/mnt/ioopt/appbench/apps/MLPerf-storage/dlio_benchmark/dlio_benchmark/utils/statscounter.py:325]
[INFO] 2025-05-05T16:47:39.745066 Rank 0 step 257 processed 5 samples in 0.3284146785736084 s [/mnt/ioopt/appbench/apps/MLPerf-storage/dlio_benchmark/dlio_benchmark/utils/statscounter.py:325]
[INFO] 2025-05-05T16:47:54.314906 Rank 0 step 258 processed 5 samples in 14.569336414337158 s [/mnt/ioopt/appbench/apps/MLPerf-storage/dlio_benchmark/dlio_benchmark/utils/statscounter.py:325]
[INFO] 2025-05-05T16:47:54.642662 Rank 0 step 259 processed 5 samples in 0.32660889625549316 s [/mnt/ioopt/appbench/apps/MLPerf-storage/dlio_benchmark/dlio_benchmark/utils/statscounter.py:325]
[INFO] 2025-05-05T16:47:54.971276 Rank 0 step 260 processed 5 samples in 0.3281443119049072 s [/mnt/ioopt/appbench/apps/MLPerf-storage/dlio_benchmark/dlio_benchmark/utils/statscounter.py:325]
[INFO] 2025-05-05T16:47:55.819883 Rank 0 step 261 processed 5 samples in 0.8481802940368652 s [/mnt/ioopt/appbench/apps/MLPerf-storage/dlio_benchmark/dlio_benchmark/utils/statscounter.py:325]
[INFO] 2025-05-05T16:47:56.148786 Rank 0 step 262 processed 5 samples in 0.3283846378326416 s [/mnt/ioopt/appbench/apps/MLPerf-storage/dlio_benchmark/dlio_benchmark/utils/statscounter.py:325]
[INFO] 2025-05-05T16:47:56.477463 Rank 0 step 263 processed 5 samples in 0.3281979560852051 s [/mnt/ioopt/appbench/apps/MLPerf-storage/dlio_benchmark/dlio_benchmark/utils/statscounter.py:325]
[INFO] 2025-05-05T16:47:58.643627 Rank 0 step 264 processed 5 samples in 2.165680170059204 s [/mnt/ioopt/appbench/apps/MLPerf-storage/dlio_benchmark/dlio_benchmark/utils/statscounter.py:325]
[INFO] 2025-05-05T16:47:58.972421 Rank 0 step 265 processed 5 samples in 0.3283102512359619 s [/mnt/ioopt/appbench/apps/MLPerf-storage/dlio_benchmark/dlio_benchmark/utils/statscounter.py:325]
[INFO] 2025-05-05T16:48:08.297548 Rank 0 step 266 processed 5 samples in 9.324681282043457 s [/mnt/ioopt/appbench/apps/MLPerf-storage/dlio_benchmark/dlio_benchmark/utils/statscounter.py:325]
[INFO] 2025-05-05T16:48:08.626677 Rank 0 step 267 processed 5 samples in 0.3286271095275879 s [/mnt/ioopt/appbench/apps/MLPerf-storage/dlio_benchmark/dlio_benchmark/utils/statscounter.py:325]
[INFO] 2025-05-05T16:48:08.955812 Rank 0 step 268 processed 5 samples in 0.32858729362487793 s [/mnt/ioopt/appbench/apps/MLPerf-storage/dlio_benchmark/dlio_benchmark/utils/statscounter.py:325]
[INFO] 2025-05-05T16:48:15.540308 Rank 0 step 269 processed 5 samples in 6.584004878997803 s [/mnt/ioopt/appbench/apps/MLPerf-storage/dlio_benchmark/dlio_benchmark/utils/statscounter.py:325]
[INFO] 2025-05-05T16:48:15.869322 Rank 0 step 270 processed 5 samples in 0.3284766674041748 s [/mnt/ioopt/appbench/apps/MLPerf-storage/dlio_benchmark/dlio_benchmark/utils/statscounter.py:325]
[INFO] 2025-05-05T16:48:16.198329 Rank 0 step 271 processed 5 samples in 0.32853269577026367 s [/mnt/ioopt/appbench/apps/MLPerf-storage/dlio_benchmark/dlio_benchmark/utils/statscounter.py:325]
[INFO] 2025-05-05T16:48:17.184677 Rank 0 step 272 processed 5 samples in 0.9858601093292236 s [/mnt/ioopt/appbench/apps/MLPerf-storage/dlio_benchmark/dlio_benchmark/utils/statscounter.py:325]
[INFO] 2025-05-05T16:48:17.513644 Rank 0 step 273 processed 5 samples in 0.3284733295440674 s [/mnt/ioopt/appbench/apps/MLPerf-storage/dlio_benchmark/dlio_benchmark/utils/statscounter.py:325]
[INFO] 2025-05-05T16:48:26.778511 Rank 0 step 274 processed 5 samples in 9.264371633529663 s [/mnt/ioopt/appbench/apps/MLPerf-storage/dlio_benchmark/dlio_benchmark/utils/statscounter.py:325]
[INFO] 2025-05-05T16:48:27.107950 Rank 0 step 275 processed 5 samples in 0.32892489433288574 s [/mnt/ioopt/appbench/apps/MLPerf-storage/dlio_benchmark/dlio_benchmark/utils/statscounter.py:325]
[INFO] 2025-05-05T16:48:27.437258 Rank 0 step 276 processed 5 samples in 0.328838586807251 s [/mnt/ioopt/appbench/apps/MLPerf-storage/dlio_benchmark/dlio_benchmark/utils/statscounter.py:325]
[INFO] 2025-05-05T16:48:31.409809 Rank 0 step 277 processed 5 samples in 3.9720470905303955 s [/mnt/ioopt/appbench/apps/MLPerf-storage/dlio_benchmark/dlio_benchmark/utils/statscounter.py:325]
[INFO] 2025-05-05T16:48:32.947069 Rank 0 step 278 processed 5 samples in 1.5367441177368164 s [/mnt/ioopt/appbench/apps/MLPerf-storage/dlio_benchmark/dlio_benchmark/utils/statscounter.py:325]
[INFO] 2025-05-05T16:48:33.272913 Rank 0 step 279 processed 5 samples in 0.32552671432495117 s [/mnt/ioopt/appbench/apps/MLPerf-storage/dlio_benchmark/dlio_benchmark/utils/statscounter.py:325]
[INFO] 2025-05-05T16:48:35.042365 Rank 0 step 280 processed 5 samples in 1.7691760063171387 s [/mnt/ioopt/appbench/apps/MLPerf-storage/dlio_benchmark/dlio_benchmark/utils/statscounter.py:325]
[INFO] 2025-05-05T16:48:39.428761 Rank 0 step 281 processed 5 samples in 4.385926961898804 s [/mnt/ioopt/appbench/apps/MLPerf-storage/dlio_benchmark/dlio_benchmark/utils/statscounter.py:325]
[INFO] 2025-05-05T16:48:46.748983 Rank 0 step 282 processed 5 samples in 7.319713830947876 s [/mnt/ioopt/appbench/apps/MLPerf-storage/dlio_benchmark/dlio_benchmark/utils/statscounter.py:325]
[INFO] 2025-05-05T16:48:47.077859 Rank 0 step 283 processed 5 samples in 0.3283851146697998 s [/mnt/ioopt/appbench/apps/MLPerf-storage/dlio_benchmark/dlio_benchmark/utils/statscounter.py:325]
[INFO] 2025-05-05T16:48:47.406864 Rank 0 step 284 processed 5 samples in 0.328568696975708 s [/mnt/ioopt/appbench/apps/MLPerf-storage/dlio_benchmark/dlio_benchmark/utils/statscounter.py:325]
[INFO] 2025-05-05T16:48:47.735541 Rank 0 step 285 processed 5 samples in 0.32822728157043457 s [/mnt/ioopt/appbench/apps/MLPerf-storage/dlio_benchmark/dlio_benchmark/utils/statscounter.py:325]
[INFO] 2025-05-05T16:48:48.394391 Rank 0 step 286 processed 5 samples in 0.6584205627441406 s [/mnt/ioopt/appbench/apps/MLPerf-storage/dlio_benchmark/dlio_benchmark/utils/statscounter.py:325]
[INFO] 2025-05-05T16:48:52.617712 Rank 0 step 287 processed 5 samples in 4.222842216491699 s [/mnt/ioopt/appbench/apps/MLPerf-storage/dlio_benchmark/dlio_benchmark/utils/statscounter.py:325]
[INFO] 2025-05-05T16:48:53.853576 Rank 0 step 288 processed 5 samples in 1.2353219985961914 s [/mnt/ioopt/appbench/apps/MLPerf-storage/dlio_benchmark/dlio_benchmark/utils/statscounter.py:325]
[INFO] 2025-05-05T16:49:00.504654 Rank 0 step 289 processed 5 samples in 6.6505372524261475 s [/mnt/ioopt/appbench/apps/MLPerf-storage/dlio_benchmark/dlio_benchmark/utils/statscounter.py:325]
[INFO] 2025-05-05T16:49:04.892080 Rank 0 step 290 processed 5 samples in 4.386754751205444 s [/mnt/ioopt/appbench/apps/MLPerf-storage/dlio_benchmark/dlio_benchmark/utils/statscounter.py:325]
[INFO] 2025-05-05T16:49:07.024245 Rank 0 step 291 processed 5 samples in 2.1315643787384033 s [/mnt/ioopt/appbench/apps/MLPerf-storage/dlio_benchmark/dlio_benchmark/utils/statscounter.py:325]
[INFO] 2025-05-05T16:49:07.350934 Rank 0 step 292 processed 5 samples in 0.3261277675628662 s [/mnt/ioopt/appbench/apps/MLPerf-storage/dlio_benchmark/dlio_benchmark/utils/statscounter.py:325]
[INFO] 2025-05-05T16:49:07.678483 Rank 0 step 293 processed 5 samples in 0.32698965072631836 s [/mnt/ioopt/appbench/apps/MLPerf-storage/dlio_benchmark/dlio_benchmark/utils/statscounter.py:325]
[INFO] 2025-05-05T16:49:08.007667 Rank 0 step 294 processed 5 samples in 0.32863783836364746 s [/mnt/ioopt/appbench/apps/MLPerf-storage/dlio_benchmark/dlio_benchmark/utils/statscounter.py:325]
[INFO] 2025-05-05T16:49:08.689858 Rank 0 step 295 processed 5 samples in 0.6817009449005127 s [/mnt/ioopt/appbench/apps/MLPerf-storage/dlio_benchmark/dlio_benchmark/utils/statscounter.py:325]
[INFO] 2025-05-05T16:49:11.249077 Rank 0 step 296 processed 5 samples in 2.5587353706359863 s [/mnt/ioopt/appbench/apps/MLPerf-storage/dlio_benchmark/dlio_benchmark/utils/statscounter.py:325]
[INFO] 2025-05-05T16:49:15.177062 Rank 0 step 297 processed 5 samples in 3.9274916648864746 s [/mnt/ioopt/appbench/apps/MLPerf-storage/dlio_benchmark/dlio_benchmark/utils/statscounter.py:325]
[INFO] 2025-05-05T16:49:21.029947 Rank 0 step 298 processed 5 samples in 5.852389812469482 s [/mnt/ioopt/appbench/apps/MLPerf-storage/dlio_benchmark/dlio_benchmark/utils/statscounter.py:325]
[INFO] 2025-05-05T16:49:22.785901 Rank 0 step 299 processed 5 samples in 1.6505696773529053 s [/mnt/ioopt/appbench/apps/MLPerf-storage/dlio_benchmark/dlio_benchmark/utils/statscounter.py:325]
[INFO] 2025-05-05T16:49:26.945241 Rank 0 step 300 processed 5 samples in 4.158869981765747 s [/mnt/ioopt/appbench/apps/MLPerf-storage/dlio_benchmark/dlio_benchmark/utils/statscounter.py:325]
[INFO] 2025-05-05T16:49:27.274432 Rank 0 step 301 processed 5 samples in 0.32866525650024414 s [/mnt/ioopt/appbench/apps/MLPerf-storage/dlio_benchmark/dlio_benchmark/utils/statscounter.py:325]
[INFO] 2025-05-05T16:49:28.480959 Rank 0 step 302 processed 5 samples in 1.2060060501098633 s [/mnt/ioopt/appbench/apps/MLPerf-storage/dlio_benchmark/dlio_benchmark/utils/statscounter.py:325]
[INFO] 2025-05-05T16:49:28.810152 Rank 0 step 303 processed 5 samples in 0.32869958877563477 s [/mnt/ioopt/appbench/apps/MLPerf-storage/dlio_benchmark/dlio_benchmark/utils/statscounter.py:325]
[INFO] 2025-05-05T16:49:29.139141 Rank 0 step 304 processed 5 samples in 0.32849812507629395 s [/mnt/ioopt/appbench/apps/MLPerf-storage/dlio_benchmark/dlio_benchmark/utils/statscounter.py:325]
[INFO] 2025-05-05T16:49:30.432166 Rank 0 step 305 processed 5 samples in 1.2925398349761963 s [/mnt/ioopt/appbench/apps/MLPerf-storage/dlio_benchmark/dlio_benchmark/utils/statscounter.py:325]
[INFO] 2025-05-05T16:49:38.077673 Rank 0 step 306 processed 5 samples in 7.6449875831604 s [/mnt/ioopt/appbench/apps/MLPerf-storage/dlio_benchmark/dlio_benchmark/utils/statscounter.py:325]
[INFO] 2025-05-05T16:49:40.444527 Rank 0 step 307 processed 5 samples in 2.366342782974243 s [/mnt/ioopt/appbench/apps/MLPerf-storage/dlio_benchmark/dlio_benchmark/utils/statscounter.py:325]
[INFO] 2025-05-05T16:49:44.396698 Rank 0 step 308 processed 5 samples in 3.9516873359680176 s [/mnt/ioopt/appbench/apps/MLPerf-storage/dlio_benchmark/dlio_benchmark/utils/statscounter.py:325]
[INFO] 2025-05-05T16:49:44.725733 Rank 0 step 309 processed 5 samples in 0.3284323215484619 s [/mnt/ioopt/appbench/apps/MLPerf-storage/dlio_benchmark/dlio_benchmark/utils/statscounter.py:325]
[INFO] 2025-05-05T16:49:47.166765 Rank 0 step 310 processed 5 samples in 2.4407172203063965 s [/mnt/ioopt/appbench/apps/MLPerf-storage/dlio_benchmark/dlio_benchmark/utils/statscounter.py:325]
[INFO] 2025-05-05T16:49:47.495898 Rank 0 step 311 processed 5 samples in 0.32863378524780273 s [/mnt/ioopt/appbench/apps/MLPerf-storage/dlio_benchmark/dlio_benchmark/utils/statscounter.py:325]
[INFO] 2025-05-05T16:49:47.824828 Rank 0 step 312 processed 5 samples in 0.3284618854522705 s [/mnt/ioopt/appbench/apps/MLPerf-storage/dlio_benchmark/dlio_benchmark/utils/statscounter.py:325]
[INFO] 2025-05-05T16:49:48.153718 Rank 0 step 313 processed 5 samples in 0.3284158706665039 s [/mnt/ioopt/appbench/apps/MLPerf-storage/dlio_benchmark/dlio_benchmark/utils/statscounter.py:325]
[INFO] 2025-05-05T16:49:55.300945 Rank 0 step 314 processed 5 samples in 7.146755933761597 s [/mnt/ioopt/appbench/apps/MLPerf-storage/dlio_benchmark/dlio_benchmark/utils/statscounter.py:325]
[INFO] 2025-05-05T16:49:57.398156 Rank 0 step 315 processed 5 samples in 2.0967092514038086 s [/mnt/ioopt/appbench/apps/MLPerf-storage/dlio_benchmark/dlio_benchmark/utils/statscounter.py:325]
[INFO] 2025-05-05T16:50:05.018801 Rank 0 step 316 processed 5 samples in 7.620137691497803 s [/mnt/ioopt/appbench/apps/MLPerf-storage/dlio_benchmark/dlio_benchmark/utils/statscounter.py:325]
[INFO] 2025-05-05T16:50:06.368012 Rank 0 step 317 processed 5 samples in 1.348686695098877 s [/mnt/ioopt/appbench/apps/MLPerf-storage/dlio_benchmark/dlio_benchmark/utils/statscounter.py:325]
[INFO] 2025-05-05T16:50:06.697039 Rank 0 step 318 processed 5 samples in 0.3285212516784668 s [/mnt/ioopt/appbench/apps/MLPerf-storage/dlio_benchmark/dlio_benchmark/utils/statscounter.py:325]
[INFO] 2025-05-05T16:50:07.028790 Rank 0 step 319 processed 5 samples in 0.3312509059906006 s [/mnt/ioopt/appbench/apps/MLPerf-storage/dlio_benchmark/dlio_benchmark/utils/statscounter.py:325]
[INFO] 2025-05-05T16:50:07.358814 Rank 0 step 320 processed 5 samples in 0.3288147449493408 s [/mnt/ioopt/appbench/apps/MLPerf-storage/dlio_benchmark/dlio_benchmark/utils/statscounter.py:325]
[INFO] 2025-05-05T16:50:07.978885 Rank 0 step 321 processed 5 samples in 0.6195728778839111 s [/mnt/ioopt/appbench/apps/MLPerf-storage/dlio_benchmark/dlio_benchmark/utils/statscounter.py:325]
[INFO] 2025-05-05T16:50:09.714382 Rank 0 step 322 processed 5 samples in 1.734851360321045 s [/mnt/ioopt/appbench/apps/MLPerf-storage/dlio_benchmark/dlio_benchmark/utils/statscounter.py:325]
[INFO] 2025-05-05T16:50:19.571861 Rank 0 step 323 processed 5 samples in 9.856998205184937 s [/mnt/ioopt/appbench/apps/MLPerf-storage/dlio_benchmark/dlio_benchmark/utils/statscounter.py:325]
[INFO] 2025-05-05T16:50:19.900973 Rank 0 step 324 processed 5 samples in 0.3286104202270508 s [/mnt/ioopt/appbench/apps/MLPerf-storage/dlio_benchmark/dlio_benchmark/utils/statscounter.py:325]
[INFO] 2025-05-05T16:50:24.621251 Rank 0 step 325 processed 5 samples in 4.7198145389556885 s [/mnt/ioopt/appbench/apps/MLPerf-storage/dlio_benchmark/dlio_benchmark/utils/statscounter.py:325]
[INFO] 2025-05-05T16:50:24.950669 Rank 0 step 326 processed 5 samples in 0.32884979248046875 s [/mnt/ioopt/appbench/apps/MLPerf-storage/dlio_benchmark/dlio_benchmark/utils/statscounter.py:325]
[INFO] 2025-05-05T16:50:25.692616 Rank 0 step 327 processed 5 samples in 0.7413880825042725 s [/mnt/ioopt/appbench/apps/MLPerf-storage/dlio_benchmark/dlio_benchmark/utils/statscounter.py:325]
[INFO] 2025-05-05T16:50:26.021548 Rank 0 step 328 processed 5 samples in 0.3284173011779785 s [/mnt/ioopt/appbench/apps/MLPerf-storage/dlio_benchmark/dlio_benchmark/utils/statscounter.py:325]
[INFO] 2025-05-05T16:50:29.330060 Rank 0 step 329 processed 5 samples in 3.3080637454986572 s [/mnt/ioopt/appbench/apps/MLPerf-storage/dlio_benchmark/dlio_benchmark/utils/statscounter.py:325]
[INFO] 2025-05-05T16:50:29.659004 Rank 0 step 330 processed 5 samples in 0.32846689224243164 s [/mnt/ioopt/appbench/apps/MLPerf-storage/dlio_benchmark/dlio_benchmark/utils/statscounter.py:325]
[INFO] 2025-05-05T16:50:34.449200 Rank 0 step 331 processed 5 samples in 4.789722681045532 s [/mnt/ioopt/appbench/apps/MLPerf-storage/dlio_benchmark/dlio_benchmark/utils/statscounter.py:325]
[INFO] 2025-05-05T16:50:37.998950 Rank 0 step 332 processed 5 samples in 3.549450397491455 s [/mnt/ioopt/appbench/apps/MLPerf-storage/dlio_benchmark/dlio_benchmark/utils/statscounter.py:325]
[INFO] 2025-05-05T16:50:40.144781 Rank 0 step 333 processed 5 samples in 2.145298957824707 s [/mnt/ioopt/appbench/apps/MLPerf-storage/dlio_benchmark/dlio_benchmark/utils/statscounter.py:325]
[INFO] 2025-05-05T16:50:41.271538 Rank 0 step 334 processed 5 samples in 1.1262598037719727 s [/mnt/ioopt/appbench/apps/MLPerf-storage/dlio_benchmark/dlio_benchmark/utils/statscounter.py:325]
[INFO] 2025-05-05T16:50:45.015434 Rank 0 step 335 processed 5 samples in 3.7433743476867676 s [/mnt/ioopt/appbench/apps/MLPerf-storage/dlio_benchmark/dlio_benchmark/utils/statscounter.py:325]
[INFO] 2025-05-05T16:50:48.888454 Rank 0 step 336 processed 5 samples in 3.8726775646209717 s [/mnt/ioopt/appbench/apps/MLPerf-storage/dlio_benchmark/dlio_benchmark/utils/statscounter.py:325]
[INFO] 2025-05-05T16:50:49.542715 Rank 0 step 337 processed 5 samples in 0.6537718772888184 s [/mnt/ioopt/appbench/apps/MLPerf-storage/dlio_benchmark/dlio_benchmark/utils/statscounter.py:325]
[INFO] 2025-05-05T16:50:49.871491 Rank 0 step 338 processed 5 samples in 0.3282806873321533 s [/mnt/ioopt/appbench/apps/MLPerf-storage/dlio_benchmark/dlio_benchmark/utils/statscounter.py:325]
[INFO] 2025-05-05T16:50:50.220937 Rank 0 step 339 processed 5 samples in 0.34900665283203125 s [/mnt/ioopt/appbench/apps/MLPerf-storage/dlio_benchmark/dlio_benchmark/utils/statscounter.py:325]
[INFO] 2025-05-05T16:50:56.475992 Rank 0 step 340 processed 5 samples in 6.25459885597229 s [/mnt/ioopt/appbench/apps/MLPerf-storage/dlio_benchmark/dlio_benchmark/utils/statscounter.py:325]
[INFO] 2025-05-05T16:50:56.805021 Rank 0 step 341 processed 5 samples in 0.3285179138183594 s [/mnt/ioopt/appbench/apps/MLPerf-storage/dlio_benchmark/dlio_benchmark/utils/statscounter.py:325]
[INFO] 2025-05-05T16:50:59.576660 Rank 0 step 342 processed 5 samples in 2.7711493968963623 s [/mnt/ioopt/appbench/apps/MLPerf-storage/dlio_benchmark/dlio_benchmark/utils/statscounter.py:325]
[INFO] 2025-05-05T16:50:59.902793 Rank 0 step 343 processed 5 samples in 0.3258213996887207 s [/mnt/ioopt/appbench/apps/MLPerf-storage/dlio_benchmark/dlio_benchmark/utils/statscounter.py:325]
[INFO] 2025-05-05T16:51:03.857193 Rank 0 step 344 processed 5 samples in 3.953899383544922 s [/mnt/ioopt/appbench/apps/MLPerf-storage/dlio_benchmark/dlio_benchmark/utils/statscounter.py:325]
[INFO] 2025-05-05T16:51:07.980053 Rank 0 step 345 processed 5 samples in 4.122596025466919 s [/mnt/ioopt/appbench/apps/MLPerf-storage/dlio_benchmark/dlio_benchmark/utils/statscounter.py:325]
[INFO] 2025-05-05T16:51:11.008177 Rank 0 step 346 processed 5 samples in 3.027613878250122 s [/mnt/ioopt/appbench/apps/MLPerf-storage/dlio_benchmark/dlio_benchmark/utils/statscounter.py:325]
[INFO] 2025-05-05T16:51:11.334842 Rank 0 step 347 processed 5 samples in 0.3263070583343506 s [/mnt/ioopt/appbench/apps/MLPerf-storage/dlio_benchmark/dlio_benchmark/utils/statscounter.py:325]
[INFO] 2025-05-05T16:51:11.661167 Rank 0 step 348 processed 5 samples in 0.3259894847869873 s [/mnt/ioopt/appbench/apps/MLPerf-storage/dlio_benchmark/dlio_benchmark/utils/statscounter.py:325]
[INFO] 2025-05-05T16:51:16.391979 Rank 0 step 349 processed 5 samples in 4.7304534912109375 s [/mnt/ioopt/appbench/apps/MLPerf-storage/dlio_benchmark/dlio_benchmark/utils/statscounter.py:325]
[INFO] 2025-05-05T16:51:16.720815 Rank 0 step 350 processed 5 samples in 0.3283202648162842 s [/mnt/ioopt/appbench/apps/MLPerf-storage/dlio_benchmark/dlio_benchmark/utils/statscounter.py:325]
[INFO] 2025-05-05T16:51:17.049513 Rank 0 step 351 processed 5 samples in 0.328235387802124 s [/mnt/ioopt/appbench/apps/MLPerf-storage/dlio_benchmark/dlio_benchmark/utils/statscounter.py:325]
[INFO] 2025-05-05T16:51:17.741413 Rank 0 step 352 processed 5 samples in 0.6914300918579102 s [/mnt/ioopt/appbench/apps/MLPerf-storage/dlio_benchmark/dlio_benchmark/utils/statscounter.py:325]
[INFO] 2025-05-05T16:51:28.601311 Rank 0 step 353 processed 5 samples in 10.859344720840454 s [/mnt/ioopt/appbench/apps/MLPerf-storage/dlio_benchmark/dlio_benchmark/utils/statscounter.py:325]
[INFO] 2025-05-05T16:51:31.143242 Rank 0 step 354 processed 5 samples in 2.54142427444458 s [/mnt/ioopt/appbench/apps/MLPerf-storage/dlio_benchmark/dlio_benchmark/utils/statscounter.py:325]
[INFO] 2025-05-05T16:51:31.473715 Rank 0 step 355 processed 5 samples in 0.3299682140350342 s [/mnt/ioopt/appbench/apps/MLPerf-storage/dlio_benchmark/dlio_benchmark/utils/statscounter.py:325]
[INFO] 2025-05-05T16:51:31.800290 Rank 0 step 356 processed 5 samples in 0.326214075088501 s [/mnt/ioopt/appbench/apps/MLPerf-storage/dlio_benchmark/dlio_benchmark/utils/statscounter.py:325]
[INFO] 2025-05-05T16:51:32.125949 Rank 0 step 357 processed 5 samples in 0.3253145217895508 s [/mnt/ioopt/appbench/apps/MLPerf-storage/dlio_benchmark/dlio_benchmark/utils/statscounter.py:325]
[INFO] 2025-05-05T16:51:34.406216 Rank 0 step 358 processed 5 samples in 2.2799859046936035 s [/mnt/ioopt/appbench/apps/MLPerf-storage/dlio_benchmark/dlio_benchmark/utils/statscounter.py:325]
[INFO] 2025-05-05T16:51:36.277793 Rank 0 step 359 processed 5 samples in 1.8712353706359863 s [/mnt/ioopt/appbench/apps/MLPerf-storage/dlio_benchmark/dlio_benchmark/utils/statscounter.py:325]
[INFO] 2025-05-05T16:51:36.655846 Rank 0 step 360 processed 5 samples in 0.37752604484558105 s [/mnt/ioopt/appbench/apps/MLPerf-storage/dlio_benchmark/dlio_benchmark/utils/statscounter.py:325]
[INFO] 2025-05-05T16:51:45.120462 Rank 0 step 361 processed 5 samples in 8.46417498588562 s [/mnt/ioopt/appbench/apps/MLPerf-storage/dlio_benchmark/dlio_benchmark/utils/statscounter.py:325]
[INFO] 2025-05-05T16:51:47.258685 Rank 0 step 362 processed 5 samples in 2.137676954269409 s [/mnt/ioopt/appbench/apps/MLPerf-storage/dlio_benchmark/dlio_benchmark/utils/statscounter.py:325]
[INFO] 2025-05-05T16:51:47.588009 Rank 0 step 363 processed 5 samples in 0.32877469062805176 s [/mnt/ioopt/appbench/apps/MLPerf-storage/dlio_benchmark/dlio_benchmark/utils/statscounter.py:325]
[INFO] 2025-05-05T16:51:48.102846 Rank 0 step 364 processed 5 samples in 0.5143616199493408 s [/mnt/ioopt/appbench/apps/MLPerf-storage/dlio_benchmark/dlio_benchmark/utils/statscounter.py:325]
[INFO] 2025-05-05T16:51:50.069766 Rank 0 step 365 processed 5 samples in 1.9663748741149902 s [/mnt/ioopt/appbench/apps/MLPerf-storage/dlio_benchmark/dlio_benchmark/utils/statscounter.py:325]
[INFO] 2025-05-05T16:51:53.926478 Rank 0 step 366 processed 5 samples in 3.856203556060791 s [/mnt/ioopt/appbench/apps/MLPerf-storage/dlio_benchmark/dlio_benchmark/utils/statscounter.py:325]
[INFO] 2025-05-05T16:51:54.255286 Rank 0 step 367 processed 5 samples in 0.32831501960754395 s [/mnt/ioopt/appbench/apps/MLPerf-storage/dlio_benchmark/dlio_benchmark/utils/statscounter.py:325]
[INFO] 2025-05-05T16:51:54.584712 Rank 0 step 368 processed 5 samples in 0.32899045944213867 s [/mnt/ioopt/appbench/apps/MLPerf-storage/dlio_benchmark/dlio_benchmark/utils/statscounter.py:325]
[INFO] 2025-05-05T16:52:04.943054 Rank 0 step 369 processed 5 samples in 10.357834577560425 s [/mnt/ioopt/appbench/apps/MLPerf-storage/dlio_benchmark/dlio_benchmark/utils/statscounter.py:325]
[INFO] 2025-05-05T16:52:08.422077 Rank 0 step 370 processed 5 samples in 3.4785025119781494 s [/mnt/ioopt/appbench/apps/MLPerf-storage/dlio_benchmark/dlio_benchmark/utils/statscounter.py:325]
[INFO] 2025-05-05T16:52:08.750775 Rank 0 step 371 processed 5 samples in 0.32825350761413574 s [/mnt/ioopt/appbench/apps/MLPerf-storage/dlio_benchmark/dlio_benchmark/utils/statscounter.py:325]
[INFO] 2025-05-05T16:52:09.079548 Rank 0 step 372 processed 5 samples in 0.3284170627593994 s [/mnt/ioopt/appbench/apps/MLPerf-storage/dlio_benchmark/dlio_benchmark/utils/statscounter.py:325]
[INFO] 2025-05-05T16:52:09.412617 Rank 0 step 373 processed 5 samples in 0.3326699733734131 s [/mnt/ioopt/appbench/apps/MLPerf-storage/dlio_benchmark/dlio_benchmark/utils/statscounter.py:325]
[INFO] 2025-05-05T16:52:09.742713 Rank 0 step 374 processed 5 samples in 0.3292975425720215 s [/mnt/ioopt/appbench/apps/MLPerf-storage/dlio_benchmark/dlio_benchmark/utils/statscounter.py:325]
[INFO] 2025-05-05T16:52:10.071715 Rank 0 step 375 processed 5 samples in 0.3285400867462158 s [/mnt/ioopt/appbench/apps/MLPerf-storage/dlio_benchmark/dlio_benchmark/utils/statscounter.py:325]
[INFO] 2025-05-05T16:52:12.545091 Rank 0 step 376 processed 5 samples in 2.3966214656829834 s [/mnt/ioopt/appbench/apps/MLPerf-storage/dlio_benchmark/dlio_benchmark/utils/statscounter.py:325]
[INFO] 2025-05-05T16:52:24.994865 Rank 0 step 377 processed 5 samples in 12.449283838272095 s [/mnt/ioopt/appbench/apps/MLPerf-storage/dlio_benchmark/dlio_benchmark/utils/statscounter.py:325]
[INFO] 2025-05-05T16:52:25.442014 Rank 0 step 378 processed 5 samples in 0.44655680656433105 s [/mnt/ioopt/appbench/apps/MLPerf-storage/dlio_benchmark/dlio_benchmark/utils/statscounter.py:325]
[INFO] 2025-05-05T16:52:25.771306 Rank 0 step 379 processed 5 samples in 0.32872748374938965 s [/mnt/ioopt/appbench/apps/MLPerf-storage/dlio_benchmark/dlio_benchmark/utils/statscounter.py:325]
[INFO] 2025-05-05T16:52:27.337958 Rank 0 step 380 processed 5 samples in 1.5661654472351074 s [/mnt/ioopt/appbench/apps/MLPerf-storage/dlio_benchmark/dlio_benchmark/utils/statscounter.py:325]
[INFO] 2025-05-05T16:52:27.665041 Rank 0 step 381 processed 5 samples in 0.3266458511352539 s [/mnt/ioopt/appbench/apps/MLPerf-storage/dlio_benchmark/dlio_benchmark/utils/statscounter.py:325]
[INFO] 2025-05-05T16:52:27.994093 Rank 0 step 382 processed 5 samples in 0.3285660743713379 s [/mnt/ioopt/appbench/apps/MLPerf-storage/dlio_benchmark/dlio_benchmark/utils/statscounter.py:325]
[INFO] 2025-05-05T16:52:28.323229 Rank 0 step 383 processed 5 samples in 0.3286709785461426 s [/mnt/ioopt/appbench/apps/MLPerf-storage/dlio_benchmark/dlio_benchmark/utils/statscounter.py:325]
[INFO] 2025-05-05T16:52:28.653063 Rank 0 step 384 processed 5 samples in 0.3293497562408447 s [/mnt/ioopt/appbench/apps/MLPerf-storage/dlio_benchmark/dlio_benchmark/utils/statscounter.py:325]
[INFO] 2025-05-05T16:52:43.353907 Rank 0 step 385 processed 5 samples in 14.700334787368774 s [/mnt/ioopt/appbench/apps/MLPerf-storage/dlio_benchmark/dlio_benchmark/utils/statscounter.py:325]
[INFO] 2025-05-05T16:52:43.683120 Rank 0 step 386 processed 5 samples in 0.32866477966308594 s [/mnt/ioopt/appbench/apps/MLPerf-storage/dlio_benchmark/dlio_benchmark/utils/statscounter.py:325]
[INFO] 2025-05-05T16:52:44.013693 Rank 0 step 387 processed 5 samples in 0.3301076889038086 s [/mnt/ioopt/appbench/apps/MLPerf-storage/dlio_benchmark/dlio_benchmark/utils/statscounter.py:325]
[INFO] 2025-05-05T16:52:44.342691 Rank 0 step 388 processed 5 samples in 0.32851457595825195 s [/mnt/ioopt/appbench/apps/MLPerf-storage/dlio_benchmark/dlio_benchmark/utils/statscounter.py:325]
[INFO] 2025-05-05T16:52:44.671665 Rank 0 step 389 processed 5 samples in 0.32845115661621094 s [/mnt/ioopt/appbench/apps/MLPerf-storage/dlio_benchmark/dlio_benchmark/utils/statscounter.py:325]
[INFO] 2025-05-05T16:52:45.003473 Rank 0 step 390 processed 5 samples in 0.3313419818878174 s [/mnt/ioopt/appbench/apps/MLPerf-storage/dlio_benchmark/dlio_benchmark/utils/statscounter.py:325]
[INFO] 2025-05-05T16:52:46.841934 Rank 0 step 391 processed 5 samples in 1.8379762172698975 s [/mnt/ioopt/appbench/apps/MLPerf-storage/dlio_benchmark/dlio_benchmark/utils/statscounter.py:325]
[INFO] 2025-05-05T16:52:47.173381 Rank 0 step 392 processed 5 samples in 0.33104515075683594 s [/mnt/ioopt/appbench/apps/MLPerf-storage/dlio_benchmark/dlio_benchmark/utils/statscounter.py:325]
[INFO] 2025-05-05T16:53:00.066995 Rank 0 step 393 processed 5 samples in 12.893133640289307 s [/mnt/ioopt/appbench/apps/MLPerf-storage/dlio_benchmark/dlio_benchmark/utils/statscounter.py:325]
[INFO] 2025-05-05T16:53:00.395758 Rank 0 step 394 processed 5 samples in 0.3281891345977783 s [/mnt/ioopt/appbench/apps/MLPerf-storage/dlio_benchmark/dlio_benchmark/utils/statscounter.py:325]
[INFO] 2025-05-05T16:53:01.772211 Rank 0 step 395 processed 5 samples in 1.376004695892334 s [/mnt/ioopt/appbench/apps/MLPerf-storage/dlio_benchmark/dlio_benchmark/utils/statscounter.py:325]
[INFO] 2025-05-05T16:53:02.101372 Rank 0 step 396 processed 5 samples in 0.3285040855407715 s [/mnt/ioopt/appbench/apps/MLPerf-storage/dlio_benchmark/dlio_benchmark/utils/statscounter.py:325]
[INFO] 2025-05-05T16:53:02.429787 Rank 0 step 397 processed 5 samples in 0.32801127433776855 s [/mnt/ioopt/appbench/apps/MLPerf-storage/dlio_benchmark/dlio_benchmark/utils/statscounter.py:325]
[INFO] 2025-05-05T16:53:02.760775 Rank 0 step 398 processed 5 samples in 0.3306434154510498 s [/mnt/ioopt/appbench/apps/MLPerf-storage/dlio_benchmark/dlio_benchmark/utils/statscounter.py:325]
[INFO] 2025-05-05T16:53:03.089840 Rank 0 step 399 processed 5 samples in 0.3285703659057617 s [/mnt/ioopt/appbench/apps/MLPerf-storage/dlio_benchmark/dlio_benchmark/utils/statscounter.py:325]
[INFO] 2025-05-05T16:53:03.420898 Rank 0 step 400 processed 5 samples in 0.3305819034576416 s [/mnt/ioopt/appbench/apps/MLPerf-storage/dlio_benchmark/dlio_benchmark/utils/statscounter.py:325]
[INFO] 2025-05-05T16:53:03.421462 Maximum number of steps reached [/mnt/ioopt/appbench/apps/MLPerf-storage/dlio_benchmark/dlio_benchmark/main.py:293]
[INFO] 2025-05-05T16:53:03.424550 Ending block 1 - 400 steps completed in 929.49 s [/mnt/ioopt/appbench/apps/MLPerf-storage/dlio_benchmark/dlio_benchmark/utils/statscounter.py:282]
[INFO] 2025-05-05T16:53:03.445117 Epoch 1 - Block 1 [Training] Accelerator Utilization [AU] (%): 14.1628 [/mnt/ioopt/appbench/apps/MLPerf-storage/dlio_benchmark/dlio_benchmark/utils/statscounter.py:285]
[INFO] 2025-05-05T16:53:03.445245 Epoch 1 - Block 1 [Training] Throughput (samples/second): 2.1517 [/mnt/ioopt/appbench/apps/MLPerf-storage/dlio_benchmark/dlio_benchmark/utils/statscounter.py:286]
[INFO] 2025-05-05T16:53:03.446988 Ending epoch 1 - 400 steps completed in 929.55 s [/mnt/ioopt/appbench/apps/MLPerf-storage/dlio_benchmark/dlio_benchmark/utils/statscounter.py:225]
[INFO] 2025-05-05T16:53:03.451927 Saved outputs in /mnt/ioopt/appbench/apps/MLPerf-storage/resultsdir/RUN_6/batch_size_5_num_threads_8 [/mnt/ioopt/appbench/apps/MLPerf-storage/dlio_benchmark/dlio_benchmark/utils/statscounter.py:171]
[INFO] Averaged metric over all epochs
[METRIC] ==========================================================
[METRIC] Number of Simulated Accelerators: 1 
[METRIC] Training Accelerator Utilization [AU] (%): 14.1628 (0.0000)
[METRIC] Training Throughput (samples/second): 2.1517 (0.0000)
[METRIC] Training I/O Throughput (MB/second): 300.8294 (0.0000)
[METRIC] train_au_meet_expectation: fail
[METRIC] ==========================================================
 [/mnt/ioopt/appbench/apps/MLPerf-storage/dlio_benchmark/dlio_benchmark/utils/statscounter.py:185]
[INFO] 2025-05-05T16:53:03.458084 outputs saved in RANKID_output.json [/mnt/ioopt/appbench/apps/MLPerf-storage/dlio_benchmark/dlio_benchmark/utils/statscounter.py:378]
