[INFO] 2025-05-05T16:20:43.867808 Profiling DLIO /mnt/ioopt/appbench/apps/MLPerf-storage/resultsdir/RUN_6/batch_size_5_num_threads_6/trace-0-of-1.pfw [/mnt/ioopt/appbench/apps/MLPerf-storage/dlio_benchmark/dlio_benchmark/utils/config.py:189]
[INFO] 2025-05-05T16:20:43.868500 Running DLIO with 1 process(es) [/mnt/ioopt/appbench/apps/MLPerf-storage/dlio_benchmark/dlio_benchmark/main.py:100]
[INFO] Total amount of data each host will consume is 273.064948618412 GB; each host has [np.float64(187.5592384338379)] GB memory [/mnt/ioopt/appbench/apps/MLPerf-storage/dlio_benchmark/dlio_benchmark/utils/statscounter.py:121]
[INFO] 2025-05-05T16:21:00.206029 Max steps per epoch: 400 = 1 * 2000 / 5 / 1 (samples per file * num files / batch size / comm size) [/mnt/ioopt/appbench/apps/MLPerf-storage/dlio_benchmark/dlio_benchmark/main.py:321]
[INFO] 2025-05-05T16:21:00.364579 Starting epoch 1: 400 steps expected [/mnt/ioopt/appbench/apps/MLPerf-storage/dlio_benchmark/dlio_benchmark/utils/statscounter.py:192]
[INFO] 2025-05-05T16:21:00.396780 Starting block 1 [/mnt/ioopt/appbench/apps/MLPerf-storage/dlio_benchmark/dlio_benchmark/utils/statscounter.py:264]
[INFO] 2025-05-05T16:21:16.374720 Rank 0 step 1 processed 5 samples in 15.9777512550354 s [/mnt/ioopt/appbench/apps/MLPerf-storage/dlio_benchmark/dlio_benchmark/utils/statscounter.py:325]
[INFO] 2025-05-05T16:21:16.709174 Rank 0 step 2 processed 5 samples in 0.33319568634033203 s [/mnt/ioopt/appbench/apps/MLPerf-storage/dlio_benchmark/dlio_benchmark/utils/statscounter.py:325]
[INFO] 2025-05-05T16:21:18.288654 Rank 0 step 3 processed 5 samples in 1.5789601802825928 s [/mnt/ioopt/appbench/apps/MLPerf-storage/dlio_benchmark/dlio_benchmark/utils/statscounter.py:325]
[INFO] 2025-05-05T16:21:18.617536 Rank 0 step 4 processed 5 samples in 0.32836437225341797 s [/mnt/ioopt/appbench/apps/MLPerf-storage/dlio_benchmark/dlio_benchmark/utils/statscounter.py:325]
[INFO] 2025-05-05T16:21:18.946723 Rank 0 step 5 processed 5 samples in 0.3287627696990967 s [/mnt/ioopt/appbench/apps/MLPerf-storage/dlio_benchmark/dlio_benchmark/utils/statscounter.py:325]
[INFO] 2025-05-05T16:21:19.275521 Rank 0 step 6 processed 5 samples in 0.32834768295288086 s [/mnt/ioopt/appbench/apps/MLPerf-storage/dlio_benchmark/dlio_benchmark/utils/statscounter.py:325]
[INFO] 2025-05-05T16:21:27.417880 Rank 0 step 7 processed 5 samples in 8.141939640045166 s [/mnt/ioopt/appbench/apps/MLPerf-storage/dlio_benchmark/dlio_benchmark/utils/statscounter.py:325]
[INFO] 2025-05-05T16:21:30.482384 Rank 0 step 8 processed 5 samples in 3.064016342163086 s [/mnt/ioopt/appbench/apps/MLPerf-storage/dlio_benchmark/dlio_benchmark/utils/statscounter.py:325]
[INFO] 2025-05-05T16:21:30.888583 Rank 0 step 9 processed 5 samples in 0.40564560890197754 s [/mnt/ioopt/appbench/apps/MLPerf-storage/dlio_benchmark/dlio_benchmark/utils/statscounter.py:325]
[INFO] 2025-05-05T16:21:32.075859 Rank 0 step 10 processed 5 samples in 1.186788558959961 s [/mnt/ioopt/appbench/apps/MLPerf-storage/dlio_benchmark/dlio_benchmark/utils/statscounter.py:325]
[INFO] 2025-05-05T16:21:32.404637 Rank 0 step 11 processed 5 samples in 0.32831239700317383 s [/mnt/ioopt/appbench/apps/MLPerf-storage/dlio_benchmark/dlio_benchmark/utils/statscounter.py:325]
[INFO] 2025-05-05T16:21:32.733712 Rank 0 step 12 processed 5 samples in 0.3286433219909668 s [/mnt/ioopt/appbench/apps/MLPerf-storage/dlio_benchmark/dlio_benchmark/utils/statscounter.py:325]
[INFO] 2025-05-05T16:21:45.643295 Rank 0 step 13 processed 5 samples in 12.90916895866394 s [/mnt/ioopt/appbench/apps/MLPerf-storage/dlio_benchmark/dlio_benchmark/utils/statscounter.py:325]
[INFO] 2025-05-05T16:21:45.972082 Rank 0 step 14 processed 5 samples in 0.3283073902130127 s [/mnt/ioopt/appbench/apps/MLPerf-storage/dlio_benchmark/dlio_benchmark/utils/statscounter.py:325]
[INFO] 2025-05-05T16:21:46.300993 Rank 0 step 15 processed 5 samples in 0.3284938335418701 s [/mnt/ioopt/appbench/apps/MLPerf-storage/dlio_benchmark/dlio_benchmark/utils/statscounter.py:325]
[INFO] 2025-05-05T16:21:46.629613 Rank 0 step 16 processed 5 samples in 0.3281896114349365 s [/mnt/ioopt/appbench/apps/MLPerf-storage/dlio_benchmark/dlio_benchmark/utils/statscounter.py:325]
[INFO] 2025-05-05T16:21:46.958250 Rank 0 step 17 processed 5 samples in 0.3282034397125244 s [/mnt/ioopt/appbench/apps/MLPerf-storage/dlio_benchmark/dlio_benchmark/utils/statscounter.py:325]
[INFO] 2025-05-05T16:21:47.289796 Rank 0 step 18 processed 5 samples in 0.3311338424682617 s [/mnt/ioopt/appbench/apps/MLPerf-storage/dlio_benchmark/dlio_benchmark/utils/statscounter.py:325]
[INFO] 2025-05-05T16:21:59.473674 Rank 0 step 19 processed 5 samples in 12.18337893486023 s [/mnt/ioopt/appbench/apps/MLPerf-storage/dlio_benchmark/dlio_benchmark/utils/statscounter.py:325]
[INFO] 2025-05-05T16:21:59.803247 Rank 0 step 20 processed 5 samples in 0.32849788665771484 s [/mnt/ioopt/appbench/apps/MLPerf-storage/dlio_benchmark/dlio_benchmark/utils/statscounter.py:325]
[INFO] 2025-05-05T16:22:00.132189 Rank 0 step 21 processed 5 samples in 0.3285095691680908 s [/mnt/ioopt/appbench/apps/MLPerf-storage/dlio_benchmark/dlio_benchmark/utils/statscounter.py:325]
[INFO] 2025-05-05T16:22:00.468153 Rank 0 step 22 processed 5 samples in 0.33553624153137207 s [/mnt/ioopt/appbench/apps/MLPerf-storage/dlio_benchmark/dlio_benchmark/utils/statscounter.py:325]
[INFO] 2025-05-05T16:22:00.797134 Rank 0 step 23 processed 5 samples in 0.32853269577026367 s [/mnt/ioopt/appbench/apps/MLPerf-storage/dlio_benchmark/dlio_benchmark/utils/statscounter.py:325]
[INFO] 2025-05-05T16:22:01.125884 Rank 0 step 24 processed 5 samples in 0.3283226490020752 s [/mnt/ioopt/appbench/apps/MLPerf-storage/dlio_benchmark/dlio_benchmark/utils/statscounter.py:325]
[INFO] 2025-05-05T16:22:11.255528 Rank 0 step 25 processed 5 samples in 10.129228591918945 s [/mnt/ioopt/appbench/apps/MLPerf-storage/dlio_benchmark/dlio_benchmark/utils/statscounter.py:325]
[INFO] 2025-05-05T16:22:13.686515 Rank 0 step 26 processed 5 samples in 2.4305050373077393 s [/mnt/ioopt/appbench/apps/MLPerf-storage/dlio_benchmark/dlio_benchmark/utils/statscounter.py:325]
[INFO] 2025-05-05T16:22:14.905396 Rank 0 step 27 processed 5 samples in 1.218367338180542 s [/mnt/ioopt/appbench/apps/MLPerf-storage/dlio_benchmark/dlio_benchmark/utils/statscounter.py:325]
[INFO] 2025-05-05T16:22:15.233943 Rank 0 step 28 processed 5 samples in 0.3281068801879883 s [/mnt/ioopt/appbench/apps/MLPerf-storage/dlio_benchmark/dlio_benchmark/utils/statscounter.py:325]
[INFO] 2025-05-05T16:22:16.475679 Rank 0 step 29 processed 5 samples in 1.2413041591644287 s [/mnt/ioopt/appbench/apps/MLPerf-storage/dlio_benchmark/dlio_benchmark/utils/statscounter.py:325]
[INFO] 2025-05-05T16:22:16.904746 Rank 0 step 30 processed 5 samples in 0.4286205768585205 s [/mnt/ioopt/appbench/apps/MLPerf-storage/dlio_benchmark/dlio_benchmark/utils/statscounter.py:325]
[INFO] 2025-05-05T16:22:25.829533 Rank 0 step 31 processed 5 samples in 8.924408197402954 s [/mnt/ioopt/appbench/apps/MLPerf-storage/dlio_benchmark/dlio_benchmark/utils/statscounter.py:325]
[INFO] 2025-05-05T16:22:28.839795 Rank 0 step 32 processed 5 samples in 3.009772300720215 s [/mnt/ioopt/appbench/apps/MLPerf-storage/dlio_benchmark/dlio_benchmark/utils/statscounter.py:325]
[INFO] 2025-05-05T16:22:29.166149 Rank 0 step 33 processed 5 samples in 0.32583165168762207 s [/mnt/ioopt/appbench/apps/MLPerf-storage/dlio_benchmark/dlio_benchmark/utils/statscounter.py:325]
[INFO] 2025-05-05T16:22:29.497373 Rank 0 step 34 processed 5 samples in 0.3307361602783203 s [/mnt/ioopt/appbench/apps/MLPerf-storage/dlio_benchmark/dlio_benchmark/utils/statscounter.py:325]
[INFO] 2025-05-05T16:22:32.390628 Rank 0 step 35 processed 5 samples in 2.8928067684173584 s [/mnt/ioopt/appbench/apps/MLPerf-storage/dlio_benchmark/dlio_benchmark/utils/statscounter.py:325]
[INFO] 2025-05-05T16:22:32.719629 Rank 0 step 36 processed 5 samples in 0.32851147651672363 s [/mnt/ioopt/appbench/apps/MLPerf-storage/dlio_benchmark/dlio_benchmark/utils/statscounter.py:325]
[INFO] 2025-05-05T16:22:40.287934 Rank 0 step 37 processed 5 samples in 7.567880868911743 s [/mnt/ioopt/appbench/apps/MLPerf-storage/dlio_benchmark/dlio_benchmark/utils/statscounter.py:325]
[INFO] 2025-05-05T16:22:40.619241 Rank 0 step 38 processed 5 samples in 0.330824613571167 s [/mnt/ioopt/appbench/apps/MLPerf-storage/dlio_benchmark/dlio_benchmark/utils/statscounter.py:325]
[INFO] 2025-05-05T16:22:43.369868 Rank 0 step 39 processed 5 samples in 2.7501277923583984 s [/mnt/ioopt/appbench/apps/MLPerf-storage/dlio_benchmark/dlio_benchmark/utils/statscounter.py:325]
[INFO] 2025-05-05T16:22:43.698937 Rank 0 step 40 processed 5 samples in 0.3285951614379883 s [/mnt/ioopt/appbench/apps/MLPerf-storage/dlio_benchmark/dlio_benchmark/utils/statscounter.py:325]
[INFO] 2025-05-05T16:22:45.859108 Rank 0 step 41 processed 5 samples in 2.1597297191619873 s [/mnt/ioopt/appbench/apps/MLPerf-storage/dlio_benchmark/dlio_benchmark/utils/statscounter.py:325]
[INFO] 2025-05-05T16:22:46.187774 Rank 0 step 42 processed 5 samples in 0.32820868492126465 s [/mnt/ioopt/appbench/apps/MLPerf-storage/dlio_benchmark/dlio_benchmark/utils/statscounter.py:325]
[INFO] 2025-05-05T16:22:54.665265 Rank 0 step 43 processed 5 samples in 8.477089166641235 s [/mnt/ioopt/appbench/apps/MLPerf-storage/dlio_benchmark/dlio_benchmark/utils/statscounter.py:325]
[INFO] 2025-05-05T16:22:56.293098 Rank 0 step 44 processed 5 samples in 1.627366542816162 s [/mnt/ioopt/appbench/apps/MLPerf-storage/dlio_benchmark/dlio_benchmark/utils/statscounter.py:325]
[INFO] 2025-05-05T16:22:56.622325 Rank 0 step 45 processed 5 samples in 0.3287510871887207 s [/mnt/ioopt/appbench/apps/MLPerf-storage/dlio_benchmark/dlio_benchmark/utils/statscounter.py:325]
[INFO] 2025-05-05T16:22:56.953170 Rank 0 step 46 processed 5 samples in 0.33040499687194824 s [/mnt/ioopt/appbench/apps/MLPerf-storage/dlio_benchmark/dlio_benchmark/utils/statscounter.py:325]
[INFO] 2025-05-05T16:22:58.047843 Rank 0 step 47 processed 5 samples in 1.0942180156707764 s [/mnt/ioopt/appbench/apps/MLPerf-storage/dlio_benchmark/dlio_benchmark/utils/statscounter.py:325]
[INFO] 2025-05-05T16:22:58.611267 Rank 0 step 48 processed 5 samples in 0.5629594326019287 s [/mnt/ioopt/appbench/apps/MLPerf-storage/dlio_benchmark/dlio_benchmark/utils/statscounter.py:325]
[INFO] 2025-05-05T16:23:08.259314 Rank 0 step 49 processed 5 samples in 9.6476731300354 s [/mnt/ioopt/appbench/apps/MLPerf-storage/dlio_benchmark/dlio_benchmark/utils/statscounter.py:325]
[INFO] 2025-05-05T16:23:09.309380 Rank 0 step 50 processed 5 samples in 1.0495777130126953 s [/mnt/ioopt/appbench/apps/MLPerf-storage/dlio_benchmark/dlio_benchmark/utils/statscounter.py:325]
[INFO] 2025-05-05T16:23:11.959902 Rank 0 step 51 processed 5 samples in 2.6498899459838867 s [/mnt/ioopt/appbench/apps/MLPerf-storage/dlio_benchmark/dlio_benchmark/utils/statscounter.py:325]
[INFO] 2025-05-05T16:23:12.288692 Rank 0 step 52 processed 5 samples in 0.328322172164917 s [/mnt/ioopt/appbench/apps/MLPerf-storage/dlio_benchmark/dlio_benchmark/utils/statscounter.py:325]
[INFO] 2025-05-05T16:23:12.617687 Rank 0 step 53 processed 5 samples in 0.32857704162597656 s [/mnt/ioopt/appbench/apps/MLPerf-storage/dlio_benchmark/dlio_benchmark/utils/statscounter.py:325]
[INFO] 2025-05-05T16:23:12.946335 Rank 0 step 54 processed 5 samples in 0.32822394371032715 s [/mnt/ioopt/appbench/apps/MLPerf-storage/dlio_benchmark/dlio_benchmark/utils/statscounter.py:325]
[INFO] 2025-05-05T16:23:22.010192 Rank 0 step 55 processed 5 samples in 9.063446521759033 s [/mnt/ioopt/appbench/apps/MLPerf-storage/dlio_benchmark/dlio_benchmark/utils/statscounter.py:325]
[INFO] 2025-05-05T16:23:22.339346 Rank 0 step 56 processed 5 samples in 0.3286752700805664 s [/mnt/ioopt/appbench/apps/MLPerf-storage/dlio_benchmark/dlio_benchmark/utils/statscounter.py:325]
[INFO] 2025-05-05T16:23:25.530780 Rank 0 step 57 processed 5 samples in 3.191006898880005 s [/mnt/ioopt/appbench/apps/MLPerf-storage/dlio_benchmark/dlio_benchmark/utils/statscounter.py:325]
[INFO] 2025-05-05T16:23:25.859508 Rank 0 step 58 processed 5 samples in 0.32824158668518066 s [/mnt/ioopt/appbench/apps/MLPerf-storage/dlio_benchmark/dlio_benchmark/utils/statscounter.py:325]
[INFO] 2025-05-05T16:23:27.267160 Rank 0 step 59 processed 5 samples in 1.4072389602661133 s [/mnt/ioopt/appbench/apps/MLPerf-storage/dlio_benchmark/dlio_benchmark/utils/statscounter.py:325]
[INFO] 2025-05-05T16:23:27.603679 Rank 0 step 60 processed 5 samples in 0.3283402919769287 s [/mnt/ioopt/appbench/apps/MLPerf-storage/dlio_benchmark/dlio_benchmark/utils/statscounter.py:325]
[INFO] 2025-05-05T16:23:39.020026 Rank 0 step 61 processed 5 samples in 11.415932655334473 s [/mnt/ioopt/appbench/apps/MLPerf-storage/dlio_benchmark/dlio_benchmark/utils/statscounter.py:325]
[INFO] 2025-05-05T16:23:39.353386 Rank 0 step 62 processed 5 samples in 0.33287954330444336 s [/mnt/ioopt/appbench/apps/MLPerf-storage/dlio_benchmark/dlio_benchmark/utils/statscounter.py:325]
[INFO] 2025-05-05T16:23:39.682162 Rank 0 step 63 processed 5 samples in 0.3282501697540283 s [/mnt/ioopt/appbench/apps/MLPerf-storage/dlio_benchmark/dlio_benchmark/utils/statscounter.py:325]
[INFO] 2025-05-05T16:23:40.019682 Rank 0 step 64 processed 5 samples in 0.33725666999816895 s [/mnt/ioopt/appbench/apps/MLPerf-storage/dlio_benchmark/dlio_benchmark/utils/statscounter.py:325]
[INFO] 2025-05-05T16:23:42.170081 Rank 0 step 65 processed 5 samples in 2.149919033050537 s [/mnt/ioopt/appbench/apps/MLPerf-storage/dlio_benchmark/dlio_benchmark/utils/statscounter.py:325]
[INFO] 2025-05-05T16:23:42.499069 Rank 0 step 66 processed 5 samples in 0.3285367488861084 s [/mnt/ioopt/appbench/apps/MLPerf-storage/dlio_benchmark/dlio_benchmark/utils/statscounter.py:325]
[INFO] 2025-05-05T16:23:50.749125 Rank 0 step 67 processed 5 samples in 8.249640703201294 s [/mnt/ioopt/appbench/apps/MLPerf-storage/dlio_benchmark/dlio_benchmark/utils/statscounter.py:325]
[INFO] 2025-05-05T16:23:51.077775 Rank 0 step 68 processed 5 samples in 0.32819151878356934 s [/mnt/ioopt/appbench/apps/MLPerf-storage/dlio_benchmark/dlio_benchmark/utils/statscounter.py:325]
[INFO] 2025-05-05T16:23:52.695387 Rank 0 step 69 processed 5 samples in 1.617204189300537 s [/mnt/ioopt/appbench/apps/MLPerf-storage/dlio_benchmark/dlio_benchmark/utils/statscounter.py:325]
[INFO] 2025-05-05T16:23:53.554286 Rank 0 step 70 processed 5 samples in 0.8584527969360352 s [/mnt/ioopt/appbench/apps/MLPerf-storage/dlio_benchmark/dlio_benchmark/utils/statscounter.py:325]
[INFO] 2025-05-05T16:23:56.705603 Rank 0 step 71 processed 5 samples in 3.1508712768554688 s [/mnt/ioopt/appbench/apps/MLPerf-storage/dlio_benchmark/dlio_benchmark/utils/statscounter.py:325]
[INFO] 2025-05-05T16:23:57.034801 Rank 0 step 72 processed 5 samples in 0.32871437072753906 s [/mnt/ioopt/appbench/apps/MLPerf-storage/dlio_benchmark/dlio_benchmark/utils/statscounter.py:325]
[INFO] 2025-05-05T16:24:03.328905 Rank 0 step 73 processed 5 samples in 6.293663024902344 s [/mnt/ioopt/appbench/apps/MLPerf-storage/dlio_benchmark/dlio_benchmark/utils/statscounter.py:325]
[INFO] 2025-05-05T16:24:03.660372 Rank 0 step 74 processed 5 samples in 0.3309762477874756 s [/mnt/ioopt/appbench/apps/MLPerf-storage/dlio_benchmark/dlio_benchmark/utils/statscounter.py:325]
[INFO] 2025-05-05T16:24:06.370605 Rank 0 step 75 processed 5 samples in 2.7096893787384033 s [/mnt/ioopt/appbench/apps/MLPerf-storage/dlio_benchmark/dlio_benchmark/utils/statscounter.py:325]
[INFO] 2025-05-05T16:24:08.434627 Rank 0 step 76 processed 5 samples in 2.0635111331939697 s [/mnt/ioopt/appbench/apps/MLPerf-storage/dlio_benchmark/dlio_benchmark/utils/statscounter.py:325]
[INFO] 2025-05-05T16:24:08.763698 Rank 0 step 77 processed 5 samples in 0.3285813331604004 s [/mnt/ioopt/appbench/apps/MLPerf-storage/dlio_benchmark/dlio_benchmark/utils/statscounter.py:325]
[INFO] 2025-05-05T16:24:09.385242 Rank 0 step 78 processed 5 samples in 0.6211040019989014 s [/mnt/ioopt/appbench/apps/MLPerf-storage/dlio_benchmark/dlio_benchmark/utils/statscounter.py:325]
[INFO] 2025-05-05T16:24:14.807008 Rank 0 step 79 processed 5 samples in 5.42127537727356 s [/mnt/ioopt/appbench/apps/MLPerf-storage/dlio_benchmark/dlio_benchmark/utils/statscounter.py:325]
[INFO] 2025-05-05T16:24:17.317951 Rank 0 step 80 processed 5 samples in 2.510422468185425 s [/mnt/ioopt/appbench/apps/MLPerf-storage/dlio_benchmark/dlio_benchmark/utils/statscounter.py:325]
[INFO] 2025-05-05T16:24:19.584814 Rank 0 step 81 processed 5 samples in 2.2660579681396484 s [/mnt/ioopt/appbench/apps/MLPerf-storage/dlio_benchmark/dlio_benchmark/utils/statscounter.py:325]
[INFO] 2025-05-05T16:24:19.913560 Rank 0 step 82 processed 5 samples in 0.3282763957977295 s [/mnt/ioopt/appbench/apps/MLPerf-storage/dlio_benchmark/dlio_benchmark/utils/statscounter.py:325]
[INFO] 2025-05-05T16:24:22.771444 Rank 0 step 83 processed 5 samples in 2.8574609756469727 s [/mnt/ioopt/appbench/apps/MLPerf-storage/dlio_benchmark/dlio_benchmark/utils/statscounter.py:325]
[INFO] 2025-05-05T16:24:23.100425 Rank 0 step 84 processed 5 samples in 0.3285179138183594 s [/mnt/ioopt/appbench/apps/MLPerf-storage/dlio_benchmark/dlio_benchmark/utils/statscounter.py:325]
[INFO] 2025-05-05T16:24:26.979536 Rank 0 step 85 processed 5 samples in 3.878693103790283 s [/mnt/ioopt/appbench/apps/MLPerf-storage/dlio_benchmark/dlio_benchmark/utils/statscounter.py:325]
[INFO] 2025-05-05T16:24:31.575807 Rank 0 step 86 processed 5 samples in 4.595808744430542 s [/mnt/ioopt/appbench/apps/MLPerf-storage/dlio_benchmark/dlio_benchmark/utils/statscounter.py:325]
[INFO] 2025-05-05T16:24:31.904572 Rank 0 step 87 processed 5 samples in 0.3282909393310547 s [/mnt/ioopt/appbench/apps/MLPerf-storage/dlio_benchmark/dlio_benchmark/utils/statscounter.py:325]
[INFO] 2025-05-05T16:24:33.042974 Rank 0 step 88 processed 5 samples in 1.137969732284546 s [/mnt/ioopt/appbench/apps/MLPerf-storage/dlio_benchmark/dlio_benchmark/utils/statscounter.py:325]
[INFO] 2025-05-05T16:24:34.980198 Rank 0 step 89 processed 5 samples in 1.936744213104248 s [/mnt/ioopt/appbench/apps/MLPerf-storage/dlio_benchmark/dlio_benchmark/utils/statscounter.py:325]
[INFO] 2025-05-05T16:24:35.495682 Rank 0 step 90 processed 5 samples in 0.5150125026702881 s [/mnt/ioopt/appbench/apps/MLPerf-storage/dlio_benchmark/dlio_benchmark/utils/statscounter.py:325]
[INFO] 2025-05-05T16:24:39.236398 Rank 0 step 91 processed 5 samples in 3.7402074337005615 s [/mnt/ioopt/appbench/apps/MLPerf-storage/dlio_benchmark/dlio_benchmark/utils/statscounter.py:325]
[INFO] 2025-05-05T16:24:46.709708 Rank 0 step 92 processed 5 samples in 7.472824335098267 s [/mnt/ioopt/appbench/apps/MLPerf-storage/dlio_benchmark/dlio_benchmark/utils/statscounter.py:325]
[INFO] 2025-05-05T16:24:47.811425 Rank 0 step 93 processed 5 samples in 1.1012017726898193 s [/mnt/ioopt/appbench/apps/MLPerf-storage/dlio_benchmark/dlio_benchmark/utils/statscounter.py:325]
[INFO] 2025-05-05T16:24:48.158864 Rank 0 step 94 processed 5 samples in 0.3469817638397217 s [/mnt/ioopt/appbench/apps/MLPerf-storage/dlio_benchmark/dlio_benchmark/utils/statscounter.py:325]
[INFO] 2025-05-05T16:24:49.365330 Rank 0 step 95 processed 5 samples in 1.2059972286224365 s [/mnt/ioopt/appbench/apps/MLPerf-storage/dlio_benchmark/dlio_benchmark/utils/statscounter.py:325]
[INFO] 2025-05-05T16:24:50.193392 Rank 0 step 96 processed 5 samples in 0.8276081085205078 s [/mnt/ioopt/appbench/apps/MLPerf-storage/dlio_benchmark/dlio_benchmark/utils/statscounter.py:325]
[INFO] 2025-05-05T16:24:51.613372 Rank 0 step 97 processed 5 samples in 1.4194846153259277 s [/mnt/ioopt/appbench/apps/MLPerf-storage/dlio_benchmark/dlio_benchmark/utils/statscounter.py:325]
[INFO] 2025-05-05T16:24:58.851524 Rank 0 step 98 processed 5 samples in 7.237684488296509 s [/mnt/ioopt/appbench/apps/MLPerf-storage/dlio_benchmark/dlio_benchmark/utils/statscounter.py:325]
[INFO] 2025-05-05T16:25:03.189122 Rank 0 step 99 processed 5 samples in 4.337071895599365 s [/mnt/ioopt/appbench/apps/MLPerf-storage/dlio_benchmark/dlio_benchmark/utils/statscounter.py:325]
[INFO] 2025-05-05T16:25:03.518234 Rank 0 step 100 processed 5 samples in 0.32865071296691895 s [/mnt/ioopt/appbench/apps/MLPerf-storage/dlio_benchmark/dlio_benchmark/utils/statscounter.py:325]
[INFO] 2025-05-05T16:25:05.094061 Rank 0 step 101 processed 5 samples in 1.5753979682922363 s [/mnt/ioopt/appbench/apps/MLPerf-storage/dlio_benchmark/dlio_benchmark/utils/statscounter.py:325]
[INFO] 2025-05-05T16:25:05.422730 Rank 0 step 102 processed 5 samples in 0.32822608947753906 s [/mnt/ioopt/appbench/apps/MLPerf-storage/dlio_benchmark/dlio_benchmark/utils/statscounter.py:325]
[INFO] 2025-05-05T16:25:05.751667 Rank 0 step 103 processed 5 samples in 0.328479528427124 s [/mnt/ioopt/appbench/apps/MLPerf-storage/dlio_benchmark/dlio_benchmark/utils/statscounter.py:325]
[INFO] 2025-05-05T16:25:07.413835 Rank 0 step 104 processed 5 samples in 1.6617341041564941 s [/mnt/ioopt/appbench/apps/MLPerf-storage/dlio_benchmark/dlio_benchmark/utils/statscounter.py:325]
[INFO] 2025-05-05T16:25:13.628241 Rank 0 step 105 processed 5 samples in 6.213881254196167 s [/mnt/ioopt/appbench/apps/MLPerf-storage/dlio_benchmark/dlio_benchmark/utils/statscounter.py:325]
[INFO] 2025-05-05T16:25:17.903940 Rank 0 step 106 processed 5 samples in 4.27522087097168 s [/mnt/ioopt/appbench/apps/MLPerf-storage/dlio_benchmark/dlio_benchmark/utils/statscounter.py:325]
[INFO] 2025-05-05T16:25:18.943144 Rank 0 step 107 processed 5 samples in 1.0387609004974365 s [/mnt/ioopt/appbench/apps/MLPerf-storage/dlio_benchmark/dlio_benchmark/utils/statscounter.py:325]
[INFO] 2025-05-05T16:25:21.985944 Rank 0 step 108 processed 5 samples in 3.042356252670288 s [/mnt/ioopt/appbench/apps/MLPerf-storage/dlio_benchmark/dlio_benchmark/utils/statscounter.py:325]
[INFO] 2025-05-05T16:25:22.314732 Rank 0 step 109 processed 5 samples in 0.3283061981201172 s [/mnt/ioopt/appbench/apps/MLPerf-storage/dlio_benchmark/dlio_benchmark/utils/statscounter.py:325]
[INFO] 2025-05-05T16:25:22.643736 Rank 0 step 110 processed 5 samples in 0.3285539150238037 s [/mnt/ioopt/appbench/apps/MLPerf-storage/dlio_benchmark/dlio_benchmark/utils/statscounter.py:325]
[INFO] 2025-05-05T16:25:26.841235 Rank 0 step 111 processed 5 samples in 4.197084426879883 s [/mnt/ioopt/appbench/apps/MLPerf-storage/dlio_benchmark/dlio_benchmark/utils/statscounter.py:325]
[INFO] 2025-05-05T16:25:32.229761 Rank 0 step 112 processed 5 samples in 5.3880534172058105 s [/mnt/ioopt/appbench/apps/MLPerf-storage/dlio_benchmark/dlio_benchmark/utils/statscounter.py:325]
[INFO] 2025-05-05T16:25:32.558428 Rank 0 step 113 processed 5 samples in 0.32822608947753906 s [/mnt/ioopt/appbench/apps/MLPerf-storage/dlio_benchmark/dlio_benchmark/utils/statscounter.py:325]
[INFO] 2025-05-05T16:25:37.038276 Rank 0 step 114 processed 5 samples in 4.479427337646484 s [/mnt/ioopt/appbench/apps/MLPerf-storage/dlio_benchmark/dlio_benchmark/utils/statscounter.py:325]
[INFO] 2025-05-05T16:25:39.189365 Rank 0 step 115 processed 5 samples in 2.1505722999572754 s [/mnt/ioopt/appbench/apps/MLPerf-storage/dlio_benchmark/dlio_benchmark/utils/statscounter.py:325]
[INFO] 2025-05-05T16:25:39.518093 Rank 0 step 116 processed 5 samples in 0.3282637596130371 s [/mnt/ioopt/appbench/apps/MLPerf-storage/dlio_benchmark/dlio_benchmark/utils/statscounter.py:325]
[INFO] 2025-05-05T16:25:40.265546 Rank 0 step 117 processed 5 samples in 0.7470383644104004 s [/mnt/ioopt/appbench/apps/MLPerf-storage/dlio_benchmark/dlio_benchmark/utils/statscounter.py:325]
[INFO] 2025-05-05T16:25:43.480593 Rank 0 step 118 processed 5 samples in 3.2145915031433105 s [/mnt/ioopt/appbench/apps/MLPerf-storage/dlio_benchmark/dlio_benchmark/utils/statscounter.py:325]
[INFO] 2025-05-05T16:25:47.841632 Rank 0 step 119 processed 5 samples in 4.360595464706421 s [/mnt/ioopt/appbench/apps/MLPerf-storage/dlio_benchmark/dlio_benchmark/utils/statscounter.py:325]
[INFO] 2025-05-05T16:25:52.889223 Rank 0 step 120 processed 5 samples in 5.04714560508728 s [/mnt/ioopt/appbench/apps/MLPerf-storage/dlio_benchmark/dlio_benchmark/utils/statscounter.py:325]
[INFO] 2025-05-05T16:25:53.926106 Rank 0 step 121 processed 5 samples in 1.036369800567627 s [/mnt/ioopt/appbench/apps/MLPerf-storage/dlio_benchmark/dlio_benchmark/utils/statscounter.py:325]
[INFO] 2025-05-05T16:25:54.539584 Rank 0 step 122 processed 5 samples in 0.6129980087280273 s [/mnt/ioopt/appbench/apps/MLPerf-storage/dlio_benchmark/dlio_benchmark/utils/statscounter.py:325]
[INFO] 2025-05-05T16:25:55.795065 Rank 0 step 123 processed 5 samples in 1.2549667358398438 s [/mnt/ioopt/appbench/apps/MLPerf-storage/dlio_benchmark/dlio_benchmark/utils/statscounter.py:325]
[INFO] 2025-05-05T16:25:56.596443 Rank 0 step 124 processed 5 samples in 0.8008928298950195 s [/mnt/ioopt/appbench/apps/MLPerf-storage/dlio_benchmark/dlio_benchmark/utils/statscounter.py:325]
[INFO] 2025-05-05T16:26:01.225380 Rank 0 step 125 processed 5 samples in 4.628496885299683 s [/mnt/ioopt/appbench/apps/MLPerf-storage/dlio_benchmark/dlio_benchmark/utils/statscounter.py:325]
[INFO] 2025-05-05T16:26:08.056834 Rank 0 step 126 processed 5 samples in 6.83098030090332 s [/mnt/ioopt/appbench/apps/MLPerf-storage/dlio_benchmark/dlio_benchmark/utils/statscounter.py:325]
[INFO] 2025-05-05T16:26:09.919793 Rank 0 step 127 processed 5 samples in 1.8618626594543457 s [/mnt/ioopt/appbench/apps/MLPerf-storage/dlio_benchmark/dlio_benchmark/utils/statscounter.py:325]
[INFO] 2025-05-05T16:26:10.248542 Rank 0 step 128 processed 5 samples in 0.32828474044799805 s [/mnt/ioopt/appbench/apps/MLPerf-storage/dlio_benchmark/dlio_benchmark/utils/statscounter.py:325]
[INFO] 2025-05-05T16:26:10.577488 Rank 0 step 129 processed 5 samples in 0.3285219669342041 s [/mnt/ioopt/appbench/apps/MLPerf-storage/dlio_benchmark/dlio_benchmark/utils/statscounter.py:325]
[INFO] 2025-05-05T16:26:10.906391 Rank 0 step 130 processed 5 samples in 0.32846951484680176 s [/mnt/ioopt/appbench/apps/MLPerf-storage/dlio_benchmark/dlio_benchmark/utils/statscounter.py:325]
[INFO] 2025-05-05T16:26:11.340278 Rank 0 step 131 processed 5 samples in 0.4334685802459717 s [/mnt/ioopt/appbench/apps/MLPerf-storage/dlio_benchmark/dlio_benchmark/utils/statscounter.py:325]
[INFO] 2025-05-05T16:26:20.417301 Rank 0 step 132 processed 5 samples in 9.07655119895935 s [/mnt/ioopt/appbench/apps/MLPerf-storage/dlio_benchmark/dlio_benchmark/utils/statscounter.py:325]
[INFO] 2025-05-05T16:26:23.079870 Rank 0 step 133 processed 5 samples in 2.6620559692382812 s [/mnt/ioopt/appbench/apps/MLPerf-storage/dlio_benchmark/dlio_benchmark/utils/statscounter.py:325]
[INFO] 2025-05-05T16:26:24.189678 Rank 0 step 134 processed 5 samples in 1.1093225479125977 s [/mnt/ioopt/appbench/apps/MLPerf-storage/dlio_benchmark/dlio_benchmark/utils/statscounter.py:325]
[INFO] 2025-05-05T16:26:24.518654 Rank 0 step 135 processed 5 samples in 0.3284449577331543 s [/mnt/ioopt/appbench/apps/MLPerf-storage/dlio_benchmark/dlio_benchmark/utils/statscounter.py:325]
[INFO] 2025-05-05T16:26:24.847840 Rank 0 step 136 processed 5 samples in 0.3286862373352051 s [/mnt/ioopt/appbench/apps/MLPerf-storage/dlio_benchmark/dlio_benchmark/utils/statscounter.py:325]
[INFO] 2025-05-05T16:26:25.178666 Rank 0 step 137 processed 5 samples in 0.33037877082824707 s [/mnt/ioopt/appbench/apps/MLPerf-storage/dlio_benchmark/dlio_benchmark/utils/statscounter.py:325]
[INFO] 2025-05-05T16:26:32.234162 Rank 0 step 138 processed 5 samples in 7.055006504058838 s [/mnt/ioopt/appbench/apps/MLPerf-storage/dlio_benchmark/dlio_benchmark/utils/statscounter.py:325]
[INFO] 2025-05-05T16:26:35.775183 Rank 0 step 139 processed 5 samples in 3.5404632091522217 s [/mnt/ioopt/appbench/apps/MLPerf-storage/dlio_benchmark/dlio_benchmark/utils/statscounter.py:325]
[INFO] 2025-05-05T16:26:38.363587 Rank 0 step 140 processed 5 samples in 2.58791184425354 s [/mnt/ioopt/appbench/apps/MLPerf-storage/dlio_benchmark/dlio_benchmark/utils/statscounter.py:325]
[INFO] 2025-05-05T16:26:39.474445 Rank 0 step 141 processed 5 samples in 1.1103394031524658 s [/mnt/ioopt/appbench/apps/MLPerf-storage/dlio_benchmark/dlio_benchmark/utils/statscounter.py:325]
[INFO] 2025-05-05T16:26:39.803082 Rank 0 step 142 processed 5 samples in 0.32814955711364746 s [/mnt/ioopt/appbench/apps/MLPerf-storage/dlio_benchmark/dlio_benchmark/utils/statscounter.py:325]
[INFO] 2025-05-05T16:26:41.977056 Rank 0 step 143 processed 5 samples in 2.1735482215881348 s [/mnt/ioopt/appbench/apps/MLPerf-storage/dlio_benchmark/dlio_benchmark/utils/statscounter.py:325]
[INFO] 2025-05-05T16:26:45.306700 Rank 0 step 144 processed 5 samples in 3.3291728496551514 s [/mnt/ioopt/appbench/apps/MLPerf-storage/dlio_benchmark/dlio_benchmark/utils/statscounter.py:325]
[INFO] 2025-05-05T16:26:47.925996 Rank 0 step 145 processed 5 samples in 2.6189773082733154 s [/mnt/ioopt/appbench/apps/MLPerf-storage/dlio_benchmark/dlio_benchmark/utils/statscounter.py:325]
[INFO] 2025-05-05T16:26:52.619854 Rank 0 step 146 processed 5 samples in 4.693379640579224 s [/mnt/ioopt/appbench/apps/MLPerf-storage/dlio_benchmark/dlio_benchmark/utils/statscounter.py:325]
[INFO] 2025-05-05T16:26:55.468350 Rank 0 step 147 processed 5 samples in 2.8480257987976074 s [/mnt/ioopt/appbench/apps/MLPerf-storage/dlio_benchmark/dlio_benchmark/utils/statscounter.py:325]
[INFO] 2025-05-05T16:26:55.797086 Rank 0 step 148 processed 5 samples in 0.32827329635620117 s [/mnt/ioopt/appbench/apps/MLPerf-storage/dlio_benchmark/dlio_benchmark/utils/statscounter.py:325]
[INFO] 2025-05-05T16:26:58.113551 Rank 0 step 149 processed 5 samples in 2.3160347938537598 s [/mnt/ioopt/appbench/apps/MLPerf-storage/dlio_benchmark/dlio_benchmark/utils/statscounter.py:325]
[INFO] 2025-05-05T16:26:58.442594 Rank 0 step 150 processed 5 samples in 0.3285794258117676 s [/mnt/ioopt/appbench/apps/MLPerf-storage/dlio_benchmark/dlio_benchmark/utils/statscounter.py:325]
[INFO] 2025-05-05T16:27:05.089092 Rank 0 step 151 processed 5 samples in 6.6460137367248535 s [/mnt/ioopt/appbench/apps/MLPerf-storage/dlio_benchmark/dlio_benchmark/utils/statscounter.py:325]
[INFO] 2025-05-05T16:27:09.346786 Rank 0 step 152 processed 5 samples in 4.257214546203613 s [/mnt/ioopt/appbench/apps/MLPerf-storage/dlio_benchmark/dlio_benchmark/utils/statscounter.py:325]
[INFO] 2025-05-05T16:27:09.675995 Rank 0 step 153 processed 5 samples in 0.328693151473999 s [/mnt/ioopt/appbench/apps/MLPerf-storage/dlio_benchmark/dlio_benchmark/utils/statscounter.py:325]
[INFO] 2025-05-05T16:27:10.681773 Rank 0 step 154 processed 5 samples in 1.005309820175171 s [/mnt/ioopt/appbench/apps/MLPerf-storage/dlio_benchmark/dlio_benchmark/utils/statscounter.py:325]
[INFO] 2025-05-05T16:27:11.315470 Rank 0 step 155 processed 5 samples in 0.6332283020019531 s [/mnt/ioopt/appbench/apps/MLPerf-storage/dlio_benchmark/dlio_benchmark/utils/statscounter.py:325]
[INFO] 2025-05-05T16:27:11.695976 Rank 0 step 156 processed 5 samples in 0.3800480365753174 s [/mnt/ioopt/appbench/apps/MLPerf-storage/dlio_benchmark/dlio_benchmark/utils/statscounter.py:325]
[INFO] 2025-05-05T16:27:19.690593 Rank 0 step 157 processed 5 samples in 7.994046688079834 s [/mnt/ioopt/appbench/apps/MLPerf-storage/dlio_benchmark/dlio_benchmark/utils/statscounter.py:325]
[INFO] 2025-05-05T16:27:23.645061 Rank 0 step 158 processed 5 samples in 3.953806161880493 s [/mnt/ioopt/appbench/apps/MLPerf-storage/dlio_benchmark/dlio_benchmark/utils/statscounter.py:325]
[INFO] 2025-05-05T16:27:23.974521 Rank 0 step 159 processed 5 samples in 0.3285701274871826 s [/mnt/ioopt/appbench/apps/MLPerf-storage/dlio_benchmark/dlio_benchmark/utils/statscounter.py:325]
[INFO] 2025-05-05T16:27:24.303691 Rank 0 step 160 processed 5 samples in 0.3287012577056885 s [/mnt/ioopt/appbench/apps/MLPerf-storage/dlio_benchmark/dlio_benchmark/utils/statscounter.py:325]
[INFO] 2025-05-05T16:27:24.632776 Rank 0 step 161 processed 5 samples in 0.3286421298980713 s [/mnt/ioopt/appbench/apps/MLPerf-storage/dlio_benchmark/dlio_benchmark/utils/statscounter.py:325]
[INFO] 2025-05-05T16:27:25.603125 Rank 0 step 162 processed 5 samples in 0.969912052154541 s [/mnt/ioopt/appbench/apps/MLPerf-storage/dlio_benchmark/dlio_benchmark/utils/statscounter.py:325]
[INFO] 2025-05-05T16:27:32.534937 Rank 0 step 163 processed 5 samples in 6.931346654891968 s [/mnt/ioopt/appbench/apps/MLPerf-storage/dlio_benchmark/dlio_benchmark/utils/statscounter.py:325]
[INFO] 2025-05-05T16:27:37.543687 Rank 0 step 164 processed 5 samples in 5.008233308792114 s [/mnt/ioopt/appbench/apps/MLPerf-storage/dlio_benchmark/dlio_benchmark/utils/statscounter.py:325]
[INFO] 2025-05-05T16:27:37.873045 Rank 0 step 165 processed 5 samples in 0.32883453369140625 s [/mnt/ioopt/appbench/apps/MLPerf-storage/dlio_benchmark/dlio_benchmark/utils/statscounter.py:325]
[INFO] 2025-05-05T16:27:38.202174 Rank 0 step 166 processed 5 samples in 0.3284749984741211 s [/mnt/ioopt/appbench/apps/MLPerf-storage/dlio_benchmark/dlio_benchmark/utils/statscounter.py:325]
[INFO] 2025-05-05T16:27:38.533802 Rank 0 step 167 processed 5 samples in 0.3311278820037842 s [/mnt/ioopt/appbench/apps/MLPerf-storage/dlio_benchmark/dlio_benchmark/utils/statscounter.py:325]
[INFO] 2025-05-05T16:27:38.862882 Rank 0 step 168 processed 5 samples in 0.32861828804016113 s [/mnt/ioopt/appbench/apps/MLPerf-storage/dlio_benchmark/dlio_benchmark/utils/statscounter.py:325]
[INFO] 2025-05-05T16:27:41.264049 Rank 0 step 169 processed 5 samples in 2.400646924972534 s [/mnt/ioopt/appbench/apps/MLPerf-storage/dlio_benchmark/dlio_benchmark/utils/statscounter.py:325]
[INFO] 2025-05-05T16:27:48.171184 Rank 0 step 170 processed 5 samples in 6.906658172607422 s [/mnt/ioopt/appbench/apps/MLPerf-storage/dlio_benchmark/dlio_benchmark/utils/statscounter.py:325]
[INFO] 2025-05-05T16:27:51.921042 Rank 0 step 171 processed 5 samples in 3.749319314956665 s [/mnt/ioopt/appbench/apps/MLPerf-storage/dlio_benchmark/dlio_benchmark/utils/statscounter.py:325]
[INFO] 2025-05-05T16:27:53.097942 Rank 0 step 172 processed 5 samples in 1.1764304637908936 s [/mnt/ioopt/appbench/apps/MLPerf-storage/dlio_benchmark/dlio_benchmark/utils/statscounter.py:325]
[INFO] 2025-05-05T16:27:53.426868 Rank 0 step 173 processed 5 samples in 0.32846665382385254 s [/mnt/ioopt/appbench/apps/MLPerf-storage/dlio_benchmark/dlio_benchmark/utils/statscounter.py:325]
[INFO] 2025-05-05T16:27:53.760879 Rank 0 step 174 processed 5 samples in 0.3287627696990967 s [/mnt/ioopt/appbench/apps/MLPerf-storage/dlio_benchmark/dlio_benchmark/utils/statscounter.py:325]
[INFO] 2025-05-05T16:27:55.694330 Rank 0 step 175 processed 5 samples in 1.9330182075500488 s [/mnt/ioopt/appbench/apps/MLPerf-storage/dlio_benchmark/dlio_benchmark/utils/statscounter.py:325]
[INFO] 2025-05-05T16:27:58.576736 Rank 0 step 176 processed 5 samples in 2.881948709487915 s [/mnt/ioopt/appbench/apps/MLPerf-storage/dlio_benchmark/dlio_benchmark/utils/statscounter.py:325]
[INFO] 2025-05-05T16:28:00.983907 Rank 0 step 177 processed 5 samples in 2.4068307876586914 s [/mnt/ioopt/appbench/apps/MLPerf-storage/dlio_benchmark/dlio_benchmark/utils/statscounter.py:325]
[INFO] 2025-05-05T16:28:06.737962 Rank 0 step 178 processed 5 samples in 5.753586530685425 s [/mnt/ioopt/appbench/apps/MLPerf-storage/dlio_benchmark/dlio_benchmark/utils/statscounter.py:325]
[INFO] 2025-05-05T16:28:07.069177 Rank 0 step 179 processed 5 samples in 0.330751895904541 s [/mnt/ioopt/appbench/apps/MLPerf-storage/dlio_benchmark/dlio_benchmark/utils/statscounter.py:325]
[INFO] 2025-05-05T16:28:07.398223 Rank 0 step 180 processed 5 samples in 0.3285987377166748 s [/mnt/ioopt/appbench/apps/MLPerf-storage/dlio_benchmark/dlio_benchmark/utils/statscounter.py:325]
[INFO] 2025-05-05T16:28:07.728974 Rank 0 step 181 processed 5 samples in 0.330319881439209 s [/mnt/ioopt/appbench/apps/MLPerf-storage/dlio_benchmark/dlio_benchmark/utils/statscounter.py:325]
[INFO] 2025-05-05T16:28:12.140753 Rank 0 step 182 processed 5 samples in 4.411325931549072 s [/mnt/ioopt/appbench/apps/MLPerf-storage/dlio_benchmark/dlio_benchmark/utils/statscounter.py:325]
[INFO] 2025-05-05T16:28:14.385695 Rank 0 step 183 processed 5 samples in 2.244443655014038 s [/mnt/ioopt/appbench/apps/MLPerf-storage/dlio_benchmark/dlio_benchmark/utils/statscounter.py:325]
[INFO] 2025-05-05T16:28:17.076003 Rank 0 step 184 processed 5 samples in 2.6898438930511475 s [/mnt/ioopt/appbench/apps/MLPerf-storage/dlio_benchmark/dlio_benchmark/utils/statscounter.py:325]
[INFO] 2025-05-05T16:28:17.405221 Rank 0 step 185 processed 5 samples in 0.32876038551330566 s [/mnt/ioopt/appbench/apps/MLPerf-storage/dlio_benchmark/dlio_benchmark/utils/statscounter.py:325]
[INFO] 2025-05-05T16:28:20.481559 Rank 0 step 186 processed 5 samples in 3.075883388519287 s [/mnt/ioopt/appbench/apps/MLPerf-storage/dlio_benchmark/dlio_benchmark/utils/statscounter.py:325]
[INFO] 2025-05-05T16:28:21.887552 Rank 0 step 187 processed 5 samples in 1.4054763317108154 s [/mnt/ioopt/appbench/apps/MLPerf-storage/dlio_benchmark/dlio_benchmark/utils/statscounter.py:325]
[INFO] 2025-05-05T16:28:24.542600 Rank 0 step 188 processed 5 samples in 2.654278039932251 s [/mnt/ioopt/appbench/apps/MLPerf-storage/dlio_benchmark/dlio_benchmark/utils/statscounter.py:325]
[INFO] 2025-05-05T16:28:28.897141 Rank 0 step 189 processed 5 samples in 4.353793144226074 s [/mnt/ioopt/appbench/apps/MLPerf-storage/dlio_benchmark/dlio_benchmark/utils/statscounter.py:325]
[INFO] 2025-05-05T16:28:31.204920 Rank 0 step 190 processed 5 samples in 2.307286262512207 s [/mnt/ioopt/appbench/apps/MLPerf-storage/dlio_benchmark/dlio_benchmark/utils/statscounter.py:325]
[INFO] 2025-05-05T16:28:31.533727 Rank 0 step 191 processed 5 samples in 0.3283512592315674 s [/mnt/ioopt/appbench/apps/MLPerf-storage/dlio_benchmark/dlio_benchmark/utils/statscounter.py:325]
[INFO] 2025-05-05T16:28:31.865616 Rank 0 step 192 processed 5 samples in 0.3314502239227295 s [/mnt/ioopt/appbench/apps/MLPerf-storage/dlio_benchmark/dlio_benchmark/utils/statscounter.py:325]
[INFO] 2025-05-05T16:28:37.849557 Rank 0 step 193 processed 5 samples in 5.983447551727295 s [/mnt/ioopt/appbench/apps/MLPerf-storage/dlio_benchmark/dlio_benchmark/utils/statscounter.py:325]
[INFO] 2025-05-05T16:28:38.178431 Rank 0 step 194 processed 5 samples in 0.3283860683441162 s [/mnt/ioopt/appbench/apps/MLPerf-storage/dlio_benchmark/dlio_benchmark/utils/statscounter.py:325]
[INFO] 2025-05-05T16:28:45.613885 Rank 0 step 195 processed 5 samples in 7.435001373291016 s [/mnt/ioopt/appbench/apps/MLPerf-storage/dlio_benchmark/dlio_benchmark/utils/statscounter.py:325]
[INFO] 2025-05-05T16:28:46.204844 Rank 0 step 196 processed 5 samples in 0.5904636383056641 s [/mnt/ioopt/appbench/apps/MLPerf-storage/dlio_benchmark/dlio_benchmark/utils/statscounter.py:325]
[INFO] 2025-05-05T16:28:46.536188 Rank 0 step 197 processed 5 samples in 0.33087611198425293 s [/mnt/ioopt/appbench/apps/MLPerf-storage/dlio_benchmark/dlio_benchmark/utils/statscounter.py:325]
[INFO] 2025-05-05T16:28:46.900012 Rank 0 step 198 processed 5 samples in 0.36336493492126465 s [/mnt/ioopt/appbench/apps/MLPerf-storage/dlio_benchmark/dlio_benchmark/utils/statscounter.py:325]
[INFO] 2025-05-05T16:28:48.247118 Rank 0 step 199 processed 5 samples in 1.3465840816497803 s [/mnt/ioopt/appbench/apps/MLPerf-storage/dlio_benchmark/dlio_benchmark/utils/statscounter.py:325]
[INFO] 2025-05-05T16:28:54.708065 Rank 0 step 200 processed 5 samples in 6.460481405258179 s [/mnt/ioopt/appbench/apps/MLPerf-storage/dlio_benchmark/dlio_benchmark/utils/statscounter.py:325]
[INFO] 2025-05-05T16:29:00.260085 Rank 0 step 201 processed 5 samples in 5.551489353179932 s [/mnt/ioopt/appbench/apps/MLPerf-storage/dlio_benchmark/dlio_benchmark/utils/statscounter.py:325]
[INFO] 2025-05-05T16:29:00.589228 Rank 0 step 202 processed 5 samples in 0.3286576271057129 s [/mnt/ioopt/appbench/apps/MLPerf-storage/dlio_benchmark/dlio_benchmark/utils/statscounter.py:325]
[INFO] 2025-05-05T16:29:00.920259 Rank 0 step 203 processed 5 samples in 0.33057355880737305 s [/mnt/ioopt/appbench/apps/MLPerf-storage/dlio_benchmark/dlio_benchmark/utils/statscounter.py:325]
[INFO] 2025-05-05T16:29:02.248816 Rank 0 step 204 processed 5 samples in 1.3281097412109375 s [/mnt/ioopt/appbench/apps/MLPerf-storage/dlio_benchmark/dlio_benchmark/utils/statscounter.py:325]
[INFO] 2025-05-05T16:29:02.578185 Rank 0 step 205 processed 5 samples in 0.328869104385376 s [/mnt/ioopt/appbench/apps/MLPerf-storage/dlio_benchmark/dlio_benchmark/utils/statscounter.py:325]
[INFO] 2025-05-05T16:29:07.880243 Rank 0 step 206 processed 5 samples in 5.301566123962402 s [/mnt/ioopt/appbench/apps/MLPerf-storage/dlio_benchmark/dlio_benchmark/utils/statscounter.py:325]
[INFO] 2025-05-05T16:29:12.652559 Rank 0 step 207 processed 5 samples in 4.771820306777954 s [/mnt/ioopt/appbench/apps/MLPerf-storage/dlio_benchmark/dlio_benchmark/utils/statscounter.py:325]
[INFO] 2025-05-05T16:29:12.981374 Rank 0 step 208 processed 5 samples in 0.3283519744873047 s [/mnt/ioopt/appbench/apps/MLPerf-storage/dlio_benchmark/dlio_benchmark/utils/statscounter.py:325]
[INFO] 2025-05-05T16:29:13.310587 Rank 0 step 209 processed 5 samples in 0.3287653923034668 s [/mnt/ioopt/appbench/apps/MLPerf-storage/dlio_benchmark/dlio_benchmark/utils/statscounter.py:325]
[INFO] 2025-05-05T16:29:14.235879 Rank 0 step 210 processed 5 samples in 0.9248018264770508 s [/mnt/ioopt/appbench/apps/MLPerf-storage/dlio_benchmark/dlio_benchmark/utils/statscounter.py:325]
[INFO] 2025-05-05T16:29:14.565169 Rank 0 step 211 processed 5 samples in 0.3288133144378662 s [/mnt/ioopt/appbench/apps/MLPerf-storage/dlio_benchmark/dlio_benchmark/utils/statscounter.py:325]
[INFO] 2025-05-05T16:29:21.822750 Rank 0 step 212 processed 5 samples in 7.257107496261597 s [/mnt/ioopt/appbench/apps/MLPerf-storage/dlio_benchmark/dlio_benchmark/utils/statscounter.py:325]
[INFO] 2025-05-05T16:29:26.169380 Rank 0 step 213 processed 5 samples in 4.346213102340698 s [/mnt/ioopt/appbench/apps/MLPerf-storage/dlio_benchmark/dlio_benchmark/utils/statscounter.py:325]
[INFO] 2025-05-05T16:29:26.500378 Rank 0 step 214 processed 5 samples in 0.33051109313964844 s [/mnt/ioopt/appbench/apps/MLPerf-storage/dlio_benchmark/dlio_benchmark/utils/statscounter.py:325]
[INFO] 2025-05-05T16:29:26.829264 Rank 0 step 215 processed 5 samples in 0.32843708992004395 s [/mnt/ioopt/appbench/apps/MLPerf-storage/dlio_benchmark/dlio_benchmark/utils/statscounter.py:325]
[INFO] 2025-05-05T16:29:27.158375 Rank 0 step 216 processed 5 samples in 0.32866883277893066 s [/mnt/ioopt/appbench/apps/MLPerf-storage/dlio_benchmark/dlio_benchmark/utils/statscounter.py:325]
[INFO] 2025-05-05T16:29:27.487469 Rank 0 step 217 processed 5 samples in 0.3286569118499756 s [/mnt/ioopt/appbench/apps/MLPerf-storage/dlio_benchmark/dlio_benchmark/utils/statscounter.py:325]
[INFO] 2025-05-05T16:29:36.683512 Rank 0 step 218 processed 5 samples in 9.195596694946289 s [/mnt/ioopt/appbench/apps/MLPerf-storage/dlio_benchmark/dlio_benchmark/utils/statscounter.py:325]
[INFO] 2025-05-05T16:29:37.012333 Rank 0 step 219 processed 5 samples in 0.3283376693725586 s [/mnt/ioopt/appbench/apps/MLPerf-storage/dlio_benchmark/dlio_benchmark/utils/statscounter.py:325]
[INFO] 2025-05-05T16:29:40.994016 Rank 0 step 220 processed 5 samples in 3.9813809394836426 s [/mnt/ioopt/appbench/apps/MLPerf-storage/dlio_benchmark/dlio_benchmark/utils/statscounter.py:325]
[INFO] 2025-05-05T16:29:41.503002 Rank 0 step 221 processed 5 samples in 0.5085091590881348 s [/mnt/ioopt/appbench/apps/MLPerf-storage/dlio_benchmark/dlio_benchmark/utils/statscounter.py:325]
[INFO] 2025-05-05T16:29:41.832073 Rank 0 step 222 processed 5 samples in 0.32860279083251953 s [/mnt/ioopt/appbench/apps/MLPerf-storage/dlio_benchmark/dlio_benchmark/utils/statscounter.py:325]
[INFO] 2025-05-05T16:29:42.160822 Rank 0 step 223 processed 5 samples in 0.328305721282959 s [/mnt/ioopt/appbench/apps/MLPerf-storage/dlio_benchmark/dlio_benchmark/utils/statscounter.py:325]
[INFO] 2025-05-05T16:29:49.520084 Rank 0 step 224 processed 5 samples in 7.3588104248046875 s [/mnt/ioopt/appbench/apps/MLPerf-storage/dlio_benchmark/dlio_benchmark/utils/statscounter.py:325]
[INFO] 2025-05-05T16:29:49.927225 Rank 0 step 225 processed 5 samples in 0.4066746234893799 s [/mnt/ioopt/appbench/apps/MLPerf-storage/dlio_benchmark/dlio_benchmark/utils/statscounter.py:325]
[INFO] 2025-05-05T16:29:57.165370 Rank 0 step 226 processed 5 samples in 7.237681150436401 s [/mnt/ioopt/appbench/apps/MLPerf-storage/dlio_benchmark/dlio_benchmark/utils/statscounter.py:325]
[INFO] 2025-05-05T16:29:57.494237 Rank 0 step 227 processed 5 samples in 0.3284006118774414 s [/mnt/ioopt/appbench/apps/MLPerf-storage/dlio_benchmark/dlio_benchmark/utils/statscounter.py:325]
[INFO] 2025-05-05T16:29:57.823257 Rank 0 step 228 processed 5 samples in 0.3285706043243408 s [/mnt/ioopt/appbench/apps/MLPerf-storage/dlio_benchmark/dlio_benchmark/utils/statscounter.py:325]
[INFO] 2025-05-05T16:29:58.151969 Rank 0 step 229 processed 5 samples in 0.32826685905456543 s [/mnt/ioopt/appbench/apps/MLPerf-storage/dlio_benchmark/dlio_benchmark/utils/statscounter.py:325]
[INFO] 2025-05-05T16:30:03.116158 Rank 0 step 230 processed 5 samples in 4.963745355606079 s [/mnt/ioopt/appbench/apps/MLPerf-storage/dlio_benchmark/dlio_benchmark/utils/statscounter.py:325]
[INFO] 2025-05-05T16:30:03.442960 Rank 0 step 231 processed 5 samples in 0.32625389099121094 s [/mnt/ioopt/appbench/apps/MLPerf-storage/dlio_benchmark/dlio_benchmark/utils/statscounter.py:325]
[INFO] 2025-05-05T16:30:11.231313 Rank 0 step 232 processed 5 samples in 7.78803563117981 s [/mnt/ioopt/appbench/apps/MLPerf-storage/dlio_benchmark/dlio_benchmark/utils/statscounter.py:325]
[INFO] 2025-05-05T16:30:11.562936 Rank 0 step 233 processed 5 samples in 0.33114099502563477 s [/mnt/ioopt/appbench/apps/MLPerf-storage/dlio_benchmark/dlio_benchmark/utils/statscounter.py:325]
[INFO] 2025-05-05T16:30:11.891678 Rank 0 step 234 processed 5 samples in 0.32827019691467285 s [/mnt/ioopt/appbench/apps/MLPerf-storage/dlio_benchmark/dlio_benchmark/utils/statscounter.py:325]
[INFO] 2025-05-05T16:30:12.221507 Rank 0 step 235 processed 5 samples in 0.32938337326049805 s [/mnt/ioopt/appbench/apps/MLPerf-storage/dlio_benchmark/dlio_benchmark/utils/statscounter.py:325]
[INFO] 2025-05-05T16:30:12.582668 Rank 0 step 236 processed 5 samples in 0.36016178131103516 s [/mnt/ioopt/appbench/apps/MLPerf-storage/dlio_benchmark/dlio_benchmark/utils/statscounter.py:325]
[INFO] 2025-05-05T16:30:15.849047 Rank 0 step 237 processed 5 samples in 3.265838146209717 s [/mnt/ioopt/appbench/apps/MLPerf-storage/dlio_benchmark/dlio_benchmark/utils/statscounter.py:325]
[INFO] 2025-05-05T16:30:23.876557 Rank 0 step 238 processed 5 samples in 8.026991605758667 s [/mnt/ioopt/appbench/apps/MLPerf-storage/dlio_benchmark/dlio_benchmark/utils/statscounter.py:325]
[INFO] 2025-05-05T16:30:25.690020 Rank 0 step 239 processed 5 samples in 1.8129544258117676 s [/mnt/ioopt/appbench/apps/MLPerf-storage/dlio_benchmark/dlio_benchmark/utils/statscounter.py:325]
[INFO] 2025-05-05T16:30:27.596892 Rank 0 step 240 processed 5 samples in 1.906397819519043 s [/mnt/ioopt/appbench/apps/MLPerf-storage/dlio_benchmark/dlio_benchmark/utils/statscounter.py:325]
[INFO] 2025-05-05T16:30:27.925765 Rank 0 step 241 processed 5 samples in 0.32837915420532227 s [/mnt/ioopt/appbench/apps/MLPerf-storage/dlio_benchmark/dlio_benchmark/utils/statscounter.py:325]
[INFO] 2025-05-05T16:30:30.517225 Rank 0 step 242 processed 5 samples in 2.5911459922790527 s [/mnt/ioopt/appbench/apps/MLPerf-storage/dlio_benchmark/dlio_benchmark/utils/statscounter.py:325]
[INFO] 2025-05-05T16:30:34.027766 Rank 0 step 243 processed 5 samples in 3.509953498840332 s [/mnt/ioopt/appbench/apps/MLPerf-storage/dlio_benchmark/dlio_benchmark/utils/statscounter.py:325]
[INFO] 2025-05-05T16:30:37.578676 Rank 0 step 244 processed 5 samples in 3.55043625831604 s [/mnt/ioopt/appbench/apps/MLPerf-storage/dlio_benchmark/dlio_benchmark/utils/statscounter.py:325]
[INFO] 2025-05-05T16:30:40.726745 Rank 0 step 245 processed 5 samples in 3.1475911140441895 s [/mnt/ioopt/appbench/apps/MLPerf-storage/dlio_benchmark/dlio_benchmark/utils/statscounter.py:325]
[INFO] 2025-05-05T16:30:42.445116 Rank 0 step 246 processed 5 samples in 1.7178895473480225 s [/mnt/ioopt/appbench/apps/MLPerf-storage/dlio_benchmark/dlio_benchmark/utils/statscounter.py:325]
[INFO] 2025-05-05T16:30:42.774331 Rank 0 step 247 processed 5 samples in 0.3287065029144287 s [/mnt/ioopt/appbench/apps/MLPerf-storage/dlio_benchmark/dlio_benchmark/utils/statscounter.py:325]
[INFO] 2025-05-05T16:30:44.417493 Rank 0 step 248 processed 5 samples in 1.6426620483398438 s [/mnt/ioopt/appbench/apps/MLPerf-storage/dlio_benchmark/dlio_benchmark/utils/statscounter.py:325]
[INFO] 2025-05-05T16:30:47.365513 Rank 0 step 249 processed 5 samples in 2.9475109577178955 s [/mnt/ioopt/appbench/apps/MLPerf-storage/dlio_benchmark/dlio_benchmark/utils/statscounter.py:325]
[INFO] 2025-05-05T16:30:52.278578 Rank 0 step 250 processed 5 samples in 4.912562131881714 s [/mnt/ioopt/appbench/apps/MLPerf-storage/dlio_benchmark/dlio_benchmark/utils/statscounter.py:325]
[INFO] 2025-05-05T16:30:53.859190 Rank 0 step 251 processed 5 samples in 1.5801148414611816 s [/mnt/ioopt/appbench/apps/MLPerf-storage/dlio_benchmark/dlio_benchmark/utils/statscounter.py:325]
[INFO] 2025-05-05T16:30:54.188297 Rank 0 step 252 processed 5 samples in 0.32861948013305664 s [/mnt/ioopt/appbench/apps/MLPerf-storage/dlio_benchmark/dlio_benchmark/utils/statscounter.py:325]
[INFO] 2025-05-05T16:30:56.809683 Rank 0 step 253 processed 5 samples in 2.62094783782959 s [/mnt/ioopt/appbench/apps/MLPerf-storage/dlio_benchmark/dlio_benchmark/utils/statscounter.py:325]
[INFO] 2025-05-05T16:30:59.722242 Rank 0 step 254 processed 5 samples in 2.9121007919311523 s [/mnt/ioopt/appbench/apps/MLPerf-storage/dlio_benchmark/dlio_benchmark/utils/statscounter.py:325]
[INFO] 2025-05-05T16:31:00.878852 Rank 0 step 255 processed 5 samples in 1.156113862991333 s [/mnt/ioopt/appbench/apps/MLPerf-storage/dlio_benchmark/dlio_benchmark/utils/statscounter.py:325]
[INFO] 2025-05-05T16:31:05.188377 Rank 0 step 256 processed 5 samples in 4.309027671813965 s [/mnt/ioopt/appbench/apps/MLPerf-storage/dlio_benchmark/dlio_benchmark/utils/statscounter.py:325]
[INFO] 2025-05-05T16:31:06.061979 Rank 0 step 257 processed 5 samples in 0.8731298446655273 s [/mnt/ioopt/appbench/apps/MLPerf-storage/dlio_benchmark/dlio_benchmark/utils/statscounter.py:325]
[INFO] 2025-05-05T16:31:08.533013 Rank 0 step 258 processed 5 samples in 2.4705681800842285 s [/mnt/ioopt/appbench/apps/MLPerf-storage/dlio_benchmark/dlio_benchmark/utils/statscounter.py:325]
[INFO] 2025-05-05T16:31:09.494795 Rank 0 step 259 processed 5 samples in 0.9614622592926025 s [/mnt/ioopt/appbench/apps/MLPerf-storage/dlio_benchmark/dlio_benchmark/utils/statscounter.py:325]
[INFO] 2025-05-05T16:31:12.076531 Rank 0 step 260 processed 5 samples in 2.581209897994995 s [/mnt/ioopt/appbench/apps/MLPerf-storage/dlio_benchmark/dlio_benchmark/utils/statscounter.py:325]
[INFO] 2025-05-05T16:31:15.103858 Rank 0 step 261 processed 5 samples in 3.026796340942383 s [/mnt/ioopt/appbench/apps/MLPerf-storage/dlio_benchmark/dlio_benchmark/utils/statscounter.py:325]
[INFO] 2025-05-05T16:31:18.653256 Rank 0 step 262 processed 5 samples in 3.5490193367004395 s [/mnt/ioopt/appbench/apps/MLPerf-storage/dlio_benchmark/dlio_benchmark/utils/statscounter.py:325]
[INFO] 2025-05-05T16:31:19.421155 Rank 0 step 263 processed 5 samples in 0.7673764228820801 s [/mnt/ioopt/appbench/apps/MLPerf-storage/dlio_benchmark/dlio_benchmark/utils/statscounter.py:325]
[INFO] 2025-05-05T16:31:23.532608 Rank 0 step 264 processed 5 samples in 4.110913276672363 s [/mnt/ioopt/appbench/apps/MLPerf-storage/dlio_benchmark/dlio_benchmark/utils/statscounter.py:325]
[INFO] 2025-05-05T16:31:23.861818 Rank 0 step 265 processed 5 samples in 0.32871317863464355 s [/mnt/ioopt/appbench/apps/MLPerf-storage/dlio_benchmark/dlio_benchmark/utils/statscounter.py:325]
[INFO] 2025-05-05T16:31:24.190730 Rank 0 step 266 processed 5 samples in 0.32843875885009766 s [/mnt/ioopt/appbench/apps/MLPerf-storage/dlio_benchmark/dlio_benchmark/utils/statscounter.py:325]
[INFO] 2025-05-05T16:31:25.582521 Rank 0 step 267 processed 5 samples in 1.3892920017242432 s [/mnt/ioopt/appbench/apps/MLPerf-storage/dlio_benchmark/dlio_benchmark/utils/statscounter.py:325]
[INFO] 2025-05-05T16:31:30.284483 Rank 0 step 268 processed 5 samples in 4.701350212097168 s [/mnt/ioopt/appbench/apps/MLPerf-storage/dlio_benchmark/dlio_benchmark/utils/statscounter.py:325]
[INFO] 2025-05-05T16:31:36.081281 Rank 0 step 269 processed 5 samples in 5.796250581741333 s [/mnt/ioopt/appbench/apps/MLPerf-storage/dlio_benchmark/dlio_benchmark/utils/statscounter.py:325]
[INFO] 2025-05-05T16:31:36.510967 Rank 0 step 270 processed 5 samples in 0.4202718734741211 s [/mnt/ioopt/appbench/apps/MLPerf-storage/dlio_benchmark/dlio_benchmark/utils/statscounter.py:325]
[INFO] 2025-05-05T16:31:38.977750 Rank 0 step 271 processed 5 samples in 2.4662842750549316 s [/mnt/ioopt/appbench/apps/MLPerf-storage/dlio_benchmark/dlio_benchmark/utils/statscounter.py:325]
[INFO] 2025-05-05T16:31:39.407307 Rank 0 step 272 processed 5 samples in 0.4290735721588135 s [/mnt/ioopt/appbench/apps/MLPerf-storage/dlio_benchmark/dlio_benchmark/utils/statscounter.py:325]
[INFO] 2025-05-05T16:31:39.738015 Rank 0 step 273 processed 5 samples in 0.33023500442504883 s [/mnt/ioopt/appbench/apps/MLPerf-storage/dlio_benchmark/dlio_benchmark/utils/statscounter.py:325]
[INFO] 2025-05-05T16:31:45.553681 Rank 0 step 274 processed 5 samples in 5.815143823623657 s [/mnt/ioopt/appbench/apps/MLPerf-storage/dlio_benchmark/dlio_benchmark/utils/statscounter.py:325]
[INFO] 2025-05-05T16:31:48.583685 Rank 0 step 275 processed 5 samples in 3.0294814109802246 s [/mnt/ioopt/appbench/apps/MLPerf-storage/dlio_benchmark/dlio_benchmark/utils/statscounter.py:325]
[INFO] 2025-05-05T16:31:50.711975 Rank 0 step 276 processed 5 samples in 2.1278088092803955 s [/mnt/ioopt/appbench/apps/MLPerf-storage/dlio_benchmark/dlio_benchmark/utils/statscounter.py:325]
[INFO] 2025-05-05T16:31:51.640390 Rank 0 step 277 processed 5 samples in 0.9279880523681641 s [/mnt/ioopt/appbench/apps/MLPerf-storage/dlio_benchmark/dlio_benchmark/utils/statscounter.py:325]
[INFO] 2025-05-05T16:31:52.691672 Rank 0 step 278 processed 5 samples in 1.0508036613464355 s [/mnt/ioopt/appbench/apps/MLPerf-storage/dlio_benchmark/dlio_benchmark/utils/statscounter.py:325]
[INFO] 2025-05-05T16:31:53.018016 Rank 0 step 279 processed 5 samples in 0.32582926750183105 s [/mnt/ioopt/appbench/apps/MLPerf-storage/dlio_benchmark/dlio_benchmark/utils/statscounter.py:325]
[INFO] 2025-05-05T16:31:59.957747 Rank 0 step 280 processed 5 samples in 6.93934965133667 s [/mnt/ioopt/appbench/apps/MLPerf-storage/dlio_benchmark/dlio_benchmark/utils/statscounter.py:325]
[INFO] 2025-05-05T16:32:05.412471 Rank 0 step 281 processed 5 samples in 5.454238414764404 s [/mnt/ioopt/appbench/apps/MLPerf-storage/dlio_benchmark/dlio_benchmark/utils/statscounter.py:325]
[INFO] 2025-05-05T16:32:05.744069 Rank 0 step 282 processed 5 samples in 0.3311192989349365 s [/mnt/ioopt/appbench/apps/MLPerf-storage/dlio_benchmark/dlio_benchmark/utils/statscounter.py:325]
[INFO] 2025-05-05T16:32:06.073210 Rank 0 step 283 processed 5 samples in 0.32863831520080566 s [/mnt/ioopt/appbench/apps/MLPerf-storage/dlio_benchmark/dlio_benchmark/utils/statscounter.py:325]
[INFO] 2025-05-05T16:32:06.402086 Rank 0 step 284 processed 5 samples in 0.3284177780151367 s [/mnt/ioopt/appbench/apps/MLPerf-storage/dlio_benchmark/dlio_benchmark/utils/statscounter.py:325]
[INFO] 2025-05-05T16:32:06.731053 Rank 0 step 285 processed 5 samples in 0.3285207748413086 s [/mnt/ioopt/appbench/apps/MLPerf-storage/dlio_benchmark/dlio_benchmark/utils/statscounter.py:325]
[INFO] 2025-05-05T16:32:10.676652 Rank 0 step 286 processed 5 samples in 3.9451677799224854 s [/mnt/ioopt/appbench/apps/MLPerf-storage/dlio_benchmark/dlio_benchmark/utils/statscounter.py:325]
[INFO] 2025-05-05T16:32:19.333420 Rank 0 step 287 processed 5 samples in 8.65625810623169 s [/mnt/ioopt/appbench/apps/MLPerf-storage/dlio_benchmark/dlio_benchmark/utils/statscounter.py:325]
[INFO] 2025-05-05T16:32:19.664894 Rank 0 step 288 processed 5 samples in 0.33098268508911133 s [/mnt/ioopt/appbench/apps/MLPerf-storage/dlio_benchmark/dlio_benchmark/utils/statscounter.py:325]
[INFO] 2025-05-05T16:32:21.560844 Rank 0 step 289 processed 5 samples in 1.8954310417175293 s [/mnt/ioopt/appbench/apps/MLPerf-storage/dlio_benchmark/dlio_benchmark/utils/statscounter.py:325]
[INFO] 2025-05-05T16:32:21.890063 Rank 0 step 290 processed 5 samples in 0.3287477493286133 s [/mnt/ioopt/appbench/apps/MLPerf-storage/dlio_benchmark/dlio_benchmark/utils/statscounter.py:325]
[INFO] 2025-05-05T16:32:22.219021 Rank 0 step 291 processed 5 samples in 0.3285245895385742 s [/mnt/ioopt/appbench/apps/MLPerf-storage/dlio_benchmark/dlio_benchmark/utils/statscounter.py:325]
[INFO] 2025-05-05T16:32:24.842174 Rank 0 step 292 processed 5 samples in 2.622701406478882 s [/mnt/ioopt/appbench/apps/MLPerf-storage/dlio_benchmark/dlio_benchmark/utils/statscounter.py:325]
[INFO] 2025-05-05T16:32:33.224935 Rank 0 step 293 processed 5 samples in 8.382405996322632 s [/mnt/ioopt/appbench/apps/MLPerf-storage/dlio_benchmark/dlio_benchmark/utils/statscounter.py:325]
[INFO] 2025-05-05T16:32:33.551334 Rank 0 step 294 processed 5 samples in 0.32604312896728516 s [/mnt/ioopt/appbench/apps/MLPerf-storage/dlio_benchmark/dlio_benchmark/utils/statscounter.py:325]
[INFO] 2025-05-05T16:32:33.881855 Rank 0 step 295 processed 5 samples in 0.33003878593444824 s [/mnt/ioopt/appbench/apps/MLPerf-storage/dlio_benchmark/dlio_benchmark/utils/statscounter.py:325]
[INFO] 2025-05-05T16:32:35.125933 Rank 0 step 296 processed 5 samples in 1.243623971939087 s [/mnt/ioopt/appbench/apps/MLPerf-storage/dlio_benchmark/dlio_benchmark/utils/statscounter.py:325]
[INFO] 2025-05-05T16:32:35.454606 Rank 0 step 297 processed 5 samples in 0.32820582389831543 s [/mnt/ioopt/appbench/apps/MLPerf-storage/dlio_benchmark/dlio_benchmark/utils/statscounter.py:325]
[INFO] 2025-05-05T16:32:36.919286 Rank 0 step 298 processed 5 samples in 1.464216947555542 s [/mnt/ioopt/appbench/apps/MLPerf-storage/dlio_benchmark/dlio_benchmark/utils/statscounter.py:325]
[INFO] 2025-05-05T16:32:45.087708 Rank 0 step 299 processed 5 samples in 8.167663812637329 s [/mnt/ioopt/appbench/apps/MLPerf-storage/dlio_benchmark/dlio_benchmark/utils/statscounter.py:325]
[INFO] 2025-05-05T16:32:47.802720 Rank 0 step 300 processed 5 samples in 2.7147066593170166 s [/mnt/ioopt/appbench/apps/MLPerf-storage/dlio_benchmark/dlio_benchmark/utils/statscounter.py:325]
[INFO] 2025-05-05T16:32:48.131430 Rank 0 step 301 processed 5 samples in 0.3281986713409424 s [/mnt/ioopt/appbench/apps/MLPerf-storage/dlio_benchmark/dlio_benchmark/utils/statscounter.py:325]
[INFO] 2025-05-05T16:32:49.870884 Rank 0 step 302 processed 5 samples in 1.7390062808990479 s [/mnt/ioopt/appbench/apps/MLPerf-storage/dlio_benchmark/dlio_benchmark/utils/statscounter.py:325]
[INFO] 2025-05-05T16:32:50.199852 Rank 0 step 303 processed 5 samples in 0.3284313678741455 s [/mnt/ioopt/appbench/apps/MLPerf-storage/dlio_benchmark/dlio_benchmark/utils/statscounter.py:325]
[INFO] 2025-05-05T16:32:50.528803 Rank 0 step 304 processed 5 samples in 0.3284475803375244 s [/mnt/ioopt/appbench/apps/MLPerf-storage/dlio_benchmark/dlio_benchmark/utils/statscounter.py:325]
[INFO] 2025-05-05T16:32:55.836718 Rank 0 step 305 processed 5 samples in 5.307446479797363 s [/mnt/ioopt/appbench/apps/MLPerf-storage/dlio_benchmark/dlio_benchmark/utils/statscounter.py:325]
[INFO] 2025-05-05T16:33:00.715267 Rank 0 step 306 processed 5 samples in 4.878041744232178 s [/mnt/ioopt/appbench/apps/MLPerf-storage/dlio_benchmark/dlio_benchmark/utils/statscounter.py:325]
[INFO] 2025-05-05T16:33:02.013059 Rank 0 step 307 processed 5 samples in 1.2972955703735352 s [/mnt/ioopt/appbench/apps/MLPerf-storage/dlio_benchmark/dlio_benchmark/utils/statscounter.py:325]
[INFO] 2025-05-05T16:33:03.341174 Rank 0 step 308 processed 5 samples in 1.327620506286621 s [/mnt/ioopt/appbench/apps/MLPerf-storage/dlio_benchmark/dlio_benchmark/utils/statscounter.py:325]
[INFO] 2025-05-05T16:33:03.666685 Rank 0 step 309 processed 5 samples in 0.3251821994781494 s [/mnt/ioopt/appbench/apps/MLPerf-storage/dlio_benchmark/dlio_benchmark/utils/statscounter.py:325]
[INFO] 2025-05-05T16:33:04.795797 Rank 0 step 310 processed 5 samples in 1.1288013458251953 s [/mnt/ioopt/appbench/apps/MLPerf-storage/dlio_benchmark/dlio_benchmark/utils/statscounter.py:325]
[INFO] 2025-05-05T16:33:08.086852 Rank 0 step 311 processed 5 samples in 3.290771961212158 s [/mnt/ioopt/appbench/apps/MLPerf-storage/dlio_benchmark/dlio_benchmark/utils/statscounter.py:325]
[INFO] 2025-05-05T16:33:12.542975 Rank 0 step 312 processed 5 samples in 4.455824375152588 s [/mnt/ioopt/appbench/apps/MLPerf-storage/dlio_benchmark/dlio_benchmark/utils/statscounter.py:325]
[INFO] 2025-05-05T16:33:15.301736 Rank 0 step 313 processed 5 samples in 2.758256673812866 s [/mnt/ioopt/appbench/apps/MLPerf-storage/dlio_benchmark/dlio_benchmark/utils/statscounter.py:325]
[INFO] 2025-05-05T16:33:17.833506 Rank 0 step 314 processed 5 samples in 2.5312893390655518 s [/mnt/ioopt/appbench/apps/MLPerf-storage/dlio_benchmark/dlio_benchmark/utils/statscounter.py:325]
[INFO] 2025-05-05T16:33:18.162311 Rank 0 step 315 processed 5 samples in 0.3282942771911621 s [/mnt/ioopt/appbench/apps/MLPerf-storage/dlio_benchmark/dlio_benchmark/utils/statscounter.py:325]
[INFO] 2025-05-05T16:33:21.329803 Rank 0 step 316 processed 5 samples in 3.1669485569000244 s [/mnt/ioopt/appbench/apps/MLPerf-storage/dlio_benchmark/dlio_benchmark/utils/statscounter.py:325]
[INFO] 2025-05-05T16:33:25.686913 Rank 0 step 317 processed 5 samples in 4.356614351272583 s [/mnt/ioopt/appbench/apps/MLPerf-storage/dlio_benchmark/dlio_benchmark/utils/statscounter.py:325]
[INFO] 2025-05-05T16:33:26.518767 Rank 0 step 318 processed 5 samples in 0.8313171863555908 s [/mnt/ioopt/appbench/apps/MLPerf-storage/dlio_benchmark/dlio_benchmark/utils/statscounter.py:325]
[INFO] 2025-05-05T16:33:29.173863 Rank 0 step 319 processed 5 samples in 2.6545932292938232 s [/mnt/ioopt/appbench/apps/MLPerf-storage/dlio_benchmark/dlio_benchmark/utils/statscounter.py:325]
[INFO] 2025-05-05T16:33:31.261097 Rank 0 step 320 processed 5 samples in 2.0867507457733154 s [/mnt/ioopt/appbench/apps/MLPerf-storage/dlio_benchmark/dlio_benchmark/utils/statscounter.py:325]
[INFO] 2025-05-05T16:33:33.311594 Rank 0 step 321 processed 5 samples in 2.0499613285064697 s [/mnt/ioopt/appbench/apps/MLPerf-storage/dlio_benchmark/dlio_benchmark/utils/statscounter.py:325]
[INFO] 2025-05-05T16:33:33.640270 Rank 0 step 322 processed 5 samples in 0.32820987701416016 s [/mnt/ioopt/appbench/apps/MLPerf-storage/dlio_benchmark/dlio_benchmark/utils/statscounter.py:325]
[INFO] 2025-05-05T16:33:41.624280 Rank 0 step 323 processed 5 samples in 7.983594179153442 s [/mnt/ioopt/appbench/apps/MLPerf-storage/dlio_benchmark/dlio_benchmark/utils/statscounter.py:325]
[INFO] 2025-05-05T16:33:41.953294 Rank 0 step 324 processed 5 samples in 0.3285386562347412 s [/mnt/ioopt/appbench/apps/MLPerf-storage/dlio_benchmark/dlio_benchmark/utils/statscounter.py:325]
[INFO] 2025-05-05T16:33:42.545784 Rank 0 step 325 processed 5 samples in 0.5920610427856445 s [/mnt/ioopt/appbench/apps/MLPerf-storage/dlio_benchmark/dlio_benchmark/utils/statscounter.py:325]
[INFO] 2025-05-05T16:33:42.871431 Rank 0 step 326 processed 5 samples in 0.32537388801574707 s [/mnt/ioopt/appbench/apps/MLPerf-storage/dlio_benchmark/dlio_benchmark/utils/statscounter.py:325]
[INFO] 2025-05-05T16:33:46.456024 Rank 0 step 327 processed 5 samples in 3.584152936935425 s [/mnt/ioopt/appbench/apps/MLPerf-storage/dlio_benchmark/dlio_benchmark/utils/statscounter.py:325]
[INFO] 2025-05-05T16:33:46.784695 Rank 0 step 328 processed 5 samples in 0.3282155990600586 s [/mnt/ioopt/appbench/apps/MLPerf-storage/dlio_benchmark/dlio_benchmark/utils/statscounter.py:325]
[INFO] 2025-05-05T16:33:56.666033 Rank 0 step 329 processed 5 samples in 9.880866289138794 s [/mnt/ioopt/appbench/apps/MLPerf-storage/dlio_benchmark/dlio_benchmark/utils/statscounter.py:325]
[INFO] 2025-05-05T16:33:56.995405 Rank 0 step 330 processed 5 samples in 0.3285367488861084 s [/mnt/ioopt/appbench/apps/MLPerf-storage/dlio_benchmark/dlio_benchmark/utils/statscounter.py:325]
[INFO] 2025-05-05T16:33:57.324225 Rank 0 step 331 processed 5 samples in 0.3283812999725342 s [/mnt/ioopt/appbench/apps/MLPerf-storage/dlio_benchmark/dlio_benchmark/utils/statscounter.py:325]
[INFO] 2025-05-05T16:33:57.653052 Rank 0 step 332 processed 5 samples in 0.32838940620422363 s [/mnt/ioopt/appbench/apps/MLPerf-storage/dlio_benchmark/dlio_benchmark/utils/statscounter.py:325]
[INFO] 2025-05-05T16:33:57.983735 Rank 0 step 333 processed 5 samples in 0.3302161693572998 s [/mnt/ioopt/appbench/apps/MLPerf-storage/dlio_benchmark/dlio_benchmark/utils/statscounter.py:325]
[INFO] 2025-05-05T16:33:58.314805 Rank 0 step 334 processed 5 samples in 0.3305952548980713 s [/mnt/ioopt/appbench/apps/MLPerf-storage/dlio_benchmark/dlio_benchmark/utils/statscounter.py:325]
[INFO] 2025-05-05T16:34:10.601353 Rank 0 step 335 processed 5 samples in 12.286089658737183 s [/mnt/ioopt/appbench/apps/MLPerf-storage/dlio_benchmark/dlio_benchmark/utils/statscounter.py:325]
[INFO] 2025-05-05T16:34:12.691282 Rank 0 step 336 processed 5 samples in 2.0894484519958496 s [/mnt/ioopt/appbench/apps/MLPerf-storage/dlio_benchmark/dlio_benchmark/utils/statscounter.py:325]
[INFO] 2025-05-05T16:34:13.017302 Rank 0 step 337 processed 5 samples in 0.3256797790527344 s [/mnt/ioopt/appbench/apps/MLPerf-storage/dlio_benchmark/dlio_benchmark/utils/statscounter.py:325]
[INFO] 2025-05-05T16:34:13.343443 Rank 0 step 338 processed 5 samples in 0.32561349868774414 s [/mnt/ioopt/appbench/apps/MLPerf-storage/dlio_benchmark/dlio_benchmark/utils/statscounter.py:325]
[INFO] 2025-05-05T16:34:13.670474 Rank 0 step 339 processed 5 samples in 0.32666754722595215 s [/mnt/ioopt/appbench/apps/MLPerf-storage/dlio_benchmark/dlio_benchmark/utils/statscounter.py:325]
[INFO] 2025-05-05T16:34:13.996390 Rank 0 step 340 processed 5 samples in 0.32555603981018066 s [/mnt/ioopt/appbench/apps/MLPerf-storage/dlio_benchmark/dlio_benchmark/utils/statscounter.py:325]
[INFO] 2025-05-05T16:34:20.362740 Rank 0 step 341 processed 5 samples in 6.365882396697998 s [/mnt/ioopt/appbench/apps/MLPerf-storage/dlio_benchmark/dlio_benchmark/utils/statscounter.py:325]
[INFO] 2025-05-05T16:34:25.701962 Rank 0 step 342 processed 5 samples in 5.338733911514282 s [/mnt/ioopt/appbench/apps/MLPerf-storage/dlio_benchmark/dlio_benchmark/utils/statscounter.py:325]
[INFO] 2025-05-05T16:34:26.030766 Rank 0 step 343 processed 5 samples in 0.3283116817474365 s [/mnt/ioopt/appbench/apps/MLPerf-storage/dlio_benchmark/dlio_benchmark/utils/statscounter.py:325]
[INFO] 2025-05-05T16:34:26.359636 Rank 0 step 344 processed 5 samples in 0.32840561866760254 s [/mnt/ioopt/appbench/apps/MLPerf-storage/dlio_benchmark/dlio_benchmark/utils/statscounter.py:325]
[INFO] 2025-05-05T16:34:27.087344 Rank 0 step 345 processed 5 samples in 0.7272868156433105 s [/mnt/ioopt/appbench/apps/MLPerf-storage/dlio_benchmark/dlio_benchmark/utils/statscounter.py:325]
[INFO] 2025-05-05T16:34:29.740414 Rank 0 step 346 processed 5 samples in 2.6526036262512207 s [/mnt/ioopt/appbench/apps/MLPerf-storage/dlio_benchmark/dlio_benchmark/utils/statscounter.py:325]
[INFO] 2025-05-05T16:34:32.520066 Rank 0 step 347 processed 5 samples in 2.7791695594787598 s [/mnt/ioopt/appbench/apps/MLPerf-storage/dlio_benchmark/dlio_benchmark/utils/statscounter.py:325]
[INFO] 2025-05-05T16:34:36.415287 Rank 0 step 348 processed 5 samples in 3.894749879837036 s [/mnt/ioopt/appbench/apps/MLPerf-storage/dlio_benchmark/dlio_benchmark/utils/statscounter.py:325]
[INFO] 2025-05-05T16:34:40.556107 Rank 0 step 349 processed 5 samples in 4.140305042266846 s [/mnt/ioopt/appbench/apps/MLPerf-storage/dlio_benchmark/dlio_benchmark/utils/statscounter.py:325]
[INFO] 2025-05-05T16:34:40.884785 Rank 0 step 350 processed 5 samples in 0.3282291889190674 s [/mnt/ioopt/appbench/apps/MLPerf-storage/dlio_benchmark/dlio_benchmark/utils/statscounter.py:325]
[INFO] 2025-05-05T16:34:41.213716 Rank 0 step 351 processed 5 samples in 0.32849740982055664 s [/mnt/ioopt/appbench/apps/MLPerf-storage/dlio_benchmark/dlio_benchmark/utils/statscounter.py:325]
[INFO] 2025-05-05T16:34:41.539976 Rank 0 step 352 processed 5 samples in 0.32599353790283203 s [/mnt/ioopt/appbench/apps/MLPerf-storage/dlio_benchmark/dlio_benchmark/utils/statscounter.py:325]
[INFO] 2025-05-05T16:34:47.834566 Rank 0 step 353 processed 5 samples in 6.294155120849609 s [/mnt/ioopt/appbench/apps/MLPerf-storage/dlio_benchmark/dlio_benchmark/utils/statscounter.py:325]
[INFO] 2025-05-05T16:34:51.249109 Rank 0 step 354 processed 5 samples in 3.4140355587005615 s [/mnt/ioopt/appbench/apps/MLPerf-storage/dlio_benchmark/dlio_benchmark/utils/statscounter.py:325]
[INFO] 2025-05-05T16:34:55.249031 Rank 0 step 355 processed 5 samples in 3.999441146850586 s [/mnt/ioopt/appbench/apps/MLPerf-storage/dlio_benchmark/dlio_benchmark/utils/statscounter.py:325]
[INFO] 2025-05-05T16:34:55.577762 Rank 0 step 356 processed 5 samples in 0.3282644748687744 s [/mnt/ioopt/appbench/apps/MLPerf-storage/dlio_benchmark/dlio_benchmark/utils/statscounter.py:325]
[INFO] 2025-05-05T16:34:55.906226 Rank 0 step 357 processed 5 samples in 0.32805800437927246 s [/mnt/ioopt/appbench/apps/MLPerf-storage/dlio_benchmark/dlio_benchmark/utils/statscounter.py:325]
[INFO] 2025-05-05T16:34:56.235124 Rank 0 step 358 processed 5 samples in 0.32847142219543457 s [/mnt/ioopt/appbench/apps/MLPerf-storage/dlio_benchmark/dlio_benchmark/utils/statscounter.py:325]
[INFO] 2025-05-05T16:35:00.901169 Rank 0 step 359 processed 5 samples in 4.665619850158691 s [/mnt/ioopt/appbench/apps/MLPerf-storage/dlio_benchmark/dlio_benchmark/utils/statscounter.py:325]
[INFO] 2025-05-05T16:35:04.040612 Rank 0 step 360 processed 5 samples in 3.1389713287353516 s [/mnt/ioopt/appbench/apps/MLPerf-storage/dlio_benchmark/dlio_benchmark/utils/statscounter.py:325]
[INFO] 2025-05-05T16:35:07.671257 Rank 0 step 361 processed 5 samples in 3.630225419998169 s [/mnt/ioopt/appbench/apps/MLPerf-storage/dlio_benchmark/dlio_benchmark/utils/statscounter.py:325]
[INFO] 2025-05-05T16:35:08.000318 Rank 0 step 362 processed 5 samples in 0.32839488983154297 s [/mnt/ioopt/appbench/apps/MLPerf-storage/dlio_benchmark/dlio_benchmark/utils/statscounter.py:325]
[INFO] 2025-05-05T16:35:08.329480 Rank 0 step 363 processed 5 samples in 0.32867002487182617 s [/mnt/ioopt/appbench/apps/MLPerf-storage/dlio_benchmark/dlio_benchmark/utils/statscounter.py:325]
[INFO] 2025-05-05T16:35:08.660835 Rank 0 step 364 processed 5 samples in 0.33090853691101074 s [/mnt/ioopt/appbench/apps/MLPerf-storage/dlio_benchmark/dlio_benchmark/utils/statscounter.py:325]
[INFO] 2025-05-05T16:35:13.823119 Rank 0 step 365 processed 5 samples in 5.161815881729126 s [/mnt/ioopt/appbench/apps/MLPerf-storage/dlio_benchmark/dlio_benchmark/utils/statscounter.py:325]
[INFO] 2025-05-05T16:35:18.664875 Rank 0 step 366 processed 5 samples in 4.841273546218872 s [/mnt/ioopt/appbench/apps/MLPerf-storage/dlio_benchmark/dlio_benchmark/utils/statscounter.py:325]
[INFO] 2025-05-05T16:35:19.717235 Rank 0 step 367 processed 5 samples in 1.0518879890441895 s [/mnt/ioopt/appbench/apps/MLPerf-storage/dlio_benchmark/dlio_benchmark/utils/statscounter.py:325]
[INFO] 2025-05-05T16:35:20.185702 Rank 0 step 368 processed 5 samples in 0.4679863452911377 s [/mnt/ioopt/appbench/apps/MLPerf-storage/dlio_benchmark/dlio_benchmark/utils/statscounter.py:325]
[INFO] 2025-05-05T16:35:23.293694 Rank 0 step 369 processed 5 samples in 3.107471227645874 s [/mnt/ioopt/appbench/apps/MLPerf-storage/dlio_benchmark/dlio_benchmark/utils/statscounter.py:325]
[INFO] 2025-05-05T16:35:26.126745 Rank 0 step 370 processed 5 samples in 2.8325650691986084 s [/mnt/ioopt/appbench/apps/MLPerf-storage/dlio_benchmark/dlio_benchmark/utils/statscounter.py:325]
[INFO] 2025-05-05T16:35:27.346006 Rank 0 step 371 processed 5 samples in 1.2187612056732178 s [/mnt/ioopt/appbench/apps/MLPerf-storage/dlio_benchmark/dlio_benchmark/utils/statscounter.py:325]
[INFO] 2025-05-05T16:35:29.478839 Rank 0 step 372 processed 5 samples in 2.13238263130188 s [/mnt/ioopt/appbench/apps/MLPerf-storage/dlio_benchmark/dlio_benchmark/utils/statscounter.py:325]
[INFO] 2025-05-05T16:35:34.236848 Rank 0 step 373 processed 5 samples in 4.757675409317017 s [/mnt/ioopt/appbench/apps/MLPerf-storage/dlio_benchmark/dlio_benchmark/utils/statscounter.py:325]
[INFO] 2025-05-05T16:35:34.565980 Rank 0 step 374 processed 5 samples in 0.328660249710083 s [/mnt/ioopt/appbench/apps/MLPerf-storage/dlio_benchmark/dlio_benchmark/utils/statscounter.py:325]
[INFO] 2025-05-05T16:35:34.896634 Rank 0 step 375 processed 5 samples in 0.33020663261413574 s [/mnt/ioopt/appbench/apps/MLPerf-storage/dlio_benchmark/dlio_benchmark/utils/statscounter.py:325]
[INFO] 2025-05-05T16:35:41.464826 Rank 0 step 376 processed 5 samples in 6.567723751068115 s [/mnt/ioopt/appbench/apps/MLPerf-storage/dlio_benchmark/dlio_benchmark/utils/statscounter.py:325]
[INFO] 2025-05-05T16:35:44.188657 Rank 0 step 377 processed 5 samples in 2.7233545780181885 s [/mnt/ioopt/appbench/apps/MLPerf-storage/dlio_benchmark/dlio_benchmark/utils/statscounter.py:325]
[INFO] 2025-05-05T16:35:44.517522 Rank 0 step 378 processed 5 samples in 0.3283970355987549 s [/mnt/ioopt/appbench/apps/MLPerf-storage/dlio_benchmark/dlio_benchmark/utils/statscounter.py:325]
[INFO] 2025-05-05T16:35:45.586041 Rank 0 step 379 processed 5 samples in 1.0680699348449707 s [/mnt/ioopt/appbench/apps/MLPerf-storage/dlio_benchmark/dlio_benchmark/utils/statscounter.py:325]
[INFO] 2025-05-05T16:35:48.814675 Rank 0 step 380 processed 5 samples in 3.228147268295288 s [/mnt/ioopt/appbench/apps/MLPerf-storage/dlio_benchmark/dlio_benchmark/utils/statscounter.py:325]
[INFO] 2025-05-05T16:35:49.143544 Rank 0 step 381 processed 5 samples in 0.32836174964904785 s [/mnt/ioopt/appbench/apps/MLPerf-storage/dlio_benchmark/dlio_benchmark/utils/statscounter.py:325]
[INFO] 2025-05-05T16:35:50.435856 Rank 0 step 382 processed 5 samples in 1.291891098022461 s [/mnt/ioopt/appbench/apps/MLPerf-storage/dlio_benchmark/dlio_benchmark/utils/statscounter.py:325]
[INFO] 2025-05-05T16:35:57.308712 Rank 0 step 383 processed 5 samples in 6.872388124465942 s [/mnt/ioopt/appbench/apps/MLPerf-storage/dlio_benchmark/dlio_benchmark/utils/statscounter.py:325]
[INFO] 2025-05-05T16:35:57.637550 Rank 0 step 384 processed 5 samples in 0.3283557891845703 s [/mnt/ioopt/appbench/apps/MLPerf-storage/dlio_benchmark/dlio_benchmark/utils/statscounter.py:325]
[INFO] 2025-05-05T16:35:59.764452 Rank 0 step 385 processed 5 samples in 2.1264522075653076 s [/mnt/ioopt/appbench/apps/MLPerf-storage/dlio_benchmark/dlio_benchmark/utils/statscounter.py:325]
[INFO] 2025-05-05T16:36:00.892487 Rank 0 step 386 processed 5 samples in 1.1275770664215088 s [/mnt/ioopt/appbench/apps/MLPerf-storage/dlio_benchmark/dlio_benchmark/utils/statscounter.py:325]
[INFO] 2025-05-05T16:36:02.625484 Rank 0 step 387 processed 5 samples in 1.7325074672698975 s [/mnt/ioopt/appbench/apps/MLPerf-storage/dlio_benchmark/dlio_benchmark/utils/statscounter.py:325]
[INFO] 2025-05-05T16:36:02.959858 Rank 0 step 388 processed 5 samples in 0.32883548736572266 s [/mnt/ioopt/appbench/apps/MLPerf-storage/dlio_benchmark/dlio_benchmark/utils/statscounter.py:325]
[INFO] 2025-05-05T16:36:07.326042 Rank 0 step 389 processed 5 samples in 4.365740060806274 s [/mnt/ioopt/appbench/apps/MLPerf-storage/dlio_benchmark/dlio_benchmark/utils/statscounter.py:325]
[INFO] 2025-05-05T16:36:10.146294 Rank 0 step 390 processed 5 samples in 2.8197717666625977 s [/mnt/ioopt/appbench/apps/MLPerf-storage/dlio_benchmark/dlio_benchmark/utils/statscounter.py:325]
[INFO] 2025-05-05T16:36:14.024198 Rank 0 step 391 processed 5 samples in 3.877201557159424 s [/mnt/ioopt/appbench/apps/MLPerf-storage/dlio_benchmark/dlio_benchmark/utils/statscounter.py:325]
[INFO] 2025-05-05T16:36:15.237243 Rank 0 step 392 processed 5 samples in 1.2125132083892822 s [/mnt/ioopt/appbench/apps/MLPerf-storage/dlio_benchmark/dlio_benchmark/utils/statscounter.py:325]
[INFO] 2025-05-05T16:36:15.809367 Rank 0 step 393 processed 5 samples in 0.5716166496276855 s [/mnt/ioopt/appbench/apps/MLPerf-storage/dlio_benchmark/dlio_benchmark/utils/statscounter.py:325]
[INFO] 2025-05-05T16:36:16.140816 Rank 0 step 394 processed 5 samples in 0.3309452533721924 s [/mnt/ioopt/appbench/apps/MLPerf-storage/dlio_benchmark/dlio_benchmark/utils/statscounter.py:325]
[INFO] 2025-05-05T16:36:21.927511 Rank 0 step 395 processed 5 samples in 5.786224603652954 s [/mnt/ioopt/appbench/apps/MLPerf-storage/dlio_benchmark/dlio_benchmark/utils/statscounter.py:325]
[INFO] 2025-05-05T16:36:22.256577 Rank 0 step 396 processed 5 samples in 0.32856202125549316 s [/mnt/ioopt/appbench/apps/MLPerf-storage/dlio_benchmark/dlio_benchmark/utils/statscounter.py:325]
[INFO] 2025-05-05T16:36:25.294191 Rank 0 step 397 processed 5 samples in 3.037127733230591 s [/mnt/ioopt/appbench/apps/MLPerf-storage/dlio_benchmark/dlio_benchmark/utils/statscounter.py:325]
[INFO] 2025-05-05T16:36:26.256157 Rank 0 step 398 processed 5 samples in 0.9615302085876465 s [/mnt/ioopt/appbench/apps/MLPerf-storage/dlio_benchmark/dlio_benchmark/utils/statscounter.py:325]
[INFO] 2025-05-05T16:36:26.584842 Rank 0 step 399 processed 5 samples in 0.328200101852417 s [/mnt/ioopt/appbench/apps/MLPerf-storage/dlio_benchmark/dlio_benchmark/utils/statscounter.py:325]
[INFO] 2025-05-05T16:36:27.391197 Rank 0 step 400 processed 5 samples in 0.8058943748474121 s [/mnt/ioopt/appbench/apps/MLPerf-storage/dlio_benchmark/dlio_benchmark/utils/statscounter.py:325]
[INFO] 2025-05-05T16:36:27.391693 Maximum number of steps reached [/mnt/ioopt/appbench/apps/MLPerf-storage/dlio_benchmark/dlio_benchmark/main.py:293]
[INFO] 2025-05-05T16:36:27.394809 Ending block 1 - 400 steps completed in 927.00 s [/mnt/ioopt/appbench/apps/MLPerf-storage/dlio_benchmark/dlio_benchmark/utils/statscounter.py:282]
[INFO] 2025-05-05T16:36:27.422765 Epoch 1 - Block 1 [Training] Accelerator Utilization [AU] (%): 14.1465 [/mnt/ioopt/appbench/apps/MLPerf-storage/dlio_benchmark/dlio_benchmark/utils/statscounter.py:285]
[INFO] 2025-05-05T16:36:27.422884 Epoch 1 - Block 1 [Training] Throughput (samples/second): 2.1575 [/mnt/ioopt/appbench/apps/MLPerf-storage/dlio_benchmark/dlio_benchmark/utils/statscounter.py:286]
[INFO] 2025-05-05T16:36:27.424723 Ending epoch 1 - 400 steps completed in 927.06 s [/mnt/ioopt/appbench/apps/MLPerf-storage/dlio_benchmark/dlio_benchmark/utils/statscounter.py:225]
[INFO] 2025-05-05T16:36:27.430519 Saved outputs in /mnt/ioopt/appbench/apps/MLPerf-storage/resultsdir/RUN_6/batch_size_5_num_threads_6 [/mnt/ioopt/appbench/apps/MLPerf-storage/dlio_benchmark/dlio_benchmark/utils/statscounter.py:171]
[INFO] Averaged metric over all epochs
[METRIC] ==========================================================
[METRIC] Number of Simulated Accelerators: 1 
[METRIC] Training Accelerator Utilization [AU] (%): 14.1465 (0.0000)
[METRIC] Training Throughput (samples/second): 2.1575 (0.0000)
[METRIC] Training I/O Throughput (MB/second): 301.6396 (0.0000)
[METRIC] train_au_meet_expectation: fail
[METRIC] ==========================================================
 [/mnt/ioopt/appbench/apps/MLPerf-storage/dlio_benchmark/dlio_benchmark/utils/statscounter.py:185]
[INFO] 2025-05-05T16:36:27.437972 outputs saved in RANKID_output.json [/mnt/ioopt/appbench/apps/MLPerf-storage/dlio_benchmark/dlio_benchmark/utils/statscounter.py:378]
