[INFO] 2025-05-04T17:41:05.458896 Profiling DLIO /mnt/ioopt/appbench/apps/MLPerf-storage/resultsdir/RUN_4/batch_size_5_num_threads_6/trace-0-of-1.pfw [/mnt/ioopt/appbench/apps/MLPerf-storage/dlio_benchmark/dlio_benchmark/utils/config.py:189]
[INFO] 2025-05-04T17:41:05.459525 Running DLIO with 1 process(es) [/mnt/ioopt/appbench/apps/MLPerf-storage/dlio_benchmark/dlio_benchmark/main.py:100]
[INFO] Total amount of data each host will consume is 273.064948618412 GB; each host has [np.float64(187.5592384338379)] GB memory [/mnt/ioopt/appbench/apps/MLPerf-storage/dlio_benchmark/dlio_benchmark/utils/statscounter.py:121]
[INFO] 2025-05-04T17:41:21.813848 Max steps per epoch: 400 = 1 * 2000 / 5 / 1 (samples per file * num files / batch size / comm size) [/mnt/ioopt/appbench/apps/MLPerf-storage/dlio_benchmark/dlio_benchmark/main.py:321]
[INFO] 2025-05-04T17:41:21.968377 Starting epoch 1: 400 steps expected [/mnt/ioopt/appbench/apps/MLPerf-storage/dlio_benchmark/dlio_benchmark/utils/statscounter.py:192]
[INFO] 2025-05-04T17:41:22.000704 Starting block 1 [/mnt/ioopt/appbench/apps/MLPerf-storage/dlio_benchmark/dlio_benchmark/utils/statscounter.py:264]
[INFO] 2025-05-04T17:41:37.149401 Rank 0 step 1 processed 5 samples in 15.148484945297241 s [/mnt/ioopt/appbench/apps/MLPerf-storage/dlio_benchmark/dlio_benchmark/utils/statscounter.py:325]
[INFO] 2025-05-04T17:41:37.490109 Rank 0 step 2 processed 5 samples in 0.33948707580566406 s [/mnt/ioopt/appbench/apps/MLPerf-storage/dlio_benchmark/dlio_benchmark/utils/statscounter.py:325]
[INFO] 2025-05-04T17:41:38.901517 Rank 0 step 3 processed 5 samples in 1.4105379581451416 s [/mnt/ioopt/appbench/apps/MLPerf-storage/dlio_benchmark/dlio_benchmark/utils/statscounter.py:325]
[INFO] 2025-05-04T17:41:39.230378 Rank 0 step 4 processed 5 samples in 0.3283975124359131 s [/mnt/ioopt/appbench/apps/MLPerf-storage/dlio_benchmark/dlio_benchmark/utils/statscounter.py:325]
[INFO] 2025-05-04T17:41:39.559395 Rank 0 step 5 processed 5 samples in 0.32856321334838867 s [/mnt/ioopt/appbench/apps/MLPerf-storage/dlio_benchmark/dlio_benchmark/utils/statscounter.py:325]
[INFO] 2025-05-04T17:41:39.888454 Rank 0 step 6 processed 5 samples in 0.3286161422729492 s [/mnt/ioopt/appbench/apps/MLPerf-storage/dlio_benchmark/dlio_benchmark/utils/statscounter.py:325]
[INFO] 2025-05-04T17:41:48.332899 Rank 0 step 7 processed 5 samples in 8.444010734558105 s [/mnt/ioopt/appbench/apps/MLPerf-storage/dlio_benchmark/dlio_benchmark/utils/statscounter.py:325]
[INFO] 2025-05-04T17:41:51.196590 Rank 0 step 8 processed 5 samples in 2.863229990005493 s [/mnt/ioopt/appbench/apps/MLPerf-storage/dlio_benchmark/dlio_benchmark/utils/statscounter.py:325]
[INFO] 2025-05-04T17:41:51.528186 Rank 0 step 9 processed 5 samples in 0.3311474323272705 s [/mnt/ioopt/appbench/apps/MLPerf-storage/dlio_benchmark/dlio_benchmark/utils/statscounter.py:325]
[INFO] 2025-05-04T17:41:52.845715 Rank 0 step 10 processed 5 samples in 1.3170740604400635 s [/mnt/ioopt/appbench/apps/MLPerf-storage/dlio_benchmark/dlio_benchmark/utils/statscounter.py:325]
[INFO] 2025-05-04T17:41:53.174612 Rank 0 step 11 processed 5 samples in 0.32837533950805664 s [/mnt/ioopt/appbench/apps/MLPerf-storage/dlio_benchmark/dlio_benchmark/utils/statscounter.py:325]
[INFO] 2025-05-04T17:41:53.504045 Rank 0 step 12 processed 5 samples in 0.3289339542388916 s [/mnt/ioopt/appbench/apps/MLPerf-storage/dlio_benchmark/dlio_benchmark/utils/statscounter.py:325]
[INFO] 2025-05-04T17:42:06.860894 Rank 0 step 13 processed 5 samples in 13.356312990188599 s [/mnt/ioopt/appbench/apps/MLPerf-storage/dlio_benchmark/dlio_benchmark/utils/statscounter.py:325]
[INFO] 2025-05-04T17:42:07.189746 Rank 0 step 14 processed 5 samples in 0.3283689022064209 s [/mnt/ioopt/appbench/apps/MLPerf-storage/dlio_benchmark/dlio_benchmark/utils/statscounter.py:325]
[INFO] 2025-05-04T17:42:07.518690 Rank 0 step 15 processed 5 samples in 0.3284797668457031 s [/mnt/ioopt/appbench/apps/MLPerf-storage/dlio_benchmark/dlio_benchmark/utils/statscounter.py:325]
[INFO] 2025-05-04T17:42:07.847835 Rank 0 step 16 processed 5 samples in 0.3286573886871338 s [/mnt/ioopt/appbench/apps/MLPerf-storage/dlio_benchmark/dlio_benchmark/utils/statscounter.py:325]
[INFO] 2025-05-04T17:42:08.176772 Rank 0 step 17 processed 5 samples in 0.3284468650817871 s [/mnt/ioopt/appbench/apps/MLPerf-storage/dlio_benchmark/dlio_benchmark/utils/statscounter.py:325]
[INFO] 2025-05-04T17:42:08.512340 Rank 0 step 18 processed 5 samples in 0.33507871627807617 s [/mnt/ioopt/appbench/apps/MLPerf-storage/dlio_benchmark/dlio_benchmark/utils/statscounter.py:325]
[INFO] 2025-05-04T17:42:20.598104 Rank 0 step 19 processed 5 samples in 12.085018873214722 s [/mnt/ioopt/appbench/apps/MLPerf-storage/dlio_benchmark/dlio_benchmark/utils/statscounter.py:325]
[INFO] 2025-05-04T17:42:20.927007 Rank 0 step 20 processed 5 samples in 0.328387975692749 s [/mnt/ioopt/appbench/apps/MLPerf-storage/dlio_benchmark/dlio_benchmark/utils/statscounter.py:325]
[INFO] 2025-05-04T17:42:21.255938 Rank 0 step 21 processed 5 samples in 0.32842206954956055 s [/mnt/ioopt/appbench/apps/MLPerf-storage/dlio_benchmark/dlio_benchmark/utils/statscounter.py:325]
[INFO] 2025-05-04T17:42:21.590406 Rank 0 step 22 processed 5 samples in 0.33400940895080566 s [/mnt/ioopt/appbench/apps/MLPerf-storage/dlio_benchmark/dlio_benchmark/utils/statscounter.py:325]
[INFO] 2025-05-04T17:42:21.920158 Rank 0 step 23 processed 5 samples in 0.3292410373687744 s [/mnt/ioopt/appbench/apps/MLPerf-storage/dlio_benchmark/dlio_benchmark/utils/statscounter.py:325]
[INFO] 2025-05-04T17:42:22.249377 Rank 0 step 24 processed 5 samples in 0.3286855220794678 s [/mnt/ioopt/appbench/apps/MLPerf-storage/dlio_benchmark/dlio_benchmark/utils/statscounter.py:325]
[INFO] 2025-05-04T17:42:32.278551 Rank 0 step 25 processed 5 samples in 10.02870774269104 s [/mnt/ioopt/appbench/apps/MLPerf-storage/dlio_benchmark/dlio_benchmark/utils/statscounter.py:325]
[INFO] 2025-05-04T17:42:34.632919 Rank 0 step 26 processed 5 samples in 2.353909492492676 s [/mnt/ioopt/appbench/apps/MLPerf-storage/dlio_benchmark/dlio_benchmark/utils/statscounter.py:325]
[INFO] 2025-05-04T17:42:35.717261 Rank 0 step 27 processed 5 samples in 1.0838344097137451 s [/mnt/ioopt/appbench/apps/MLPerf-storage/dlio_benchmark/dlio_benchmark/utils/statscounter.py:325]
[INFO] 2025-05-04T17:42:36.048266 Rank 0 step 28 processed 5 samples in 0.3304474353790283 s [/mnt/ioopt/appbench/apps/MLPerf-storage/dlio_benchmark/dlio_benchmark/utils/statscounter.py:325]
[INFO] 2025-05-04T17:42:37.427001 Rank 0 step 29 processed 5 samples in 1.3783221244812012 s [/mnt/ioopt/appbench/apps/MLPerf-storage/dlio_benchmark/dlio_benchmark/utils/statscounter.py:325]
[INFO] 2025-05-04T17:42:38.020729 Rank 0 step 30 processed 5 samples in 0.5931680202484131 s [/mnt/ioopt/appbench/apps/MLPerf-storage/dlio_benchmark/dlio_benchmark/utils/statscounter.py:325]
[INFO] 2025-05-04T17:42:46.888226 Rank 0 step 31 processed 5 samples in 8.86705493927002 s [/mnt/ioopt/appbench/apps/MLPerf-storage/dlio_benchmark/dlio_benchmark/utils/statscounter.py:325]
[INFO] 2025-05-04T17:42:49.790314 Rank 0 step 32 processed 5 samples in 2.9012749195098877 s [/mnt/ioopt/appbench/apps/MLPerf-storage/dlio_benchmark/dlio_benchmark/utils/statscounter.py:325]
[INFO] 2025-05-04T17:42:50.116838 Rank 0 step 33 processed 5 samples in 0.3260319232940674 s [/mnt/ioopt/appbench/apps/MLPerf-storage/dlio_benchmark/dlio_benchmark/utils/statscounter.py:325]
[INFO] 2025-05-04T17:42:50.447518 Rank 0 step 34 processed 5 samples in 0.3301107883453369 s [/mnt/ioopt/appbench/apps/MLPerf-storage/dlio_benchmark/dlio_benchmark/utils/statscounter.py:325]
[INFO] 2025-05-04T17:42:53.246149 Rank 0 step 35 processed 5 samples in 2.798126220703125 s [/mnt/ioopt/appbench/apps/MLPerf-storage/dlio_benchmark/dlio_benchmark/utils/statscounter.py:325]
[INFO] 2025-05-04T17:42:53.575283 Rank 0 step 36 processed 5 samples in 0.32857346534729004 s [/mnt/ioopt/appbench/apps/MLPerf-storage/dlio_benchmark/dlio_benchmark/utils/statscounter.py:325]
[INFO] 2025-05-04T17:43:01.136231 Rank 0 step 37 processed 5 samples in 7.560482501983643 s [/mnt/ioopt/appbench/apps/MLPerf-storage/dlio_benchmark/dlio_benchmark/utils/statscounter.py:325]
[INFO] 2025-05-04T17:43:01.467512 Rank 0 step 38 processed 5 samples in 0.33070874214172363 s [/mnt/ioopt/appbench/apps/MLPerf-storage/dlio_benchmark/dlio_benchmark/utils/statscounter.py:325]
[INFO] 2025-05-04T17:43:04.055084 Rank 0 step 39 processed 5 samples in 2.587038278579712 s [/mnt/ioopt/appbench/apps/MLPerf-storage/dlio_benchmark/dlio_benchmark/utils/statscounter.py:325]
[INFO] 2025-05-04T17:43:04.386464 Rank 0 step 40 processed 5 samples in 0.3308441638946533 s [/mnt/ioopt/appbench/apps/MLPerf-storage/dlio_benchmark/dlio_benchmark/utils/statscounter.py:325]
[INFO] 2025-05-04T17:43:06.615881 Rank 0 step 41 processed 5 samples in 2.2289040088653564 s [/mnt/ioopt/appbench/apps/MLPerf-storage/dlio_benchmark/dlio_benchmark/utils/statscounter.py:325]
[INFO] 2025-05-04T17:43:06.945071 Rank 0 step 42 processed 5 samples in 0.32866334915161133 s [/mnt/ioopt/appbench/apps/MLPerf-storage/dlio_benchmark/dlio_benchmark/utils/statscounter.py:325]
[INFO] 2025-05-04T17:43:15.552911 Rank 0 step 43 processed 5 samples in 8.607398509979248 s [/mnt/ioopt/appbench/apps/MLPerf-storage/dlio_benchmark/dlio_benchmark/utils/statscounter.py:325]
[INFO] 2025-05-04T17:43:17.221835 Rank 0 step 44 processed 5 samples in 1.6684677600860596 s [/mnt/ioopt/appbench/apps/MLPerf-storage/dlio_benchmark/dlio_benchmark/utils/statscounter.py:325]
[INFO] 2025-05-04T17:43:17.550902 Rank 0 step 45 processed 5 samples in 0.32857465744018555 s [/mnt/ioopt/appbench/apps/MLPerf-storage/dlio_benchmark/dlio_benchmark/utils/statscounter.py:325]
[INFO] 2025-05-04T17:43:17.881868 Rank 0 step 46 processed 5 samples in 0.3305041790008545 s [/mnt/ioopt/appbench/apps/MLPerf-storage/dlio_benchmark/dlio_benchmark/utils/statscounter.py:325]
[INFO] 2025-05-04T17:43:18.995537 Rank 0 step 47 processed 5 samples in 1.1131694316864014 s [/mnt/ioopt/appbench/apps/MLPerf-storage/dlio_benchmark/dlio_benchmark/utils/statscounter.py:325]
[INFO] 2025-05-04T17:43:19.488332 Rank 0 step 48 processed 5 samples in 0.4922761917114258 s [/mnt/ioopt/appbench/apps/MLPerf-storage/dlio_benchmark/dlio_benchmark/utils/statscounter.py:325]
[INFO] 2025-05-04T17:43:29.110674 Rank 0 step 49 processed 5 samples in 9.621912956237793 s [/mnt/ioopt/appbench/apps/MLPerf-storage/dlio_benchmark/dlio_benchmark/utils/statscounter.py:325]
[INFO] 2025-05-04T17:43:30.077396 Rank 0 step 50 processed 5 samples in 0.9664492607116699 s [/mnt/ioopt/appbench/apps/MLPerf-storage/dlio_benchmark/dlio_benchmark/utils/statscounter.py:325]
[INFO] 2025-05-04T17:43:32.691944 Rank 0 step 51 processed 5 samples in 2.614053964614868 s [/mnt/ioopt/appbench/apps/MLPerf-storage/dlio_benchmark/dlio_benchmark/utils/statscounter.py:325]
[INFO] 2025-05-04T17:43:33.021017 Rank 0 step 52 processed 5 samples in 0.3285353183746338 s [/mnt/ioopt/appbench/apps/MLPerf-storage/dlio_benchmark/dlio_benchmark/utils/statscounter.py:325]
[INFO] 2025-05-04T17:43:33.349768 Rank 0 step 53 processed 5 samples in 0.3282957077026367 s [/mnt/ioopt/appbench/apps/MLPerf-storage/dlio_benchmark/dlio_benchmark/utils/statscounter.py:325]
[INFO] 2025-05-04T17:43:33.678670 Rank 0 step 54 processed 5 samples in 0.32845187187194824 s [/mnt/ioopt/appbench/apps/MLPerf-storage/dlio_benchmark/dlio_benchmark/utils/statscounter.py:325]
[INFO] 2025-05-04T17:43:42.872585 Rank 0 step 55 processed 5 samples in 9.193430662155151 s [/mnt/ioopt/appbench/apps/MLPerf-storage/dlio_benchmark/dlio_benchmark/utils/statscounter.py:325]
[INFO] 2025-05-04T17:43:43.201227 Rank 0 step 56 processed 5 samples in 0.32818126678466797 s [/mnt/ioopt/appbench/apps/MLPerf-storage/dlio_benchmark/dlio_benchmark/utils/statscounter.py:325]
[INFO] 2025-05-04T17:43:45.996873 Rank 0 step 57 processed 5 samples in 2.7951972484588623 s [/mnt/ioopt/appbench/apps/MLPerf-storage/dlio_benchmark/dlio_benchmark/utils/statscounter.py:325]
[INFO] 2025-05-04T17:43:46.324773 Rank 0 step 58 processed 5 samples in 0.3275940418243408 s [/mnt/ioopt/appbench/apps/MLPerf-storage/dlio_benchmark/dlio_benchmark/utils/statscounter.py:325]
[INFO] 2025-05-04T17:43:47.904095 Rank 0 step 59 processed 5 samples in 1.5789122581481934 s [/mnt/ioopt/appbench/apps/MLPerf-storage/dlio_benchmark/dlio_benchmark/utils/statscounter.py:325]
[INFO] 2025-05-04T17:43:48.233810 Rank 0 step 60 processed 5 samples in 0.329235315322876 s [/mnt/ioopt/appbench/apps/MLPerf-storage/dlio_benchmark/dlio_benchmark/utils/statscounter.py:325]
[INFO] 2025-05-04T17:43:59.435506 Rank 0 step 61 processed 5 samples in 11.201413631439209 s [/mnt/ioopt/appbench/apps/MLPerf-storage/dlio_benchmark/dlio_benchmark/utils/statscounter.py:325]
[INFO] 2025-05-04T17:43:59.763147 Rank 0 step 62 processed 5 samples in 0.3271799087524414 s [/mnt/ioopt/appbench/apps/MLPerf-storage/dlio_benchmark/dlio_benchmark/utils/statscounter.py:325]
[INFO] 2025-05-04T17:44:00.089395 Rank 0 step 63 processed 5 samples in 0.32573771476745605 s [/mnt/ioopt/appbench/apps/MLPerf-storage/dlio_benchmark/dlio_benchmark/utils/statscounter.py:325]
[INFO] 2025-05-04T17:44:00.420986 Rank 0 step 64 processed 5 samples in 0.33106422424316406 s [/mnt/ioopt/appbench/apps/MLPerf-storage/dlio_benchmark/dlio_benchmark/utils/statscounter.py:325]
[INFO] 2025-05-04T17:44:02.385885 Rank 0 step 65 processed 5 samples in 1.9643769264221191 s [/mnt/ioopt/appbench/apps/MLPerf-storage/dlio_benchmark/dlio_benchmark/utils/statscounter.py:325]
[INFO] 2025-05-04T17:44:02.714630 Rank 0 step 66 processed 5 samples in 0.32824182510375977 s [/mnt/ioopt/appbench/apps/MLPerf-storage/dlio_benchmark/dlio_benchmark/utils/statscounter.py:325]
[INFO] 2025-05-04T17:44:10.994228 Rank 0 step 67 processed 5 samples in 8.27912425994873 s [/mnt/ioopt/appbench/apps/MLPerf-storage/dlio_benchmark/dlio_benchmark/utils/statscounter.py:325]
[INFO] 2025-05-04T17:44:11.324023 Rank 0 step 68 processed 5 samples in 0.32862091064453125 s [/mnt/ioopt/appbench/apps/MLPerf-storage/dlio_benchmark/dlio_benchmark/utils/statscounter.py:325]
[INFO] 2025-05-04T17:44:12.900057 Rank 0 step 69 processed 5 samples in 1.5756049156188965 s [/mnt/ioopt/appbench/apps/MLPerf-storage/dlio_benchmark/dlio_benchmark/utils/statscounter.py:325]
[INFO] 2025-05-04T17:44:14.121498 Rank 0 step 70 processed 5 samples in 1.220999002456665 s [/mnt/ioopt/appbench/apps/MLPerf-storage/dlio_benchmark/dlio_benchmark/utils/statscounter.py:325]
[INFO] 2025-05-04T17:44:16.920798 Rank 0 step 71 processed 5 samples in 2.798802614212036 s [/mnt/ioopt/appbench/apps/MLPerf-storage/dlio_benchmark/dlio_benchmark/utils/statscounter.py:325]
[INFO] 2025-05-04T17:44:17.249949 Rank 0 step 72 processed 5 samples in 0.3286006450653076 s [/mnt/ioopt/appbench/apps/MLPerf-storage/dlio_benchmark/dlio_benchmark/utils/statscounter.py:325]
[INFO] 2025-05-04T17:44:23.401908 Rank 0 step 73 processed 5 samples in 6.1515161991119385 s [/mnt/ioopt/appbench/apps/MLPerf-storage/dlio_benchmark/dlio_benchmark/utils/statscounter.py:325]
[INFO] 2025-05-04T17:44:23.732941 Rank 0 step 74 processed 5 samples in 0.33055996894836426 s [/mnt/ioopt/appbench/apps/MLPerf-storage/dlio_benchmark/dlio_benchmark/utils/statscounter.py:325]
[INFO] 2025-05-04T17:44:26.171978 Rank 0 step 75 processed 5 samples in 2.4385273456573486 s [/mnt/ioopt/appbench/apps/MLPerf-storage/dlio_benchmark/dlio_benchmark/utils/statscounter.py:325]
[INFO] 2025-05-04T17:44:28.721287 Rank 0 step 76 processed 5 samples in 2.5487964153289795 s [/mnt/ioopt/appbench/apps/MLPerf-storage/dlio_benchmark/dlio_benchmark/utils/statscounter.py:325]
[INFO] 2025-05-04T17:44:29.050019 Rank 0 step 77 processed 5 samples in 0.3282630443572998 s [/mnt/ioopt/appbench/apps/MLPerf-storage/dlio_benchmark/dlio_benchmark/utils/statscounter.py:325]
[INFO] 2025-05-04T17:44:29.422378 Rank 0 step 78 processed 5 samples in 0.37192726135253906 s [/mnt/ioopt/appbench/apps/MLPerf-storage/dlio_benchmark/dlio_benchmark/utils/statscounter.py:325]
[INFO] 2025-05-04T17:44:34.745521 Rank 0 step 79 processed 5 samples in 5.322873830795288 s [/mnt/ioopt/appbench/apps/MLPerf-storage/dlio_benchmark/dlio_benchmark/utils/statscounter.py:325]
[INFO] 2025-05-04T17:44:37.221422 Rank 0 step 80 processed 5 samples in 2.475458860397339 s [/mnt/ioopt/appbench/apps/MLPerf-storage/dlio_benchmark/dlio_benchmark/utils/statscounter.py:325]
[INFO] 2025-05-04T17:44:39.124783 Rank 0 step 81 processed 5 samples in 1.902975082397461 s [/mnt/ioopt/appbench/apps/MLPerf-storage/dlio_benchmark/dlio_benchmark/utils/statscounter.py:325]
[INFO] 2025-05-04T17:44:39.453669 Rank 0 step 82 processed 5 samples in 0.32838916778564453 s [/mnt/ioopt/appbench/apps/MLPerf-storage/dlio_benchmark/dlio_benchmark/utils/statscounter.py:325]
[INFO] 2025-05-04T17:44:42.887506 Rank 0 step 83 processed 5 samples in 3.4333720207214355 s [/mnt/ioopt/appbench/apps/MLPerf-storage/dlio_benchmark/dlio_benchmark/utils/statscounter.py:325]
[INFO] 2025-05-04T17:44:43.216368 Rank 0 step 84 processed 5 samples in 0.32842016220092773 s [/mnt/ioopt/appbench/apps/MLPerf-storage/dlio_benchmark/dlio_benchmark/utils/statscounter.py:325]
[INFO] 2025-05-04T17:44:46.755265 Rank 0 step 85 processed 5 samples in 3.538647174835205 s [/mnt/ioopt/appbench/apps/MLPerf-storage/dlio_benchmark/dlio_benchmark/utils/statscounter.py:325]
[INFO] 2025-05-04T17:44:51.286021 Rank 0 step 86 processed 5 samples in 4.530299186706543 s [/mnt/ioopt/appbench/apps/MLPerf-storage/dlio_benchmark/dlio_benchmark/utils/statscounter.py:325]
[INFO] 2025-05-04T17:44:51.614829 Rank 0 step 87 processed 5 samples in 0.3283107280731201 s [/mnt/ioopt/appbench/apps/MLPerf-storage/dlio_benchmark/dlio_benchmark/utils/statscounter.py:325]
[INFO] 2025-05-04T17:44:52.606483 Rank 0 step 88 processed 5 samples in 0.9911565780639648 s [/mnt/ioopt/appbench/apps/MLPerf-storage/dlio_benchmark/dlio_benchmark/utils/statscounter.py:325]
[INFO] 2025-05-04T17:44:54.903160 Rank 0 step 89 processed 5 samples in 2.2962327003479004 s [/mnt/ioopt/appbench/apps/MLPerf-storage/dlio_benchmark/dlio_benchmark/utils/statscounter.py:325]
[INFO] 2025-05-04T17:44:55.549046 Rank 0 step 90 processed 5 samples in 0.6454036235809326 s [/mnt/ioopt/appbench/apps/MLPerf-storage/dlio_benchmark/dlio_benchmark/utils/statscounter.py:325]
[INFO] 2025-05-04T17:44:58.986977 Rank 0 step 91 processed 5 samples in 3.437457799911499 s [/mnt/ioopt/appbench/apps/MLPerf-storage/dlio_benchmark/dlio_benchmark/utils/statscounter.py:325]
[INFO] 2025-05-04T17:45:06.144674 Rank 0 step 92 processed 5 samples in 7.157293796539307 s [/mnt/ioopt/appbench/apps/MLPerf-storage/dlio_benchmark/dlio_benchmark/utils/statscounter.py:325]
[INFO] 2025-05-04T17:45:07.193093 Rank 0 step 93 processed 5 samples in 1.0479376316070557 s [/mnt/ioopt/appbench/apps/MLPerf-storage/dlio_benchmark/dlio_benchmark/utils/statscounter.py:325]
[INFO] 2025-05-04T17:45:07.521590 Rank 0 step 94 processed 5 samples in 0.32817959785461426 s [/mnt/ioopt/appbench/apps/MLPerf-storage/dlio_benchmark/dlio_benchmark/utils/statscounter.py:325]
[INFO] 2025-05-04T17:45:08.886293 Rank 0 step 95 processed 5 samples in 1.3641948699951172 s [/mnt/ioopt/appbench/apps/MLPerf-storage/dlio_benchmark/dlio_benchmark/utils/statscounter.py:325]
[INFO] 2025-05-04T17:45:09.909655 Rank 0 step 96 processed 5 samples in 1.0230681896209717 s [/mnt/ioopt/appbench/apps/MLPerf-storage/dlio_benchmark/dlio_benchmark/utils/statscounter.py:325]
[INFO] 2025-05-04T17:45:10.995235 Rank 0 step 97 processed 5 samples in 1.0851085186004639 s [/mnt/ioopt/appbench/apps/MLPerf-storage/dlio_benchmark/dlio_benchmark/utils/statscounter.py:325]
[INFO] 2025-05-04T17:45:18.290015 Rank 0 step 98 processed 5 samples in 7.294379472732544 s [/mnt/ioopt/appbench/apps/MLPerf-storage/dlio_benchmark/dlio_benchmark/utils/statscounter.py:325]
[INFO] 2025-05-04T17:45:22.487273 Rank 0 step 99 processed 5 samples in 4.196738958358765 s [/mnt/ioopt/appbench/apps/MLPerf-storage/dlio_benchmark/dlio_benchmark/utils/statscounter.py:325]
[INFO] 2025-05-04T17:45:22.815976 Rank 0 step 100 processed 5 samples in 0.32823681831359863 s [/mnt/ioopt/appbench/apps/MLPerf-storage/dlio_benchmark/dlio_benchmark/utils/statscounter.py:325]
[INFO] 2025-05-04T17:45:24.919575 Rank 0 step 101 processed 5 samples in 2.103153705596924 s [/mnt/ioopt/appbench/apps/MLPerf-storage/dlio_benchmark/dlio_benchmark/utils/statscounter.py:325]
[INFO] 2025-05-04T17:45:25.248729 Rank 0 step 102 processed 5 samples in 0.32868170738220215 s [/mnt/ioopt/appbench/apps/MLPerf-storage/dlio_benchmark/dlio_benchmark/utils/statscounter.py:325]
[INFO] 2025-05-04T17:45:25.582933 Rank 0 step 103 processed 5 samples in 0.3336782455444336 s [/mnt/ioopt/appbench/apps/MLPerf-storage/dlio_benchmark/dlio_benchmark/utils/statscounter.py:325]
[INFO] 2025-05-04T17:45:26.899832 Rank 0 step 104 processed 5 samples in 1.3161299228668213 s [/mnt/ioopt/appbench/apps/MLPerf-storage/dlio_benchmark/dlio_benchmark/utils/statscounter.py:325]
[INFO] 2025-05-04T17:45:32.716834 Rank 0 step 105 processed 5 samples in 5.81654953956604 s [/mnt/ioopt/appbench/apps/MLPerf-storage/dlio_benchmark/dlio_benchmark/utils/statscounter.py:325]
[INFO] 2025-05-04T17:45:37.220097 Rank 0 step 106 processed 5 samples in 4.50277853012085 s [/mnt/ioopt/appbench/apps/MLPerf-storage/dlio_benchmark/dlio_benchmark/utils/statscounter.py:325]
[INFO] 2025-05-04T17:45:38.590994 Rank 0 step 107 processed 5 samples in 1.3703927993774414 s [/mnt/ioopt/appbench/apps/MLPerf-storage/dlio_benchmark/dlio_benchmark/utils/statscounter.py:325]
[INFO] 2025-05-04T17:45:41.667159 Rank 0 step 108 processed 5 samples in 3.075650930404663 s [/mnt/ioopt/appbench/apps/MLPerf-storage/dlio_benchmark/dlio_benchmark/utils/statscounter.py:325]
[INFO] 2025-05-04T17:45:41.996416 Rank 0 step 109 processed 5 samples in 0.32878875732421875 s [/mnt/ioopt/appbench/apps/MLPerf-storage/dlio_benchmark/dlio_benchmark/utils/statscounter.py:325]
[INFO] 2025-05-04T17:45:42.325076 Rank 0 step 110 processed 5 samples in 0.3282146453857422 s [/mnt/ioopt/appbench/apps/MLPerf-storage/dlio_benchmark/dlio_benchmark/utils/statscounter.py:325]
[INFO] 2025-05-04T17:45:45.893274 Rank 0 step 111 processed 5 samples in 3.5677847862243652 s [/mnt/ioopt/appbench/apps/MLPerf-storage/dlio_benchmark/dlio_benchmark/utils/statscounter.py:325]
[INFO] 2025-05-04T17:45:51.673290 Rank 0 step 112 processed 5 samples in 5.779572248458862 s [/mnt/ioopt/appbench/apps/MLPerf-storage/dlio_benchmark/dlio_benchmark/utils/statscounter.py:325]
[INFO] 2025-05-04T17:45:52.001937 Rank 0 step 113 processed 5 samples in 0.3281373977661133 s [/mnt/ioopt/appbench/apps/MLPerf-storage/dlio_benchmark/dlio_benchmark/utils/statscounter.py:325]
[INFO] 2025-05-04T17:45:56.561557 Rank 0 step 114 processed 5 samples in 4.559164047241211 s [/mnt/ioopt/appbench/apps/MLPerf-storage/dlio_benchmark/dlio_benchmark/utils/statscounter.py:325]
[INFO] 2025-05-04T17:45:58.790070 Rank 0 step 115 processed 5 samples in 2.2279975414276123 s [/mnt/ioopt/appbench/apps/MLPerf-storage/dlio_benchmark/dlio_benchmark/utils/statscounter.py:325]
[INFO] 2025-05-04T17:45:59.118845 Rank 0 step 116 processed 5 samples in 0.3283100128173828 s [/mnt/ioopt/appbench/apps/MLPerf-storage/dlio_benchmark/dlio_benchmark/utils/statscounter.py:325]
[INFO] 2025-05-04T17:45:59.449749 Rank 0 step 117 processed 5 samples in 0.3303987979888916 s [/mnt/ioopt/appbench/apps/MLPerf-storage/dlio_benchmark/dlio_benchmark/utils/statscounter.py:325]
[INFO] 2025-05-04T17:46:02.986768 Rank 0 step 118 processed 5 samples in 3.536539316177368 s [/mnt/ioopt/appbench/apps/MLPerf-storage/dlio_benchmark/dlio_benchmark/utils/statscounter.py:325]
[INFO] 2025-05-04T17:46:07.149255 Rank 0 step 119 processed 5 samples in 4.161972284317017 s [/mnt/ioopt/appbench/apps/MLPerf-storage/dlio_benchmark/dlio_benchmark/utils/statscounter.py:325]
[INFO] 2025-05-04T17:46:12.404351 Rank 0 step 120 processed 5 samples in 5.254579782485962 s [/mnt/ioopt/appbench/apps/MLPerf-storage/dlio_benchmark/dlio_benchmark/utils/statscounter.py:325]
[INFO] 2025-05-04T17:46:13.493253 Rank 0 step 121 processed 5 samples in 1.088442325592041 s [/mnt/ioopt/appbench/apps/MLPerf-storage/dlio_benchmark/dlio_benchmark/utils/statscounter.py:325]
[INFO] 2025-05-04T17:46:14.089640 Rank 0 step 122 processed 5 samples in 0.5959446430206299 s [/mnt/ioopt/appbench/apps/MLPerf-storage/dlio_benchmark/dlio_benchmark/utils/statscounter.py:325]
[INFO] 2025-05-04T17:46:15.083283 Rank 0 step 123 processed 5 samples in 0.9931516647338867 s [/mnt/ioopt/appbench/apps/MLPerf-storage/dlio_benchmark/dlio_benchmark/utils/statscounter.py:325]
[INFO] 2025-05-04T17:46:16.204633 Rank 0 step 124 processed 5 samples in 1.1208257675170898 s [/mnt/ioopt/appbench/apps/MLPerf-storage/dlio_benchmark/dlio_benchmark/utils/statscounter.py:325]
[INFO] 2025-05-04T17:46:20.547325 Rank 0 step 125 processed 5 samples in 4.342189311981201 s [/mnt/ioopt/appbench/apps/MLPerf-storage/dlio_benchmark/dlio_benchmark/utils/statscounter.py:325]
[INFO] 2025-05-04T17:46:27.833221 Rank 0 step 126 processed 5 samples in 7.285400629043579 s [/mnt/ioopt/appbench/apps/MLPerf-storage/dlio_benchmark/dlio_benchmark/utils/statscounter.py:325]
[INFO] 2025-05-04T17:46:29.849254 Rank 0 step 127 processed 5 samples in 2.015554428100586 s [/mnt/ioopt/appbench/apps/MLPerf-storage/dlio_benchmark/dlio_benchmark/utils/statscounter.py:325]
[INFO] 2025-05-04T17:46:30.178042 Rank 0 step 128 processed 5 samples in 0.32833385467529297 s [/mnt/ioopt/appbench/apps/MLPerf-storage/dlio_benchmark/dlio_benchmark/utils/statscounter.py:325]
[INFO] 2025-05-04T17:46:30.506862 Rank 0 step 129 processed 5 samples in 0.32838010787963867 s [/mnt/ioopt/appbench/apps/MLPerf-storage/dlio_benchmark/dlio_benchmark/utils/statscounter.py:325]
[INFO] 2025-05-04T17:46:30.835959 Rank 0 step 130 processed 5 samples in 0.32863545417785645 s [/mnt/ioopt/appbench/apps/MLPerf-storage/dlio_benchmark/dlio_benchmark/utils/statscounter.py:325]
[INFO] 2025-05-04T17:46:31.166699 Rank 0 step 131 processed 5 samples in 0.3302760124206543 s [/mnt/ioopt/appbench/apps/MLPerf-storage/dlio_benchmark/dlio_benchmark/utils/statscounter.py:325]
[INFO] 2025-05-04T17:46:40.093920 Rank 0 step 132 processed 5 samples in 8.926762819290161 s [/mnt/ioopt/appbench/apps/MLPerf-storage/dlio_benchmark/dlio_benchmark/utils/statscounter.py:325]
[INFO] 2025-05-04T17:46:43.130019 Rank 0 step 133 processed 5 samples in 3.035635471343994 s [/mnt/ioopt/appbench/apps/MLPerf-storage/dlio_benchmark/dlio_benchmark/utils/statscounter.py:325]
[INFO] 2025-05-04T17:46:44.246357 Rank 0 step 134 processed 5 samples in 1.115891695022583 s [/mnt/ioopt/appbench/apps/MLPerf-storage/dlio_benchmark/dlio_benchmark/utils/statscounter.py:325]
[INFO] 2025-05-04T17:46:44.575275 Rank 0 step 135 processed 5 samples in 0.32842183113098145 s [/mnt/ioopt/appbench/apps/MLPerf-storage/dlio_benchmark/dlio_benchmark/utils/statscounter.py:325]
[INFO] 2025-05-04T17:46:44.904820 Rank 0 step 136 processed 5 samples in 0.3290860652923584 s [/mnt/ioopt/appbench/apps/MLPerf-storage/dlio_benchmark/dlio_benchmark/utils/statscounter.py:325]
[INFO] 2025-05-04T17:46:45.235501 Rank 0 step 137 processed 5 samples in 0.33016157150268555 s [/mnt/ioopt/appbench/apps/MLPerf-storage/dlio_benchmark/dlio_benchmark/utils/statscounter.py:325]
[INFO] 2025-05-04T17:46:51.778187 Rank 0 step 138 processed 5 samples in 6.542242527008057 s [/mnt/ioopt/appbench/apps/MLPerf-storage/dlio_benchmark/dlio_benchmark/utils/statscounter.py:325]
[INFO] 2025-05-04T17:46:55.894194 Rank 0 step 139 processed 5 samples in 4.115544557571411 s [/mnt/ioopt/appbench/apps/MLPerf-storage/dlio_benchmark/dlio_benchmark/utils/statscounter.py:325]
[INFO] 2025-05-04T17:46:58.563257 Rank 0 step 140 processed 5 samples in 2.668550491333008 s [/mnt/ioopt/appbench/apps/MLPerf-storage/dlio_benchmark/dlio_benchmark/utils/statscounter.py:325]
[INFO] 2025-05-04T17:46:59.647789 Rank 0 step 141 processed 5 samples in 1.0840415954589844 s [/mnt/ioopt/appbench/apps/MLPerf-storage/dlio_benchmark/dlio_benchmark/utils/statscounter.py:325]
[INFO] 2025-05-04T17:46:59.976692 Rank 0 step 142 processed 5 samples in 0.3284001350402832 s [/mnt/ioopt/appbench/apps/MLPerf-storage/dlio_benchmark/dlio_benchmark/utils/statscounter.py:325]
[INFO] 2025-05-04T17:47:02.278975 Rank 0 step 143 processed 5 samples in 2.3018577098846436 s [/mnt/ioopt/appbench/apps/MLPerf-storage/dlio_benchmark/dlio_benchmark/utils/statscounter.py:325]
[INFO] 2025-05-04T17:47:05.123981 Rank 0 step 144 processed 5 samples in 2.8445188999176025 s [/mnt/ioopt/appbench/apps/MLPerf-storage/dlio_benchmark/dlio_benchmark/utils/statscounter.py:325]
[INFO] 2025-05-04T17:47:08.341930 Rank 0 step 145 processed 5 samples in 3.2174699306488037 s [/mnt/ioopt/appbench/apps/MLPerf-storage/dlio_benchmark/dlio_benchmark/utils/statscounter.py:325]
[INFO] 2025-05-04T17:47:12.885932 Rank 0 step 146 processed 5 samples in 4.543481111526489 s [/mnt/ioopt/appbench/apps/MLPerf-storage/dlio_benchmark/dlio_benchmark/utils/statscounter.py:325]
[INFO] 2025-05-04T17:47:15.726470 Rank 0 step 147 processed 5 samples in 2.840017318725586 s [/mnt/ioopt/appbench/apps/MLPerf-storage/dlio_benchmark/dlio_benchmark/utils/statscounter.py:325]
[INFO] 2025-05-04T17:47:16.057951 Rank 0 step 148 processed 5 samples in 0.3310561180114746 s [/mnt/ioopt/appbench/apps/MLPerf-storage/dlio_benchmark/dlio_benchmark/utils/statscounter.py:325]
[INFO] 2025-05-04T17:47:18.477834 Rank 0 step 149 processed 5 samples in 2.4193506240844727 s [/mnt/ioopt/appbench/apps/MLPerf-storage/dlio_benchmark/dlio_benchmark/utils/statscounter.py:325]
[INFO] 2025-05-04T17:47:18.808514 Rank 0 step 150 processed 5 samples in 0.32924723625183105 s [/mnt/ioopt/appbench/apps/MLPerf-storage/dlio_benchmark/dlio_benchmark/utils/statscounter.py:325]
[INFO] 2025-05-04T17:47:25.401410 Rank 0 step 151 processed 5 samples in 6.5924670696258545 s [/mnt/ioopt/appbench/apps/MLPerf-storage/dlio_benchmark/dlio_benchmark/utils/statscounter.py:325]
[INFO] 2025-05-04T17:47:29.357064 Rank 0 step 152 processed 5 samples in 3.9551351070404053 s [/mnt/ioopt/appbench/apps/MLPerf-storage/dlio_benchmark/dlio_benchmark/utils/statscounter.py:325]
[INFO] 2025-05-04T17:47:29.685903 Rank 0 step 153 processed 5 samples in 0.32832837104797363 s [/mnt/ioopt/appbench/apps/MLPerf-storage/dlio_benchmark/dlio_benchmark/utils/statscounter.py:325]
[INFO] 2025-05-04T17:47:30.764606 Rank 0 step 154 processed 5 samples in 1.0782470703125 s [/mnt/ioopt/appbench/apps/MLPerf-storage/dlio_benchmark/dlio_benchmark/utils/statscounter.py:325]
[INFO] 2025-05-04T17:47:31.460499 Rank 0 step 155 processed 5 samples in 0.695382833480835 s [/mnt/ioopt/appbench/apps/MLPerf-storage/dlio_benchmark/dlio_benchmark/utils/statscounter.py:325]
[INFO] 2025-05-04T17:47:31.884305 Rank 0 step 156 processed 5 samples in 0.42328929901123047 s [/mnt/ioopt/appbench/apps/MLPerf-storage/dlio_benchmark/dlio_benchmark/utils/statscounter.py:325]
[INFO] 2025-05-04T17:47:39.875711 Rank 0 step 157 processed 5 samples in 7.990959882736206 s [/mnt/ioopt/appbench/apps/MLPerf-storage/dlio_benchmark/dlio_benchmark/utils/statscounter.py:325]
[INFO] 2025-05-04T17:47:43.519683 Rank 0 step 158 processed 5 samples in 3.6434638500213623 s [/mnt/ioopt/appbench/apps/MLPerf-storage/dlio_benchmark/dlio_benchmark/utils/statscounter.py:325]
[INFO] 2025-05-04T17:47:43.848848 Rank 0 step 159 processed 5 samples in 0.3286600112915039 s [/mnt/ioopt/appbench/apps/MLPerf-storage/dlio_benchmark/dlio_benchmark/utils/statscounter.py:325]
[INFO] 2025-05-04T17:47:44.178034 Rank 0 step 160 processed 5 samples in 0.32872700691223145 s [/mnt/ioopt/appbench/apps/MLPerf-storage/dlio_benchmark/dlio_benchmark/utils/statscounter.py:325]
[INFO] 2025-05-04T17:47:44.509068 Rank 0 step 161 processed 5 samples in 0.3305540084838867 s [/mnt/ioopt/appbench/apps/MLPerf-storage/dlio_benchmark/dlio_benchmark/utils/statscounter.py:325]
[INFO] 2025-05-04T17:47:45.724619 Rank 0 step 162 processed 5 samples in 1.2150447368621826 s [/mnt/ioopt/appbench/apps/MLPerf-storage/dlio_benchmark/dlio_benchmark/utils/statscounter.py:325]
[INFO] 2025-05-04T17:47:52.840059 Rank 0 step 163 processed 5 samples in 7.114990711212158 s [/mnt/ioopt/appbench/apps/MLPerf-storage/dlio_benchmark/dlio_benchmark/utils/statscounter.py:325]
[INFO] 2025-05-04T17:47:57.544205 Rank 0 step 164 processed 5 samples in 4.7036542892456055 s [/mnt/ioopt/appbench/apps/MLPerf-storage/dlio_benchmark/dlio_benchmark/utils/statscounter.py:325]
[INFO] 2025-05-04T17:47:57.871361 Rank 0 step 165 processed 5 samples in 0.32657384872436523 s [/mnt/ioopt/appbench/apps/MLPerf-storage/dlio_benchmark/dlio_benchmark/utils/statscounter.py:325]
[INFO] 2025-05-04T17:47:58.197876 Rank 0 step 166 processed 5 samples in 0.32606053352355957 s [/mnt/ioopt/appbench/apps/MLPerf-storage/dlio_benchmark/dlio_benchmark/utils/statscounter.py:325]
[INFO] 2025-05-04T17:47:58.525111 Rank 0 step 167 processed 5 samples in 0.3267636299133301 s [/mnt/ioopt/appbench/apps/MLPerf-storage/dlio_benchmark/dlio_benchmark/utils/statscounter.py:325]
[INFO] 2025-05-04T17:47:58.852062 Rank 0 step 168 processed 5 samples in 0.32648181915283203 s [/mnt/ioopt/appbench/apps/MLPerf-storage/dlio_benchmark/dlio_benchmark/utils/statscounter.py:325]
[INFO] 2025-05-04T17:48:01.750194 Rank 0 step 169 processed 5 samples in 2.89787220954895 s [/mnt/ioopt/appbench/apps/MLPerf-storage/dlio_benchmark/dlio_benchmark/utils/statscounter.py:325]
[INFO] 2025-05-04T17:48:08.285544 Rank 0 step 170 processed 5 samples in 6.534846067428589 s [/mnt/ioopt/appbench/apps/MLPerf-storage/dlio_benchmark/dlio_benchmark/utils/statscounter.py:325]
[INFO] 2025-05-04T17:48:11.886822 Rank 0 step 171 processed 5 samples in 3.600728988647461 s [/mnt/ioopt/appbench/apps/MLPerf-storage/dlio_benchmark/dlio_benchmark/utils/statscounter.py:325]
[INFO] 2025-05-04T17:48:13.211549 Rank 0 step 172 processed 5 samples in 1.3241996765136719 s [/mnt/ioopt/appbench/apps/MLPerf-storage/dlio_benchmark/dlio_benchmark/utils/statscounter.py:325]
[INFO] 2025-05-04T17:48:13.540399 Rank 0 step 173 processed 5 samples in 0.3283243179321289 s [/mnt/ioopt/appbench/apps/MLPerf-storage/dlio_benchmark/dlio_benchmark/utils/statscounter.py:325]
[INFO] 2025-05-04T17:48:13.866564 Rank 0 step 174 processed 5 samples in 0.3256266117095947 s [/mnt/ioopt/appbench/apps/MLPerf-storage/dlio_benchmark/dlio_benchmark/utils/statscounter.py:325]
[INFO] 2025-05-04T17:48:16.182258 Rank 0 step 175 processed 5 samples in 2.3153460025787354 s [/mnt/ioopt/appbench/apps/MLPerf-storage/dlio_benchmark/dlio_benchmark/utils/statscounter.py:325]
[INFO] 2025-05-04T17:48:18.720301 Rank 0 step 176 processed 5 samples in 2.5375208854675293 s [/mnt/ioopt/appbench/apps/MLPerf-storage/dlio_benchmark/dlio_benchmark/utils/statscounter.py:325]
[INFO] 2025-05-04T17:48:20.951160 Rank 0 step 177 processed 5 samples in 2.2303874492645264 s [/mnt/ioopt/appbench/apps/MLPerf-storage/dlio_benchmark/dlio_benchmark/utils/statscounter.py:325]
[INFO] 2025-05-04T17:48:26.648285 Rank 0 step 178 processed 5 samples in 5.696668863296509 s [/mnt/ioopt/appbench/apps/MLPerf-storage/dlio_benchmark/dlio_benchmark/utils/statscounter.py:325]
[INFO] 2025-05-04T17:48:26.979138 Rank 0 step 179 processed 5 samples in 0.33032846450805664 s [/mnt/ioopt/appbench/apps/MLPerf-storage/dlio_benchmark/dlio_benchmark/utils/statscounter.py:325]
[INFO] 2025-05-04T17:48:27.308478 Rank 0 step 180 processed 5 samples in 0.3288421630859375 s [/mnt/ioopt/appbench/apps/MLPerf-storage/dlio_benchmark/dlio_benchmark/utils/statscounter.py:325]
[INFO] 2025-05-04T17:48:27.644986 Rank 0 step 181 processed 5 samples in 0.33599257469177246 s [/mnt/ioopt/appbench/apps/MLPerf-storage/dlio_benchmark/dlio_benchmark/utils/statscounter.py:325]
[INFO] 2025-05-04T17:48:31.910304 Rank 0 step 182 processed 5 samples in 4.264526605606079 s [/mnt/ioopt/appbench/apps/MLPerf-storage/dlio_benchmark/dlio_benchmark/utils/statscounter.py:325]
[INFO] 2025-05-04T17:48:34.169908 Rank 0 step 183 processed 5 samples in 2.2589147090911865 s [/mnt/ioopt/appbench/apps/MLPerf-storage/dlio_benchmark/dlio_benchmark/utils/statscounter.py:325]
[INFO] 2025-05-04T17:48:37.258916 Rank 0 step 184 processed 5 samples in 3.088541269302368 s [/mnt/ioopt/appbench/apps/MLPerf-storage/dlio_benchmark/dlio_benchmark/utils/statscounter.py:325]
[INFO] 2025-05-04T17:48:37.587820 Rank 0 step 185 processed 5 samples in 0.3283557891845703 s [/mnt/ioopt/appbench/apps/MLPerf-storage/dlio_benchmark/dlio_benchmark/utils/statscounter.py:325]
[INFO] 2025-05-04T17:48:40.725397 Rank 0 step 186 processed 5 samples in 3.1370937824249268 s [/mnt/ioopt/appbench/apps/MLPerf-storage/dlio_benchmark/dlio_benchmark/utils/statscounter.py:325]
[INFO] 2025-05-04T17:48:42.313401 Rank 0 step 187 processed 5 samples in 1.5874857902526855 s [/mnt/ioopt/appbench/apps/MLPerf-storage/dlio_benchmark/dlio_benchmark/utils/statscounter.py:325]
[INFO] 2025-05-04T17:48:44.766849 Rank 0 step 188 processed 5 samples in 2.4508554935455322 s [/mnt/ioopt/appbench/apps/MLPerf-storage/dlio_benchmark/dlio_benchmark/utils/statscounter.py:325]
[INFO] 2025-05-04T17:48:48.866047 Rank 0 step 189 processed 5 samples in 4.09868860244751 s [/mnt/ioopt/appbench/apps/MLPerf-storage/dlio_benchmark/dlio_benchmark/utils/statscounter.py:325]
[INFO] 2025-05-04T17:48:51.630044 Rank 0 step 190 processed 5 samples in 2.7635135650634766 s [/mnt/ioopt/appbench/apps/MLPerf-storage/dlio_benchmark/dlio_benchmark/utils/statscounter.py:325]
[INFO] 2025-05-04T17:48:51.959090 Rank 0 step 191 processed 5 samples in 0.32852792739868164 s [/mnt/ioopt/appbench/apps/MLPerf-storage/dlio_benchmark/dlio_benchmark/utils/statscounter.py:325]
[INFO] 2025-05-04T17:48:52.289508 Rank 0 step 192 processed 5 samples in 0.3299567699432373 s [/mnt/ioopt/appbench/apps/MLPerf-storage/dlio_benchmark/dlio_benchmark/utils/statscounter.py:325]
[INFO] 2025-05-04T17:48:58.421781 Rank 0 step 193 processed 5 samples in 6.131793975830078 s [/mnt/ioopt/appbench/apps/MLPerf-storage/dlio_benchmark/dlio_benchmark/utils/statscounter.py:325]
[INFO] 2025-05-04T17:48:58.750853 Rank 0 step 194 processed 5 samples in 0.3285365104675293 s [/mnt/ioopt/appbench/apps/MLPerf-storage/dlio_benchmark/dlio_benchmark/utils/statscounter.py:325]
[INFO] 2025-05-04T17:49:05.695449 Rank 0 step 195 processed 5 samples in 6.944088935852051 s [/mnt/ioopt/appbench/apps/MLPerf-storage/dlio_benchmark/dlio_benchmark/utils/statscounter.py:325]
[INFO] 2025-05-04T17:49:06.026517 Rank 0 step 196 processed 5 samples in 0.33057355880737305 s [/mnt/ioopt/appbench/apps/MLPerf-storage/dlio_benchmark/dlio_benchmark/utils/statscounter.py:325]
[INFO] 2025-05-04T17:49:07.259348 Rank 0 step 197 processed 5 samples in 1.232285737991333 s [/mnt/ioopt/appbench/apps/MLPerf-storage/dlio_benchmark/dlio_benchmark/utils/statscounter.py:325]
[INFO] 2025-05-04T17:49:07.589936 Rank 0 step 198 processed 5 samples in 0.3301093578338623 s [/mnt/ioopt/appbench/apps/MLPerf-storage/dlio_benchmark/dlio_benchmark/utils/statscounter.py:325]
[INFO] 2025-05-04T17:49:07.921327 Rank 0 step 199 processed 5 samples in 0.3309504985809326 s [/mnt/ioopt/appbench/apps/MLPerf-storage/dlio_benchmark/dlio_benchmark/utils/statscounter.py:325]
[INFO] 2025-05-04T17:49:15.558829 Rank 0 step 200 processed 5 samples in 7.637017250061035 s [/mnt/ioopt/appbench/apps/MLPerf-storage/dlio_benchmark/dlio_benchmark/utils/statscounter.py:325]
[INFO] 2025-05-04T17:49:19.779106 Rank 0 step 201 processed 5 samples in 4.219731330871582 s [/mnt/ioopt/appbench/apps/MLPerf-storage/dlio_benchmark/dlio_benchmark/utils/statscounter.py:325]
[INFO] 2025-05-04T17:49:20.107893 Rank 0 step 202 processed 5 samples in 0.3283250331878662 s [/mnt/ioopt/appbench/apps/MLPerf-storage/dlio_benchmark/dlio_benchmark/utils/statscounter.py:325]
[INFO] 2025-05-04T17:49:20.438777 Rank 0 step 203 processed 5 samples in 0.3304328918457031 s [/mnt/ioopt/appbench/apps/MLPerf-storage/dlio_benchmark/dlio_benchmark/utils/statscounter.py:325]
[INFO] 2025-05-04T17:49:22.570349 Rank 0 step 204 processed 5 samples in 2.1310536861419678 s [/mnt/ioopt/appbench/apps/MLPerf-storage/dlio_benchmark/dlio_benchmark/utils/statscounter.py:325]
[INFO] 2025-05-04T17:49:22.899546 Rank 0 step 205 processed 5 samples in 0.3286769390106201 s [/mnt/ioopt/appbench/apps/MLPerf-storage/dlio_benchmark/dlio_benchmark/utils/statscounter.py:325]
[INFO] 2025-05-04T17:49:28.080639 Rank 0 step 206 processed 5 samples in 5.180599689483643 s [/mnt/ioopt/appbench/apps/MLPerf-storage/dlio_benchmark/dlio_benchmark/utils/statscounter.py:325]
[INFO] 2025-05-04T17:49:32.668018 Rank 0 step 207 processed 5 samples in 4.5868613719940186 s [/mnt/ioopt/appbench/apps/MLPerf-storage/dlio_benchmark/dlio_benchmark/utils/statscounter.py:325]
[INFO] 2025-05-04T17:49:32.997652 Rank 0 step 208 processed 5 samples in 0.3291499614715576 s [/mnt/ioopt/appbench/apps/MLPerf-storage/dlio_benchmark/dlio_benchmark/utils/statscounter.py:325]
[INFO] 2025-05-04T17:49:33.326828 Rank 0 step 209 processed 5 samples in 0.32865333557128906 s [/mnt/ioopt/appbench/apps/MLPerf-storage/dlio_benchmark/dlio_benchmark/utils/statscounter.py:325]
[INFO] 2025-05-04T17:49:34.769599 Rank 0 step 210 processed 5 samples in 1.442239761352539 s [/mnt/ioopt/appbench/apps/MLPerf-storage/dlio_benchmark/dlio_benchmark/utils/statscounter.py:325]
[INFO] 2025-05-04T17:49:35.100857 Rank 0 step 211 processed 5 samples in 0.33075976371765137 s [/mnt/ioopt/appbench/apps/MLPerf-storage/dlio_benchmark/dlio_benchmark/utils/statscounter.py:325]
[INFO] 2025-05-04T17:49:42.282882 Rank 0 step 212 processed 5 samples in 7.181502103805542 s [/mnt/ioopt/appbench/apps/MLPerf-storage/dlio_benchmark/dlio_benchmark/utils/statscounter.py:325]
[INFO] 2025-05-04T17:49:46.840687 Rank 0 step 213 processed 5 samples in 4.557289361953735 s [/mnt/ioopt/appbench/apps/MLPerf-storage/dlio_benchmark/dlio_benchmark/utils/statscounter.py:325]
[INFO] 2025-05-04T17:49:47.169603 Rank 0 step 214 processed 5 samples in 0.32846546173095703 s [/mnt/ioopt/appbench/apps/MLPerf-storage/dlio_benchmark/dlio_benchmark/utils/statscounter.py:325]
[INFO] 2025-05-04T17:49:47.498433 Rank 0 step 215 processed 5 samples in 0.3283426761627197 s [/mnt/ioopt/appbench/apps/MLPerf-storage/dlio_benchmark/dlio_benchmark/utils/statscounter.py:325]
[INFO] 2025-05-04T17:49:47.827153 Rank 0 step 216 processed 5 samples in 0.32827234268188477 s [/mnt/ioopt/appbench/apps/MLPerf-storage/dlio_benchmark/dlio_benchmark/utils/statscounter.py:325]
[INFO] 2025-05-04T17:49:48.156150 Rank 0 step 217 processed 5 samples in 0.32855653762817383 s [/mnt/ioopt/appbench/apps/MLPerf-storage/dlio_benchmark/dlio_benchmark/utils/statscounter.py:325]
[INFO] 2025-05-04T17:49:56.762442 Rank 0 step 218 processed 5 samples in 8.605813026428223 s [/mnt/ioopt/appbench/apps/MLPerf-storage/dlio_benchmark/dlio_benchmark/utils/statscounter.py:325]
[INFO] 2025-05-04T17:49:57.999994 Rank 0 step 219 processed 5 samples in 1.2370245456695557 s [/mnt/ioopt/appbench/apps/MLPerf-storage/dlio_benchmark/dlio_benchmark/utils/statscounter.py:325]
[INFO] 2025-05-04T17:50:01.567144 Rank 0 step 220 processed 5 samples in 3.566687822341919 s [/mnt/ioopt/appbench/apps/MLPerf-storage/dlio_benchmark/dlio_benchmark/utils/statscounter.py:325]
[INFO] 2025-05-04T17:50:02.091355 Rank 0 step 221 processed 5 samples in 0.5236842632293701 s [/mnt/ioopt/appbench/apps/MLPerf-storage/dlio_benchmark/dlio_benchmark/utils/statscounter.py:325]
[INFO] 2025-05-04T17:50:02.420628 Rank 0 step 222 processed 5 samples in 0.3287773132324219 s [/mnt/ioopt/appbench/apps/MLPerf-storage/dlio_benchmark/dlio_benchmark/utils/statscounter.py:325]
[INFO] 2025-05-04T17:50:02.749389 Rank 0 step 223 processed 5 samples in 0.3283085823059082 s [/mnt/ioopt/appbench/apps/MLPerf-storage/dlio_benchmark/dlio_benchmark/utils/statscounter.py:325]
[INFO] 2025-05-04T17:50:09.794686 Rank 0 step 224 processed 5 samples in 7.044826507568359 s [/mnt/ioopt/appbench/apps/MLPerf-storage/dlio_benchmark/dlio_benchmark/utils/statscounter.py:325]
[INFO] 2025-05-04T17:50:11.114578 Rank 0 step 225 processed 5 samples in 1.3193657398223877 s [/mnt/ioopt/appbench/apps/MLPerf-storage/dlio_benchmark/dlio_benchmark/utils/statscounter.py:325]
[INFO] 2025-05-04T17:50:18.219519 Rank 0 step 226 processed 5 samples in 7.1043829917907715 s [/mnt/ioopt/appbench/apps/MLPerf-storage/dlio_benchmark/dlio_benchmark/utils/statscounter.py:325]
[INFO] 2025-05-04T17:50:18.548671 Rank 0 step 227 processed 5 samples in 0.3286159038543701 s [/mnt/ioopt/appbench/apps/MLPerf-storage/dlio_benchmark/dlio_benchmark/utils/statscounter.py:325]
[INFO] 2025-05-04T17:50:18.880353 Rank 0 step 228 processed 5 samples in 0.3311960697174072 s [/mnt/ioopt/appbench/apps/MLPerf-storage/dlio_benchmark/dlio_benchmark/utils/statscounter.py:325]
[INFO] 2025-05-04T17:50:19.210323 Rank 0 step 229 processed 5 samples in 0.32877230644226074 s [/mnt/ioopt/appbench/apps/MLPerf-storage/dlio_benchmark/dlio_benchmark/utils/statscounter.py:325]
[INFO] 2025-05-04T17:50:23.601933 Rank 0 step 230 processed 5 samples in 4.391183853149414 s [/mnt/ioopt/appbench/apps/MLPerf-storage/dlio_benchmark/dlio_benchmark/utils/statscounter.py:325]
[INFO] 2025-05-04T17:50:23.932774 Rank 0 step 231 processed 5 samples in 0.3303525447845459 s [/mnt/ioopt/appbench/apps/MLPerf-storage/dlio_benchmark/dlio_benchmark/utils/statscounter.py:325]
[INFO] 2025-05-04T17:50:32.748203 Rank 0 step 232 processed 5 samples in 8.814968347549438 s [/mnt/ioopt/appbench/apps/MLPerf-storage/dlio_benchmark/dlio_benchmark/utils/statscounter.py:325]
[INFO] 2025-05-04T17:50:33.076154 Rank 0 step 233 processed 5 samples in 0.32747793197631836 s [/mnt/ioopt/appbench/apps/MLPerf-storage/dlio_benchmark/dlio_benchmark/utils/statscounter.py:325]
[INFO] 2025-05-04T17:50:33.402035 Rank 0 step 234 processed 5 samples in 0.3255763053894043 s [/mnt/ioopt/appbench/apps/MLPerf-storage/dlio_benchmark/dlio_benchmark/utils/statscounter.py:325]
[INFO] 2025-05-04T17:50:33.729446 Rank 0 step 235 processed 5 samples in 0.32695794105529785 s [/mnt/ioopt/appbench/apps/MLPerf-storage/dlio_benchmark/dlio_benchmark/utils/statscounter.py:325]
[INFO] 2025-05-04T17:50:34.056512 Rank 0 step 236 processed 5 samples in 0.3266947269439697 s [/mnt/ioopt/appbench/apps/MLPerf-storage/dlio_benchmark/dlio_benchmark/utils/statscounter.py:325]
[INFO] 2025-05-04T17:50:36.430273 Rank 0 step 237 processed 5 samples in 2.3733649253845215 s [/mnt/ioopt/appbench/apps/MLPerf-storage/dlio_benchmark/dlio_benchmark/utils/statscounter.py:325]
[INFO] 2025-05-04T17:50:45.242390 Rank 0 step 238 processed 5 samples in 8.811651945114136 s [/mnt/ioopt/appbench/apps/MLPerf-storage/dlio_benchmark/dlio_benchmark/utils/statscounter.py:325]
[INFO] 2025-05-04T17:50:46.943111 Rank 0 step 239 processed 5 samples in 1.700373649597168 s [/mnt/ioopt/appbench/apps/MLPerf-storage/dlio_benchmark/dlio_benchmark/utils/statscounter.py:325]
[INFO] 2025-05-04T17:50:48.734905 Rank 0 step 240 processed 5 samples in 1.7913320064544678 s [/mnt/ioopt/appbench/apps/MLPerf-storage/dlio_benchmark/dlio_benchmark/utils/statscounter.py:325]
[INFO] 2025-05-04T17:50:49.063609 Rank 0 step 241 processed 5 samples in 0.3282439708709717 s [/mnt/ioopt/appbench/apps/MLPerf-storage/dlio_benchmark/dlio_benchmark/utils/statscounter.py:325]
[INFO] 2025-05-04T17:50:51.706933 Rank 0 step 242 processed 5 samples in 2.6428706645965576 s [/mnt/ioopt/appbench/apps/MLPerf-storage/dlio_benchmark/dlio_benchmark/utils/statscounter.py:325]
[INFO] 2025-05-04T17:50:54.334936 Rank 0 step 243 processed 5 samples in 2.627596139907837 s [/mnt/ioopt/appbench/apps/MLPerf-storage/dlio_benchmark/dlio_benchmark/utils/statscounter.py:325]
[INFO] 2025-05-04T17:50:58.414031 Rank 0 step 244 processed 5 samples in 4.078606605529785 s [/mnt/ioopt/appbench/apps/MLPerf-storage/dlio_benchmark/dlio_benchmark/utils/statscounter.py:325]
[INFO] 2025-05-04T17:51:01.803222 Rank 0 step 245 processed 5 samples in 3.3886799812316895 s [/mnt/ioopt/appbench/apps/MLPerf-storage/dlio_benchmark/dlio_benchmark/utils/statscounter.py:325]
[INFO] 2025-05-04T17:51:03.544136 Rank 0 step 246 processed 5 samples in 1.740429162979126 s [/mnt/ioopt/appbench/apps/MLPerf-storage/dlio_benchmark/dlio_benchmark/utils/statscounter.py:325]
[INFO] 2025-05-04T17:51:03.913900 Rank 0 step 247 processed 5 samples in 0.3286597728729248 s [/mnt/ioopt/appbench/apps/MLPerf-storage/dlio_benchmark/dlio_benchmark/utils/statscounter.py:325]
[INFO] 2025-05-04T17:51:05.582616 Rank 0 step 248 processed 5 samples in 1.6682946681976318 s [/mnt/ioopt/appbench/apps/MLPerf-storage/dlio_benchmark/dlio_benchmark/utils/statscounter.py:325]
[INFO] 2025-05-04T17:51:07.787901 Rank 0 step 249 processed 5 samples in 2.2048187255859375 s [/mnt/ioopt/appbench/apps/MLPerf-storage/dlio_benchmark/dlio_benchmark/utils/statscounter.py:325]
[INFO] 2025-05-04T17:51:13.640359 Rank 0 step 250 processed 5 samples in 5.852005481719971 s [/mnt/ioopt/appbench/apps/MLPerf-storage/dlio_benchmark/dlio_benchmark/utils/statscounter.py:325]
[INFO] 2025-05-04T17:51:15.369910 Rank 0 step 251 processed 5 samples in 1.7290408611297607 s [/mnt/ioopt/appbench/apps/MLPerf-storage/dlio_benchmark/dlio_benchmark/utils/statscounter.py:325]
[INFO] 2025-05-04T17:51:15.699153 Rank 0 step 252 processed 5 samples in 0.3287394046783447 s [/mnt/ioopt/appbench/apps/MLPerf-storage/dlio_benchmark/dlio_benchmark/utils/statscounter.py:325]
[INFO] 2025-05-04T17:51:18.308929 Rank 0 step 253 processed 5 samples in 2.6093289852142334 s [/mnt/ioopt/appbench/apps/MLPerf-storage/dlio_benchmark/dlio_benchmark/utils/statscounter.py:325]
[INFO] 2025-05-04T17:51:21.258941 Rank 0 step 254 processed 5 samples in 2.949538230895996 s [/mnt/ioopt/appbench/apps/MLPerf-storage/dlio_benchmark/dlio_benchmark/utils/statscounter.py:325]
[INFO] 2025-05-04T17:51:21.764831 Rank 0 step 255 processed 5 samples in 0.5054235458374023 s [/mnt/ioopt/appbench/apps/MLPerf-storage/dlio_benchmark/dlio_benchmark/utils/statscounter.py:325]
[INFO] 2025-05-04T17:51:26.247043 Rank 0 step 256 processed 5 samples in 4.481750726699829 s [/mnt/ioopt/appbench/apps/MLPerf-storage/dlio_benchmark/dlio_benchmark/utils/statscounter.py:325]
[INFO] 2025-05-04T17:51:27.385035 Rank 0 step 257 processed 5 samples in 1.1374826431274414 s [/mnt/ioopt/appbench/apps/MLPerf-storage/dlio_benchmark/dlio_benchmark/utils/statscounter.py:325]
[INFO] 2025-05-04T17:51:29.914944 Rank 0 step 258 processed 5 samples in 2.529423713684082 s [/mnt/ioopt/appbench/apps/MLPerf-storage/dlio_benchmark/dlio_benchmark/utils/statscounter.py:325]
[INFO] 2025-05-04T17:51:31.053340 Rank 0 step 259 processed 5 samples in 1.1379320621490479 s [/mnt/ioopt/appbench/apps/MLPerf-storage/dlio_benchmark/dlio_benchmark/utils/statscounter.py:325]
[INFO] 2025-05-04T17:51:33.500855 Rank 0 step 260 processed 5 samples in 2.4470267295837402 s [/mnt/ioopt/appbench/apps/MLPerf-storage/dlio_benchmark/dlio_benchmark/utils/statscounter.py:325]
[INFO] 2025-05-04T17:51:35.977220 Rank 0 step 261 processed 5 samples in 2.4759933948516846 s [/mnt/ioopt/appbench/apps/MLPerf-storage/dlio_benchmark/dlio_benchmark/utils/statscounter.py:325]
[INFO] 2025-05-04T17:51:39.519434 Rank 0 step 262 processed 5 samples in 3.541754961013794 s [/mnt/ioopt/appbench/apps/MLPerf-storage/dlio_benchmark/dlio_benchmark/utils/statscounter.py:325]
[INFO] 2025-05-04T17:51:40.570933 Rank 0 step 263 processed 5 samples in 1.05100417137146 s [/mnt/ioopt/appbench/apps/MLPerf-storage/dlio_benchmark/dlio_benchmark/utils/statscounter.py:325]
[INFO] 2025-05-04T17:51:44.516631 Rank 0 step 264 processed 5 samples in 3.9451816082000732 s [/mnt/ioopt/appbench/apps/MLPerf-storage/dlio_benchmark/dlio_benchmark/utils/statscounter.py:325]
[INFO] 2025-05-04T17:51:44.843217 Rank 0 step 265 processed 5 samples in 0.3261373043060303 s [/mnt/ioopt/appbench/apps/MLPerf-storage/dlio_benchmark/dlio_benchmark/utils/statscounter.py:325]
[INFO] 2025-05-04T17:51:45.183092 Rank 0 step 266 processed 5 samples in 0.32855653762817383 s [/mnt/ioopt/appbench/apps/MLPerf-storage/dlio_benchmark/dlio_benchmark/utils/statscounter.py:325]
[INFO] 2025-05-04T17:51:46.246613 Rank 0 step 267 processed 5 samples in 1.0630548000335693 s [/mnt/ioopt/appbench/apps/MLPerf-storage/dlio_benchmark/dlio_benchmark/utils/statscounter.py:325]
[INFO] 2025-05-04T17:51:51.141918 Rank 0 step 268 processed 5 samples in 4.894782543182373 s [/mnt/ioopt/appbench/apps/MLPerf-storage/dlio_benchmark/dlio_benchmark/utils/statscounter.py:325]
[INFO] 2025-05-04T17:51:57.202297 Rank 0 step 269 processed 5 samples in 6.059962749481201 s [/mnt/ioopt/appbench/apps/MLPerf-storage/dlio_benchmark/dlio_benchmark/utils/statscounter.py:325]
[INFO] 2025-05-04T17:51:57.570647 Rank 0 step 270 processed 5 samples in 0.36781835556030273 s [/mnt/ioopt/appbench/apps/MLPerf-storage/dlio_benchmark/dlio_benchmark/utils/statscounter.py:325]
[INFO] 2025-05-04T17:51:59.983320 Rank 0 step 271 processed 5 samples in 2.4121530055999756 s [/mnt/ioopt/appbench/apps/MLPerf-storage/dlio_benchmark/dlio_benchmark/utils/statscounter.py:325]
[INFO] 2025-05-04T17:52:00.375393 Rank 0 step 272 processed 5 samples in 0.39157819747924805 s [/mnt/ioopt/appbench/apps/MLPerf-storage/dlio_benchmark/dlio_benchmark/utils/statscounter.py:325]
[INFO] 2025-05-04T17:52:00.706165 Rank 0 step 273 processed 5 samples in 0.3302946090698242 s [/mnt/ioopt/appbench/apps/MLPerf-storage/dlio_benchmark/dlio_benchmark/utils/statscounter.py:325]
[INFO] 2025-05-04T17:52:06.147211 Rank 0 step 274 processed 5 samples in 5.440586805343628 s [/mnt/ioopt/appbench/apps/MLPerf-storage/dlio_benchmark/dlio_benchmark/utils/statscounter.py:325]
[INFO] 2025-05-04T17:52:09.445607 Rank 0 step 275 processed 5 samples in 3.2978968620300293 s [/mnt/ioopt/appbench/apps/MLPerf-storage/dlio_benchmark/dlio_benchmark/utils/statscounter.py:325]
[INFO] 2025-05-04T17:52:11.486690 Rank 0 step 276 processed 5 samples in 2.0406250953674316 s [/mnt/ioopt/appbench/apps/MLPerf-storage/dlio_benchmark/dlio_benchmark/utils/statscounter.py:325]
[INFO] 2025-05-04T17:52:12.508314 Rank 0 step 277 processed 5 samples in 1.0211424827575684 s [/mnt/ioopt/appbench/apps/MLPerf-storage/dlio_benchmark/dlio_benchmark/utils/statscounter.py:325]
[INFO] 2025-05-04T17:52:13.538204 Rank 0 step 278 processed 5 samples in 1.0293715000152588 s [/mnt/ioopt/appbench/apps/MLPerf-storage/dlio_benchmark/dlio_benchmark/utils/statscounter.py:325]
[INFO] 2025-05-04T17:52:13.863951 Rank 0 step 279 processed 5 samples in 0.3253781795501709 s [/mnt/ioopt/appbench/apps/MLPerf-storage/dlio_benchmark/dlio_benchmark/utils/statscounter.py:325]
[INFO] 2025-05-04T17:52:20.350063 Rank 0 step 280 processed 5 samples in 6.4856650829315186 s [/mnt/ioopt/appbench/apps/MLPerf-storage/dlio_benchmark/dlio_benchmark/utils/statscounter.py:325]
[INFO] 2025-05-04T17:52:26.259615 Rank 0 step 281 processed 5 samples in 5.908997297286987 s [/mnt/ioopt/appbench/apps/MLPerf-storage/dlio_benchmark/dlio_benchmark/utils/statscounter.py:325]
[INFO] 2025-05-04T17:52:26.593273 Rank 0 step 282 processed 5 samples in 0.3327505588531494 s [/mnt/ioopt/appbench/apps/MLPerf-storage/dlio_benchmark/dlio_benchmark/utils/statscounter.py:325]
[INFO] 2025-05-04T17:52:26.922673 Rank 0 step 283 processed 5 samples in 0.3289191722869873 s [/mnt/ioopt/appbench/apps/MLPerf-storage/dlio_benchmark/dlio_benchmark/utils/statscounter.py:325]
[INFO] 2025-05-04T17:52:27.251906 Rank 0 step 284 processed 5 samples in 0.32870960235595703 s [/mnt/ioopt/appbench/apps/MLPerf-storage/dlio_benchmark/dlio_benchmark/utils/statscounter.py:325]
[INFO] 2025-05-04T17:52:27.580828 Rank 0 step 285 processed 5 samples in 0.32845187187194824 s [/mnt/ioopt/appbench/apps/MLPerf-storage/dlio_benchmark/dlio_benchmark/utils/statscounter.py:325]
[INFO] 2025-05-04T17:52:30.974960 Rank 0 step 286 processed 5 samples in 3.393674612045288 s [/mnt/ioopt/appbench/apps/MLPerf-storage/dlio_benchmark/dlio_benchmark/utils/statscounter.py:325]
[INFO] 2025-05-04T17:52:40.345673 Rank 0 step 287 processed 5 samples in 9.370173692703247 s [/mnt/ioopt/appbench/apps/MLPerf-storage/dlio_benchmark/dlio_benchmark/utils/statscounter.py:325]
[INFO] 2025-05-04T17:52:40.843728 Rank 0 step 288 processed 5 samples in 0.49751830101013184 s [/mnt/ioopt/appbench/apps/MLPerf-storage/dlio_benchmark/dlio_benchmark/utils/statscounter.py:325]
[INFO] 2025-05-04T17:52:42.814483 Rank 0 step 289 processed 5 samples in 1.970273494720459 s [/mnt/ioopt/appbench/apps/MLPerf-storage/dlio_benchmark/dlio_benchmark/utils/statscounter.py:325]
[INFO] 2025-05-04T17:52:43.143464 Rank 0 step 290 processed 5 samples in 0.3284492492675781 s [/mnt/ioopt/appbench/apps/MLPerf-storage/dlio_benchmark/dlio_benchmark/utils/statscounter.py:325]
[INFO] 2025-05-04T17:52:43.472794 Rank 0 step 291 processed 5 samples in 0.32883572578430176 s [/mnt/ioopt/appbench/apps/MLPerf-storage/dlio_benchmark/dlio_benchmark/utils/statscounter.py:325]
[INFO] 2025-05-04T17:52:45.381413 Rank 0 step 292 processed 5 samples in 1.9081480503082275 s [/mnt/ioopt/appbench/apps/MLPerf-storage/dlio_benchmark/dlio_benchmark/utils/statscounter.py:325]
[INFO] 2025-05-04T17:52:54.089176 Rank 0 step 293 processed 5 samples in 8.707244157791138 s [/mnt/ioopt/appbench/apps/MLPerf-storage/dlio_benchmark/dlio_benchmark/utils/statscounter.py:325]
[INFO] 2025-05-04T17:52:54.415444 Rank 0 step 294 processed 5 samples in 0.3257157802581787 s [/mnt/ioopt/appbench/apps/MLPerf-storage/dlio_benchmark/dlio_benchmark/utils/statscounter.py:325]
[INFO] 2025-05-04T17:52:54.743463 Rank 0 step 295 processed 5 samples in 0.32750606536865234 s [/mnt/ioopt/appbench/apps/MLPerf-storage/dlio_benchmark/dlio_benchmark/utils/statscounter.py:325]
[INFO] 2025-05-04T17:52:56.363701 Rank 0 step 296 processed 5 samples in 1.6197614669799805 s [/mnt/ioopt/appbench/apps/MLPerf-storage/dlio_benchmark/dlio_benchmark/utils/statscounter.py:325]
[INFO] 2025-05-04T17:52:56.689839 Rank 0 step 297 processed 5 samples in 0.3256676197052002 s [/mnt/ioopt/appbench/apps/MLPerf-storage/dlio_benchmark/dlio_benchmark/utils/statscounter.py:325]
[INFO] 2025-05-04T17:52:57.373636 Rank 0 step 298 processed 5 samples in 0.683452844619751 s [/mnt/ioopt/appbench/apps/MLPerf-storage/dlio_benchmark/dlio_benchmark/utils/statscounter.py:325]
[INFO] 2025-05-04T17:53:06.015571 Rank 0 step 299 processed 5 samples in 8.641411542892456 s [/mnt/ioopt/appbench/apps/MLPerf-storage/dlio_benchmark/dlio_benchmark/utils/statscounter.py:325]
[INFO] 2025-05-04T17:53:08.741734 Rank 0 step 300 processed 5 samples in 2.7256948947906494 s [/mnt/ioopt/appbench/apps/MLPerf-storage/dlio_benchmark/dlio_benchmark/utils/statscounter.py:325]
[INFO] 2025-05-04T17:53:09.070855 Rank 0 step 301 processed 5 samples in 0.3286597728729248 s [/mnt/ioopt/appbench/apps/MLPerf-storage/dlio_benchmark/dlio_benchmark/utils/statscounter.py:325]
[INFO] 2025-05-04T17:53:10.873690 Rank 0 step 302 processed 5 samples in 1.8023743629455566 s [/mnt/ioopt/appbench/apps/MLPerf-storage/dlio_benchmark/dlio_benchmark/utils/statscounter.py:325]
[INFO] 2025-05-04T17:53:11.202377 Rank 0 step 303 processed 5 samples in 0.3281724452972412 s [/mnt/ioopt/appbench/apps/MLPerf-storage/dlio_benchmark/dlio_benchmark/utils/statscounter.py:325]
[INFO] 2025-05-04T17:53:11.531366 Rank 0 step 304 processed 5 samples in 0.32851099967956543 s [/mnt/ioopt/appbench/apps/MLPerf-storage/dlio_benchmark/dlio_benchmark/utils/statscounter.py:325]
[INFO] 2025-05-04T17:53:16.489569 Rank 0 step 305 processed 5 samples in 4.957723379135132 s [/mnt/ioopt/appbench/apps/MLPerf-storage/dlio_benchmark/dlio_benchmark/utils/statscounter.py:325]
[INFO] 2025-05-04T17:53:20.904725 Rank 0 step 306 processed 5 samples in 4.414657831192017 s [/mnt/ioopt/appbench/apps/MLPerf-storage/dlio_benchmark/dlio_benchmark/utils/statscounter.py:325]
[INFO] 2025-05-04T17:53:22.582620 Rank 0 step 307 processed 5 samples in 1.677433967590332 s [/mnt/ioopt/appbench/apps/MLPerf-storage/dlio_benchmark/dlio_benchmark/utils/statscounter.py:325]
[INFO] 2025-05-04T17:53:24.034908 Rank 0 step 308 processed 5 samples in 1.4517531394958496 s [/mnt/ioopt/appbench/apps/MLPerf-storage/dlio_benchmark/dlio_benchmark/utils/statscounter.py:325]
[INFO] 2025-05-04T17:53:24.363752 Rank 0 step 309 processed 5 samples in 0.32828402519226074 s [/mnt/ioopt/appbench/apps/MLPerf-storage/dlio_benchmark/dlio_benchmark/utils/statscounter.py:325]
[INFO] 2025-05-04T17:53:25.758733 Rank 0 step 310 processed 5 samples in 1.394493818283081 s [/mnt/ioopt/appbench/apps/MLPerf-storage/dlio_benchmark/dlio_benchmark/utils/statscounter.py:325]
[INFO] 2025-05-04T17:53:28.368389 Rank 0 step 311 processed 5 samples in 2.609138250350952 s [/mnt/ioopt/appbench/apps/MLPerf-storage/dlio_benchmark/dlio_benchmark/utils/statscounter.py:325]
[INFO] 2025-05-04T17:53:32.605659 Rank 0 step 312 processed 5 samples in 4.236759424209595 s [/mnt/ioopt/appbench/apps/MLPerf-storage/dlio_benchmark/dlio_benchmark/utils/statscounter.py:325]
[INFO] 2025-05-04T17:53:36.001651 Rank 0 step 313 processed 5 samples in 3.395472526550293 s [/mnt/ioopt/appbench/apps/MLPerf-storage/dlio_benchmark/dlio_benchmark/utils/statscounter.py:325]
[INFO] 2025-05-04T17:53:38.383265 Rank 0 step 314 processed 5 samples in 2.3811004161834717 s [/mnt/ioopt/appbench/apps/MLPerf-storage/dlio_benchmark/dlio_benchmark/utils/statscounter.py:325]
[INFO] 2025-05-04T17:53:38.712056 Rank 0 step 315 processed 5 samples in 0.32827115058898926 s [/mnt/ioopt/appbench/apps/MLPerf-storage/dlio_benchmark/dlio_benchmark/utils/statscounter.py:325]
[INFO] 2025-05-04T17:53:42.146739 Rank 0 step 316 processed 5 samples in 3.434191942214966 s [/mnt/ioopt/appbench/apps/MLPerf-storage/dlio_benchmark/dlio_benchmark/utils/statscounter.py:325]
[INFO] 2025-05-04T17:53:45.502228 Rank 0 step 317 processed 5 samples in 3.354987144470215 s [/mnt/ioopt/appbench/apps/MLPerf-storage/dlio_benchmark/dlio_benchmark/utils/statscounter.py:325]
[INFO] 2025-05-04T17:53:46.259997 Rank 0 step 318 processed 5 samples in 0.7572486400604248 s [/mnt/ioopt/appbench/apps/MLPerf-storage/dlio_benchmark/dlio_benchmark/utils/statscounter.py:325]
[INFO] 2025-05-04T17:53:49.840661 Rank 0 step 319 processed 5 samples in 3.5802087783813477 s [/mnt/ioopt/appbench/apps/MLPerf-storage/dlio_benchmark/dlio_benchmark/utils/statscounter.py:325]
[INFO] 2025-05-04T17:53:51.899228 Rank 0 step 320 processed 5 samples in 2.0580759048461914 s [/mnt/ioopt/appbench/apps/MLPerf-storage/dlio_benchmark/dlio_benchmark/utils/statscounter.py:325]
[INFO] 2025-05-04T17:53:53.865569 Rank 0 step 321 processed 5 samples in 1.9658703804016113 s [/mnt/ioopt/appbench/apps/MLPerf-storage/dlio_benchmark/dlio_benchmark/utils/statscounter.py:325]
[INFO] 2025-05-04T17:53:54.194628 Rank 0 step 322 processed 5 samples in 0.32860398292541504 s [/mnt/ioopt/appbench/apps/MLPerf-storage/dlio_benchmark/dlio_benchmark/utils/statscounter.py:325]
[INFO] 2025-05-04T17:54:01.354598 Rank 0 step 323 processed 5 samples in 7.159479141235352 s [/mnt/ioopt/appbench/apps/MLPerf-storage/dlio_benchmark/dlio_benchmark/utils/statscounter.py:325]
[INFO] 2025-05-04T17:54:01.683459 Rank 0 step 324 processed 5 samples in 0.32837343215942383 s [/mnt/ioopt/appbench/apps/MLPerf-storage/dlio_benchmark/dlio_benchmark/utils/statscounter.py:325]
[INFO] 2025-05-04T17:54:03.135285 Rank 0 step 325 processed 5 samples in 1.451390266418457 s [/mnt/ioopt/appbench/apps/MLPerf-storage/dlio_benchmark/dlio_benchmark/utils/statscounter.py:325]
[INFO] 2025-05-04T17:54:03.464252 Rank 0 step 326 processed 5 samples in 0.3284754753112793 s [/mnt/ioopt/appbench/apps/MLPerf-storage/dlio_benchmark/dlio_benchmark/utils/statscounter.py:325]
[INFO] 2025-05-04T17:54:06.702448 Rank 0 step 327 processed 5 samples in 3.2377562522888184 s [/mnt/ioopt/appbench/apps/MLPerf-storage/dlio_benchmark/dlio_benchmark/utils/statscounter.py:325]
[INFO] 2025-05-04T17:54:07.031266 Rank 0 step 328 processed 5 samples in 0.3283524513244629 s [/mnt/ioopt/appbench/apps/MLPerf-storage/dlio_benchmark/dlio_benchmark/utils/statscounter.py:325]
[INFO] 2025-05-04T17:54:16.500568 Rank 0 step 329 processed 5 samples in 9.468852996826172 s [/mnt/ioopt/appbench/apps/MLPerf-storage/dlio_benchmark/dlio_benchmark/utils/statscounter.py:325]
[INFO] 2025-05-04T17:54:16.829709 Rank 0 step 330 processed 5 samples in 0.32866597175598145 s [/mnt/ioopt/appbench/apps/MLPerf-storage/dlio_benchmark/dlio_benchmark/utils/statscounter.py:325]
[INFO] 2025-05-04T17:54:17.158650 Rank 0 step 331 processed 5 samples in 0.3284780979156494 s [/mnt/ioopt/appbench/apps/MLPerf-storage/dlio_benchmark/dlio_benchmark/utils/statscounter.py:325]
[INFO] 2025-05-04T17:54:17.487475 Rank 0 step 332 processed 5 samples in 0.3283095359802246 s [/mnt/ioopt/appbench/apps/MLPerf-storage/dlio_benchmark/dlio_benchmark/utils/statscounter.py:325]
[INFO] 2025-05-04T17:54:17.820711 Rank 0 step 333 processed 5 samples in 0.33277082443237305 s [/mnt/ioopt/appbench/apps/MLPerf-storage/dlio_benchmark/dlio_benchmark/utils/statscounter.py:325]
[INFO] 2025-05-04T17:54:18.153386 Rank 0 step 334 processed 5 samples in 0.33149003982543945 s [/mnt/ioopt/appbench/apps/MLPerf-storage/dlio_benchmark/dlio_benchmark/utils/statscounter.py:325]
[INFO] 2025-05-04T17:54:30.612486 Rank 0 step 335 processed 5 samples in 12.458640336990356 s [/mnt/ioopt/appbench/apps/MLPerf-storage/dlio_benchmark/dlio_benchmark/utils/statscounter.py:325]
[INFO] 2025-05-04T17:54:32.571134 Rank 0 step 336 processed 5 samples in 1.958184003829956 s [/mnt/ioopt/appbench/apps/MLPerf-storage/dlio_benchmark/dlio_benchmark/utils/statscounter.py:325]
[INFO] 2025-05-04T17:54:32.899913 Rank 0 step 337 processed 5 samples in 0.3283228874206543 s [/mnt/ioopt/appbench/apps/MLPerf-storage/dlio_benchmark/dlio_benchmark/utils/statscounter.py:325]
[INFO] 2025-05-04T17:54:33.228668 Rank 0 step 338 processed 5 samples in 0.32828664779663086 s [/mnt/ioopt/appbench/apps/MLPerf-storage/dlio_benchmark/dlio_benchmark/utils/statscounter.py:325]
[INFO] 2025-05-04T17:54:33.557891 Rank 0 step 339 processed 5 samples in 0.32878828048706055 s [/mnt/ioopt/appbench/apps/MLPerf-storage/dlio_benchmark/dlio_benchmark/utils/statscounter.py:325]
[INFO] 2025-05-04T17:54:33.886872 Rank 0 step 340 processed 5 samples in 0.3284878730773926 s [/mnt/ioopt/appbench/apps/MLPerf-storage/dlio_benchmark/dlio_benchmark/utils/statscounter.py:325]
[INFO] 2025-05-04T17:54:40.335229 Rank 0 step 341 processed 5 samples in 6.447849750518799 s [/mnt/ioopt/appbench/apps/MLPerf-storage/dlio_benchmark/dlio_benchmark/utils/statscounter.py:325]
[INFO] 2025-05-04T17:54:45.600846 Rank 0 step 342 processed 5 samples in 5.265138626098633 s [/mnt/ioopt/appbench/apps/MLPerf-storage/dlio_benchmark/dlio_benchmark/utils/statscounter.py:325]
[INFO] 2025-05-04T17:54:45.929777 Rank 0 step 343 processed 5 samples in 0.32847166061401367 s [/mnt/ioopt/appbench/apps/MLPerf-storage/dlio_benchmark/dlio_benchmark/utils/statscounter.py:325]
[INFO] 2025-05-04T17:54:46.258865 Rank 0 step 344 processed 5 samples in 0.32865214347839355 s [/mnt/ioopt/appbench/apps/MLPerf-storage/dlio_benchmark/dlio_benchmark/utils/statscounter.py:325]
[INFO] 2025-05-04T17:54:47.031658 Rank 0 step 345 processed 5 samples in 0.7723309993743896 s [/mnt/ioopt/appbench/apps/MLPerf-storage/dlio_benchmark/dlio_benchmark/utils/statscounter.py:325]
[INFO] 2025-05-04T17:54:49.819268 Rank 0 step 346 processed 5 samples in 2.787144660949707 s [/mnt/ioopt/appbench/apps/MLPerf-storage/dlio_benchmark/dlio_benchmark/utils/statscounter.py:325]
[INFO] 2025-05-04T17:54:52.309291 Rank 0 step 347 processed 5 samples in 2.489475727081299 s [/mnt/ioopt/appbench/apps/MLPerf-storage/dlio_benchmark/dlio_benchmark/utils/statscounter.py:325]
[INFO] 2025-05-04T17:54:56.078720 Rank 0 step 348 processed 5 samples in 3.768922805786133 s [/mnt/ioopt/appbench/apps/MLPerf-storage/dlio_benchmark/dlio_benchmark/utils/statscounter.py:325]
[INFO] 2025-05-04T17:55:00.316091 Rank 0 step 349 processed 5 samples in 4.2368996143341064 s [/mnt/ioopt/appbench/apps/MLPerf-storage/dlio_benchmark/dlio_benchmark/utils/statscounter.py:325]
[INFO] 2025-05-04T17:55:00.645423 Rank 0 step 350 processed 5 samples in 0.3288571834564209 s [/mnt/ioopt/appbench/apps/MLPerf-storage/dlio_benchmark/dlio_benchmark/utils/statscounter.py:325]
[INFO] 2025-05-04T17:55:00.974259 Rank 0 step 351 processed 5 samples in 0.32834911346435547 s [/mnt/ioopt/appbench/apps/MLPerf-storage/dlio_benchmark/dlio_benchmark/utils/statscounter.py:325]
[INFO] 2025-05-04T17:55:01.303212 Rank 0 step 352 processed 5 samples in 0.32851529121398926 s [/mnt/ioopt/appbench/apps/MLPerf-storage/dlio_benchmark/dlio_benchmark/utils/statscounter.py:325]
[INFO] 2025-05-04T17:55:07.080368 Rank 0 step 353 processed 5 samples in 5.776718378067017 s [/mnt/ioopt/appbench/apps/MLPerf-storage/dlio_benchmark/dlio_benchmark/utils/statscounter.py:325]
[INFO] 2025-05-04T17:55:10.723218 Rank 0 step 354 processed 5 samples in 3.64237117767334 s [/mnt/ioopt/appbench/apps/MLPerf-storage/dlio_benchmark/dlio_benchmark/utils/statscounter.py:325]
[INFO] 2025-05-04T17:55:14.952016 Rank 0 step 355 processed 5 samples in 4.228334188461304 s [/mnt/ioopt/appbench/apps/MLPerf-storage/dlio_benchmark/dlio_benchmark/utils/statscounter.py:325]
[INFO] 2025-05-04T17:55:15.280803 Rank 0 step 356 processed 5 samples in 0.3282637596130371 s [/mnt/ioopt/appbench/apps/MLPerf-storage/dlio_benchmark/dlio_benchmark/utils/statscounter.py:325]
[INFO] 2025-05-04T17:55:15.609543 Rank 0 step 357 processed 5 samples in 0.32828569412231445 s [/mnt/ioopt/appbench/apps/MLPerf-storage/dlio_benchmark/dlio_benchmark/utils/statscounter.py:325]
[INFO] 2025-05-04T17:55:15.938301 Rank 0 step 358 processed 5 samples in 0.32829976081848145 s [/mnt/ioopt/appbench/apps/MLPerf-storage/dlio_benchmark/dlio_benchmark/utils/statscounter.py:325]
[INFO] 2025-05-04T17:55:20.141347 Rank 0 step 359 processed 5 samples in 4.202545881271362 s [/mnt/ioopt/appbench/apps/MLPerf-storage/dlio_benchmark/dlio_benchmark/utils/statscounter.py:325]
[INFO] 2025-05-04T17:55:23.339627 Rank 0 step 360 processed 5 samples in 3.1929519176483154 s [/mnt/ioopt/appbench/apps/MLPerf-storage/dlio_benchmark/dlio_benchmark/utils/statscounter.py:325]
[INFO] 2025-05-04T17:55:27.631770 Rank 0 step 361 processed 5 samples in 4.291671514511108 s [/mnt/ioopt/appbench/apps/MLPerf-storage/dlio_benchmark/dlio_benchmark/utils/statscounter.py:325]
[INFO] 2025-05-04T17:55:27.960565 Rank 0 step 362 processed 5 samples in 0.328294038772583 s [/mnt/ioopt/appbench/apps/MLPerf-storage/dlio_benchmark/dlio_benchmark/utils/statscounter.py:325]
[INFO] 2025-05-04T17:55:28.289840 Rank 0 step 363 processed 5 samples in 0.32885146141052246 s [/mnt/ioopt/appbench/apps/MLPerf-storage/dlio_benchmark/dlio_benchmark/utils/statscounter.py:325]
[INFO] 2025-05-04T17:55:28.621413 Rank 0 step 364 processed 5 samples in 0.3310863971710205 s [/mnt/ioopt/appbench/apps/MLPerf-storage/dlio_benchmark/dlio_benchmark/utils/statscounter.py:325]
[INFO] 2025-05-04T17:55:33.214370 Rank 0 step 365 processed 5 samples in 4.592451095581055 s [/mnt/ioopt/appbench/apps/MLPerf-storage/dlio_benchmark/dlio_benchmark/utils/statscounter.py:325]
[INFO] 2025-05-04T17:55:38.299011 Rank 0 step 366 processed 5 samples in 5.084139823913574 s [/mnt/ioopt/appbench/apps/MLPerf-storage/dlio_benchmark/dlio_benchmark/utils/statscounter.py:325]
[INFO] 2025-05-04T17:55:39.993450 Rank 0 step 367 processed 5 samples in 1.6939356327056885 s [/mnt/ioopt/appbench/apps/MLPerf-storage/dlio_benchmark/dlio_benchmark/utils/statscounter.py:325]
[INFO] 2025-05-04T17:55:40.324443 Rank 0 step 368 processed 5 samples in 0.33051276206970215 s [/mnt/ioopt/appbench/apps/MLPerf-storage/dlio_benchmark/dlio_benchmark/utils/statscounter.py:325]
[INFO] 2025-05-04T17:55:43.395320 Rank 0 step 369 processed 5 samples in 3.0703988075256348 s [/mnt/ioopt/appbench/apps/MLPerf-storage/dlio_benchmark/dlio_benchmark/utils/statscounter.py:325]
[INFO] 2025-05-04T17:55:46.467255 Rank 0 step 370 processed 5 samples in 3.0714502334594727 s [/mnt/ioopt/appbench/apps/MLPerf-storage/dlio_benchmark/dlio_benchmark/utils/statscounter.py:325]
[INFO] 2025-05-04T17:55:46.798250 Rank 0 step 371 processed 5 samples in 0.3305044174194336 s [/mnt/ioopt/appbench/apps/MLPerf-storage/dlio_benchmark/dlio_benchmark/utils/statscounter.py:325]
[INFO] 2025-05-04T17:55:48.950125 Rank 0 step 372 processed 5 samples in 2.1513705253601074 s [/mnt/ioopt/appbench/apps/MLPerf-storage/dlio_benchmark/dlio_benchmark/utils/statscounter.py:325]
[INFO] 2025-05-04T17:55:54.789702 Rank 0 step 373 processed 5 samples in 5.83911657333374 s [/mnt/ioopt/appbench/apps/MLPerf-storage/dlio_benchmark/dlio_benchmark/utils/statscounter.py:325]
[INFO] 2025-05-04T17:55:55.118682 Rank 0 step 374 processed 5 samples in 0.3285045623779297 s [/mnt/ioopt/appbench/apps/MLPerf-storage/dlio_benchmark/dlio_benchmark/utils/statscounter.py:325]
[INFO] 2025-05-04T17:55:55.449571 Rank 0 step 375 processed 5 samples in 0.3304018974304199 s [/mnt/ioopt/appbench/apps/MLPerf-storage/dlio_benchmark/dlio_benchmark/utils/statscounter.py:325]
[INFO] 2025-05-04T17:56:02.317681 Rank 0 step 376 processed 5 samples in 6.867661476135254 s [/mnt/ioopt/appbench/apps/MLPerf-storage/dlio_benchmark/dlio_benchmark/utils/statscounter.py:325]
[INFO] 2025-05-04T17:56:04.111023 Rank 0 step 377 processed 5 samples in 1.792876958847046 s [/mnt/ioopt/appbench/apps/MLPerf-storage/dlio_benchmark/dlio_benchmark/utils/statscounter.py:325]
[INFO] 2025-05-04T17:56:04.440274 Rank 0 step 378 processed 5 samples in 0.3287642002105713 s [/mnt/ioopt/appbench/apps/MLPerf-storage/dlio_benchmark/dlio_benchmark/utils/statscounter.py:325]
[INFO] 2025-05-04T17:56:06.510098 Rank 0 step 379 processed 5 samples in 2.069368600845337 s [/mnt/ioopt/appbench/apps/MLPerf-storage/dlio_benchmark/dlio_benchmark/utils/statscounter.py:325]
[INFO] 2025-05-04T17:56:09.646407 Rank 0 step 380 processed 5 samples in 3.135812520980835 s [/mnt/ioopt/appbench/apps/MLPerf-storage/dlio_benchmark/dlio_benchmark/utils/statscounter.py:325]
[INFO] 2025-05-04T17:56:09.975900 Rank 0 step 381 processed 5 samples in 0.32880449295043945 s [/mnt/ioopt/appbench/apps/MLPerf-storage/dlio_benchmark/dlio_benchmark/utils/statscounter.py:325]
[INFO] 2025-05-04T17:56:11.360981 Rank 0 step 382 processed 5 samples in 1.3846147060394287 s [/mnt/ioopt/appbench/apps/MLPerf-storage/dlio_benchmark/dlio_benchmark/utils/statscounter.py:325]
[INFO] 2025-05-04T17:56:17.163059 Rank 0 step 383 processed 5 samples in 5.801577568054199 s [/mnt/ioopt/appbench/apps/MLPerf-storage/dlio_benchmark/dlio_benchmark/utils/statscounter.py:325]
[INFO] 2025-05-04T17:56:17.491914 Rank 0 step 384 processed 5 samples in 0.3283703327178955 s [/mnt/ioopt/appbench/apps/MLPerf-storage/dlio_benchmark/dlio_benchmark/utils/statscounter.py:325]
[INFO] 2025-05-04T17:56:20.913200 Rank 0 step 385 processed 5 samples in 3.4208321571350098 s [/mnt/ioopt/appbench/apps/MLPerf-storage/dlio_benchmark/dlio_benchmark/utils/statscounter.py:325]
[INFO] 2025-05-04T17:56:21.646194 Rank 0 step 386 processed 5 samples in 0.7325260639190674 s [/mnt/ioopt/appbench/apps/MLPerf-storage/dlio_benchmark/dlio_benchmark/utils/statscounter.py:325]
[INFO] 2025-05-04T17:56:23.423874 Rank 0 step 387 processed 5 samples in 1.777228593826294 s [/mnt/ioopt/appbench/apps/MLPerf-storage/dlio_benchmark/dlio_benchmark/utils/statscounter.py:325]
[INFO] 2025-05-04T17:56:23.752675 Rank 0 step 388 processed 5 samples in 0.32833409309387207 s [/mnt/ioopt/appbench/apps/MLPerf-storage/dlio_benchmark/dlio_benchmark/utils/statscounter.py:325]
[INFO] 2025-05-04T17:56:26.882212 Rank 0 step 389 processed 5 samples in 3.129107713699341 s [/mnt/ioopt/appbench/apps/MLPerf-storage/dlio_benchmark/dlio_benchmark/utils/statscounter.py:325]
[INFO] 2025-05-04T17:56:30.071773 Rank 0 step 390 processed 5 samples in 3.1891071796417236 s [/mnt/ioopt/appbench/apps/MLPerf-storage/dlio_benchmark/dlio_benchmark/utils/statscounter.py:325]
[INFO] 2025-05-04T17:56:35.521566 Rank 0 step 391 processed 5 samples in 5.449334144592285 s [/mnt/ioopt/appbench/apps/MLPerf-storage/dlio_benchmark/dlio_benchmark/utils/statscounter.py:325]
[INFO] 2025-05-04T17:56:36.196015 Rank 0 step 392 processed 5 samples in 0.6739466190338135 s [/mnt/ioopt/appbench/apps/MLPerf-storage/dlio_benchmark/dlio_benchmark/utils/statscounter.py:325]
[INFO] 2025-05-04T17:56:37.063678 Rank 0 step 393 processed 5 samples in 0.8671858310699463 s [/mnt/ioopt/appbench/apps/MLPerf-storage/dlio_benchmark/dlio_benchmark/utils/statscounter.py:325]
[INFO] 2025-05-04T17:56:37.394621 Rank 0 step 394 processed 5 samples in 0.3306455612182617 s [/mnt/ioopt/appbench/apps/MLPerf-storage/dlio_benchmark/dlio_benchmark/utils/statscounter.py:325]
[INFO] 2025-05-04T17:56:41.860879 Rank 0 step 395 processed 5 samples in 4.46567702293396 s [/mnt/ioopt/appbench/apps/MLPerf-storage/dlio_benchmark/dlio_benchmark/utils/statscounter.py:325]
[INFO] 2025-05-04T17:56:42.189637 Rank 0 step 396 processed 5 samples in 0.32825613021850586 s [/mnt/ioopt/appbench/apps/MLPerf-storage/dlio_benchmark/dlio_benchmark/utils/statscounter.py:325]
[INFO] 2025-05-04T17:56:46.191521 Rank 0 step 397 processed 5 samples in 4.001457929611206 s [/mnt/ioopt/appbench/apps/MLPerf-storage/dlio_benchmark/dlio_benchmark/utils/statscounter.py:325]
[INFO] 2025-05-04T17:56:46.919391 Rank 0 step 398 processed 5 samples in 0.727358341217041 s [/mnt/ioopt/appbench/apps/MLPerf-storage/dlio_benchmark/dlio_benchmark/utils/statscounter.py:325]
[INFO] 2025-05-04T17:56:47.248060 Rank 0 step 399 processed 5 samples in 0.3282010555267334 s [/mnt/ioopt/appbench/apps/MLPerf-storage/dlio_benchmark/dlio_benchmark/utils/statscounter.py:325]
[INFO] 2025-05-04T17:56:48.082970 Rank 0 step 400 processed 5 samples in 0.8345053195953369 s [/mnt/ioopt/appbench/apps/MLPerf-storage/dlio_benchmark/dlio_benchmark/utils/statscounter.py:325]
[INFO] 2025-05-04T17:56:48.083567 Maximum number of steps reached [/mnt/ioopt/appbench/apps/MLPerf-storage/dlio_benchmark/dlio_benchmark/main.py:293]
[INFO] 2025-05-04T17:56:48.086598 Ending block 1 - 400 steps completed in 926.09 s [/mnt/ioopt/appbench/apps/MLPerf-storage/dlio_benchmark/dlio_benchmark/utils/statscounter.py:282]
[INFO] 2025-05-04T17:56:48.112205 Epoch 1 - Block 1 [Training] Accelerator Utilization [AU] (%): 14.1478 [/mnt/ioopt/appbench/apps/MLPerf-storage/dlio_benchmark/dlio_benchmark/utils/statscounter.py:285]
[INFO] 2025-05-04T17:56:48.112321 Epoch 1 - Block 1 [Training] Throughput (samples/second): 2.1596 [/mnt/ioopt/appbench/apps/MLPerf-storage/dlio_benchmark/dlio_benchmark/utils/statscounter.py:286]
[INFO] 2025-05-04T17:56:48.114187 Ending epoch 1 - 400 steps completed in 926.15 s [/mnt/ioopt/appbench/apps/MLPerf-storage/dlio_benchmark/dlio_benchmark/utils/statscounter.py:225]
[INFO] 2025-05-04T17:56:48.120248 Saved outputs in /mnt/ioopt/appbench/apps/MLPerf-storage/resultsdir/RUN_4/batch_size_5_num_threads_6 [/mnt/ioopt/appbench/apps/MLPerf-storage/dlio_benchmark/dlio_benchmark/utils/statscounter.py:171]
[INFO] Averaged metric over all epochs
[METRIC] ==========================================================
[METRIC] Number of Simulated Accelerators: 1 
[METRIC] Training Accelerator Utilization [AU] (%): 14.1478 (0.0000)
[METRIC] Training Throughput (samples/second): 2.1596 (0.0000)
[METRIC] Training I/O Throughput (MB/second): 301.9367 (0.0000)
[METRIC] train_au_meet_expectation: fail
[METRIC] ==========================================================
 [/mnt/ioopt/appbench/apps/MLPerf-storage/dlio_benchmark/dlio_benchmark/utils/statscounter.py:185]
[INFO] 2025-05-04T17:56:48.131822 outputs saved in RANKID_output.json [/mnt/ioopt/appbench/apps/MLPerf-storage/dlio_benchmark/dlio_benchmark/utils/statscounter.py:378]
