[INFO] 2025-05-04T17:23:58.859732 Profiling DLIO /mnt/ioopt/appbench/apps/MLPerf-storage/resultsdir/RUN_4/batch_size_5_num_threads_4/trace-0-of-1.pfw [/mnt/ioopt/appbench/apps/MLPerf-storage/dlio_benchmark/dlio_benchmark/utils/config.py:189]
[INFO] 2025-05-04T17:23:58.860272 Running DLIO with 1 process(es) [/mnt/ioopt/appbench/apps/MLPerf-storage/dlio_benchmark/dlio_benchmark/main.py:100]
[INFO] Total amount of data each host will consume is 273.064948618412 GB; each host has [np.float64(187.5592384338379)] GB memory [/mnt/ioopt/appbench/apps/MLPerf-storage/dlio_benchmark/dlio_benchmark/utils/statscounter.py:121]
[INFO] 2025-05-04T17:24:15.241015 Max steps per epoch: 400 = 1 * 2000 / 5 / 1 (samples per file * num files / batch size / comm size) [/mnt/ioopt/appbench/apps/MLPerf-storage/dlio_benchmark/dlio_benchmark/main.py:321]
[INFO] 2025-05-04T17:24:15.399366 Starting epoch 1: 400 steps expected [/mnt/ioopt/appbench/apps/MLPerf-storage/dlio_benchmark/dlio_benchmark/utils/statscounter.py:192]
[INFO] 2025-05-04T17:24:15.434251 Starting block 1 [/mnt/ioopt/appbench/apps/MLPerf-storage/dlio_benchmark/dlio_benchmark/utils/statscounter.py:264]
[INFO] 2025-05-04T17:24:26.250704 Rank 0 step 1 processed 5 samples in 10.816258192062378 s [/mnt/ioopt/appbench/apps/MLPerf-storage/dlio_benchmark/dlio_benchmark/utils/statscounter.py:325]
[INFO] 2025-05-04T17:24:26.578816 Rank 0 step 2 processed 5 samples in 0.3274059295654297 s [/mnt/ioopt/appbench/apps/MLPerf-storage/dlio_benchmark/dlio_benchmark/utils/statscounter.py:325]
[INFO] 2025-05-04T17:24:27.800305 Rank 0 step 3 processed 5 samples in 1.2210206985473633 s [/mnt/ioopt/appbench/apps/MLPerf-storage/dlio_benchmark/dlio_benchmark/utils/statscounter.py:325]
[INFO] 2025-05-04T17:24:28.131591 Rank 0 step 4 processed 5 samples in 0.3308746814727783 s [/mnt/ioopt/appbench/apps/MLPerf-storage/dlio_benchmark/dlio_benchmark/utils/statscounter.py:325]
[INFO] 2025-05-04T17:24:34.868108 Rank 0 step 5 processed 5 samples in 6.736094236373901 s [/mnt/ioopt/appbench/apps/MLPerf-storage/dlio_benchmark/dlio_benchmark/utils/statscounter.py:325]
[INFO] 2025-05-04T17:24:37.723943 Rank 0 step 6 processed 5 samples in 2.8553900718688965 s [/mnt/ioopt/appbench/apps/MLPerf-storage/dlio_benchmark/dlio_benchmark/utils/statscounter.py:325]
[INFO] 2025-05-04T17:24:38.052721 Rank 0 step 7 processed 5 samples in 0.3283400535583496 s [/mnt/ioopt/appbench/apps/MLPerf-storage/dlio_benchmark/dlio_benchmark/utils/statscounter.py:325]
[INFO] 2025-05-04T17:24:38.526951 Rank 0 step 8 processed 5 samples in 0.4738588333129883 s [/mnt/ioopt/appbench/apps/MLPerf-storage/dlio_benchmark/dlio_benchmark/utils/statscounter.py:325]
[INFO] 2025-05-04T17:24:43.400545 Rank 0 step 9 processed 5 samples in 4.873102188110352 s [/mnt/ioopt/appbench/apps/MLPerf-storage/dlio_benchmark/dlio_benchmark/utils/statscounter.py:325]
[INFO] 2025-05-04T17:24:47.174635 Rank 0 step 10 processed 5 samples in 3.7736005783081055 s [/mnt/ioopt/appbench/apps/MLPerf-storage/dlio_benchmark/dlio_benchmark/utils/statscounter.py:325]
[INFO] 2025-05-04T17:24:47.504138 Rank 0 step 11 processed 5 samples in 0.32885003089904785 s [/mnt/ioopt/appbench/apps/MLPerf-storage/dlio_benchmark/dlio_benchmark/utils/statscounter.py:325]
[INFO] 2025-05-04T17:24:47.835778 Rank 0 step 12 processed 5 samples in 0.3312101364135742 s [/mnt/ioopt/appbench/apps/MLPerf-storage/dlio_benchmark/dlio_benchmark/utils/statscounter.py:325]
[INFO] 2025-05-04T17:24:56.104467 Rank 0 step 13 processed 5 samples in 8.268192529678345 s [/mnt/ioopt/appbench/apps/MLPerf-storage/dlio_benchmark/dlio_benchmark/utils/statscounter.py:325]
[INFO] 2025-05-04T17:24:57.278024 Rank 0 step 14 processed 5 samples in 1.172922134399414 s [/mnt/ioopt/appbench/apps/MLPerf-storage/dlio_benchmark/dlio_benchmark/utils/statscounter.py:325]
[INFO] 2025-05-04T17:24:57.607106 Rank 0 step 15 processed 5 samples in 0.32862138748168945 s [/mnt/ioopt/appbench/apps/MLPerf-storage/dlio_benchmark/dlio_benchmark/utils/statscounter.py:325]
[INFO] 2025-05-04T17:24:57.938578 Rank 0 step 16 processed 5 samples in 0.33103227615356445 s [/mnt/ioopt/appbench/apps/MLPerf-storage/dlio_benchmark/dlio_benchmark/utils/statscounter.py:325]
[INFO] 2025-05-04T17:25:04.418026 Rank 0 step 17 processed 5 samples in 6.478940010070801 s [/mnt/ioopt/appbench/apps/MLPerf-storage/dlio_benchmark/dlio_benchmark/utils/statscounter.py:325]
[INFO] 2025-05-04T17:25:07.243679 Rank 0 step 18 processed 5 samples in 2.8254036903381348 s [/mnt/ioopt/appbench/apps/MLPerf-storage/dlio_benchmark/dlio_benchmark/utils/statscounter.py:325]
[INFO] 2025-05-04T17:25:07.866356 Rank 0 step 19 processed 5 samples in 0.6224513053894043 s [/mnt/ioopt/appbench/apps/MLPerf-storage/dlio_benchmark/dlio_benchmark/utils/statscounter.py:325]
[INFO] 2025-05-04T17:25:08.192190 Rank 0 step 20 processed 5 samples in 0.325512170791626 s [/mnt/ioopt/appbench/apps/MLPerf-storage/dlio_benchmark/dlio_benchmark/utils/statscounter.py:325]
[INFO] 2025-05-04T17:25:12.481856 Rank 0 step 21 processed 5 samples in 4.289193868637085 s [/mnt/ioopt/appbench/apps/MLPerf-storage/dlio_benchmark/dlio_benchmark/utils/statscounter.py:325]
[INFO] 2025-05-04T17:25:17.336458 Rank 0 step 22 processed 5 samples in 4.854156732559204 s [/mnt/ioopt/appbench/apps/MLPerf-storage/dlio_benchmark/dlio_benchmark/utils/statscounter.py:325]
[INFO] 2025-05-04T17:25:17.664487 Rank 0 step 23 processed 5 samples in 0.32767558097839355 s [/mnt/ioopt/appbench/apps/MLPerf-storage/dlio_benchmark/dlio_benchmark/utils/statscounter.py:325]
[INFO] 2025-05-04T17:25:17.996068 Rank 0 step 24 processed 5 samples in 0.3311445713043213 s [/mnt/ioopt/appbench/apps/MLPerf-storage/dlio_benchmark/dlio_benchmark/utils/statscounter.py:325]
[INFO] 2025-05-04T17:25:20.534254 Rank 0 step 25 processed 5 samples in 2.537681818008423 s [/mnt/ioopt/appbench/apps/MLPerf-storage/dlio_benchmark/dlio_benchmark/utils/statscounter.py:325]
[INFO] 2025-05-04T17:25:26.709721 Rank 0 step 26 processed 5 samples in 6.174996852874756 s [/mnt/ioopt/appbench/apps/MLPerf-storage/dlio_benchmark/dlio_benchmark/utils/statscounter.py:325]
[INFO] 2025-05-04T17:25:27.609904 Rank 0 step 27 processed 5 samples in 0.8997185230255127 s [/mnt/ioopt/appbench/apps/MLPerf-storage/dlio_benchmark/dlio_benchmark/utils/statscounter.py:325]
[INFO] 2025-05-04T17:25:27.941320 Rank 0 step 28 processed 5 samples in 0.3309650421142578 s [/mnt/ioopt/appbench/apps/MLPerf-storage/dlio_benchmark/dlio_benchmark/utils/statscounter.py:325]
[INFO] 2025-05-04T17:25:31.017001 Rank 0 step 29 processed 5 samples in 3.0751793384552 s [/mnt/ioopt/appbench/apps/MLPerf-storage/dlio_benchmark/dlio_benchmark/utils/statscounter.py:325]
[INFO] 2025-05-04T17:25:37.236827 Rank 0 step 30 processed 5 samples in 6.21935248374939 s [/mnt/ioopt/appbench/apps/MLPerf-storage/dlio_benchmark/dlio_benchmark/utils/statscounter.py:325]
[INFO] 2025-05-04T17:25:37.625624 Rank 0 step 31 processed 5 samples in 0.38802647590637207 s [/mnt/ioopt/appbench/apps/MLPerf-storage/dlio_benchmark/dlio_benchmark/utils/statscounter.py:325]
[INFO] 2025-05-04T17:25:38.805521 Rank 0 step 32 processed 5 samples in 1.1794545650482178 s [/mnt/ioopt/appbench/apps/MLPerf-storage/dlio_benchmark/dlio_benchmark/utils/statscounter.py:325]
[INFO] 2025-05-04T17:25:40.110694 Rank 0 step 33 processed 5 samples in 1.3046681880950928 s [/mnt/ioopt/appbench/apps/MLPerf-storage/dlio_benchmark/dlio_benchmark/utils/statscounter.py:325]
[INFO] 2025-05-04T17:25:46.940753 Rank 0 step 34 processed 5 samples in 6.8295371532440186 s [/mnt/ioopt/appbench/apps/MLPerf-storage/dlio_benchmark/dlio_benchmark/utils/statscounter.py:325]
[INFO] 2025-05-04T17:25:48.850617 Rank 0 step 35 processed 5 samples in 1.9094126224517822 s [/mnt/ioopt/appbench/apps/MLPerf-storage/dlio_benchmark/dlio_benchmark/utils/statscounter.py:325]
[INFO] 2025-05-04T17:25:49.179897 Rank 0 step 36 processed 5 samples in 0.32881641387939453 s [/mnt/ioopt/appbench/apps/MLPerf-storage/dlio_benchmark/dlio_benchmark/utils/statscounter.py:325]
[INFO] 2025-05-04T17:25:49.836115 Rank 0 step 37 processed 5 samples in 0.655747652053833 s [/mnt/ioopt/appbench/apps/MLPerf-storage/dlio_benchmark/dlio_benchmark/utils/statscounter.py:325]
[INFO] 2025-05-04T17:25:54.871529 Rank 0 step 38 processed 5 samples in 5.03496789932251 s [/mnt/ioopt/appbench/apps/MLPerf-storage/dlio_benchmark/dlio_benchmark/utils/statscounter.py:325]
[INFO] 2025-05-04T17:25:58.557570 Rank 0 step 39 processed 5 samples in 3.6856021881103516 s [/mnt/ioopt/appbench/apps/MLPerf-storage/dlio_benchmark/dlio_benchmark/utils/statscounter.py:325]
[INFO] 2025-05-04T17:25:59.073364 Rank 0 step 40 processed 5 samples in 0.5153577327728271 s [/mnt/ioopt/appbench/apps/MLPerf-storage/dlio_benchmark/dlio_benchmark/utils/statscounter.py:325]
[INFO] 2025-05-04T17:25:59.402281 Rank 0 step 41 processed 5 samples in 0.32840538024902344 s [/mnt/ioopt/appbench/apps/MLPerf-storage/dlio_benchmark/dlio_benchmark/utils/statscounter.py:325]
[INFO] 2025-05-04T17:26:03.106755 Rank 0 step 42 processed 5 samples in 3.7039802074432373 s [/mnt/ioopt/appbench/apps/MLPerf-storage/dlio_benchmark/dlio_benchmark/utils/statscounter.py:325]
[INFO] 2025-05-04T17:26:08.446460 Rank 0 step 43 processed 5 samples in 5.338951826095581 s [/mnt/ioopt/appbench/apps/MLPerf-storage/dlio_benchmark/dlio_benchmark/utils/statscounter.py:325]
[INFO] 2025-05-04T17:26:09.949256 Rank 0 step 44 processed 5 samples in 1.5023353099822998 s [/mnt/ioopt/appbench/apps/MLPerf-storage/dlio_benchmark/dlio_benchmark/utils/statscounter.py:325]
[INFO] 2025-05-04T17:26:10.278455 Rank 0 step 45 processed 5 samples in 0.3287079334259033 s [/mnt/ioopt/appbench/apps/MLPerf-storage/dlio_benchmark/dlio_benchmark/utils/statscounter.py:325]
[INFO] 2025-05-04T17:26:11.557535 Rank 0 step 46 processed 5 samples in 1.278623342514038 s [/mnt/ioopt/appbench/apps/MLPerf-storage/dlio_benchmark/dlio_benchmark/utils/statscounter.py:325]
[INFO] 2025-05-04T17:26:17.150535 Rank 0 step 47 processed 5 samples in 5.592592000961304 s [/mnt/ioopt/appbench/apps/MLPerf-storage/dlio_benchmark/dlio_benchmark/utils/statscounter.py:325]
[INFO] 2025-05-04T17:26:19.344664 Rank 0 step 48 processed 5 samples in 2.193901777267456 s [/mnt/ioopt/appbench/apps/MLPerf-storage/dlio_benchmark/dlio_benchmark/utils/statscounter.py:325]
[INFO] 2025-05-04T17:26:19.675887 Rank 0 step 49 processed 5 samples in 0.3307151794433594 s [/mnt/ioopt/appbench/apps/MLPerf-storage/dlio_benchmark/dlio_benchmark/utils/statscounter.py:325]
[INFO] 2025-05-04T17:26:20.564922 Rank 0 step 50 processed 5 samples in 0.8885312080383301 s [/mnt/ioopt/appbench/apps/MLPerf-storage/dlio_benchmark/dlio_benchmark/utils/statscounter.py:325]
[INFO] 2025-05-04T17:26:28.062882 Rank 0 step 51 processed 5 samples in 7.497524738311768 s [/mnt/ioopt/appbench/apps/MLPerf-storage/dlio_benchmark/dlio_benchmark/utils/statscounter.py:325]
[INFO] 2025-05-04T17:26:28.391886 Rank 0 step 52 processed 5 samples in 0.3285188674926758 s [/mnt/ioopt/appbench/apps/MLPerf-storage/dlio_benchmark/dlio_benchmark/utils/statscounter.py:325]
[INFO] 2025-05-04T17:26:28.720803 Rank 0 step 53 processed 5 samples in 0.3285219669342041 s [/mnt/ioopt/appbench/apps/MLPerf-storage/dlio_benchmark/dlio_benchmark/utils/statscounter.py:325]
[INFO] 2025-05-04T17:26:29.049373 Rank 0 step 54 processed 5 samples in 0.3281700611114502 s [/mnt/ioopt/appbench/apps/MLPerf-storage/dlio_benchmark/dlio_benchmark/utils/statscounter.py:325]
[INFO] 2025-05-04T17:26:38.128945 Rank 0 step 55 processed 5 samples in 9.079147100448608 s [/mnt/ioopt/appbench/apps/MLPerf-storage/dlio_benchmark/dlio_benchmark/utils/statscounter.py:325]
[INFO] 2025-05-04T17:26:38.457702 Rank 0 step 56 processed 5 samples in 0.3283092975616455 s [/mnt/ioopt/appbench/apps/MLPerf-storage/dlio_benchmark/dlio_benchmark/utils/statscounter.py:325]
[INFO] 2025-05-04T17:26:38.786406 Rank 0 step 57 processed 5 samples in 0.3282299041748047 s [/mnt/ioopt/appbench/apps/MLPerf-storage/dlio_benchmark/dlio_benchmark/utils/statscounter.py:325]
[INFO] 2025-05-04T17:26:39.115402 Rank 0 step 58 processed 5 samples in 0.3285651206970215 s [/mnt/ioopt/appbench/apps/MLPerf-storage/dlio_benchmark/dlio_benchmark/utils/statscounter.py:325]
[INFO] 2025-05-04T17:26:47.890743 Rank 0 step 59 processed 5 samples in 8.774901151657104 s [/mnt/ioopt/appbench/apps/MLPerf-storage/dlio_benchmark/dlio_benchmark/utils/statscounter.py:325]
[INFO] 2025-05-04T17:26:48.219829 Rank 0 step 60 processed 5 samples in 0.3285796642303467 s [/mnt/ioopt/appbench/apps/MLPerf-storage/dlio_benchmark/dlio_benchmark/utils/statscounter.py:325]
[INFO] 2025-05-04T17:26:50.844168 Rank 0 step 61 processed 5 samples in 2.6239123344421387 s [/mnt/ioopt/appbench/apps/MLPerf-storage/dlio_benchmark/dlio_benchmark/utils/statscounter.py:325]
[INFO] 2025-05-04T17:26:51.220503 Rank 0 step 62 processed 5 samples in 0.37604665756225586 s [/mnt/ioopt/appbench/apps/MLPerf-storage/dlio_benchmark/dlio_benchmark/utils/statscounter.py:325]
[INFO] 2025-05-04T17:26:57.485353 Rank 0 step 63 processed 5 samples in 6.264401435852051 s [/mnt/ioopt/appbench/apps/MLPerf-storage/dlio_benchmark/dlio_benchmark/utils/statscounter.py:325]
[INFO] 2025-05-04T17:26:58.705250 Rank 0 step 64 processed 5 samples in 1.2194795608520508 s [/mnt/ioopt/appbench/apps/MLPerf-storage/dlio_benchmark/dlio_benchmark/utils/statscounter.py:325]
[INFO] 2025-05-04T17:27:01.224709 Rank 0 step 65 processed 5 samples in 2.5190069675445557 s [/mnt/ioopt/appbench/apps/MLPerf-storage/dlio_benchmark/dlio_benchmark/utils/statscounter.py:325]
[INFO] 2025-05-04T17:27:01.550163 Rank 0 step 66 processed 5 samples in 0.3251817226409912 s [/mnt/ioopt/appbench/apps/MLPerf-storage/dlio_benchmark/dlio_benchmark/utils/statscounter.py:325]
[INFO] 2025-05-04T17:27:05.566588 Rank 0 step 67 processed 5 samples in 4.016127109527588 s [/mnt/ioopt/appbench/apps/MLPerf-storage/dlio_benchmark/dlio_benchmark/utils/statscounter.py:325]
[INFO] 2025-05-04T17:27:06.197756 Rank 0 step 68 processed 5 samples in 0.6307318210601807 s [/mnt/ioopt/appbench/apps/MLPerf-storage/dlio_benchmark/dlio_benchmark/utils/statscounter.py:325]
[INFO] 2025-05-04T17:27:10.884611 Rank 0 step 69 processed 5 samples in 4.686409950256348 s [/mnt/ioopt/appbench/apps/MLPerf-storage/dlio_benchmark/dlio_benchmark/utils/statscounter.py:325]
[INFO] 2025-05-04T17:27:11.625497 Rank 0 step 70 processed 5 samples in 0.7404141426086426 s [/mnt/ioopt/appbench/apps/MLPerf-storage/dlio_benchmark/dlio_benchmark/utils/statscounter.py:325]
[INFO] 2025-05-04T17:27:15.805303 Rank 0 step 71 processed 5 samples in 4.179385185241699 s [/mnt/ioopt/appbench/apps/MLPerf-storage/dlio_benchmark/dlio_benchmark/utils/statscounter.py:325]
[INFO] 2025-05-04T17:27:16.131482 Rank 0 step 72 processed 5 samples in 0.3259267807006836 s [/mnt/ioopt/appbench/apps/MLPerf-storage/dlio_benchmark/dlio_benchmark/utils/statscounter.py:325]
[INFO] 2025-05-04T17:27:19.355171 Rank 0 step 73 processed 5 samples in 3.223412036895752 s [/mnt/ioopt/appbench/apps/MLPerf-storage/dlio_benchmark/dlio_benchmark/utils/statscounter.py:325]
[INFO] 2025-05-04T17:27:19.815871 Rank 0 step 74 processed 5 samples in 0.4602653980255127 s [/mnt/ioopt/appbench/apps/MLPerf-storage/dlio_benchmark/dlio_benchmark/utils/statscounter.py:325]
[INFO] 2025-05-04T17:27:25.442107 Rank 0 step 75 processed 5 samples in 5.625810146331787 s [/mnt/ioopt/appbench/apps/MLPerf-storage/dlio_benchmark/dlio_benchmark/utils/statscounter.py:325]
[INFO] 2025-05-04T17:27:27.047211 Rank 0 step 76 processed 5 samples in 1.6046257019042969 s [/mnt/ioopt/appbench/apps/MLPerf-storage/dlio_benchmark/dlio_benchmark/utils/statscounter.py:325]
[INFO] 2025-05-04T17:27:27.378318 Rank 0 step 77 processed 5 samples in 0.3302266597747803 s [/mnt/ioopt/appbench/apps/MLPerf-storage/dlio_benchmark/dlio_benchmark/utils/statscounter.py:325]
[INFO] 2025-05-04T17:27:28.660562 Rank 0 step 78 processed 5 samples in 1.2818186283111572 s [/mnt/ioopt/appbench/apps/MLPerf-storage/dlio_benchmark/dlio_benchmark/utils/statscounter.py:325]
[INFO] 2025-05-04T17:27:33.227678 Rank 0 step 79 processed 5 samples in 4.566683769226074 s [/mnt/ioopt/appbench/apps/MLPerf-storage/dlio_benchmark/dlio_benchmark/utils/statscounter.py:325]
[INFO] 2025-05-04T17:27:36.147171 Rank 0 step 80 processed 5 samples in 2.9190311431884766 s [/mnt/ioopt/appbench/apps/MLPerf-storage/dlio_benchmark/dlio_benchmark/utils/statscounter.py:325]
[INFO] 2025-05-04T17:27:36.477764 Rank 0 step 81 processed 5 samples in 0.33012938499450684 s [/mnt/ioopt/appbench/apps/MLPerf-storage/dlio_benchmark/dlio_benchmark/utils/statscounter.py:325]
[INFO] 2025-05-04T17:27:36.806906 Rank 0 step 82 processed 5 samples in 0.32871031761169434 s [/mnt/ioopt/appbench/apps/MLPerf-storage/dlio_benchmark/dlio_benchmark/utils/statscounter.py:325]
[INFO] 2025-05-04T17:27:42.512940 Rank 0 step 83 processed 5 samples in 5.705587148666382 s [/mnt/ioopt/appbench/apps/MLPerf-storage/dlio_benchmark/dlio_benchmark/utils/statscounter.py:325]
[INFO] 2025-05-04T17:27:44.527844 Rank 0 step 84 processed 5 samples in 2.0144577026367188 s [/mnt/ioopt/appbench/apps/MLPerf-storage/dlio_benchmark/dlio_benchmark/utils/statscounter.py:325]
[INFO] 2025-05-04T17:27:45.445022 Rank 0 step 85 processed 5 samples in 0.9166629314422607 s [/mnt/ioopt/appbench/apps/MLPerf-storage/dlio_benchmark/dlio_benchmark/utils/statscounter.py:325]
[INFO] 2025-05-04T17:27:47.292723 Rank 0 step 86 processed 5 samples in 1.8471999168395996 s [/mnt/ioopt/appbench/apps/MLPerf-storage/dlio_benchmark/dlio_benchmark/utils/statscounter.py:325]
[INFO] 2025-05-04T17:27:50.699707 Rank 0 step 87 processed 5 samples in 3.4065239429473877 s [/mnt/ioopt/appbench/apps/MLPerf-storage/dlio_benchmark/dlio_benchmark/utils/statscounter.py:325]
[INFO] 2025-05-04T17:27:54.136307 Rank 0 step 88 processed 5 samples in 3.4361205101013184 s [/mnt/ioopt/appbench/apps/MLPerf-storage/dlio_benchmark/dlio_benchmark/utils/statscounter.py:325]
[INFO] 2025-05-04T17:27:54.465194 Rank 0 step 89 processed 5 samples in 0.3283827304840088 s [/mnt/ioopt/appbench/apps/MLPerf-storage/dlio_benchmark/dlio_benchmark/utils/statscounter.py:325]
[INFO] 2025-05-04T17:27:55.598255 Rank 0 step 90 processed 5 samples in 1.1326158046722412 s [/mnt/ioopt/appbench/apps/MLPerf-storage/dlio_benchmark/dlio_benchmark/utils/statscounter.py:325]
[INFO] 2025-05-04T17:27:58.844240 Rank 0 step 91 processed 5 samples in 3.2454943656921387 s [/mnt/ioopt/appbench/apps/MLPerf-storage/dlio_benchmark/dlio_benchmark/utils/statscounter.py:325]
[INFO] 2025-05-04T17:28:04.100815 Rank 0 step 92 processed 5 samples in 5.256138324737549 s [/mnt/ioopt/appbench/apps/MLPerf-storage/dlio_benchmark/dlio_benchmark/utils/statscounter.py:325]
[INFO] 2025-05-04T17:28:04.724732 Rank 0 step 93 processed 5 samples in 0.6234931945800781 s [/mnt/ioopt/appbench/apps/MLPerf-storage/dlio_benchmark/dlio_benchmark/utils/statscounter.py:325]
[INFO] 2025-05-04T17:28:05.496584 Rank 0 step 94 processed 5 samples in 0.7713687419891357 s [/mnt/ioopt/appbench/apps/MLPerf-storage/dlio_benchmark/dlio_benchmark/utils/statscounter.py:325]
[INFO] 2025-05-04T17:28:08.179636 Rank 0 step 95 processed 5 samples in 2.6826179027557373 s [/mnt/ioopt/appbench/apps/MLPerf-storage/dlio_benchmark/dlio_benchmark/utils/statscounter.py:325]
[INFO] 2025-05-04T17:28:13.682262 Rank 0 step 96 processed 5 samples in 5.502174139022827 s [/mnt/ioopt/appbench/apps/MLPerf-storage/dlio_benchmark/dlio_benchmark/utils/statscounter.py:325]
[INFO] 2025-05-04T17:28:14.010970 Rank 0 step 97 processed 5 samples in 0.3282043933868408 s [/mnt/ioopt/appbench/apps/MLPerf-storage/dlio_benchmark/dlio_benchmark/utils/statscounter.py:325]
[INFO] 2025-05-04T17:28:14.339987 Rank 0 step 98 processed 5 samples in 0.32854771614074707 s [/mnt/ioopt/appbench/apps/MLPerf-storage/dlio_benchmark/dlio_benchmark/utils/statscounter.py:325]
[INFO] 2025-05-04T17:28:18.357620 Rank 0 step 99 processed 5 samples in 4.0171942710876465 s [/mnt/ioopt/appbench/apps/MLPerf-storage/dlio_benchmark/dlio_benchmark/utils/statscounter.py:325]
[INFO] 2025-05-04T17:28:22.477082 Rank 0 step 100 processed 5 samples in 4.118988037109375 s [/mnt/ioopt/appbench/apps/MLPerf-storage/dlio_benchmark/dlio_benchmark/utils/statscounter.py:325]
[INFO] 2025-05-04T17:28:25.138380 Rank 0 step 101 processed 5 samples in 2.6608657836914062 s [/mnt/ioopt/appbench/apps/MLPerf-storage/dlio_benchmark/dlio_benchmark/utils/statscounter.py:325]
[INFO] 2025-05-04T17:28:25.467248 Rank 0 step 102 processed 5 samples in 0.32836437225341797 s [/mnt/ioopt/appbench/apps/MLPerf-storage/dlio_benchmark/dlio_benchmark/utils/statscounter.py:325]
[INFO] 2025-05-04T17:28:27.082721 Rank 0 step 103 processed 5 samples in 1.614990472793579 s [/mnt/ioopt/appbench/apps/MLPerf-storage/dlio_benchmark/dlio_benchmark/utils/statscounter.py:325]
[INFO] 2025-05-04T17:28:28.797542 Rank 0 step 104 processed 5 samples in 1.7120294570922852 s [/mnt/ioopt/appbench/apps/MLPerf-storage/dlio_benchmark/dlio_benchmark/utils/statscounter.py:325]
[INFO] 2025-05-04T17:28:32.942714 Rank 0 step 105 processed 5 samples in 4.1446452140808105 s [/mnt/ioopt/appbench/apps/MLPerf-storage/dlio_benchmark/dlio_benchmark/utils/statscounter.py:325]
[INFO] 2025-05-04T17:28:36.099295 Rank 0 step 106 processed 5 samples in 3.1561121940612793 s [/mnt/ioopt/appbench/apps/MLPerf-storage/dlio_benchmark/dlio_benchmark/utils/statscounter.py:325]
[INFO] 2025-05-04T17:28:37.113060 Rank 0 step 107 processed 5 samples in 1.0133132934570312 s [/mnt/ioopt/appbench/apps/MLPerf-storage/dlio_benchmark/dlio_benchmark/utils/statscounter.py:325]
[INFO] 2025-05-04T17:28:40.900314 Rank 0 step 108 processed 5 samples in 3.7868003845214844 s [/mnt/ioopt/appbench/apps/MLPerf-storage/dlio_benchmark/dlio_benchmark/utils/statscounter.py:325]
[INFO] 2025-05-04T17:28:42.911122 Rank 0 step 109 processed 5 samples in 2.0103061199188232 s [/mnt/ioopt/appbench/apps/MLPerf-storage/dlio_benchmark/dlio_benchmark/utils/statscounter.py:325]
[INFO] 2025-05-04T17:28:45.449553 Rank 0 step 110 processed 5 samples in 2.537944793701172 s [/mnt/ioopt/appbench/apps/MLPerf-storage/dlio_benchmark/dlio_benchmark/utils/statscounter.py:325]
[INFO] 2025-05-04T17:28:46.598554 Rank 0 step 111 processed 5 samples in 1.1485252380371094 s [/mnt/ioopt/appbench/apps/MLPerf-storage/dlio_benchmark/dlio_benchmark/utils/statscounter.py:325]
[INFO] 2025-05-04T17:28:51.887693 Rank 0 step 112 processed 5 samples in 5.288666486740112 s [/mnt/ioopt/appbench/apps/MLPerf-storage/dlio_benchmark/dlio_benchmark/utils/statscounter.py:325]
[INFO] 2025-05-04T17:28:52.217081 Rank 0 step 113 processed 5 samples in 0.328840970993042 s [/mnt/ioopt/appbench/apps/MLPerf-storage/dlio_benchmark/dlio_benchmark/utils/statscounter.py:325]
[INFO] 2025-05-04T17:28:55.670519 Rank 0 step 114 processed 5 samples in 3.4529314041137695 s [/mnt/ioopt/appbench/apps/MLPerf-storage/dlio_benchmark/dlio_benchmark/utils/statscounter.py:325]
[INFO] 2025-05-04T17:28:58.126038 Rank 0 step 115 processed 5 samples in 2.455066442489624 s [/mnt/ioopt/appbench/apps/MLPerf-storage/dlio_benchmark/dlio_benchmark/utils/statscounter.py:325]
[INFO] 2025-05-04T17:29:02.782617 Rank 0 step 116 processed 5 samples in 4.656123399734497 s [/mnt/ioopt/appbench/apps/MLPerf-storage/dlio_benchmark/dlio_benchmark/utils/statscounter.py:325]
[INFO] 2025-05-04T17:29:03.111626 Rank 0 step 117 processed 5 samples in 0.32851147651672363 s [/mnt/ioopt/appbench/apps/MLPerf-storage/dlio_benchmark/dlio_benchmark/utils/statscounter.py:325]
[INFO] 2025-05-04T17:29:03.438596 Rank 0 step 118 processed 5 samples in 0.3264336585998535 s [/mnt/ioopt/appbench/apps/MLPerf-storage/dlio_benchmark/dlio_benchmark/utils/statscounter.py:325]
[INFO] 2025-05-04T17:29:07.738312 Rank 0 step 119 processed 5 samples in 4.299413442611694 s [/mnt/ioopt/appbench/apps/MLPerf-storage/dlio_benchmark/dlio_benchmark/utils/statscounter.py:325]
[INFO] 2025-05-04T17:29:13.652961 Rank 0 step 120 processed 5 samples in 5.914243698120117 s [/mnt/ioopt/appbench/apps/MLPerf-storage/dlio_benchmark/dlio_benchmark/utils/statscounter.py:325]
[INFO] 2025-05-04T17:29:13.981771 Rank 0 step 121 processed 5 samples in 0.32831454277038574 s [/mnt/ioopt/appbench/apps/MLPerf-storage/dlio_benchmark/dlio_benchmark/utils/statscounter.py:325]
[INFO] 2025-05-04T17:29:14.311169 Rank 0 step 122 processed 5 samples in 0.3289530277252197 s [/mnt/ioopt/appbench/apps/MLPerf-storage/dlio_benchmark/dlio_benchmark/utils/statscounter.py:325]
[INFO] 2025-05-04T17:29:17.615789 Rank 0 step 123 processed 5 samples in 3.3041083812713623 s [/mnt/ioopt/appbench/apps/MLPerf-storage/dlio_benchmark/dlio_benchmark/utils/statscounter.py:325]
[INFO] 2025-05-04T17:29:22.602796 Rank 0 step 124 processed 5 samples in 4.986555337905884 s [/mnt/ioopt/appbench/apps/MLPerf-storage/dlio_benchmark/dlio_benchmark/utils/statscounter.py:325]
[INFO] 2025-05-04T17:29:22.982834 Rank 0 step 125 processed 5 samples in 0.3796069622039795 s [/mnt/ioopt/appbench/apps/MLPerf-storage/dlio_benchmark/dlio_benchmark/utils/statscounter.py:325]
[INFO] 2025-05-04T17:29:25.028552 Rank 0 step 126 processed 5 samples in 2.045184850692749 s [/mnt/ioopt/appbench/apps/MLPerf-storage/dlio_benchmark/dlio_benchmark/utils/statscounter.py:325]
[INFO] 2025-05-04T17:29:29.866076 Rank 0 step 127 processed 5 samples in 4.837066411972046 s [/mnt/ioopt/appbench/apps/MLPerf-storage/dlio_benchmark/dlio_benchmark/utils/statscounter.py:325]
[INFO] 2025-05-04T17:29:32.280090 Rank 0 step 128 processed 5 samples in 2.4135794639587402 s [/mnt/ioopt/appbench/apps/MLPerf-storage/dlio_benchmark/dlio_benchmark/utils/statscounter.py:325]
[INFO] 2025-05-04T17:29:32.609153 Rank 0 step 129 processed 5 samples in 0.3285512924194336 s [/mnt/ioopt/appbench/apps/MLPerf-storage/dlio_benchmark/dlio_benchmark/utils/statscounter.py:325]
[INFO] 2025-05-04T17:29:32.936188 Rank 0 step 130 processed 5 samples in 0.3265867233276367 s [/mnt/ioopt/appbench/apps/MLPerf-storage/dlio_benchmark/dlio_benchmark/utils/statscounter.py:325]
[INFO] 2025-05-04T17:29:37.978298 Rank 0 step 131 processed 5 samples in 5.04160737991333 s [/mnt/ioopt/appbench/apps/MLPerf-storage/dlio_benchmark/dlio_benchmark/utils/statscounter.py:325]
[INFO] 2025-05-04T17:29:41.981988 Rank 0 step 132 processed 5 samples in 4.003243446350098 s [/mnt/ioopt/appbench/apps/MLPerf-storage/dlio_benchmark/dlio_benchmark/utils/statscounter.py:325]
[INFO] 2025-05-04T17:29:42.315470 Rank 0 step 133 processed 5 samples in 0.33295607566833496 s [/mnt/ioopt/appbench/apps/MLPerf-storage/dlio_benchmark/dlio_benchmark/utils/statscounter.py:325]
[INFO] 2025-05-04T17:29:42.981213 Rank 0 step 134 processed 5 samples in 0.6649653911590576 s [/mnt/ioopt/appbench/apps/MLPerf-storage/dlio_benchmark/dlio_benchmark/utils/statscounter.py:325]
[INFO] 2025-05-04T17:29:45.546480 Rank 0 step 135 processed 5 samples in 2.564812183380127 s [/mnt/ioopt/appbench/apps/MLPerf-storage/dlio_benchmark/dlio_benchmark/utils/statscounter.py:325]
[INFO] 2025-05-04T17:29:50.797286 Rank 0 step 136 processed 5 samples in 5.250312805175781 s [/mnt/ioopt/appbench/apps/MLPerf-storage/dlio_benchmark/dlio_benchmark/utils/statscounter.py:325]
[INFO] 2025-05-04T17:29:51.733406 Rank 0 step 137 processed 5 samples in 0.93560791015625 s [/mnt/ioopt/appbench/apps/MLPerf-storage/dlio_benchmark/dlio_benchmark/utils/statscounter.py:325]
[INFO] 2025-05-04T17:29:52.062751 Rank 0 step 138 processed 5 samples in 0.32883405685424805 s [/mnt/ioopt/appbench/apps/MLPerf-storage/dlio_benchmark/dlio_benchmark/utils/statscounter.py:325]
[INFO] 2025-05-04T17:29:54.679995 Rank 0 step 139 processed 5 samples in 2.616759777069092 s [/mnt/ioopt/appbench/apps/MLPerf-storage/dlio_benchmark/dlio_benchmark/utils/statscounter.py:325]
[INFO] 2025-05-04T17:30:00.929546 Rank 0 step 140 processed 5 samples in 6.249094724655151 s [/mnt/ioopt/appbench/apps/MLPerf-storage/dlio_benchmark/dlio_benchmark/utils/statscounter.py:325]
[INFO] 2025-05-04T17:30:01.906258 Rank 0 step 141 processed 5 samples in 0.976203441619873 s [/mnt/ioopt/appbench/apps/MLPerf-storage/dlio_benchmark/dlio_benchmark/utils/statscounter.py:325]
[INFO] 2025-05-04T17:30:02.235151 Rank 0 step 142 processed 5 samples in 0.3283877372741699 s [/mnt/ioopt/appbench/apps/MLPerf-storage/dlio_benchmark/dlio_benchmark/utils/statscounter.py:325]
[INFO] 2025-05-04T17:30:06.070902 Rank 0 step 143 processed 5 samples in 3.8353219032287598 s [/mnt/ioopt/appbench/apps/MLPerf-storage/dlio_benchmark/dlio_benchmark/utils/statscounter.py:325]
[INFO] 2025-05-04T17:30:10.339695 Rank 0 step 144 processed 5 samples in 4.268256902694702 s [/mnt/ioopt/appbench/apps/MLPerf-storage/dlio_benchmark/dlio_benchmark/utils/statscounter.py:325]
[INFO] 2025-05-04T17:30:10.670797 Rank 0 step 145 processed 5 samples in 0.3306009769439697 s [/mnt/ioopt/appbench/apps/MLPerf-storage/dlio_benchmark/dlio_benchmark/utils/statscounter.py:325]
[INFO] 2025-05-04T17:30:12.182122 Rank 0 step 146 processed 5 samples in 1.510796308517456 s [/mnt/ioopt/appbench/apps/MLPerf-storage/dlio_benchmark/dlio_benchmark/utils/statscounter.py:325]
[INFO] 2025-05-04T17:30:17.318214 Rank 0 step 147 processed 5 samples in 5.135637044906616 s [/mnt/ioopt/appbench/apps/MLPerf-storage/dlio_benchmark/dlio_benchmark/utils/statscounter.py:325]
[INFO] 2025-05-04T17:30:21.563047 Rank 0 step 148 processed 5 samples in 4.244353294372559 s [/mnt/ioopt/appbench/apps/MLPerf-storage/dlio_benchmark/dlio_benchmark/utils/statscounter.py:325]
[INFO] 2025-05-04T17:30:21.895556 Rank 0 step 149 processed 5 samples in 0.33205366134643555 s [/mnt/ioopt/appbench/apps/MLPerf-storage/dlio_benchmark/dlio_benchmark/utils/statscounter.py:325]
[INFO] 2025-05-04T17:30:22.224305 Rank 0 step 150 processed 5 samples in 0.3283092975616455 s [/mnt/ioopt/appbench/apps/MLPerf-storage/dlio_benchmark/dlio_benchmark/utils/statscounter.py:325]
[INFO] 2025-05-04T17:30:28.973237 Rank 0 step 151 processed 5 samples in 6.748511552810669 s [/mnt/ioopt/appbench/apps/MLPerf-storage/dlio_benchmark/dlio_benchmark/utils/statscounter.py:325]
[INFO] 2025-05-04T17:30:32.538868 Rank 0 step 152 processed 5 samples in 3.565168857574463 s [/mnt/ioopt/appbench/apps/MLPerf-storage/dlio_benchmark/dlio_benchmark/utils/statscounter.py:325]
[INFO] 2025-05-04T17:30:32.867699 Rank 0 step 153 processed 5 samples in 0.32831716537475586 s [/mnt/ioopt/appbench/apps/MLPerf-storage/dlio_benchmark/dlio_benchmark/utils/statscounter.py:325]
[INFO] 2025-05-04T17:30:33.196714 Rank 0 step 154 processed 5 samples in 0.3285791873931885 s [/mnt/ioopt/appbench/apps/MLPerf-storage/dlio_benchmark/dlio_benchmark/utils/statscounter.py:325]
[INFO] 2025-05-04T17:30:37.250824 Rank 0 step 155 processed 5 samples in 4.053673267364502 s [/mnt/ioopt/appbench/apps/MLPerf-storage/dlio_benchmark/dlio_benchmark/utils/statscounter.py:325]
[INFO] 2025-05-04T17:30:41.605441 Rank 0 step 156 processed 5 samples in 4.3540709018707275 s [/mnt/ioopt/appbench/apps/MLPerf-storage/dlio_benchmark/dlio_benchmark/utils/statscounter.py:325]
[INFO] 2025-05-04T17:30:42.845989 Rank 0 step 157 processed 5 samples in 1.2400472164154053 s [/mnt/ioopt/appbench/apps/MLPerf-storage/dlio_benchmark/dlio_benchmark/utils/statscounter.py:325]
[INFO] 2025-05-04T17:30:43.584745 Rank 0 step 158 processed 5 samples in 0.7382333278656006 s [/mnt/ioopt/appbench/apps/MLPerf-storage/dlio_benchmark/dlio_benchmark/utils/statscounter.py:325]
[INFO] 2025-05-04T17:30:47.041307 Rank 0 step 159 processed 5 samples in 3.456103801727295 s [/mnt/ioopt/appbench/apps/MLPerf-storage/dlio_benchmark/dlio_benchmark/utils/statscounter.py:325]
[INFO] 2025-05-04T17:30:49.049393 Rank 0 step 160 processed 5 samples in 2.0076181888580322 s [/mnt/ioopt/appbench/apps/MLPerf-storage/dlio_benchmark/dlio_benchmark/utils/statscounter.py:325]
[INFO] 2025-05-04T17:30:51.611728 Rank 0 step 161 processed 5 samples in 2.5618183612823486 s [/mnt/ioopt/appbench/apps/MLPerf-storage/dlio_benchmark/dlio_benchmark/utils/statscounter.py:325]
[INFO] 2025-05-04T17:30:53.830321 Rank 0 step 162 processed 5 samples in 2.2175233364105225 s [/mnt/ioopt/appbench/apps/MLPerf-storage/dlio_benchmark/dlio_benchmark/utils/statscounter.py:325]
[INFO] 2025-05-04T17:30:56.523806 Rank 0 step 163 processed 5 samples in 2.6930344104766846 s [/mnt/ioopt/appbench/apps/MLPerf-storage/dlio_benchmark/dlio_benchmark/utils/statscounter.py:325]
[INFO] 2025-05-04T17:30:59.588317 Rank 0 step 164 processed 5 samples in 3.064060926437378 s [/mnt/ioopt/appbench/apps/MLPerf-storage/dlio_benchmark/dlio_benchmark/utils/statscounter.py:325]
[INFO] 2025-05-04T17:30:59.919339 Rank 0 step 165 processed 5 samples in 0.33053159713745117 s [/mnt/ioopt/appbench/apps/MLPerf-storage/dlio_benchmark/dlio_benchmark/utils/statscounter.py:325]
[INFO] 2025-05-04T17:31:02.290988 Rank 0 step 166 processed 5 samples in 2.371110200881958 s [/mnt/ioopt/appbench/apps/MLPerf-storage/dlio_benchmark/dlio_benchmark/utils/statscounter.py:325]
[INFO] 2025-05-04T17:31:06.477956 Rank 0 step 167 processed 5 samples in 4.186479091644287 s [/mnt/ioopt/appbench/apps/MLPerf-storage/dlio_benchmark/dlio_benchmark/utils/statscounter.py:325]
[INFO] 2025-05-04T17:31:08.807970 Rank 0 step 168 processed 5 samples in 2.3295648097991943 s [/mnt/ioopt/appbench/apps/MLPerf-storage/dlio_benchmark/dlio_benchmark/utils/statscounter.py:325]
[INFO] 2025-05-04T17:31:09.136658 Rank 0 step 169 processed 5 samples in 0.3281707763671875 s [/mnt/ioopt/appbench/apps/MLPerf-storage/dlio_benchmark/dlio_benchmark/utils/statscounter.py:325]
[INFO] 2025-05-04T17:31:09.467524 Rank 0 step 170 processed 5 samples in 0.3304264545440674 s [/mnt/ioopt/appbench/apps/MLPerf-storage/dlio_benchmark/dlio_benchmark/utils/statscounter.py:325]
[INFO] 2025-05-04T17:31:16.171235 Rank 0 step 171 processed 5 samples in 6.703233242034912 s [/mnt/ioopt/appbench/apps/MLPerf-storage/dlio_benchmark/dlio_benchmark/utils/statscounter.py:325]
[INFO] 2025-05-04T17:31:18.931160 Rank 0 step 172 processed 5 samples in 2.7594149112701416 s [/mnt/ioopt/appbench/apps/MLPerf-storage/dlio_benchmark/dlio_benchmark/utils/statscounter.py:325]
[INFO] 2025-05-04T17:31:19.259832 Rank 0 step 173 processed 5 samples in 0.3281676769256592 s [/mnt/ioopt/appbench/apps/MLPerf-storage/dlio_benchmark/dlio_benchmark/utils/statscounter.py:325]
[INFO] 2025-05-04T17:31:19.588685 Rank 0 step 174 processed 5 samples in 0.3283872604370117 s [/mnt/ioopt/appbench/apps/MLPerf-storage/dlio_benchmark/dlio_benchmark/utils/statscounter.py:325]
[INFO] 2025-05-04T17:31:26.151513 Rank 0 step 175 processed 5 samples in 6.5623743534088135 s [/mnt/ioopt/appbench/apps/MLPerf-storage/dlio_benchmark/dlio_benchmark/utils/statscounter.py:325]
[INFO] 2025-05-04T17:31:26.581103 Rank 0 step 176 processed 5 samples in 0.4290659427642822 s [/mnt/ioopt/appbench/apps/MLPerf-storage/dlio_benchmark/dlio_benchmark/utils/statscounter.py:325]
[INFO] 2025-05-04T17:31:26.909749 Rank 0 step 177 processed 5 samples in 0.3281564712524414 s [/mnt/ioopt/appbench/apps/MLPerf-storage/dlio_benchmark/dlio_benchmark/utils/statscounter.py:325]
[INFO] 2025-05-04T17:31:28.998419 Rank 0 step 178 processed 5 samples in 2.0882246494293213 s [/mnt/ioopt/appbench/apps/MLPerf-storage/dlio_benchmark/dlio_benchmark/utils/statscounter.py:325]
[INFO] 2025-05-04T17:31:35.226455 Rank 0 step 179 processed 5 samples in 6.227538824081421 s [/mnt/ioopt/appbench/apps/MLPerf-storage/dlio_benchmark/dlio_benchmark/utils/statscounter.py:325]
[INFO] 2025-05-04T17:31:35.555655 Rank 0 step 180 processed 5 samples in 0.3287172317504883 s [/mnt/ioopt/appbench/apps/MLPerf-storage/dlio_benchmark/dlio_benchmark/utils/statscounter.py:325]
[INFO] 2025-05-04T17:31:35.884499 Rank 0 step 181 processed 5 samples in 0.32839012145996094 s [/mnt/ioopt/appbench/apps/MLPerf-storage/dlio_benchmark/dlio_benchmark/utils/statscounter.py:325]
[INFO] 2025-05-04T17:31:37.758247 Rank 0 step 182 processed 5 samples in 1.8732821941375732 s [/mnt/ioopt/appbench/apps/MLPerf-storage/dlio_benchmark/dlio_benchmark/utils/statscounter.py:325]
[INFO] 2025-05-04T17:31:43.596263 Rank 0 step 183 processed 5 samples in 5.837562561035156 s [/mnt/ioopt/appbench/apps/MLPerf-storage/dlio_benchmark/dlio_benchmark/utils/statscounter.py:325]
[INFO] 2025-05-04T17:31:43.925137 Rank 0 step 184 processed 5 samples in 0.32841920852661133 s [/mnt/ioopt/appbench/apps/MLPerf-storage/dlio_benchmark/dlio_benchmark/utils/statscounter.py:325]
[INFO] 2025-05-04T17:31:44.253663 Rank 0 step 185 processed 5 samples in 0.32810521125793457 s [/mnt/ioopt/appbench/apps/MLPerf-storage/dlio_benchmark/dlio_benchmark/utils/statscounter.py:325]
[INFO] 2025-05-04T17:31:46.025797 Rank 0 step 186 processed 5 samples in 1.7717182636260986 s [/mnt/ioopt/appbench/apps/MLPerf-storage/dlio_benchmark/dlio_benchmark/utils/statscounter.py:325]
[INFO] 2025-05-04T17:31:53.053607 Rank 0 step 187 processed 5 samples in 7.027361869812012 s [/mnt/ioopt/appbench/apps/MLPerf-storage/dlio_benchmark/dlio_benchmark/utils/statscounter.py:325]
[INFO] 2025-05-04T17:31:53.382624 Rank 0 step 188 processed 5 samples in 0.32852649688720703 s [/mnt/ioopt/appbench/apps/MLPerf-storage/dlio_benchmark/dlio_benchmark/utils/statscounter.py:325]
[INFO] 2025-05-04T17:31:54.403638 Rank 0 step 189 processed 5 samples in 1.0206108093261719 s [/mnt/ioopt/appbench/apps/MLPerf-storage/dlio_benchmark/dlio_benchmark/utils/statscounter.py:325]
[INFO] 2025-05-04T17:31:56.100799 Rank 0 step 190 processed 5 samples in 1.6967287063598633 s [/mnt/ioopt/appbench/apps/MLPerf-storage/dlio_benchmark/dlio_benchmark/utils/statscounter.py:325]
[INFO] 2025-05-04T17:32:01.173034 Rank 0 step 191 processed 5 samples in 5.071768522262573 s [/mnt/ioopt/appbench/apps/MLPerf-storage/dlio_benchmark/dlio_benchmark/utils/statscounter.py:325]
[INFO] 2025-05-04T17:32:01.704817 Rank 0 step 192 processed 5 samples in 0.5311994552612305 s [/mnt/ioopt/appbench/apps/MLPerf-storage/dlio_benchmark/dlio_benchmark/utils/statscounter.py:325]
[INFO] 2025-05-04T17:32:06.128648 Rank 0 step 193 processed 5 samples in 4.423398494720459 s [/mnt/ioopt/appbench/apps/MLPerf-storage/dlio_benchmark/dlio_benchmark/utils/statscounter.py:325]
[INFO] 2025-05-04T17:32:06.457400 Rank 0 step 194 processed 5 samples in 0.32828307151794434 s [/mnt/ioopt/appbench/apps/MLPerf-storage/dlio_benchmark/dlio_benchmark/utils/statscounter.py:325]
[INFO] 2025-05-04T17:32:12.628009 Rank 0 step 195 processed 5 samples in 6.170145511627197 s [/mnt/ioopt/appbench/apps/MLPerf-storage/dlio_benchmark/dlio_benchmark/utils/statscounter.py:325]
[INFO] 2025-05-04T17:32:12.956827 Rank 0 step 196 processed 5 samples in 0.3283219337463379 s [/mnt/ioopt/appbench/apps/MLPerf-storage/dlio_benchmark/dlio_benchmark/utils/statscounter.py:325]
[INFO] 2025-05-04T17:32:16.298886 Rank 0 step 197 processed 5 samples in 3.341641664505005 s [/mnt/ioopt/appbench/apps/MLPerf-storage/dlio_benchmark/dlio_benchmark/utils/statscounter.py:325]
[INFO] 2025-05-04T17:32:16.672643 Rank 0 step 198 processed 5 samples in 0.3732912540435791 s [/mnt/ioopt/appbench/apps/MLPerf-storage/dlio_benchmark/dlio_benchmark/utils/statscounter.py:325]
[INFO] 2025-05-04T17:32:19.721910 Rank 0 step 199 processed 5 samples in 3.048819065093994 s [/mnt/ioopt/appbench/apps/MLPerf-storage/dlio_benchmark/dlio_benchmark/utils/statscounter.py:325]
[INFO] 2025-05-04T17:32:24.248775 Rank 0 step 200 processed 5 samples in 4.526423215866089 s [/mnt/ioopt/appbench/apps/MLPerf-storage/dlio_benchmark/dlio_benchmark/utils/statscounter.py:325]
[INFO] 2025-05-04T17:32:26.301130 Rank 0 step 201 processed 5 samples in 2.0518579483032227 s [/mnt/ioopt/appbench/apps/MLPerf-storage/dlio_benchmark/dlio_benchmark/utils/statscounter.py:325]
[INFO] 2025-05-04T17:32:26.630289 Rank 0 step 202 processed 5 samples in 0.32866382598876953 s [/mnt/ioopt/appbench/apps/MLPerf-storage/dlio_benchmark/dlio_benchmark/utils/statscounter.py:325]
[INFO] 2025-05-04T17:32:29.202649 Rank 0 step 203 processed 5 samples in 2.5719377994537354 s [/mnt/ioopt/appbench/apps/MLPerf-storage/dlio_benchmark/dlio_benchmark/utils/statscounter.py:325]
[INFO] 2025-05-04T17:32:34.614050 Rank 0 step 204 processed 5 samples in 5.4108617305755615 s [/mnt/ioopt/appbench/apps/MLPerf-storage/dlio_benchmark/dlio_benchmark/utils/statscounter.py:325]
[INFO] 2025-05-04T17:32:34.942704 Rank 0 step 205 processed 5 samples in 0.32821154594421387 s [/mnt/ioopt/appbench/apps/MLPerf-storage/dlio_benchmark/dlio_benchmark/utils/statscounter.py:325]
[INFO] 2025-05-04T17:32:36.406871 Rank 0 step 206 processed 5 samples in 1.463810920715332 s [/mnt/ioopt/appbench/apps/MLPerf-storage/dlio_benchmark/dlio_benchmark/utils/statscounter.py:325]
[INFO] 2025-05-04T17:32:38.547216 Rank 0 step 207 processed 5 samples in 2.139862060546875 s [/mnt/ioopt/appbench/apps/MLPerf-storage/dlio_benchmark/dlio_benchmark/utils/statscounter.py:325]
[INFO] 2025-05-04T17:32:42.474831 Rank 0 step 208 processed 5 samples in 3.9271786212921143 s [/mnt/ioopt/appbench/apps/MLPerf-storage/dlio_benchmark/dlio_benchmark/utils/statscounter.py:325]
[INFO] 2025-05-04T17:32:42.805862 Rank 0 step 209 processed 5 samples in 0.3304903507232666 s [/mnt/ioopt/appbench/apps/MLPerf-storage/dlio_benchmark/dlio_benchmark/utils/statscounter.py:325]
[INFO] 2025-05-04T17:32:45.140750 Rank 0 step 210 processed 5 samples in 2.3343892097473145 s [/mnt/ioopt/appbench/apps/MLPerf-storage/dlio_benchmark/dlio_benchmark/utils/statscounter.py:325]
[INFO] 2025-05-04T17:32:46.810410 Rank 0 step 211 processed 5 samples in 1.6692209243774414 s [/mnt/ioopt/appbench/apps/MLPerf-storage/dlio_benchmark/dlio_benchmark/utils/statscounter.py:325]
[INFO] 2025-05-04T17:32:52.691353 Rank 0 step 212 processed 5 samples in 5.880521297454834 s [/mnt/ioopt/appbench/apps/MLPerf-storage/dlio_benchmark/dlio_benchmark/utils/statscounter.py:325]
[INFO] 2025-05-04T17:32:53.203286 Rank 0 step 213 processed 5 samples in 0.5115020275115967 s [/mnt/ioopt/appbench/apps/MLPerf-storage/dlio_benchmark/dlio_benchmark/utils/statscounter.py:325]
[INFO] 2025-05-04T17:32:54.748499 Rank 0 step 214 processed 5 samples in 1.5447278022766113 s [/mnt/ioopt/appbench/apps/MLPerf-storage/dlio_benchmark/dlio_benchmark/utils/statscounter.py:325]
[INFO] 2025-05-04T17:32:55.077388 Rank 0 step 215 processed 5 samples in 0.328463077545166 s [/mnt/ioopt/appbench/apps/MLPerf-storage/dlio_benchmark/dlio_benchmark/utils/statscounter.py:325]
[INFO] 2025-05-04T17:33:00.644225 Rank 0 step 216 processed 5 samples in 5.566433906555176 s [/mnt/ioopt/appbench/apps/MLPerf-storage/dlio_benchmark/dlio_benchmark/utils/statscounter.py:325]
[INFO] 2025-05-04T17:33:00.972716 Rank 0 step 217 processed 5 samples in 0.3280510902404785 s [/mnt/ioopt/appbench/apps/MLPerf-storage/dlio_benchmark/dlio_benchmark/utils/statscounter.py:325]
[INFO] 2025-05-04T17:33:05.491635 Rank 0 step 218 processed 5 samples in 4.5185816287994385 s [/mnt/ioopt/appbench/apps/MLPerf-storage/dlio_benchmark/dlio_benchmark/utils/statscounter.py:325]
[INFO] 2025-05-04T17:33:05.820953 Rank 0 step 219 processed 5 samples in 0.32885050773620605 s [/mnt/ioopt/appbench/apps/MLPerf-storage/dlio_benchmark/dlio_benchmark/utils/statscounter.py:325]
[INFO] 2025-05-04T17:33:10.585398 Rank 0 step 220 processed 5 samples in 4.7640228271484375 s [/mnt/ioopt/appbench/apps/MLPerf-storage/dlio_benchmark/dlio_benchmark/utils/statscounter.py:325]
[INFO] 2025-05-04T17:33:10.977807 Rank 0 step 221 processed 5 samples in 0.39197325706481934 s [/mnt/ioopt/appbench/apps/MLPerf-storage/dlio_benchmark/dlio_benchmark/utils/statscounter.py:325]
[INFO] 2025-05-04T17:33:13.267968 Rank 0 step 222 processed 5 samples in 2.289654493331909 s [/mnt/ioopt/appbench/apps/MLPerf-storage/dlio_benchmark/dlio_benchmark/utils/statscounter.py:325]
[INFO] 2025-05-04T17:33:15.897207 Rank 0 step 223 processed 5 samples in 2.6287736892700195 s [/mnt/ioopt/appbench/apps/MLPerf-storage/dlio_benchmark/dlio_benchmark/utils/statscounter.py:325]
[INFO] 2025-05-04T17:33:19.817195 Rank 0 step 224 processed 5 samples in 3.9192399978637695 s [/mnt/ioopt/appbench/apps/MLPerf-storage/dlio_benchmark/dlio_benchmark/utils/statscounter.py:325]
[INFO] 2025-05-04T17:33:20.330975 Rank 0 step 225 processed 5 samples in 0.513267993927002 s [/mnt/ioopt/appbench/apps/MLPerf-storage/dlio_benchmark/dlio_benchmark/utils/statscounter.py:325]
[INFO] 2025-05-04T17:33:25.558285 Rank 0 step 226 processed 5 samples in 5.226775646209717 s [/mnt/ioopt/appbench/apps/MLPerf-storage/dlio_benchmark/dlio_benchmark/utils/statscounter.py:325]
[INFO] 2025-05-04T17:33:25.887120 Rank 0 step 227 processed 5 samples in 0.3283658027648926 s [/mnt/ioopt/appbench/apps/MLPerf-storage/dlio_benchmark/dlio_benchmark/utils/statscounter.py:325]
[INFO] 2025-05-04T17:33:30.103911 Rank 0 step 228 processed 5 samples in 4.216359615325928 s [/mnt/ioopt/appbench/apps/MLPerf-storage/dlio_benchmark/dlio_benchmark/utils/statscounter.py:325]
[INFO] 2025-05-04T17:33:30.432489 Rank 0 step 229 processed 5 samples in 0.32819247245788574 s [/mnt/ioopt/appbench/apps/MLPerf-storage/dlio_benchmark/dlio_benchmark/utils/statscounter.py:325]
[INFO] 2025-05-04T17:33:35.672660 Rank 0 step 230 processed 5 samples in 5.239707708358765 s [/mnt/ioopt/appbench/apps/MLPerf-storage/dlio_benchmark/dlio_benchmark/utils/statscounter.py:325]
[INFO] 2025-05-04T17:33:36.001774 Rank 0 step 231 processed 5 samples in 0.32857275009155273 s [/mnt/ioopt/appbench/apps/MLPerf-storage/dlio_benchmark/dlio_benchmark/utils/statscounter.py:325]
[INFO] 2025-05-04T17:33:40.698018 Rank 0 step 232 processed 5 samples in 4.695796012878418 s [/mnt/ioopt/appbench/apps/MLPerf-storage/dlio_benchmark/dlio_benchmark/utils/statscounter.py:325]
[INFO] 2025-05-04T17:33:41.029506 Rank 0 step 233 processed 5 samples in 0.33103466033935547 s [/mnt/ioopt/appbench/apps/MLPerf-storage/dlio_benchmark/dlio_benchmark/utils/statscounter.py:325]
[INFO] 2025-05-04T17:33:44.100235 Rank 0 step 234 processed 5 samples in 3.07025408744812 s [/mnt/ioopt/appbench/apps/MLPerf-storage/dlio_benchmark/dlio_benchmark/utils/statscounter.py:325]
[INFO] 2025-05-04T17:33:44.431303 Rank 0 step 235 processed 5 samples in 0.33063483238220215 s [/mnt/ioopt/appbench/apps/MLPerf-storage/dlio_benchmark/dlio_benchmark/utils/statscounter.py:325]
[INFO] 2025-05-04T17:33:48.084705 Rank 0 step 236 processed 5 samples in 3.6529529094696045 s [/mnt/ioopt/appbench/apps/MLPerf-storage/dlio_benchmark/dlio_benchmark/utils/statscounter.py:325]
[INFO] 2025-05-04T17:33:50.225883 Rank 0 step 237 processed 5 samples in 2.140739679336548 s [/mnt/ioopt/appbench/apps/MLPerf-storage/dlio_benchmark/dlio_benchmark/utils/statscounter.py:325]
[INFO] 2025-05-04T17:33:52.957097 Rank 0 step 238 processed 5 samples in 2.73077392578125 s [/mnt/ioopt/appbench/apps/MLPerf-storage/dlio_benchmark/dlio_benchmark/utils/statscounter.py:325]
[INFO] 2025-05-04T17:33:54.091261 Rank 0 step 239 processed 5 samples in 1.1337268352508545 s [/mnt/ioopt/appbench/apps/MLPerf-storage/dlio_benchmark/dlio_benchmark/utils/statscounter.py:325]
[INFO] 2025-05-04T17:33:58.560949 Rank 0 step 240 processed 5 samples in 4.4692559242248535 s [/mnt/ioopt/appbench/apps/MLPerf-storage/dlio_benchmark/dlio_benchmark/utils/statscounter.py:325]
[INFO] 2025-05-04T17:34:00.242205 Rank 0 step 241 processed 5 samples in 1.6808152198791504 s [/mnt/ioopt/appbench/apps/MLPerf-storage/dlio_benchmark/dlio_benchmark/utils/statscounter.py:325]
[INFO] 2025-05-04T17:34:05.205889 Rank 0 step 242 processed 5 samples in 4.963246822357178 s [/mnt/ioopt/appbench/apps/MLPerf-storage/dlio_benchmark/dlio_benchmark/utils/statscounter.py:325]
[INFO] 2025-05-04T17:34:06.249241 Rank 0 step 243 processed 5 samples in 1.0429036617279053 s [/mnt/ioopt/appbench/apps/MLPerf-storage/dlio_benchmark/dlio_benchmark/utils/statscounter.py:325]
[INFO] 2025-05-04T17:34:08.008220 Rank 0 step 244 processed 5 samples in 1.7585504055023193 s [/mnt/ioopt/appbench/apps/MLPerf-storage/dlio_benchmark/dlio_benchmark/utils/statscounter.py:325]
[INFO] 2025-05-04T17:34:10.897488 Rank 0 step 245 processed 5 samples in 2.88881778717041 s [/mnt/ioopt/appbench/apps/MLPerf-storage/dlio_benchmark/dlio_benchmark/utils/statscounter.py:325]
[INFO] 2025-05-04T17:34:15.426431 Rank 0 step 246 processed 5 samples in 4.528475046157837 s [/mnt/ioopt/appbench/apps/MLPerf-storage/dlio_benchmark/dlio_benchmark/utils/statscounter.py:325]
[INFO] 2025-05-04T17:34:15.755668 Rank 0 step 247 processed 5 samples in 0.32878947257995605 s [/mnt/ioopt/appbench/apps/MLPerf-storage/dlio_benchmark/dlio_benchmark/utils/statscounter.py:325]
[INFO] 2025-05-04T17:34:17.346125 Rank 0 step 248 processed 5 samples in 1.5900063514709473 s [/mnt/ioopt/appbench/apps/MLPerf-storage/dlio_benchmark/dlio_benchmark/utils/statscounter.py:325]
[INFO] 2025-05-04T17:34:20.119477 Rank 0 step 249 processed 5 samples in 2.7729082107543945 s [/mnt/ioopt/appbench/apps/MLPerf-storage/dlio_benchmark/dlio_benchmark/utils/statscounter.py:325]
[INFO] 2025-05-04T17:34:25.679349 Rank 0 step 250 processed 5 samples in 5.559403896331787 s [/mnt/ioopt/appbench/apps/MLPerf-storage/dlio_benchmark/dlio_benchmark/utils/statscounter.py:325]
[INFO] 2025-05-04T17:34:26.005511 Rank 0 step 251 processed 5 samples in 0.32587242126464844 s [/mnt/ioopt/appbench/apps/MLPerf-storage/dlio_benchmark/dlio_benchmark/utils/statscounter.py:325]
[INFO] 2025-05-04T17:34:26.334668 Rank 0 step 252 processed 5 samples in 0.3286705017089844 s [/mnt/ioopt/appbench/apps/MLPerf-storage/dlio_benchmark/dlio_benchmark/utils/statscounter.py:325]
[INFO] 2025-05-04T17:34:29.285550 Rank 0 step 253 processed 5 samples in 2.950425386428833 s [/mnt/ioopt/appbench/apps/MLPerf-storage/dlio_benchmark/dlio_benchmark/utils/statscounter.py:325]
[INFO] 2025-05-04T17:34:35.921358 Rank 0 step 254 processed 5 samples in 6.635364055633545 s [/mnt/ioopt/appbench/apps/MLPerf-storage/dlio_benchmark/dlio_benchmark/utils/statscounter.py:325]
[INFO] 2025-05-04T17:34:36.250039 Rank 0 step 255 processed 5 samples in 0.3282454013824463 s [/mnt/ioopt/appbench/apps/MLPerf-storage/dlio_benchmark/dlio_benchmark/utils/statscounter.py:325]
[INFO] 2025-05-04T17:34:36.579137 Rank 0 step 256 processed 5 samples in 0.32863378524780273 s [/mnt/ioopt/appbench/apps/MLPerf-storage/dlio_benchmark/dlio_benchmark/utils/statscounter.py:325]
[INFO] 2025-05-04T17:34:36.909572 Rank 0 step 257 processed 5 samples in 0.32997846603393555 s [/mnt/ioopt/appbench/apps/MLPerf-storage/dlio_benchmark/dlio_benchmark/utils/statscounter.py:325]
[INFO] 2025-05-04T17:34:45.382477 Rank 0 step 258 processed 5 samples in 8.472436666488647 s [/mnt/ioopt/appbench/apps/MLPerf-storage/dlio_benchmark/dlio_benchmark/utils/statscounter.py:325]
[INFO] 2025-05-04T17:34:45.711286 Rank 0 step 259 processed 5 samples in 0.3283348083496094 s [/mnt/ioopt/appbench/apps/MLPerf-storage/dlio_benchmark/dlio_benchmark/utils/statscounter.py:325]
[INFO] 2025-05-04T17:34:46.040334 Rank 0 step 260 processed 5 samples in 0.32862353324890137 s [/mnt/ioopt/appbench/apps/MLPerf-storage/dlio_benchmark/dlio_benchmark/utils/statscounter.py:325]
[INFO] 2025-05-04T17:34:46.371171 Rank 0 step 261 processed 5 samples in 0.3304312229156494 s [/mnt/ioopt/appbench/apps/MLPerf-storage/dlio_benchmark/dlio_benchmark/utils/statscounter.py:325]
[INFO] 2025-05-04T17:34:53.995372 Rank 0 step 262 processed 5 samples in 7.6237733364105225 s [/mnt/ioopt/appbench/apps/MLPerf-storage/dlio_benchmark/dlio_benchmark/utils/statscounter.py:325]
[INFO] 2025-05-04T17:34:54.326126 Rank 0 step 263 processed 5 samples in 0.3303048610687256 s [/mnt/ioopt/appbench/apps/MLPerf-storage/dlio_benchmark/dlio_benchmark/utils/statscounter.py:325]
[INFO] 2025-05-04T17:34:55.656958 Rank 0 step 264 processed 5 samples in 1.3304009437561035 s [/mnt/ioopt/appbench/apps/MLPerf-storage/dlio_benchmark/dlio_benchmark/utils/statscounter.py:325]
[INFO] 2025-05-04T17:34:55.985655 Rank 0 step 265 processed 5 samples in 0.3282639980316162 s [/mnt/ioopt/appbench/apps/MLPerf-storage/dlio_benchmark/dlio_benchmark/utils/statscounter.py:325]
[INFO] 2025-05-04T17:35:01.357409 Rank 0 step 266 processed 5 samples in 5.371381759643555 s [/mnt/ioopt/appbench/apps/MLPerf-storage/dlio_benchmark/dlio_benchmark/utils/statscounter.py:325]
[INFO] 2025-05-04T17:35:01.688161 Rank 0 step 267 processed 5 samples in 0.3302786350250244 s [/mnt/ioopt/appbench/apps/MLPerf-storage/dlio_benchmark/dlio_benchmark/utils/statscounter.py:325]
[INFO] 2025-05-04T17:35:04.097155 Rank 0 step 268 processed 5 samples in 2.408557653427124 s [/mnt/ioopt/appbench/apps/MLPerf-storage/dlio_benchmark/dlio_benchmark/utils/statscounter.py:325]
[INFO] 2025-05-04T17:35:07.933368 Rank 0 step 269 processed 5 samples in 3.8357200622558594 s [/mnt/ioopt/appbench/apps/MLPerf-storage/dlio_benchmark/dlio_benchmark/utils/statscounter.py:325]
[INFO] 2025-05-04T17:35:10.375323 Rank 0 step 270 processed 5 samples in 2.4414918422698975 s [/mnt/ioopt/appbench/apps/MLPerf-storage/dlio_benchmark/dlio_benchmark/utils/statscounter.py:325]
[INFO] 2025-05-04T17:35:11.907630 Rank 0 step 271 processed 5 samples in 1.5318255424499512 s [/mnt/ioopt/appbench/apps/MLPerf-storage/dlio_benchmark/dlio_benchmark/utils/statscounter.py:325]
[INFO] 2025-05-04T17:35:14.388675 Rank 0 step 272 processed 5 samples in 2.479994773864746 s [/mnt/ioopt/appbench/apps/MLPerf-storage/dlio_benchmark/dlio_benchmark/utils/statscounter.py:325]
[INFO] 2025-05-04T17:35:17.580586 Rank 0 step 273 processed 5 samples in 3.1914615631103516 s [/mnt/ioopt/appbench/apps/MLPerf-storage/dlio_benchmark/dlio_benchmark/utils/statscounter.py:325]
[INFO] 2025-05-04T17:35:20.997813 Rank 0 step 274 processed 5 samples in 3.416719675064087 s [/mnt/ioopt/appbench/apps/MLPerf-storage/dlio_benchmark/dlio_benchmark/utils/statscounter.py:325]
[INFO] 2025-05-04T17:35:21.327091 Rank 0 step 275 processed 5 samples in 0.32882022857666016 s [/mnt/ioopt/appbench/apps/MLPerf-storage/dlio_benchmark/dlio_benchmark/utils/statscounter.py:325]
[INFO] 2025-05-04T17:35:23.945142 Rank 0 step 276 processed 5 samples in 2.617609739303589 s [/mnt/ioopt/appbench/apps/MLPerf-storage/dlio_benchmark/dlio_benchmark/utils/statscounter.py:325]
[INFO] 2025-05-04T17:35:26.381593 Rank 0 step 277 processed 5 samples in 2.4360532760620117 s [/mnt/ioopt/appbench/apps/MLPerf-storage/dlio_benchmark/dlio_benchmark/utils/statscounter.py:325]
[INFO] 2025-05-04T17:35:30.207814 Rank 0 step 278 processed 5 samples in 3.825752019882202 s [/mnt/ioopt/appbench/apps/MLPerf-storage/dlio_benchmark/dlio_benchmark/utils/statscounter.py:325]
[INFO] 2025-05-04T17:35:30.536679 Rank 0 step 279 processed 5 samples in 0.32842087745666504 s [/mnt/ioopt/appbench/apps/MLPerf-storage/dlio_benchmark/dlio_benchmark/utils/statscounter.py:325]
[INFO] 2025-05-04T17:35:33.742587 Rank 0 step 280 processed 5 samples in 3.205467939376831 s [/mnt/ioopt/appbench/apps/MLPerf-storage/dlio_benchmark/dlio_benchmark/utils/statscounter.py:325]
[INFO] 2025-05-04T17:35:38.059179 Rank 0 step 281 processed 5 samples in 4.316152811050415 s [/mnt/ioopt/appbench/apps/MLPerf-storage/dlio_benchmark/dlio_benchmark/utils/statscounter.py:325]
[INFO] 2025-05-04T17:35:40.687157 Rank 0 step 282 processed 5 samples in 2.627497911453247 s [/mnt/ioopt/appbench/apps/MLPerf-storage/dlio_benchmark/dlio_benchmark/utils/statscounter.py:325]
[INFO] 2025-05-04T17:35:41.016278 Rank 0 step 283 processed 5 samples in 0.32868337631225586 s [/mnt/ioopt/appbench/apps/MLPerf-storage/dlio_benchmark/dlio_benchmark/utils/statscounter.py:325]
[INFO] 2025-05-04T17:35:42.404332 Rank 0 step 284 processed 5 samples in 1.387603759765625 s [/mnt/ioopt/appbench/apps/MLPerf-storage/dlio_benchmark/dlio_benchmark/utils/statscounter.py:325]
[INFO] 2025-05-04T17:35:45.901320 Rank 0 step 285 processed 5 samples in 3.4965453147888184 s [/mnt/ioopt/appbench/apps/MLPerf-storage/dlio_benchmark/dlio_benchmark/utils/statscounter.py:325]
[INFO] 2025-05-04T17:35:49.014415 Rank 0 step 286 processed 5 samples in 3.1126084327697754 s [/mnt/ioopt/appbench/apps/MLPerf-storage/dlio_benchmark/dlio_benchmark/utils/statscounter.py:325]
[INFO] 2025-05-04T17:35:51.320279 Rank 0 step 287 processed 5 samples in 2.3054051399230957 s [/mnt/ioopt/appbench/apps/MLPerf-storage/dlio_benchmark/dlio_benchmark/utils/statscounter.py:325]
[INFO] 2025-05-04T17:35:52.588515 Rank 0 step 288 processed 5 samples in 1.2677876949310303 s [/mnt/ioopt/appbench/apps/MLPerf-storage/dlio_benchmark/dlio_benchmark/utils/statscounter.py:325]
[INFO] 2025-05-04T17:35:57.326992 Rank 0 step 289 processed 5 samples in 4.738041877746582 s [/mnt/ioopt/appbench/apps/MLPerf-storage/dlio_benchmark/dlio_benchmark/utils/statscounter.py:325]
[INFO] 2025-05-04T17:35:58.767449 Rank 0 step 290 processed 5 samples in 1.4399423599243164 s [/mnt/ioopt/appbench/apps/MLPerf-storage/dlio_benchmark/dlio_benchmark/utils/statscounter.py:325]
[INFO] 2025-05-04T17:36:02.042925 Rank 0 step 291 processed 5 samples in 3.27502703666687 s [/mnt/ioopt/appbench/apps/MLPerf-storage/dlio_benchmark/dlio_benchmark/utils/statscounter.py:325]
[INFO] 2025-05-04T17:36:02.784401 Rank 0 step 292 processed 5 samples in 0.7409939765930176 s [/mnt/ioopt/appbench/apps/MLPerf-storage/dlio_benchmark/dlio_benchmark/utils/statscounter.py:325]
[INFO] 2025-05-04T17:36:07.344492 Rank 0 step 293 processed 5 samples in 4.5595972537994385 s [/mnt/ioopt/appbench/apps/MLPerf-storage/dlio_benchmark/dlio_benchmark/utils/statscounter.py:325]
[INFO] 2025-05-04T17:36:07.673356 Rank 0 step 294 processed 5 samples in 0.32837867736816406 s [/mnt/ioopt/appbench/apps/MLPerf-storage/dlio_benchmark/dlio_benchmark/utils/statscounter.py:325]
[INFO] 2025-05-04T17:36:10.559923 Rank 0 step 295 processed 5 samples in 2.8860960006713867 s [/mnt/ioopt/appbench/apps/MLPerf-storage/dlio_benchmark/dlio_benchmark/utils/statscounter.py:325]
[INFO] 2025-05-04T17:36:12.060748 Rank 0 step 296 processed 5 samples in 1.5003888607025146 s [/mnt/ioopt/appbench/apps/MLPerf-storage/dlio_benchmark/dlio_benchmark/utils/statscounter.py:325]
[INFO] 2025-05-04T17:36:15.691833 Rank 0 step 297 processed 5 samples in 3.6306521892547607 s [/mnt/ioopt/appbench/apps/MLPerf-storage/dlio_benchmark/dlio_benchmark/utils/statscounter.py:325]
[INFO] 2025-05-04T17:36:16.676263 Rank 0 step 298 processed 5 samples in 0.9839391708374023 s [/mnt/ioopt/appbench/apps/MLPerf-storage/dlio_benchmark/dlio_benchmark/utils/statscounter.py:325]
[INFO] 2025-05-04T17:36:19.289886 Rank 0 step 299 processed 5 samples in 2.6131887435913086 s [/mnt/ioopt/appbench/apps/MLPerf-storage/dlio_benchmark/dlio_benchmark/utils/statscounter.py:325]
[INFO] 2025-05-04T17:36:22.810865 Rank 0 step 300 processed 5 samples in 3.5205392837524414 s [/mnt/ioopt/appbench/apps/MLPerf-storage/dlio_benchmark/dlio_benchmark/utils/statscounter.py:325]
[INFO] 2025-05-04T17:36:24.216666 Rank 0 step 301 processed 5 samples in 1.4053640365600586 s [/mnt/ioopt/appbench/apps/MLPerf-storage/dlio_benchmark/dlio_benchmark/utils/statscounter.py:325]
[INFO] 2025-05-04T17:36:27.640359 Rank 0 step 302 processed 5 samples in 3.4231724739074707 s [/mnt/ioopt/appbench/apps/MLPerf-storage/dlio_benchmark/dlio_benchmark/utils/statscounter.py:325]
[INFO] 2025-05-04T17:36:27.969941 Rank 0 step 303 processed 5 samples in 0.3289797306060791 s [/mnt/ioopt/appbench/apps/MLPerf-storage/dlio_benchmark/dlio_benchmark/utils/statscounter.py:325]
[INFO] 2025-05-04T17:36:30.769747 Rank 0 step 304 processed 5 samples in 2.7993648052215576 s [/mnt/ioopt/appbench/apps/MLPerf-storage/dlio_benchmark/dlio_benchmark/utils/statscounter.py:325]
[INFO] 2025-05-04T17:36:32.784116 Rank 0 step 305 processed 5 samples in 2.0139272212982178 s [/mnt/ioopt/appbench/apps/MLPerf-storage/dlio_benchmark/dlio_benchmark/utils/statscounter.py:325]
[INFO] 2025-05-04T17:36:37.265513 Rank 0 step 306 processed 5 samples in 4.481058835983276 s [/mnt/ioopt/appbench/apps/MLPerf-storage/dlio_benchmark/dlio_benchmark/utils/statscounter.py:325]
[INFO] 2025-05-04T17:36:38.313565 Rank 0 step 307 processed 5 samples in 1.0475857257843018 s [/mnt/ioopt/appbench/apps/MLPerf-storage/dlio_benchmark/dlio_benchmark/utils/statscounter.py:325]
[INFO] 2025-05-04T17:36:40.512809 Rank 0 step 308 processed 5 samples in 2.1988065242767334 s [/mnt/ioopt/appbench/apps/MLPerf-storage/dlio_benchmark/dlio_benchmark/utils/statscounter.py:325]
[INFO] 2025-05-04T17:36:40.842117 Rank 0 step 309 processed 5 samples in 0.32878565788269043 s [/mnt/ioopt/appbench/apps/MLPerf-storage/dlio_benchmark/dlio_benchmark/utils/statscounter.py:325]
[INFO] 2025-05-04T17:36:47.012767 Rank 0 step 310 processed 5 samples in 6.170156240463257 s [/mnt/ioopt/appbench/apps/MLPerf-storage/dlio_benchmark/dlio_benchmark/utils/statscounter.py:325]
[INFO] 2025-05-04T17:36:47.341909 Rank 0 step 311 processed 5 samples in 0.32863330841064453 s [/mnt/ioopt/appbench/apps/MLPerf-storage/dlio_benchmark/dlio_benchmark/utils/statscounter.py:325]
[INFO] 2025-05-04T17:36:49.140151 Rank 0 step 312 processed 5 samples in 1.7977876663208008 s [/mnt/ioopt/appbench/apps/MLPerf-storage/dlio_benchmark/dlio_benchmark/utils/statscounter.py:325]
[INFO] 2025-05-04T17:36:49.856309 Rank 0 step 313 processed 5 samples in 0.7156577110290527 s [/mnt/ioopt/appbench/apps/MLPerf-storage/dlio_benchmark/dlio_benchmark/utils/statscounter.py:325]
[INFO] 2025-05-04T17:36:56.950033 Rank 0 step 314 processed 5 samples in 7.0933403968811035 s [/mnt/ioopt/appbench/apps/MLPerf-storage/dlio_benchmark/dlio_benchmark/utils/statscounter.py:325]
[INFO] 2025-05-04T17:36:57.280865 Rank 0 step 315 processed 5 samples in 0.3303680419921875 s [/mnt/ioopt/appbench/apps/MLPerf-storage/dlio_benchmark/dlio_benchmark/utils/statscounter.py:325]
[INFO] 2025-05-04T17:37:00.867895 Rank 0 step 316 processed 5 samples in 3.586573362350464 s [/mnt/ioopt/appbench/apps/MLPerf-storage/dlio_benchmark/dlio_benchmark/utils/statscounter.py:325]
[INFO] 2025-05-04T17:37:01.799225 Rank 0 step 317 processed 5 samples in 0.9308292865753174 s [/mnt/ioopt/appbench/apps/MLPerf-storage/dlio_benchmark/dlio_benchmark/utils/statscounter.py:325]
[INFO] 2025-05-04T17:37:06.341099 Rank 0 step 318 processed 5 samples in 4.54138708114624 s [/mnt/ioopt/appbench/apps/MLPerf-storage/dlio_benchmark/dlio_benchmark/utils/statscounter.py:325]
[INFO] 2025-05-04T17:37:06.920471 Rank 0 step 319 processed 5 samples in 0.578925609588623 s [/mnt/ioopt/appbench/apps/MLPerf-storage/dlio_benchmark/dlio_benchmark/utils/statscounter.py:325]
[INFO] 2025-05-04T17:37:10.580305 Rank 0 step 320 processed 5 samples in 3.6593925952911377 s [/mnt/ioopt/appbench/apps/MLPerf-storage/dlio_benchmark/dlio_benchmark/utils/statscounter.py:325]
[INFO] 2025-05-04T17:37:12.267663 Rank 0 step 321 processed 5 samples in 1.6868417263031006 s [/mnt/ioopt/appbench/apps/MLPerf-storage/dlio_benchmark/dlio_benchmark/utils/statscounter.py:325]
[INFO] 2025-05-04T17:37:14.140940 Rank 0 step 322 processed 5 samples in 1.8728013038635254 s [/mnt/ioopt/appbench/apps/MLPerf-storage/dlio_benchmark/dlio_benchmark/utils/statscounter.py:325]
[INFO] 2025-05-04T17:37:18.518620 Rank 0 step 323 processed 5 samples in 4.377216815948486 s [/mnt/ioopt/appbench/apps/MLPerf-storage/dlio_benchmark/dlio_benchmark/utils/statscounter.py:325]
[INFO] 2025-05-04T17:37:18.847710 Rank 0 step 324 processed 5 samples in 0.3286113739013672 s [/mnt/ioopt/appbench/apps/MLPerf-storage/dlio_benchmark/dlio_benchmark/utils/statscounter.py:325]
[INFO] 2025-05-04T17:37:21.961603 Rank 0 step 325 processed 5 samples in 3.1134707927703857 s [/mnt/ioopt/appbench/apps/MLPerf-storage/dlio_benchmark/dlio_benchmark/utils/statscounter.py:325]
[INFO] 2025-05-04T17:37:22.290442 Rank 0 step 326 processed 5 samples in 0.32837414741516113 s [/mnt/ioopt/appbench/apps/MLPerf-storage/dlio_benchmark/dlio_benchmark/utils/statscounter.py:325]
[INFO] 2025-05-04T17:37:28.029278 Rank 0 step 327 processed 5 samples in 5.7384138107299805 s [/mnt/ioopt/appbench/apps/MLPerf-storage/dlio_benchmark/dlio_benchmark/utils/statscounter.py:325]
[INFO] 2025-05-04T17:37:28.358382 Rank 0 step 328 processed 5 samples in 0.3286423683166504 s [/mnt/ioopt/appbench/apps/MLPerf-storage/dlio_benchmark/dlio_benchmark/utils/statscounter.py:325]
[INFO] 2025-05-04T17:37:32.683932 Rank 0 step 329 processed 5 samples in 4.325136661529541 s [/mnt/ioopt/appbench/apps/MLPerf-storage/dlio_benchmark/dlio_benchmark/utils/statscounter.py:325]
[INFO] 2025-05-04T17:37:33.012745 Rank 0 step 330 processed 5 samples in 0.3283698558807373 s [/mnt/ioopt/appbench/apps/MLPerf-storage/dlio_benchmark/dlio_benchmark/utils/statscounter.py:325]
[INFO] 2025-05-04T17:37:35.769845 Rank 0 step 331 processed 5 samples in 2.75666880607605 s [/mnt/ioopt/appbench/apps/MLPerf-storage/dlio_benchmark/dlio_benchmark/utils/statscounter.py:325]
[INFO] 2025-05-04T17:37:38.055104 Rank 0 step 332 processed 5 samples in 2.284818410873413 s [/mnt/ioopt/appbench/apps/MLPerf-storage/dlio_benchmark/dlio_benchmark/utils/statscounter.py:325]
[INFO] 2025-05-04T17:37:40.709960 Rank 0 step 333 processed 5 samples in 2.6543383598327637 s [/mnt/ioopt/appbench/apps/MLPerf-storage/dlio_benchmark/dlio_benchmark/utils/statscounter.py:325]
[INFO] 2025-05-04T17:37:41.457008 Rank 0 step 334 processed 5 samples in 0.7462835311889648 s [/mnt/ioopt/appbench/apps/MLPerf-storage/dlio_benchmark/dlio_benchmark/utils/statscounter.py:325]
[INFO] 2025-05-04T17:37:46.019090 Rank 0 step 335 processed 5 samples in 4.561635494232178 s [/mnt/ioopt/appbench/apps/MLPerf-storage/dlio_benchmark/dlio_benchmark/utils/statscounter.py:325]
[INFO] 2025-05-04T17:37:50.374781 Rank 0 step 336 processed 5 samples in 4.355203151702881 s [/mnt/ioopt/appbench/apps/MLPerf-storage/dlio_benchmark/dlio_benchmark/utils/statscounter.py:325]
[INFO] 2025-05-04T17:37:51.188869 Rank 0 step 337 processed 5 samples in 0.8136332035064697 s [/mnt/ioopt/appbench/apps/MLPerf-storage/dlio_benchmark/dlio_benchmark/utils/statscounter.py:325]
[INFO] 2025-05-04T17:37:51.517842 Rank 0 step 338 processed 5 samples in 0.32844042778015137 s [/mnt/ioopt/appbench/apps/MLPerf-storage/dlio_benchmark/dlio_benchmark/utils/statscounter.py:325]
[INFO] 2025-05-04T17:37:54.413798 Rank 0 step 339 processed 5 samples in 2.895462989807129 s [/mnt/ioopt/appbench/apps/MLPerf-storage/dlio_benchmark/dlio_benchmark/utils/statscounter.py:325]
[INFO] 2025-05-04T17:38:00.422763 Rank 0 step 340 processed 5 samples in 6.008466958999634 s [/mnt/ioopt/appbench/apps/MLPerf-storage/dlio_benchmark/dlio_benchmark/utils/statscounter.py:325]
[INFO] 2025-05-04T17:38:00.751691 Rank 0 step 341 processed 5 samples in 0.3284897804260254 s [/mnt/ioopt/appbench/apps/MLPerf-storage/dlio_benchmark/dlio_benchmark/utils/statscounter.py:325]
[INFO] 2025-05-04T17:38:01.310824 Rank 0 step 342 processed 5 samples in 0.5587823390960693 s [/mnt/ioopt/appbench/apps/MLPerf-storage/dlio_benchmark/dlio_benchmark/utils/statscounter.py:325]
[INFO] 2025-05-04T17:38:01.651049 Rank 0 step 343 processed 5 samples in 0.33968687057495117 s [/mnt/ioopt/appbench/apps/MLPerf-storage/dlio_benchmark/dlio_benchmark/utils/statscounter.py:325]
[INFO] 2025-05-04T17:38:08.804997 Rank 0 step 344 processed 5 samples in 7.153482913970947 s [/mnt/ioopt/appbench/apps/MLPerf-storage/dlio_benchmark/dlio_benchmark/utils/statscounter.py:325]
[INFO] 2025-05-04T17:38:10.673157 Rank 0 step 345 processed 5 samples in 1.867649793624878 s [/mnt/ioopt/appbench/apps/MLPerf-storage/dlio_benchmark/dlio_benchmark/utils/statscounter.py:325]
[INFO] 2025-05-04T17:38:12.436433 Rank 0 step 346 processed 5 samples in 1.7627527713775635 s [/mnt/ioopt/appbench/apps/MLPerf-storage/dlio_benchmark/dlio_benchmark/utils/statscounter.py:325]
[INFO] 2025-05-04T17:38:12.765275 Rank 0 step 347 processed 5 samples in 0.3283851146697998 s [/mnt/ioopt/appbench/apps/MLPerf-storage/dlio_benchmark/dlio_benchmark/utils/statscounter.py:325]
[INFO] 2025-05-04T17:38:15.897784 Rank 0 step 348 processed 5 samples in 3.132052183151245 s [/mnt/ioopt/appbench/apps/MLPerf-storage/dlio_benchmark/dlio_benchmark/utils/statscounter.py:325]
[INFO] 2025-05-04T17:38:20.737671 Rank 0 step 349 processed 5 samples in 4.839416265487671 s [/mnt/ioopt/appbench/apps/MLPerf-storage/dlio_benchmark/dlio_benchmark/utils/statscounter.py:325]
[INFO] 2025-05-04T17:38:21.068283 Rank 0 step 350 processed 5 samples in 0.33016061782836914 s [/mnt/ioopt/appbench/apps/MLPerf-storage/dlio_benchmark/dlio_benchmark/utils/statscounter.py:325]
[INFO] 2025-05-04T17:38:21.397546 Rank 0 step 351 processed 5 samples in 0.32877111434936523 s [/mnt/ioopt/appbench/apps/MLPerf-storage/dlio_benchmark/dlio_benchmark/utils/statscounter.py:325]
[INFO] 2025-05-04T17:38:23.417292 Rank 0 step 352 processed 5 samples in 2.019298553466797 s [/mnt/ioopt/appbench/apps/MLPerf-storage/dlio_benchmark/dlio_benchmark/utils/statscounter.py:325]
[INFO] 2025-05-04T17:38:31.970805 Rank 0 step 353 processed 5 samples in 8.553018808364868 s [/mnt/ioopt/appbench/apps/MLPerf-storage/dlio_benchmark/dlio_benchmark/utils/statscounter.py:325]
[INFO] 2025-05-04T17:38:32.301419 Rank 0 step 354 processed 5 samples in 0.3301119804382324 s [/mnt/ioopt/appbench/apps/MLPerf-storage/dlio_benchmark/dlio_benchmark/utils/statscounter.py:325]
[INFO] 2025-05-04T17:38:32.634164 Rank 0 step 355 processed 5 samples in 0.33231329917907715 s [/mnt/ioopt/appbench/apps/MLPerf-storage/dlio_benchmark/dlio_benchmark/utils/statscounter.py:325]
[INFO] 2025-05-04T17:38:32.963258 Rank 0 step 356 processed 5 samples in 0.3286013603210449 s [/mnt/ioopt/appbench/apps/MLPerf-storage/dlio_benchmark/dlio_benchmark/utils/statscounter.py:325]
[INFO] 2025-05-04T17:38:39.531456 Rank 0 step 357 processed 5 samples in 6.567734956741333 s [/mnt/ioopt/appbench/apps/MLPerf-storage/dlio_benchmark/dlio_benchmark/utils/statscounter.py:325]
[INFO] 2025-05-04T17:38:41.498865 Rank 0 step 358 processed 5 samples in 1.966963291168213 s [/mnt/ioopt/appbench/apps/MLPerf-storage/dlio_benchmark/dlio_benchmark/utils/statscounter.py:325]
[INFO] 2025-05-04T17:38:42.774387 Rank 0 step 359 processed 5 samples in 1.27504563331604 s [/mnt/ioopt/appbench/apps/MLPerf-storage/dlio_benchmark/dlio_benchmark/utils/statscounter.py:325]
[INFO] 2025-05-04T17:38:43.154748 Rank 0 step 360 processed 5 samples in 0.379927396774292 s [/mnt/ioopt/appbench/apps/MLPerf-storage/dlio_benchmark/dlio_benchmark/utils/statscounter.py:325]
[INFO] 2025-05-04T17:38:48.570934 Rank 0 step 361 processed 5 samples in 5.415653228759766 s [/mnt/ioopt/appbench/apps/MLPerf-storage/dlio_benchmark/dlio_benchmark/utils/statscounter.py:325]
[INFO] 2025-05-04T17:38:50.089251 Rank 0 step 362 processed 5 samples in 1.5180180072784424 s [/mnt/ioopt/appbench/apps/MLPerf-storage/dlio_benchmark/dlio_benchmark/utils/statscounter.py:325]
[INFO] 2025-05-04T17:38:51.006420 Rank 0 step 363 processed 5 samples in 0.9167110919952393 s [/mnt/ioopt/appbench/apps/MLPerf-storage/dlio_benchmark/dlio_benchmark/utils/statscounter.py:325]
[INFO] 2025-05-04T17:38:51.806355 Rank 0 step 364 processed 5 samples in 0.799480676651001 s [/mnt/ioopt/appbench/apps/MLPerf-storage/dlio_benchmark/dlio_benchmark/utils/statscounter.py:325]
[INFO] 2025-05-04T17:38:57.805449 Rank 0 step 365 processed 5 samples in 5.998609781265259 s [/mnt/ioopt/appbench/apps/MLPerf-storage/dlio_benchmark/dlio_benchmark/utils/statscounter.py:325]
[INFO] 2025-05-04T17:39:00.237801 Rank 0 step 366 processed 5 samples in 2.4318859577178955 s [/mnt/ioopt/appbench/apps/MLPerf-storage/dlio_benchmark/dlio_benchmark/utils/statscounter.py:325]
[INFO] 2025-05-04T17:39:00.566537 Rank 0 step 367 processed 5 samples in 0.32828855514526367 s [/mnt/ioopt/appbench/apps/MLPerf-storage/dlio_benchmark/dlio_benchmark/utils/statscounter.py:325]
[INFO] 2025-05-04T17:39:00.897582 Rank 0 step 368 processed 5 samples in 0.3306283950805664 s [/mnt/ioopt/appbench/apps/MLPerf-storage/dlio_benchmark/dlio_benchmark/utils/statscounter.py:325]
[INFO] 2025-05-04T17:39:07.990682 Rank 0 step 369 processed 5 samples in 7.092630624771118 s [/mnt/ioopt/appbench/apps/MLPerf-storage/dlio_benchmark/dlio_benchmark/utils/statscounter.py:325]
[INFO] 2025-05-04T17:39:10.850688 Rank 0 step 370 processed 5 samples in 2.859523296356201 s [/mnt/ioopt/appbench/apps/MLPerf-storage/dlio_benchmark/dlio_benchmark/utils/statscounter.py:325]
[INFO] 2025-05-04T17:39:11.179900 Rank 0 step 371 processed 5 samples in 0.328716516494751 s [/mnt/ioopt/appbench/apps/MLPerf-storage/dlio_benchmark/dlio_benchmark/utils/statscounter.py:325]
[INFO] 2025-05-04T17:39:11.509099 Rank 0 step 372 processed 5 samples in 0.3287367820739746 s [/mnt/ioopt/appbench/apps/MLPerf-storage/dlio_benchmark/dlio_benchmark/utils/statscounter.py:325]
[INFO] 2025-05-04T17:39:16.549987 Rank 0 step 373 processed 5 samples in 5.040375232696533 s [/mnt/ioopt/appbench/apps/MLPerf-storage/dlio_benchmark/dlio_benchmark/utils/statscounter.py:325]
[INFO] 2025-05-04T17:39:19.274812 Rank 0 step 374 processed 5 samples in 2.7244937419891357 s [/mnt/ioopt/appbench/apps/MLPerf-storage/dlio_benchmark/dlio_benchmark/utils/statscounter.py:325]
[INFO] 2025-05-04T17:39:19.606132 Rank 0 step 375 processed 5 samples in 0.33083558082580566 s [/mnt/ioopt/appbench/apps/MLPerf-storage/dlio_benchmark/dlio_benchmark/utils/statscounter.py:325]
[INFO] 2025-05-04T17:39:22.757377 Rank 0 step 376 processed 5 samples in 3.150989294052124 s [/mnt/ioopt/appbench/apps/MLPerf-storage/dlio_benchmark/dlio_benchmark/utils/statscounter.py:325]
[INFO] 2025-05-04T17:39:28.404945 Rank 0 step 377 processed 5 samples in 5.64715838432312 s [/mnt/ioopt/appbench/apps/MLPerf-storage/dlio_benchmark/dlio_benchmark/utils/statscounter.py:325]
[INFO] 2025-05-04T17:39:28.780682 Rank 0 step 378 processed 5 samples in 0.37523388862609863 s [/mnt/ioopt/appbench/apps/MLPerf-storage/dlio_benchmark/dlio_benchmark/utils/statscounter.py:325]
[INFO] 2025-05-04T17:39:29.109701 Rank 0 step 379 processed 5 samples in 0.32854270935058594 s [/mnt/ioopt/appbench/apps/MLPerf-storage/dlio_benchmark/dlio_benchmark/utils/statscounter.py:325]
[INFO] 2025-05-04T17:39:32.965366 Rank 0 step 380 processed 5 samples in 3.855191230773926 s [/mnt/ioopt/appbench/apps/MLPerf-storage/dlio_benchmark/dlio_benchmark/utils/statscounter.py:325]
[INFO] 2025-05-04T17:39:36.336313 Rank 0 step 381 processed 5 samples in 3.3704755306243896 s [/mnt/ioopt/appbench/apps/MLPerf-storage/dlio_benchmark/dlio_benchmark/utils/statscounter.py:325]
[INFO] 2025-05-04T17:39:36.662320 Rank 0 step 382 processed 5 samples in 0.3255302906036377 s [/mnt/ioopt/appbench/apps/MLPerf-storage/dlio_benchmark/dlio_benchmark/utils/statscounter.py:325]
[INFO] 2025-05-04T17:39:38.306004 Rank 0 step 383 processed 5 samples in 1.6434223651885986 s [/mnt/ioopt/appbench/apps/MLPerf-storage/dlio_benchmark/dlio_benchmark/utils/statscounter.py:325]
[INFO] 2025-05-04T17:39:41.129585 Rank 0 step 384 processed 5 samples in 2.822618007659912 s [/mnt/ioopt/appbench/apps/MLPerf-storage/dlio_benchmark/dlio_benchmark/utils/statscounter.py:325]
[INFO] 2025-05-04T17:39:46.417426 Rank 0 step 385 processed 5 samples in 5.287338018417358 s [/mnt/ioopt/appbench/apps/MLPerf-storage/dlio_benchmark/dlio_benchmark/utils/statscounter.py:325]
[INFO] 2025-05-04T17:39:46.746113 Rank 0 step 386 processed 5 samples in 0.32819509506225586 s [/mnt/ioopt/appbench/apps/MLPerf-storage/dlio_benchmark/dlio_benchmark/utils/statscounter.py:325]
[INFO] 2025-05-04T17:39:47.751954 Rank 0 step 387 processed 5 samples in 1.0053820610046387 s [/mnt/ioopt/appbench/apps/MLPerf-storage/dlio_benchmark/dlio_benchmark/utils/statscounter.py:325]
[INFO] 2025-05-04T17:39:48.080789 Rank 0 step 388 processed 5 samples in 0.3283803462982178 s [/mnt/ioopt/appbench/apps/MLPerf-storage/dlio_benchmark/dlio_benchmark/utils/statscounter.py:325]
[INFO] 2025-05-04T17:39:53.528926 Rank 0 step 389 processed 5 samples in 5.447724342346191 s [/mnt/ioopt/appbench/apps/MLPerf-storage/dlio_benchmark/dlio_benchmark/utils/statscounter.py:325]
[INFO] 2025-05-04T17:39:55.581809 Rank 0 step 390 processed 5 samples in 2.0524351596832275 s [/mnt/ioopt/appbench/apps/MLPerf-storage/dlio_benchmark/dlio_benchmark/utils/statscounter.py:325]
[INFO] 2025-05-04T17:39:57.847187 Rank 0 step 391 processed 5 samples in 2.2650914192199707 s [/mnt/ioopt/appbench/apps/MLPerf-storage/dlio_benchmark/dlio_benchmark/utils/statscounter.py:325]
[INFO] 2025-05-04T17:39:58.468024 Rank 0 step 392 processed 5 samples in 0.6203954219818115 s [/mnt/ioopt/appbench/apps/MLPerf-storage/dlio_benchmark/dlio_benchmark/utils/statscounter.py:325]
[INFO] 2025-05-04T17:40:02.394703 Rank 0 step 393 processed 5 samples in 3.9261646270751953 s [/mnt/ioopt/appbench/apps/MLPerf-storage/dlio_benchmark/dlio_benchmark/utils/statscounter.py:325]
[INFO] 2025-05-04T17:40:04.265907 Rank 0 step 394 processed 5 samples in 1.870744228363037 s [/mnt/ioopt/appbench/apps/MLPerf-storage/dlio_benchmark/dlio_benchmark/utils/statscounter.py:325]
[INFO] 2025-05-04T17:40:07.423953 Rank 0 step 395 processed 5 samples in 3.1576266288757324 s [/mnt/ioopt/appbench/apps/MLPerf-storage/dlio_benchmark/dlio_benchmark/utils/statscounter.py:325]
[INFO] 2025-05-04T17:40:07.753075 Rank 0 step 396 processed 5 samples in 0.3286299705505371 s [/mnt/ioopt/appbench/apps/MLPerf-storage/dlio_benchmark/dlio_benchmark/utils/statscounter.py:325]
[INFO] 2025-05-04T17:40:10.881053 Rank 0 step 397 processed 5 samples in 3.1275339126586914 s [/mnt/ioopt/appbench/apps/MLPerf-storage/dlio_benchmark/dlio_benchmark/utils/statscounter.py:325]
[INFO] 2025-05-04T17:40:12.804087 Rank 0 step 398 processed 5 samples in 1.9225962162017822 s [/mnt/ioopt/appbench/apps/MLPerf-storage/dlio_benchmark/dlio_benchmark/utils/statscounter.py:325]
[INFO] 2025-05-04T17:40:13.139522 Rank 0 step 399 processed 5 samples in 0.3349425792694092 s [/mnt/ioopt/appbench/apps/MLPerf-storage/dlio_benchmark/dlio_benchmark/utils/statscounter.py:325]
[INFO] 2025-05-04T17:40:15.825411 Rank 0 step 400 processed 5 samples in 2.685509204864502 s [/mnt/ioopt/appbench/apps/MLPerf-storage/dlio_benchmark/dlio_benchmark/utils/statscounter.py:325]
[INFO] 2025-05-04T17:40:15.825938 Maximum number of steps reached [/mnt/ioopt/appbench/apps/MLPerf-storage/dlio_benchmark/dlio_benchmark/main.py:293]
[INFO] 2025-05-04T17:40:15.829069 Ending block 1 - 400 steps completed in 960.39 s [/mnt/ioopt/appbench/apps/MLPerf-storage/dlio_benchmark/dlio_benchmark/utils/statscounter.py:282]
[INFO] 2025-05-04T17:40:15.854640 Epoch 1 - Block 1 [Training] Accelerator Utilization [AU] (%): 13.5721 [/mnt/ioopt/appbench/apps/MLPerf-storage/dlio_benchmark/dlio_benchmark/utils/statscounter.py:285]
[INFO] 2025-05-04T17:40:15.854754 Epoch 1 - Block 1 [Training] Throughput (samples/second): 2.0825 [/mnt/ioopt/appbench/apps/MLPerf-storage/dlio_benchmark/dlio_benchmark/utils/statscounter.py:286]
[INFO] 2025-05-04T17:40:15.856542 Ending epoch 1 - 400 steps completed in 960.46 s [/mnt/ioopt/appbench/apps/MLPerf-storage/dlio_benchmark/dlio_benchmark/utils/statscounter.py:225]
[INFO] 2025-05-04T17:40:15.863008 Saved outputs in /mnt/ioopt/appbench/apps/MLPerf-storage/resultsdir/RUN_4/batch_size_5_num_threads_4 [/mnt/ioopt/appbench/apps/MLPerf-storage/dlio_benchmark/dlio_benchmark/utils/statscounter.py:171]
[INFO] Averaged metric over all epochs
[METRIC] ==========================================================
[METRIC] Number of Simulated Accelerators: 1 
[METRIC] Training Accelerator Utilization [AU] (%): 13.5721 (0.0000)
[METRIC] Training Throughput (samples/second): 2.0825 (0.0000)
[METRIC] Training I/O Throughput (MB/second): 291.1503 (0.0000)
[METRIC] train_au_meet_expectation: fail
[METRIC] ==========================================================
 [/mnt/ioopt/appbench/apps/MLPerf-storage/dlio_benchmark/dlio_benchmark/utils/statscounter.py:185]
[INFO] 2025-05-04T17:40:15.869754 outputs saved in RANKID_output.json [/mnt/ioopt/appbench/apps/MLPerf-storage/dlio_benchmark/dlio_benchmark/utils/statscounter.py:378]
