[INFO] 2025-05-05T10:11:19.655504 Profiling DLIO /mnt/ioopt/appbench/apps/MLPerf-storage/resultsdir/RUN_5/batch_size_5_num_threads_10/trace-0-of-1.pfw [/mnt/ioopt/appbench/apps/MLPerf-storage/dlio_benchmark/dlio_benchmark/utils/config.py:189]
[INFO] 2025-05-05T10:11:19.656174 Running DLIO with 1 process(es) [/mnt/ioopt/appbench/apps/MLPerf-storage/dlio_benchmark/dlio_benchmark/main.py:100]
[INFO] Total amount of data each host will consume is 273.064948618412 GB; each host has [np.float64(187.5592384338379)] GB memory [/mnt/ioopt/appbench/apps/MLPerf-storage/dlio_benchmark/dlio_benchmark/utils/statscounter.py:121]
[INFO] 2025-05-05T10:11:36.000890 Max steps per epoch: 400 = 1 * 2000 / 5 / 1 (samples per file * num files / batch size / comm size) [/mnt/ioopt/appbench/apps/MLPerf-storage/dlio_benchmark/dlio_benchmark/main.py:321]
[INFO] 2025-05-05T10:11:36.158152 Starting epoch 1: 400 steps expected [/mnt/ioopt/appbench/apps/MLPerf-storage/dlio_benchmark/dlio_benchmark/utils/statscounter.py:192]
[INFO] 2025-05-05T10:11:36.192167 Starting block 1 [/mnt/ioopt/appbench/apps/MLPerf-storage/dlio_benchmark/dlio_benchmark/utils/statscounter.py:264]
[INFO] 2025-05-05T10:12:00.468425 Rank 0 step 1 processed 5 samples in 24.276036500930786 s [/mnt/ioopt/appbench/apps/MLPerf-storage/dlio_benchmark/dlio_benchmark/utils/statscounter.py:325]
[INFO] 2025-05-05T10:12:00.806406 Rank 0 step 2 processed 5 samples in 0.33702659606933594 s [/mnt/ioopt/appbench/apps/MLPerf-storage/dlio_benchmark/dlio_benchmark/utils/statscounter.py:325]
[INFO] 2025-05-05T10:12:02.512636 Rank 0 step 3 processed 5 samples in 1.7057592868804932 s [/mnt/ioopt/appbench/apps/MLPerf-storage/dlio_benchmark/dlio_benchmark/utils/statscounter.py:325]
[INFO] 2025-05-05T10:12:02.839100 Rank 0 step 4 processed 5 samples in 0.3260931968688965 s [/mnt/ioopt/appbench/apps/MLPerf-storage/dlio_benchmark/dlio_benchmark/utils/statscounter.py:325]
[INFO] 2025-05-05T10:12:03.164868 Rank 0 step 5 processed 5 samples in 0.32546353340148926 s [/mnt/ioopt/appbench/apps/MLPerf-storage/dlio_benchmark/dlio_benchmark/utils/statscounter.py:325]
[INFO] 2025-05-05T10:12:03.495902 Rank 0 step 6 processed 5 samples in 0.33060264587402344 s [/mnt/ioopt/appbench/apps/MLPerf-storage/dlio_benchmark/dlio_benchmark/utils/statscounter.py:325]
[INFO] 2025-05-05T10:12:03.825117 Rank 0 step 7 processed 5 samples in 0.3288297653198242 s [/mnt/ioopt/appbench/apps/MLPerf-storage/dlio_benchmark/dlio_benchmark/utils/statscounter.py:325]
[INFO] 2025-05-05T10:12:04.154415 Rank 0 step 8 processed 5 samples in 0.32878947257995605 s [/mnt/ioopt/appbench/apps/MLPerf-storage/dlio_benchmark/dlio_benchmark/utils/statscounter.py:325]
[INFO] 2025-05-05T10:12:04.483497 Rank 0 step 9 processed 5 samples in 0.3286159038543701 s [/mnt/ioopt/appbench/apps/MLPerf-storage/dlio_benchmark/dlio_benchmark/utils/statscounter.py:325]
[INFO] 2025-05-05T10:12:04.812563 Rank 0 step 10 processed 5 samples in 0.3286323547363281 s [/mnt/ioopt/appbench/apps/MLPerf-storage/dlio_benchmark/dlio_benchmark/utils/statscounter.py:325]
[INFO] 2025-05-05T10:12:16.437255 Rank 0 step 11 processed 5 samples in 11.624236345291138 s [/mnt/ioopt/appbench/apps/MLPerf-storage/dlio_benchmark/dlio_benchmark/utils/statscounter.py:325]
[INFO] 2025-05-05T10:12:18.353710 Rank 0 step 12 processed 5 samples in 1.9159624576568604 s [/mnt/ioopt/appbench/apps/MLPerf-storage/dlio_benchmark/dlio_benchmark/utils/statscounter.py:325]
[INFO] 2025-05-05T10:12:28.950774 Rank 0 step 13 processed 5 samples in 10.596589803695679 s [/mnt/ioopt/appbench/apps/MLPerf-storage/dlio_benchmark/dlio_benchmark/utils/statscounter.py:325]
[INFO] 2025-05-05T10:12:29.283356 Rank 0 step 14 processed 5 samples in 0.33202576637268066 s [/mnt/ioopt/appbench/apps/MLPerf-storage/dlio_benchmark/dlio_benchmark/utils/statscounter.py:325]
[INFO] 2025-05-05T10:12:29.613868 Rank 0 step 15 processed 5 samples in 0.32974982261657715 s [/mnt/ioopt/appbench/apps/MLPerf-storage/dlio_benchmark/dlio_benchmark/utils/statscounter.py:325]
[INFO] 2025-05-05T10:12:29.942656 Rank 0 step 16 processed 5 samples in 0.328336238861084 s [/mnt/ioopt/appbench/apps/MLPerf-storage/dlio_benchmark/dlio_benchmark/utils/statscounter.py:325]
[INFO] 2025-05-05T10:12:30.271693 Rank 0 step 17 processed 5 samples in 0.32852721214294434 s [/mnt/ioopt/appbench/apps/MLPerf-storage/dlio_benchmark/dlio_benchmark/utils/statscounter.py:325]
[INFO] 2025-05-05T10:12:30.600503 Rank 0 step 18 processed 5 samples in 0.3283827304840088 s [/mnt/ioopt/appbench/apps/MLPerf-storage/dlio_benchmark/dlio_benchmark/utils/statscounter.py:325]
[INFO] 2025-05-05T10:12:30.929212 Rank 0 step 19 processed 5 samples in 0.3282759189605713 s [/mnt/ioopt/appbench/apps/MLPerf-storage/dlio_benchmark/dlio_benchmark/utils/statscounter.py:325]
[INFO] 2025-05-05T10:12:31.258225 Rank 0 step 20 processed 5 samples in 0.32858824729919434 s [/mnt/ioopt/appbench/apps/MLPerf-storage/dlio_benchmark/dlio_benchmark/utils/statscounter.py:325]
[INFO] 2025-05-05T10:12:31.590529 Rank 0 step 21 processed 5 samples in 0.33185434341430664 s [/mnt/ioopt/appbench/apps/MLPerf-storage/dlio_benchmark/dlio_benchmark/utils/statscounter.py:325]
[INFO] 2025-05-05T10:12:38.576784 Rank 0 step 22 processed 5 samples in 6.985780477523804 s [/mnt/ioopt/appbench/apps/MLPerf-storage/dlio_benchmark/dlio_benchmark/utils/statscounter.py:325]
[INFO] 2025-05-05T10:12:51.234162 Rank 0 step 23 processed 5 samples in 12.656883478164673 s [/mnt/ioopt/appbench/apps/MLPerf-storage/dlio_benchmark/dlio_benchmark/utils/statscounter.py:325]
[INFO] 2025-05-05T10:12:52.493067 Rank 0 step 24 processed 5 samples in 1.258361577987671 s [/mnt/ioopt/appbench/apps/MLPerf-storage/dlio_benchmark/dlio_benchmark/utils/statscounter.py:325]
[INFO] 2025-05-05T10:12:52.822085 Rank 0 step 25 processed 5 samples in 0.3284878730773926 s [/mnt/ioopt/appbench/apps/MLPerf-storage/dlio_benchmark/dlio_benchmark/utils/statscounter.py:325]
[INFO] 2025-05-05T10:12:53.866737 Rank 0 step 26 processed 5 samples in 1.0441803932189941 s [/mnt/ioopt/appbench/apps/MLPerf-storage/dlio_benchmark/dlio_benchmark/utils/statscounter.py:325]
[INFO] 2025-05-05T10:12:55.653152 Rank 0 step 27 processed 5 samples in 1.7858552932739258 s [/mnt/ioopt/appbench/apps/MLPerf-storage/dlio_benchmark/dlio_benchmark/utils/statscounter.py:325]
[INFO] 2025-05-05T10:12:55.981908 Rank 0 step 28 processed 5 samples in 0.3282766342163086 s [/mnt/ioopt/appbench/apps/MLPerf-storage/dlio_benchmark/dlio_benchmark/utils/statscounter.py:325]
[INFO] 2025-05-05T10:12:58.007234 Rank 0 step 29 processed 5 samples in 2.025024652481079 s [/mnt/ioopt/appbench/apps/MLPerf-storage/dlio_benchmark/dlio_benchmark/utils/statscounter.py:325]
[INFO] 2025-05-05T10:12:58.496938 Rank 0 step 30 processed 5 samples in 0.48923230171203613 s [/mnt/ioopt/appbench/apps/MLPerf-storage/dlio_benchmark/dlio_benchmark/utils/statscounter.py:325]
[INFO] 2025-05-05T10:12:58.825815 Rank 0 step 31 processed 5 samples in 0.32836437225341797 s [/mnt/ioopt/appbench/apps/MLPerf-storage/dlio_benchmark/dlio_benchmark/utils/statscounter.py:325]
[INFO] 2025-05-05T10:13:04.917387 Rank 0 step 32 processed 5 samples in 6.091116189956665 s [/mnt/ioopt/appbench/apps/MLPerf-storage/dlio_benchmark/dlio_benchmark/utils/statscounter.py:325]
[INFO] 2025-05-05T10:13:14.819965 Rank 0 step 33 processed 5 samples in 9.902082681655884 s [/mnt/ioopt/appbench/apps/MLPerf-storage/dlio_benchmark/dlio_benchmark/utils/statscounter.py:325]
[INFO] 2025-05-05T10:13:17.375138 Rank 0 step 34 processed 5 samples in 2.554708957672119 s [/mnt/ioopt/appbench/apps/MLPerf-storage/dlio_benchmark/dlio_benchmark/utils/statscounter.py:325]
[INFO] 2025-05-05T10:13:21.044146 Rank 0 step 35 processed 5 samples in 3.668519973754883 s [/mnt/ioopt/appbench/apps/MLPerf-storage/dlio_benchmark/dlio_benchmark/utils/statscounter.py:325]
[INFO] 2025-05-05T10:13:21.373009 Rank 0 step 36 processed 5 samples in 0.3283426761627197 s [/mnt/ioopt/appbench/apps/MLPerf-storage/dlio_benchmark/dlio_benchmark/utils/statscounter.py:325]
[INFO] 2025-05-05T10:13:21.699726 Rank 0 step 37 processed 5 samples in 0.32622289657592773 s [/mnt/ioopt/appbench/apps/MLPerf-storage/dlio_benchmark/dlio_benchmark/utils/statscounter.py:325]
[INFO] 2025-05-05T10:13:22.028648 Rank 0 step 38 processed 5 samples in 0.3284027576446533 s [/mnt/ioopt/appbench/apps/MLPerf-storage/dlio_benchmark/dlio_benchmark/utils/statscounter.py:325]
[INFO] 2025-05-05T10:13:22.357777 Rank 0 step 39 processed 5 samples in 0.3286590576171875 s [/mnt/ioopt/appbench/apps/MLPerf-storage/dlio_benchmark/dlio_benchmark/utils/statscounter.py:325]
[INFO] 2025-05-05T10:13:22.689011 Rank 0 step 40 processed 5 samples in 0.3308534622192383 s [/mnt/ioopt/appbench/apps/MLPerf-storage/dlio_benchmark/dlio_benchmark/utils/statscounter.py:325]
[INFO] 2025-05-05T10:13:23.017707 Rank 0 step 41 processed 5 samples in 0.32820749282836914 s [/mnt/ioopt/appbench/apps/MLPerf-storage/dlio_benchmark/dlio_benchmark/utils/statscounter.py:325]
[INFO] 2025-05-05T10:13:23.893867 Rank 0 step 42 processed 5 samples in 0.8757057189941406 s [/mnt/ioopt/appbench/apps/MLPerf-storage/dlio_benchmark/dlio_benchmark/utils/statscounter.py:325]
[INFO] 2025-05-05T10:13:38.684310 Rank 0 step 43 processed 5 samples in 14.789966106414795 s [/mnt/ioopt/appbench/apps/MLPerf-storage/dlio_benchmark/dlio_benchmark/utils/statscounter.py:325]
[INFO] 2025-05-05T10:13:43.838562 Rank 0 step 44 processed 5 samples in 5.153730630874634 s [/mnt/ioopt/appbench/apps/MLPerf-storage/dlio_benchmark/dlio_benchmark/utils/statscounter.py:325]
[INFO] 2025-05-05T10:13:44.167669 Rank 0 step 45 processed 5 samples in 0.3285336494445801 s [/mnt/ioopt/appbench/apps/MLPerf-storage/dlio_benchmark/dlio_benchmark/utils/statscounter.py:325]
[INFO] 2025-05-05T10:13:44.504474 Rank 0 step 46 processed 5 samples in 0.33628177642822266 s [/mnt/ioopt/appbench/apps/MLPerf-storage/dlio_benchmark/dlio_benchmark/utils/statscounter.py:325]
[INFO] 2025-05-05T10:13:44.834020 Rank 0 step 47 processed 5 samples in 0.3284902572631836 s [/mnt/ioopt/appbench/apps/MLPerf-storage/dlio_benchmark/dlio_benchmark/utils/statscounter.py:325]
[INFO] 2025-05-05T10:13:45.165160 Rank 0 step 48 processed 5 samples in 0.3306891918182373 s [/mnt/ioopt/appbench/apps/MLPerf-storage/dlio_benchmark/dlio_benchmark/utils/statscounter.py:325]
[INFO] 2025-05-05T10:13:45.498151 Rank 0 step 49 processed 5 samples in 0.332507848739624 s [/mnt/ioopt/appbench/apps/MLPerf-storage/dlio_benchmark/dlio_benchmark/utils/statscounter.py:325]
[INFO] 2025-05-05T10:13:45.827605 Rank 0 step 50 processed 5 samples in 0.32894039154052734 s [/mnt/ioopt/appbench/apps/MLPerf-storage/dlio_benchmark/dlio_benchmark/utils/statscounter.py:325]
[INFO] 2025-05-05T10:13:51.338220 Rank 0 step 51 processed 5 samples in 5.510104656219482 s [/mnt/ioopt/appbench/apps/MLPerf-storage/dlio_benchmark/dlio_benchmark/utils/statscounter.py:325]
[INFO] 2025-05-05T10:13:51.667061 Rank 0 step 52 processed 5 samples in 0.3283390998840332 s [/mnt/ioopt/appbench/apps/MLPerf-storage/dlio_benchmark/dlio_benchmark/utils/statscounter.py:325]
[INFO] 2025-05-05T10:13:54.111792 Rank 0 step 53 processed 5 samples in 2.444276809692383 s [/mnt/ioopt/appbench/apps/MLPerf-storage/dlio_benchmark/dlio_benchmark/utils/statscounter.py:325]
[INFO] 2025-05-05T10:14:03.593887 Rank 0 step 54 processed 5 samples in 9.481595754623413 s [/mnt/ioopt/appbench/apps/MLPerf-storage/dlio_benchmark/dlio_benchmark/utils/statscounter.py:325]
[INFO] 2025-05-05T10:14:09.535962 Rank 0 step 55 processed 5 samples in 5.941565036773682 s [/mnt/ioopt/appbench/apps/MLPerf-storage/dlio_benchmark/dlio_benchmark/utils/statscounter.py:325]
[INFO] 2025-05-05T10:14:09.864971 Rank 0 step 56 processed 5 samples in 0.32846760749816895 s [/mnt/ioopt/appbench/apps/MLPerf-storage/dlio_benchmark/dlio_benchmark/utils/statscounter.py:325]
[INFO] 2025-05-05T10:14:10.193981 Rank 0 step 57 processed 5 samples in 0.3285081386566162 s [/mnt/ioopt/appbench/apps/MLPerf-storage/dlio_benchmark/dlio_benchmark/utils/statscounter.py:325]
[INFO] 2025-05-05T10:14:10.523066 Rank 0 step 58 processed 5 samples in 0.328641414642334 s [/mnt/ioopt/appbench/apps/MLPerf-storage/dlio_benchmark/dlio_benchmark/utils/statscounter.py:325]
[INFO] 2025-05-05T10:14:10.854670 Rank 0 step 59 processed 5 samples in 0.3311476707458496 s [/mnt/ioopt/appbench/apps/MLPerf-storage/dlio_benchmark/dlio_benchmark/utils/statscounter.py:325]
[INFO] 2025-05-05T10:14:11.183607 Rank 0 step 60 processed 5 samples in 0.32824277877807617 s [/mnt/ioopt/appbench/apps/MLPerf-storage/dlio_benchmark/dlio_benchmark/utils/statscounter.py:325]
[INFO] 2025-05-05T10:14:19.081459 Rank 0 step 61 processed 5 samples in 7.897402763366699 s [/mnt/ioopt/appbench/apps/MLPerf-storage/dlio_benchmark/dlio_benchmark/utils/statscounter.py:325]
[INFO] 2025-05-05T10:14:19.454947 Rank 0 step 62 processed 5 samples in 0.372983455657959 s [/mnt/ioopt/appbench/apps/MLPerf-storage/dlio_benchmark/dlio_benchmark/utils/statscounter.py:325]
[INFO] 2025-05-05T10:14:19.784028 Rank 0 step 63 processed 5 samples in 0.32857680320739746 s [/mnt/ioopt/appbench/apps/MLPerf-storage/dlio_benchmark/dlio_benchmark/utils/statscounter.py:325]
[INFO] 2025-05-05T10:14:25.530524 Rank 0 step 64 processed 5 samples in 5.746056318283081 s [/mnt/ioopt/appbench/apps/MLPerf-storage/dlio_benchmark/dlio_benchmark/utils/statscounter.py:325]
[INFO] 2025-05-05T10:14:33.098199 Rank 0 step 65 processed 5 samples in 7.567054271697998 s [/mnt/ioopt/appbench/apps/MLPerf-storage/dlio_benchmark/dlio_benchmark/utils/statscounter.py:325]
[INFO] 2025-05-05T10:14:33.427168 Rank 0 step 66 processed 5 samples in 0.3284339904785156 s [/mnt/ioopt/appbench/apps/MLPerf-storage/dlio_benchmark/dlio_benchmark/utils/statscounter.py:325]
[INFO] 2025-05-05T10:14:33.756158 Rank 0 step 67 processed 5 samples in 0.3285398483276367 s [/mnt/ioopt/appbench/apps/MLPerf-storage/dlio_benchmark/dlio_benchmark/utils/statscounter.py:325]
[INFO] 2025-05-05T10:14:34.085384 Rank 0 step 68 processed 5 samples in 0.3287496566772461 s [/mnt/ioopt/appbench/apps/MLPerf-storage/dlio_benchmark/dlio_benchmark/utils/statscounter.py:325]
[INFO] 2025-05-05T10:14:34.414300 Rank 0 step 69 processed 5 samples in 0.3284454345703125 s [/mnt/ioopt/appbench/apps/MLPerf-storage/dlio_benchmark/dlio_benchmark/utils/statscounter.py:325]
[INFO] 2025-05-05T10:14:34.743178 Rank 0 step 70 processed 5 samples in 0.3284008502960205 s [/mnt/ioopt/appbench/apps/MLPerf-storage/dlio_benchmark/dlio_benchmark/utils/statscounter.py:325]
[INFO] 2025-05-05T10:14:40.722636 Rank 0 step 71 processed 5 samples in 5.978981018066406 s [/mnt/ioopt/appbench/apps/MLPerf-storage/dlio_benchmark/dlio_benchmark/utils/statscounter.py:325]
[INFO] 2025-05-05T10:14:41.051881 Rank 0 step 72 processed 5 samples in 0.32873988151550293 s [/mnt/ioopt/appbench/apps/MLPerf-storage/dlio_benchmark/dlio_benchmark/utils/statscounter.py:325]
[INFO] 2025-05-05T10:14:41.380680 Rank 0 step 73 processed 5 samples in 0.32831597328186035 s [/mnt/ioopt/appbench/apps/MLPerf-storage/dlio_benchmark/dlio_benchmark/utils/statscounter.py:325]
[INFO] 2025-05-05T10:14:43.274055 Rank 0 step 74 processed 5 samples in 1.892897129058838 s [/mnt/ioopt/appbench/apps/MLPerf-storage/dlio_benchmark/dlio_benchmark/utils/statscounter.py:325]
[INFO] 2025-05-05T10:14:54.553977 Rank 0 step 75 processed 5 samples in 11.279488325119019 s [/mnt/ioopt/appbench/apps/MLPerf-storage/dlio_benchmark/dlio_benchmark/utils/statscounter.py:325]
[INFO] 2025-05-05T10:14:56.342558 Rank 0 step 76 processed 5 samples in 1.7880854606628418 s [/mnt/ioopt/appbench/apps/MLPerf-storage/dlio_benchmark/dlio_benchmark/utils/statscounter.py:325]
[INFO] 2025-05-05T10:14:56.669233 Rank 0 step 77 processed 5 samples in 0.3261592388153076 s [/mnt/ioopt/appbench/apps/MLPerf-storage/dlio_benchmark/dlio_benchmark/utils/statscounter.py:325]
[INFO] 2025-05-05T10:14:57.000668 Rank 0 step 78 processed 5 samples in 0.33094334602355957 s [/mnt/ioopt/appbench/apps/MLPerf-storage/dlio_benchmark/dlio_benchmark/utils/statscounter.py:325]
[INFO] 2025-05-05T10:14:57.329986 Rank 0 step 79 processed 5 samples in 0.328641414642334 s [/mnt/ioopt/appbench/apps/MLPerf-storage/dlio_benchmark/dlio_benchmark/utils/statscounter.py:325]
[INFO] 2025-05-05T10:14:57.658733 Rank 0 step 80 processed 5 samples in 0.32830238342285156 s [/mnt/ioopt/appbench/apps/MLPerf-storage/dlio_benchmark/dlio_benchmark/utils/statscounter.py:325]
[INFO] 2025-05-05T10:15:02.029888 Rank 0 step 81 processed 5 samples in 4.370651006698608 s [/mnt/ioopt/appbench/apps/MLPerf-storage/dlio_benchmark/dlio_benchmark/utils/statscounter.py:325]
[INFO] 2025-05-05T10:15:02.358695 Rank 0 step 82 processed 5 samples in 0.3283205032348633 s [/mnt/ioopt/appbench/apps/MLPerf-storage/dlio_benchmark/dlio_benchmark/utils/statscounter.py:325]
[INFO] 2025-05-05T10:15:03.900070 Rank 0 step 83 processed 5 samples in 1.5409049987792969 s [/mnt/ioopt/appbench/apps/MLPerf-storage/dlio_benchmark/dlio_benchmark/utils/statscounter.py:325]
[INFO] 2025-05-05T10:15:04.229094 Rank 0 step 84 processed 5 samples in 0.32858800888061523 s [/mnt/ioopt/appbench/apps/MLPerf-storage/dlio_benchmark/dlio_benchmark/utils/statscounter.py:325]
[INFO] 2025-05-05T10:15:15.054652 Rank 0 step 85 processed 5 samples in 10.825120449066162 s [/mnt/ioopt/appbench/apps/MLPerf-storage/dlio_benchmark/dlio_benchmark/utils/statscounter.py:325]
[INFO] 2025-05-05T10:15:20.922353 Rank 0 step 86 processed 5 samples in 5.867162227630615 s [/mnt/ioopt/appbench/apps/MLPerf-storage/dlio_benchmark/dlio_benchmark/utils/statscounter.py:325]
[INFO] 2025-05-05T10:15:21.252072 Rank 0 step 87 processed 5 samples in 0.32918310165405273 s [/mnt/ioopt/appbench/apps/MLPerf-storage/dlio_benchmark/dlio_benchmark/utils/statscounter.py:325]
[INFO] 2025-05-05T10:15:21.580874 Rank 0 step 88 processed 5 samples in 0.32830309867858887 s [/mnt/ioopt/appbench/apps/MLPerf-storage/dlio_benchmark/dlio_benchmark/utils/statscounter.py:325]
[INFO] 2025-05-05T10:15:21.909414 Rank 0 step 89 processed 5 samples in 0.3281137943267822 s [/mnt/ioopt/appbench/apps/MLPerf-storage/dlio_benchmark/dlio_benchmark/utils/statscounter.py:325]
[INFO] 2025-05-05T10:15:22.238521 Rank 0 step 90 processed 5 samples in 0.3286571502685547 s [/mnt/ioopt/appbench/apps/MLPerf-storage/dlio_benchmark/dlio_benchmark/utils/statscounter.py:325]
[INFO] 2025-05-05T10:15:22.569626 Rank 0 step 91 processed 5 samples in 0.3306558132171631 s [/mnt/ioopt/appbench/apps/MLPerf-storage/dlio_benchmark/dlio_benchmark/utils/statscounter.py:325]
[INFO] 2025-05-05T10:15:26.289943 Rank 0 step 92 processed 5 samples in 3.7198450565338135 s [/mnt/ioopt/appbench/apps/MLPerf-storage/dlio_benchmark/dlio_benchmark/utils/statscounter.py:325]
[INFO] 2025-05-05T10:15:29.522223 Rank 0 step 93 processed 5 samples in 3.23179030418396 s [/mnt/ioopt/appbench/apps/MLPerf-storage/dlio_benchmark/dlio_benchmark/utils/statscounter.py:325]
[INFO] 2025-05-05T10:15:29.850981 Rank 0 step 94 processed 5 samples in 0.3283088207244873 s [/mnt/ioopt/appbench/apps/MLPerf-storage/dlio_benchmark/dlio_benchmark/utils/statscounter.py:325]
[INFO] 2025-05-05T10:15:38.088135 Rank 0 step 95 processed 5 samples in 8.2366943359375 s [/mnt/ioopt/appbench/apps/MLPerf-storage/dlio_benchmark/dlio_benchmark/utils/statscounter.py:325]
[INFO] 2025-05-05T10:15:45.653449 Rank 0 step 96 processed 5 samples in 7.564985036849976 s [/mnt/ioopt/appbench/apps/MLPerf-storage/dlio_benchmark/dlio_benchmark/utils/statscounter.py:325]
[INFO] 2025-05-05T10:15:45.982610 Rank 0 step 97 processed 5 samples in 0.32864904403686523 s [/mnt/ioopt/appbench/apps/MLPerf-storage/dlio_benchmark/dlio_benchmark/utils/statscounter.py:325]
[INFO] 2025-05-05T10:15:46.312269 Rank 0 step 98 processed 5 samples in 0.329146146774292 s [/mnt/ioopt/appbench/apps/MLPerf-storage/dlio_benchmark/dlio_benchmark/utils/statscounter.py:325]
[INFO] 2025-05-05T10:15:48.499670 Rank 0 step 99 processed 5 samples in 2.1868886947631836 s [/mnt/ioopt/appbench/apps/MLPerf-storage/dlio_benchmark/dlio_benchmark/utils/statscounter.py:325]
[INFO] 2025-05-05T10:15:48.828948 Rank 0 step 100 processed 5 samples in 0.3287479877471924 s [/mnt/ioopt/appbench/apps/MLPerf-storage/dlio_benchmark/dlio_benchmark/utils/statscounter.py:325]
[INFO] 2025-05-05T10:15:50.219482 Rank 0 step 101 processed 5 samples in 1.390043020248413 s [/mnt/ioopt/appbench/apps/MLPerf-storage/dlio_benchmark/dlio_benchmark/utils/statscounter.py:325]
[INFO] 2025-05-05T10:15:50.548245 Rank 0 step 102 processed 5 samples in 0.32828783988952637 s [/mnt/ioopt/appbench/apps/MLPerf-storage/dlio_benchmark/dlio_benchmark/utils/statscounter.py:325]
[INFO] 2025-05-05T10:15:50.958859 Rank 0 step 103 processed 5 samples in 0.41011595726013184 s [/mnt/ioopt/appbench/apps/MLPerf-storage/dlio_benchmark/dlio_benchmark/utils/statscounter.py:325]
[INFO] 2025-05-05T10:15:51.287668 Rank 0 step 104 processed 5 samples in 0.3282942771911621 s [/mnt/ioopt/appbench/apps/MLPerf-storage/dlio_benchmark/dlio_benchmark/utils/statscounter.py:325]
[INFO] 2025-05-05T10:15:55.035172 Rank 0 step 105 processed 5 samples in 3.747037649154663 s [/mnt/ioopt/appbench/apps/MLPerf-storage/dlio_benchmark/dlio_benchmark/utils/statscounter.py:325]
[INFO] 2025-05-05T10:16:09.286482 Rank 0 step 106 processed 5 samples in 14.250898122787476 s [/mnt/ioopt/appbench/apps/MLPerf-storage/dlio_benchmark/dlio_benchmark/utils/statscounter.py:325]
[INFO] 2025-05-05T10:16:09.615316 Rank 0 step 107 processed 5 samples in 0.32830095291137695 s [/mnt/ioopt/appbench/apps/MLPerf-storage/dlio_benchmark/dlio_benchmark/utils/statscounter.py:325]
[INFO] 2025-05-05T10:16:13.117050 Rank 0 step 108 processed 5 samples in 3.5012593269348145 s [/mnt/ioopt/appbench/apps/MLPerf-storage/dlio_benchmark/dlio_benchmark/utils/statscounter.py:325]
[INFO] 2025-05-05T10:16:13.446405 Rank 0 step 109 processed 5 samples in 0.32885098457336426 s [/mnt/ioopt/appbench/apps/MLPerf-storage/dlio_benchmark/dlio_benchmark/utils/statscounter.py:325]
[INFO] 2025-05-05T10:16:13.775415 Rank 0 step 110 processed 5 samples in 0.3285367488861084 s [/mnt/ioopt/appbench/apps/MLPerf-storage/dlio_benchmark/dlio_benchmark/utils/statscounter.py:325]
[INFO] 2025-05-05T10:16:14.104311 Rank 0 step 111 processed 5 samples in 0.3284175395965576 s [/mnt/ioopt/appbench/apps/MLPerf-storage/dlio_benchmark/dlio_benchmark/utils/statscounter.py:325]
[INFO] 2025-05-05T10:16:14.952272 Rank 0 step 112 processed 5 samples in 0.8474931716918945 s [/mnt/ioopt/appbench/apps/MLPerf-storage/dlio_benchmark/dlio_benchmark/utils/statscounter.py:325]
[INFO] 2025-05-05T10:16:15.281136 Rank 0 step 113 processed 5 samples in 0.32839226722717285 s [/mnt/ioopt/appbench/apps/MLPerf-storage/dlio_benchmark/dlio_benchmark/utils/statscounter.py:325]
[INFO] 2025-05-05T10:16:15.612618 Rank 0 step 114 processed 5 samples in 0.3310129642486572 s [/mnt/ioopt/appbench/apps/MLPerf-storage/dlio_benchmark/dlio_benchmark/utils/statscounter.py:325]
[INFO] 2025-05-05T10:16:22.763737 Rank 0 step 115 processed 5 samples in 7.150616884231567 s [/mnt/ioopt/appbench/apps/MLPerf-storage/dlio_benchmark/dlio_benchmark/utils/statscounter.py:325]
[INFO] 2025-05-05T10:16:35.136686 Rank 0 step 116 processed 5 samples in 12.372453451156616 s [/mnt/ioopt/appbench/apps/MLPerf-storage/dlio_benchmark/dlio_benchmark/utils/statscounter.py:325]
[INFO] 2025-05-05T10:16:35.466295 Rank 0 step 117 processed 5 samples in 0.3290834426879883 s [/mnt/ioopt/appbench/apps/MLPerf-storage/dlio_benchmark/dlio_benchmark/utils/statscounter.py:325]
[INFO] 2025-05-05T10:16:35.795082 Rank 0 step 118 processed 5 samples in 0.32829976081848145 s [/mnt/ioopt/appbench/apps/MLPerf-storage/dlio_benchmark/dlio_benchmark/utils/statscounter.py:325]
[INFO] 2025-05-05T10:16:37.795472 Rank 0 step 119 processed 5 samples in 1.9999444484710693 s [/mnt/ioopt/appbench/apps/MLPerf-storage/dlio_benchmark/dlio_benchmark/utils/statscounter.py:325]
[INFO] 2025-05-05T10:16:39.653124 Rank 0 step 120 processed 5 samples in 1.8571858406066895 s [/mnt/ioopt/appbench/apps/MLPerf-storage/dlio_benchmark/dlio_benchmark/utils/statscounter.py:325]
[INFO] 2025-05-05T10:16:39.982151 Rank 0 step 121 processed 5 samples in 0.32854580879211426 s [/mnt/ioopt/appbench/apps/MLPerf-storage/dlio_benchmark/dlio_benchmark/utils/statscounter.py:325]
[INFO] 2025-05-05T10:16:40.310873 Rank 0 step 122 processed 5 samples in 0.32827162742614746 s [/mnt/ioopt/appbench/apps/MLPerf-storage/dlio_benchmark/dlio_benchmark/utils/statscounter.py:325]
[INFO] 2025-05-05T10:16:40.638717 Rank 0 step 123 processed 5 samples in 0.32736778259277344 s [/mnt/ioopt/appbench/apps/MLPerf-storage/dlio_benchmark/dlio_benchmark/utils/statscounter.py:325]
[INFO] 2025-05-05T10:16:40.967766 Rank 0 step 124 processed 5 samples in 0.32846689224243164 s [/mnt/ioopt/appbench/apps/MLPerf-storage/dlio_benchmark/dlio_benchmark/utils/statscounter.py:325]
[INFO] 2025-05-05T10:16:44.246851 Rank 0 step 125 processed 5 samples in 3.2785756587982178 s [/mnt/ioopt/appbench/apps/MLPerf-storage/dlio_benchmark/dlio_benchmark/utils/statscounter.py:325]
[INFO] 2025-05-05T10:17:00.006178 Rank 0 step 126 processed 5 samples in 15.758751630783081 s [/mnt/ioopt/appbench/apps/MLPerf-storage/dlio_benchmark/dlio_benchmark/utils/statscounter.py:325]
[INFO] 2025-05-05T10:17:02.357654 Rank 0 step 127 processed 5 samples in 2.3507022857666016 s [/mnt/ioopt/appbench/apps/MLPerf-storage/dlio_benchmark/dlio_benchmark/utils/statscounter.py:325]
[INFO] 2025-05-05T10:17:02.686393 Rank 0 step 128 processed 5 samples in 0.3283064365386963 s [/mnt/ioopt/appbench/apps/MLPerf-storage/dlio_benchmark/dlio_benchmark/utils/statscounter.py:325]
[INFO] 2025-05-05T10:17:03.015216 Rank 0 step 129 processed 5 samples in 0.3283567428588867 s [/mnt/ioopt/appbench/apps/MLPerf-storage/dlio_benchmark/dlio_benchmark/utils/statscounter.py:325]
[INFO] 2025-05-05T10:17:03.344384 Rank 0 step 130 processed 5 samples in 0.3287026882171631 s [/mnt/ioopt/appbench/apps/MLPerf-storage/dlio_benchmark/dlio_benchmark/utils/statscounter.py:325]
[INFO] 2025-05-05T10:17:03.673318 Rank 0 step 131 processed 5 samples in 0.32850003242492676 s [/mnt/ioopt/appbench/apps/MLPerf-storage/dlio_benchmark/dlio_benchmark/utils/statscounter.py:325]
[INFO] 2025-05-05T10:17:04.001974 Rank 0 step 132 processed 5 samples in 0.3282341957092285 s [/mnt/ioopt/appbench/apps/MLPerf-storage/dlio_benchmark/dlio_benchmark/utils/statscounter.py:325]
[INFO] 2025-05-05T10:17:04.330890 Rank 0 step 133 processed 5 samples in 0.32849884033203125 s [/mnt/ioopt/appbench/apps/MLPerf-storage/dlio_benchmark/dlio_benchmark/utils/statscounter.py:325]
[INFO] 2025-05-05T10:17:04.661888 Rank 0 step 134 processed 5 samples in 0.33054661750793457 s [/mnt/ioopt/appbench/apps/MLPerf-storage/dlio_benchmark/dlio_benchmark/utils/statscounter.py:325]
[INFO] 2025-05-05T10:17:04.990774 Rank 0 step 135 processed 5 samples in 0.32837390899658203 s [/mnt/ioopt/appbench/apps/MLPerf-storage/dlio_benchmark/dlio_benchmark/utils/statscounter.py:325]
[INFO] 2025-05-05T10:17:17.645139 Rank 0 step 136 processed 5 samples in 12.653810024261475 s [/mnt/ioopt/appbench/apps/MLPerf-storage/dlio_benchmark/dlio_benchmark/utils/statscounter.py:325]
[INFO] 2025-05-05T10:17:23.883295 Rank 0 step 137 processed 5 samples in 6.2376720905303955 s [/mnt/ioopt/appbench/apps/MLPerf-storage/dlio_benchmark/dlio_benchmark/utils/statscounter.py:325]
[INFO] 2025-05-05T10:17:24.212345 Rank 0 step 138 processed 5 samples in 0.3285562992095947 s [/mnt/ioopt/appbench/apps/MLPerf-storage/dlio_benchmark/dlio_benchmark/utils/statscounter.py:325]
[INFO] 2025-05-05T10:17:25.271192 Rank 0 step 139 processed 5 samples in 1.05838942527771 s [/mnt/ioopt/appbench/apps/MLPerf-storage/dlio_benchmark/dlio_benchmark/utils/statscounter.py:325]
[INFO] 2025-05-05T10:17:28.314636 Rank 0 step 140 processed 5 samples in 3.0427751541137695 s [/mnt/ioopt/appbench/apps/MLPerf-storage/dlio_benchmark/dlio_benchmark/utils/statscounter.py:325]
[INFO] 2025-05-05T10:17:29.658775 Rank 0 step 141 processed 5 samples in 1.3436546325683594 s [/mnt/ioopt/appbench/apps/MLPerf-storage/dlio_benchmark/dlio_benchmark/utils/statscounter.py:325]
[INFO] 2025-05-05T10:17:29.987543 Rank 0 step 142 processed 5 samples in 0.32827019691467285 s [/mnt/ioopt/appbench/apps/MLPerf-storage/dlio_benchmark/dlio_benchmark/utils/statscounter.py:325]
[INFO] 2025-05-05T10:17:32.776421 Rank 0 step 143 processed 5 samples in 2.7884271144866943 s [/mnt/ioopt/appbench/apps/MLPerf-storage/dlio_benchmark/dlio_benchmark/utils/statscounter.py:325]
[INFO] 2025-05-05T10:17:33.104943 Rank 0 step 144 processed 5 samples in 0.3281371593475342 s [/mnt/ioopt/appbench/apps/MLPerf-storage/dlio_benchmark/dlio_benchmark/utils/statscounter.py:325]
[INFO] 2025-05-05T10:17:33.434024 Rank 0 step 145 processed 5 samples in 0.3286163806915283 s [/mnt/ioopt/appbench/apps/MLPerf-storage/dlio_benchmark/dlio_benchmark/utils/statscounter.py:325]
[INFO] 2025-05-05T10:17:40.088749 Rank 0 step 146 processed 5 samples in 6.654283761978149 s [/mnt/ioopt/appbench/apps/MLPerf-storage/dlio_benchmark/dlio_benchmark/utils/statscounter.py:325]
[INFO] 2025-05-05T10:17:49.073545 Rank 0 step 147 processed 5 samples in 8.984456300735474 s [/mnt/ioopt/appbench/apps/MLPerf-storage/dlio_benchmark/dlio_benchmark/utils/statscounter.py:325]
[INFO] 2025-05-05T10:17:49.402641 Rank 0 step 148 processed 5 samples in 0.32855749130249023 s [/mnt/ioopt/appbench/apps/MLPerf-storage/dlio_benchmark/dlio_benchmark/utils/statscounter.py:325]
[INFO] 2025-05-05T10:17:50.798389 Rank 0 step 149 processed 5 samples in 1.3951938152313232 s [/mnt/ioopt/appbench/apps/MLPerf-storage/dlio_benchmark/dlio_benchmark/utils/statscounter.py:325]
[INFO] 2025-05-05T10:17:51.127702 Rank 0 step 150 processed 5 samples in 0.3288097381591797 s [/mnt/ioopt/appbench/apps/MLPerf-storage/dlio_benchmark/dlio_benchmark/utils/statscounter.py:325]
[INFO] 2025-05-05T10:17:57.270006 Rank 0 step 151 processed 5 samples in 6.14181113243103 s [/mnt/ioopt/appbench/apps/MLPerf-storage/dlio_benchmark/dlio_benchmark/utils/statscounter.py:325]
[INFO] 2025-05-05T10:17:57.598796 Rank 0 step 152 processed 5 samples in 0.3282804489135742 s [/mnt/ioopt/appbench/apps/MLPerf-storage/dlio_benchmark/dlio_benchmark/utils/statscounter.py:325]
[INFO] 2025-05-05T10:17:57.927741 Rank 0 step 153 processed 5 samples in 0.32847118377685547 s [/mnt/ioopt/appbench/apps/MLPerf-storage/dlio_benchmark/dlio_benchmark/utils/statscounter.py:325]
[INFO] 2025-05-05T10:17:58.258924 Rank 0 step 154 processed 5 samples in 0.3307528495788574 s [/mnt/ioopt/appbench/apps/MLPerf-storage/dlio_benchmark/dlio_benchmark/utils/statscounter.py:325]
[INFO] 2025-05-05T10:17:58.589274 Rank 0 step 155 processed 5 samples in 0.3297853469848633 s [/mnt/ioopt/appbench/apps/MLPerf-storage/dlio_benchmark/dlio_benchmark/utils/statscounter.py:325]
[INFO] 2025-05-05T10:18:02.162595 Rank 0 step 156 processed 5 samples in 3.5728094577789307 s [/mnt/ioopt/appbench/apps/MLPerf-storage/dlio_benchmark/dlio_benchmark/utils/statscounter.py:325]
[INFO] 2025-05-05T10:18:12.567450 Rank 0 step 157 processed 5 samples in 10.403816223144531 s [/mnt/ioopt/appbench/apps/MLPerf-storage/dlio_benchmark/dlio_benchmark/utils/statscounter.py:325]
[INFO] 2025-05-05T10:18:13.637728 Rank 0 step 158 processed 5 samples in 1.0697846412658691 s [/mnt/ioopt/appbench/apps/MLPerf-storage/dlio_benchmark/dlio_benchmark/utils/statscounter.py:325]
[INFO] 2025-05-05T10:18:13.968804 Rank 0 step 159 processed 5 samples in 0.33059120178222656 s [/mnt/ioopt/appbench/apps/MLPerf-storage/dlio_benchmark/dlio_benchmark/utils/statscounter.py:325]
[INFO] 2025-05-05T10:18:14.297659 Rank 0 step 160 processed 5 samples in 0.32834768295288086 s [/mnt/ioopt/appbench/apps/MLPerf-storage/dlio_benchmark/dlio_benchmark/utils/statscounter.py:325]
[INFO] 2025-05-05T10:18:17.887207 Rank 0 step 161 processed 5 samples in 3.5890722274780273 s [/mnt/ioopt/appbench/apps/MLPerf-storage/dlio_benchmark/dlio_benchmark/utils/statscounter.py:325]
[INFO] 2025-05-05T10:18:21.606241 Rank 0 step 162 processed 5 samples in 3.7185370922088623 s [/mnt/ioopt/appbench/apps/MLPerf-storage/dlio_benchmark/dlio_benchmark/utils/statscounter.py:325]
[INFO] 2025-05-05T10:18:21.934976 Rank 0 step 163 processed 5 samples in 0.3282632827758789 s [/mnt/ioopt/appbench/apps/MLPerf-storage/dlio_benchmark/dlio_benchmark/utils/statscounter.py:325]
[INFO] 2025-05-05T10:18:22.415141 Rank 0 step 164 processed 5 samples in 0.4797039031982422 s [/mnt/ioopt/appbench/apps/MLPerf-storage/dlio_benchmark/dlio_benchmark/utils/statscounter.py:325]
[INFO] 2025-05-05T10:18:22.744261 Rank 0 step 165 processed 5 samples in 0.32860851287841797 s [/mnt/ioopt/appbench/apps/MLPerf-storage/dlio_benchmark/dlio_benchmark/utils/statscounter.py:325]
[INFO] 2025-05-05T10:18:23.073043 Rank 0 step 166 processed 5 samples in 0.32829856872558594 s [/mnt/ioopt/appbench/apps/MLPerf-storage/dlio_benchmark/dlio_benchmark/utils/statscounter.py:325]
[INFO] 2025-05-05T10:18:33.496053 Rank 0 step 167 processed 5 samples in 10.42245364189148 s [/mnt/ioopt/appbench/apps/MLPerf-storage/dlio_benchmark/dlio_benchmark/utils/statscounter.py:325]
[INFO] 2025-05-05T10:18:33.826930 Rank 0 step 168 processed 5 samples in 0.33037805557250977 s [/mnt/ioopt/appbench/apps/MLPerf-storage/dlio_benchmark/dlio_benchmark/utils/statscounter.py:325]
[INFO] 2025-05-05T10:18:34.155855 Rank 0 step 169 processed 5 samples in 0.32837867736816406 s [/mnt/ioopt/appbench/apps/MLPerf-storage/dlio_benchmark/dlio_benchmark/utils/statscounter.py:325]
[INFO] 2025-05-05T10:18:34.484972 Rank 0 step 170 processed 5 samples in 0.32868504524230957 s [/mnt/ioopt/appbench/apps/MLPerf-storage/dlio_benchmark/dlio_benchmark/utils/statscounter.py:325]
[INFO] 2025-05-05T10:18:39.789800 Rank 0 step 171 processed 5 samples in 5.30436372756958 s [/mnt/ioopt/appbench/apps/MLPerf-storage/dlio_benchmark/dlio_benchmark/utils/statscounter.py:325]
[INFO] 2025-05-05T10:18:44.319858 Rank 0 step 172 processed 5 samples in 4.529553651809692 s [/mnt/ioopt/appbench/apps/MLPerf-storage/dlio_benchmark/dlio_benchmark/utils/statscounter.py:325]
[INFO] 2025-05-05T10:18:44.648886 Rank 0 step 173 processed 5 samples in 0.3285362720489502 s [/mnt/ioopt/appbench/apps/MLPerf-storage/dlio_benchmark/dlio_benchmark/utils/statscounter.py:325]
[INFO] 2025-05-05T10:18:44.977841 Rank 0 step 174 processed 5 samples in 0.3285081386566162 s [/mnt/ioopt/appbench/apps/MLPerf-storage/dlio_benchmark/dlio_benchmark/utils/statscounter.py:325]
[INFO] 2025-05-05T10:18:45.309712 Rank 0 step 175 processed 5 samples in 0.3314213752746582 s [/mnt/ioopt/appbench/apps/MLPerf-storage/dlio_benchmark/dlio_benchmark/utils/statscounter.py:325]
[INFO] 2025-05-05T10:18:45.638646 Rank 0 step 176 processed 5 samples in 0.32840943336486816 s [/mnt/ioopt/appbench/apps/MLPerf-storage/dlio_benchmark/dlio_benchmark/utils/statscounter.py:325]
[INFO] 2025-05-05T10:18:48.317099 Rank 0 step 177 processed 5 samples in 2.677924156188965 s [/mnt/ioopt/appbench/apps/MLPerf-storage/dlio_benchmark/dlio_benchmark/utils/statscounter.py:325]
[INFO] 2025-05-05T10:18:55.642994 Rank 0 step 178 processed 5 samples in 7.325395345687866 s [/mnt/ioopt/appbench/apps/MLPerf-storage/dlio_benchmark/dlio_benchmark/utils/statscounter.py:325]
[INFO] 2025-05-05T10:18:55.974426 Rank 0 step 179 processed 5 samples in 0.3309037685394287 s [/mnt/ioopt/appbench/apps/MLPerf-storage/dlio_benchmark/dlio_benchmark/utils/statscounter.py:325]
[INFO] 2025-05-05T10:18:56.303559 Rank 0 step 180 processed 5 samples in 0.3286397457122803 s [/mnt/ioopt/appbench/apps/MLPerf-storage/dlio_benchmark/dlio_benchmark/utils/statscounter.py:325]
[INFO] 2025-05-05T10:18:58.356598 Rank 0 step 181 processed 5 samples in 2.052579402923584 s [/mnt/ioopt/appbench/apps/MLPerf-storage/dlio_benchmark/dlio_benchmark/utils/statscounter.py:325]
[INFO] 2025-05-05T10:19:07.337434 Rank 0 step 182 processed 5 samples in 8.98034954071045 s [/mnt/ioopt/appbench/apps/MLPerf-storage/dlio_benchmark/dlio_benchmark/utils/statscounter.py:325]
[INFO] 2025-05-05T10:19:07.668851 Rank 0 step 183 processed 5 samples in 0.3309180736541748 s [/mnt/ioopt/appbench/apps/MLPerf-storage/dlio_benchmark/dlio_benchmark/utils/statscounter.py:325]
[INFO] 2025-05-05T10:19:08.001577 Rank 0 step 184 processed 5 samples in 0.33217597007751465 s [/mnt/ioopt/appbench/apps/MLPerf-storage/dlio_benchmark/dlio_benchmark/utils/statscounter.py:325]
[INFO] 2025-05-05T10:19:08.331701 Rank 0 step 185 processed 5 samples in 0.32924962043762207 s [/mnt/ioopt/appbench/apps/MLPerf-storage/dlio_benchmark/dlio_benchmark/utils/statscounter.py:325]
[INFO] 2025-05-05T10:19:08.661040 Rank 0 step 186 processed 5 samples in 0.3288912773132324 s [/mnt/ioopt/appbench/apps/MLPerf-storage/dlio_benchmark/dlio_benchmark/utils/statscounter.py:325]
[INFO] 2025-05-05T10:19:11.926626 Rank 0 step 187 processed 5 samples in 3.265162229537964 s [/mnt/ioopt/appbench/apps/MLPerf-storage/dlio_benchmark/dlio_benchmark/utils/statscounter.py:325]
[INFO] 2025-05-05T10:19:16.511071 Rank 0 step 188 processed 5 samples in 4.5839104652404785 s [/mnt/ioopt/appbench/apps/MLPerf-storage/dlio_benchmark/dlio_benchmark/utils/statscounter.py:325]
[INFO] 2025-05-05T10:19:20.233003 Rank 0 step 189 processed 5 samples in 3.7214367389678955 s [/mnt/ioopt/appbench/apps/MLPerf-storage/dlio_benchmark/dlio_benchmark/utils/statscounter.py:325]
[INFO] 2025-05-05T10:19:20.564429 Rank 0 step 190 processed 5 samples in 0.33089256286621094 s [/mnt/ioopt/appbench/apps/MLPerf-storage/dlio_benchmark/dlio_benchmark/utils/statscounter.py:325]
[INFO] 2025-05-05T10:19:20.893240 Rank 0 step 191 processed 5 samples in 0.328319787979126 s [/mnt/ioopt/appbench/apps/MLPerf-storage/dlio_benchmark/dlio_benchmark/utils/statscounter.py:325]
[INFO] 2025-05-05T10:19:27.501559 Rank 0 step 192 processed 5 samples in 6.607870578765869 s [/mnt/ioopt/appbench/apps/MLPerf-storage/dlio_benchmark/dlio_benchmark/utils/statscounter.py:325]
[INFO] 2025-05-05T10:19:36.062134 Rank 0 step 193 processed 5 samples in 8.560092687606812 s [/mnt/ioopt/appbench/apps/MLPerf-storage/dlio_benchmark/dlio_benchmark/utils/statscounter.py:325]
[INFO] 2025-05-05T10:19:36.391125 Rank 0 step 194 processed 5 samples in 0.3285040855407715 s [/mnt/ioopt/appbench/apps/MLPerf-storage/dlio_benchmark/dlio_benchmark/utils/statscounter.py:325]
[INFO] 2025-05-05T10:19:37.140810 Rank 0 step 195 processed 5 samples in 0.749239444732666 s [/mnt/ioopt/appbench/apps/MLPerf-storage/dlio_benchmark/dlio_benchmark/utils/statscounter.py:325]
[INFO] 2025-05-05T10:19:37.470067 Rank 0 step 196 processed 5 samples in 0.3287181854248047 s [/mnt/ioopt/appbench/apps/MLPerf-storage/dlio_benchmark/dlio_benchmark/utils/statscounter.py:325]
[INFO] 2025-05-05T10:19:37.799136 Rank 0 step 197 processed 5 samples in 0.32857370376586914 s [/mnt/ioopt/appbench/apps/MLPerf-storage/dlio_benchmark/dlio_benchmark/utils/statscounter.py:325]
[INFO] 2025-05-05T10:19:41.512432 Rank 0 step 198 processed 5 samples in 3.7128188610076904 s [/mnt/ioopt/appbench/apps/MLPerf-storage/dlio_benchmark/dlio_benchmark/utils/statscounter.py:325]
[INFO] 2025-05-05T10:19:41.841076 Rank 0 step 199 processed 5 samples in 0.32813024520874023 s [/mnt/ioopt/appbench/apps/MLPerf-storage/dlio_benchmark/dlio_benchmark/utils/statscounter.py:325]
[INFO] 2025-05-05T10:19:47.132488 Rank 0 step 200 processed 5 samples in 5.290991544723511 s [/mnt/ioopt/appbench/apps/MLPerf-storage/dlio_benchmark/dlio_benchmark/utils/statscounter.py:325]
[INFO] 2025-05-05T10:19:47.461802 Rank 0 step 201 processed 5 samples in 0.3288249969482422 s [/mnt/ioopt/appbench/apps/MLPerf-storage/dlio_benchmark/dlio_benchmark/utils/statscounter.py:325]
[INFO] 2025-05-05T10:19:47.790634 Rank 0 step 202 processed 5 samples in 0.32837772369384766 s [/mnt/ioopt/appbench/apps/MLPerf-storage/dlio_benchmark/dlio_benchmark/utils/statscounter.py:325]
[INFO] 2025-05-05T10:19:58.742308 Rank 0 step 203 processed 5 samples in 10.951205015182495 s [/mnt/ioopt/appbench/apps/MLPerf-storage/dlio_benchmark/dlio_benchmark/utils/statscounter.py:325]
[INFO] 2025-05-05T10:20:02.061918 Rank 0 step 204 processed 5 samples in 3.3191120624542236 s [/mnt/ioopt/appbench/apps/MLPerf-storage/dlio_benchmark/dlio_benchmark/utils/statscounter.py:325]
[INFO] 2025-05-05T10:20:02.390959 Rank 0 step 205 processed 5 samples in 0.3285388946533203 s [/mnt/ioopt/appbench/apps/MLPerf-storage/dlio_benchmark/dlio_benchmark/utils/statscounter.py:325]
[INFO] 2025-05-05T10:20:02.720083 Rank 0 step 206 processed 5 samples in 0.32866907119750977 s [/mnt/ioopt/appbench/apps/MLPerf-storage/dlio_benchmark/dlio_benchmark/utils/statscounter.py:325]
[INFO] 2025-05-05T10:20:03.048750 Rank 0 step 207 processed 5 samples in 0.3282456398010254 s [/mnt/ioopt/appbench/apps/MLPerf-storage/dlio_benchmark/dlio_benchmark/utils/statscounter.py:325]
[INFO] 2025-05-05T10:20:03.377729 Rank 0 step 208 processed 5 samples in 0.3285481929779053 s [/mnt/ioopt/appbench/apps/MLPerf-storage/dlio_benchmark/dlio_benchmark/utils/statscounter.py:325]
[INFO] 2025-05-05T10:20:03.706849 Rank 0 step 209 processed 5 samples in 0.32863521575927734 s [/mnt/ioopt/appbench/apps/MLPerf-storage/dlio_benchmark/dlio_benchmark/utils/statscounter.py:325]
[INFO] 2025-05-05T10:20:07.702496 Rank 0 step 210 processed 5 samples in 3.995138645172119 s [/mnt/ioopt/appbench/apps/MLPerf-storage/dlio_benchmark/dlio_benchmark/utils/statscounter.py:325]
[INFO] 2025-05-05T10:20:08.031290 Rank 0 step 211 processed 5 samples in 0.32831525802612305 s [/mnt/ioopt/appbench/apps/MLPerf-storage/dlio_benchmark/dlio_benchmark/utils/statscounter.py:325]
[INFO] 2025-05-05T10:20:11.345263 Rank 0 step 212 processed 5 samples in 3.313523769378662 s [/mnt/ioopt/appbench/apps/MLPerf-storage/dlio_benchmark/dlio_benchmark/utils/statscounter.py:325]
[INFO] 2025-05-05T10:20:22.146238 Rank 0 step 213 processed 5 samples in 10.800488471984863 s [/mnt/ioopt/appbench/apps/MLPerf-storage/dlio_benchmark/dlio_benchmark/utils/statscounter.py:325]
[INFO] 2025-05-05T10:20:23.795560 Rank 0 step 214 processed 5 samples in 1.6488049030303955 s [/mnt/ioopt/appbench/apps/MLPerf-storage/dlio_benchmark/dlio_benchmark/utils/statscounter.py:325]
[INFO] 2025-05-05T10:20:24.124436 Rank 0 step 215 processed 5 samples in 0.32839393615722656 s [/mnt/ioopt/appbench/apps/MLPerf-storage/dlio_benchmark/dlio_benchmark/utils/statscounter.py:325]
[INFO] 2025-05-05T10:20:24.453397 Rank 0 step 216 processed 5 samples in 0.32852935791015625 s [/mnt/ioopt/appbench/apps/MLPerf-storage/dlio_benchmark/dlio_benchmark/utils/statscounter.py:325]
[INFO] 2025-05-05T10:20:24.782580 Rank 0 step 217 processed 5 samples in 0.32870054244995117 s [/mnt/ioopt/appbench/apps/MLPerf-storage/dlio_benchmark/dlio_benchmark/utils/statscounter.py:325]
[INFO] 2025-05-05T10:20:29.295118 Rank 0 step 218 processed 5 samples in 4.5121166706085205 s [/mnt/ioopt/appbench/apps/MLPerf-storage/dlio_benchmark/dlio_benchmark/utils/statscounter.py:325]
[INFO] 2025-05-05T10:20:29.623846 Rank 0 step 219 processed 5 samples in 0.3282451629638672 s [/mnt/ioopt/appbench/apps/MLPerf-storage/dlio_benchmark/dlio_benchmark/utils/statscounter.py:325]
[INFO] 2025-05-05T10:20:31.109806 Rank 0 step 220 processed 5 samples in 1.4855408668518066 s [/mnt/ioopt/appbench/apps/MLPerf-storage/dlio_benchmark/dlio_benchmark/utils/statscounter.py:325]
[INFO] 2025-05-05T10:20:31.644786 Rank 0 step 221 processed 5 samples in 0.5345017910003662 s [/mnt/ioopt/appbench/apps/MLPerf-storage/dlio_benchmark/dlio_benchmark/utils/statscounter.py:325]
[INFO] 2025-05-05T10:20:31.973931 Rank 0 step 222 processed 5 samples in 0.32865285873413086 s [/mnt/ioopt/appbench/apps/MLPerf-storage/dlio_benchmark/dlio_benchmark/utils/statscounter.py:325]
[INFO] 2025-05-05T10:20:43.983904 Rank 0 step 223 processed 5 samples in 12.009509325027466 s [/mnt/ioopt/appbench/apps/MLPerf-storage/dlio_benchmark/dlio_benchmark/utils/statscounter.py:325]
[INFO] 2025-05-05T10:20:44.668961 Rank 0 step 224 processed 5 samples in 0.6844985485076904 s [/mnt/ioopt/appbench/apps/MLPerf-storage/dlio_benchmark/dlio_benchmark/utils/statscounter.py:325]
[INFO] 2025-05-05T10:20:45.245256 Rank 0 step 225 processed 5 samples in 0.5757694244384766 s [/mnt/ioopt/appbench/apps/MLPerf-storage/dlio_benchmark/dlio_benchmark/utils/statscounter.py:325]
[INFO] 2025-05-05T10:20:51.768600 Rank 0 step 226 processed 5 samples in 6.522920370101929 s [/mnt/ioopt/appbench/apps/MLPerf-storage/dlio_benchmark/dlio_benchmark/utils/statscounter.py:325]
[INFO] 2025-05-05T10:20:52.097744 Rank 0 step 227 processed 5 samples in 0.32859230041503906 s [/mnt/ioopt/appbench/apps/MLPerf-storage/dlio_benchmark/dlio_benchmark/utils/statscounter.py:325]
[INFO] 2025-05-05T10:20:52.428816 Rank 0 step 228 processed 5 samples in 0.3305623531341553 s [/mnt/ioopt/appbench/apps/MLPerf-storage/dlio_benchmark/dlio_benchmark/utils/statscounter.py:325]
[INFO] 2025-05-05T10:20:52.757779 Rank 0 step 229 processed 5 samples in 0.32848119735717773 s [/mnt/ioopt/appbench/apps/MLPerf-storage/dlio_benchmark/dlio_benchmark/utils/statscounter.py:325]
[INFO] 2025-05-05T10:20:54.574467 Rank 0 step 230 processed 5 samples in 1.8162143230438232 s [/mnt/ioopt/appbench/apps/MLPerf-storage/dlio_benchmark/dlio_benchmark/utils/statscounter.py:325]
[INFO] 2025-05-05T10:20:54.903274 Rank 0 step 231 processed 5 samples in 0.3282794952392578 s [/mnt/ioopt/appbench/apps/MLPerf-storage/dlio_benchmark/dlio_benchmark/utils/statscounter.py:325]
[INFO] 2025-05-05T10:20:55.533657 Rank 0 step 232 processed 5 samples in 0.6299169063568115 s [/mnt/ioopt/appbench/apps/MLPerf-storage/dlio_benchmark/dlio_benchmark/utils/statscounter.py:325]
[INFO] 2025-05-05T10:21:07.622927 Rank 0 step 233 processed 5 samples in 12.08851408958435 s [/mnt/ioopt/appbench/apps/MLPerf-storage/dlio_benchmark/dlio_benchmark/utils/statscounter.py:325]
[INFO] 2025-05-05T10:21:07.952087 Rank 0 step 234 processed 5 samples in 0.3283812999725342 s [/mnt/ioopt/appbench/apps/MLPerf-storage/dlio_benchmark/dlio_benchmark/utils/statscounter.py:325]
[INFO] 2025-05-05T10:21:08.281046 Rank 0 step 235 processed 5 samples in 0.328444242477417 s [/mnt/ioopt/appbench/apps/MLPerf-storage/dlio_benchmark/dlio_benchmark/utils/statscounter.py:325]
[INFO] 2025-05-05T10:21:09.386678 Rank 0 step 236 processed 5 samples in 1.1051347255706787 s [/mnt/ioopt/appbench/apps/MLPerf-storage/dlio_benchmark/dlio_benchmark/utils/statscounter.py:325]
[INFO] 2025-05-05T10:21:13.780039 Rank 0 step 237 processed 5 samples in 4.392850160598755 s [/mnt/ioopt/appbench/apps/MLPerf-storage/dlio_benchmark/dlio_benchmark/utils/statscounter.py:325]
[INFO] 2025-05-05T10:21:14.109209 Rank 0 step 238 processed 5 samples in 0.32866430282592773 s [/mnt/ioopt/appbench/apps/MLPerf-storage/dlio_benchmark/dlio_benchmark/utils/statscounter.py:325]
[INFO] 2025-05-05T10:21:14.899824 Rank 0 step 239 processed 5 samples in 0.7901091575622559 s [/mnt/ioopt/appbench/apps/MLPerf-storage/dlio_benchmark/dlio_benchmark/utils/statscounter.py:325]
[INFO] 2025-05-05T10:21:19.200769 Rank 0 step 240 processed 5 samples in 4.300421237945557 s [/mnt/ioopt/appbench/apps/MLPerf-storage/dlio_benchmark/dlio_benchmark/utils/statscounter.py:325]
[INFO] 2025-05-05T10:21:19.530113 Rank 0 step 241 processed 5 samples in 0.32883119583129883 s [/mnt/ioopt/appbench/apps/MLPerf-storage/dlio_benchmark/dlio_benchmark/utils/statscounter.py:325]
[INFO] 2025-05-05T10:21:24.680492 Rank 0 step 242 processed 5 samples in 5.149888277053833 s [/mnt/ioopt/appbench/apps/MLPerf-storage/dlio_benchmark/dlio_benchmark/utils/statscounter.py:325]
[INFO] 2025-05-05T10:21:36.065840 Rank 0 step 243 processed 5 samples in 11.38485050201416 s [/mnt/ioopt/appbench/apps/MLPerf-storage/dlio_benchmark/dlio_benchmark/utils/statscounter.py:325]
[INFO] 2025-05-05T10:21:36.395095 Rank 0 step 244 processed 5 samples in 0.3287339210510254 s [/mnt/ioopt/appbench/apps/MLPerf-storage/dlio_benchmark/dlio_benchmark/utils/statscounter.py:325]
[INFO] 2025-05-05T10:21:36.724719 Rank 0 step 245 processed 5 samples in 0.3291141986846924 s [/mnt/ioopt/appbench/apps/MLPerf-storage/dlio_benchmark/dlio_benchmark/utils/statscounter.py:325]
[INFO] 2025-05-05T10:21:37.053501 Rank 0 step 246 processed 5 samples in 0.3282945156097412 s [/mnt/ioopt/appbench/apps/MLPerf-storage/dlio_benchmark/dlio_benchmark/utils/statscounter.py:325]
[INFO] 2025-05-05T10:21:37.382540 Rank 0 step 247 processed 5 samples in 0.32859230041503906 s [/mnt/ioopt/appbench/apps/MLPerf-storage/dlio_benchmark/dlio_benchmark/utils/statscounter.py:325]
[INFO] 2025-05-05T10:21:37.713156 Rank 0 step 248 processed 5 samples in 0.33012986183166504 s [/mnt/ioopt/appbench/apps/MLPerf-storage/dlio_benchmark/dlio_benchmark/utils/statscounter.py:325]
[INFO] 2025-05-05T10:21:38.044544 Rank 0 step 249 processed 5 samples in 0.330899715423584 s [/mnt/ioopt/appbench/apps/MLPerf-storage/dlio_benchmark/dlio_benchmark/utils/statscounter.py:325]
[INFO] 2025-05-05T10:21:43.414733 Rank 0 step 250 processed 5 samples in 5.369677543640137 s [/mnt/ioopt/appbench/apps/MLPerf-storage/dlio_benchmark/dlio_benchmark/utils/statscounter.py:325]
[INFO] 2025-05-05T10:21:43.743912 Rank 0 step 251 processed 5 samples in 0.3286397457122803 s [/mnt/ioopt/appbench/apps/MLPerf-storage/dlio_benchmark/dlio_benchmark/utils/statscounter.py:325]
[INFO] 2025-05-05T10:21:44.072633 Rank 0 step 252 processed 5 samples in 0.32820677757263184 s [/mnt/ioopt/appbench/apps/MLPerf-storage/dlio_benchmark/dlio_benchmark/utils/statscounter.py:325]
[INFO] 2025-05-05T10:21:59.958419 Rank 0 step 253 processed 5 samples in 15.88529920578003 s [/mnt/ioopt/appbench/apps/MLPerf-storage/dlio_benchmark/dlio_benchmark/utils/statscounter.py:325]
[INFO] 2025-05-05T10:22:01.475077 Rank 0 step 254 processed 5 samples in 1.516141653060913 s [/mnt/ioopt/appbench/apps/MLPerf-storage/dlio_benchmark/dlio_benchmark/utils/statscounter.py:325]
[INFO] 2025-05-05T10:22:01.803776 Rank 0 step 255 processed 5 samples in 0.3282437324523926 s [/mnt/ioopt/appbench/apps/MLPerf-storage/dlio_benchmark/dlio_benchmark/utils/statscounter.py:325]
[INFO] 2025-05-05T10:22:02.132860 Rank 0 step 256 processed 5 samples in 0.3285987377166748 s [/mnt/ioopt/appbench/apps/MLPerf-storage/dlio_benchmark/dlio_benchmark/utils/statscounter.py:325]
[INFO] 2025-05-05T10:22:02.461886 Rank 0 step 257 processed 5 samples in 0.3285553455352783 s [/mnt/ioopt/appbench/apps/MLPerf-storage/dlio_benchmark/dlio_benchmark/utils/statscounter.py:325]
[INFO] 2025-05-05T10:22:02.791433 Rank 0 step 258 processed 5 samples in 0.32909417152404785 s [/mnt/ioopt/appbench/apps/MLPerf-storage/dlio_benchmark/dlio_benchmark/utils/statscounter.py:325]
[INFO] 2025-05-05T10:22:03.120081 Rank 0 step 259 processed 5 samples in 0.32816529273986816 s [/mnt/ioopt/appbench/apps/MLPerf-storage/dlio_benchmark/dlio_benchmark/utils/statscounter.py:325]
[INFO] 2025-05-05T10:22:03.450657 Rank 0 step 260 processed 5 samples in 0.3301355838775635 s [/mnt/ioopt/appbench/apps/MLPerf-storage/dlio_benchmark/dlio_benchmark/utils/statscounter.py:325]
[INFO] 2025-05-05T10:22:05.815074 Rank 0 step 261 processed 5 samples in 2.3639228343963623 s [/mnt/ioopt/appbench/apps/MLPerf-storage/dlio_benchmark/dlio_benchmark/utils/statscounter.py:325]
[INFO] 2025-05-05T10:22:06.144025 Rank 0 step 262 processed 5 samples in 0.32848310470581055 s [/mnt/ioopt/appbench/apps/MLPerf-storage/dlio_benchmark/dlio_benchmark/utils/statscounter.py:325]
[INFO] 2025-05-05T10:22:20.274320 Rank 0 step 263 processed 5 samples in 14.129853248596191 s [/mnt/ioopt/appbench/apps/MLPerf-storage/dlio_benchmark/dlio_benchmark/utils/statscounter.py:325]
[INFO] 2025-05-05T10:22:24.373702 Rank 0 step 264 processed 5 samples in 4.09896993637085 s [/mnt/ioopt/appbench/apps/MLPerf-storage/dlio_benchmark/dlio_benchmark/utils/statscounter.py:325]
[INFO] 2025-05-05T10:22:24.702649 Rank 0 step 265 processed 5 samples in 0.3284437656402588 s [/mnt/ioopt/appbench/apps/MLPerf-storage/dlio_benchmark/dlio_benchmark/utils/statscounter.py:325]
[INFO] 2025-05-05T10:22:25.032081 Rank 0 step 266 processed 5 samples in 0.3288547992706299 s [/mnt/ioopt/appbench/apps/MLPerf-storage/dlio_benchmark/dlio_benchmark/utils/statscounter.py:325]
[INFO] 2025-05-05T10:22:25.361248 Rank 0 step 267 processed 5 samples in 0.32864952087402344 s [/mnt/ioopt/appbench/apps/MLPerf-storage/dlio_benchmark/dlio_benchmark/utils/statscounter.py:325]
[INFO] 2025-05-05T10:22:25.689955 Rank 0 step 268 processed 5 samples in 0.3282473087310791 s [/mnt/ioopt/appbench/apps/MLPerf-storage/dlio_benchmark/dlio_benchmark/utils/statscounter.py:325]
[INFO] 2025-05-05T10:22:29.052652 Rank 0 step 269 processed 5 samples in 3.3622303009033203 s [/mnt/ioopt/appbench/apps/MLPerf-storage/dlio_benchmark/dlio_benchmark/utils/statscounter.py:325]
[INFO] 2025-05-05T10:22:29.378910 Rank 0 step 270 processed 5 samples in 0.32581162452697754 s [/mnt/ioopt/appbench/apps/MLPerf-storage/dlio_benchmark/dlio_benchmark/utils/statscounter.py:325]
[INFO] 2025-05-05T10:22:29.704734 Rank 0 step 271 processed 5 samples in 0.3254966735839844 s [/mnt/ioopt/appbench/apps/MLPerf-storage/dlio_benchmark/dlio_benchmark/utils/statscounter.py:325]
[INFO] 2025-05-05T10:22:30.031928 Rank 0 step 272 processed 5 samples in 0.3266794681549072 s [/mnt/ioopt/appbench/apps/MLPerf-storage/dlio_benchmark/dlio_benchmark/utils/statscounter.py:325]
[INFO] 2025-05-05T10:22:39.865272 Rank 0 step 273 processed 5 samples in 9.832803964614868 s [/mnt/ioopt/appbench/apps/MLPerf-storage/dlio_benchmark/dlio_benchmark/utils/statscounter.py:325]
[INFO] 2025-05-05T10:22:47.515212 Rank 0 step 274 processed 5 samples in 7.649577379226685 s [/mnt/ioopt/appbench/apps/MLPerf-storage/dlio_benchmark/dlio_benchmark/utils/statscounter.py:325]
[INFO] 2025-05-05T10:22:47.841564 Rank 0 step 275 processed 5 samples in 0.3258538246154785 s [/mnt/ioopt/appbench/apps/MLPerf-storage/dlio_benchmark/dlio_benchmark/utils/statscounter.py:325]
[INFO] 2025-05-05T10:22:48.170618 Rank 0 step 276 processed 5 samples in 0.3285393714904785 s [/mnt/ioopt/appbench/apps/MLPerf-storage/dlio_benchmark/dlio_benchmark/utils/statscounter.py:325]
[INFO] 2025-05-05T10:22:48.500010 Rank 0 step 277 processed 5 samples in 0.3288428783416748 s [/mnt/ioopt/appbench/apps/MLPerf-storage/dlio_benchmark/dlio_benchmark/utils/statscounter.py:325]
[INFO] 2025-05-05T10:22:48.829019 Rank 0 step 278 processed 5 samples in 0.328524112701416 s [/mnt/ioopt/appbench/apps/MLPerf-storage/dlio_benchmark/dlio_benchmark/utils/statscounter.py:325]
[INFO] 2025-05-05T10:22:49.159061 Rank 0 step 279 processed 5 samples in 0.32956814765930176 s [/mnt/ioopt/appbench/apps/MLPerf-storage/dlio_benchmark/dlio_benchmark/utils/statscounter.py:325]
[INFO] 2025-05-05T10:22:51.506415 Rank 0 step 280 processed 5 samples in 2.347019910812378 s [/mnt/ioopt/appbench/apps/MLPerf-storage/dlio_benchmark/dlio_benchmark/utils/statscounter.py:325]
[INFO] 2025-05-05T10:22:56.165603 Rank 0 step 281 processed 5 samples in 4.6586644649505615 s [/mnt/ioopt/appbench/apps/MLPerf-storage/dlio_benchmark/dlio_benchmark/utils/statscounter.py:325]
[INFO] 2025-05-05T10:22:56.495150 Rank 0 step 282 processed 5 samples in 0.3285994529724121 s [/mnt/ioopt/appbench/apps/MLPerf-storage/dlio_benchmark/dlio_benchmark/utils/statscounter.py:325]
[INFO] 2025-05-05T10:22:58.239861 Rank 0 step 283 processed 5 samples in 1.7442893981933594 s [/mnt/ioopt/appbench/apps/MLPerf-storage/dlio_benchmark/dlio_benchmark/utils/statscounter.py:325]
[INFO] 2025-05-05T10:23:08.364004 Rank 0 step 284 processed 5 samples in 10.12364912033081 s [/mnt/ioopt/appbench/apps/MLPerf-storage/dlio_benchmark/dlio_benchmark/utils/statscounter.py:325]
[INFO] 2025-05-05T10:23:08.691126 Rank 0 step 285 processed 5 samples in 0.3266005516052246 s [/mnt/ioopt/appbench/apps/MLPerf-storage/dlio_benchmark/dlio_benchmark/utils/statscounter.py:325]
[INFO] 2025-05-05T10:23:09.017192 Rank 0 step 286 processed 5 samples in 0.3255338668823242 s [/mnt/ioopt/appbench/apps/MLPerf-storage/dlio_benchmark/dlio_benchmark/utils/statscounter.py:325]
[INFO] 2025-05-05T10:23:13.306486 Rank 0 step 287 processed 5 samples in 4.288928031921387 s [/mnt/ioopt/appbench/apps/MLPerf-storage/dlio_benchmark/dlio_benchmark/utils/statscounter.py:325]
[INFO] 2025-05-05T10:23:13.635323 Rank 0 step 288 processed 5 samples in 0.32829761505126953 s [/mnt/ioopt/appbench/apps/MLPerf-storage/dlio_benchmark/dlio_benchmark/utils/statscounter.py:325]
[INFO] 2025-05-05T10:23:16.343745 Rank 0 step 289 processed 5 samples in 2.7079036235809326 s [/mnt/ioopt/appbench/apps/MLPerf-storage/dlio_benchmark/dlio_benchmark/utils/statscounter.py:325]
[INFO] 2025-05-05T10:23:16.672717 Rank 0 step 290 processed 5 samples in 0.3284614086151123 s [/mnt/ioopt/appbench/apps/MLPerf-storage/dlio_benchmark/dlio_benchmark/utils/statscounter.py:325]
[INFO] 2025-05-05T10:23:21.638768 Rank 0 step 291 processed 5 samples in 4.965530872344971 s [/mnt/ioopt/appbench/apps/MLPerf-storage/dlio_benchmark/dlio_benchmark/utils/statscounter.py:325]
[INFO] 2025-05-05T10:23:21.964711 Rank 0 step 292 processed 5 samples in 0.3255915641784668 s [/mnt/ioopt/appbench/apps/MLPerf-storage/dlio_benchmark/dlio_benchmark/utils/statscounter.py:325]
[INFO] 2025-05-05T10:23:22.768277 Rank 0 step 293 processed 5 samples in 0.8030636310577393 s [/mnt/ioopt/appbench/apps/MLPerf-storage/dlio_benchmark/dlio_benchmark/utils/statscounter.py:325]
[INFO] 2025-05-05T10:23:26.128824 Rank 0 step 294 processed 5 samples in 3.360008478164673 s [/mnt/ioopt/appbench/apps/MLPerf-storage/dlio_benchmark/dlio_benchmark/utils/statscounter.py:325]
[INFO] 2025-05-05T10:23:29.725094 Rank 0 step 295 processed 5 samples in 3.595888614654541 s [/mnt/ioopt/appbench/apps/MLPerf-storage/dlio_benchmark/dlio_benchmark/utils/statscounter.py:325]
[INFO] 2025-05-05T10:23:32.211991 Rank 0 step 296 processed 5 samples in 2.486396551132202 s [/mnt/ioopt/appbench/apps/MLPerf-storage/dlio_benchmark/dlio_benchmark/utils/statscounter.py:325]
[INFO] 2025-05-05T10:23:33.061393 Rank 0 step 297 processed 5 samples in 0.8489196300506592 s [/mnt/ioopt/appbench/apps/MLPerf-storage/dlio_benchmark/dlio_benchmark/utils/statscounter.py:325]
[INFO] 2025-05-05T10:23:34.646407 Rank 0 step 298 processed 5 samples in 1.5845074653625488 s [/mnt/ioopt/appbench/apps/MLPerf-storage/dlio_benchmark/dlio_benchmark/utils/statscounter.py:325]
[INFO] 2025-05-05T10:23:37.184015 Rank 0 step 299 processed 5 samples in 2.5370664596557617 s [/mnt/ioopt/appbench/apps/MLPerf-storage/dlio_benchmark/dlio_benchmark/utils/statscounter.py:325]
[INFO] 2025-05-05T10:23:42.569985 Rank 0 step 300 processed 5 samples in 5.385426998138428 s [/mnt/ioopt/appbench/apps/MLPerf-storage/dlio_benchmark/dlio_benchmark/utils/statscounter.py:325]
[INFO] 2025-05-05T10:23:42.900517 Rank 0 step 301 processed 5 samples in 0.33002352714538574 s [/mnt/ioopt/appbench/apps/MLPerf-storage/dlio_benchmark/dlio_benchmark/utils/statscounter.py:325]
[INFO] 2025-05-05T10:23:49.020480 Rank 0 step 302 processed 5 samples in 6.119480609893799 s [/mnt/ioopt/appbench/apps/MLPerf-storage/dlio_benchmark/dlio_benchmark/utils/statscounter.py:325]
[INFO] 2025-05-05T10:23:49.349677 Rank 0 step 303 processed 5 samples in 0.32869625091552734 s [/mnt/ioopt/appbench/apps/MLPerf-storage/dlio_benchmark/dlio_benchmark/utils/statscounter.py:325]
[INFO] 2025-05-05T10:23:49.678563 Rank 0 step 304 processed 5 samples in 0.32840752601623535 s [/mnt/ioopt/appbench/apps/MLPerf-storage/dlio_benchmark/dlio_benchmark/utils/statscounter.py:325]
[INFO] 2025-05-05T10:23:50.289753 Rank 0 step 305 processed 5 samples in 0.6107146739959717 s [/mnt/ioopt/appbench/apps/MLPerf-storage/dlio_benchmark/dlio_benchmark/utils/statscounter.py:325]
[INFO] 2025-05-05T10:23:54.417792 Rank 0 step 306 processed 5 samples in 4.1275248527526855 s [/mnt/ioopt/appbench/apps/MLPerf-storage/dlio_benchmark/dlio_benchmark/utils/statscounter.py:325]
[INFO] 2025-05-05T10:23:56.772364 Rank 0 step 307 processed 5 samples in 2.3540616035461426 s [/mnt/ioopt/appbench/apps/MLPerf-storage/dlio_benchmark/dlio_benchmark/utils/statscounter.py:325]
[INFO] 2025-05-05T10:23:57.485452 Rank 0 step 308 processed 5 samples in 0.7125775814056396 s [/mnt/ioopt/appbench/apps/MLPerf-storage/dlio_benchmark/dlio_benchmark/utils/statscounter.py:325]
[INFO] 2025-05-05T10:23:57.814540 Rank 0 step 309 processed 5 samples in 0.3285832405090332 s [/mnt/ioopt/appbench/apps/MLPerf-storage/dlio_benchmark/dlio_benchmark/utils/statscounter.py:325]
[INFO] 2025-05-05T10:24:07.044731 Rank 0 step 310 processed 5 samples in 9.229777812957764 s [/mnt/ioopt/appbench/apps/MLPerf-storage/dlio_benchmark/dlio_benchmark/utils/statscounter.py:325]
[INFO] 2025-05-05T10:24:07.373504 Rank 0 step 311 processed 5 samples in 0.3282814025878906 s [/mnt/ioopt/appbench/apps/MLPerf-storage/dlio_benchmark/dlio_benchmark/utils/statscounter.py:325]
[INFO] 2025-05-05T10:24:09.192093 Rank 0 step 312 processed 5 samples in 1.8181259632110596 s [/mnt/ioopt/appbench/apps/MLPerf-storage/dlio_benchmark/dlio_benchmark/utils/statscounter.py:325]
[INFO] 2025-05-05T10:24:11.459781 Rank 0 step 313 processed 5 samples in 2.267214059829712 s [/mnt/ioopt/appbench/apps/MLPerf-storage/dlio_benchmark/dlio_benchmark/utils/statscounter.py:325]
[INFO] 2025-05-05T10:24:13.059064 Rank 0 step 314 processed 5 samples in 1.5987396240234375 s [/mnt/ioopt/appbench/apps/MLPerf-storage/dlio_benchmark/dlio_benchmark/utils/statscounter.py:325]
[INFO] 2025-05-05T10:24:13.437567 Rank 0 step 315 processed 5 samples in 0.3308439254760742 s [/mnt/ioopt/appbench/apps/MLPerf-storage/dlio_benchmark/dlio_benchmark/utils/statscounter.py:325]
[INFO] 2025-05-05T10:24:21.683464 Rank 0 step 316 processed 5 samples in 8.245176553726196 s [/mnt/ioopt/appbench/apps/MLPerf-storage/dlio_benchmark/dlio_benchmark/utils/statscounter.py:325]
[INFO] 2025-05-05T10:24:24.758143 Rank 0 step 317 processed 5 samples in 3.0741729736328125 s [/mnt/ioopt/appbench/apps/MLPerf-storage/dlio_benchmark/dlio_benchmark/utils/statscounter.py:325]
[INFO] 2025-05-05T10:24:25.087097 Rank 0 step 318 processed 5 samples in 0.3284592628479004 s [/mnt/ioopt/appbench/apps/MLPerf-storage/dlio_benchmark/dlio_benchmark/utils/statscounter.py:325]
[INFO] 2025-05-05T10:24:25.415875 Rank 0 step 319 processed 5 samples in 0.3283264636993408 s [/mnt/ioopt/appbench/apps/MLPerf-storage/dlio_benchmark/dlio_benchmark/utils/statscounter.py:325]
[INFO] 2025-05-05T10:24:29.004465 Rank 0 step 320 processed 5 samples in 3.588164806365967 s [/mnt/ioopt/appbench/apps/MLPerf-storage/dlio_benchmark/dlio_benchmark/utils/statscounter.py:325]
[INFO] 2025-05-05T10:24:31.753376 Rank 0 step 321 processed 5 samples in 2.748431921005249 s [/mnt/ioopt/appbench/apps/MLPerf-storage/dlio_benchmark/dlio_benchmark/utils/statscounter.py:325]
[INFO] 2025-05-05T10:24:32.082373 Rank 0 step 322 processed 5 samples in 0.3285501003265381 s [/mnt/ioopt/appbench/apps/MLPerf-storage/dlio_benchmark/dlio_benchmark/utils/statscounter.py:325]
[INFO] 2025-05-05T10:24:37.909693 Rank 0 step 323 processed 5 samples in 5.826866865158081 s [/mnt/ioopt/appbench/apps/MLPerf-storage/dlio_benchmark/dlio_benchmark/utils/statscounter.py:325]
[INFO] 2025-05-05T10:24:38.238709 Rank 0 step 324 processed 5 samples in 0.32855677604675293 s [/mnt/ioopt/appbench/apps/MLPerf-storage/dlio_benchmark/dlio_benchmark/utils/statscounter.py:325]
[INFO] 2025-05-05T10:24:38.567698 Rank 0 step 325 processed 5 samples in 0.32849764823913574 s [/mnt/ioopt/appbench/apps/MLPerf-storage/dlio_benchmark/dlio_benchmark/utils/statscounter.py:325]
[INFO] 2025-05-05T10:24:38.898984 Rank 0 step 326 processed 5 samples in 0.3308846950531006 s [/mnt/ioopt/appbench/apps/MLPerf-storage/dlio_benchmark/dlio_benchmark/utils/statscounter.py:325]
[INFO] 2025-05-05T10:24:47.319928 Rank 0 step 327 processed 5 samples in 8.420400857925415 s [/mnt/ioopt/appbench/apps/MLPerf-storage/dlio_benchmark/dlio_benchmark/utils/statscounter.py:325]
[INFO] 2025-05-05T10:24:47.645746 Rank 0 step 328 processed 5 samples in 0.3254740238189697 s [/mnt/ioopt/appbench/apps/MLPerf-storage/dlio_benchmark/dlio_benchmark/utils/statscounter.py:325]
[INFO] 2025-05-05T10:24:51.881922 Rank 0 step 329 processed 5 samples in 4.235659837722778 s [/mnt/ioopt/appbench/apps/MLPerf-storage/dlio_benchmark/dlio_benchmark/utils/statscounter.py:325]
[INFO] 2025-05-05T10:24:52.211399 Rank 0 step 330 processed 5 samples in 0.32892894744873047 s [/mnt/ioopt/appbench/apps/MLPerf-storage/dlio_benchmark/dlio_benchmark/utils/statscounter.py:325]
[INFO] 2025-05-05T10:24:52.540256 Rank 0 step 331 processed 5 samples in 0.3283514976501465 s [/mnt/ioopt/appbench/apps/MLPerf-storage/dlio_benchmark/dlio_benchmark/utils/statscounter.py:325]
[INFO] 2025-05-05T10:24:54.876395 Rank 0 step 332 processed 5 samples in 2.3356773853302 s [/mnt/ioopt/appbench/apps/MLPerf-storage/dlio_benchmark/dlio_benchmark/utils/statscounter.py:325]
[INFO] 2025-05-05T10:24:56.559890 Rank 0 step 333 processed 5 samples in 1.6829988956451416 s [/mnt/ioopt/appbench/apps/MLPerf-storage/dlio_benchmark/dlio_benchmark/utils/statscounter.py:325]
[INFO] 2025-05-05T10:24:57.916363 Rank 0 step 334 processed 5 samples in 1.3559207916259766 s [/mnt/ioopt/appbench/apps/MLPerf-storage/dlio_benchmark/dlio_benchmark/utils/statscounter.py:325]
[INFO] 2025-05-05T10:25:02.722556 Rank 0 step 335 processed 5 samples in 4.805651664733887 s [/mnt/ioopt/appbench/apps/MLPerf-storage/dlio_benchmark/dlio_benchmark/utils/statscounter.py:325]
[INFO] 2025-05-05T10:25:07.816342 Rank 0 step 336 processed 5 samples in 5.093355178833008 s [/mnt/ioopt/appbench/apps/MLPerf-storage/dlio_benchmark/dlio_benchmark/utils/statscounter.py:325]
[INFO] 2025-05-05T10:25:13.020289 Rank 0 step 337 processed 5 samples in 5.203389406204224 s [/mnt/ioopt/appbench/apps/MLPerf-storage/dlio_benchmark/dlio_benchmark/utils/statscounter.py:325]
[INFO] 2025-05-05T10:25:13.349322 Rank 0 step 338 processed 5 samples in 0.32851338386535645 s [/mnt/ioopt/appbench/apps/MLPerf-storage/dlio_benchmark/dlio_benchmark/utils/statscounter.py:325]
[INFO] 2025-05-05T10:25:13.677459 Rank 0 step 339 processed 5 samples in 0.3276336193084717 s [/mnt/ioopt/appbench/apps/MLPerf-storage/dlio_benchmark/dlio_benchmark/utils/statscounter.py:325]
[INFO] 2025-05-05T10:25:16.407597 Rank 0 step 340 processed 5 samples in 2.7296061515808105 s [/mnt/ioopt/appbench/apps/MLPerf-storage/dlio_benchmark/dlio_benchmark/utils/statscounter.py:325]
[INFO] 2025-05-05T10:25:16.736518 Rank 0 step 341 processed 5 samples in 0.3284149169921875 s [/mnt/ioopt/appbench/apps/MLPerf-storage/dlio_benchmark/dlio_benchmark/utils/statscounter.py:325]
[INFO] 2025-05-05T10:25:18.198542 Rank 0 step 342 processed 5 samples in 1.4615426063537598 s [/mnt/ioopt/appbench/apps/MLPerf-storage/dlio_benchmark/dlio_benchmark/utils/statscounter.py:325]
[INFO] 2025-05-05T10:25:18.527854 Rank 0 step 343 processed 5 samples in 0.32875800132751465 s [/mnt/ioopt/appbench/apps/MLPerf-storage/dlio_benchmark/dlio_benchmark/utils/statscounter.py:325]
[INFO] 2025-05-05T10:25:18.856659 Rank 0 step 344 processed 5 samples in 0.3283255100250244 s [/mnt/ioopt/appbench/apps/MLPerf-storage/dlio_benchmark/dlio_benchmark/utils/statscounter.py:325]
[INFO] 2025-05-05T10:25:24.495540 Rank 0 step 345 processed 5 samples in 5.6383912563323975 s [/mnt/ioopt/appbench/apps/MLPerf-storage/dlio_benchmark/dlio_benchmark/utils/statscounter.py:325]
[INFO] 2025-05-05T10:25:33.049453 Rank 0 step 346 processed 5 samples in 8.553382396697998 s [/mnt/ioopt/appbench/apps/MLPerf-storage/dlio_benchmark/dlio_benchmark/utils/statscounter.py:325]
[INFO] 2025-05-05T10:25:33.381607 Rank 0 step 347 processed 5 samples in 0.3316078186035156 s [/mnt/ioopt/appbench/apps/MLPerf-storage/dlio_benchmark/dlio_benchmark/utils/statscounter.py:325]
[INFO] 2025-05-05T10:25:33.708476 Rank 0 step 348 processed 5 samples in 0.3263664245605469 s [/mnt/ioopt/appbench/apps/MLPerf-storage/dlio_benchmark/dlio_benchmark/utils/statscounter.py:325]
[INFO] 2025-05-05T10:25:36.809631 Rank 0 step 349 processed 5 samples in 3.1006743907928467 s [/mnt/ioopt/appbench/apps/MLPerf-storage/dlio_benchmark/dlio_benchmark/utils/statscounter.py:325]
[INFO] 2025-05-05T10:25:37.139318 Rank 0 step 350 processed 5 samples in 0.32915329933166504 s [/mnt/ioopt/appbench/apps/MLPerf-storage/dlio_benchmark/dlio_benchmark/utils/statscounter.py:325]
[INFO] 2025-05-05T10:25:37.468003 Rank 0 step 351 processed 5 samples in 0.3281710147857666 s [/mnt/ioopt/appbench/apps/MLPerf-storage/dlio_benchmark/dlio_benchmark/utils/statscounter.py:325]
[INFO] 2025-05-05T10:25:37.796876 Rank 0 step 352 processed 5 samples in 0.3284289836883545 s [/mnt/ioopt/appbench/apps/MLPerf-storage/dlio_benchmark/dlio_benchmark/utils/statscounter.py:325]
[INFO] 2025-05-05T10:25:44.771700 Rank 0 step 353 processed 5 samples in 6.974366664886475 s [/mnt/ioopt/appbench/apps/MLPerf-storage/dlio_benchmark/dlio_benchmark/utils/statscounter.py:325]
[INFO] 2025-05-05T10:25:45.100949 Rank 0 step 354 processed 5 samples in 0.32866644859313965 s [/mnt/ioopt/appbench/apps/MLPerf-storage/dlio_benchmark/dlio_benchmark/utils/statscounter.py:325]
[INFO] 2025-05-05T10:25:50.177045 Rank 0 step 355 processed 5 samples in 5.075568199157715 s [/mnt/ioopt/appbench/apps/MLPerf-storage/dlio_benchmark/dlio_benchmark/utils/statscounter.py:325]
[INFO] 2025-05-05T10:25:54.394694 Rank 0 step 356 processed 5 samples in 4.114007234573364 s [/mnt/ioopt/appbench/apps/MLPerf-storage/dlio_benchmark/dlio_benchmark/utils/statscounter.py:325]
[INFO] 2025-05-05T10:25:54.723927 Rank 0 step 357 processed 5 samples in 0.3286781311035156 s [/mnt/ioopt/appbench/apps/MLPerf-storage/dlio_benchmark/dlio_benchmark/utils/statscounter.py:325]
[INFO] 2025-05-05T10:25:56.548186 Rank 0 step 358 processed 5 samples in 1.8237388134002686 s [/mnt/ioopt/appbench/apps/MLPerf-storage/dlio_benchmark/dlio_benchmark/utils/statscounter.py:325]
[INFO] 2025-05-05T10:26:02.255860 Rank 0 step 359 processed 5 samples in 5.707135200500488 s [/mnt/ioopt/appbench/apps/MLPerf-storage/dlio_benchmark/dlio_benchmark/utils/statscounter.py:325]
[INFO] 2025-05-05T10:26:02.586642 Rank 0 step 360 processed 5 samples in 0.330244779586792 s [/mnt/ioopt/appbench/apps/MLPerf-storage/dlio_benchmark/dlio_benchmark/utils/statscounter.py:325]
[INFO] 2025-05-05T10:26:02.915993 Rank 0 step 361 processed 5 samples in 0.32880401611328125 s [/mnt/ioopt/appbench/apps/MLPerf-storage/dlio_benchmark/dlio_benchmark/utils/statscounter.py:325]
[INFO] 2025-05-05T10:26:03.245033 Rank 0 step 362 processed 5 samples in 0.32851481437683105 s [/mnt/ioopt/appbench/apps/MLPerf-storage/dlio_benchmark/dlio_benchmark/utils/statscounter.py:325]
[INFO] 2025-05-05T10:26:04.712587 Rank 0 step 363 processed 5 samples in 1.4670329093933105 s [/mnt/ioopt/appbench/apps/MLPerf-storage/dlio_benchmark/dlio_benchmark/utils/statscounter.py:325]
[INFO] 2025-05-05T10:26:05.997860 Rank 0 step 364 processed 5 samples in 1.2847459316253662 s [/mnt/ioopt/appbench/apps/MLPerf-storage/dlio_benchmark/dlio_benchmark/utils/statscounter.py:325]
[INFO] 2025-05-05T10:26:12.513499 Rank 0 step 365 processed 5 samples in 6.51524543762207 s [/mnt/ioopt/appbench/apps/MLPerf-storage/dlio_benchmark/dlio_benchmark/utils/statscounter.py:325]
[INFO] 2025-05-05T10:26:18.888433 Rank 0 step 366 processed 5 samples in 6.3746418952941895 s [/mnt/ioopt/appbench/apps/MLPerf-storage/dlio_benchmark/dlio_benchmark/utils/statscounter.py:325]
[INFO] 2025-05-05T10:26:19.217656 Rank 0 step 367 processed 5 samples in 0.3287198543548584 s [/mnt/ioopt/appbench/apps/MLPerf-storage/dlio_benchmark/dlio_benchmark/utils/statscounter.py:325]
[INFO] 2025-05-05T10:26:19.546857 Rank 0 step 368 processed 5 samples in 0.328690767288208 s [/mnt/ioopt/appbench/apps/MLPerf-storage/dlio_benchmark/dlio_benchmark/utils/statscounter.py:325]
[INFO] 2025-05-05T10:26:26.503219 Rank 0 step 369 processed 5 samples in 6.955865144729614 s [/mnt/ioopt/appbench/apps/MLPerf-storage/dlio_benchmark/dlio_benchmark/utils/statscounter.py:325]
[INFO] 2025-05-05T10:26:29.016076 Rank 0 step 370 processed 5 samples in 2.5123391151428223 s [/mnt/ioopt/appbench/apps/MLPerf-storage/dlio_benchmark/dlio_benchmark/utils/statscounter.py:325]
[INFO] 2025-05-05T10:26:29.345234 Rank 0 step 371 processed 5 samples in 0.32865262031555176 s [/mnt/ioopt/appbench/apps/MLPerf-storage/dlio_benchmark/dlio_benchmark/utils/statscounter.py:325]
[INFO] 2025-05-05T10:26:29.674002 Rank 0 step 372 processed 5 samples in 0.328291654586792 s [/mnt/ioopt/appbench/apps/MLPerf-storage/dlio_benchmark/dlio_benchmark/utils/statscounter.py:325]
[INFO] 2025-05-05T10:26:30.003186 Rank 0 step 373 processed 5 samples in 0.3287200927734375 s [/mnt/ioopt/appbench/apps/MLPerf-storage/dlio_benchmark/dlio_benchmark/utils/statscounter.py:325]
[INFO] 2025-05-05T10:26:30.331925 Rank 0 step 374 processed 5 samples in 0.32827091217041016 s [/mnt/ioopt/appbench/apps/MLPerf-storage/dlio_benchmark/dlio_benchmark/utils/statscounter.py:325]
[INFO] 2025-05-05T10:26:30.661009 Rank 0 step 375 processed 5 samples in 0.3286120891571045 s [/mnt/ioopt/appbench/apps/MLPerf-storage/dlio_benchmark/dlio_benchmark/utils/statscounter.py:325]
[INFO] 2025-05-05T10:26:42.023048 Rank 0 step 376 processed 5 samples in 11.361552953720093 s [/mnt/ioopt/appbench/apps/MLPerf-storage/dlio_benchmark/dlio_benchmark/utils/statscounter.py:325]
[INFO] 2025-05-05T10:26:44.680676 Rank 0 step 377 processed 5 samples in 2.6571078300476074 s [/mnt/ioopt/appbench/apps/MLPerf-storage/dlio_benchmark/dlio_benchmark/utils/statscounter.py:325]
[INFO] 2025-05-05T10:26:45.009803 Rank 0 step 378 processed 5 samples in 0.32859063148498535 s [/mnt/ioopt/appbench/apps/MLPerf-storage/dlio_benchmark/dlio_benchmark/utils/statscounter.py:325]
[INFO] 2025-05-05T10:26:45.338954 Rank 0 step 379 processed 5 samples in 0.32863426208496094 s [/mnt/ioopt/appbench/apps/MLPerf-storage/dlio_benchmark/dlio_benchmark/utils/statscounter.py:325]
[INFO] 2025-05-05T10:26:51.237458 Rank 0 step 380 processed 5 samples in 5.8980371952056885 s [/mnt/ioopt/appbench/apps/MLPerf-storage/dlio_benchmark/dlio_benchmark/utils/statscounter.py:325]
[INFO] 2025-05-05T10:26:51.566366 Rank 0 step 381 processed 5 samples in 0.32840514183044434 s [/mnt/ioopt/appbench/apps/MLPerf-storage/dlio_benchmark/dlio_benchmark/utils/statscounter.py:325]
[INFO] 2025-05-05T10:26:51.895078 Rank 0 step 382 processed 5 samples in 0.32825756072998047 s [/mnt/ioopt/appbench/apps/MLPerf-storage/dlio_benchmark/dlio_benchmark/utils/statscounter.py:325]
[INFO] 2025-05-05T10:26:52.223952 Rank 0 step 383 processed 5 samples in 0.32843708992004395 s [/mnt/ioopt/appbench/apps/MLPerf-storage/dlio_benchmark/dlio_benchmark/utils/statscounter.py:325]
[INFO] 2025-05-05T10:26:52.552628 Rank 0 step 384 processed 5 samples in 0.32823777198791504 s [/mnt/ioopt/appbench/apps/MLPerf-storage/dlio_benchmark/dlio_benchmark/utils/statscounter.py:325]
[INFO] 2025-05-05T10:26:52.883903 Rank 0 step 385 processed 5 samples in 0.33085203170776367 s [/mnt/ioopt/appbench/apps/MLPerf-storage/dlio_benchmark/dlio_benchmark/utils/statscounter.py:325]
[INFO] 2025-05-05T10:26:59.978941 Rank 0 step 386 processed 5 samples in 7.094505071640015 s [/mnt/ioopt/appbench/apps/MLPerf-storage/dlio_benchmark/dlio_benchmark/utils/statscounter.py:325]
[INFO] 2025-05-05T10:27:05.496432 Rank 0 step 387 processed 5 samples in 5.516918182373047 s [/mnt/ioopt/appbench/apps/MLPerf-storage/dlio_benchmark/dlio_benchmark/utils/statscounter.py:325]
[INFO] 2025-05-05T10:27:05.825250 Rank 0 step 388 processed 5 samples in 0.32831597328186035 s [/mnt/ioopt/appbench/apps/MLPerf-storage/dlio_benchmark/dlio_benchmark/utils/statscounter.py:325]
[INFO] 2025-05-05T10:27:06.155190 Rank 0 step 389 processed 5 samples in 0.3294661045074463 s [/mnt/ioopt/appbench/apps/MLPerf-storage/dlio_benchmark/dlio_benchmark/utils/statscounter.py:325]
[INFO] 2025-05-05T10:27:10.733531 Rank 0 step 390 processed 5 samples in 4.57780909538269 s [/mnt/ioopt/appbench/apps/MLPerf-storage/dlio_benchmark/dlio_benchmark/utils/statscounter.py:325]
[INFO] 2025-05-05T10:27:14.370101 Rank 0 step 391 processed 5 samples in 3.636057138442993 s [/mnt/ioopt/appbench/apps/MLPerf-storage/dlio_benchmark/dlio_benchmark/utils/statscounter.py:325]
[INFO] 2025-05-05T10:27:14.700274 Rank 0 step 392 processed 5 samples in 0.32970166206359863 s [/mnt/ioopt/appbench/apps/MLPerf-storage/dlio_benchmark/dlio_benchmark/utils/statscounter.py:325]
[INFO] 2025-05-05T10:27:15.029154 Rank 0 step 393 processed 5 samples in 0.3284318447113037 s [/mnt/ioopt/appbench/apps/MLPerf-storage/dlio_benchmark/dlio_benchmark/utils/statscounter.py:325]
[INFO] 2025-05-05T10:27:15.357646 Rank 0 step 394 processed 5 samples in 0.3280830383300781 s [/mnt/ioopt/appbench/apps/MLPerf-storage/dlio_benchmark/dlio_benchmark/utils/statscounter.py:325]
[INFO] 2025-05-05T10:27:15.692041 Rank 0 step 395 processed 5 samples in 0.3338630199432373 s [/mnt/ioopt/appbench/apps/MLPerf-storage/dlio_benchmark/dlio_benchmark/utils/statscounter.py:325]
[INFO] 2025-05-05T10:27:16.021517 Rank 0 step 396 processed 5 samples in 0.3283836841583252 s [/mnt/ioopt/appbench/apps/MLPerf-storage/dlio_benchmark/dlio_benchmark/utils/statscounter.py:325]
[INFO] 2025-05-05T10:27:19.645517 Rank 0 step 397 processed 5 samples in 3.6235358715057373 s [/mnt/ioopt/appbench/apps/MLPerf-storage/dlio_benchmark/dlio_benchmark/utils/statscounter.py:325]
[INFO] 2025-05-05T10:27:20.222275 Rank 0 step 398 processed 5 samples in 0.5762991905212402 s [/mnt/ioopt/appbench/apps/MLPerf-storage/dlio_benchmark/dlio_benchmark/utils/statscounter.py:325]
[INFO] 2025-05-05T10:27:20.550946 Rank 0 step 399 processed 5 samples in 0.32819700241088867 s [/mnt/ioopt/appbench/apps/MLPerf-storage/dlio_benchmark/dlio_benchmark/utils/statscounter.py:325]
[INFO] 2025-05-05T10:27:21.927131 Rank 0 step 400 processed 5 samples in 1.3757646083831787 s [/mnt/ioopt/appbench/apps/MLPerf-storage/dlio_benchmark/dlio_benchmark/utils/statscounter.py:325]
[INFO] 2025-05-05T10:27:21.927680 Maximum number of steps reached [/mnt/ioopt/appbench/apps/MLPerf-storage/dlio_benchmark/dlio_benchmark/main.py:293]
[INFO] 2025-05-05T10:27:21.930058 Ending block 1 - 400 steps completed in 945.74 s [/mnt/ioopt/appbench/apps/MLPerf-storage/dlio_benchmark/dlio_benchmark/utils/statscounter.py:282]
[INFO] 2025-05-05T10:27:21.954300 Epoch 1 - Block 1 [Training] Accelerator Utilization [AU] (%): 13.9862 [/mnt/ioopt/appbench/apps/MLPerf-storage/dlio_benchmark/dlio_benchmark/utils/statscounter.py:285]
[INFO] 2025-05-05T10:27:21.954419 Epoch 1 - Block 1 [Training] Throughput (samples/second): 2.1148 [/mnt/ioopt/appbench/apps/MLPerf-storage/dlio_benchmark/dlio_benchmark/utils/statscounter.py:286]
[INFO] 2025-05-05T10:27:21.956136 Ending epoch 1 - 400 steps completed in 945.80 s [/mnt/ioopt/appbench/apps/MLPerf-storage/dlio_benchmark/dlio_benchmark/utils/statscounter.py:225]
[INFO] 2025-05-05T10:27:21.963473 Saved outputs in /mnt/ioopt/appbench/apps/MLPerf-storage/resultsdir/RUN_5/batch_size_5_num_threads_10 [/mnt/ioopt/appbench/apps/MLPerf-storage/dlio_benchmark/dlio_benchmark/utils/statscounter.py:171]
[INFO] Averaged metric over all epochs
[METRIC] ==========================================================
[METRIC] Number of Simulated Accelerators: 1 
[METRIC] Training Accelerator Utilization [AU] (%): 13.9862 (0.0000)
[METRIC] Training Throughput (samples/second): 2.1148 (0.0000)
[METRIC] Training I/O Throughput (MB/second): 295.6624 (0.0000)
[METRIC] train_au_meet_expectation: fail
[METRIC] ==========================================================
 [/mnt/ioopt/appbench/apps/MLPerf-storage/dlio_benchmark/dlio_benchmark/utils/statscounter.py:185]
[INFO] 2025-05-05T10:27:21.970324 outputs saved in RANKID_output.json [/mnt/ioopt/appbench/apps/MLPerf-storage/dlio_benchmark/dlio_benchmark/utils/statscounter.py:378]
