[INFO] 2025-05-05T17:45:05.599230 Profiling DLIO /mnt/ioopt/appbench/apps/MLPerf-storage/resultsdir/RUN_6/batch_size_5_num_threads_16/trace-0-of-1.pfw [/mnt/ioopt/appbench/apps/MLPerf-storage/dlio_benchmark/dlio_benchmark/utils/config.py:189]
[INFO] 2025-05-05T17:45:05.599938 Running DLIO with 1 process(es) [/mnt/ioopt/appbench/apps/MLPerf-storage/dlio_benchmark/dlio_benchmark/main.py:100]
[INFO] Total amount of data each host will consume is 273.064948618412 GB; each host has [np.float64(187.5592384338379)] GB memory [/mnt/ioopt/appbench/apps/MLPerf-storage/dlio_benchmark/dlio_benchmark/utils/statscounter.py:121]
[INFO] 2025-05-05T17:45:21.999749 Max steps per epoch: 400 = 1 * 2000 / 5 / 1 (samples per file * num files / batch size / comm size) [/mnt/ioopt/appbench/apps/MLPerf-storage/dlio_benchmark/dlio_benchmark/main.py:321]
[INFO] 2025-05-05T17:45:22.152298 Starting epoch 1: 400 steps expected [/mnt/ioopt/appbench/apps/MLPerf-storage/dlio_benchmark/dlio_benchmark/utils/statscounter.py:192]
[INFO] 2025-05-05T17:45:22.184552 Starting block 1 [/mnt/ioopt/appbench/apps/MLPerf-storage/dlio_benchmark/dlio_benchmark/utils/statscounter.py:264]
[INFO] 2025-05-05T17:46:00.576994 Rank 0 step 1 processed 5 samples in 38.39223623275757 s [/mnt/ioopt/appbench/apps/MLPerf-storage/dlio_benchmark/dlio_benchmark/utils/statscounter.py:325]
[INFO] 2025-05-05T17:46:01.181985 Rank 0 step 2 processed 5 samples in 0.6039214134216309 s [/mnt/ioopt/appbench/apps/MLPerf-storage/dlio_benchmark/dlio_benchmark/utils/statscounter.py:325]
[INFO] 2025-05-05T17:46:03.445271 Rank 0 step 3 processed 5 samples in 2.262687921524048 s [/mnt/ioopt/appbench/apps/MLPerf-storage/dlio_benchmark/dlio_benchmark/utils/statscounter.py:325]
[INFO] 2025-05-05T17:46:03.774211 Rank 0 step 4 processed 5 samples in 0.32847023010253906 s [/mnt/ioopt/appbench/apps/MLPerf-storage/dlio_benchmark/dlio_benchmark/utils/statscounter.py:325]
[INFO] 2025-05-05T17:46:04.102956 Rank 0 step 5 processed 5 samples in 0.3283116817474365 s [/mnt/ioopt/appbench/apps/MLPerf-storage/dlio_benchmark/dlio_benchmark/utils/statscounter.py:325]
[INFO] 2025-05-05T17:46:04.436287 Rank 0 step 6 processed 5 samples in 0.33287858963012695 s [/mnt/ioopt/appbench/apps/MLPerf-storage/dlio_benchmark/dlio_benchmark/utils/statscounter.py:325]
[INFO] 2025-05-05T17:46:04.764995 Rank 0 step 7 processed 5 samples in 0.3282444477081299 s [/mnt/ioopt/appbench/apps/MLPerf-storage/dlio_benchmark/dlio_benchmark/utils/statscounter.py:325]
[INFO] 2025-05-05T17:46:05.094325 Rank 0 step 8 processed 5 samples in 0.32889342308044434 s [/mnt/ioopt/appbench/apps/MLPerf-storage/dlio_benchmark/dlio_benchmark/utils/statscounter.py:325]
[INFO] 2025-05-05T17:46:05.422915 Rank 0 step 9 processed 5 samples in 0.3281378746032715 s [/mnt/ioopt/appbench/apps/MLPerf-storage/dlio_benchmark/dlio_benchmark/utils/statscounter.py:325]
[INFO] 2025-05-05T17:46:05.748630 Rank 0 step 10 processed 5 samples in 0.3254358768463135 s [/mnt/ioopt/appbench/apps/MLPerf-storage/dlio_benchmark/dlio_benchmark/utils/statscounter.py:325]
[INFO] 2025-05-05T17:46:06.076306 Rank 0 step 11 processed 5 samples in 0.32721924781799316 s [/mnt/ioopt/appbench/apps/MLPerf-storage/dlio_benchmark/dlio_benchmark/utils/statscounter.py:325]
[INFO] 2025-05-05T17:46:06.404740 Rank 0 step 12 processed 5 samples in 0.32805824279785156 s [/mnt/ioopt/appbench/apps/MLPerf-storage/dlio_benchmark/dlio_benchmark/utils/statscounter.py:325]
[INFO] 2025-05-05T17:46:06.736671 Rank 0 step 13 processed 5 samples in 0.3314807415008545 s [/mnt/ioopt/appbench/apps/MLPerf-storage/dlio_benchmark/dlio_benchmark/utils/statscounter.py:325]
[INFO] 2025-05-05T17:46:07.065502 Rank 0 step 14 processed 5 samples in 0.3283662796020508 s [/mnt/ioopt/appbench/apps/MLPerf-storage/dlio_benchmark/dlio_benchmark/utils/statscounter.py:325]
[INFO] 2025-05-05T17:46:07.393162 Rank 0 step 15 processed 5 samples in 0.32733893394470215 s [/mnt/ioopt/appbench/apps/MLPerf-storage/dlio_benchmark/dlio_benchmark/utils/statscounter.py:325]
[INFO] 2025-05-05T17:46:07.722828 Rank 0 step 16 processed 5 samples in 0.3292117118835449 s [/mnt/ioopt/appbench/apps/MLPerf-storage/dlio_benchmark/dlio_benchmark/utils/statscounter.py:325]
[INFO] 2025-05-05T17:46:27.421140 Rank 0 step 17 processed 5 samples in 19.697773933410645 s [/mnt/ioopt/appbench/apps/MLPerf-storage/dlio_benchmark/dlio_benchmark/utils/statscounter.py:325]
[INFO] 2025-05-05T17:46:35.334207 Rank 0 step 18 processed 5 samples in 7.912588357925415 s [/mnt/ioopt/appbench/apps/MLPerf-storage/dlio_benchmark/dlio_benchmark/utils/statscounter.py:325]
[INFO] 2025-05-05T17:46:42.146619 Rank 0 step 19 processed 5 samples in 6.811929702758789 s [/mnt/ioopt/appbench/apps/MLPerf-storage/dlio_benchmark/dlio_benchmark/utils/statscounter.py:325]
[INFO] 2025-05-05T17:46:42.475479 Rank 0 step 20 processed 5 samples in 0.32836341857910156 s [/mnt/ioopt/appbench/apps/MLPerf-storage/dlio_benchmark/dlio_benchmark/utils/statscounter.py:325]
[INFO] 2025-05-05T17:46:42.804293 Rank 0 step 21 processed 5 samples in 0.3283669948577881 s [/mnt/ioopt/appbench/apps/MLPerf-storage/dlio_benchmark/dlio_benchmark/utils/statscounter.py:325]
[INFO] 2025-05-05T17:46:43.730906 Rank 0 step 22 processed 5 samples in 0.9261665344238281 s [/mnt/ioopt/appbench/apps/MLPerf-storage/dlio_benchmark/dlio_benchmark/utils/statscounter.py:325]
[INFO] 2025-05-05T17:46:44.060079 Rank 0 step 23 processed 5 samples in 0.3286778926849365 s [/mnt/ioopt/appbench/apps/MLPerf-storage/dlio_benchmark/dlio_benchmark/utils/statscounter.py:325]
[INFO] 2025-05-05T17:46:44.387980 Rank 0 step 24 processed 5 samples in 0.32744383811950684 s [/mnt/ioopt/appbench/apps/MLPerf-storage/dlio_benchmark/dlio_benchmark/utils/statscounter.py:325]
[INFO] 2025-05-05T17:46:44.717513 Rank 0 step 25 processed 5 samples in 0.3290705680847168 s [/mnt/ioopt/appbench/apps/MLPerf-storage/dlio_benchmark/dlio_benchmark/utils/statscounter.py:325]
[INFO] 2025-05-05T17:46:45.047094 Rank 0 step 26 processed 5 samples in 0.32912254333496094 s [/mnt/ioopt/appbench/apps/MLPerf-storage/dlio_benchmark/dlio_benchmark/utils/statscounter.py:325]
[INFO] 2025-05-05T17:46:45.399189 Rank 0 step 27 processed 5 samples in 0.35164356231689453 s [/mnt/ioopt/appbench/apps/MLPerf-storage/dlio_benchmark/dlio_benchmark/utils/statscounter.py:325]
[INFO] 2025-05-05T17:46:45.728005 Rank 0 step 28 processed 5 samples in 0.3283560276031494 s [/mnt/ioopt/appbench/apps/MLPerf-storage/dlio_benchmark/dlio_benchmark/utils/statscounter.py:325]
[INFO] 2025-05-05T17:46:48.504715 Rank 0 step 29 processed 5 samples in 2.7762739658355713 s [/mnt/ioopt/appbench/apps/MLPerf-storage/dlio_benchmark/dlio_benchmark/utils/statscounter.py:325]
[INFO] 2025-05-05T17:46:49.457741 Rank 0 step 30 processed 5 samples in 0.952472448348999 s [/mnt/ioopt/appbench/apps/MLPerf-storage/dlio_benchmark/dlio_benchmark/utils/statscounter.py:325]
[INFO] 2025-05-05T17:46:49.786653 Rank 0 step 31 processed 5 samples in 0.3283722400665283 s [/mnt/ioopt/appbench/apps/MLPerf-storage/dlio_benchmark/dlio_benchmark/utils/statscounter.py:325]
[INFO] 2025-05-05T17:46:51.240348 Rank 0 step 32 processed 5 samples in 1.4532511234283447 s [/mnt/ioopt/appbench/apps/MLPerf-storage/dlio_benchmark/dlio_benchmark/utils/statscounter.py:325]
[INFO] 2025-05-05T17:47:05.159050 Rank 0 step 33 processed 5 samples in 13.918220281600952 s [/mnt/ioopt/appbench/apps/MLPerf-storage/dlio_benchmark/dlio_benchmark/utils/statscounter.py:325]
[INFO] 2025-05-05T17:47:15.400659 Rank 0 step 34 processed 5 samples in 10.240836381912231 s [/mnt/ioopt/appbench/apps/MLPerf-storage/dlio_benchmark/dlio_benchmark/utils/statscounter.py:325]
[INFO] 2025-05-05T17:47:25.933098 Rank 0 step 35 processed 5 samples in 10.531899690628052 s [/mnt/ioopt/appbench/apps/MLPerf-storage/dlio_benchmark/dlio_benchmark/utils/statscounter.py:325]
[INFO] 2025-05-05T17:47:26.262576 Rank 0 step 36 processed 5 samples in 0.32895660400390625 s [/mnt/ioopt/appbench/apps/MLPerf-storage/dlio_benchmark/dlio_benchmark/utils/statscounter.py:325]
[INFO] 2025-05-05T17:47:26.591881 Rank 0 step 37 processed 5 samples in 0.32881760597229004 s [/mnt/ioopt/appbench/apps/MLPerf-storage/dlio_benchmark/dlio_benchmark/utils/statscounter.py:325]
[INFO] 2025-05-05T17:47:26.920873 Rank 0 step 38 processed 5 samples in 0.3285064697265625 s [/mnt/ioopt/appbench/apps/MLPerf-storage/dlio_benchmark/dlio_benchmark/utils/statscounter.py:325]
[INFO] 2025-05-05T17:47:27.249704 Rank 0 step 39 processed 5 samples in 0.32837462425231934 s [/mnt/ioopt/appbench/apps/MLPerf-storage/dlio_benchmark/dlio_benchmark/utils/statscounter.py:325]
[INFO] 2025-05-05T17:47:27.578959 Rank 0 step 40 processed 5 samples in 0.3287954330444336 s [/mnt/ioopt/appbench/apps/MLPerf-storage/dlio_benchmark/dlio_benchmark/utils/statscounter.py:325]
[INFO] 2025-05-05T17:47:27.908181 Rank 0 step 41 processed 5 samples in 0.3287472724914551 s [/mnt/ioopt/appbench/apps/MLPerf-storage/dlio_benchmark/dlio_benchmark/utils/statscounter.py:325]
[INFO] 2025-05-05T17:47:28.236874 Rank 0 step 42 processed 5 samples in 0.32825446128845215 s [/mnt/ioopt/appbench/apps/MLPerf-storage/dlio_benchmark/dlio_benchmark/utils/statscounter.py:325]
[INFO] 2025-05-05T17:47:28.565636 Rank 0 step 43 processed 5 samples in 0.3283116817474365 s [/mnt/ioopt/appbench/apps/MLPerf-storage/dlio_benchmark/dlio_benchmark/utils/statscounter.py:325]
[INFO] 2025-05-05T17:47:28.899894 Rank 0 step 44 processed 5 samples in 0.3337991237640381 s [/mnt/ioopt/appbench/apps/MLPerf-storage/dlio_benchmark/dlio_benchmark/utils/statscounter.py:325]
[INFO] 2025-05-05T17:47:29.229050 Rank 0 step 45 processed 5 samples in 0.32869505882263184 s [/mnt/ioopt/appbench/apps/MLPerf-storage/dlio_benchmark/dlio_benchmark/utils/statscounter.py:325]
[INFO] 2025-05-05T17:47:29.557845 Rank 0 step 46 processed 5 samples in 0.32834792137145996 s [/mnt/ioopt/appbench/apps/MLPerf-storage/dlio_benchmark/dlio_benchmark/utils/statscounter.py:325]
[INFO] 2025-05-05T17:47:29.886874 Rank 0 step 47 processed 5 samples in 0.3285868167877197 s [/mnt/ioopt/appbench/apps/MLPerf-storage/dlio_benchmark/dlio_benchmark/utils/statscounter.py:325]
[INFO] 2025-05-05T17:47:30.215976 Rank 0 step 48 processed 5 samples in 0.3286411762237549 s [/mnt/ioopt/appbench/apps/MLPerf-storage/dlio_benchmark/dlio_benchmark/utils/statscounter.py:325]
[INFO] 2025-05-05T17:47:35.974725 Rank 0 step 49 processed 5 samples in 5.758299350738525 s [/mnt/ioopt/appbench/apps/MLPerf-storage/dlio_benchmark/dlio_benchmark/utils/statscounter.py:325]
[INFO] 2025-05-05T17:47:44.810995 Rank 0 step 50 processed 5 samples in 8.835780382156372 s [/mnt/ioopt/appbench/apps/MLPerf-storage/dlio_benchmark/dlio_benchmark/utils/statscounter.py:325]
[INFO] 2025-05-05T17:48:06.606965 Rank 0 step 51 processed 5 samples in 21.79550051689148 s [/mnt/ioopt/appbench/apps/MLPerf-storage/dlio_benchmark/dlio_benchmark/utils/statscounter.py:325]
[INFO] 2025-05-05T17:48:06.936144 Rank 0 step 52 processed 5 samples in 0.32866954803466797 s [/mnt/ioopt/appbench/apps/MLPerf-storage/dlio_benchmark/dlio_benchmark/utils/statscounter.py:325]
[INFO] 2025-05-05T17:48:07.265457 Rank 0 step 53 processed 5 samples in 0.32889509201049805 s [/mnt/ioopt/appbench/apps/MLPerf-storage/dlio_benchmark/dlio_benchmark/utils/statscounter.py:325]
[INFO] 2025-05-05T17:48:07.591264 Rank 0 step 54 processed 5 samples in 0.32549071311950684 s [/mnt/ioopt/appbench/apps/MLPerf-storage/dlio_benchmark/dlio_benchmark/utils/statscounter.py:325]
[INFO] 2025-05-05T17:48:07.923137 Rank 0 step 55 processed 5 samples in 0.33149099349975586 s [/mnt/ioopt/appbench/apps/MLPerf-storage/dlio_benchmark/dlio_benchmark/utils/statscounter.py:325]
[INFO] 2025-05-05T17:48:08.250048 Rank 0 step 56 processed 5 samples in 0.32645368576049805 s [/mnt/ioopt/appbench/apps/MLPerf-storage/dlio_benchmark/dlio_benchmark/utils/statscounter.py:325]
[INFO] 2025-05-05T17:48:08.577819 Rank 0 step 57 processed 5 samples in 0.32745957374572754 s [/mnt/ioopt/appbench/apps/MLPerf-storage/dlio_benchmark/dlio_benchmark/utils/statscounter.py:325]
[INFO] 2025-05-05T17:48:08.906557 Rank 0 step 58 processed 5 samples in 0.328291654586792 s [/mnt/ioopt/appbench/apps/MLPerf-storage/dlio_benchmark/dlio_benchmark/utils/statscounter.py:325]
[INFO] 2025-05-05T17:48:09.235763 Rank 0 step 59 processed 5 samples in 0.32875823974609375 s [/mnt/ioopt/appbench/apps/MLPerf-storage/dlio_benchmark/dlio_benchmark/utils/statscounter.py:325]
[INFO] 2025-05-05T17:48:09.562954 Rank 0 step 60 processed 5 samples in 0.326824426651001 s [/mnt/ioopt/appbench/apps/MLPerf-storage/dlio_benchmark/dlio_benchmark/utils/statscounter.py:325]
[INFO] 2025-05-05T17:48:13.215611 Rank 0 step 61 processed 5 samples in 3.6521787643432617 s [/mnt/ioopt/appbench/apps/MLPerf-storage/dlio_benchmark/dlio_benchmark/utils/statscounter.py:325]
[INFO] 2025-05-05T17:48:13.587928 Rank 0 step 62 processed 5 samples in 0.37174534797668457 s [/mnt/ioopt/appbench/apps/MLPerf-storage/dlio_benchmark/dlio_benchmark/utils/statscounter.py:325]
[INFO] 2025-05-05T17:48:13.917402 Rank 0 step 63 processed 5 samples in 0.32841944694519043 s [/mnt/ioopt/appbench/apps/MLPerf-storage/dlio_benchmark/dlio_benchmark/utils/statscounter.py:325]
[INFO] 2025-05-05T17:48:14.243929 Rank 0 step 64 processed 5 samples in 0.32620930671691895 s [/mnt/ioopt/appbench/apps/MLPerf-storage/dlio_benchmark/dlio_benchmark/utils/statscounter.py:325]
[INFO] 2025-05-05T17:48:14.575633 Rank 0 step 65 processed 5 samples in 0.3312366008758545 s [/mnt/ioopt/appbench/apps/MLPerf-storage/dlio_benchmark/dlio_benchmark/utils/statscounter.py:325]
[INFO] 2025-05-05T17:48:14.905151 Rank 0 step 66 processed 5 samples in 0.32906341552734375 s [/mnt/ioopt/appbench/apps/MLPerf-storage/dlio_benchmark/dlio_benchmark/utils/statscounter.py:325]
[INFO] 2025-05-05T17:48:37.617791 Rank 0 step 67 processed 5 samples in 22.71215319633484 s [/mnt/ioopt/appbench/apps/MLPerf-storage/dlio_benchmark/dlio_benchmark/utils/statscounter.py:325]
[INFO] 2025-05-05T17:48:37.946565 Rank 0 step 68 processed 5 samples in 0.32829928398132324 s [/mnt/ioopt/appbench/apps/MLPerf-storage/dlio_benchmark/dlio_benchmark/utils/statscounter.py:325]
[INFO] 2025-05-05T17:48:41.020009 Rank 0 step 69 processed 5 samples in 3.0730161666870117 s [/mnt/ioopt/appbench/apps/MLPerf-storage/dlio_benchmark/dlio_benchmark/utils/statscounter.py:325]
[INFO] 2025-05-05T17:48:42.560203 Rank 0 step 70 processed 5 samples in 1.5397400856018066 s [/mnt/ioopt/appbench/apps/MLPerf-storage/dlio_benchmark/dlio_benchmark/utils/statscounter.py:325]
[INFO] 2025-05-05T17:48:44.577693 Rank 0 step 71 processed 5 samples in 2.017010450363159 s [/mnt/ioopt/appbench/apps/MLPerf-storage/dlio_benchmark/dlio_benchmark/utils/statscounter.py:325]
[INFO] 2025-05-05T17:48:44.906546 Rank 0 step 72 processed 5 samples in 0.3283820152282715 s [/mnt/ioopt/appbench/apps/MLPerf-storage/dlio_benchmark/dlio_benchmark/utils/statscounter.py:325]
[INFO] 2025-05-05T17:48:45.235416 Rank 0 step 73 processed 5 samples in 0.32842445373535156 s [/mnt/ioopt/appbench/apps/MLPerf-storage/dlio_benchmark/dlio_benchmark/utils/statscounter.py:325]
[INFO] 2025-05-05T17:48:45.564485 Rank 0 step 74 processed 5 samples in 0.32861757278442383 s [/mnt/ioopt/appbench/apps/MLPerf-storage/dlio_benchmark/dlio_benchmark/utils/statscounter.py:325]
[INFO] 2025-05-05T17:48:45.893644 Rank 0 step 75 processed 5 samples in 0.3287007808685303 s [/mnt/ioopt/appbench/apps/MLPerf-storage/dlio_benchmark/dlio_benchmark/utils/statscounter.py:325]
[INFO] 2025-05-05T17:48:46.929206 Rank 0 step 76 processed 5 samples in 1.035111904144287 s [/mnt/ioopt/appbench/apps/MLPerf-storage/dlio_benchmark/dlio_benchmark/utils/statscounter.py:325]
[INFO] 2025-05-05T17:48:47.258806 Rank 0 step 77 processed 5 samples in 0.32906031608581543 s [/mnt/ioopt/appbench/apps/MLPerf-storage/dlio_benchmark/dlio_benchmark/utils/statscounter.py:325]
[INFO] 2025-05-05T17:48:47.588028 Rank 0 step 78 processed 5 samples in 0.32869601249694824 s [/mnt/ioopt/appbench/apps/MLPerf-storage/dlio_benchmark/dlio_benchmark/utils/statscounter.py:325]
[INFO] 2025-05-05T17:48:47.916858 Rank 0 step 79 processed 5 samples in 0.32837533950805664 s [/mnt/ioopt/appbench/apps/MLPerf-storage/dlio_benchmark/dlio_benchmark/utils/statscounter.py:325]
[INFO] 2025-05-05T17:48:48.928451 Rank 0 step 80 processed 5 samples in 1.0111486911773682 s [/mnt/ioopt/appbench/apps/MLPerf-storage/dlio_benchmark/dlio_benchmark/utils/statscounter.py:325]
[INFO] 2025-05-05T17:48:49.514255 Rank 0 step 81 processed 5 samples in 0.5853302478790283 s [/mnt/ioopt/appbench/apps/MLPerf-storage/dlio_benchmark/dlio_benchmark/utils/statscounter.py:325]
[INFO] 2025-05-05T17:48:49.843263 Rank 0 step 82 processed 5 samples in 0.3285534381866455 s [/mnt/ioopt/appbench/apps/MLPerf-storage/dlio_benchmark/dlio_benchmark/utils/statscounter.py:325]
[INFO] 2025-05-05T17:49:16.229530 Rank 0 step 83 processed 5 samples in 26.385814666748047 s [/mnt/ioopt/appbench/apps/MLPerf-storage/dlio_benchmark/dlio_benchmark/utils/statscounter.py:325]
[INFO] 2025-05-05T17:49:16.558302 Rank 0 step 84 processed 5 samples in 0.3283064365386963 s [/mnt/ioopt/appbench/apps/MLPerf-storage/dlio_benchmark/dlio_benchmark/utils/statscounter.py:325]
[INFO] 2025-05-05T17:49:16.887457 Rank 0 step 85 processed 5 samples in 0.32869958877563477 s [/mnt/ioopt/appbench/apps/MLPerf-storage/dlio_benchmark/dlio_benchmark/utils/statscounter.py:325]
[INFO] 2025-05-05T17:49:22.369226 Rank 0 step 86 processed 5 samples in 5.48132061958313 s [/mnt/ioopt/appbench/apps/MLPerf-storage/dlio_benchmark/dlio_benchmark/utils/statscounter.py:325]
[INFO] 2025-05-05T17:49:22.698173 Rank 0 step 87 processed 5 samples in 0.32846927642822266 s [/mnt/ioopt/appbench/apps/MLPerf-storage/dlio_benchmark/dlio_benchmark/utils/statscounter.py:325]
[INFO] 2025-05-05T17:49:23.027688 Rank 0 step 88 processed 5 samples in 0.32904839515686035 s [/mnt/ioopt/appbench/apps/MLPerf-storage/dlio_benchmark/dlio_benchmark/utils/statscounter.py:325]
[INFO] 2025-05-05T17:49:23.356800 Rank 0 step 89 processed 5 samples in 0.32865333557128906 s [/mnt/ioopt/appbench/apps/MLPerf-storage/dlio_benchmark/dlio_benchmark/utils/statscounter.py:325]
[INFO] 2025-05-05T17:49:23.685966 Rank 0 step 90 processed 5 samples in 0.3287177085876465 s [/mnt/ioopt/appbench/apps/MLPerf-storage/dlio_benchmark/dlio_benchmark/utils/statscounter.py:325]
[INFO] 2025-05-05T17:49:24.017758 Rank 0 step 91 processed 5 samples in 0.33130931854248047 s [/mnt/ioopt/appbench/apps/MLPerf-storage/dlio_benchmark/dlio_benchmark/utils/statscounter.py:325]
[INFO] 2025-05-05T17:49:26.386411 Rank 0 step 92 processed 5 samples in 2.3679986000061035 s [/mnt/ioopt/appbench/apps/MLPerf-storage/dlio_benchmark/dlio_benchmark/utils/statscounter.py:325]
[INFO] 2025-05-05T17:49:28.314937 Rank 0 step 93 processed 5 samples in 1.9280421733856201 s [/mnt/ioopt/appbench/apps/MLPerf-storage/dlio_benchmark/dlio_benchmark/utils/statscounter.py:325]
[INFO] 2025-05-05T17:49:28.644077 Rank 0 step 94 processed 5 samples in 0.3285794258117676 s [/mnt/ioopt/appbench/apps/MLPerf-storage/dlio_benchmark/dlio_benchmark/utils/statscounter.py:325]
[INFO] 2025-05-05T17:49:28.973656 Rank 0 step 95 processed 5 samples in 0.32901430130004883 s [/mnt/ioopt/appbench/apps/MLPerf-storage/dlio_benchmark/dlio_benchmark/utils/statscounter.py:325]
[INFO] 2025-05-05T17:49:29.303220 Rank 0 step 96 processed 5 samples in 0.3290235996246338 s [/mnt/ioopt/appbench/apps/MLPerf-storage/dlio_benchmark/dlio_benchmark/utils/statscounter.py:325]
[INFO] 2025-05-05T17:49:29.632072 Rank 0 step 97 processed 5 samples in 0.3283958435058594 s [/mnt/ioopt/appbench/apps/MLPerf-storage/dlio_benchmark/dlio_benchmark/utils/statscounter.py:325]
[INFO] 2025-05-05T17:49:29.961716 Rank 0 step 98 processed 5 samples in 0.3291890621185303 s [/mnt/ioopt/appbench/apps/MLPerf-storage/dlio_benchmark/dlio_benchmark/utils/statscounter.py:325]
[INFO] 2025-05-05T17:49:56.684833 Rank 0 step 99 processed 5 samples in 26.72268009185791 s [/mnt/ioopt/appbench/apps/MLPerf-storage/dlio_benchmark/dlio_benchmark/utils/statscounter.py:325]
[INFO] 2025-05-05T17:49:57.013763 Rank 0 step 100 processed 5 samples in 0.3284449577331543 s [/mnt/ioopt/appbench/apps/MLPerf-storage/dlio_benchmark/dlio_benchmark/utils/statscounter.py:325]
[INFO] 2025-05-05T17:49:59.732200 Rank 0 step 101 processed 5 samples in 2.7179713249206543 s [/mnt/ioopt/appbench/apps/MLPerf-storage/dlio_benchmark/dlio_benchmark/utils/statscounter.py:325]
[INFO] 2025-05-05T17:50:00.061406 Rank 0 step 102 processed 5 samples in 0.32872772216796875 s [/mnt/ioopt/appbench/apps/MLPerf-storage/dlio_benchmark/dlio_benchmark/utils/statscounter.py:325]
[INFO] 2025-05-05T17:50:00.390726 Rank 0 step 103 processed 5 samples in 0.32880640029907227 s [/mnt/ioopt/appbench/apps/MLPerf-storage/dlio_benchmark/dlio_benchmark/utils/statscounter.py:325]
[INFO] 2025-05-05T17:50:00.720094 Rank 0 step 104 processed 5 samples in 0.32889485359191895 s [/mnt/ioopt/appbench/apps/MLPerf-storage/dlio_benchmark/dlio_benchmark/utils/statscounter.py:325]
[INFO] 2025-05-05T17:50:01.047658 Rank 0 step 105 processed 5 samples in 0.32724475860595703 s [/mnt/ioopt/appbench/apps/MLPerf-storage/dlio_benchmark/dlio_benchmark/utils/statscounter.py:325]
[INFO] 2025-05-05T17:50:03.383720 Rank 0 step 106 processed 5 samples in 2.335602283477783 s [/mnt/ioopt/appbench/apps/MLPerf-storage/dlio_benchmark/dlio_benchmark/utils/statscounter.py:325]
[INFO] 2025-05-05T17:50:03.712651 Rank 0 step 107 processed 5 samples in 0.32839512825012207 s [/mnt/ioopt/appbench/apps/MLPerf-storage/dlio_benchmark/dlio_benchmark/utils/statscounter.py:325]
[INFO] 2025-05-05T17:50:10.293763 Rank 0 step 108 processed 5 samples in 6.580613136291504 s [/mnt/ioopt/appbench/apps/MLPerf-storage/dlio_benchmark/dlio_benchmark/utils/statscounter.py:325]
[INFO] 2025-05-05T17:50:10.622052 Rank 0 step 109 processed 5 samples in 0.3277320861816406 s [/mnt/ioopt/appbench/apps/MLPerf-storage/dlio_benchmark/dlio_benchmark/utils/statscounter.py:325]
[INFO] 2025-05-05T17:50:10.948907 Rank 0 step 110 processed 5 samples in 0.3264894485473633 s [/mnt/ioopt/appbench/apps/MLPerf-storage/dlio_benchmark/dlio_benchmark/utils/statscounter.py:325]
[INFO] 2025-05-05T17:50:11.278219 Rank 0 step 111 processed 5 samples in 0.3288838863372803 s [/mnt/ioopt/appbench/apps/MLPerf-storage/dlio_benchmark/dlio_benchmark/utils/statscounter.py:325]
[INFO] 2025-05-05T17:50:11.607184 Rank 0 step 112 processed 5 samples in 0.3284282684326172 s [/mnt/ioopt/appbench/apps/MLPerf-storage/dlio_benchmark/dlio_benchmark/utils/statscounter.py:325]
[INFO] 2025-05-05T17:50:11.936982 Rank 0 step 113 processed 5 samples in 0.3292851448059082 s [/mnt/ioopt/appbench/apps/MLPerf-storage/dlio_benchmark/dlio_benchmark/utils/statscounter.py:325]
[INFO] 2025-05-05T17:50:12.263220 Rank 0 step 114 processed 5 samples in 0.32587242126464844 s [/mnt/ioopt/appbench/apps/MLPerf-storage/dlio_benchmark/dlio_benchmark/utils/statscounter.py:325]
[INFO] 2025-05-05T17:50:40.270357 Rank 0 step 115 processed 5 samples in 28.006755352020264 s [/mnt/ioopt/appbench/apps/MLPerf-storage/dlio_benchmark/dlio_benchmark/utils/statscounter.py:325]
[INFO] 2025-05-05T17:50:40.599239 Rank 0 step 116 processed 5 samples in 0.328402042388916 s [/mnt/ioopt/appbench/apps/MLPerf-storage/dlio_benchmark/dlio_benchmark/utils/statscounter.py:325]
[INFO] 2025-05-05T17:50:40.924918 Rank 0 step 117 processed 5 samples in 0.32534193992614746 s [/mnt/ioopt/appbench/apps/MLPerf-storage/dlio_benchmark/dlio_benchmark/utils/statscounter.py:325]
[INFO] 2025-05-05T17:50:41.252076 Rank 0 step 118 processed 5 samples in 0.3267097473144531 s [/mnt/ioopt/appbench/apps/MLPerf-storage/dlio_benchmark/dlio_benchmark/utils/statscounter.py:325]
[INFO] 2025-05-05T17:50:41.577686 Rank 0 step 119 processed 5 samples in 0.3253517150878906 s [/mnt/ioopt/appbench/apps/MLPerf-storage/dlio_benchmark/dlio_benchmark/utils/statscounter.py:325]
[INFO] 2025-05-05T17:50:41.908420 Rank 0 step 120 processed 5 samples in 0.3303995132446289 s [/mnt/ioopt/appbench/apps/MLPerf-storage/dlio_benchmark/dlio_benchmark/utils/statscounter.py:325]
[INFO] 2025-05-05T17:50:42.237650 Rank 0 step 121 processed 5 samples in 0.3287835121154785 s [/mnt/ioopt/appbench/apps/MLPerf-storage/dlio_benchmark/dlio_benchmark/utils/statscounter.py:325]
[INFO] 2025-05-05T17:50:42.571273 Rank 0 step 122 processed 5 samples in 0.333148717880249 s [/mnt/ioopt/appbench/apps/MLPerf-storage/dlio_benchmark/dlio_benchmark/utils/statscounter.py:325]
[INFO] 2025-05-05T17:50:42.901090 Rank 0 step 123 processed 5 samples in 0.32907652854919434 s [/mnt/ioopt/appbench/apps/MLPerf-storage/dlio_benchmark/dlio_benchmark/utils/statscounter.py:325]
[INFO] 2025-05-05T17:50:43.643174 Rank 0 step 124 processed 5 samples in 0.7416021823883057 s [/mnt/ioopt/appbench/apps/MLPerf-storage/dlio_benchmark/dlio_benchmark/utils/statscounter.py:325]
[INFO] 2025-05-05T17:50:44.623174 Rank 0 step 125 processed 5 samples in 0.9795384407043457 s [/mnt/ioopt/appbench/apps/MLPerf-storage/dlio_benchmark/dlio_benchmark/utils/statscounter.py:325]
[INFO] 2025-05-05T17:50:50.452811 Rank 0 step 126 processed 5 samples in 5.82918643951416 s [/mnt/ioopt/appbench/apps/MLPerf-storage/dlio_benchmark/dlio_benchmark/utils/statscounter.py:325]
[INFO] 2025-05-05T17:50:55.723155 Rank 0 step 127 processed 5 samples in 5.270022630691528 s [/mnt/ioopt/appbench/apps/MLPerf-storage/dlio_benchmark/dlio_benchmark/utils/statscounter.py:325]
[INFO] 2025-05-05T17:50:56.052479 Rank 0 step 128 processed 5 samples in 0.32886242866516113 s [/mnt/ioopt/appbench/apps/MLPerf-storage/dlio_benchmark/dlio_benchmark/utils/statscounter.py:325]
[INFO] 2025-05-05T17:50:56.381349 Rank 0 step 129 processed 5 samples in 0.328411340713501 s [/mnt/ioopt/appbench/apps/MLPerf-storage/dlio_benchmark/dlio_benchmark/utils/statscounter.py:325]
[INFO] 2025-05-05T17:50:56.710478 Rank 0 step 130 processed 5 samples in 0.3286771774291992 s [/mnt/ioopt/appbench/apps/MLPerf-storage/dlio_benchmark/dlio_benchmark/utils/statscounter.py:325]
[INFO] 2025-05-05T17:51:11.899921 Rank 0 step 131 processed 5 samples in 15.188997030258179 s [/mnt/ioopt/appbench/apps/MLPerf-storage/dlio_benchmark/dlio_benchmark/utils/statscounter.py:325]
[INFO] 2025-05-05T17:51:15.770954 Rank 0 step 132 processed 5 samples in 3.8705790042877197 s [/mnt/ioopt/appbench/apps/MLPerf-storage/dlio_benchmark/dlio_benchmark/utils/statscounter.py:325]
[INFO] 2025-05-05T17:51:16.099924 Rank 0 step 133 processed 5 samples in 0.3284773826599121 s [/mnt/ioopt/appbench/apps/MLPerf-storage/dlio_benchmark/dlio_benchmark/utils/statscounter.py:325]
[INFO] 2025-05-05T17:51:17.861954 Rank 0 step 134 processed 5 samples in 1.7615697383880615 s [/mnt/ioopt/appbench/apps/MLPerf-storage/dlio_benchmark/dlio_benchmark/utils/statscounter.py:325]
[INFO] 2025-05-05T17:51:18.190827 Rank 0 step 135 processed 5 samples in 0.3284037113189697 s [/mnt/ioopt/appbench/apps/MLPerf-storage/dlio_benchmark/dlio_benchmark/utils/statscounter.py:325]
[INFO] 2025-05-05T17:51:18.519627 Rank 0 step 136 processed 5 samples in 0.3283236026763916 s [/mnt/ioopt/appbench/apps/MLPerf-storage/dlio_benchmark/dlio_benchmark/utils/statscounter.py:325]
[INFO] 2025-05-05T17:51:18.848722 Rank 0 step 137 processed 5 samples in 0.32863616943359375 s [/mnt/ioopt/appbench/apps/MLPerf-storage/dlio_benchmark/dlio_benchmark/utils/statscounter.py:325]
[INFO] 2025-05-05T17:51:19.177825 Rank 0 step 138 processed 5 samples in 0.32865285873413086 s [/mnt/ioopt/appbench/apps/MLPerf-storage/dlio_benchmark/dlio_benchmark/utils/statscounter.py:325]
[INFO] 2025-05-05T17:51:19.506663 Rank 0 step 139 processed 5 samples in 0.32839179039001465 s [/mnt/ioopt/appbench/apps/MLPerf-storage/dlio_benchmark/dlio_benchmark/utils/statscounter.py:325]
[INFO] 2025-05-05T17:51:21.516610 Rank 0 step 140 processed 5 samples in 2.0094852447509766 s [/mnt/ioopt/appbench/apps/MLPerf-storage/dlio_benchmark/dlio_benchmark/utils/statscounter.py:325]
[INFO] 2025-05-05T17:51:24.813398 Rank 0 step 141 processed 5 samples in 3.2962405681610107 s [/mnt/ioopt/appbench/apps/MLPerf-storage/dlio_benchmark/dlio_benchmark/utils/statscounter.py:325]
[INFO] 2025-05-05T17:51:25.142246 Rank 0 step 142 processed 5 samples in 0.3283240795135498 s [/mnt/ioopt/appbench/apps/MLPerf-storage/dlio_benchmark/dlio_benchmark/utils/statscounter.py:325]
[INFO] 2025-05-05T17:51:41.375234 Rank 0 step 143 processed 5 samples in 16.232483625411987 s [/mnt/ioopt/appbench/apps/MLPerf-storage/dlio_benchmark/dlio_benchmark/utils/statscounter.py:325]
[INFO] 2025-05-05T17:51:41.704127 Rank 0 step 144 processed 5 samples in 0.3283681869506836 s [/mnt/ioopt/appbench/apps/MLPerf-storage/dlio_benchmark/dlio_benchmark/utils/statscounter.py:325]
[INFO] 2025-05-05T17:51:42.032979 Rank 0 step 145 processed 5 samples in 0.32837820053100586 s [/mnt/ioopt/appbench/apps/MLPerf-storage/dlio_benchmark/dlio_benchmark/utils/statscounter.py:325]
[INFO] 2025-05-05T17:51:42.362100 Rank 0 step 146 processed 5 samples in 0.3286764621734619 s [/mnt/ioopt/appbench/apps/MLPerf-storage/dlio_benchmark/dlio_benchmark/utils/statscounter.py:325]
[INFO] 2025-05-05T17:51:53.645687 Rank 0 step 147 processed 5 samples in 11.28314471244812 s [/mnt/ioopt/appbench/apps/MLPerf-storage/dlio_benchmark/dlio_benchmark/utils/statscounter.py:325]
[INFO] 2025-05-05T17:51:56.249877 Rank 0 step 148 processed 5 samples in 2.603715419769287 s [/mnt/ioopt/appbench/apps/MLPerf-storage/dlio_benchmark/dlio_benchmark/utils/statscounter.py:325]
[INFO] 2025-05-05T17:51:57.798003 Rank 0 step 149 processed 5 samples in 1.5475749969482422 s [/mnt/ioopt/appbench/apps/MLPerf-storage/dlio_benchmark/dlio_benchmark/utils/statscounter.py:325]
[INFO] 2025-05-05T17:51:58.126852 Rank 0 step 150 processed 5 samples in 0.3283212184906006 s [/mnt/ioopt/appbench/apps/MLPerf-storage/dlio_benchmark/dlio_benchmark/utils/statscounter.py:325]
[INFO] 2025-05-05T17:52:01.347489 Rank 0 step 151 processed 5 samples in 3.22011137008667 s [/mnt/ioopt/appbench/apps/MLPerf-storage/dlio_benchmark/dlio_benchmark/utils/statscounter.py:325]
[INFO] 2025-05-05T17:52:01.677503 Rank 0 step 152 processed 5 samples in 0.32898616790771484 s [/mnt/ioopt/appbench/apps/MLPerf-storage/dlio_benchmark/dlio_benchmark/utils/statscounter.py:325]
[INFO] 2025-05-05T17:52:02.006557 Rank 0 step 153 processed 5 samples in 0.3286011219024658 s [/mnt/ioopt/appbench/apps/MLPerf-storage/dlio_benchmark/dlio_benchmark/utils/statscounter.py:325]
[INFO] 2025-05-05T17:52:02.335391 Rank 0 step 154 processed 5 samples in 0.3283829689025879 s [/mnt/ioopt/appbench/apps/MLPerf-storage/dlio_benchmark/dlio_benchmark/utils/statscounter.py:325]
[INFO] 2025-05-05T17:52:02.664473 Rank 0 step 155 processed 5 samples in 0.3286292552947998 s [/mnt/ioopt/appbench/apps/MLPerf-storage/dlio_benchmark/dlio_benchmark/utils/statscounter.py:325]
[INFO] 2025-05-05T17:52:02.993539 Rank 0 step 156 processed 5 samples in 0.32861971855163574 s [/mnt/ioopt/appbench/apps/MLPerf-storage/dlio_benchmark/dlio_benchmark/utils/statscounter.py:325]
[INFO] 2025-05-05T17:52:03.320216 Rank 0 step 157 processed 5 samples in 0.3262653350830078 s [/mnt/ioopt/appbench/apps/MLPerf-storage/dlio_benchmark/dlio_benchmark/utils/statscounter.py:325]
[INFO] 2025-05-05T17:52:03.651714 Rank 0 step 158 processed 5 samples in 0.3309593200683594 s [/mnt/ioopt/appbench/apps/MLPerf-storage/dlio_benchmark/dlio_benchmark/utils/statscounter.py:325]
[INFO] 2025-05-05T17:52:18.426323 Rank 0 step 159 processed 5 samples in 14.774097204208374 s [/mnt/ioopt/appbench/apps/MLPerf-storage/dlio_benchmark/dlio_benchmark/utils/statscounter.py:325]
[INFO] 2025-05-05T17:52:18.755174 Rank 0 step 160 processed 5 samples in 0.3283679485321045 s [/mnt/ioopt/appbench/apps/MLPerf-storage/dlio_benchmark/dlio_benchmark/utils/statscounter.py:325]
[INFO] 2025-05-05T17:52:19.084197 Rank 0 step 161 processed 5 samples in 0.328571081161499 s [/mnt/ioopt/appbench/apps/MLPerf-storage/dlio_benchmark/dlio_benchmark/utils/statscounter.py:325]
[INFO] 2025-05-05T17:52:21.124080 Rank 0 step 162 processed 5 samples in 2.0394484996795654 s [/mnt/ioopt/appbench/apps/MLPerf-storage/dlio_benchmark/dlio_benchmark/utils/statscounter.py:325]
[INFO] 2025-05-05T17:52:28.703563 Rank 0 step 163 processed 5 samples in 7.57894229888916 s [/mnt/ioopt/appbench/apps/MLPerf-storage/dlio_benchmark/dlio_benchmark/utils/statscounter.py:325]
[INFO] 2025-05-05T17:52:34.080748 Rank 0 step 164 processed 5 samples in 5.376676559448242 s [/mnt/ioopt/appbench/apps/MLPerf-storage/dlio_benchmark/dlio_benchmark/utils/statscounter.py:325]
[INFO] 2025-05-05T17:52:34.409934 Rank 0 step 165 processed 5 samples in 0.32868242263793945 s [/mnt/ioopt/appbench/apps/MLPerf-storage/dlio_benchmark/dlio_benchmark/utils/statscounter.py:325]
[INFO] 2025-05-05T17:52:34.738824 Rank 0 step 166 processed 5 samples in 0.3284010887145996 s [/mnt/ioopt/appbench/apps/MLPerf-storage/dlio_benchmark/dlio_benchmark/utils/statscounter.py:325]
[INFO] 2025-05-05T17:52:37.910930 Rank 0 step 167 processed 5 samples in 3.171574354171753 s [/mnt/ioopt/appbench/apps/MLPerf-storage/dlio_benchmark/dlio_benchmark/utils/statscounter.py:325]
[INFO] 2025-05-05T17:52:38.237699 Rank 0 step 168 processed 5 samples in 0.32628560066223145 s [/mnt/ioopt/appbench/apps/MLPerf-storage/dlio_benchmark/dlio_benchmark/utils/statscounter.py:325]
[INFO] 2025-05-05T17:52:38.566572 Rank 0 step 169 processed 5 samples in 0.32840943336486816 s [/mnt/ioopt/appbench/apps/MLPerf-storage/dlio_benchmark/dlio_benchmark/utils/statscounter.py:325]
[INFO] 2025-05-05T17:52:38.895762 Rank 0 step 170 processed 5 samples in 0.3287336826324463 s [/mnt/ioopt/appbench/apps/MLPerf-storage/dlio_benchmark/dlio_benchmark/utils/statscounter.py:325]
[INFO] 2025-05-05T17:52:40.708032 Rank 0 step 171 processed 5 samples in 1.811823844909668 s [/mnt/ioopt/appbench/apps/MLPerf-storage/dlio_benchmark/dlio_benchmark/utils/statscounter.py:325]
[INFO] 2025-05-05T17:52:44.354856 Rank 0 step 172 processed 5 samples in 3.646357536315918 s [/mnt/ioopt/appbench/apps/MLPerf-storage/dlio_benchmark/dlio_benchmark/utils/statscounter.py:325]
[INFO] 2025-05-05T17:52:44.684192 Rank 0 step 173 processed 5 samples in 0.3287789821624756 s [/mnt/ioopt/appbench/apps/MLPerf-storage/dlio_benchmark/dlio_benchmark/utils/statscounter.py:325]
[INFO] 2025-05-05T17:52:45.013039 Rank 0 step 174 processed 5 samples in 0.32835936546325684 s [/mnt/ioopt/appbench/apps/MLPerf-storage/dlio_benchmark/dlio_benchmark/utils/statscounter.py:325]
[INFO] 2025-05-05T17:52:57.668228 Rank 0 step 175 processed 5 samples in 12.65476369857788 s [/mnt/ioopt/appbench/apps/MLPerf-storage/dlio_benchmark/dlio_benchmark/utils/statscounter.py:325]
[INFO] 2025-05-05T17:52:57.997088 Rank 0 step 176 processed 5 samples in 0.32836103439331055 s [/mnt/ioopt/appbench/apps/MLPerf-storage/dlio_benchmark/dlio_benchmark/utils/statscounter.py:325]
[INFO] 2025-05-05T17:52:58.325904 Rank 0 step 177 processed 5 samples in 0.3283553123474121 s [/mnt/ioopt/appbench/apps/MLPerf-storage/dlio_benchmark/dlio_benchmark/utils/statscounter.py:325]
[INFO] 2025-05-05T17:52:58.654607 Rank 0 step 178 processed 5 samples in 0.3282492160797119 s [/mnt/ioopt/appbench/apps/MLPerf-storage/dlio_benchmark/dlio_benchmark/utils/statscounter.py:325]
[INFO] 2025-05-05T17:53:03.142481 Rank 0 step 179 processed 5 samples in 4.487397193908691 s [/mnt/ioopt/appbench/apps/MLPerf-storage/dlio_benchmark/dlio_benchmark/utils/statscounter.py:325]
[INFO] 2025-05-05T17:53:05.361146 Rank 0 step 180 processed 5 samples in 2.2181713581085205 s [/mnt/ioopt/appbench/apps/MLPerf-storage/dlio_benchmark/dlio_benchmark/utils/statscounter.py:325]
[INFO] 2025-05-05T17:53:05.689760 Rank 0 step 181 processed 5 samples in 0.32805585861206055 s [/mnt/ioopt/appbench/apps/MLPerf-storage/dlio_benchmark/dlio_benchmark/utils/statscounter.py:325]
[INFO] 2025-05-05T17:53:09.237398 Rank 0 step 182 processed 5 samples in 3.5471127033233643 s [/mnt/ioopt/appbench/apps/MLPerf-storage/dlio_benchmark/dlio_benchmark/utils/statscounter.py:325]
[INFO] 2025-05-05T17:53:12.880969 Rank 0 step 183 processed 5 samples in 3.643049478530884 s [/mnt/ioopt/appbench/apps/MLPerf-storage/dlio_benchmark/dlio_benchmark/utils/statscounter.py:325]
[INFO] 2025-05-05T17:53:13.210388 Rank 0 step 184 processed 5 samples in 0.3289620876312256 s [/mnt/ioopt/appbench/apps/MLPerf-storage/dlio_benchmark/dlio_benchmark/utils/statscounter.py:325]
[INFO] 2025-05-05T17:53:13.539194 Rank 0 step 185 processed 5 samples in 0.32836103439331055 s [/mnt/ioopt/appbench/apps/MLPerf-storage/dlio_benchmark/dlio_benchmark/utils/statscounter.py:325]
[INFO] 2025-05-05T17:53:13.870632 Rank 0 step 186 processed 5 samples in 0.33097267150878906 s [/mnt/ioopt/appbench/apps/MLPerf-storage/dlio_benchmark/dlio_benchmark/utils/statscounter.py:325]
[INFO] 2025-05-05T17:53:18.394356 Rank 0 step 187 processed 5 samples in 4.52324104309082 s [/mnt/ioopt/appbench/apps/MLPerf-storage/dlio_benchmark/dlio_benchmark/utils/statscounter.py:325]
[INFO] 2025-05-05T17:53:18.725014 Rank 0 step 188 processed 5 samples in 0.33025264739990234 s [/mnt/ioopt/appbench/apps/MLPerf-storage/dlio_benchmark/dlio_benchmark/utils/statscounter.py:325]
[INFO] 2025-05-05T17:53:25.530167 Rank 0 step 189 processed 5 samples in 6.804638147354126 s [/mnt/ioopt/appbench/apps/MLPerf-storage/dlio_benchmark/dlio_benchmark/utils/statscounter.py:325]
[INFO] 2025-05-05T17:53:25.862447 Rank 0 step 190 processed 5 samples in 0.33171916007995605 s [/mnt/ioopt/appbench/apps/MLPerf-storage/dlio_benchmark/dlio_benchmark/utils/statscounter.py:325]
[INFO] 2025-05-05T17:53:30.182732 Rank 0 step 191 processed 5 samples in 4.319770812988281 s [/mnt/ioopt/appbench/apps/MLPerf-storage/dlio_benchmark/dlio_benchmark/utils/statscounter.py:325]
[INFO] 2025-05-05T17:53:31.672963 Rank 0 step 192 processed 5 samples in 1.4896612167358398 s [/mnt/ioopt/appbench/apps/MLPerf-storage/dlio_benchmark/dlio_benchmark/utils/statscounter.py:325]
[INFO] 2025-05-05T17:53:45.867213 Rank 0 step 193 processed 5 samples in 14.193798542022705 s [/mnt/ioopt/appbench/apps/MLPerf-storage/dlio_benchmark/dlio_benchmark/utils/statscounter.py:325]
[INFO] 2025-05-05T17:53:46.196248 Rank 0 step 194 processed 5 samples in 0.32856249809265137 s [/mnt/ioopt/appbench/apps/MLPerf-storage/dlio_benchmark/dlio_benchmark/utils/statscounter.py:325]
[INFO] 2025-05-05T17:53:50.658306 Rank 0 step 195 processed 5 samples in 4.4616029262542725 s [/mnt/ioopt/appbench/apps/MLPerf-storage/dlio_benchmark/dlio_benchmark/utils/statscounter.py:325]
[INFO] 2025-05-05T17:53:50.987148 Rank 0 step 196 processed 5 samples in 0.3283998966217041 s [/mnt/ioopt/appbench/apps/MLPerf-storage/dlio_benchmark/dlio_benchmark/utils/statscounter.py:325]
[INFO] 2025-05-05T17:53:51.316140 Rank 0 step 197 processed 5 samples in 0.32855772972106934 s [/mnt/ioopt/appbench/apps/MLPerf-storage/dlio_benchmark/dlio_benchmark/utils/statscounter.py:325]
[INFO] 2025-05-05T17:53:51.739173 Rank 0 step 198 processed 5 samples in 0.33327746391296387 s [/mnt/ioopt/appbench/apps/MLPerf-storage/dlio_benchmark/dlio_benchmark/utils/statscounter.py:325]
[INFO] 2025-05-05T17:53:52.068521 Rank 0 step 199 processed 5 samples in 0.32864904403686523 s [/mnt/ioopt/appbench/apps/MLPerf-storage/dlio_benchmark/dlio_benchmark/utils/statscounter.py:325]
[INFO] 2025-05-05T17:53:58.443223 Rank 0 step 200 processed 5 samples in 6.374240875244141 s [/mnt/ioopt/appbench/apps/MLPerf-storage/dlio_benchmark/dlio_benchmark/utils/statscounter.py:325]
[INFO] 2025-05-05T17:53:58.772383 Rank 0 step 201 processed 5 samples in 0.3286900520324707 s [/mnt/ioopt/appbench/apps/MLPerf-storage/dlio_benchmark/dlio_benchmark/utils/statscounter.py:325]
[INFO] 2025-05-05T17:53:59.101074 Rank 0 step 202 processed 5 samples in 0.32825756072998047 s [/mnt/ioopt/appbench/apps/MLPerf-storage/dlio_benchmark/dlio_benchmark/utils/statscounter.py:325]
[INFO] 2025-05-05T17:53:59.429794 Rank 0 step 203 processed 5 samples in 0.3282957077026367 s [/mnt/ioopt/appbench/apps/MLPerf-storage/dlio_benchmark/dlio_benchmark/utils/statscounter.py:325]
[INFO] 2025-05-05T17:54:02.453636 Rank 0 step 204 processed 5 samples in 3.0233678817749023 s [/mnt/ioopt/appbench/apps/MLPerf-storage/dlio_benchmark/dlio_benchmark/utils/statscounter.py:325]
[INFO] 2025-05-05T17:54:02.782718 Rank 0 step 205 processed 5 samples in 0.32862114906311035 s [/mnt/ioopt/appbench/apps/MLPerf-storage/dlio_benchmark/dlio_benchmark/utils/statscounter.py:325]
[INFO] 2025-05-05T17:54:03.443182 Rank 0 step 206 processed 5 samples in 0.6600193977355957 s [/mnt/ioopt/appbench/apps/MLPerf-storage/dlio_benchmark/dlio_benchmark/utils/statscounter.py:325]
[INFO] 2025-05-05T17:54:06.801605 Rank 0 step 207 processed 5 samples in 3.3579795360565186 s [/mnt/ioopt/appbench/apps/MLPerf-storage/dlio_benchmark/dlio_benchmark/utils/statscounter.py:325]
[INFO] 2025-05-05T17:54:07.130811 Rank 0 step 208 processed 5 samples in 0.32874488830566406 s [/mnt/ioopt/appbench/apps/MLPerf-storage/dlio_benchmark/dlio_benchmark/utils/statscounter.py:325]
[INFO] 2025-05-05T17:54:15.740842 Rank 0 step 209 processed 5 samples in 8.609494924545288 s [/mnt/ioopt/appbench/apps/MLPerf-storage/dlio_benchmark/dlio_benchmark/utils/statscounter.py:325]
[INFO] 2025-05-05T17:54:19.146984 Rank 0 step 210 processed 5 samples in 3.4056665897369385 s [/mnt/ioopt/appbench/apps/MLPerf-storage/dlio_benchmark/dlio_benchmark/utils/statscounter.py:325]
[INFO] 2025-05-05T17:54:22.552745 Rank 0 step 211 processed 5 samples in 3.405193328857422 s [/mnt/ioopt/appbench/apps/MLPerf-storage/dlio_benchmark/dlio_benchmark/utils/statscounter.py:325]
[INFO] 2025-05-05T17:54:28.497323 Rank 0 step 212 processed 5 samples in 5.944112062454224 s [/mnt/ioopt/appbench/apps/MLPerf-storage/dlio_benchmark/dlio_benchmark/utils/statscounter.py:325]
[INFO] 2025-05-05T17:54:29.806611 Rank 0 step 213 processed 5 samples in 1.308802604675293 s [/mnt/ioopt/appbench/apps/MLPerf-storage/dlio_benchmark/dlio_benchmark/utils/statscounter.py:325]
[INFO] 2025-05-05T17:54:30.135447 Rank 0 step 214 processed 5 samples in 0.32836294174194336 s [/mnt/ioopt/appbench/apps/MLPerf-storage/dlio_benchmark/dlio_benchmark/utils/statscounter.py:325]
[INFO] 2025-05-05T17:54:30.464374 Rank 0 step 215 processed 5 samples in 0.32850122451782227 s [/mnt/ioopt/appbench/apps/MLPerf-storage/dlio_benchmark/dlio_benchmark/utils/statscounter.py:325]
[INFO] 2025-05-05T17:54:30.793400 Rank 0 step 216 processed 5 samples in 0.3285806179046631 s [/mnt/ioopt/appbench/apps/MLPerf-storage/dlio_benchmark/dlio_benchmark/utils/statscounter.py:325]
[INFO] 2025-05-05T17:54:31.122127 Rank 0 step 217 processed 5 samples in 0.32828283309936523 s [/mnt/ioopt/appbench/apps/MLPerf-storage/dlio_benchmark/dlio_benchmark/utils/statscounter.py:325]
[INFO] 2025-05-05T17:54:42.180610 Rank 0 step 218 processed 5 samples in 11.05806040763855 s [/mnt/ioopt/appbench/apps/MLPerf-storage/dlio_benchmark/dlio_benchmark/utils/statscounter.py:325]
[INFO] 2025-05-05T17:54:42.509368 Rank 0 step 219 processed 5 samples in 0.32829737663269043 s [/mnt/ioopt/appbench/apps/MLPerf-storage/dlio_benchmark/dlio_benchmark/utils/statscounter.py:325]
[INFO] 2025-05-05T17:54:42.838391 Rank 0 step 220 processed 5 samples in 0.3286147117614746 s [/mnt/ioopt/appbench/apps/MLPerf-storage/dlio_benchmark/dlio_benchmark/utils/statscounter.py:325]
[INFO] 2025-05-05T17:54:43.169199 Rank 0 step 221 processed 5 samples in 0.33036017417907715 s [/mnt/ioopt/appbench/apps/MLPerf-storage/dlio_benchmark/dlio_benchmark/utils/statscounter.py:325]
[INFO] 2025-05-05T17:54:43.498218 Rank 0 step 222 processed 5 samples in 0.3285059928894043 s [/mnt/ioopt/appbench/apps/MLPerf-storage/dlio_benchmark/dlio_benchmark/utils/statscounter.py:325]
[INFO] 2025-05-05T17:54:43.829710 Rank 0 step 223 processed 5 samples in 0.3310208320617676 s [/mnt/ioopt/appbench/apps/MLPerf-storage/dlio_benchmark/dlio_benchmark/utils/statscounter.py:325]
[INFO] 2025-05-05T17:54:44.158492 Rank 0 step 224 processed 5 samples in 0.3283059597015381 s [/mnt/ioopt/appbench/apps/MLPerf-storage/dlio_benchmark/dlio_benchmark/utils/statscounter.py:325]
[INFO] 2025-05-05T17:54:50.447634 Rank 0 step 225 processed 5 samples in 6.28869891166687 s [/mnt/ioopt/appbench/apps/MLPerf-storage/dlio_benchmark/dlio_benchmark/utils/statscounter.py:325]
[INFO] 2025-05-05T17:55:06.465489 Rank 0 step 226 processed 5 samples in 16.017395734786987 s [/mnt/ioopt/appbench/apps/MLPerf-storage/dlio_benchmark/dlio_benchmark/utils/statscounter.py:325]
[INFO] 2025-05-05T17:55:06.798675 Rank 0 step 227 processed 5 samples in 0.33266425132751465 s [/mnt/ioopt/appbench/apps/MLPerf-storage/dlio_benchmark/dlio_benchmark/utils/statscounter.py:325]
[INFO] 2025-05-05T17:55:09.045548 Rank 0 step 228 processed 5 samples in 2.24609637260437 s [/mnt/ioopt/appbench/apps/MLPerf-storage/dlio_benchmark/dlio_benchmark/utils/statscounter.py:325]
[INFO] 2025-05-05T17:55:09.374635 Rank 0 step 229 processed 5 samples in 0.32843708992004395 s [/mnt/ioopt/appbench/apps/MLPerf-storage/dlio_benchmark/dlio_benchmark/utils/statscounter.py:325]
[INFO] 2025-05-05T17:55:12.660231 Rank 0 step 230 processed 5 samples in 3.285087823867798 s [/mnt/ioopt/appbench/apps/MLPerf-storage/dlio_benchmark/dlio_benchmark/utils/statscounter.py:325]
[INFO] 2025-05-05T17:55:12.989518 Rank 0 step 231 processed 5 samples in 0.32877373695373535 s [/mnt/ioopt/appbench/apps/MLPerf-storage/dlio_benchmark/dlio_benchmark/utils/statscounter.py:325]
[INFO] 2025-05-05T17:55:13.857461 Rank 0 step 232 processed 5 samples in 0.8674914836883545 s [/mnt/ioopt/appbench/apps/MLPerf-storage/dlio_benchmark/dlio_benchmark/utils/statscounter.py:325]
[INFO] 2025-05-05T17:55:14.186549 Rank 0 step 233 processed 5 samples in 0.3286311626434326 s [/mnt/ioopt/appbench/apps/MLPerf-storage/dlio_benchmark/dlio_benchmark/utils/statscounter.py:325]
[INFO] 2025-05-05T17:55:16.348713 Rank 0 step 234 processed 5 samples in 2.1617376804351807 s [/mnt/ioopt/appbench/apps/MLPerf-storage/dlio_benchmark/dlio_benchmark/utils/statscounter.py:325]
[INFO] 2025-05-05T17:55:16.677431 Rank 0 step 235 processed 5 samples in 0.32825756072998047 s [/mnt/ioopt/appbench/apps/MLPerf-storage/dlio_benchmark/dlio_benchmark/utils/statscounter.py:325]
[INFO] 2025-05-05T17:55:17.006931 Rank 0 step 236 processed 5 samples in 0.32905006408691406 s [/mnt/ioopt/appbench/apps/MLPerf-storage/dlio_benchmark/dlio_benchmark/utils/statscounter.py:325]
[INFO] 2025-05-05T17:55:20.665809 Rank 0 step 237 processed 5 samples in 3.65841007232666 s [/mnt/ioopt/appbench/apps/MLPerf-storage/dlio_benchmark/dlio_benchmark/utils/statscounter.py:325]
[INFO] 2025-05-05T17:55:20.994684 Rank 0 step 238 processed 5 samples in 0.3283498287200928 s [/mnt/ioopt/appbench/apps/MLPerf-storage/dlio_benchmark/dlio_benchmark/utils/statscounter.py:325]
[INFO] 2025-05-05T17:55:21.950284 Rank 0 step 239 processed 5 samples in 0.9550764560699463 s [/mnt/ioopt/appbench/apps/MLPerf-storage/dlio_benchmark/dlio_benchmark/utils/statscounter.py:325]
[INFO] 2025-05-05T17:55:26.586240 Rank 0 step 240 processed 5 samples in 4.635400056838989 s [/mnt/ioopt/appbench/apps/MLPerf-storage/dlio_benchmark/dlio_benchmark/utils/statscounter.py:325]
[INFO] 2025-05-05T17:55:31.058201 Rank 0 step 241 processed 5 samples in 4.4714086055755615 s [/mnt/ioopt/appbench/apps/MLPerf-storage/dlio_benchmark/dlio_benchmark/utils/statscounter.py:325]
[INFO] 2025-05-05T17:55:54.193600 Rank 0 step 242 processed 5 samples in 23.134904384613037 s [/mnt/ioopt/appbench/apps/MLPerf-storage/dlio_benchmark/dlio_benchmark/utils/statscounter.py:325]
[INFO] 2025-05-05T17:55:55.045911 Rank 0 step 243 processed 5 samples in 0.8518033027648926 s [/mnt/ioopt/appbench/apps/MLPerf-storage/dlio_benchmark/dlio_benchmark/utils/statscounter.py:325]
[INFO] 2025-05-05T17:55:55.374724 Rank 0 step 244 processed 5 samples in 0.32832813262939453 s [/mnt/ioopt/appbench/apps/MLPerf-storage/dlio_benchmark/dlio_benchmark/utils/statscounter.py:325]
[INFO] 2025-05-05T17:55:55.703411 Rank 0 step 245 processed 5 samples in 0.32821178436279297 s [/mnt/ioopt/appbench/apps/MLPerf-storage/dlio_benchmark/dlio_benchmark/utils/statscounter.py:325]
[INFO] 2025-05-05T17:55:56.036831 Rank 0 step 246 processed 5 samples in 0.3329892158508301 s [/mnt/ioopt/appbench/apps/MLPerf-storage/dlio_benchmark/dlio_benchmark/utils/statscounter.py:325]
[INFO] 2025-05-05T17:55:56.365648 Rank 0 step 247 processed 5 samples in 0.32839226722717285 s [/mnt/ioopt/appbench/apps/MLPerf-storage/dlio_benchmark/dlio_benchmark/utils/statscounter.py:325]
[INFO] 2025-05-05T17:55:56.694463 Rank 0 step 248 processed 5 samples in 0.3283565044403076 s [/mnt/ioopt/appbench/apps/MLPerf-storage/dlio_benchmark/dlio_benchmark/utils/statscounter.py:325]
[INFO] 2025-05-05T17:55:57.023527 Rank 0 step 249 processed 5 samples in 0.32861948013305664 s [/mnt/ioopt/appbench/apps/MLPerf-storage/dlio_benchmark/dlio_benchmark/utils/statscounter.py:325]
[INFO] 2025-05-05T17:55:58.665651 Rank 0 step 250 processed 5 samples in 1.6416826248168945 s [/mnt/ioopt/appbench/apps/MLPerf-storage/dlio_benchmark/dlio_benchmark/utils/statscounter.py:325]
[INFO] 2025-05-05T17:55:58.992270 Rank 0 step 251 processed 5 samples in 0.3262946605682373 s [/mnt/ioopt/appbench/apps/MLPerf-storage/dlio_benchmark/dlio_benchmark/utils/statscounter.py:325]
[INFO] 2025-05-05T17:55:59.321110 Rank 0 step 252 processed 5 samples in 0.3283650875091553 s [/mnt/ioopt/appbench/apps/MLPerf-storage/dlio_benchmark/dlio_benchmark/utils/statscounter.py:325]
[INFO] 2025-05-05T17:55:59.653418 Rank 0 step 253 processed 5 samples in 0.3318212032318115 s [/mnt/ioopt/appbench/apps/MLPerf-storage/dlio_benchmark/dlio_benchmark/utils/statscounter.py:325]
[INFO] 2025-05-05T17:56:02.701307 Rank 0 step 254 processed 5 samples in 3.0474183559417725 s [/mnt/ioopt/appbench/apps/MLPerf-storage/dlio_benchmark/dlio_benchmark/utils/statscounter.py:325]
[INFO] 2025-05-05T17:56:03.030319 Rank 0 step 255 processed 5 samples in 0.32856130599975586 s [/mnt/ioopt/appbench/apps/MLPerf-storage/dlio_benchmark/dlio_benchmark/utils/statscounter.py:325]
[INFO] 2025-05-05T17:56:03.358984 Rank 0 step 256 processed 5 samples in 0.32825374603271484 s [/mnt/ioopt/appbench/apps/MLPerf-storage/dlio_benchmark/dlio_benchmark/utils/statscounter.py:325]
[INFO] 2025-05-05T17:56:03.687736 Rank 0 step 257 processed 5 samples in 0.32831382751464844 s [/mnt/ioopt/appbench/apps/MLPerf-storage/dlio_benchmark/dlio_benchmark/utils/statscounter.py:325]
[INFO] 2025-05-05T17:56:30.176310 Rank 0 step 258 processed 5 samples in 26.488104343414307 s [/mnt/ioopt/appbench/apps/MLPerf-storage/dlio_benchmark/dlio_benchmark/utils/statscounter.py:325]
[INFO] 2025-05-05T17:56:30.504446 Rank 0 step 259 processed 5 samples in 0.3275573253631592 s [/mnt/ioopt/appbench/apps/MLPerf-storage/dlio_benchmark/dlio_benchmark/utils/statscounter.py:325]
[INFO] 2025-05-05T17:56:30.831648 Rank 0 step 260 processed 5 samples in 0.3265550136566162 s [/mnt/ioopt/appbench/apps/MLPerf-storage/dlio_benchmark/dlio_benchmark/utils/statscounter.py:325]
[INFO] 2025-05-05T17:56:31.634646 Rank 0 step 261 processed 5 samples in 0.8024988174438477 s [/mnt/ioopt/appbench/apps/MLPerf-storage/dlio_benchmark/dlio_benchmark/utils/statscounter.py:325]
[INFO] 2025-05-05T17:56:31.963899 Rank 0 step 262 processed 5 samples in 0.3287675380706787 s [/mnt/ioopt/appbench/apps/MLPerf-storage/dlio_benchmark/dlio_benchmark/utils/statscounter.py:325]
[INFO] 2025-05-05T17:56:32.292692 Rank 0 step 263 processed 5 samples in 0.3283238410949707 s [/mnt/ioopt/appbench/apps/MLPerf-storage/dlio_benchmark/dlio_benchmark/utils/statscounter.py:325]
[INFO] 2025-05-05T17:56:33.938108 Rank 0 step 264 processed 5 samples in 1.644949197769165 s [/mnt/ioopt/appbench/apps/MLPerf-storage/dlio_benchmark/dlio_benchmark/utils/statscounter.py:325]
[INFO] 2025-05-05T17:56:34.266773 Rank 0 step 265 processed 5 samples in 0.32820796966552734 s [/mnt/ioopt/appbench/apps/MLPerf-storage/dlio_benchmark/dlio_benchmark/utils/statscounter.py:325]
[INFO] 2025-05-05T17:56:34.595639 Rank 0 step 266 processed 5 samples in 0.32839274406433105 s [/mnt/ioopt/appbench/apps/MLPerf-storage/dlio_benchmark/dlio_benchmark/utils/statscounter.py:325]
[INFO] 2025-05-05T17:56:34.924302 Rank 0 step 267 processed 5 samples in 0.32822537422180176 s [/mnt/ioopt/appbench/apps/MLPerf-storage/dlio_benchmark/dlio_benchmark/utils/statscounter.py:325]
[INFO] 2025-05-05T17:56:35.253511 Rank 0 step 268 processed 5 samples in 0.32871508598327637 s [/mnt/ioopt/appbench/apps/MLPerf-storage/dlio_benchmark/dlio_benchmark/utils/statscounter.py:325]
[INFO] 2025-05-05T17:56:41.135461 Rank 0 step 269 processed 5 samples in 5.778613328933716 s [/mnt/ioopt/appbench/apps/MLPerf-storage/dlio_benchmark/dlio_benchmark/utils/statscounter.py:325]
[INFO] 2025-05-05T17:56:41.464449 Rank 0 step 270 processed 5 samples in 0.32846808433532715 s [/mnt/ioopt/appbench/apps/MLPerf-storage/dlio_benchmark/dlio_benchmark/utils/statscounter.py:325]
[INFO] 2025-05-05T17:56:41.793771 Rank 0 step 271 processed 5 samples in 0.328843355178833 s [/mnt/ioopt/appbench/apps/MLPerf-storage/dlio_benchmark/dlio_benchmark/utils/statscounter.py:325]
[INFO] 2025-05-05T17:56:42.122987 Rank 0 step 272 processed 5 samples in 0.3287198543548584 s [/mnt/ioopt/appbench/apps/MLPerf-storage/dlio_benchmark/dlio_benchmark/utils/statscounter.py:325]
[INFO] 2025-05-05T17:56:42.452274 Rank 0 step 273 processed 5 samples in 0.32872509956359863 s [/mnt/ioopt/appbench/apps/MLPerf-storage/dlio_benchmark/dlio_benchmark/utils/statscounter.py:325]
[INFO] 2025-05-05T17:57:05.083345 Rank 0 step 274 processed 5 samples in 22.630594491958618 s [/mnt/ioopt/appbench/apps/MLPerf-storage/dlio_benchmark/dlio_benchmark/utils/statscounter.py:325]
[INFO] 2025-05-05T17:57:05.412532 Rank 0 step 275 processed 5 samples in 0.3283822536468506 s [/mnt/ioopt/appbench/apps/MLPerf-storage/dlio_benchmark/dlio_benchmark/utils/statscounter.py:325]
[INFO] 2025-05-05T17:57:05.741340 Rank 0 step 276 processed 5 samples in 0.32836389541625977 s [/mnt/ioopt/appbench/apps/MLPerf-storage/dlio_benchmark/dlio_benchmark/utils/statscounter.py:325]
[INFO] 2025-05-05T17:57:06.070438 Rank 0 step 277 processed 5 samples in 0.32865428924560547 s [/mnt/ioopt/appbench/apps/MLPerf-storage/dlio_benchmark/dlio_benchmark/utils/statscounter.py:325]
[INFO] 2025-05-05T17:57:06.399514 Rank 0 step 278 processed 5 samples in 0.3286423683166504 s [/mnt/ioopt/appbench/apps/MLPerf-storage/dlio_benchmark/dlio_benchmark/utils/statscounter.py:325]
[INFO] 2025-05-05T17:57:06.728758 Rank 0 step 279 processed 5 samples in 0.3287839889526367 s [/mnt/ioopt/appbench/apps/MLPerf-storage/dlio_benchmark/dlio_benchmark/utils/statscounter.py:325]
[INFO] 2025-05-05T17:57:07.752233 Rank 0 step 280 processed 5 samples in 1.0230414867401123 s [/mnt/ioopt/appbench/apps/MLPerf-storage/dlio_benchmark/dlio_benchmark/utils/statscounter.py:325]
[INFO] 2025-05-05T17:57:13.577635 Rank 0 step 281 processed 5 samples in 5.8249452114105225 s [/mnt/ioopt/appbench/apps/MLPerf-storage/dlio_benchmark/dlio_benchmark/utils/statscounter.py:325]
[INFO] 2025-05-05T17:57:13.906421 Rank 0 step 282 processed 5 samples in 0.3282778263092041 s [/mnt/ioopt/appbench/apps/MLPerf-storage/dlio_benchmark/dlio_benchmark/utils/statscounter.py:325]
[INFO] 2025-05-05T17:57:14.235415 Rank 0 step 283 processed 5 samples in 0.32854557037353516 s [/mnt/ioopt/appbench/apps/MLPerf-storage/dlio_benchmark/dlio_benchmark/utils/statscounter.py:325]
[INFO] 2025-05-05T17:57:14.564138 Rank 0 step 284 processed 5 samples in 0.32823777198791504 s [/mnt/ioopt/appbench/apps/MLPerf-storage/dlio_benchmark/dlio_benchmark/utils/statscounter.py:325]
[INFO] 2025-05-05T17:57:14.893291 Rank 0 step 285 processed 5 samples in 0.3286864757537842 s [/mnt/ioopt/appbench/apps/MLPerf-storage/dlio_benchmark/dlio_benchmark/utils/statscounter.py:325]
[INFO] 2025-05-05T17:57:15.221516 Rank 0 step 286 processed 5 samples in 0.32778143882751465 s [/mnt/ioopt/appbench/apps/MLPerf-storage/dlio_benchmark/dlio_benchmark/utils/statscounter.py:325]
[INFO] 2025-05-05T17:57:15.604007 Rank 0 step 287 processed 5 samples in 0.38204479217529297 s [/mnt/ioopt/appbench/apps/MLPerf-storage/dlio_benchmark/dlio_benchmark/utils/statscounter.py:325]
[INFO] 2025-05-05T17:57:15.932709 Rank 0 step 288 processed 5 samples in 0.3282511234283447 s [/mnt/ioopt/appbench/apps/MLPerf-storage/dlio_benchmark/dlio_benchmark/utils/statscounter.py:325]
[INFO] 2025-05-05T17:57:20.210787 Rank 0 step 289 processed 5 samples in 4.277644872665405 s [/mnt/ioopt/appbench/apps/MLPerf-storage/dlio_benchmark/dlio_benchmark/utils/statscounter.py:325]
[INFO] 2025-05-05T17:57:37.225042 Rank 0 step 290 processed 5 samples in 16.963659286499023 s [/mnt/ioopt/appbench/apps/MLPerf-storage/dlio_benchmark/dlio_benchmark/utils/statscounter.py:325]
[INFO] 2025-05-05T17:57:41.134614 Rank 0 step 291 processed 5 samples in 3.909059524536133 s [/mnt/ioopt/appbench/apps/MLPerf-storage/dlio_benchmark/dlio_benchmark/utils/statscounter.py:325]
[INFO] 2025-05-05T17:57:41.461117 Rank 0 step 292 processed 5 samples in 0.3262054920196533 s [/mnt/ioopt/appbench/apps/MLPerf-storage/dlio_benchmark/dlio_benchmark/utils/statscounter.py:325]
[INFO] 2025-05-05T17:57:41.790167 Rank 0 step 293 processed 5 samples in 0.32858943939208984 s [/mnt/ioopt/appbench/apps/MLPerf-storage/dlio_benchmark/dlio_benchmark/utils/statscounter.py:325]
[INFO] 2025-05-05T17:57:42.119864 Rank 0 step 294 processed 5 samples in 0.3292100429534912 s [/mnt/ioopt/appbench/apps/MLPerf-storage/dlio_benchmark/dlio_benchmark/utils/statscounter.py:325]
[INFO] 2025-05-05T17:57:42.448739 Rank 0 step 295 processed 5 samples in 0.3284122943878174 s [/mnt/ioopt/appbench/apps/MLPerf-storage/dlio_benchmark/dlio_benchmark/utils/statscounter.py:325]
[INFO] 2025-05-05T17:57:42.777896 Rank 0 step 296 processed 5 samples in 0.3287017345428467 s [/mnt/ioopt/appbench/apps/MLPerf-storage/dlio_benchmark/dlio_benchmark/utils/statscounter.py:325]
[INFO] 2025-05-05T17:57:43.109320 Rank 0 step 297 processed 5 samples in 0.3309497833251953 s [/mnt/ioopt/appbench/apps/MLPerf-storage/dlio_benchmark/dlio_benchmark/utils/statscounter.py:325]
[INFO] 2025-05-05T17:57:45.755526 Rank 0 step 298 processed 5 samples in 2.6456756591796875 s [/mnt/ioopt/appbench/apps/MLPerf-storage/dlio_benchmark/dlio_benchmark/utils/statscounter.py:325]
[INFO] 2025-05-05T17:57:46.084240 Rank 0 step 299 processed 5 samples in 0.3282785415649414 s [/mnt/ioopt/appbench/apps/MLPerf-storage/dlio_benchmark/dlio_benchmark/utils/statscounter.py:325]
[INFO] 2025-05-05T17:57:51.791188 Rank 0 step 300 processed 5 samples in 5.706536769866943 s [/mnt/ioopt/appbench/apps/MLPerf-storage/dlio_benchmark/dlio_benchmark/utils/statscounter.py:325]
[INFO] 2025-05-05T17:57:52.118862 Rank 0 step 301 processed 5 samples in 0.32724571228027344 s [/mnt/ioopt/appbench/apps/MLPerf-storage/dlio_benchmark/dlio_benchmark/utils/statscounter.py:325]
[INFO] 2025-05-05T17:57:55.622518 Rank 0 step 302 processed 5 samples in 3.5032317638397217 s [/mnt/ioopt/appbench/apps/MLPerf-storage/dlio_benchmark/dlio_benchmark/utils/statscounter.py:325]
[INFO] 2025-05-05T17:57:55.951547 Rank 0 step 303 processed 5 samples in 0.32836270332336426 s [/mnt/ioopt/appbench/apps/MLPerf-storage/dlio_benchmark/dlio_benchmark/utils/statscounter.py:325]
[INFO] 2025-05-05T17:57:56.278201 Rank 0 step 304 processed 5 samples in 0.3263390064239502 s [/mnt/ioopt/appbench/apps/MLPerf-storage/dlio_benchmark/dlio_benchmark/utils/statscounter.py:325]
[INFO] 2025-05-05T17:57:56.606602 Rank 0 step 305 processed 5 samples in 0.3280489444732666 s [/mnt/ioopt/appbench/apps/MLPerf-storage/dlio_benchmark/dlio_benchmark/utils/statscounter.py:325]
[INFO] 2025-05-05T17:58:13.050060 Rank 0 step 306 processed 5 samples in 16.442776441574097 s [/mnt/ioopt/appbench/apps/MLPerf-storage/dlio_benchmark/dlio_benchmark/utils/statscounter.py:325]
[INFO] 2025-05-05T17:58:19.357142 Rank 0 step 307 processed 5 samples in 6.306597709655762 s [/mnt/ioopt/appbench/apps/MLPerf-storage/dlio_benchmark/dlio_benchmark/utils/statscounter.py:325]
[INFO] 2025-05-05T17:58:19.686302 Rank 0 step 308 processed 5 samples in 0.32869958877563477 s [/mnt/ioopt/appbench/apps/MLPerf-storage/dlio_benchmark/dlio_benchmark/utils/statscounter.py:325]
[INFO] 2025-05-05T17:58:20.015473 Rank 0 step 309 processed 5 samples in 0.328671932220459 s [/mnt/ioopt/appbench/apps/MLPerf-storage/dlio_benchmark/dlio_benchmark/utils/statscounter.py:325]
[INFO] 2025-05-05T17:58:20.928573 Rank 0 step 310 processed 5 samples in 0.9126327037811279 s [/mnt/ioopt/appbench/apps/MLPerf-storage/dlio_benchmark/dlio_benchmark/utils/statscounter.py:325]
[INFO] 2025-05-05T17:58:21.257228 Rank 0 step 311 processed 5 samples in 0.32819032669067383 s [/mnt/ioopt/appbench/apps/MLPerf-storage/dlio_benchmark/dlio_benchmark/utils/statscounter.py:325]
[INFO] 2025-05-05T17:58:21.586138 Rank 0 step 312 processed 5 samples in 0.328488826751709 s [/mnt/ioopt/appbench/apps/MLPerf-storage/dlio_benchmark/dlio_benchmark/utils/statscounter.py:325]
[INFO] 2025-05-05T17:58:21.915236 Rank 0 step 313 processed 5 samples in 0.32865452766418457 s [/mnt/ioopt/appbench/apps/MLPerf-storage/dlio_benchmark/dlio_benchmark/utils/statscounter.py:325]
[INFO] 2025-05-05T17:58:22.246337 Rank 0 step 314 processed 5 samples in 0.3306901454925537 s [/mnt/ioopt/appbench/apps/MLPerf-storage/dlio_benchmark/dlio_benchmark/utils/statscounter.py:325]
[INFO] 2025-05-05T17:58:22.575125 Rank 0 step 315 processed 5 samples in 0.32836318016052246 s [/mnt/ioopt/appbench/apps/MLPerf-storage/dlio_benchmark/dlio_benchmark/utils/statscounter.py:325]
[INFO] 2025-05-05T17:58:33.898864 Rank 0 step 316 processed 5 samples in 11.323290586471558 s [/mnt/ioopt/appbench/apps/MLPerf-storage/dlio_benchmark/dlio_benchmark/utils/statscounter.py:325]
[INFO] 2025-05-05T17:58:36.411122 Rank 0 step 317 processed 5 samples in 2.511765956878662 s [/mnt/ioopt/appbench/apps/MLPerf-storage/dlio_benchmark/dlio_benchmark/utils/statscounter.py:325]
[INFO] 2025-05-05T17:58:36.740331 Rank 0 step 318 processed 5 samples in 0.3287477493286133 s [/mnt/ioopt/appbench/apps/MLPerf-storage/dlio_benchmark/dlio_benchmark/utils/statscounter.py:325]
[INFO] 2025-05-05T17:58:37.069268 Rank 0 step 319 processed 5 samples in 0.3284783363342285 s [/mnt/ioopt/appbench/apps/MLPerf-storage/dlio_benchmark/dlio_benchmark/utils/statscounter.py:325]
[INFO] 2025-05-05T17:58:37.398165 Rank 0 step 320 processed 5 samples in 0.3284337520599365 s [/mnt/ioopt/appbench/apps/MLPerf-storage/dlio_benchmark/dlio_benchmark/utils/statscounter.py:325]
[INFO] 2025-05-05T17:58:37.728846 Rank 0 step 321 processed 5 samples in 0.3302145004272461 s [/mnt/ioopt/appbench/apps/MLPerf-storage/dlio_benchmark/dlio_benchmark/utils/statscounter.py:325]
[INFO] 2025-05-05T17:58:42.344773 Rank 0 step 322 processed 5 samples in 4.615463018417358 s [/mnt/ioopt/appbench/apps/MLPerf-storage/dlio_benchmark/dlio_benchmark/utils/statscounter.py:325]
[INFO] 2025-05-05T17:59:00.479693 Rank 0 step 323 processed 5 samples in 18.134494304656982 s [/mnt/ioopt/appbench/apps/MLPerf-storage/dlio_benchmark/dlio_benchmark/utils/statscounter.py:325]
[INFO] 2025-05-05T17:59:00.808602 Rank 0 step 324 processed 5 samples in 0.3283967971801758 s [/mnt/ioopt/appbench/apps/MLPerf-storage/dlio_benchmark/dlio_benchmark/utils/statscounter.py:325]
[INFO] 2025-05-05T17:59:01.137578 Rank 0 step 325 processed 5 samples in 0.32856035232543945 s [/mnt/ioopt/appbench/apps/MLPerf-storage/dlio_benchmark/dlio_benchmark/utils/statscounter.py:325]
[INFO] 2025-05-05T17:59:01.466275 Rank 0 step 326 processed 5 samples in 0.32826852798461914 s [/mnt/ioopt/appbench/apps/MLPerf-storage/dlio_benchmark/dlio_benchmark/utils/statscounter.py:325]
[INFO] 2025-05-05T17:59:01.795463 Rank 0 step 327 processed 5 samples in 0.32875514030456543 s [/mnt/ioopt/appbench/apps/MLPerf-storage/dlio_benchmark/dlio_benchmark/utils/statscounter.py:325]
[INFO] 2025-05-05T17:59:02.124282 Rank 0 step 328 processed 5 samples in 0.32835888862609863 s [/mnt/ioopt/appbench/apps/MLPerf-storage/dlio_benchmark/dlio_benchmark/utils/statscounter.py:325]
[INFO] 2025-05-05T17:59:02.455825 Rank 0 step 329 processed 5 samples in 0.3311028480529785 s [/mnt/ioopt/appbench/apps/MLPerf-storage/dlio_benchmark/dlio_benchmark/utils/statscounter.py:325]
[INFO] 2025-05-05T17:59:02.785265 Rank 0 step 330 processed 5 samples in 0.3288857936859131 s [/mnt/ioopt/appbench/apps/MLPerf-storage/dlio_benchmark/dlio_benchmark/utils/statscounter.py:325]
[INFO] 2025-05-05T17:59:03.114165 Rank 0 step 331 processed 5 samples in 0.32840514183044434 s [/mnt/ioopt/appbench/apps/MLPerf-storage/dlio_benchmark/dlio_benchmark/utils/statscounter.py:325]
[INFO] 2025-05-05T17:59:06.728742 Rank 0 step 332 processed 5 samples in 3.6143035888671875 s [/mnt/ioopt/appbench/apps/MLPerf-storage/dlio_benchmark/dlio_benchmark/utils/statscounter.py:325]
[INFO] 2025-05-05T17:59:07.057709 Rank 0 step 333 processed 5 samples in 0.32842111587524414 s [/mnt/ioopt/appbench/apps/MLPerf-storage/dlio_benchmark/dlio_benchmark/utils/statscounter.py:325]
[INFO] 2025-05-05T17:59:07.391074 Rank 0 step 334 processed 5 samples in 0.33278441429138184 s [/mnt/ioopt/appbench/apps/MLPerf-storage/dlio_benchmark/dlio_benchmark/utils/statscounter.py:325]
[INFO] 2025-05-05T17:59:11.321964 Rank 0 step 335 processed 5 samples in 3.9301276206970215 s [/mnt/ioopt/appbench/apps/MLPerf-storage/dlio_benchmark/dlio_benchmark/utils/statscounter.py:325]
[INFO] 2025-05-05T17:59:18.732155 Rank 0 step 336 processed 5 samples in 7.409721851348877 s [/mnt/ioopt/appbench/apps/MLPerf-storage/dlio_benchmark/dlio_benchmark/utils/statscounter.py:325]
[INFO] 2025-05-05T17:59:19.061099 Rank 0 step 337 processed 5 samples in 0.32842135429382324 s [/mnt/ioopt/appbench/apps/MLPerf-storage/dlio_benchmark/dlio_benchmark/utils/statscounter.py:325]
[INFO] 2025-05-05T17:59:19.389842 Rank 0 step 338 processed 5 samples in 0.3283066749572754 s [/mnt/ioopt/appbench/apps/MLPerf-storage/dlio_benchmark/dlio_benchmark/utils/statscounter.py:325]
[INFO] 2025-05-05T17:59:31.168907 Rank 0 step 339 processed 5 samples in 11.778616905212402 s [/mnt/ioopt/appbench/apps/MLPerf-storage/dlio_benchmark/dlio_benchmark/utils/statscounter.py:325]
[INFO] 2025-05-05T17:59:37.468770 Rank 0 step 340 processed 5 samples in 6.299378156661987 s [/mnt/ioopt/appbench/apps/MLPerf-storage/dlio_benchmark/dlio_benchmark/utils/statscounter.py:325]
[INFO] 2025-05-05T17:59:37.797817 Rank 0 step 341 processed 5 samples in 0.32855749130249023 s [/mnt/ioopt/appbench/apps/MLPerf-storage/dlio_benchmark/dlio_benchmark/utils/statscounter.py:325]
[INFO] 2025-05-05T17:59:38.232529 Rank 0 step 342 processed 5 samples in 0.4342458248138428 s [/mnt/ioopt/appbench/apps/MLPerf-storage/dlio_benchmark/dlio_benchmark/utils/statscounter.py:325]
[INFO] 2025-05-05T17:59:38.561418 Rank 0 step 343 processed 5 samples in 0.32842445373535156 s [/mnt/ioopt/appbench/apps/MLPerf-storage/dlio_benchmark/dlio_benchmark/utils/statscounter.py:325]
[INFO] 2025-05-05T17:59:38.890949 Rank 0 step 344 processed 5 samples in 0.3290538787841797 s [/mnt/ioopt/appbench/apps/MLPerf-storage/dlio_benchmark/dlio_benchmark/utils/statscounter.py:325]
[INFO] 2025-05-05T17:59:39.219737 Rank 0 step 345 processed 5 samples in 0.32831692695617676 s [/mnt/ioopt/appbench/apps/MLPerf-storage/dlio_benchmark/dlio_benchmark/utils/statscounter.py:325]
[INFO] 2025-05-05T17:59:43.170216 Rank 0 step 346 processed 5 samples in 3.950065851211548 s [/mnt/ioopt/appbench/apps/MLPerf-storage/dlio_benchmark/dlio_benchmark/utils/statscounter.py:325]
[INFO] 2025-05-05T17:59:43.499179 Rank 0 step 347 processed 5 samples in 0.32849931716918945 s [/mnt/ioopt/appbench/apps/MLPerf-storage/dlio_benchmark/dlio_benchmark/utils/statscounter.py:325]
[INFO] 2025-05-05T17:59:43.827987 Rank 0 step 348 processed 5 samples in 0.32834601402282715 s [/mnt/ioopt/appbench/apps/MLPerf-storage/dlio_benchmark/dlio_benchmark/utils/statscounter.py:325]
[INFO] 2025-05-05T17:59:44.515185 Rank 0 step 349 processed 5 samples in 0.686713457107544 s [/mnt/ioopt/appbench/apps/MLPerf-storage/dlio_benchmark/dlio_benchmark/utils/statscounter.py:325]
[INFO] 2025-05-05T17:59:44.844123 Rank 0 step 350 processed 5 samples in 0.3284029960632324 s [/mnt/ioopt/appbench/apps/MLPerf-storage/dlio_benchmark/dlio_benchmark/utils/statscounter.py:325]
[INFO] 2025-05-05T17:59:45.172757 Rank 0 step 351 processed 5 samples in 0.32817745208740234 s [/mnt/ioopt/appbench/apps/MLPerf-storage/dlio_benchmark/dlio_benchmark/utils/statscounter.py:325]
[INFO] 2025-05-05T17:59:45.503972 Rank 0 step 352 processed 5 samples in 0.3307211399078369 s [/mnt/ioopt/appbench/apps/MLPerf-storage/dlio_benchmark/dlio_benchmark/utils/statscounter.py:325]
[INFO] 2025-05-05T17:59:58.442478 Rank 0 step 353 processed 5 samples in 12.93795895576477 s [/mnt/ioopt/appbench/apps/MLPerf-storage/dlio_benchmark/dlio_benchmark/utils/statscounter.py:325]
[INFO] 2025-05-05T17:59:58.771562 Rank 0 step 354 processed 5 samples in 0.32855939865112305 s [/mnt/ioopt/appbench/apps/MLPerf-storage/dlio_benchmark/dlio_benchmark/utils/statscounter.py:325]
[INFO] 2025-05-05T18:00:09.905874 Rank 0 step 355 processed 5 samples in 11.13388991355896 s [/mnt/ioopt/appbench/apps/MLPerf-storage/dlio_benchmark/dlio_benchmark/utils/statscounter.py:325]
[INFO] 2025-05-05T18:00:10.234624 Rank 0 step 356 processed 5 samples in 0.32828783988952637 s [/mnt/ioopt/appbench/apps/MLPerf-storage/dlio_benchmark/dlio_benchmark/utils/statscounter.py:325]
[INFO] 2025-05-05T18:00:10.563608 Rank 0 step 357 processed 5 samples in 0.3285837173461914 s [/mnt/ioopt/appbench/apps/MLPerf-storage/dlio_benchmark/dlio_benchmark/utils/statscounter.py:325]
[INFO] 2025-05-05T18:00:12.416783 Rank 0 step 358 processed 5 samples in 1.8527703285217285 s [/mnt/ioopt/appbench/apps/MLPerf-storage/dlio_benchmark/dlio_benchmark/utils/statscounter.py:325]
[INFO] 2025-05-05T18:00:16.059227 Rank 0 step 359 processed 5 samples in 3.641975164413452 s [/mnt/ioopt/appbench/apps/MLPerf-storage/dlio_benchmark/dlio_benchmark/utils/statscounter.py:325]
[INFO] 2025-05-05T18:00:16.388570 Rank 0 step 360 processed 5 samples in 0.32886576652526855 s [/mnt/ioopt/appbench/apps/MLPerf-storage/dlio_benchmark/dlio_benchmark/utils/statscounter.py:325]
[INFO] 2025-05-05T18:00:16.717242 Rank 0 step 361 processed 5 samples in 0.32821011543273926 s [/mnt/ioopt/appbench/apps/MLPerf-storage/dlio_benchmark/dlio_benchmark/utils/statscounter.py:325]
[INFO] 2025-05-05T18:00:17.046105 Rank 0 step 362 processed 5 samples in 0.3284149169921875 s [/mnt/ioopt/appbench/apps/MLPerf-storage/dlio_benchmark/dlio_benchmark/utils/statscounter.py:325]
[INFO] 2025-05-05T18:00:17.371614 Rank 0 step 363 processed 5 samples in 0.32522153854370117 s [/mnt/ioopt/appbench/apps/MLPerf-storage/dlio_benchmark/dlio_benchmark/utils/statscounter.py:325]
[INFO] 2025-05-05T18:00:17.703224 Rank 0 step 364 processed 5 samples in 0.3311448097229004 s [/mnt/ioopt/appbench/apps/MLPerf-storage/dlio_benchmark/dlio_benchmark/utils/statscounter.py:325]
[INFO] 2025-05-05T18:00:19.914383 Rank 0 step 365 processed 5 samples in 2.21061110496521 s [/mnt/ioopt/appbench/apps/MLPerf-storage/dlio_benchmark/dlio_benchmark/utils/statscounter.py:325]
[INFO] 2025-05-05T18:00:24.220919 Rank 0 step 366 processed 5 samples in 4.306043386459351 s [/mnt/ioopt/appbench/apps/MLPerf-storage/dlio_benchmark/dlio_benchmark/utils/statscounter.py:325]
[INFO] 2025-05-05T18:00:24.549867 Rank 0 step 367 processed 5 samples in 0.32845401763916016 s [/mnt/ioopt/appbench/apps/MLPerf-storage/dlio_benchmark/dlio_benchmark/utils/statscounter.py:325]
[INFO] 2025-05-05T18:00:24.878916 Rank 0 step 368 processed 5 samples in 0.32858872413635254 s [/mnt/ioopt/appbench/apps/MLPerf-storage/dlio_benchmark/dlio_benchmark/utils/statscounter.py:325]
[INFO] 2025-05-05T18:00:38.708496 Rank 0 step 369 processed 5 samples in 13.829115390777588 s [/mnt/ioopt/appbench/apps/MLPerf-storage/dlio_benchmark/dlio_benchmark/utils/statscounter.py:325]
[INFO] 2025-05-05T18:00:44.219520 Rank 0 step 370 processed 5 samples in 5.510548114776611 s [/mnt/ioopt/appbench/apps/MLPerf-storage/dlio_benchmark/dlio_benchmark/utils/statscounter.py:325]
[INFO] 2025-05-05T18:00:44.548283 Rank 0 step 371 processed 5 samples in 0.3282504081726074 s [/mnt/ioopt/appbench/apps/MLPerf-storage/dlio_benchmark/dlio_benchmark/utils/statscounter.py:325]
[INFO] 2025-05-05T18:00:44.877014 Rank 0 step 372 processed 5 samples in 0.32827186584472656 s [/mnt/ioopt/appbench/apps/MLPerf-storage/dlio_benchmark/dlio_benchmark/utils/statscounter.py:325]
[INFO] 2025-05-05T18:00:46.843917 Rank 0 step 373 processed 5 samples in 1.966425895690918 s [/mnt/ioopt/appbench/apps/MLPerf-storage/dlio_benchmark/dlio_benchmark/utils/statscounter.py:325]
[INFO] 2025-05-05T18:00:47.172816 Rank 0 step 374 processed 5 samples in 0.3284003734588623 s [/mnt/ioopt/appbench/apps/MLPerf-storage/dlio_benchmark/dlio_benchmark/utils/statscounter.py:325]
[INFO] 2025-05-05T18:00:47.501671 Rank 0 step 375 processed 5 samples in 0.32839298248291016 s [/mnt/ioopt/appbench/apps/MLPerf-storage/dlio_benchmark/dlio_benchmark/utils/statscounter.py:325]
[INFO] 2025-05-05T18:00:55.230758 Rank 0 step 376 processed 5 samples in 7.728589773178101 s [/mnt/ioopt/appbench/apps/MLPerf-storage/dlio_benchmark/dlio_benchmark/utils/statscounter.py:325]
[INFO] 2025-05-05T18:00:58.678016 Rank 0 step 377 processed 5 samples in 3.446732759475708 s [/mnt/ioopt/appbench/apps/MLPerf-storage/dlio_benchmark/dlio_benchmark/utils/statscounter.py:325]
[INFO] 2025-05-05T18:00:59.007133 Rank 0 step 378 processed 5 samples in 0.328610897064209 s [/mnt/ioopt/appbench/apps/MLPerf-storage/dlio_benchmark/dlio_benchmark/utils/statscounter.py:325]
[INFO] 2025-05-05T18:00:59.335989 Rank 0 step 379 processed 5 samples in 0.32839345932006836 s [/mnt/ioopt/appbench/apps/MLPerf-storage/dlio_benchmark/dlio_benchmark/utils/statscounter.py:325]
[INFO] 2025-05-05T18:00:59.665052 Rank 0 step 380 processed 5 samples in 0.3285398483276367 s [/mnt/ioopt/appbench/apps/MLPerf-storage/dlio_benchmark/dlio_benchmark/utils/statscounter.py:325]
[INFO] 2025-05-05T18:00:59.993865 Rank 0 step 381 processed 5 samples in 0.32837438583374023 s [/mnt/ioopt/appbench/apps/MLPerf-storage/dlio_benchmark/dlio_benchmark/utils/statscounter.py:325]
[INFO] 2025-05-05T18:01:00.324021 Rank 0 step 382 processed 5 samples in 0.3296995162963867 s [/mnt/ioopt/appbench/apps/MLPerf-storage/dlio_benchmark/dlio_benchmark/utils/statscounter.py:325]
[INFO] 2025-05-05T18:01:00.656664 Rank 0 step 383 processed 5 samples in 0.3316657543182373 s [/mnt/ioopt/appbench/apps/MLPerf-storage/dlio_benchmark/dlio_benchmark/utils/statscounter.py:325]
[INFO] 2025-05-05T18:01:00.985472 Rank 0 step 384 processed 5 samples in 0.3283724784851074 s [/mnt/ioopt/appbench/apps/MLPerf-storage/dlio_benchmark/dlio_benchmark/utils/statscounter.py:325]
[INFO] 2025-05-05T18:01:15.315394 Rank 0 step 385 processed 5 samples in 14.32948088645935 s [/mnt/ioopt/appbench/apps/MLPerf-storage/dlio_benchmark/dlio_benchmark/utils/statscounter.py:325]
[INFO] 2025-05-05T18:01:15.644120 Rank 0 step 386 processed 5 samples in 0.3282749652862549 s [/mnt/ioopt/appbench/apps/MLPerf-storage/dlio_benchmark/dlio_benchmark/utils/statscounter.py:325]
[INFO] 2025-05-05T18:01:19.209664 Rank 0 step 387 processed 5 samples in 3.565092086791992 s [/mnt/ioopt/appbench/apps/MLPerf-storage/dlio_benchmark/dlio_benchmark/utils/statscounter.py:325]
[INFO] 2025-05-05T18:01:19.538658 Rank 0 step 388 processed 5 samples in 0.3285677433013916 s [/mnt/ioopt/appbench/apps/MLPerf-storage/dlio_benchmark/dlio_benchmark/utils/statscounter.py:325]
[INFO] 2025-05-05T18:01:19.867398 Rank 0 step 389 processed 5 samples in 0.32831859588623047 s [/mnt/ioopt/appbench/apps/MLPerf-storage/dlio_benchmark/dlio_benchmark/utils/statscounter.py:325]
[INFO] 2025-05-05T18:01:20.195894 Rank 0 step 390 processed 5 samples in 0.3280916213989258 s [/mnt/ioopt/appbench/apps/MLPerf-storage/dlio_benchmark/dlio_benchmark/utils/statscounter.py:325]
[INFO] 2025-05-05T18:01:21.376335 Rank 0 step 391 processed 5 samples in 1.1800086498260498 s [/mnt/ioopt/appbench/apps/MLPerf-storage/dlio_benchmark/dlio_benchmark/utils/statscounter.py:325]
[INFO] 2025-05-05T18:01:25.635101 Rank 0 step 392 processed 5 samples in 4.2583091259002686 s [/mnt/ioopt/appbench/apps/MLPerf-storage/dlio_benchmark/dlio_benchmark/utils/statscounter.py:325]
[INFO] 2025-05-05T18:01:25.967673 Rank 0 step 393 processed 5 samples in 0.33212900161743164 s [/mnt/ioopt/appbench/apps/MLPerf-storage/dlio_benchmark/dlio_benchmark/utils/statscounter.py:325]
[INFO] 2025-05-05T18:01:26.296222 Rank 0 step 394 processed 5 samples in 0.3280458450317383 s [/mnt/ioopt/appbench/apps/MLPerf-storage/dlio_benchmark/dlio_benchmark/utils/statscounter.py:325]
[INFO] 2025-05-05T18:01:27.295049 Rank 0 step 395 processed 5 samples in 0.9983711242675781 s [/mnt/ioopt/appbench/apps/MLPerf-storage/dlio_benchmark/dlio_benchmark/utils/statscounter.py:325]
[INFO] 2025-05-05T18:01:27.620657 Rank 0 step 396 processed 5 samples in 0.32524967193603516 s [/mnt/ioopt/appbench/apps/MLPerf-storage/dlio_benchmark/dlio_benchmark/utils/statscounter.py:325]
[INFO] 2025-05-05T18:01:27.949225 Rank 0 step 397 processed 5 samples in 0.32816457748413086 s [/mnt/ioopt/appbench/apps/MLPerf-storage/dlio_benchmark/dlio_benchmark/utils/statscounter.py:325]
[INFO] 2025-05-05T18:01:28.278186 Rank 0 step 398 processed 5 samples in 0.32858777046203613 s [/mnt/ioopt/appbench/apps/MLPerf-storage/dlio_benchmark/dlio_benchmark/utils/statscounter.py:325]
[INFO] 2025-05-05T18:01:28.606446 Rank 0 step 399 processed 5 samples in 0.32791638374328613 s [/mnt/ioopt/appbench/apps/MLPerf-storage/dlio_benchmark/dlio_benchmark/utils/statscounter.py:325]
[INFO] 2025-05-05T18:01:28.936603 Rank 0 step 400 processed 5 samples in 0.329805850982666 s [/mnt/ioopt/appbench/apps/MLPerf-storage/dlio_benchmark/dlio_benchmark/utils/statscounter.py:325]
[INFO] 2025-05-05T18:01:28.937010 Maximum number of steps reached [/mnt/ioopt/appbench/apps/MLPerf-storage/dlio_benchmark/dlio_benchmark/main.py:293]
[INFO] 2025-05-05T18:01:28.939817 Ending block 1 - 400 steps completed in 966.76 s [/mnt/ioopt/appbench/apps/MLPerf-storage/dlio_benchmark/dlio_benchmark/utils/statscounter.py:282]
[INFO] 2025-05-05T18:01:28.960990 Epoch 1 - Block 1 [Training] Accelerator Utilization [AU] (%): 13.8822 [/mnt/ioopt/appbench/apps/MLPerf-storage/dlio_benchmark/dlio_benchmark/utils/statscounter.py:285]
[INFO] 2025-05-05T18:01:28.961107 Epoch 1 - Block 1 [Training] Throughput (samples/second): 2.0688 [/mnt/ioopt/appbench/apps/MLPerf-storage/dlio_benchmark/dlio_benchmark/utils/statscounter.py:286]
[INFO] 2025-05-05T18:01:28.962813 Ending epoch 1 - 400 steps completed in 966.81 s [/mnt/ioopt/appbench/apps/MLPerf-storage/dlio_benchmark/dlio_benchmark/utils/statscounter.py:225]
[INFO] 2025-05-05T18:01:28.969564 Saved outputs in /mnt/ioopt/appbench/apps/MLPerf-storage/resultsdir/RUN_6/batch_size_5_num_threads_16 [/mnt/ioopt/appbench/apps/MLPerf-storage/dlio_benchmark/dlio_benchmark/utils/statscounter.py:171]
[INFO] Averaged metric over all epochs
[METRIC] ==========================================================
[METRIC] Number of Simulated Accelerators: 1 
[METRIC] Training Accelerator Utilization [AU] (%): 13.8822 (0.0000)
[METRIC] Training Throughput (samples/second): 2.0688 (0.0000)
[METRIC] Training I/O Throughput (MB/second): 289.2348 (0.0000)
[METRIC] train_au_meet_expectation: fail
[METRIC] ==========================================================
 [/mnt/ioopt/appbench/apps/MLPerf-storage/dlio_benchmark/dlio_benchmark/utils/statscounter.py:185]
[INFO] 2025-05-05T18:01:28.976259 outputs saved in RANKID_output.json [/mnt/ioopt/appbench/apps/MLPerf-storage/dlio_benchmark/dlio_benchmark/utils/statscounter.py:378]
