[INFO] 2025-05-04T18:48:20.007048 Profiling DLIO /mnt/ioopt/appbench/apps/MLPerf-storage/resultsdir/RUN_4/batch_size_5_num_threads_14/trace-0-of-1.pfw [/mnt/ioopt/appbench/apps/MLPerf-storage/dlio_benchmark/dlio_benchmark/utils/config.py:189]
[INFO] 2025-05-04T18:48:20.007670 Running DLIO with 1 process(es) [/mnt/ioopt/appbench/apps/MLPerf-storage/dlio_benchmark/dlio_benchmark/main.py:100]
[INFO] Total amount of data each host will consume is 273.064948618412 GB; each host has [np.float64(187.5592384338379)] GB memory [/mnt/ioopt/appbench/apps/MLPerf-storage/dlio_benchmark/dlio_benchmark/utils/statscounter.py:121]
[INFO] 2025-05-04T18:48:36.361000 Max steps per epoch: 400 = 1 * 2000 / 5 / 1 (samples per file * num files / batch size / comm size) [/mnt/ioopt/appbench/apps/MLPerf-storage/dlio_benchmark/dlio_benchmark/main.py:321]
[INFO] 2025-05-04T18:48:36.516168 Starting epoch 1: 400 steps expected [/mnt/ioopt/appbench/apps/MLPerf-storage/dlio_benchmark/dlio_benchmark/utils/statscounter.py:192]
[INFO] 2025-05-04T18:48:36.548526 Starting block 1 [/mnt/ioopt/appbench/apps/MLPerf-storage/dlio_benchmark/dlio_benchmark/utils/statscounter.py:264]
[INFO] 2025-05-04T18:49:08.291148 Rank 0 step 1 processed 5 samples in 31.742433786392212 s [/mnt/ioopt/appbench/apps/MLPerf-storage/dlio_benchmark/dlio_benchmark/utils/statscounter.py:325]
[INFO] 2025-05-04T18:49:08.791990 Rank 0 step 2 processed 5 samples in 0.4998295307159424 s [/mnt/ioopt/appbench/apps/MLPerf-storage/dlio_benchmark/dlio_benchmark/utils/statscounter.py:325]
[INFO] 2025-05-04T18:49:11.120109 Rank 0 step 3 processed 5 samples in 2.327664375305176 s [/mnt/ioopt/appbench/apps/MLPerf-storage/dlio_benchmark/dlio_benchmark/utils/statscounter.py:325]
[INFO] 2025-05-04T18:49:11.449215 Rank 0 step 4 processed 5 samples in 0.32863855361938477 s [/mnt/ioopt/appbench/apps/MLPerf-storage/dlio_benchmark/dlio_benchmark/utils/statscounter.py:325]
[INFO] 2025-05-04T18:49:11.777777 Rank 0 step 5 processed 5 samples in 0.32814717292785645 s [/mnt/ioopt/appbench/apps/MLPerf-storage/dlio_benchmark/dlio_benchmark/utils/statscounter.py:325]
[INFO] 2025-05-04T18:49:12.108609 Rank 0 step 6 processed 5 samples in 0.33041834831237793 s [/mnt/ioopt/appbench/apps/MLPerf-storage/dlio_benchmark/dlio_benchmark/utils/statscounter.py:325]
[INFO] 2025-05-04T18:49:12.437633 Rank 0 step 7 processed 5 samples in 0.3285865783691406 s [/mnt/ioopt/appbench/apps/MLPerf-storage/dlio_benchmark/dlio_benchmark/utils/statscounter.py:325]
[INFO] 2025-05-04T18:49:12.766775 Rank 0 step 8 processed 5 samples in 0.32871317863464355 s [/mnt/ioopt/appbench/apps/MLPerf-storage/dlio_benchmark/dlio_benchmark/utils/statscounter.py:325]
[INFO] 2025-05-04T18:49:13.095440 Rank 0 step 9 processed 5 samples in 0.3282289505004883 s [/mnt/ioopt/appbench/apps/MLPerf-storage/dlio_benchmark/dlio_benchmark/utils/statscounter.py:325]
[INFO] 2025-05-04T18:49:13.424189 Rank 0 step 10 processed 5 samples in 0.32831382751464844 s [/mnt/ioopt/appbench/apps/MLPerf-storage/dlio_benchmark/dlio_benchmark/utils/statscounter.py:325]
[INFO] 2025-05-04T18:49:13.753120 Rank 0 step 11 processed 5 samples in 0.3285200595855713 s [/mnt/ioopt/appbench/apps/MLPerf-storage/dlio_benchmark/dlio_benchmark/utils/statscounter.py:325]
[INFO] 2025-05-04T18:49:14.082002 Rank 0 step 12 processed 5 samples in 0.3284578323364258 s [/mnt/ioopt/appbench/apps/MLPerf-storage/dlio_benchmark/dlio_benchmark/utils/statscounter.py:325]
[INFO] 2025-05-04T18:49:14.652277 Rank 0 step 13 processed 5 samples in 0.5698509216308594 s [/mnt/ioopt/appbench/apps/MLPerf-storage/dlio_benchmark/dlio_benchmark/utils/statscounter.py:325]
[INFO] 2025-05-04T18:49:14.980971 Rank 0 step 14 processed 5 samples in 0.32825422286987305 s [/mnt/ioopt/appbench/apps/MLPerf-storage/dlio_benchmark/dlio_benchmark/utils/statscounter.py:325]
[INFO] 2025-05-04T18:49:36.780968 Rank 0 step 15 processed 5 samples in 21.79957604408264 s [/mnt/ioopt/appbench/apps/MLPerf-storage/dlio_benchmark/dlio_benchmark/utils/statscounter.py:325]
[INFO] 2025-05-04T18:49:37.112093 Rank 0 step 16 processed 5 samples in 0.33064818382263184 s [/mnt/ioopt/appbench/apps/MLPerf-storage/dlio_benchmark/dlio_benchmark/utils/statscounter.py:325]
[INFO] 2025-05-04T18:49:40.453675 Rank 0 step 17 processed 5 samples in 3.3410983085632324 s [/mnt/ioopt/appbench/apps/MLPerf-storage/dlio_benchmark/dlio_benchmark/utils/statscounter.py:325]
[INFO] 2025-05-04T18:49:46.949717 Rank 0 step 18 processed 5 samples in 6.495573043823242 s [/mnt/ioopt/appbench/apps/MLPerf-storage/dlio_benchmark/dlio_benchmark/utils/statscounter.py:325]
[INFO] 2025-05-04T18:49:48.202788 Rank 0 step 19 processed 5 samples in 1.2524561882019043 s [/mnt/ioopt/appbench/apps/MLPerf-storage/dlio_benchmark/dlio_benchmark/utils/statscounter.py:325]
[INFO] 2025-05-04T18:49:48.531891 Rank 0 step 20 processed 5 samples in 0.32859134674072266 s [/mnt/ioopt/appbench/apps/MLPerf-storage/dlio_benchmark/dlio_benchmark/utils/statscounter.py:325]
[INFO] 2025-05-04T18:49:48.861403 Rank 0 step 21 processed 5 samples in 0.3290293216705322 s [/mnt/ioopt/appbench/apps/MLPerf-storage/dlio_benchmark/dlio_benchmark/utils/statscounter.py:325]
[INFO] 2025-05-04T18:49:49.194719 Rank 0 step 22 processed 5 samples in 0.33277440071105957 s [/mnt/ioopt/appbench/apps/MLPerf-storage/dlio_benchmark/dlio_benchmark/utils/statscounter.py:325]
[INFO] 2025-05-04T18:49:49.523817 Rank 0 step 23 processed 5 samples in 0.32857823371887207 s [/mnt/ioopt/appbench/apps/MLPerf-storage/dlio_benchmark/dlio_benchmark/utils/statscounter.py:325]
[INFO] 2025-05-04T18:49:49.852835 Rank 0 step 24 processed 5 samples in 0.3285400867462158 s [/mnt/ioopt/appbench/apps/MLPerf-storage/dlio_benchmark/dlio_benchmark/utils/statscounter.py:325]
[INFO] 2025-05-04T18:49:50.187972 Rank 0 step 25 processed 5 samples in 0.33463191986083984 s [/mnt/ioopt/appbench/apps/MLPerf-storage/dlio_benchmark/dlio_benchmark/utils/statscounter.py:325]
[INFO] 2025-05-04T18:49:50.518369 Rank 0 step 26 processed 5 samples in 0.3295750617980957 s [/mnt/ioopt/appbench/apps/MLPerf-storage/dlio_benchmark/dlio_benchmark/utils/statscounter.py:325]
[INFO] 2025-05-04T18:49:50.850600 Rank 0 step 27 processed 5 samples in 0.33173584938049316 s [/mnt/ioopt/appbench/apps/MLPerf-storage/dlio_benchmark/dlio_benchmark/utils/statscounter.py:325]
[INFO] 2025-05-04T18:49:51.179910 Rank 0 step 28 processed 5 samples in 0.3288125991821289 s [/mnt/ioopt/appbench/apps/MLPerf-storage/dlio_benchmark/dlio_benchmark/utils/statscounter.py:325]
[INFO] 2025-05-04T18:50:11.686553 Rank 0 step 29 processed 5 samples in 20.506146669387817 s [/mnt/ioopt/appbench/apps/MLPerf-storage/dlio_benchmark/dlio_benchmark/utils/statscounter.py:325]
[INFO] 2025-05-04T18:50:12.440939 Rank 0 step 30 processed 5 samples in 0.7539067268371582 s [/mnt/ioopt/appbench/apps/MLPerf-storage/dlio_benchmark/dlio_benchmark/utils/statscounter.py:325]
[INFO] 2025-05-04T18:50:14.265076 Rank 0 step 31 processed 5 samples in 1.8236703872680664 s [/mnt/ioopt/appbench/apps/MLPerf-storage/dlio_benchmark/dlio_benchmark/utils/statscounter.py:325]
[INFO] 2025-05-04T18:50:22.492181 Rank 0 step 32 processed 5 samples in 8.22664737701416 s [/mnt/ioopt/appbench/apps/MLPerf-storage/dlio_benchmark/dlio_benchmark/utils/statscounter.py:325]
[INFO] 2025-05-04T18:50:22.821197 Rank 0 step 33 processed 5 samples in 0.3285360336303711 s [/mnt/ioopt/appbench/apps/MLPerf-storage/dlio_benchmark/dlio_benchmark/utils/statscounter.py:325]
[INFO] 2025-05-04T18:50:23.150383 Rank 0 step 34 processed 5 samples in 0.32872867584228516 s [/mnt/ioopt/appbench/apps/MLPerf-storage/dlio_benchmark/dlio_benchmark/utils/statscounter.py:325]
[INFO] 2025-05-04T18:50:25.828202 Rank 0 step 35 processed 5 samples in 2.6773619651794434 s [/mnt/ioopt/appbench/apps/MLPerf-storage/dlio_benchmark/dlio_benchmark/utils/statscounter.py:325]
[INFO] 2025-05-04T18:50:26.155219 Rank 0 step 36 processed 5 samples in 0.32666635513305664 s [/mnt/ioopt/appbench/apps/MLPerf-storage/dlio_benchmark/dlio_benchmark/utils/statscounter.py:325]
[INFO] 2025-05-04T18:50:26.484368 Rank 0 step 37 processed 5 samples in 0.3286898136138916 s [/mnt/ioopt/appbench/apps/MLPerf-storage/dlio_benchmark/dlio_benchmark/utils/statscounter.py:325]
[INFO] 2025-05-04T18:50:26.813688 Rank 0 step 38 processed 5 samples in 0.32885313034057617 s [/mnt/ioopt/appbench/apps/MLPerf-storage/dlio_benchmark/dlio_benchmark/utils/statscounter.py:325]
[INFO] 2025-05-04T18:50:27.142420 Rank 0 step 39 processed 5 samples in 0.3283047676086426 s [/mnt/ioopt/appbench/apps/MLPerf-storage/dlio_benchmark/dlio_benchmark/utils/statscounter.py:325]
[INFO] 2025-05-04T18:50:27.471430 Rank 0 step 40 processed 5 samples in 0.3285515308380127 s [/mnt/ioopt/appbench/apps/MLPerf-storage/dlio_benchmark/dlio_benchmark/utils/statscounter.py:325]
[INFO] 2025-05-04T18:50:27.800264 Rank 0 step 41 processed 5 samples in 0.32837486267089844 s [/mnt/ioopt/appbench/apps/MLPerf-storage/dlio_benchmark/dlio_benchmark/utils/statscounter.py:325]
[INFO] 2025-05-04T18:50:28.129198 Rank 0 step 42 processed 5 samples in 0.3284721374511719 s [/mnt/ioopt/appbench/apps/MLPerf-storage/dlio_benchmark/dlio_benchmark/utils/statscounter.py:325]
[INFO] 2025-05-04T18:50:42.300136 Rank 0 step 43 processed 5 samples in 14.170481443405151 s [/mnt/ioopt/appbench/apps/MLPerf-storage/dlio_benchmark/dlio_benchmark/utils/statscounter.py:325]
[INFO] 2025-05-04T18:50:46.763434 Rank 0 step 44 processed 5 samples in 4.462833642959595 s [/mnt/ioopt/appbench/apps/MLPerf-storage/dlio_benchmark/dlio_benchmark/utils/statscounter.py:325]
[INFO] 2025-05-04T18:50:47.092463 Rank 0 step 45 processed 5 samples in 0.32856321334838867 s [/mnt/ioopt/appbench/apps/MLPerf-storage/dlio_benchmark/dlio_benchmark/utils/statscounter.py:325]
[INFO] 2025-05-04T18:50:50.325590 Rank 0 step 46 processed 5 samples in 3.232668876647949 s [/mnt/ioopt/appbench/apps/MLPerf-storage/dlio_benchmark/dlio_benchmark/utils/statscounter.py:325]
[INFO] 2025-05-04T18:50:50.654615 Rank 0 step 47 processed 5 samples in 0.328507661819458 s [/mnt/ioopt/appbench/apps/MLPerf-storage/dlio_benchmark/dlio_benchmark/utils/statscounter.py:325]
[INFO] 2025-05-04T18:50:50.985270 Rank 0 step 48 processed 5 samples in 0.33014416694641113 s [/mnt/ioopt/appbench/apps/MLPerf-storage/dlio_benchmark/dlio_benchmark/utils/statscounter.py:325]
[INFO] 2025-05-04T18:50:55.219734 Rank 0 step 49 processed 5 samples in 4.2340247631073 s [/mnt/ioopt/appbench/apps/MLPerf-storage/dlio_benchmark/dlio_benchmark/utils/statscounter.py:325]
[INFO] 2025-05-04T18:50:55.548543 Rank 0 step 50 processed 5 samples in 0.32830142974853516 s [/mnt/ioopt/appbench/apps/MLPerf-storage/dlio_benchmark/dlio_benchmark/utils/statscounter.py:325]
[INFO] 2025-05-04T18:51:02.623624 Rank 0 step 51 processed 5 samples in 7.074615955352783 s [/mnt/ioopt/appbench/apps/MLPerf-storage/dlio_benchmark/dlio_benchmark/utils/statscounter.py:325]
[INFO] 2025-05-04T18:51:02.952055 Rank 0 step 52 processed 5 samples in 0.32803797721862793 s [/mnt/ioopt/appbench/apps/MLPerf-storage/dlio_benchmark/dlio_benchmark/utils/statscounter.py:325]
[INFO] 2025-05-04T18:51:03.281238 Rank 0 step 53 processed 5 samples in 0.32868146896362305 s [/mnt/ioopt/appbench/apps/MLPerf-storage/dlio_benchmark/dlio_benchmark/utils/statscounter.py:325]
[INFO] 2025-05-04T18:51:03.610355 Rank 0 step 54 processed 5 samples in 0.3286714553833008 s [/mnt/ioopt/appbench/apps/MLPerf-storage/dlio_benchmark/dlio_benchmark/utils/statscounter.py:325]
[INFO] 2025-05-04T18:51:03.941324 Rank 0 step 55 processed 5 samples in 0.33049845695495605 s [/mnt/ioopt/appbench/apps/MLPerf-storage/dlio_benchmark/dlio_benchmark/utils/statscounter.py:325]
[INFO] 2025-05-04T18:51:04.270288 Rank 0 step 56 processed 5 samples in 0.3284883499145508 s [/mnt/ioopt/appbench/apps/MLPerf-storage/dlio_benchmark/dlio_benchmark/utils/statscounter.py:325]
[INFO] 2025-05-04T18:51:12.652270 Rank 0 step 57 processed 5 samples in 8.38152027130127 s [/mnt/ioopt/appbench/apps/MLPerf-storage/dlio_benchmark/dlio_benchmark/utils/statscounter.py:325]
[INFO] 2025-05-04T18:51:12.981114 Rank 0 step 58 processed 5 samples in 0.32836174964904785 s [/mnt/ioopt/appbench/apps/MLPerf-storage/dlio_benchmark/dlio_benchmark/utils/statscounter.py:325]
[INFO] 2025-05-04T18:51:20.796815 Rank 0 step 59 processed 5 samples in 7.815244913101196 s [/mnt/ioopt/appbench/apps/MLPerf-storage/dlio_benchmark/dlio_benchmark/utils/statscounter.py:325]
[INFO] 2025-05-04T18:51:21.125725 Rank 0 step 60 processed 5 samples in 0.32840585708618164 s [/mnt/ioopt/appbench/apps/MLPerf-storage/dlio_benchmark/dlio_benchmark/utils/statscounter.py:325]
[INFO] 2025-05-04T18:51:29.801161 Rank 0 step 61 processed 5 samples in 8.674972534179688 s [/mnt/ioopt/appbench/apps/MLPerf-storage/dlio_benchmark/dlio_benchmark/utils/statscounter.py:325]
[INFO] 2025-05-04T18:51:30.178922 Rank 0 step 62 processed 5 samples in 0.37724804878234863 s [/mnt/ioopt/appbench/apps/MLPerf-storage/dlio_benchmark/dlio_benchmark/utils/statscounter.py:325]
[INFO] 2025-05-04T18:51:30.508079 Rank 0 step 63 processed 5 samples in 0.32863926887512207 s [/mnt/ioopt/appbench/apps/MLPerf-storage/dlio_benchmark/dlio_benchmark/utils/statscounter.py:325]
[INFO] 2025-05-04T18:51:30.837302 Rank 0 step 64 processed 5 samples in 0.32876157760620117 s [/mnt/ioopt/appbench/apps/MLPerf-storage/dlio_benchmark/dlio_benchmark/utils/statscounter.py:325]
[INFO] 2025-05-04T18:51:37.443020 Rank 0 step 65 processed 5 samples in 6.605243444442749 s [/mnt/ioopt/appbench/apps/MLPerf-storage/dlio_benchmark/dlio_benchmark/utils/statscounter.py:325]
[INFO] 2025-05-04T18:51:37.769499 Rank 0 step 66 processed 5 samples in 0.32613372802734375 s [/mnt/ioopt/appbench/apps/MLPerf-storage/dlio_benchmark/dlio_benchmark/utils/statscounter.py:325]
[INFO] 2025-05-04T18:51:38.098930 Rank 0 step 67 processed 5 samples in 0.32893991470336914 s [/mnt/ioopt/appbench/apps/MLPerf-storage/dlio_benchmark/dlio_benchmark/utils/statscounter.py:325]
[INFO] 2025-05-04T18:51:38.428025 Rank 0 step 68 processed 5 samples in 0.32860493659973145 s [/mnt/ioopt/appbench/apps/MLPerf-storage/dlio_benchmark/dlio_benchmark/utils/statscounter.py:325]
[INFO] 2025-05-04T18:51:38.754628 Rank 0 step 69 processed 5 samples in 0.32628393173217773 s [/mnt/ioopt/appbench/apps/MLPerf-storage/dlio_benchmark/dlio_benchmark/utils/statscounter.py:325]
[INFO] 2025-05-04T18:51:39.083702 Rank 0 step 70 processed 5 samples in 0.32860660552978516 s [/mnt/ioopt/appbench/apps/MLPerf-storage/dlio_benchmark/dlio_benchmark/utils/statscounter.py:325]
[INFO] 2025-05-04T18:51:44.082652 Rank 0 step 71 processed 5 samples in 4.9984917640686035 s [/mnt/ioopt/appbench/apps/MLPerf-storage/dlio_benchmark/dlio_benchmark/utils/statscounter.py:325]
[INFO] 2025-05-04T18:51:44.411657 Rank 0 step 72 processed 5 samples in 0.32848596572875977 s [/mnt/ioopt/appbench/apps/MLPerf-storage/dlio_benchmark/dlio_benchmark/utils/statscounter.py:325]
[INFO] 2025-05-04T18:51:47.815169 Rank 0 step 73 processed 5 samples in 3.4027440547943115 s [/mnt/ioopt/appbench/apps/MLPerf-storage/dlio_benchmark/dlio_benchmark/utils/statscounter.py:325]
[INFO] 2025-05-04T18:51:48.143993 Rank 0 step 74 processed 5 samples in 0.32836318016052246 s [/mnt/ioopt/appbench/apps/MLPerf-storage/dlio_benchmark/dlio_benchmark/utils/statscounter.py:325]
[INFO] 2025-05-04T18:51:59.956202 Rank 0 step 75 processed 5 samples in 11.811764240264893 s [/mnt/ioopt/appbench/apps/MLPerf-storage/dlio_benchmark/dlio_benchmark/utils/statscounter.py:325]
[INFO] 2025-05-04T18:52:03.026402 Rank 0 step 76 processed 5 samples in 3.0697646141052246 s [/mnt/ioopt/appbench/apps/MLPerf-storage/dlio_benchmark/dlio_benchmark/utils/statscounter.py:325]
[INFO] 2025-05-04T18:52:03.355704 Rank 0 step 77 processed 5 samples in 0.3287837505340576 s [/mnt/ioopt/appbench/apps/MLPerf-storage/dlio_benchmark/dlio_benchmark/utils/statscounter.py:325]
[INFO] 2025-05-04T18:52:03.684963 Rank 0 step 78 processed 5 samples in 0.3288118839263916 s [/mnt/ioopt/appbench/apps/MLPerf-storage/dlio_benchmark/dlio_benchmark/utils/statscounter.py:325]
[INFO] 2025-05-04T18:52:04.017087 Rank 0 step 79 processed 5 samples in 0.33167123794555664 s [/mnt/ioopt/appbench/apps/MLPerf-storage/dlio_benchmark/dlio_benchmark/utils/statscounter.py:325]
[INFO] 2025-05-04T18:52:08.950343 Rank 0 step 80 processed 5 samples in 4.932725429534912 s [/mnt/ioopt/appbench/apps/MLPerf-storage/dlio_benchmark/dlio_benchmark/utils/statscounter.py:325]
[INFO] 2025-05-04T18:52:09.568090 Rank 0 step 81 processed 5 samples in 0.6173186302185059 s [/mnt/ioopt/appbench/apps/MLPerf-storage/dlio_benchmark/dlio_benchmark/utils/statscounter.py:325]
[INFO] 2025-05-04T18:52:09.897219 Rank 0 step 82 processed 5 samples in 0.32860302925109863 s [/mnt/ioopt/appbench/apps/MLPerf-storage/dlio_benchmark/dlio_benchmark/utils/statscounter.py:325]
[INFO] 2025-05-04T18:52:11.898954 Rank 0 step 83 processed 5 samples in 2.0012567043304443 s [/mnt/ioopt/appbench/apps/MLPerf-storage/dlio_benchmark/dlio_benchmark/utils/statscounter.py:325]
[INFO] 2025-05-04T18:52:12.228197 Rank 0 step 84 processed 5 samples in 0.3287315368652344 s [/mnt/ioopt/appbench/apps/MLPerf-storage/dlio_benchmark/dlio_benchmark/utils/statscounter.py:325]
[INFO] 2025-05-04T18:52:13.295087 Rank 0 step 85 processed 5 samples in 1.0664093494415283 s [/mnt/ioopt/appbench/apps/MLPerf-storage/dlio_benchmark/dlio_benchmark/utils/statscounter.py:325]
[INFO] 2025-05-04T18:52:19.273128 Rank 0 step 86 processed 5 samples in 5.9775779247283936 s [/mnt/ioopt/appbench/apps/MLPerf-storage/dlio_benchmark/dlio_benchmark/utils/statscounter.py:325]
[INFO] 2025-05-04T18:52:19.601858 Rank 0 step 87 processed 5 samples in 0.32825589179992676 s [/mnt/ioopt/appbench/apps/MLPerf-storage/dlio_benchmark/dlio_benchmark/utils/statscounter.py:325]
[INFO] 2025-05-04T18:52:19.930862 Rank 0 step 88 processed 5 samples in 0.3285667896270752 s [/mnt/ioopt/appbench/apps/MLPerf-storage/dlio_benchmark/dlio_benchmark/utils/statscounter.py:325]
[INFO] 2025-05-04T18:52:28.769670 Rank 0 step 89 processed 5 samples in 8.838359832763672 s [/mnt/ioopt/appbench/apps/MLPerf-storage/dlio_benchmark/dlio_benchmark/utils/statscounter.py:325]
[INFO] 2025-05-04T18:52:33.438857 Rank 0 step 90 processed 5 samples in 4.6686460971832275 s [/mnt/ioopt/appbench/apps/MLPerf-storage/dlio_benchmark/dlio_benchmark/utils/statscounter.py:325]
[INFO] 2025-05-04T18:52:33.768818 Rank 0 step 91 processed 5 samples in 0.32888078689575195 s [/mnt/ioopt/appbench/apps/MLPerf-storage/dlio_benchmark/dlio_benchmark/utils/statscounter.py:325]
[INFO] 2025-05-04T18:52:39.164994 Rank 0 step 92 processed 5 samples in 5.395720958709717 s [/mnt/ioopt/appbench/apps/MLPerf-storage/dlio_benchmark/dlio_benchmark/utils/statscounter.py:325]
[INFO] 2025-05-04T18:52:41.464062 Rank 0 step 93 processed 5 samples in 2.2985668182373047 s [/mnt/ioopt/appbench/apps/MLPerf-storage/dlio_benchmark/dlio_benchmark/utils/statscounter.py:325]
[INFO] 2025-05-04T18:52:44.917664 Rank 0 step 94 processed 5 samples in 3.4530446529388428 s [/mnt/ioopt/appbench/apps/MLPerf-storage/dlio_benchmark/dlio_benchmark/utils/statscounter.py:325]
[INFO] 2025-05-04T18:52:45.246724 Rank 0 step 95 processed 5 samples in 0.3285212516784668 s [/mnt/ioopt/appbench/apps/MLPerf-storage/dlio_benchmark/dlio_benchmark/utils/statscounter.py:325]
[INFO] 2025-05-04T18:52:45.578326 Rank 0 step 96 processed 5 samples in 0.3310887813568115 s [/mnt/ioopt/appbench/apps/MLPerf-storage/dlio_benchmark/dlio_benchmark/utils/statscounter.py:325]
[INFO] 2025-05-04T18:52:45.907216 Rank 0 step 97 processed 5 samples in 0.3283562660217285 s [/mnt/ioopt/appbench/apps/MLPerf-storage/dlio_benchmark/dlio_benchmark/utils/statscounter.py:325]
[INFO] 2025-05-04T18:52:46.236447 Rank 0 step 98 processed 5 samples in 0.3287627696990967 s [/mnt/ioopt/appbench/apps/MLPerf-storage/dlio_benchmark/dlio_benchmark/utils/statscounter.py:325]
[INFO] 2025-05-04T18:52:52.310939 Rank 0 step 99 processed 5 samples in 6.074041128158569 s [/mnt/ioopt/appbench/apps/MLPerf-storage/dlio_benchmark/dlio_benchmark/utils/statscounter.py:325]
[INFO] 2025-05-04T18:52:52.639845 Rank 0 step 100 processed 5 samples in 0.3283963203430176 s [/mnt/ioopt/appbench/apps/MLPerf-storage/dlio_benchmark/dlio_benchmark/utils/statscounter.py:325]
[INFO] 2025-05-04T18:52:59.995975 Rank 0 step 101 processed 5 samples in 7.355645418167114 s [/mnt/ioopt/appbench/apps/MLPerf-storage/dlio_benchmark/dlio_benchmark/utils/statscounter.py:325]
[INFO] 2025-05-04T18:53:00.325244 Rank 0 step 102 processed 5 samples in 0.32877492904663086 s [/mnt/ioopt/appbench/apps/MLPerf-storage/dlio_benchmark/dlio_benchmark/utils/statscounter.py:325]
[INFO] 2025-05-04T18:53:00.940055 Rank 0 step 103 processed 5 samples in 0.6142706871032715 s [/mnt/ioopt/appbench/apps/MLPerf-storage/dlio_benchmark/dlio_benchmark/utils/statscounter.py:325]
[INFO] 2025-05-04T18:53:01.268904 Rank 0 step 104 processed 5 samples in 0.32836413383483887 s [/mnt/ioopt/appbench/apps/MLPerf-storage/dlio_benchmark/dlio_benchmark/utils/statscounter.py:325]
[INFO] 2025-05-04T18:53:01.597730 Rank 0 step 105 processed 5 samples in 0.3283693790435791 s [/mnt/ioopt/appbench/apps/MLPerf-storage/dlio_benchmark/dlio_benchmark/utils/statscounter.py:325]
[INFO] 2025-05-04T18:53:15.319821 Rank 0 step 106 processed 5 samples in 13.721656084060669 s [/mnt/ioopt/appbench/apps/MLPerf-storage/dlio_benchmark/dlio_benchmark/utils/statscounter.py:325]
[INFO] 2025-05-04T18:53:15.649002 Rank 0 step 107 processed 5 samples in 0.328693151473999 s [/mnt/ioopt/appbench/apps/MLPerf-storage/dlio_benchmark/dlio_benchmark/utils/statscounter.py:325]
[INFO] 2025-05-04T18:53:24.516990 Rank 0 step 108 processed 5 samples in 8.867517948150635 s [/mnt/ioopt/appbench/apps/MLPerf-storage/dlio_benchmark/dlio_benchmark/utils/statscounter.py:325]
[INFO] 2025-05-04T18:53:24.846498 Rank 0 step 109 processed 5 samples in 0.32892537117004395 s [/mnt/ioopt/appbench/apps/MLPerf-storage/dlio_benchmark/dlio_benchmark/utils/statscounter.py:325]
[INFO] 2025-05-04T18:53:25.175818 Rank 0 step 110 processed 5 samples in 0.32878804206848145 s [/mnt/ioopt/appbench/apps/MLPerf-storage/dlio_benchmark/dlio_benchmark/utils/statscounter.py:325]
[INFO] 2025-05-04T18:53:25.504838 Rank 0 step 111 processed 5 samples in 0.32854485511779785 s [/mnt/ioopt/appbench/apps/MLPerf-storage/dlio_benchmark/dlio_benchmark/utils/statscounter.py:325]
[INFO] 2025-05-04T18:53:25.833522 Rank 0 step 112 processed 5 samples in 0.32820582389831543 s [/mnt/ioopt/appbench/apps/MLPerf-storage/dlio_benchmark/dlio_benchmark/utils/statscounter.py:325]
[INFO] 2025-05-04T18:53:26.162838 Rank 0 step 113 processed 5 samples in 0.328840970993042 s [/mnt/ioopt/appbench/apps/MLPerf-storage/dlio_benchmark/dlio_benchmark/utils/statscounter.py:325]
[INFO] 2025-05-04T18:53:26.495865 Rank 0 step 114 processed 5 samples in 0.33228492736816406 s [/mnt/ioopt/appbench/apps/MLPerf-storage/dlio_benchmark/dlio_benchmark/utils/statscounter.py:325]
[INFO] 2025-05-04T18:53:37.831406 Rank 0 step 115 processed 5 samples in 11.33507752418518 s [/mnt/ioopt/appbench/apps/MLPerf-storage/dlio_benchmark/dlio_benchmark/utils/statscounter.py:325]
[INFO] 2025-05-04T18:53:38.160586 Rank 0 step 116 processed 5 samples in 0.3287031650543213 s [/mnt/ioopt/appbench/apps/MLPerf-storage/dlio_benchmark/dlio_benchmark/utils/statscounter.py:325]
[INFO] 2025-05-04T18:53:38.489353 Rank 0 step 117 processed 5 samples in 0.32831811904907227 s [/mnt/ioopt/appbench/apps/MLPerf-storage/dlio_benchmark/dlio_benchmark/utils/statscounter.py:325]
[INFO] 2025-05-04T18:53:38.818171 Rank 0 step 118 processed 5 samples in 0.3283650875091553 s [/mnt/ioopt/appbench/apps/MLPerf-storage/dlio_benchmark/dlio_benchmark/utils/statscounter.py:325]
[INFO] 2025-05-04T18:53:39.147291 Rank 0 step 119 processed 5 samples in 0.3286597728729248 s [/mnt/ioopt/appbench/apps/MLPerf-storage/dlio_benchmark/dlio_benchmark/utils/statscounter.py:325]
[INFO] 2025-05-04T18:53:49.175515 Rank 0 step 120 processed 5 samples in 10.02762770652771 s [/mnt/ioopt/appbench/apps/MLPerf-storage/dlio_benchmark/dlio_benchmark/utils/statscounter.py:325]
[INFO] 2025-05-04T18:53:49.504655 Rank 0 step 121 processed 5 samples in 0.32866668701171875 s [/mnt/ioopt/appbench/apps/MLPerf-storage/dlio_benchmark/dlio_benchmark/utils/statscounter.py:325]
[INFO] 2025-05-04T18:53:57.554673 Rank 0 step 122 processed 5 samples in 8.04955244064331 s [/mnt/ioopt/appbench/apps/MLPerf-storage/dlio_benchmark/dlio_benchmark/utils/statscounter.py:325]
[INFO] 2025-05-04T18:53:58.919004 Rank 0 step 123 processed 5 samples in 1.3638241291046143 s [/mnt/ioopt/appbench/apps/MLPerf-storage/dlio_benchmark/dlio_benchmark/utils/statscounter.py:325]
[INFO] 2025-05-04T18:53:59.248001 Rank 0 step 124 processed 5 samples in 0.32848143577575684 s [/mnt/ioopt/appbench/apps/MLPerf-storage/dlio_benchmark/dlio_benchmark/utils/statscounter.py:325]
[INFO] 2025-05-04T18:53:59.576978 Rank 0 step 125 processed 5 samples in 0.3285229206085205 s [/mnt/ioopt/appbench/apps/MLPerf-storage/dlio_benchmark/dlio_benchmark/utils/statscounter.py:325]
[INFO] 2025-05-04T18:54:00.813887 Rank 0 step 126 processed 5 samples in 1.2364413738250732 s [/mnt/ioopt/appbench/apps/MLPerf-storage/dlio_benchmark/dlio_benchmark/utils/statscounter.py:325]
[INFO] 2025-05-04T18:54:05.500464 Rank 0 step 127 processed 5 samples in 4.686015367507935 s [/mnt/ioopt/appbench/apps/MLPerf-storage/dlio_benchmark/dlio_benchmark/utils/statscounter.py:325]
[INFO] 2025-05-04T18:54:05.829441 Rank 0 step 128 processed 5 samples in 0.3284468650817871 s [/mnt/ioopt/appbench/apps/MLPerf-storage/dlio_benchmark/dlio_benchmark/utils/statscounter.py:325]
[INFO] 2025-05-04T18:54:06.158767 Rank 0 step 129 processed 5 samples in 0.3288547992706299 s [/mnt/ioopt/appbench/apps/MLPerf-storage/dlio_benchmark/dlio_benchmark/utils/statscounter.py:325]
[INFO] 2025-05-04T18:54:06.487645 Rank 0 step 130 processed 5 samples in 0.3283848762512207 s [/mnt/ioopt/appbench/apps/MLPerf-storage/dlio_benchmark/dlio_benchmark/utils/statscounter.py:325]
[INFO] 2025-05-04T18:54:07.604372 Rank 0 step 131 processed 5 samples in 1.1162376403808594 s [/mnt/ioopt/appbench/apps/MLPerf-storage/dlio_benchmark/dlio_benchmark/utils/statscounter.py:325]
[INFO] 2025-05-04T18:54:11.015639 Rank 0 step 132 processed 5 samples in 3.4107136726379395 s [/mnt/ioopt/appbench/apps/MLPerf-storage/dlio_benchmark/dlio_benchmark/utils/statscounter.py:325]
[INFO] 2025-05-04T18:54:11.344931 Rank 0 step 133 processed 5 samples in 0.3287513256072998 s [/mnt/ioopt/appbench/apps/MLPerf-storage/dlio_benchmark/dlio_benchmark/utils/statscounter.py:325]
[INFO] 2025-05-04T18:54:22.267738 Rank 0 step 134 processed 5 samples in 10.922335863113403 s [/mnt/ioopt/appbench/apps/MLPerf-storage/dlio_benchmark/dlio_benchmark/utils/statscounter.py:325]
[INFO] 2025-05-04T18:54:22.596812 Rank 0 step 135 processed 5 samples in 0.32860612869262695 s [/mnt/ioopt/appbench/apps/MLPerf-storage/dlio_benchmark/dlio_benchmark/utils/statscounter.py:325]
[INFO] 2025-05-04T18:54:25.989986 Rank 0 step 136 processed 5 samples in 3.3927559852600098 s [/mnt/ioopt/appbench/apps/MLPerf-storage/dlio_benchmark/dlio_benchmark/utils/statscounter.py:325]
[INFO] 2025-05-04T18:54:30.696450 Rank 0 step 137 processed 5 samples in 4.705986738204956 s [/mnt/ioopt/appbench/apps/MLPerf-storage/dlio_benchmark/dlio_benchmark/utils/statscounter.py:325]
[INFO] 2025-05-04T18:54:31.025317 Rank 0 step 138 processed 5 samples in 0.32839536666870117 s [/mnt/ioopt/appbench/apps/MLPerf-storage/dlio_benchmark/dlio_benchmark/utils/statscounter.py:325]
[INFO] 2025-05-04T18:54:31.354106 Rank 0 step 139 processed 5 samples in 0.3283231258392334 s [/mnt/ioopt/appbench/apps/MLPerf-storage/dlio_benchmark/dlio_benchmark/utils/statscounter.py:325]
[INFO] 2025-05-04T18:54:35.746866 Rank 0 step 140 processed 5 samples in 4.392316102981567 s [/mnt/ioopt/appbench/apps/MLPerf-storage/dlio_benchmark/dlio_benchmark/utils/statscounter.py:325]
[INFO] 2025-05-04T18:54:42.168137 Rank 0 step 141 processed 5 samples in 6.4207377433776855 s [/mnt/ioopt/appbench/apps/MLPerf-storage/dlio_benchmark/dlio_benchmark/utils/statscounter.py:325]
[INFO] 2025-05-04T18:54:42.497041 Rank 0 step 142 processed 5 samples in 0.3283827304840088 s [/mnt/ioopt/appbench/apps/MLPerf-storage/dlio_benchmark/dlio_benchmark/utils/statscounter.py:325]
[INFO] 2025-05-04T18:54:46.563698 Rank 0 step 143 processed 5 samples in 4.066193103790283 s [/mnt/ioopt/appbench/apps/MLPerf-storage/dlio_benchmark/dlio_benchmark/utils/statscounter.py:325]
[INFO] 2025-05-04T18:54:46.892828 Rank 0 step 144 processed 5 samples in 0.3286550045013428 s [/mnt/ioopt/appbench/apps/MLPerf-storage/dlio_benchmark/dlio_benchmark/utils/statscounter.py:325]
[INFO] 2025-05-04T18:54:47.222116 Rank 0 step 145 processed 5 samples in 0.3287975788116455 s [/mnt/ioopt/appbench/apps/MLPerf-storage/dlio_benchmark/dlio_benchmark/utils/statscounter.py:325]
[INFO] 2025-05-04T18:54:47.551009 Rank 0 step 146 processed 5 samples in 0.32842135429382324 s [/mnt/ioopt/appbench/apps/MLPerf-storage/dlio_benchmark/dlio_benchmark/utils/statscounter.py:325]
[INFO] 2025-05-04T18:54:48.214788 Rank 0 step 147 processed 5 samples in 0.6632707118988037 s [/mnt/ioopt/appbench/apps/MLPerf-storage/dlio_benchmark/dlio_benchmark/utils/statscounter.py:325]
[INFO] 2025-05-04T18:54:59.291933 Rank 0 step 148 processed 5 samples in 11.076612949371338 s [/mnt/ioopt/appbench/apps/MLPerf-storage/dlio_benchmark/dlio_benchmark/utils/statscounter.py:325]
[INFO] 2025-05-04T18:55:01.136408 Rank 0 step 149 processed 5 samples in 1.8440132141113281 s [/mnt/ioopt/appbench/apps/MLPerf-storage/dlio_benchmark/dlio_benchmark/utils/statscounter.py:325]
[INFO] 2025-05-04T18:55:01.465535 Rank 0 step 150 processed 5 samples in 0.32866382598876953 s [/mnt/ioopt/appbench/apps/MLPerf-storage/dlio_benchmark/dlio_benchmark/utils/statscounter.py:325]
[INFO] 2025-05-04T18:55:10.466169 Rank 0 step 151 processed 5 samples in 9.000148296356201 s [/mnt/ioopt/appbench/apps/MLPerf-storage/dlio_benchmark/dlio_benchmark/utils/statscounter.py:325]
[INFO] 2025-05-04T18:55:10.795061 Rank 0 step 152 processed 5 samples in 0.3283843994140625 s [/mnt/ioopt/appbench/apps/MLPerf-storage/dlio_benchmark/dlio_benchmark/utils/statscounter.py:325]
[INFO] 2025-05-04T18:55:11.123845 Rank 0 step 153 processed 5 samples in 0.3283345699310303 s [/mnt/ioopt/appbench/apps/MLPerf-storage/dlio_benchmark/dlio_benchmark/utils/statscounter.py:325]
[INFO] 2025-05-04T18:55:11.452722 Rank 0 step 154 processed 5 samples in 0.32844090461730957 s [/mnt/ioopt/appbench/apps/MLPerf-storage/dlio_benchmark/dlio_benchmark/utils/statscounter.py:325]
[INFO] 2025-05-04T18:55:12.818031 Rank 0 step 155 processed 5 samples in 1.3648498058319092 s [/mnt/ioopt/appbench/apps/MLPerf-storage/dlio_benchmark/dlio_benchmark/utils/statscounter.py:325]
[INFO] 2025-05-04T18:55:13.580937 Rank 0 step 156 processed 5 samples in 0.7624626159667969 s [/mnt/ioopt/appbench/apps/MLPerf-storage/dlio_benchmark/dlio_benchmark/utils/statscounter.py:325]
[INFO] 2025-05-04T18:55:21.485458 Rank 0 step 157 processed 5 samples in 7.904053449630737 s [/mnt/ioopt/appbench/apps/MLPerf-storage/dlio_benchmark/dlio_benchmark/utils/statscounter.py:325]
[INFO] 2025-05-04T18:55:22.759535 Rank 0 step 158 processed 5 samples in 1.2736091613769531 s [/mnt/ioopt/appbench/apps/MLPerf-storage/dlio_benchmark/dlio_benchmark/utils/statscounter.py:325]
[INFO] 2025-05-04T18:55:23.088812 Rank 0 step 159 processed 5 samples in 0.32880187034606934 s [/mnt/ioopt/appbench/apps/MLPerf-storage/dlio_benchmark/dlio_benchmark/utils/statscounter.py:325]
[INFO] 2025-05-04T18:55:23.417972 Rank 0 step 160 processed 5 samples in 0.32869863510131836 s [/mnt/ioopt/appbench/apps/MLPerf-storage/dlio_benchmark/dlio_benchmark/utils/statscounter.py:325]
[INFO] 2025-05-04T18:55:23.747077 Rank 0 step 161 processed 5 samples in 0.3286287784576416 s [/mnt/ioopt/appbench/apps/MLPerf-storage/dlio_benchmark/dlio_benchmark/utils/statscounter.py:325]
[INFO] 2025-05-04T18:55:34.340600 Rank 0 step 162 processed 5 samples in 10.593065977096558 s [/mnt/ioopt/appbench/apps/MLPerf-storage/dlio_benchmark/dlio_benchmark/utils/statscounter.py:325]
[INFO] 2025-05-04T18:55:34.669875 Rank 0 step 163 processed 5 samples in 0.3287954330444336 s [/mnt/ioopt/appbench/apps/MLPerf-storage/dlio_benchmark/dlio_benchmark/utils/statscounter.py:325]
[INFO] 2025-05-04T18:55:37.064292 Rank 0 step 164 processed 5 samples in 2.393967866897583 s [/mnt/ioopt/appbench/apps/MLPerf-storage/dlio_benchmark/dlio_benchmark/utils/statscounter.py:325]
[INFO] 2025-05-04T18:55:38.702460 Rank 0 step 165 processed 5 samples in 1.6376440525054932 s [/mnt/ioopt/appbench/apps/MLPerf-storage/dlio_benchmark/dlio_benchmark/utils/statscounter.py:325]
[INFO] 2025-05-04T18:55:39.528108 Rank 0 step 166 processed 5 samples in 0.8251190185546875 s [/mnt/ioopt/appbench/apps/MLPerf-storage/dlio_benchmark/dlio_benchmark/utils/statscounter.py:325]
[INFO] 2025-05-04T18:55:44.156746 Rank 0 step 167 processed 5 samples in 4.6280834674835205 s [/mnt/ioopt/appbench/apps/MLPerf-storage/dlio_benchmark/dlio_benchmark/utils/statscounter.py:325]
[INFO] 2025-05-04T18:55:44.485939 Rank 0 step 168 processed 5 samples in 0.32868003845214844 s [/mnt/ioopt/appbench/apps/MLPerf-storage/dlio_benchmark/dlio_benchmark/utils/statscounter.py:325]
[INFO] 2025-05-04T18:55:44.814971 Rank 0 step 169 processed 5 samples in 0.3285958766937256 s [/mnt/ioopt/appbench/apps/MLPerf-storage/dlio_benchmark/dlio_benchmark/utils/statscounter.py:325]
[INFO] 2025-05-04T18:55:45.143573 Rank 0 step 170 processed 5 samples in 0.3281676769256592 s [/mnt/ioopt/appbench/apps/MLPerf-storage/dlio_benchmark/dlio_benchmark/utils/statscounter.py:325]
[INFO] 2025-05-04T18:55:55.104330 Rank 0 step 171 processed 5 samples in 9.960339784622192 s [/mnt/ioopt/appbench/apps/MLPerf-storage/dlio_benchmark/dlio_benchmark/utils/statscounter.py:325]
[INFO] 2025-05-04T18:55:59.356848 Rank 0 step 172 processed 5 samples in 4.252044677734375 s [/mnt/ioopt/appbench/apps/MLPerf-storage/dlio_benchmark/dlio_benchmark/utils/statscounter.py:325]
[INFO] 2025-05-04T18:55:59.685533 Rank 0 step 173 processed 5 samples in 0.3281681537628174 s [/mnt/ioopt/appbench/apps/MLPerf-storage/dlio_benchmark/dlio_benchmark/utils/statscounter.py:325]
[INFO] 2025-05-04T18:56:00.014394 Rank 0 step 174 processed 5 samples in 0.3283817768096924 s [/mnt/ioopt/appbench/apps/MLPerf-storage/dlio_benchmark/dlio_benchmark/utils/statscounter.py:325]
[INFO] 2025-05-04T18:56:00.343403 Rank 0 step 175 processed 5 samples in 0.3285496234893799 s [/mnt/ioopt/appbench/apps/MLPerf-storage/dlio_benchmark/dlio_benchmark/utils/statscounter.py:325]
[INFO] 2025-05-04T18:56:01.110399 Rank 0 step 176 processed 5 samples in 0.7665016651153564 s [/mnt/ioopt/appbench/apps/MLPerf-storage/dlio_benchmark/dlio_benchmark/utils/statscounter.py:325]
[INFO] 2025-05-04T18:56:01.439014 Rank 0 step 177 processed 5 samples in 0.32780027389526367 s [/mnt/ioopt/appbench/apps/MLPerf-storage/dlio_benchmark/dlio_benchmark/utils/statscounter.py:325]
[INFO] 2025-05-04T18:56:08.830483 Rank 0 step 178 processed 5 samples in 7.390985012054443 s [/mnt/ioopt/appbench/apps/MLPerf-storage/dlio_benchmark/dlio_benchmark/utils/statscounter.py:325]
[INFO] 2025-05-04T18:56:10.024764 Rank 0 step 179 processed 5 samples in 1.193746566772461 s [/mnt/ioopt/appbench/apps/MLPerf-storage/dlio_benchmark/dlio_benchmark/utils/statscounter.py:325]
[INFO] 2025-05-04T18:56:10.353632 Rank 0 step 180 processed 5 samples in 0.32834935188293457 s [/mnt/ioopt/appbench/apps/MLPerf-storage/dlio_benchmark/dlio_benchmark/utils/statscounter.py:325]
[INFO] 2025-05-04T18:56:10.683995 Rank 0 step 181 processed 5 samples in 0.3299369812011719 s [/mnt/ioopt/appbench/apps/MLPerf-storage/dlio_benchmark/dlio_benchmark/utils/statscounter.py:325]
[INFO] 2025-05-04T18:56:15.247180 Rank 0 step 182 processed 5 samples in 4.562751054763794 s [/mnt/ioopt/appbench/apps/MLPerf-storage/dlio_benchmark/dlio_benchmark/utils/statscounter.py:325]
[INFO] 2025-05-04T18:56:15.578776 Rank 0 step 183 processed 5 samples in 0.33107876777648926 s [/mnt/ioopt/appbench/apps/MLPerf-storage/dlio_benchmark/dlio_benchmark/utils/statscounter.py:325]
[INFO] 2025-05-04T18:56:15.907922 Rank 0 step 184 processed 5 samples in 0.3286268711090088 s [/mnt/ioopt/appbench/apps/MLPerf-storage/dlio_benchmark/dlio_benchmark/utils/statscounter.py:325]
[INFO] 2025-05-04T18:56:17.007222 Rank 0 step 185 processed 5 samples in 1.0988335609436035 s [/mnt/ioopt/appbench/apps/MLPerf-storage/dlio_benchmark/dlio_benchmark/utils/statscounter.py:325]
[INFO] 2025-05-04T18:56:31.464820 Rank 0 step 186 processed 5 samples in 14.457135677337646 s [/mnt/ioopt/appbench/apps/MLPerf-storage/dlio_benchmark/dlio_benchmark/utils/statscounter.py:325]
[INFO] 2025-05-04T18:56:34.036481 Rank 0 step 187 processed 5 samples in 2.5711376667022705 s [/mnt/ioopt/appbench/apps/MLPerf-storage/dlio_benchmark/dlio_benchmark/utils/statscounter.py:325]
[INFO] 2025-05-04T18:56:34.365303 Rank 0 step 188 processed 5 samples in 0.3282902240753174 s [/mnt/ioopt/appbench/apps/MLPerf-storage/dlio_benchmark/dlio_benchmark/utils/statscounter.py:325]
[INFO] 2025-05-04T18:56:36.808079 Rank 0 step 189 processed 5 samples in 2.4423201084136963 s [/mnt/ioopt/appbench/apps/MLPerf-storage/dlio_benchmark/dlio_benchmark/utils/statscounter.py:325]
[INFO] 2025-05-04T18:56:37.316451 Rank 0 step 190 processed 5 samples in 0.5078675746917725 s [/mnt/ioopt/appbench/apps/MLPerf-storage/dlio_benchmark/dlio_benchmark/utils/statscounter.py:325]
[INFO] 2025-05-04T18:56:37.645694 Rank 0 step 191 processed 5 samples in 0.32869911193847656 s [/mnt/ioopt/appbench/apps/MLPerf-storage/dlio_benchmark/dlio_benchmark/utils/statscounter.py:325]
[INFO] 2025-05-04T18:56:38.250931 Rank 0 step 192 processed 5 samples in 0.6047816276550293 s [/mnt/ioopt/appbench/apps/MLPerf-storage/dlio_benchmark/dlio_benchmark/utils/statscounter.py:325]
[INFO] 2025-05-04T18:56:50.640971 Rank 0 step 193 processed 5 samples in 12.389495134353638 s [/mnt/ioopt/appbench/apps/MLPerf-storage/dlio_benchmark/dlio_benchmark/utils/statscounter.py:325]
[INFO] 2025-05-04T18:56:50.970239 Rank 0 step 194 processed 5 samples in 0.3287208080291748 s [/mnt/ioopt/appbench/apps/MLPerf-storage/dlio_benchmark/dlio_benchmark/utils/statscounter.py:325]
[INFO] 2025-05-04T18:56:52.022234 Rank 0 step 195 processed 5 samples in 1.0515375137329102 s [/mnt/ioopt/appbench/apps/MLPerf-storage/dlio_benchmark/dlio_benchmark/utils/statscounter.py:325]
[INFO] 2025-05-04T18:56:52.349830 Rank 0 step 196 processed 5 samples in 0.32713866233825684 s [/mnt/ioopt/appbench/apps/MLPerf-storage/dlio_benchmark/dlio_benchmark/utils/statscounter.py:325]
[INFO] 2025-05-04T18:56:52.681016 Rank 0 step 197 processed 5 samples in 0.33072876930236816 s [/mnt/ioopt/appbench/apps/MLPerf-storage/dlio_benchmark/dlio_benchmark/utils/statscounter.py:325]
[INFO] 2025-05-04T18:56:53.011562 Rank 0 step 198 processed 5 samples in 0.33008623123168945 s [/mnt/ioopt/appbench/apps/MLPerf-storage/dlio_benchmark/dlio_benchmark/utils/statscounter.py:325]
[INFO] 2025-05-04T18:56:53.341047 Rank 0 step 199 processed 5 samples in 0.3290257453918457 s [/mnt/ioopt/appbench/apps/MLPerf-storage/dlio_benchmark/dlio_benchmark/utils/statscounter.py:325]
[INFO] 2025-05-04T18:57:10.287043 Rank 0 step 200 processed 5 samples in 16.945521116256714 s [/mnt/ioopt/appbench/apps/MLPerf-storage/dlio_benchmark/dlio_benchmark/utils/statscounter.py:325]
[INFO] 2025-05-04T18:57:10.616195 Rank 0 step 201 processed 5 samples in 0.3285982608795166 s [/mnt/ioopt/appbench/apps/MLPerf-storage/dlio_benchmark/dlio_benchmark/utils/statscounter.py:325]
[INFO] 2025-05-04T18:57:10.945615 Rank 0 step 202 processed 5 samples in 0.32889556884765625 s [/mnt/ioopt/appbench/apps/MLPerf-storage/dlio_benchmark/dlio_benchmark/utils/statscounter.py:325]
[INFO] 2025-05-04T18:57:11.274941 Rank 0 step 203 processed 5 samples in 0.3287851810455322 s [/mnt/ioopt/appbench/apps/MLPerf-storage/dlio_benchmark/dlio_benchmark/utils/statscounter.py:325]
[INFO] 2025-05-04T18:57:14.901033 Rank 0 step 204 processed 5 samples in 3.6255881786346436 s [/mnt/ioopt/appbench/apps/MLPerf-storage/dlio_benchmark/dlio_benchmark/utils/statscounter.py:325]
[INFO] 2025-05-04T18:57:15.235312 Rank 0 step 205 processed 5 samples in 0.33371520042419434 s [/mnt/ioopt/appbench/apps/MLPerf-storage/dlio_benchmark/dlio_benchmark/utils/statscounter.py:325]
[INFO] 2025-05-04T18:57:15.565651 Rank 0 step 206 processed 5 samples in 0.3294718265533447 s [/mnt/ioopt/appbench/apps/MLPerf-storage/dlio_benchmark/dlio_benchmark/utils/statscounter.py:325]
[INFO] 2025-05-04T18:57:23.321679 Rank 0 step 207 processed 5 samples in 7.755547285079956 s [/mnt/ioopt/appbench/apps/MLPerf-storage/dlio_benchmark/dlio_benchmark/utils/statscounter.py:325]
[INFO] 2025-05-04T18:57:23.651019 Rank 0 step 208 processed 5 samples in 0.3286411762237549 s [/mnt/ioopt/appbench/apps/MLPerf-storage/dlio_benchmark/dlio_benchmark/utils/statscounter.py:325]
[INFO] 2025-05-04T18:57:23.979739 Rank 0 step 209 processed 5 samples in 0.32817673683166504 s [/mnt/ioopt/appbench/apps/MLPerf-storage/dlio_benchmark/dlio_benchmark/utils/statscounter.py:325]
[INFO] 2025-05-04T18:57:24.308673 Rank 0 step 210 processed 5 samples in 0.3284590244293213 s [/mnt/ioopt/appbench/apps/MLPerf-storage/dlio_benchmark/dlio_benchmark/utils/statscounter.py:325]
[INFO] 2025-05-04T18:57:24.638105 Rank 0 step 211 processed 5 samples in 0.3289155960083008 s [/mnt/ioopt/appbench/apps/MLPerf-storage/dlio_benchmark/dlio_benchmark/utils/statscounter.py:325]
[INFO] 2025-05-04T18:57:27.273244 Rank 0 step 212 processed 5 samples in 2.6346209049224854 s [/mnt/ioopt/appbench/apps/MLPerf-storage/dlio_benchmark/dlio_benchmark/utils/statscounter.py:325]
[INFO] 2025-05-04T18:57:28.612768 Rank 0 step 213 processed 5 samples in 1.3389768600463867 s [/mnt/ioopt/appbench/apps/MLPerf-storage/dlio_benchmark/dlio_benchmark/utils/statscounter.py:325]
[INFO] 2025-05-04T18:57:41.864029 Rank 0 step 214 processed 5 samples in 13.250745296478271 s [/mnt/ioopt/appbench/apps/MLPerf-storage/dlio_benchmark/dlio_benchmark/utils/statscounter.py:325]
[INFO] 2025-05-04T18:57:42.193084 Rank 0 step 215 processed 5 samples in 0.3285176753997803 s [/mnt/ioopt/appbench/apps/MLPerf-storage/dlio_benchmark/dlio_benchmark/utils/statscounter.py:325]
[INFO] 2025-05-04T18:57:42.522276 Rank 0 step 216 processed 5 samples in 0.32866477966308594 s [/mnt/ioopt/appbench/apps/MLPerf-storage/dlio_benchmark/dlio_benchmark/utils/statscounter.py:325]
[INFO] 2025-05-04T18:57:42.851976 Rank 0 step 217 processed 5 samples in 0.32916903495788574 s [/mnt/ioopt/appbench/apps/MLPerf-storage/dlio_benchmark/dlio_benchmark/utils/statscounter.py:325]
[INFO] 2025-05-04T18:57:52.548746 Rank 0 step 218 processed 5 samples in 9.696252584457397 s [/mnt/ioopt/appbench/apps/MLPerf-storage/dlio_benchmark/dlio_benchmark/utils/statscounter.py:325]
[INFO] 2025-05-04T18:57:52.877595 Rank 0 step 219 processed 5 samples in 0.3283500671386719 s [/mnt/ioopt/appbench/apps/MLPerf-storage/dlio_benchmark/dlio_benchmark/utils/statscounter.py:325]
[INFO] 2025-05-04T18:57:53.206580 Rank 0 step 220 processed 5 samples in 0.3284931182861328 s [/mnt/ioopt/appbench/apps/MLPerf-storage/dlio_benchmark/dlio_benchmark/utils/statscounter.py:325]
[INFO] 2025-05-04T18:57:57.655387 Rank 0 step 221 processed 5 samples in 4.4482808113098145 s [/mnt/ioopt/appbench/apps/MLPerf-storage/dlio_benchmark/dlio_benchmark/utils/statscounter.py:325]
[INFO] 2025-05-04T18:57:57.984797 Rank 0 step 222 processed 5 samples in 0.32892656326293945 s [/mnt/ioopt/appbench/apps/MLPerf-storage/dlio_benchmark/dlio_benchmark/utils/statscounter.py:325]
[INFO] 2025-05-04T18:57:58.313775 Rank 0 step 223 processed 5 samples in 0.3284339904785156 s [/mnt/ioopt/appbench/apps/MLPerf-storage/dlio_benchmark/dlio_benchmark/utils/statscounter.py:325]
[INFO] 2025-05-04T18:57:58.642971 Rank 0 step 224 processed 5 samples in 0.3287222385406494 s [/mnt/ioopt/appbench/apps/MLPerf-storage/dlio_benchmark/dlio_benchmark/utils/statscounter.py:325]
[INFO] 2025-05-04T18:57:58.971983 Rank 0 step 225 processed 5 samples in 0.32850193977355957 s [/mnt/ioopt/appbench/apps/MLPerf-storage/dlio_benchmark/dlio_benchmark/utils/statscounter.py:325]
[INFO] 2025-05-04T18:58:06.466496 Rank 0 step 226 processed 5 samples in 7.49403977394104 s [/mnt/ioopt/appbench/apps/MLPerf-storage/dlio_benchmark/dlio_benchmark/utils/statscounter.py:325]
[INFO] 2025-05-04T18:58:06.794729 Rank 0 step 227 processed 5 samples in 0.3276400566101074 s [/mnt/ioopt/appbench/apps/MLPerf-storage/dlio_benchmark/dlio_benchmark/utils/statscounter.py:325]
[INFO] 2025-05-04T18:58:17.066318 Rank 0 step 228 processed 5 samples in 10.271095991134644 s [/mnt/ioopt/appbench/apps/MLPerf-storage/dlio_benchmark/dlio_benchmark/utils/statscounter.py:325]
[INFO] 2025-05-04T18:58:17.395295 Rank 0 step 229 processed 5 samples in 0.3284120559692383 s [/mnt/ioopt/appbench/apps/MLPerf-storage/dlio_benchmark/dlio_benchmark/utils/statscounter.py:325]
[INFO] 2025-05-04T18:58:19.257728 Rank 0 step 230 processed 5 samples in 1.8618850708007812 s [/mnt/ioopt/appbench/apps/MLPerf-storage/dlio_benchmark/dlio_benchmark/utils/statscounter.py:325]
[INFO] 2025-05-04T18:58:19.586915 Rank 0 step 231 processed 5 samples in 0.32862067222595215 s [/mnt/ioopt/appbench/apps/MLPerf-storage/dlio_benchmark/dlio_benchmark/utils/statscounter.py:325]
[INFO] 2025-05-04T18:58:29.589622 Rank 0 step 232 processed 5 samples in 10.002225399017334 s [/mnt/ioopt/appbench/apps/MLPerf-storage/dlio_benchmark/dlio_benchmark/utils/statscounter.py:325]
[INFO] 2025-05-04T18:58:29.916075 Rank 0 step 233 processed 5 samples in 0.32593846321105957 s [/mnt/ioopt/appbench/apps/MLPerf-storage/dlio_benchmark/dlio_benchmark/utils/statscounter.py:325]
[INFO] 2025-05-04T18:58:30.245768 Rank 0 step 234 processed 5 samples in 0.3291432857513428 s [/mnt/ioopt/appbench/apps/MLPerf-storage/dlio_benchmark/dlio_benchmark/utils/statscounter.py:325]
[INFO] 2025-05-04T18:58:30.574771 Rank 0 step 235 processed 5 samples in 0.3284878730773926 s [/mnt/ioopt/appbench/apps/MLPerf-storage/dlio_benchmark/dlio_benchmark/utils/statscounter.py:325]
[INFO] 2025-05-04T18:58:30.903956 Rank 0 step 236 processed 5 samples in 0.3287036418914795 s [/mnt/ioopt/appbench/apps/MLPerf-storage/dlio_benchmark/dlio_benchmark/utils/statscounter.py:325]
[INFO] 2025-05-04T18:58:31.232848 Rank 0 step 237 processed 5 samples in 0.328418493270874 s [/mnt/ioopt/appbench/apps/MLPerf-storage/dlio_benchmark/dlio_benchmark/utils/statscounter.py:325]
[INFO] 2025-05-04T18:58:31.560600 Rank 0 step 238 processed 5 samples in 0.3272874355316162 s [/mnt/ioopt/appbench/apps/MLPerf-storage/dlio_benchmark/dlio_benchmark/utils/statscounter.py:325]
[INFO] 2025-05-04T18:58:31.891969 Rank 0 step 239 processed 5 samples in 0.3308594226837158 s [/mnt/ioopt/appbench/apps/MLPerf-storage/dlio_benchmark/dlio_benchmark/utils/statscounter.py:325]
[INFO] 2025-05-04T18:58:42.503634 Rank 0 step 240 processed 5 samples in 10.611142873764038 s [/mnt/ioopt/appbench/apps/MLPerf-storage/dlio_benchmark/dlio_benchmark/utils/statscounter.py:325]
[INFO] 2025-05-04T18:58:42.832507 Rank 0 step 241 processed 5 samples in 0.32839322090148926 s [/mnt/ioopt/appbench/apps/MLPerf-storage/dlio_benchmark/dlio_benchmark/utils/statscounter.py:325]
[INFO] 2025-05-04T18:58:58.313212 Rank 0 step 242 processed 5 samples in 15.480233192443848 s [/mnt/ioopt/appbench/apps/MLPerf-storage/dlio_benchmark/dlio_benchmark/utils/statscounter.py:325]
[INFO] 2025-05-04T18:58:59.167220 Rank 0 step 243 processed 5 samples in 0.853412389755249 s [/mnt/ioopt/appbench/apps/MLPerf-storage/dlio_benchmark/dlio_benchmark/utils/statscounter.py:325]
[INFO] 2025-05-04T18:58:59.496542 Rank 0 step 244 processed 5 samples in 0.3288130760192871 s [/mnt/ioopt/appbench/apps/MLPerf-storage/dlio_benchmark/dlio_benchmark/utils/statscounter.py:325]
[INFO] 2025-05-04T18:58:59.825793 Rank 0 step 245 processed 5 samples in 0.3287074565887451 s [/mnt/ioopt/appbench/apps/MLPerf-storage/dlio_benchmark/dlio_benchmark/utils/statscounter.py:325]
[INFO] 2025-05-04T18:59:05.556259 Rank 0 step 246 processed 5 samples in 5.729925155639648 s [/mnt/ioopt/appbench/apps/MLPerf-storage/dlio_benchmark/dlio_benchmark/utils/statscounter.py:325]
[INFO] 2025-05-04T18:59:05.883121 Rank 0 step 247 processed 5 samples in 0.3263435363769531 s [/mnt/ioopt/appbench/apps/MLPerf-storage/dlio_benchmark/dlio_benchmark/utils/statscounter.py:325]
[INFO] 2025-05-04T18:59:06.209386 Rank 0 step 248 processed 5 samples in 0.32589054107666016 s [/mnt/ioopt/appbench/apps/MLPerf-storage/dlio_benchmark/dlio_benchmark/utils/statscounter.py:325]
[INFO] 2025-05-04T18:59:06.537827 Rank 0 step 249 processed 5 samples in 0.3279109001159668 s [/mnt/ioopt/appbench/apps/MLPerf-storage/dlio_benchmark/dlio_benchmark/utils/statscounter.py:325]
[INFO] 2025-05-04T18:59:06.865862 Rank 0 step 250 processed 5 samples in 0.32767367362976074 s [/mnt/ioopt/appbench/apps/MLPerf-storage/dlio_benchmark/dlio_benchmark/utils/statscounter.py:325]
[INFO] 2025-05-04T18:59:07.194587 Rank 0 step 251 processed 5 samples in 0.3282144069671631 s [/mnt/ioopt/appbench/apps/MLPerf-storage/dlio_benchmark/dlio_benchmark/utils/statscounter.py:325]
[INFO] 2025-05-04T18:59:07.524255 Rank 0 step 252 processed 5 samples in 0.32903099060058594 s [/mnt/ioopt/appbench/apps/MLPerf-storage/dlio_benchmark/dlio_benchmark/utils/statscounter.py:325]
[INFO] 2025-05-04T18:59:07.855836 Rank 0 step 253 processed 5 samples in 0.3310678005218506 s [/mnt/ioopt/appbench/apps/MLPerf-storage/dlio_benchmark/dlio_benchmark/utils/statscounter.py:325]
[INFO] 2025-05-04T18:59:17.617972 Rank 0 step 254 processed 5 samples in 9.76086688041687 s [/mnt/ioopt/appbench/apps/MLPerf-storage/dlio_benchmark/dlio_benchmark/utils/statscounter.py:325]
[INFO] 2025-05-04T18:59:17.947880 Rank 0 step 255 processed 5 samples in 0.3294188976287842 s [/mnt/ioopt/appbench/apps/MLPerf-storage/dlio_benchmark/dlio_benchmark/utils/statscounter.py:325]
[INFO] 2025-05-04T18:59:26.628145 Rank 0 step 256 processed 5 samples in 8.679800510406494 s [/mnt/ioopt/appbench/apps/MLPerf-storage/dlio_benchmark/dlio_benchmark/utils/statscounter.py:325]
[INFO] 2025-05-04T18:59:26.956077 Rank 0 step 257 processed 5 samples in 0.3275752067565918 s [/mnt/ioopt/appbench/apps/MLPerf-storage/dlio_benchmark/dlio_benchmark/utils/statscounter.py:325]
[INFO] 2025-05-04T18:59:31.770321 Rank 0 step 258 processed 5 samples in 4.8137335777282715 s [/mnt/ioopt/appbench/apps/MLPerf-storage/dlio_benchmark/dlio_benchmark/utils/statscounter.py:325]
[INFO] 2025-05-04T18:59:32.099683 Rank 0 step 259 processed 5 samples in 0.32888293266296387 s [/mnt/ioopt/appbench/apps/MLPerf-storage/dlio_benchmark/dlio_benchmark/utils/statscounter.py:325]
[INFO] 2025-05-04T18:59:34.710315 Rank 0 step 260 processed 5 samples in 2.6101646423339844 s [/mnt/ioopt/appbench/apps/MLPerf-storage/dlio_benchmark/dlio_benchmark/utils/statscounter.py:325]
[INFO] 2025-05-04T18:59:38.344006 Rank 0 step 261 processed 5 samples in 3.6332125663757324 s [/mnt/ioopt/appbench/apps/MLPerf-storage/dlio_benchmark/dlio_benchmark/utils/statscounter.py:325]
[INFO] 2025-05-04T18:59:38.673077 Rank 0 step 262 processed 5 samples in 0.328519344329834 s [/mnt/ioopt/appbench/apps/MLPerf-storage/dlio_benchmark/dlio_benchmark/utils/statscounter.py:325]
[INFO] 2025-05-04T18:59:38.998946 Rank 0 step 263 processed 5 samples in 0.325575590133667 s [/mnt/ioopt/appbench/apps/MLPerf-storage/dlio_benchmark/dlio_benchmark/utils/statscounter.py:325]
[INFO] 2025-05-04T18:59:40.817249 Rank 0 step 264 processed 5 samples in 1.8178110122680664 s [/mnt/ioopt/appbench/apps/MLPerf-storage/dlio_benchmark/dlio_benchmark/utils/statscounter.py:325]
[INFO] 2025-05-04T18:59:41.146581 Rank 0 step 265 processed 5 samples in 0.3288114070892334 s [/mnt/ioopt/appbench/apps/MLPerf-storage/dlio_benchmark/dlio_benchmark/utils/statscounter.py:325]
[INFO] 2025-05-04T18:59:41.475517 Rank 0 step 266 processed 5 samples in 0.32836484909057617 s [/mnt/ioopt/appbench/apps/MLPerf-storage/dlio_benchmark/dlio_benchmark/utils/statscounter.py:325]
[INFO] 2025-05-04T18:59:41.804773 Rank 0 step 267 processed 5 samples in 0.3287935256958008 s [/mnt/ioopt/appbench/apps/MLPerf-storage/dlio_benchmark/dlio_benchmark/utils/statscounter.py:325]
[INFO] 2025-05-04T18:59:43.892480 Rank 0 step 268 processed 5 samples in 2.0872442722320557 s [/mnt/ioopt/appbench/apps/MLPerf-storage/dlio_benchmark/dlio_benchmark/utils/statscounter.py:325]
[INFO] 2025-05-04T18:59:55.379892 Rank 0 step 269 processed 5 samples in 11.486928939819336 s [/mnt/ioopt/appbench/apps/MLPerf-storage/dlio_benchmark/dlio_benchmark/utils/statscounter.py:325]
[INFO] 2025-05-04T18:59:55.708998 Rank 0 step 270 processed 5 samples in 0.3286142349243164 s [/mnt/ioopt/appbench/apps/MLPerf-storage/dlio_benchmark/dlio_benchmark/utils/statscounter.py:325]
[INFO] 2025-05-04T18:59:58.710862 Rank 0 step 271 processed 5 samples in 3.001397132873535 s [/mnt/ioopt/appbench/apps/MLPerf-storage/dlio_benchmark/dlio_benchmark/utils/statscounter.py:325]
[INFO] 2025-05-04T19:00:02.455845 Rank 0 step 272 processed 5 samples in 3.744413137435913 s [/mnt/ioopt/appbench/apps/MLPerf-storage/dlio_benchmark/dlio_benchmark/utils/statscounter.py:325]
[INFO] 2025-05-04T19:00:02.785181 Rank 0 step 273 processed 5 samples in 0.32880640029907227 s [/mnt/ioopt/appbench/apps/MLPerf-storage/dlio_benchmark/dlio_benchmark/utils/statscounter.py:325]
[INFO] 2025-05-04T19:00:06.202323 Rank 0 step 274 processed 5 samples in 3.416663885116577 s [/mnt/ioopt/appbench/apps/MLPerf-storage/dlio_benchmark/dlio_benchmark/utils/statscounter.py:325]
[INFO] 2025-05-04T19:00:06.531136 Rank 0 step 275 processed 5 samples in 0.3283424377441406 s [/mnt/ioopt/appbench/apps/MLPerf-storage/dlio_benchmark/dlio_benchmark/utils/statscounter.py:325]
[INFO] 2025-05-04T19:00:08.293079 Rank 0 step 276 processed 5 samples in 1.761483907699585 s [/mnt/ioopt/appbench/apps/MLPerf-storage/dlio_benchmark/dlio_benchmark/utils/statscounter.py:325]
[INFO] 2025-05-04T19:00:08.622078 Rank 0 step 277 processed 5 samples in 0.32848310470581055 s [/mnt/ioopt/appbench/apps/MLPerf-storage/dlio_benchmark/dlio_benchmark/utils/statscounter.py:325]
[INFO] 2025-05-04T19:00:09.772742 Rank 0 step 278 processed 5 samples in 1.1501703262329102 s [/mnt/ioopt/appbench/apps/MLPerf-storage/dlio_benchmark/dlio_benchmark/utils/statscounter.py:325]
[INFO] 2025-05-04T19:00:10.101663 Rank 0 step 279 processed 5 samples in 0.32832908630371094 s [/mnt/ioopt/appbench/apps/MLPerf-storage/dlio_benchmark/dlio_benchmark/utils/statscounter.py:325]
[INFO] 2025-05-04T19:00:12.537097 Rank 0 step 280 processed 5 samples in 2.434882879257202 s [/mnt/ioopt/appbench/apps/MLPerf-storage/dlio_benchmark/dlio_benchmark/utils/statscounter.py:325]
[INFO] 2025-05-04T19:00:18.321768 Rank 0 step 281 processed 5 samples in 5.784106254577637 s [/mnt/ioopt/appbench/apps/MLPerf-storage/dlio_benchmark/dlio_benchmark/utils/statscounter.py:325]
[INFO] 2025-05-04T19:00:18.650623 Rank 0 step 282 processed 5 samples in 0.328341007232666 s [/mnt/ioopt/appbench/apps/MLPerf-storage/dlio_benchmark/dlio_benchmark/utils/statscounter.py:325]
[INFO] 2025-05-04T19:00:21.468534 Rank 0 step 283 processed 5 samples in 2.8174288272857666 s [/mnt/ioopt/appbench/apps/MLPerf-storage/dlio_benchmark/dlio_benchmark/utils/statscounter.py:325]
[INFO] 2025-05-04T19:00:23.041715 Rank 0 step 284 processed 5 samples in 1.5726583003997803 s [/mnt/ioopt/appbench/apps/MLPerf-storage/dlio_benchmark/dlio_benchmark/utils/statscounter.py:325]
[INFO] 2025-05-04T19:00:23.410019 Rank 0 step 285 processed 5 samples in 0.3677833080291748 s [/mnt/ioopt/appbench/apps/MLPerf-storage/dlio_benchmark/dlio_benchmark/utils/statscounter.py:325]
[INFO] 2025-05-04T19:00:28.150264 Rank 0 step 286 processed 5 samples in 4.739670276641846 s [/mnt/ioopt/appbench/apps/MLPerf-storage/dlio_benchmark/dlio_benchmark/utils/statscounter.py:325]
[INFO] 2025-05-04T19:00:35.081466 Rank 0 step 287 processed 5 samples in 6.930635929107666 s [/mnt/ioopt/appbench/apps/MLPerf-storage/dlio_benchmark/dlio_benchmark/utils/statscounter.py:325]
[INFO] 2025-05-04T19:00:37.921115 Rank 0 step 288 processed 5 samples in 2.839113712310791 s [/mnt/ioopt/appbench/apps/MLPerf-storage/dlio_benchmark/dlio_benchmark/utils/statscounter.py:325]
[INFO] 2025-05-04T19:00:41.798646 Rank 0 step 289 processed 5 samples in 3.87703013420105 s [/mnt/ioopt/appbench/apps/MLPerf-storage/dlio_benchmark/dlio_benchmark/utils/statscounter.py:325]
[INFO] 2025-05-04T19:00:42.127545 Rank 0 step 290 processed 5 samples in 0.3283665180206299 s [/mnt/ioopt/appbench/apps/MLPerf-storage/dlio_benchmark/dlio_benchmark/utils/statscounter.py:325]
[INFO] 2025-05-04T19:00:42.459188 Rank 0 step 291 processed 5 samples in 0.33110475540161133 s [/mnt/ioopt/appbench/apps/MLPerf-storage/dlio_benchmark/dlio_benchmark/utils/statscounter.py:325]
[INFO] 2025-05-04T19:00:42.787907 Rank 0 step 292 processed 5 samples in 0.32822299003601074 s [/mnt/ioopt/appbench/apps/MLPerf-storage/dlio_benchmark/dlio_benchmark/utils/statscounter.py:325]
[INFO] 2025-05-04T19:00:43.118251 Rank 0 step 293 processed 5 samples in 0.3299102783203125 s [/mnt/ioopt/appbench/apps/MLPerf-storage/dlio_benchmark/dlio_benchmark/utils/statscounter.py:325]
[INFO] 2025-05-04T19:00:43.447324 Rank 0 step 294 processed 5 samples in 0.32862186431884766 s [/mnt/ioopt/appbench/apps/MLPerf-storage/dlio_benchmark/dlio_benchmark/utils/statscounter.py:325]
[INFO] 2025-05-04T19:00:46.743600 Rank 0 step 295 processed 5 samples in 3.295832395553589 s [/mnt/ioopt/appbench/apps/MLPerf-storage/dlio_benchmark/dlio_benchmark/utils/statscounter.py:325]
[INFO] 2025-05-04T19:00:50.481541 Rank 0 step 296 processed 5 samples in 3.7374672889709473 s [/mnt/ioopt/appbench/apps/MLPerf-storage/dlio_benchmark/dlio_benchmark/utils/statscounter.py:325]
[INFO] 2025-05-04T19:00:50.810499 Rank 0 step 297 processed 5 samples in 0.3284788131713867 s [/mnt/ioopt/appbench/apps/MLPerf-storage/dlio_benchmark/dlio_benchmark/utils/statscounter.py:325]
[INFO] 2025-05-04T19:00:52.545771 Rank 0 step 298 processed 5 samples in 1.7347996234893799 s [/mnt/ioopt/appbench/apps/MLPerf-storage/dlio_benchmark/dlio_benchmark/utils/statscounter.py:325]
[INFO] 2025-05-04T19:00:52.874857 Rank 0 step 299 processed 5 samples in 0.32853078842163086 s [/mnt/ioopt/appbench/apps/MLPerf-storage/dlio_benchmark/dlio_benchmark/utils/statscounter.py:325]
[INFO] 2025-05-04T19:01:04.892535 Rank 0 step 300 processed 5 samples in 12.017155170440674 s [/mnt/ioopt/appbench/apps/MLPerf-storage/dlio_benchmark/dlio_benchmark/utils/statscounter.py:325]
[INFO] 2025-05-04T19:01:05.229617 Rank 0 step 301 processed 5 samples in 0.3365762233734131 s [/mnt/ioopt/appbench/apps/MLPerf-storage/dlio_benchmark/dlio_benchmark/utils/statscounter.py:325]
[INFO] 2025-05-04T19:01:16.743172 Rank 0 step 302 processed 5 samples in 11.512711763381958 s [/mnt/ioopt/appbench/apps/MLPerf-storage/dlio_benchmark/dlio_benchmark/utils/statscounter.py:325]
[INFO] 2025-05-04T19:01:17.072062 Rank 0 step 303 processed 5 samples in 0.3284130096435547 s [/mnt/ioopt/appbench/apps/MLPerf-storage/dlio_benchmark/dlio_benchmark/utils/statscounter.py:325]
[INFO] 2025-05-04T19:01:17.401230 Rank 0 step 304 processed 5 samples in 0.32871389389038086 s [/mnt/ioopt/appbench/apps/MLPerf-storage/dlio_benchmark/dlio_benchmark/utils/statscounter.py:325]
[INFO] 2025-05-04T19:01:17.729954 Rank 0 step 305 processed 5 samples in 0.3282802104949951 s [/mnt/ioopt/appbench/apps/MLPerf-storage/dlio_benchmark/dlio_benchmark/utils/statscounter.py:325]
[INFO] 2025-05-04T19:01:18.059110 Rank 0 step 306 processed 5 samples in 0.3287200927734375 s [/mnt/ioopt/appbench/apps/MLPerf-storage/dlio_benchmark/dlio_benchmark/utils/statscounter.py:325]
[INFO] 2025-05-04T19:01:18.587212 Rank 0 step 307 processed 5 samples in 0.5276408195495605 s [/mnt/ioopt/appbench/apps/MLPerf-storage/dlio_benchmark/dlio_benchmark/utils/statscounter.py:325]
[INFO] 2025-05-04T19:01:18.916029 Rank 0 step 308 processed 5 samples in 0.32836413383483887 s [/mnt/ioopt/appbench/apps/MLPerf-storage/dlio_benchmark/dlio_benchmark/utils/statscounter.py:325]
[INFO] 2025-05-04T19:01:19.244850 Rank 0 step 309 processed 5 samples in 0.32835841178894043 s [/mnt/ioopt/appbench/apps/MLPerf-storage/dlio_benchmark/dlio_benchmark/utils/statscounter.py:325]
[INFO] 2025-05-04T19:01:25.260049 Rank 0 step 310 processed 5 samples in 6.014753818511963 s [/mnt/ioopt/appbench/apps/MLPerf-storage/dlio_benchmark/dlio_benchmark/utils/statscounter.py:325]
[INFO] 2025-05-04T19:01:25.589177 Rank 0 step 311 processed 5 samples in 0.32862424850463867 s [/mnt/ioopt/appbench/apps/MLPerf-storage/dlio_benchmark/dlio_benchmark/utils/statscounter.py:325]
[INFO] 2025-05-04T19:01:25.917957 Rank 0 step 312 processed 5 samples in 0.3283400535583496 s [/mnt/ioopt/appbench/apps/MLPerf-storage/dlio_benchmark/dlio_benchmark/utils/statscounter.py:325]
[INFO] 2025-05-04T19:01:26.246683 Rank 0 step 313 processed 5 samples in 0.3282444477081299 s [/mnt/ioopt/appbench/apps/MLPerf-storage/dlio_benchmark/dlio_benchmark/utils/statscounter.py:325]
[INFO] 2025-05-04T19:01:36.703818 Rank 0 step 314 processed 5 samples in 10.456678628921509 s [/mnt/ioopt/appbench/apps/MLPerf-storage/dlio_benchmark/dlio_benchmark/utils/statscounter.py:325]
[INFO] 2025-05-04T19:01:37.032704 Rank 0 step 315 processed 5 samples in 0.32840442657470703 s [/mnt/ioopt/appbench/apps/MLPerf-storage/dlio_benchmark/dlio_benchmark/utils/statscounter.py:325]
[INFO] 2025-05-04T19:01:53.676072 Rank 0 step 316 processed 5 samples in 16.64288640022278 s [/mnt/ioopt/appbench/apps/MLPerf-storage/dlio_benchmark/dlio_benchmark/utils/statscounter.py:325]
[INFO] 2025-05-04T19:01:55.163606 Rank 0 step 317 processed 5 samples in 1.4870548248291016 s [/mnt/ioopt/appbench/apps/MLPerf-storage/dlio_benchmark/dlio_benchmark/utils/statscounter.py:325]
[INFO] 2025-05-04T19:01:55.492630 Rank 0 step 318 processed 5 samples in 0.3285503387451172 s [/mnt/ioopt/appbench/apps/MLPerf-storage/dlio_benchmark/dlio_benchmark/utils/statscounter.py:325]
[INFO] 2025-05-04T19:01:55.821783 Rank 0 step 319 processed 5 samples in 0.32869505882263184 s [/mnt/ioopt/appbench/apps/MLPerf-storage/dlio_benchmark/dlio_benchmark/utils/statscounter.py:325]
[INFO] 2025-05-04T19:01:56.150640 Rank 0 step 320 processed 5 samples in 0.32838892936706543 s [/mnt/ioopt/appbench/apps/MLPerf-storage/dlio_benchmark/dlio_benchmark/utils/statscounter.py:325]
[INFO] 2025-05-04T19:01:56.479498 Rank 0 step 321 processed 5 samples in 0.3283684253692627 s [/mnt/ioopt/appbench/apps/MLPerf-storage/dlio_benchmark/dlio_benchmark/utils/statscounter.py:325]
[INFO] 2025-05-04T19:01:56.808682 Rank 0 step 322 processed 5 samples in 0.3287622928619385 s [/mnt/ioopt/appbench/apps/MLPerf-storage/dlio_benchmark/dlio_benchmark/utils/statscounter.py:325]
[INFO] 2025-05-04T19:01:57.139278 Rank 0 step 323 processed 5 samples in 0.3301539421081543 s [/mnt/ioopt/appbench/apps/MLPerf-storage/dlio_benchmark/dlio_benchmark/utils/statscounter.py:325]
[INFO] 2025-05-04T19:01:57.468165 Rank 0 step 324 processed 5 samples in 0.3284165859222412 s [/mnt/ioopt/appbench/apps/MLPerf-storage/dlio_benchmark/dlio_benchmark/utils/statscounter.py:325]
[INFO] 2025-05-04T19:01:57.799742 Rank 0 step 325 processed 5 samples in 0.3311188220977783 s [/mnt/ioopt/appbench/apps/MLPerf-storage/dlio_benchmark/dlio_benchmark/utils/statscounter.py:325]
[INFO] 2025-05-04T19:01:58.128557 Rank 0 step 326 processed 5 samples in 0.3283517360687256 s [/mnt/ioopt/appbench/apps/MLPerf-storage/dlio_benchmark/dlio_benchmark/utils/statscounter.py:325]
[INFO] 2025-05-04T19:01:58.563228 Rank 0 step 327 processed 5 samples in 0.4342024326324463 s [/mnt/ioopt/appbench/apps/MLPerf-storage/dlio_benchmark/dlio_benchmark/utils/statscounter.py:325]
[INFO] 2025-05-04T19:01:59.294452 Rank 0 step 328 processed 5 samples in 0.7306630611419678 s [/mnt/ioopt/appbench/apps/MLPerf-storage/dlio_benchmark/dlio_benchmark/utils/statscounter.py:325]
[INFO] 2025-05-04T19:02:14.415673 Rank 0 step 329 processed 5 samples in 15.120697975158691 s [/mnt/ioopt/appbench/apps/MLPerf-storage/dlio_benchmark/dlio_benchmark/utils/statscounter.py:325]
[INFO] 2025-05-04T19:02:23.785335 Rank 0 step 330 processed 5 samples in 9.369099378585815 s [/mnt/ioopt/appbench/apps/MLPerf-storage/dlio_benchmark/dlio_benchmark/utils/statscounter.py:325]
[INFO] 2025-05-04T19:02:24.114158 Rank 0 step 331 processed 5 samples in 0.32833242416381836 s [/mnt/ioopt/appbench/apps/MLPerf-storage/dlio_benchmark/dlio_benchmark/utils/statscounter.py:325]
[INFO] 2025-05-04T19:02:28.067847 Rank 0 step 332 processed 5 samples in 3.953242301940918 s [/mnt/ioopt/appbench/apps/MLPerf-storage/dlio_benchmark/dlio_benchmark/utils/statscounter.py:325]
[INFO] 2025-05-04T19:02:28.396929 Rank 0 step 333 processed 5 samples in 0.32861328125 s [/mnt/ioopt/appbench/apps/MLPerf-storage/dlio_benchmark/dlio_benchmark/utils/statscounter.py:325]
[INFO] 2025-05-04T19:02:28.726502 Rank 0 step 334 processed 5 samples in 0.32911109924316406 s [/mnt/ioopt/appbench/apps/MLPerf-storage/dlio_benchmark/dlio_benchmark/utils/statscounter.py:325]
[INFO] 2025-05-04T19:02:29.841044 Rank 0 step 335 processed 5 samples in 1.1140832901000977 s [/mnt/ioopt/appbench/apps/MLPerf-storage/dlio_benchmark/dlio_benchmark/utils/statscounter.py:325]
[INFO] 2025-05-04T19:02:34.323561 Rank 0 step 336 processed 5 samples in 4.482045888900757 s [/mnt/ioopt/appbench/apps/MLPerf-storage/dlio_benchmark/dlio_benchmark/utils/statscounter.py:325]
[INFO] 2025-05-04T19:02:34.650065 Rank 0 step 337 processed 5 samples in 0.32596540451049805 s [/mnt/ioopt/appbench/apps/MLPerf-storage/dlio_benchmark/dlio_benchmark/utils/statscounter.py:325]
[INFO] 2025-05-04T19:02:34.975626 Rank 0 step 338 processed 5 samples in 0.32525086402893066 s [/mnt/ioopt/appbench/apps/MLPerf-storage/dlio_benchmark/dlio_benchmark/utils/statscounter.py:325]
[INFO] 2025-05-04T19:02:35.407923 Rank 0 step 339 processed 5 samples in 0.3274533748626709 s [/mnt/ioopt/appbench/apps/MLPerf-storage/dlio_benchmark/dlio_benchmark/utils/statscounter.py:325]
[INFO] 2025-05-04T19:02:35.735900 Rank 0 step 340 processed 5 samples in 0.3275158405303955 s [/mnt/ioopt/appbench/apps/MLPerf-storage/dlio_benchmark/dlio_benchmark/utils/statscounter.py:325]
[INFO] 2025-05-04T19:02:36.062395 Rank 0 step 341 processed 5 samples in 0.3261735439300537 s [/mnt/ioopt/appbench/apps/MLPerf-storage/dlio_benchmark/dlio_benchmark/utils/statscounter.py:325]
[INFO] 2025-05-04T19:02:36.391889 Rank 0 step 342 processed 5 samples in 0.3290433883666992 s [/mnt/ioopt/appbench/apps/MLPerf-storage/dlio_benchmark/dlio_benchmark/utils/statscounter.py:325]
[INFO] 2025-05-04T19:02:36.723061 Rank 0 step 343 processed 5 samples in 0.330890417098999 s [/mnt/ioopt/appbench/apps/MLPerf-storage/dlio_benchmark/dlio_benchmark/utils/statscounter.py:325]
[INFO] 2025-05-04T19:02:47.418657 Rank 0 step 344 processed 5 samples in 10.69510269165039 s [/mnt/ioopt/appbench/apps/MLPerf-storage/dlio_benchmark/dlio_benchmark/utils/statscounter.py:325]
[INFO] 2025-05-04T19:02:52.981236 Rank 0 step 345 processed 5 samples in 5.562084674835205 s [/mnt/ioopt/appbench/apps/MLPerf-storage/dlio_benchmark/dlio_benchmark/utils/statscounter.py:325]
[INFO] 2025-05-04T19:03:01.859591 Rank 0 step 346 processed 5 samples in 8.877880334854126 s [/mnt/ioopt/appbench/apps/MLPerf-storage/dlio_benchmark/dlio_benchmark/utils/statscounter.py:325]
[INFO] 2025-05-04T19:03:02.188699 Rank 0 step 347 processed 5 samples in 0.32854461669921875 s [/mnt/ioopt/appbench/apps/MLPerf-storage/dlio_benchmark/dlio_benchmark/utils/statscounter.py:325]
[INFO] 2025-05-04T19:03:02.520369 Rank 0 step 348 processed 5 samples in 0.3311426639556885 s [/mnt/ioopt/appbench/apps/MLPerf-storage/dlio_benchmark/dlio_benchmark/utils/statscounter.py:325]
[INFO] 2025-05-04T19:03:02.850723 Rank 0 step 349 processed 5 samples in 0.32913970947265625 s [/mnt/ioopt/appbench/apps/MLPerf-storage/dlio_benchmark/dlio_benchmark/utils/statscounter.py:325]
[INFO] 2025-05-04T19:03:03.183843 Rank 0 step 350 processed 5 samples in 0.3326549530029297 s [/mnt/ioopt/appbench/apps/MLPerf-storage/dlio_benchmark/dlio_benchmark/utils/statscounter.py:325]
[INFO] 2025-05-04T19:03:03.512750 Rank 0 step 351 processed 5 samples in 0.3283853530883789 s [/mnt/ioopt/appbench/apps/MLPerf-storage/dlio_benchmark/dlio_benchmark/utils/statscounter.py:325]
[INFO] 2025-05-04T19:03:03.841896 Rank 0 step 352 processed 5 samples in 0.3286759853363037 s [/mnt/ioopt/appbench/apps/MLPerf-storage/dlio_benchmark/dlio_benchmark/utils/statscounter.py:325]
[INFO] 2025-05-04T19:03:10.653697 Rank 0 step 353 processed 5 samples in 6.81126594543457 s [/mnt/ioopt/appbench/apps/MLPerf-storage/dlio_benchmark/dlio_benchmark/utils/statscounter.py:325]
[INFO] 2025-05-04T19:03:10.979870 Rank 0 step 354 processed 5 samples in 0.3258330821990967 s [/mnt/ioopt/appbench/apps/MLPerf-storage/dlio_benchmark/dlio_benchmark/utils/statscounter.py:325]
[INFO] 2025-05-04T19:03:11.308997 Rank 0 step 355 processed 5 samples in 0.3286592960357666 s [/mnt/ioopt/appbench/apps/MLPerf-storage/dlio_benchmark/dlio_benchmark/utils/statscounter.py:325]
[INFO] 2025-05-04T19:03:11.637815 Rank 0 step 356 processed 5 samples in 0.3283653259277344 s [/mnt/ioopt/appbench/apps/MLPerf-storage/dlio_benchmark/dlio_benchmark/utils/statscounter.py:325]
[INFO] 2025-05-04T19:03:11.967052 Rank 0 step 357 processed 5 samples in 0.32874298095703125 s [/mnt/ioopt/appbench/apps/MLPerf-storage/dlio_benchmark/dlio_benchmark/utils/statscounter.py:325]
[INFO] 2025-05-04T19:03:16.292643 Rank 0 step 358 processed 5 samples in 4.325132608413696 s [/mnt/ioopt/appbench/apps/MLPerf-storage/dlio_benchmark/dlio_benchmark/utils/statscounter.py:325]
[INFO] 2025-05-04T19:03:25.284561 Rank 0 step 359 processed 5 samples in 8.991423845291138 s [/mnt/ioopt/appbench/apps/MLPerf-storage/dlio_benchmark/dlio_benchmark/utils/statscounter.py:325]
[INFO] 2025-05-04T19:03:34.398035 Rank 0 step 360 processed 5 samples in 9.112903833389282 s [/mnt/ioopt/appbench/apps/MLPerf-storage/dlio_benchmark/dlio_benchmark/utils/statscounter.py:325]
[INFO] 2025-05-04T19:03:34.724262 Rank 0 step 361 processed 5 samples in 0.32564544677734375 s [/mnt/ioopt/appbench/apps/MLPerf-storage/dlio_benchmark/dlio_benchmark/utils/statscounter.py:325]
[INFO] 2025-05-04T19:03:35.050106 Rank 0 step 362 processed 5 samples in 0.3254256248474121 s [/mnt/ioopt/appbench/apps/MLPerf-storage/dlio_benchmark/dlio_benchmark/utils/statscounter.py:325]
[INFO] 2025-05-04T19:03:35.379624 Rank 0 step 363 processed 5 samples in 0.3289773464202881 s [/mnt/ioopt/appbench/apps/MLPerf-storage/dlio_benchmark/dlio_benchmark/utils/statscounter.py:325]
[INFO] 2025-05-04T19:03:35.708597 Rank 0 step 364 processed 5 samples in 0.32845020294189453 s [/mnt/ioopt/appbench/apps/MLPerf-storage/dlio_benchmark/dlio_benchmark/utils/statscounter.py:325]
[INFO] 2025-05-04T19:03:36.039757 Rank 0 step 365 processed 5 samples in 0.3306872844696045 s [/mnt/ioopt/appbench/apps/MLPerf-storage/dlio_benchmark/dlio_benchmark/utils/statscounter.py:325]
[INFO] 2025-05-04T19:03:37.888606 Rank 0 step 366 processed 5 samples in 1.8483657836914062 s [/mnt/ioopt/appbench/apps/MLPerf-storage/dlio_benchmark/dlio_benchmark/utils/statscounter.py:325]
[INFO] 2025-05-04T19:03:39.333192 Rank 0 step 367 processed 5 samples in 1.4440348148345947 s [/mnt/ioopt/appbench/apps/MLPerf-storage/dlio_benchmark/dlio_benchmark/utils/statscounter.py:325]
[INFO] 2025-05-04T19:03:39.666527 Rank 0 step 368 processed 5 samples in 0.3328373432159424 s [/mnt/ioopt/appbench/apps/MLPerf-storage/dlio_benchmark/dlio_benchmark/utils/statscounter.py:325]
[INFO] 2025-05-04T19:03:46.392726 Rank 0 step 369 processed 5 samples in 6.725732803344727 s [/mnt/ioopt/appbench/apps/MLPerf-storage/dlio_benchmark/dlio_benchmark/utils/statscounter.py:325]
[INFO] 2025-05-04T19:03:51.299063 Rank 0 step 370 processed 5 samples in 4.905779123306274 s [/mnt/ioopt/appbench/apps/MLPerf-storage/dlio_benchmark/dlio_benchmark/utils/statscounter.py:325]
[INFO] 2025-05-04T19:03:51.628099 Rank 0 step 371 processed 5 samples in 0.3285393714904785 s [/mnt/ioopt/appbench/apps/MLPerf-storage/dlio_benchmark/dlio_benchmark/utils/statscounter.py:325]
[INFO] 2025-05-04T19:03:51.956888 Rank 0 step 372 processed 5 samples in 0.32833385467529297 s [/mnt/ioopt/appbench/apps/MLPerf-storage/dlio_benchmark/dlio_benchmark/utils/statscounter.py:325]
[INFO] 2025-05-04T19:03:56.858583 Rank 0 step 373 processed 5 samples in 4.901231050491333 s [/mnt/ioopt/appbench/apps/MLPerf-storage/dlio_benchmark/dlio_benchmark/utils/statscounter.py:325]
[INFO] 2025-05-04T19:04:02.232629 Rank 0 step 374 processed 5 samples in 5.269482135772705 s [/mnt/ioopt/appbench/apps/MLPerf-storage/dlio_benchmark/dlio_benchmark/utils/statscounter.py:325]
[INFO] 2025-05-04T19:04:02.661494 Rank 0 step 375 processed 5 samples in 0.3264608383178711 s [/mnt/ioopt/appbench/apps/MLPerf-storage/dlio_benchmark/dlio_benchmark/utils/statscounter.py:325]
[INFO] 2025-05-04T19:04:10.303144 Rank 0 step 376 processed 5 samples in 7.6410603523254395 s [/mnt/ioopt/appbench/apps/MLPerf-storage/dlio_benchmark/dlio_benchmark/utils/statscounter.py:325]
[INFO] 2025-05-04T19:04:13.562247 Rank 0 step 377 processed 5 samples in 3.258549451828003 s [/mnt/ioopt/appbench/apps/MLPerf-storage/dlio_benchmark/dlio_benchmark/utils/statscounter.py:325]
[INFO] 2025-05-04T19:04:13.888835 Rank 0 step 378 processed 5 samples in 0.3262312412261963 s [/mnt/ioopt/appbench/apps/MLPerf-storage/dlio_benchmark/dlio_benchmark/utils/statscounter.py:325]
[INFO] 2025-05-04T19:04:14.214885 Rank 0 step 379 processed 5 samples in 0.32568883895874023 s [/mnt/ioopt/appbench/apps/MLPerf-storage/dlio_benchmark/dlio_benchmark/utils/statscounter.py:325]
[INFO] 2025-05-04T19:04:14.544490 Rank 0 step 380 processed 5 samples in 0.3290975093841553 s [/mnt/ioopt/appbench/apps/MLPerf-storage/dlio_benchmark/dlio_benchmark/utils/statscounter.py:325]
[INFO] 2025-05-04T19:04:14.873440 Rank 0 step 381 processed 5 samples in 0.3283708095550537 s [/mnt/ioopt/appbench/apps/MLPerf-storage/dlio_benchmark/dlio_benchmark/utils/statscounter.py:325]
[INFO] 2025-05-04T19:04:15.202575 Rank 0 step 382 processed 5 samples in 0.3286888599395752 s [/mnt/ioopt/appbench/apps/MLPerf-storage/dlio_benchmark/dlio_benchmark/utils/statscounter.py:325]
[INFO] 2025-05-04T19:04:16.163490 Rank 0 step 383 processed 5 samples in 0.96048903465271 s [/mnt/ioopt/appbench/apps/MLPerf-storage/dlio_benchmark/dlio_benchmark/utils/statscounter.py:325]
[INFO] 2025-05-04T19:04:17.279886 Rank 0 step 384 processed 5 samples in 1.1158478260040283 s [/mnt/ioopt/appbench/apps/MLPerf-storage/dlio_benchmark/dlio_benchmark/utils/statscounter.py:325]
[INFO] 2025-05-04T19:04:25.148674 Rank 0 step 385 processed 5 samples in 7.868304967880249 s [/mnt/ioopt/appbench/apps/MLPerf-storage/dlio_benchmark/dlio_benchmark/utils/statscounter.py:325]
[INFO] 2025-05-04T19:04:25.477545 Rank 0 step 386 processed 5 samples in 0.32836055755615234 s [/mnt/ioopt/appbench/apps/MLPerf-storage/dlio_benchmark/dlio_benchmark/utils/statscounter.py:325]
[INFO] 2025-05-04T19:04:28.859615 Rank 0 step 387 processed 5 samples in 3.3815982341766357 s [/mnt/ioopt/appbench/apps/MLPerf-storage/dlio_benchmark/dlio_benchmark/utils/statscounter.py:325]
[INFO] 2025-05-04T19:04:29.188572 Rank 0 step 388 processed 5 samples in 0.32843685150146484 s [/mnt/ioopt/appbench/apps/MLPerf-storage/dlio_benchmark/dlio_benchmark/utils/statscounter.py:325]
[INFO] 2025-05-04T19:04:29.517405 Rank 0 step 389 processed 5 samples in 0.3283212184906006 s [/mnt/ioopt/appbench/apps/MLPerf-storage/dlio_benchmark/dlio_benchmark/utils/statscounter.py:325]
[INFO] 2025-05-04T19:04:37.658842 Rank 0 step 390 processed 5 samples in 8.140944004058838 s [/mnt/ioopt/appbench/apps/MLPerf-storage/dlio_benchmark/dlio_benchmark/utils/statscounter.py:325]
[INFO] 2025-05-04T19:04:43.395633 Rank 0 step 391 processed 5 samples in 5.736288785934448 s [/mnt/ioopt/appbench/apps/MLPerf-storage/dlio_benchmark/dlio_benchmark/utils/statscounter.py:325]
[INFO] 2025-05-04T19:04:43.726906 Rank 0 step 392 processed 5 samples in 0.3307778835296631 s [/mnt/ioopt/appbench/apps/MLPerf-storage/dlio_benchmark/dlio_benchmark/utils/statscounter.py:325]
[INFO] 2025-05-04T19:04:44.055902 Rank 0 step 393 processed 5 samples in 0.3285205364227295 s [/mnt/ioopt/appbench/apps/MLPerf-storage/dlio_benchmark/dlio_benchmark/utils/statscounter.py:325]
[INFO] 2025-05-04T19:04:44.384606 Rank 0 step 394 processed 5 samples in 0.3283424377441406 s [/mnt/ioopt/appbench/apps/MLPerf-storage/dlio_benchmark/dlio_benchmark/utils/statscounter.py:325]
[INFO] 2025-05-04T19:04:44.715167 Rank 0 step 395 processed 5 samples in 0.33022046089172363 s [/mnt/ioopt/appbench/apps/MLPerf-storage/dlio_benchmark/dlio_benchmark/utils/statscounter.py:325]
[INFO] 2025-05-04T19:04:45.043824 Rank 0 step 396 processed 5 samples in 0.328167200088501 s [/mnt/ioopt/appbench/apps/MLPerf-storage/dlio_benchmark/dlio_benchmark/utils/statscounter.py:325]
[INFO] 2025-05-04T19:04:45.372607 Rank 0 step 397 processed 5 samples in 0.32834601402282715 s [/mnt/ioopt/appbench/apps/MLPerf-storage/dlio_benchmark/dlio_benchmark/utils/statscounter.py:325]
[INFO] 2025-05-04T19:04:45.703496 Rank 0 step 398 processed 5 samples in 0.33046698570251465 s [/mnt/ioopt/appbench/apps/MLPerf-storage/dlio_benchmark/dlio_benchmark/utils/statscounter.py:325]
[INFO] 2025-05-04T19:04:46.032428 Rank 0 step 399 processed 5 samples in 0.328505277633667 s [/mnt/ioopt/appbench/apps/MLPerf-storage/dlio_benchmark/dlio_benchmark/utils/statscounter.py:325]
[INFO] 2025-05-04T19:04:46.368135 Rank 0 step 400 processed 5 samples in 0.33522558212280273 s [/mnt/ioopt/appbench/apps/MLPerf-storage/dlio_benchmark/dlio_benchmark/utils/statscounter.py:325]
[INFO] 2025-05-04T19:04:46.368965 Maximum number of steps reached [/mnt/ioopt/appbench/apps/MLPerf-storage/dlio_benchmark/dlio_benchmark/main.py:293]
[INFO] 2025-05-04T19:04:46.371886 Ending block 1 - 400 steps completed in 969.82 s [/mnt/ioopt/appbench/apps/MLPerf-storage/dlio_benchmark/dlio_benchmark/utils/statscounter.py:282]
[INFO] 2025-05-04T19:04:46.394481 Epoch 1 - Block 1 [Training] Accelerator Utilization [AU] (%): 13.7384 [/mnt/ioopt/appbench/apps/MLPerf-storage/dlio_benchmark/dlio_benchmark/utils/statscounter.py:285]
[INFO] 2025-05-04T19:04:46.394597 Epoch 1 - Block 1 [Training] Throughput (samples/second): 2.0622 [/mnt/ioopt/appbench/apps/MLPerf-storage/dlio_benchmark/dlio_benchmark/utils/statscounter.py:286]
[INFO] 2025-05-04T19:04:46.396293 Ending epoch 1 - 400 steps completed in 969.88 s [/mnt/ioopt/appbench/apps/MLPerf-storage/dlio_benchmark/dlio_benchmark/utils/statscounter.py:225]
[INFO] 2025-05-04T19:04:46.403562 Saved outputs in /mnt/ioopt/appbench/apps/MLPerf-storage/resultsdir/RUN_4/batch_size_5_num_threads_14 [/mnt/ioopt/appbench/apps/MLPerf-storage/dlio_benchmark/dlio_benchmark/utils/statscounter.py:171]
[INFO] Averaged metric over all epochs
[METRIC] ==========================================================
[METRIC] Number of Simulated Accelerators: 1 
[METRIC] Training Accelerator Utilization [AU] (%): 13.7384 (0.0000)
[METRIC] Training Throughput (samples/second): 2.0622 (0.0000)
[METRIC] Training I/O Throughput (MB/second): 288.3198 (0.0000)
[METRIC] train_au_meet_expectation: fail
[METRIC] ==========================================================
 [/mnt/ioopt/appbench/apps/MLPerf-storage/dlio_benchmark/dlio_benchmark/utils/statscounter.py:185]
[INFO] 2025-05-04T19:04:46.413267 outputs saved in RANKID_output.json [/mnt/ioopt/appbench/apps/MLPerf-storage/dlio_benchmark/dlio_benchmark/utils/statscounter.py:378]
