[INFO] 2025-05-05T09:21:02.915337 Profiling DLIO /mnt/ioopt/appbench/apps/MLPerf-storage/resultsdir/RUN_5/batch_size_5_num_threads_4/trace-0-of-1.pfw [/mnt/ioopt/appbench/apps/MLPerf-storage/dlio_benchmark/dlio_benchmark/utils/config.py:189]
[INFO] 2025-05-05T09:21:02.916065 Running DLIO with 1 process(es) [/mnt/ioopt/appbench/apps/MLPerf-storage/dlio_benchmark/dlio_benchmark/main.py:100]
[INFO] Total amount of data each host will consume is 273.064948618412 GB; each host has [np.float64(187.5592384338379)] GB memory [/mnt/ioopt/appbench/apps/MLPerf-storage/dlio_benchmark/dlio_benchmark/utils/statscounter.py:121]
[INFO] 2025-05-05T09:21:19.287342 Max steps per epoch: 400 = 1 * 2000 / 5 / 1 (samples per file * num files / batch size / comm size) [/mnt/ioopt/appbench/apps/MLPerf-storage/dlio_benchmark/dlio_benchmark/main.py:321]
[INFO] 2025-05-05T09:21:19.441658 Starting epoch 1: 400 steps expected [/mnt/ioopt/appbench/apps/MLPerf-storage/dlio_benchmark/dlio_benchmark/utils/statscounter.py:192]
[INFO] 2025-05-05T09:21:19.474015 Starting block 1 [/mnt/ioopt/appbench/apps/MLPerf-storage/dlio_benchmark/dlio_benchmark/utils/statscounter.py:264]
[INFO] 2025-05-05T09:21:30.300063 Rank 0 step 1 processed 5 samples in 10.825861930847168 s [/mnt/ioopt/appbench/apps/MLPerf-storage/dlio_benchmark/dlio_benchmark/utils/statscounter.py:325]
[INFO] 2025-05-05T09:21:30.631731 Rank 0 step 2 processed 5 samples in 0.3306577205657959 s [/mnt/ioopt/appbench/apps/MLPerf-storage/dlio_benchmark/dlio_benchmark/utils/statscounter.py:325]
[INFO] 2025-05-05T09:21:31.830483 Rank 0 step 3 processed 5 samples in 1.1983048915863037 s [/mnt/ioopt/appbench/apps/MLPerf-storage/dlio_benchmark/dlio_benchmark/utils/statscounter.py:325]
[INFO] 2025-05-05T09:21:32.160964 Rank 0 step 4 processed 5 samples in 0.32922983169555664 s [/mnt/ioopt/appbench/apps/MLPerf-storage/dlio_benchmark/dlio_benchmark/utils/statscounter.py:325]
[INFO] 2025-05-05T09:21:38.893603 Rank 0 step 5 processed 5 samples in 6.7321929931640625 s [/mnt/ioopt/appbench/apps/MLPerf-storage/dlio_benchmark/dlio_benchmark/utils/statscounter.py:325]
[INFO] 2025-05-05T09:21:41.787683 Rank 0 step 6 processed 5 samples in 2.8934500217437744 s [/mnt/ioopt/appbench/apps/MLPerf-storage/dlio_benchmark/dlio_benchmark/utils/statscounter.py:325]
[INFO] 2025-05-05T09:21:42.117210 Rank 0 step 7 processed 5 samples in 0.32904553413391113 s [/mnt/ioopt/appbench/apps/MLPerf-storage/dlio_benchmark/dlio_benchmark/utils/statscounter.py:325]
[INFO] 2025-05-05T09:21:42.449093 Rank 0 step 8 processed 5 samples in 0.33141517639160156 s [/mnt/ioopt/appbench/apps/MLPerf-storage/dlio_benchmark/dlio_benchmark/utils/statscounter.py:325]
[INFO] 2025-05-05T09:21:47.566021 Rank 0 step 9 processed 5 samples in 5.116398096084595 s [/mnt/ioopt/appbench/apps/MLPerf-storage/dlio_benchmark/dlio_benchmark/utils/statscounter.py:325]
[INFO] 2025-05-05T09:21:51.229889 Rank 0 step 10 processed 5 samples in 3.6633527278900146 s [/mnt/ioopt/appbench/apps/MLPerf-storage/dlio_benchmark/dlio_benchmark/utils/statscounter.py:325]
[INFO] 2025-05-05T09:21:51.558620 Rank 0 step 11 processed 5 samples in 0.32828330993652344 s [/mnt/ioopt/appbench/apps/MLPerf-storage/dlio_benchmark/dlio_benchmark/utils/statscounter.py:325]
[INFO] 2025-05-05T09:21:51.890502 Rank 0 step 12 processed 5 samples in 0.33141636848449707 s [/mnt/ioopt/appbench/apps/MLPerf-storage/dlio_benchmark/dlio_benchmark/utils/statscounter.py:325]
[INFO] 2025-05-05T09:22:00.485725 Rank 0 step 13 processed 5 samples in 8.5946946144104 s [/mnt/ioopt/appbench/apps/MLPerf-storage/dlio_benchmark/dlio_benchmark/utils/statscounter.py:325]
[INFO] 2025-05-05T09:22:01.567911 Rank 0 step 14 processed 5 samples in 1.0816729068756104 s [/mnt/ioopt/appbench/apps/MLPerf-storage/dlio_benchmark/dlio_benchmark/utils/statscounter.py:325]
[INFO] 2025-05-05T09:22:01.896993 Rank 0 step 15 processed 5 samples in 0.328615665435791 s [/mnt/ioopt/appbench/apps/MLPerf-storage/dlio_benchmark/dlio_benchmark/utils/statscounter.py:325]
[INFO] 2025-05-05T09:22:02.225789 Rank 0 step 16 processed 5 samples in 0.3283381462097168 s [/mnt/ioopt/appbench/apps/MLPerf-storage/dlio_benchmark/dlio_benchmark/utils/statscounter.py:325]
[INFO] 2025-05-05T09:22:08.774882 Rank 0 step 17 processed 5 samples in 6.548600435256958 s [/mnt/ioopt/appbench/apps/MLPerf-storage/dlio_benchmark/dlio_benchmark/utils/statscounter.py:325]
[INFO] 2025-05-05T09:22:11.384633 Rank 0 step 18 processed 5 samples in 2.609255790710449 s [/mnt/ioopt/appbench/apps/MLPerf-storage/dlio_benchmark/dlio_benchmark/utils/statscounter.py:325]
[INFO] 2025-05-05T09:22:12.137483 Rank 0 step 19 processed 5 samples in 0.7523865699768066 s [/mnt/ioopt/appbench/apps/MLPerf-storage/dlio_benchmark/dlio_benchmark/utils/statscounter.py:325]
[INFO] 2025-05-05T09:22:12.466434 Rank 0 step 20 processed 5 samples in 0.32849860191345215 s [/mnt/ioopt/appbench/apps/MLPerf-storage/dlio_benchmark/dlio_benchmark/utils/statscounter.py:325]
[INFO] 2025-05-05T09:22:16.853551 Rank 0 step 21 processed 5 samples in 4.386670351028442 s [/mnt/ioopt/appbench/apps/MLPerf-storage/dlio_benchmark/dlio_benchmark/utils/statscounter.py:325]
[INFO] 2025-05-05T09:22:21.500579 Rank 0 step 22 processed 5 samples in 4.646591901779175 s [/mnt/ioopt/appbench/apps/MLPerf-storage/dlio_benchmark/dlio_benchmark/utils/statscounter.py:325]
[INFO] 2025-05-05T09:22:21.829371 Rank 0 step 23 processed 5 samples in 0.3283517360687256 s [/mnt/ioopt/appbench/apps/MLPerf-storage/dlio_benchmark/dlio_benchmark/utils/statscounter.py:325]
[INFO] 2025-05-05T09:22:22.161268 Rank 0 step 24 processed 5 samples in 0.33146023750305176 s [/mnt/ioopt/appbench/apps/MLPerf-storage/dlio_benchmark/dlio_benchmark/utils/statscounter.py:325]
[INFO] 2025-05-05T09:22:24.898579 Rank 0 step 25 processed 5 samples in 2.7368390560150146 s [/mnt/ioopt/appbench/apps/MLPerf-storage/dlio_benchmark/dlio_benchmark/utils/statscounter.py:325]
[INFO] 2025-05-05T09:22:31.044382 Rank 0 step 26 processed 5 samples in 6.145359754562378 s [/mnt/ioopt/appbench/apps/MLPerf-storage/dlio_benchmark/dlio_benchmark/utils/statscounter.py:325]
[INFO] 2025-05-05T09:22:31.968985 Rank 0 step 27 processed 5 samples in 0.9241490364074707 s [/mnt/ioopt/appbench/apps/MLPerf-storage/dlio_benchmark/dlio_benchmark/utils/statscounter.py:325]
[INFO] 2025-05-05T09:22:32.300416 Rank 0 step 28 processed 5 samples in 0.3309767246246338 s [/mnt/ioopt/appbench/apps/MLPerf-storage/dlio_benchmark/dlio_benchmark/utils/statscounter.py:325]
[INFO] 2025-05-05T09:22:35.398607 Rank 0 step 29 processed 5 samples in 3.097689151763916 s [/mnt/ioopt/appbench/apps/MLPerf-storage/dlio_benchmark/dlio_benchmark/utils/statscounter.py:325]
[INFO] 2025-05-05T09:22:41.566339 Rank 0 step 30 processed 5 samples in 6.167168855667114 s [/mnt/ioopt/appbench/apps/MLPerf-storage/dlio_benchmark/dlio_benchmark/utils/statscounter.py:325]
[INFO] 2025-05-05T09:22:41.998050 Rank 0 step 31 processed 5 samples in 0.43121790885925293 s [/mnt/ioopt/appbench/apps/MLPerf-storage/dlio_benchmark/dlio_benchmark/utils/statscounter.py:325]
[INFO] 2025-05-05T09:22:43.223382 Rank 0 step 32 processed 5 samples in 1.224161148071289 s [/mnt/ioopt/appbench/apps/MLPerf-storage/dlio_benchmark/dlio_benchmark/utils/statscounter.py:325]
[INFO] 2025-05-05T09:22:44.619441 Rank 0 step 33 processed 5 samples in 1.39561128616333 s [/mnt/ioopt/appbench/apps/MLPerf-storage/dlio_benchmark/dlio_benchmark/utils/statscounter.py:325]
[INFO] 2025-05-05T09:22:51.277182 Rank 0 step 34 processed 5 samples in 6.657233953475952 s [/mnt/ioopt/appbench/apps/MLPerf-storage/dlio_benchmark/dlio_benchmark/utils/statscounter.py:325]
[INFO] 2025-05-05T09:22:53.325478 Rank 0 step 35 processed 5 samples in 2.0478153228759766 s [/mnt/ioopt/appbench/apps/MLPerf-storage/dlio_benchmark/dlio_benchmark/utils/statscounter.py:325]
[INFO] 2025-05-05T09:22:53.654275 Rank 0 step 36 processed 5 samples in 0.3283421993255615 s [/mnt/ioopt/appbench/apps/MLPerf-storage/dlio_benchmark/dlio_benchmark/utils/statscounter.py:325]
[INFO] 2025-05-05T09:22:54.457136 Rank 0 step 37 processed 5 samples in 0.8024039268493652 s [/mnt/ioopt/appbench/apps/MLPerf-storage/dlio_benchmark/dlio_benchmark/utils/statscounter.py:325]
[INFO] 2025-05-05T09:22:59.357508 Rank 0 step 38 processed 5 samples in 4.899886846542358 s [/mnt/ioopt/appbench/apps/MLPerf-storage/dlio_benchmark/dlio_benchmark/utils/statscounter.py:325]
[INFO] 2025-05-05T09:23:03.045182 Rank 0 step 39 processed 5 samples in 3.687206268310547 s [/mnt/ioopt/appbench/apps/MLPerf-storage/dlio_benchmark/dlio_benchmark/utils/statscounter.py:325]
[INFO] 2025-05-05T09:23:03.499271 Rank 0 step 40 processed 5 samples in 0.4536731243133545 s [/mnt/ioopt/appbench/apps/MLPerf-storage/dlio_benchmark/dlio_benchmark/utils/statscounter.py:325]
[INFO] 2025-05-05T09:23:03.827805 Rank 0 step 41 processed 5 samples in 0.328080415725708 s [/mnt/ioopt/appbench/apps/MLPerf-storage/dlio_benchmark/dlio_benchmark/utils/statscounter.py:325]
[INFO] 2025-05-05T09:23:07.656912 Rank 0 step 42 processed 5 samples in 3.828683614730835 s [/mnt/ioopt/appbench/apps/MLPerf-storage/dlio_benchmark/dlio_benchmark/utils/statscounter.py:325]
[INFO] 2025-05-05T09:23:12.968321 Rank 0 step 43 processed 5 samples in 5.3108971118927 s [/mnt/ioopt/appbench/apps/MLPerf-storage/dlio_benchmark/dlio_benchmark/utils/statscounter.py:325]
[INFO] 2025-05-05T09:23:14.470631 Rank 0 step 44 processed 5 samples in 1.5018610954284668 s [/mnt/ioopt/appbench/apps/MLPerf-storage/dlio_benchmark/dlio_benchmark/utils/statscounter.py:325]
[INFO] 2025-05-05T09:23:14.799484 Rank 0 step 45 processed 5 samples in 0.3283209800720215 s [/mnt/ioopt/appbench/apps/MLPerf-storage/dlio_benchmark/dlio_benchmark/utils/statscounter.py:325]
[INFO] 2025-05-05T09:23:16.241517 Rank 0 step 46 processed 5 samples in 1.4415843486785889 s [/mnt/ioopt/appbench/apps/MLPerf-storage/dlio_benchmark/dlio_benchmark/utils/statscounter.py:325]
[INFO] 2025-05-05T09:23:21.629386 Rank 0 step 47 processed 5 samples in 5.387374639511108 s [/mnt/ioopt/appbench/apps/MLPerf-storage/dlio_benchmark/dlio_benchmark/utils/statscounter.py:325]
[INFO] 2025-05-05T09:23:23.878749 Rank 0 step 48 processed 5 samples in 2.248908758163452 s [/mnt/ioopt/appbench/apps/MLPerf-storage/dlio_benchmark/dlio_benchmark/utils/statscounter.py:325]
[INFO] 2025-05-05T09:23:24.240619 Rank 0 step 49 processed 5 samples in 0.36142468452453613 s [/mnt/ioopt/appbench/apps/MLPerf-storage/dlio_benchmark/dlio_benchmark/utils/statscounter.py:325]
[INFO] 2025-05-05T09:23:25.337111 Rank 0 step 50 processed 5 samples in 1.0959863662719727 s [/mnt/ioopt/appbench/apps/MLPerf-storage/dlio_benchmark/dlio_benchmark/utils/statscounter.py:325]
[INFO] 2025-05-05T09:23:32.698171 Rank 0 step 51 processed 5 samples in 7.360624074935913 s [/mnt/ioopt/appbench/apps/MLPerf-storage/dlio_benchmark/dlio_benchmark/utils/statscounter.py:325]
[INFO] 2025-05-05T09:23:33.026956 Rank 0 step 52 processed 5 samples in 0.32833409309387207 s [/mnt/ioopt/appbench/apps/MLPerf-storage/dlio_benchmark/dlio_benchmark/utils/statscounter.py:325]
[INFO] 2025-05-05T09:23:33.356035 Rank 0 step 53 processed 5 samples in 0.32860708236694336 s [/mnt/ioopt/appbench/apps/MLPerf-storage/dlio_benchmark/dlio_benchmark/utils/statscounter.py:325]
[INFO] 2025-05-05T09:23:33.686847 Rank 0 step 54 processed 5 samples in 0.3303539752960205 s [/mnt/ioopt/appbench/apps/MLPerf-storage/dlio_benchmark/dlio_benchmark/utils/statscounter.py:325]
[INFO] 2025-05-05T09:23:42.875739 Rank 0 step 55 processed 5 samples in 9.188427448272705 s [/mnt/ioopt/appbench/apps/MLPerf-storage/dlio_benchmark/dlio_benchmark/utils/statscounter.py:325]
[INFO] 2025-05-05T09:23:43.204761 Rank 0 step 56 processed 5 samples in 0.3285818099975586 s [/mnt/ioopt/appbench/apps/MLPerf-storage/dlio_benchmark/dlio_benchmark/utils/statscounter.py:325]
[INFO] 2025-05-05T09:23:43.533701 Rank 0 step 57 processed 5 samples in 0.3285090923309326 s [/mnt/ioopt/appbench/apps/MLPerf-storage/dlio_benchmark/dlio_benchmark/utils/statscounter.py:325]
[INFO] 2025-05-05T09:23:43.862557 Rank 0 step 58 processed 5 samples in 0.3284320831298828 s [/mnt/ioopt/appbench/apps/MLPerf-storage/dlio_benchmark/dlio_benchmark/utils/statscounter.py:325]
[INFO] 2025-05-05T09:23:52.355818 Rank 0 step 59 processed 5 samples in 8.492770195007324 s [/mnt/ioopt/appbench/apps/MLPerf-storage/dlio_benchmark/dlio_benchmark/utils/statscounter.py:325]
[INFO] 2025-05-05T09:23:52.686507 Rank 0 step 60 processed 5 samples in 0.3297877311706543 s [/mnt/ioopt/appbench/apps/MLPerf-storage/dlio_benchmark/dlio_benchmark/utils/statscounter.py:325]
[INFO] 2025-05-05T09:23:55.379770 Rank 0 step 61 processed 5 samples in 2.6928093433380127 s [/mnt/ioopt/appbench/apps/MLPerf-storage/dlio_benchmark/dlio_benchmark/utils/statscounter.py:325]
[INFO] 2025-05-05T09:23:55.920230 Rank 0 step 62 processed 5 samples in 0.5400128364562988 s [/mnt/ioopt/appbench/apps/MLPerf-storage/dlio_benchmark/dlio_benchmark/utils/statscounter.py:325]
[INFO] 2025-05-05T09:24:01.972439 Rank 0 step 63 processed 5 samples in 6.05174994468689 s [/mnt/ioopt/appbench/apps/MLPerf-storage/dlio_benchmark/dlio_benchmark/utils/statscounter.py:325]
[INFO] 2025-05-05T09:24:03.214606 Rank 0 step 64 processed 5 samples in 1.2417304515838623 s [/mnt/ioopt/appbench/apps/MLPerf-storage/dlio_benchmark/dlio_benchmark/utils/statscounter.py:325]
[INFO] 2025-05-05T09:24:05.828762 Rank 0 step 65 processed 5 samples in 2.613663673400879 s [/mnt/ioopt/appbench/apps/MLPerf-storage/dlio_benchmark/dlio_benchmark/utils/statscounter.py:325]
[INFO] 2025-05-05T09:24:06.157750 Rank 0 step 66 processed 5 samples in 0.3285338878631592 s [/mnt/ioopt/appbench/apps/MLPerf-storage/dlio_benchmark/dlio_benchmark/utils/statscounter.py:325]
[INFO] 2025-05-05T09:24:10.072277 Rank 0 step 67 processed 5 samples in 3.914247751235962 s [/mnt/ioopt/appbench/apps/MLPerf-storage/dlio_benchmark/dlio_benchmark/utils/statscounter.py:325]
[INFO] 2025-05-05T09:24:10.672897 Rank 0 step 68 processed 5 samples in 0.6001636981964111 s [/mnt/ioopt/appbench/apps/MLPerf-storage/dlio_benchmark/dlio_benchmark/utils/statscounter.py:325]
[INFO] 2025-05-05T09:24:15.442484 Rank 0 step 69 processed 5 samples in 4.769090414047241 s [/mnt/ioopt/appbench/apps/MLPerf-storage/dlio_benchmark/dlio_benchmark/utils/statscounter.py:325]
[INFO] 2025-05-05T09:24:16.207547 Rank 0 step 70 processed 5 samples in 0.764556884765625 s [/mnt/ioopt/appbench/apps/MLPerf-storage/dlio_benchmark/dlio_benchmark/utils/statscounter.py:325]
[INFO] 2025-05-05T09:24:20.370357 Rank 0 step 71 processed 5 samples in 4.162365674972534 s [/mnt/ioopt/appbench/apps/MLPerf-storage/dlio_benchmark/dlio_benchmark/utils/statscounter.py:325]
[INFO] 2025-05-05T09:24:20.699126 Rank 0 step 72 processed 5 samples in 0.32832837104797363 s [/mnt/ioopt/appbench/apps/MLPerf-storage/dlio_benchmark/dlio_benchmark/utils/statscounter.py:325]
[INFO] 2025-05-05T09:24:24.067731 Rank 0 step 73 processed 5 samples in 3.3681538105010986 s [/mnt/ioopt/appbench/apps/MLPerf-storage/dlio_benchmark/dlio_benchmark/utils/statscounter.py:325]
[INFO] 2025-05-05T09:24:24.575570 Rank 0 step 74 processed 5 samples in 0.5073802471160889 s [/mnt/ioopt/appbench/apps/MLPerf-storage/dlio_benchmark/dlio_benchmark/utils/statscounter.py:325]
[INFO] 2025-05-05T09:24:29.949700 Rank 0 step 75 processed 5 samples in 5.373674631118774 s [/mnt/ioopt/appbench/apps/MLPerf-storage/dlio_benchmark/dlio_benchmark/utils/statscounter.py:325]
[INFO] 2025-05-05T09:24:31.546592 Rank 0 step 76 processed 5 samples in 1.5964267253875732 s [/mnt/ioopt/appbench/apps/MLPerf-storage/dlio_benchmark/dlio_benchmark/utils/statscounter.py:325]
[INFO] 2025-05-05T09:24:31.877550 Rank 0 step 77 processed 5 samples in 0.3304276466369629 s [/mnt/ioopt/appbench/apps/MLPerf-storage/dlio_benchmark/dlio_benchmark/utils/statscounter.py:325]
[INFO] 2025-05-05T09:24:33.357704 Rank 0 step 78 processed 5 samples in 1.4796719551086426 s [/mnt/ioopt/appbench/apps/MLPerf-storage/dlio_benchmark/dlio_benchmark/utils/statscounter.py:325]
[INFO] 2025-05-05T09:24:37.796992 Rank 0 step 79 processed 5 samples in 4.438772678375244 s [/mnt/ioopt/appbench/apps/MLPerf-storage/dlio_benchmark/dlio_benchmark/utils/statscounter.py:325]
[INFO] 2025-05-05T09:24:40.811405 Rank 0 step 80 processed 5 samples in 3.0139386653900146 s [/mnt/ioopt/appbench/apps/MLPerf-storage/dlio_benchmark/dlio_benchmark/utils/statscounter.py:325]
[INFO] 2025-05-05T09:24:41.142723 Rank 0 step 81 processed 5 samples in 0.3304455280303955 s [/mnt/ioopt/appbench/apps/MLPerf-storage/dlio_benchmark/dlio_benchmark/utils/statscounter.py:325]
[INFO] 2025-05-05T09:24:41.472072 Rank 0 step 82 processed 5 samples in 0.32878684997558594 s [/mnt/ioopt/appbench/apps/MLPerf-storage/dlio_benchmark/dlio_benchmark/utils/statscounter.py:325]
[INFO] 2025-05-05T09:24:47.136376 Rank 0 step 83 processed 5 samples in 5.663851261138916 s [/mnt/ioopt/appbench/apps/MLPerf-storage/dlio_benchmark/dlio_benchmark/utils/statscounter.py:325]
[INFO] 2025-05-05T09:24:49.282006 Rank 0 step 84 processed 5 samples in 2.1451737880706787 s [/mnt/ioopt/appbench/apps/MLPerf-storage/dlio_benchmark/dlio_benchmark/utils/statscounter.py:325]
[INFO] 2025-05-05T09:24:50.003139 Rank 0 step 85 processed 5 samples in 0.7206337451934814 s [/mnt/ioopt/appbench/apps/MLPerf-storage/dlio_benchmark/dlio_benchmark/utils/statscounter.py:325]
[INFO] 2025-05-05T09:24:51.879416 Rank 0 step 86 processed 5 samples in 1.8757641315460205 s [/mnt/ioopt/appbench/apps/MLPerf-storage/dlio_benchmark/dlio_benchmark/utils/statscounter.py:325]
[INFO] 2025-05-05T09:24:55.279684 Rank 0 step 87 processed 5 samples in 3.3998265266418457 s [/mnt/ioopt/appbench/apps/MLPerf-storage/dlio_benchmark/dlio_benchmark/utils/statscounter.py:325]
[INFO] 2025-05-05T09:24:58.790420 Rank 0 step 88 processed 5 samples in 3.510280132293701 s [/mnt/ioopt/appbench/apps/MLPerf-storage/dlio_benchmark/dlio_benchmark/utils/statscounter.py:325]
[INFO] 2025-05-05T09:24:59.119266 Rank 0 step 89 processed 5 samples in 0.32834458351135254 s [/mnt/ioopt/appbench/apps/MLPerf-storage/dlio_benchmark/dlio_benchmark/utils/statscounter.py:325]
[INFO] 2025-05-05T09:25:00.239085 Rank 0 step 90 processed 5 samples in 1.1193692684173584 s [/mnt/ioopt/appbench/apps/MLPerf-storage/dlio_benchmark/dlio_benchmark/utils/statscounter.py:325]
[INFO] 2025-05-05T09:25:03.481744 Rank 0 step 91 processed 5 samples in 3.242170810699463 s [/mnt/ioopt/appbench/apps/MLPerf-storage/dlio_benchmark/dlio_benchmark/utils/statscounter.py:325]
[INFO] 2025-05-05T09:25:08.873515 Rank 0 step 92 processed 5 samples in 5.391330718994141 s [/mnt/ioopt/appbench/apps/MLPerf-storage/dlio_benchmark/dlio_benchmark/utils/statscounter.py:325]
[INFO] 2025-05-05T09:25:09.511591 Rank 0 step 93 processed 5 samples in 0.6375808715820312 s [/mnt/ioopt/appbench/apps/MLPerf-storage/dlio_benchmark/dlio_benchmark/utils/statscounter.py:325]
[INFO] 2025-05-05T09:25:10.292104 Rank 0 step 94 processed 5 samples in 0.7799887657165527 s [/mnt/ioopt/appbench/apps/MLPerf-storage/dlio_benchmark/dlio_benchmark/utils/statscounter.py:325]
[INFO] 2025-05-05T09:25:12.932500 Rank 0 step 95 processed 5 samples in 2.6399548053741455 s [/mnt/ioopt/appbench/apps/MLPerf-storage/dlio_benchmark/dlio_benchmark/utils/statscounter.py:325]
[INFO] 2025-05-05T09:25:18.660089 Rank 0 step 96 processed 5 samples in 5.72716498374939 s [/mnt/ioopt/appbench/apps/MLPerf-storage/dlio_benchmark/dlio_benchmark/utils/statscounter.py:325]
[INFO] 2025-05-05T09:25:18.988934 Rank 0 step 97 processed 5 samples in 0.3283660411834717 s [/mnt/ioopt/appbench/apps/MLPerf-storage/dlio_benchmark/dlio_benchmark/utils/statscounter.py:325]
[INFO] 2025-05-05T09:25:19.318144 Rank 0 step 98 processed 5 samples in 0.32875919342041016 s [/mnt/ioopt/appbench/apps/MLPerf-storage/dlio_benchmark/dlio_benchmark/utils/statscounter.py:325]
[INFO] 2025-05-05T09:25:23.108450 Rank 0 step 99 processed 5 samples in 3.7898476123809814 s [/mnt/ioopt/appbench/apps/MLPerf-storage/dlio_benchmark/dlio_benchmark/utils/statscounter.py:325]
[INFO] 2025-05-05T09:25:27.407348 Rank 0 step 100 processed 5 samples in 4.298458099365234 s [/mnt/ioopt/appbench/apps/MLPerf-storage/dlio_benchmark/dlio_benchmark/utils/statscounter.py:325]
[INFO] 2025-05-05T09:25:29.961624 Rank 0 step 101 processed 5 samples in 2.553779363632202 s [/mnt/ioopt/appbench/apps/MLPerf-storage/dlio_benchmark/dlio_benchmark/utils/statscounter.py:325]
[INFO] 2025-05-05T09:25:30.290717 Rank 0 step 102 processed 5 samples in 0.328554630279541 s [/mnt/ioopt/appbench/apps/MLPerf-storage/dlio_benchmark/dlio_benchmark/utils/statscounter.py:325]
[INFO] 2025-05-05T09:25:31.744806 Rank 0 step 103 processed 5 samples in 1.4535953998565674 s [/mnt/ioopt/appbench/apps/MLPerf-storage/dlio_benchmark/dlio_benchmark/utils/statscounter.py:325]
[INFO] 2025-05-05T09:25:33.625675 Rank 0 step 104 processed 5 samples in 1.8803989887237549 s [/mnt/ioopt/appbench/apps/MLPerf-storage/dlio_benchmark/dlio_benchmark/utils/statscounter.py:325]
[INFO] 2025-05-05T09:25:37.593949 Rank 0 step 105 processed 5 samples in 3.967081069946289 s [/mnt/ioopt/appbench/apps/MLPerf-storage/dlio_benchmark/dlio_benchmark/utils/statscounter.py:325]
[INFO] 2025-05-05T09:25:40.714592 Rank 0 step 106 processed 5 samples in 3.1201682090759277 s [/mnt/ioopt/appbench/apps/MLPerf-storage/dlio_benchmark/dlio_benchmark/utils/statscounter.py:325]
[INFO] 2025-05-05T09:25:41.618777 Rank 0 step 107 processed 5 samples in 0.9036960601806641 s [/mnt/ioopt/appbench/apps/MLPerf-storage/dlio_benchmark/dlio_benchmark/utils/statscounter.py:325]
[INFO] 2025-05-05T09:25:45.787272 Rank 0 step 108 processed 5 samples in 4.168020248413086 s [/mnt/ioopt/appbench/apps/MLPerf-storage/dlio_benchmark/dlio_benchmark/utils/statscounter.py:325]
[INFO] 2025-05-05T09:25:47.644180 Rank 0 step 109 processed 5 samples in 1.8563978672027588 s [/mnt/ioopt/appbench/apps/MLPerf-storage/dlio_benchmark/dlio_benchmark/utils/statscounter.py:325]
[INFO] 2025-05-05T09:25:50.093890 Rank 0 step 110 processed 5 samples in 2.4491732120513916 s [/mnt/ioopt/appbench/apps/MLPerf-storage/dlio_benchmark/dlio_benchmark/utils/statscounter.py:325]
[INFO] 2025-05-05T09:25:51.109940 Rank 0 step 111 processed 5 samples in 1.0155870914459229 s [/mnt/ioopt/appbench/apps/MLPerf-storage/dlio_benchmark/dlio_benchmark/utils/statscounter.py:325]
[INFO] 2025-05-05T09:25:56.569075 Rank 0 step 112 processed 5 samples in 5.458699941635132 s [/mnt/ioopt/appbench/apps/MLPerf-storage/dlio_benchmark/dlio_benchmark/utils/statscounter.py:325]
[INFO] 2025-05-05T09:25:56.898119 Rank 0 step 113 processed 5 samples in 0.3285977840423584 s [/mnt/ioopt/appbench/apps/MLPerf-storage/dlio_benchmark/dlio_benchmark/utils/statscounter.py:325]
[INFO] 2025-05-05T09:26:00.108940 Rank 0 step 114 processed 5 samples in 3.2103521823883057 s [/mnt/ioopt/appbench/apps/MLPerf-storage/dlio_benchmark/dlio_benchmark/utils/statscounter.py:325]
[INFO] 2025-05-05T09:26:02.509746 Rank 0 step 115 processed 5 samples in 2.4002695083618164 s [/mnt/ioopt/appbench/apps/MLPerf-storage/dlio_benchmark/dlio_benchmark/utils/statscounter.py:325]
[INFO] 2025-05-05T09:26:07.509934 Rank 0 step 116 processed 5 samples in 4.99972128868103 s [/mnt/ioopt/appbench/apps/MLPerf-storage/dlio_benchmark/dlio_benchmark/utils/statscounter.py:325]
[INFO] 2025-05-05T09:26:07.838721 Rank 0 step 117 processed 5 samples in 0.32831788063049316 s [/mnt/ioopt/appbench/apps/MLPerf-storage/dlio_benchmark/dlio_benchmark/utils/statscounter.py:325]
[INFO] 2025-05-05T09:26:08.169335 Rank 0 step 118 processed 5 samples in 0.33011293411254883 s [/mnt/ioopt/appbench/apps/MLPerf-storage/dlio_benchmark/dlio_benchmark/utils/statscounter.py:325]
[INFO] 2025-05-05T09:26:12.271207 Rank 0 step 119 processed 5 samples in 4.101409435272217 s [/mnt/ioopt/appbench/apps/MLPerf-storage/dlio_benchmark/dlio_benchmark/utils/statscounter.py:325]
[INFO] 2025-05-05T09:26:18.335420 Rank 0 step 120 processed 5 samples in 6.063709735870361 s [/mnt/ioopt/appbench/apps/MLPerf-storage/dlio_benchmark/dlio_benchmark/utils/statscounter.py:325]
[INFO] 2025-05-05T09:26:18.664378 Rank 0 step 121 processed 5 samples in 0.32852721214294434 s [/mnt/ioopt/appbench/apps/MLPerf-storage/dlio_benchmark/dlio_benchmark/utils/statscounter.py:325]
[INFO] 2025-05-05T09:26:18.993279 Rank 0 step 122 processed 5 samples in 0.32843852043151855 s [/mnt/ioopt/appbench/apps/MLPerf-storage/dlio_benchmark/dlio_benchmark/utils/statscounter.py:325]
[INFO] 2025-05-05T09:26:22.311631 Rank 0 step 123 processed 5 samples in 3.3179171085357666 s [/mnt/ioopt/appbench/apps/MLPerf-storage/dlio_benchmark/dlio_benchmark/utils/statscounter.py:325]
[INFO] 2025-05-05T09:26:27.422631 Rank 0 step 124 processed 5 samples in 5.110488176345825 s [/mnt/ioopt/appbench/apps/MLPerf-storage/dlio_benchmark/dlio_benchmark/utils/statscounter.py:325]
[INFO] 2025-05-05T09:26:27.824647 Rank 0 step 125 processed 5 samples in 0.4015629291534424 s [/mnt/ioopt/appbench/apps/MLPerf-storage/dlio_benchmark/dlio_benchmark/utils/statscounter.py:325]
[INFO] 2025-05-05T09:26:29.841060 Rank 0 step 126 processed 5 samples in 2.015925168991089 s [/mnt/ioopt/appbench/apps/MLPerf-storage/dlio_benchmark/dlio_benchmark/utils/statscounter.py:325]
[INFO] 2025-05-05T09:26:34.685529 Rank 0 step 127 processed 5 samples in 4.844031095504761 s [/mnt/ioopt/appbench/apps/MLPerf-storage/dlio_benchmark/dlio_benchmark/utils/statscounter.py:325]
[INFO] 2025-05-05T09:26:37.133181 Rank 0 step 128 processed 5 samples in 2.447218418121338 s [/mnt/ioopt/appbench/apps/MLPerf-storage/dlio_benchmark/dlio_benchmark/utils/statscounter.py:325]
[INFO] 2025-05-05T09:26:37.461878 Rank 0 step 129 processed 5 samples in 0.3282482624053955 s [/mnt/ioopt/appbench/apps/MLPerf-storage/dlio_benchmark/dlio_benchmark/utils/statscounter.py:325]
[INFO] 2025-05-05T09:26:37.790983 Rank 0 step 130 processed 5 samples in 0.32863640785217285 s [/mnt/ioopt/appbench/apps/MLPerf-storage/dlio_benchmark/dlio_benchmark/utils/statscounter.py:325]
[INFO] 2025-05-05T09:26:42.559786 Rank 0 step 131 processed 5 samples in 4.7682788372039795 s [/mnt/ioopt/appbench/apps/MLPerf-storage/dlio_benchmark/dlio_benchmark/utils/statscounter.py:325]
[INFO] 2025-05-05T09:26:46.648580 Rank 0 step 132 processed 5 samples in 4.088248014450073 s [/mnt/ioopt/appbench/apps/MLPerf-storage/dlio_benchmark/dlio_benchmark/utils/statscounter.py:325]
[INFO] 2025-05-05T09:26:46.982533 Rank 0 step 133 processed 5 samples in 0.3331267833709717 s [/mnt/ioopt/appbench/apps/MLPerf-storage/dlio_benchmark/dlio_benchmark/utils/statscounter.py:325]
[INFO] 2025-05-05T09:26:47.850591 Rank 0 step 134 processed 5 samples in 0.8675620555877686 s [/mnt/ioopt/appbench/apps/MLPerf-storage/dlio_benchmark/dlio_benchmark/utils/statscounter.py:325]
[INFO] 2025-05-05T09:26:50.190088 Rank 0 step 135 processed 5 samples in 2.33896803855896 s [/mnt/ioopt/appbench/apps/MLPerf-storage/dlio_benchmark/dlio_benchmark/utils/statscounter.py:325]
[INFO] 2025-05-05T09:26:55.350716 Rank 0 step 136 processed 5 samples in 5.160155773162842 s [/mnt/ioopt/appbench/apps/MLPerf-storage/dlio_benchmark/dlio_benchmark/utils/statscounter.py:325]
[INFO] 2025-05-05T09:26:56.309850 Rank 0 step 137 processed 5 samples in 0.9587843418121338 s [/mnt/ioopt/appbench/apps/MLPerf-storage/dlio_benchmark/dlio_benchmark/utils/statscounter.py:325]
[INFO] 2025-05-05T09:26:56.641149 Rank 0 step 138 processed 5 samples in 0.33081650733947754 s [/mnt/ioopt/appbench/apps/MLPerf-storage/dlio_benchmark/dlio_benchmark/utils/statscounter.py:325]
[INFO] 2025-05-05T09:26:59.289522 Rank 0 step 139 processed 5 samples in 2.647749185562134 s [/mnt/ioopt/appbench/apps/MLPerf-storage/dlio_benchmark/dlio_benchmark/utils/statscounter.py:325]
[INFO] 2025-05-05T09:27:05.598142 Rank 0 step 140 processed 5 samples in 6.30814790725708 s [/mnt/ioopt/appbench/apps/MLPerf-storage/dlio_benchmark/dlio_benchmark/utils/statscounter.py:325]
[INFO] 2025-05-05T09:27:06.530269 Rank 0 step 141 processed 5 samples in 0.9316885471343994 s [/mnt/ioopt/appbench/apps/MLPerf-storage/dlio_benchmark/dlio_benchmark/utils/statscounter.py:325]
[INFO] 2025-05-05T09:27:06.859445 Rank 0 step 142 processed 5 samples in 0.3286864757537842 s [/mnt/ioopt/appbench/apps/MLPerf-storage/dlio_benchmark/dlio_benchmark/utils/statscounter.py:325]
[INFO] 2025-05-05T09:27:10.872665 Rank 0 step 143 processed 5 samples in 4.012773752212524 s [/mnt/ioopt/appbench/apps/MLPerf-storage/dlio_benchmark/dlio_benchmark/utils/statscounter.py:325]
[INFO] 2025-05-05T09:27:15.075270 Rank 0 step 144 processed 5 samples in 4.202112436294556 s [/mnt/ioopt/appbench/apps/MLPerf-storage/dlio_benchmark/dlio_benchmark/utils/statscounter.py:325]
[INFO] 2025-05-05T09:27:15.406947 Rank 0 step 145 processed 5 samples in 0.33125758171081543 s [/mnt/ioopt/appbench/apps/MLPerf-storage/dlio_benchmark/dlio_benchmark/utils/statscounter.py:325]
[INFO] 2025-05-05T09:27:16.857848 Rank 0 step 146 processed 5 samples in 1.450312852859497 s [/mnt/ioopt/appbench/apps/MLPerf-storage/dlio_benchmark/dlio_benchmark/utils/statscounter.py:325]
[INFO] 2025-05-05T09:27:21.876892 Rank 0 step 147 processed 5 samples in 5.01857590675354 s [/mnt/ioopt/appbench/apps/MLPerf-storage/dlio_benchmark/dlio_benchmark/utils/statscounter.py:325]
[INFO] 2025-05-05T09:27:25.980800 Rank 0 step 148 processed 5 samples in 4.1034533977508545 s [/mnt/ioopt/appbench/apps/MLPerf-storage/dlio_benchmark/dlio_benchmark/utils/statscounter.py:325]
[INFO] 2025-05-05T09:27:26.378784 Rank 0 step 149 processed 5 samples in 0.39748096466064453 s [/mnt/ioopt/appbench/apps/MLPerf-storage/dlio_benchmark/dlio_benchmark/utils/statscounter.py:325]
[INFO] 2025-05-05T09:27:26.707660 Rank 0 step 150 processed 5 samples in 0.3283407688140869 s [/mnt/ioopt/appbench/apps/MLPerf-storage/dlio_benchmark/dlio_benchmark/utils/statscounter.py:325]
[INFO] 2025-05-05T09:27:33.166999 Rank 0 step 151 processed 5 samples in 6.458862066268921 s [/mnt/ioopt/appbench/apps/MLPerf-storage/dlio_benchmark/dlio_benchmark/utils/statscounter.py:325]
[INFO] 2025-05-05T09:27:36.853445 Rank 0 step 152 processed 5 samples in 3.6859493255615234 s [/mnt/ioopt/appbench/apps/MLPerf-storage/dlio_benchmark/dlio_benchmark/utils/statscounter.py:325]
[INFO] 2025-05-05T09:27:37.182087 Rank 0 step 153 processed 5 samples in 0.3282012939453125 s [/mnt/ioopt/appbench/apps/MLPerf-storage/dlio_benchmark/dlio_benchmark/utils/statscounter.py:325]
[INFO] 2025-05-05T09:27:37.510945 Rank 0 step 154 processed 5 samples in 0.32851314544677734 s [/mnt/ioopt/appbench/apps/MLPerf-storage/dlio_benchmark/dlio_benchmark/utils/statscounter.py:325]
[INFO] 2025-05-05T09:27:41.575276 Rank 0 step 155 processed 5 samples in 4.063940525054932 s [/mnt/ioopt/appbench/apps/MLPerf-storage/dlio_benchmark/dlio_benchmark/utils/statscounter.py:325]
[INFO] 2025-05-05T09:27:45.963636 Rank 0 step 156 processed 5 samples in 4.3878724575042725 s [/mnt/ioopt/appbench/apps/MLPerf-storage/dlio_benchmark/dlio_benchmark/utils/statscounter.py:325]
[INFO] 2025-05-05T09:27:47.144612 Rank 0 step 157 processed 5 samples in 1.1804795265197754 s [/mnt/ioopt/appbench/apps/MLPerf-storage/dlio_benchmark/dlio_benchmark/utils/statscounter.py:325]
[INFO] 2025-05-05T09:27:47.941218 Rank 0 step 158 processed 5 samples in 0.796105146408081 s [/mnt/ioopt/appbench/apps/MLPerf-storage/dlio_benchmark/dlio_benchmark/utils/statscounter.py:325]
[INFO] 2025-05-05T09:27:51.342635 Rank 0 step 159 processed 5 samples in 3.400923013687134 s [/mnt/ioopt/appbench/apps/MLPerf-storage/dlio_benchmark/dlio_benchmark/utils/statscounter.py:325]
[INFO] 2025-05-05T09:27:53.493251 Rank 0 step 160 processed 5 samples in 2.150132179260254 s [/mnt/ioopt/appbench/apps/MLPerf-storage/dlio_benchmark/dlio_benchmark/utils/statscounter.py:325]
[INFO] 2025-05-05T09:27:55.920571 Rank 0 step 161 processed 5 samples in 2.4268386363983154 s [/mnt/ioopt/appbench/apps/MLPerf-storage/dlio_benchmark/dlio_benchmark/utils/statscounter.py:325]
[INFO] 2025-05-05T09:27:58.224112 Rank 0 step 162 processed 5 samples in 2.3030757904052734 s [/mnt/ioopt/appbench/apps/MLPerf-storage/dlio_benchmark/dlio_benchmark/utils/statscounter.py:325]
[INFO] 2025-05-05T09:28:00.916988 Rank 0 step 163 processed 5 samples in 2.6923911571502686 s [/mnt/ioopt/appbench/apps/MLPerf-storage/dlio_benchmark/dlio_benchmark/utils/statscounter.py:325]
[INFO] 2025-05-05T09:28:04.032379 Rank 0 step 164 processed 5 samples in 3.114929676055908 s [/mnt/ioopt/appbench/apps/MLPerf-storage/dlio_benchmark/dlio_benchmark/utils/statscounter.py:325]
[INFO] 2025-05-05T09:28:04.363529 Rank 0 step 165 processed 5 samples in 0.3306572437286377 s [/mnt/ioopt/appbench/apps/MLPerf-storage/dlio_benchmark/dlio_benchmark/utils/statscounter.py:325]
[INFO] 2025-05-05T09:28:06.787165 Rank 0 step 166 processed 5 samples in 2.423173427581787 s [/mnt/ioopt/appbench/apps/MLPerf-storage/dlio_benchmark/dlio_benchmark/utils/statscounter.py:325]
[INFO] 2025-05-05T09:28:10.831059 Rank 0 step 167 processed 5 samples in 4.0433549880981445 s [/mnt/ioopt/appbench/apps/MLPerf-storage/dlio_benchmark/dlio_benchmark/utils/statscounter.py:325]
[INFO] 2025-05-05T09:28:13.254038 Rank 0 step 168 processed 5 samples in 2.4224753379821777 s [/mnt/ioopt/appbench/apps/MLPerf-storage/dlio_benchmark/dlio_benchmark/utils/statscounter.py:325]
[INFO] 2025-05-05T09:28:13.582887 Rank 0 step 169 processed 5 samples in 0.3283381462097168 s [/mnt/ioopt/appbench/apps/MLPerf-storage/dlio_benchmark/dlio_benchmark/utils/statscounter.py:325]
[INFO] 2025-05-05T09:28:13.914010 Rank 0 step 170 processed 5 samples in 0.33066248893737793 s [/mnt/ioopt/appbench/apps/MLPerf-storage/dlio_benchmark/dlio_benchmark/utils/statscounter.py:325]
[INFO] 2025-05-05T09:28:20.544989 Rank 0 step 171 processed 5 samples in 6.63048791885376 s [/mnt/ioopt/appbench/apps/MLPerf-storage/dlio_benchmark/dlio_benchmark/utils/statscounter.py:325]
[INFO] 2025-05-05T09:28:23.461133 Rank 0 step 172 processed 5 samples in 2.9156460762023926 s [/mnt/ioopt/appbench/apps/MLPerf-storage/dlio_benchmark/dlio_benchmark/utils/statscounter.py:325]
[INFO] 2025-05-05T09:28:23.789797 Rank 0 step 173 processed 5 samples in 0.3281693458557129 s [/mnt/ioopt/appbench/apps/MLPerf-storage/dlio_benchmark/dlio_benchmark/utils/statscounter.py:325]
[INFO] 2025-05-05T09:28:24.118628 Rank 0 step 174 processed 5 samples in 0.32838892936706543 s [/mnt/ioopt/appbench/apps/MLPerf-storage/dlio_benchmark/dlio_benchmark/utils/statscounter.py:325]
[INFO] 2025-05-05T09:28:30.861697 Rank 0 step 175 processed 5 samples in 6.742582082748413 s [/mnt/ioopt/appbench/apps/MLPerf-storage/dlio_benchmark/dlio_benchmark/utils/statscounter.py:325]
[INFO] 2025-05-05T09:28:31.204360 Rank 0 step 176 processed 5 samples in 0.3421788215637207 s [/mnt/ioopt/appbench/apps/MLPerf-storage/dlio_benchmark/dlio_benchmark/utils/statscounter.py:325]
[INFO] 2025-05-05T09:28:31.533062 Rank 0 step 177 processed 5 samples in 0.32819080352783203 s [/mnt/ioopt/appbench/apps/MLPerf-storage/dlio_benchmark/dlio_benchmark/utils/statscounter.py:325]
[INFO] 2025-05-05T09:28:33.799061 Rank 0 step 178 processed 5 samples in 2.265552282333374 s [/mnt/ioopt/appbench/apps/MLPerf-storage/dlio_benchmark/dlio_benchmark/utils/statscounter.py:325]
[INFO] 2025-05-05T09:28:40.081473 Rank 0 step 179 processed 5 samples in 6.281909465789795 s [/mnt/ioopt/appbench/apps/MLPerf-storage/dlio_benchmark/dlio_benchmark/utils/statscounter.py:325]
[INFO] 2025-05-05T09:28:40.412803 Rank 0 step 180 processed 5 samples in 0.3308544158935547 s [/mnt/ioopt/appbench/apps/MLPerf-storage/dlio_benchmark/dlio_benchmark/utils/statscounter.py:325]
[INFO] 2025-05-05T09:28:40.742979 Rank 0 step 181 processed 5 samples in 0.32904815673828125 s [/mnt/ioopt/appbench/apps/MLPerf-storage/dlio_benchmark/dlio_benchmark/utils/statscounter.py:325]
[INFO] 2025-05-05T09:28:42.563488 Rank 0 step 182 processed 5 samples in 1.820044755935669 s [/mnt/ioopt/appbench/apps/MLPerf-storage/dlio_benchmark/dlio_benchmark/utils/statscounter.py:325]
[INFO] 2025-05-05T09:28:48.326215 Rank 0 step 183 processed 5 samples in 5.762404918670654 s [/mnt/ioopt/appbench/apps/MLPerf-storage/dlio_benchmark/dlio_benchmark/utils/statscounter.py:325]
[INFO] 2025-05-05T09:28:48.655190 Rank 0 step 184 processed 5 samples in 0.3285181522369385 s [/mnt/ioopt/appbench/apps/MLPerf-storage/dlio_benchmark/dlio_benchmark/utils/statscounter.py:325]
[INFO] 2025-05-05T09:28:48.984013 Rank 0 step 185 processed 5 samples in 0.32839226722717285 s [/mnt/ioopt/appbench/apps/MLPerf-storage/dlio_benchmark/dlio_benchmark/utils/statscounter.py:325]
[INFO] 2025-05-05T09:28:50.517594 Rank 0 step 186 processed 5 samples in 1.5331451892852783 s [/mnt/ioopt/appbench/apps/MLPerf-storage/dlio_benchmark/dlio_benchmark/utils/statscounter.py:325]
[INFO] 2025-05-05T09:28:57.713999 Rank 0 step 187 processed 5 samples in 7.195950508117676 s [/mnt/ioopt/appbench/apps/MLPerf-storage/dlio_benchmark/dlio_benchmark/utils/statscounter.py:325]
[INFO] 2025-05-05T09:28:58.042761 Rank 0 step 188 processed 5 samples in 0.3282749652862549 s [/mnt/ioopt/appbench/apps/MLPerf-storage/dlio_benchmark/dlio_benchmark/utils/statscounter.py:325]
[INFO] 2025-05-05T09:28:59.057995 Rank 0 step 189 processed 5 samples in 1.014779806137085 s [/mnt/ioopt/appbench/apps/MLPerf-storage/dlio_benchmark/dlio_benchmark/utils/statscounter.py:325]
[INFO] 2025-05-05T09:29:00.503568 Rank 0 step 190 processed 5 samples in 1.445080041885376 s [/mnt/ioopt/appbench/apps/MLPerf-storage/dlio_benchmark/dlio_benchmark/utils/statscounter.py:325]
[INFO] 2025-05-05T09:29:05.519555 Rank 0 step 191 processed 5 samples in 5.01550555229187 s [/mnt/ioopt/appbench/apps/MLPerf-storage/dlio_benchmark/dlio_benchmark/utils/statscounter.py:325]
[INFO] 2025-05-05T09:29:06.488736 Rank 0 step 192 processed 5 samples in 0.9687302112579346 s [/mnt/ioopt/appbench/apps/MLPerf-storage/dlio_benchmark/dlio_benchmark/utils/statscounter.py:325]
[INFO] 2025-05-05T09:29:10.405966 Rank 0 step 193 processed 5 samples in 3.916736602783203 s [/mnt/ioopt/appbench/apps/MLPerf-storage/dlio_benchmark/dlio_benchmark/utils/statscounter.py:325]
[INFO] 2025-05-05T09:29:10.734766 Rank 0 step 194 processed 5 samples in 0.32829928398132324 s [/mnt/ioopt/appbench/apps/MLPerf-storage/dlio_benchmark/dlio_benchmark/utils/statscounter.py:325]
[INFO] 2025-05-05T09:29:16.933243 Rank 0 step 195 processed 5 samples in 6.198009252548218 s [/mnt/ioopt/appbench/apps/MLPerf-storage/dlio_benchmark/dlio_benchmark/utils/statscounter.py:325]
[INFO] 2025-05-05T09:29:17.258971 Rank 0 step 196 processed 5 samples in 0.3253483772277832 s [/mnt/ioopt/appbench/apps/MLPerf-storage/dlio_benchmark/dlio_benchmark/utils/statscounter.py:325]
[INFO] 2025-05-05T09:29:20.636627 Rank 0 step 197 processed 5 samples in 3.377187490463257 s [/mnt/ioopt/appbench/apps/MLPerf-storage/dlio_benchmark/dlio_benchmark/utils/statscounter.py:325]
[INFO] 2025-05-05T09:29:20.967083 Rank 0 step 198 processed 5 samples in 0.33001232147216797 s [/mnt/ioopt/appbench/apps/MLPerf-storage/dlio_benchmark/dlio_benchmark/utils/statscounter.py:325]
[INFO] 2025-05-05T09:29:23.942649 Rank 0 step 199 processed 5 samples in 2.9751343727111816 s [/mnt/ioopt/appbench/apps/MLPerf-storage/dlio_benchmark/dlio_benchmark/utils/statscounter.py:325]
[INFO] 2025-05-05T09:29:28.504644 Rank 0 step 200 processed 5 samples in 4.561534404754639 s [/mnt/ioopt/appbench/apps/MLPerf-storage/dlio_benchmark/dlio_benchmark/utils/statscounter.py:325]
[INFO] 2025-05-05T09:29:30.584816 Rank 0 step 201 processed 5 samples in 2.079658031463623 s [/mnt/ioopt/appbench/apps/MLPerf-storage/dlio_benchmark/dlio_benchmark/utils/statscounter.py:325]
[INFO] 2025-05-05T09:29:30.913496 Rank 0 step 202 processed 5 samples in 0.3281898498535156 s [/mnt/ioopt/appbench/apps/MLPerf-storage/dlio_benchmark/dlio_benchmark/utils/statscounter.py:325]
[INFO] 2025-05-05T09:29:33.340160 Rank 0 step 203 processed 5 samples in 2.4262096881866455 s [/mnt/ioopt/appbench/apps/MLPerf-storage/dlio_benchmark/dlio_benchmark/utils/statscounter.py:325]
[INFO] 2025-05-05T09:29:39.124972 Rank 0 step 204 processed 5 samples in 5.784351348876953 s [/mnt/ioopt/appbench/apps/MLPerf-storage/dlio_benchmark/dlio_benchmark/utils/statscounter.py:325]
[INFO] 2025-05-05T09:29:39.453716 Rank 0 step 205 processed 5 samples in 0.32828593254089355 s [/mnt/ioopt/appbench/apps/MLPerf-storage/dlio_benchmark/dlio_benchmark/utils/statscounter.py:325]
[INFO] 2025-05-05T09:29:40.407966 Rank 0 step 206 processed 5 samples in 0.9538028240203857 s [/mnt/ioopt/appbench/apps/MLPerf-storage/dlio_benchmark/dlio_benchmark/utils/statscounter.py:325]
[INFO] 2025-05-05T09:29:42.756623 Rank 0 step 207 processed 5 samples in 2.348203659057617 s [/mnt/ioopt/appbench/apps/MLPerf-storage/dlio_benchmark/dlio_benchmark/utils/statscounter.py:325]
[INFO] 2025-05-05T09:29:47.167765 Rank 0 step 208 processed 5 samples in 4.410706281661987 s [/mnt/ioopt/appbench/apps/MLPerf-storage/dlio_benchmark/dlio_benchmark/utils/statscounter.py:325]
[INFO] 2025-05-05T09:29:47.498488 Rank 0 step 209 processed 5 samples in 0.3302125930786133 s [/mnt/ioopt/appbench/apps/MLPerf-storage/dlio_benchmark/dlio_benchmark/utils/statscounter.py:325]
[INFO] 2025-05-05T09:29:49.278269 Rank 0 step 210 processed 5 samples in 1.7793514728546143 s [/mnt/ioopt/appbench/apps/MLPerf-storage/dlio_benchmark/dlio_benchmark/utils/statscounter.py:325]
[INFO] 2025-05-05T09:29:51.178677 Rank 0 step 211 processed 5 samples in 1.8999249935150146 s [/mnt/ioopt/appbench/apps/MLPerf-storage/dlio_benchmark/dlio_benchmark/utils/statscounter.py:325]
[INFO] 2025-05-05T09:29:57.222168 Rank 0 step 212 processed 5 samples in 6.043020725250244 s [/mnt/ioopt/appbench/apps/MLPerf-storage/dlio_benchmark/dlio_benchmark/utils/statscounter.py:325]
[INFO] 2025-05-05T09:29:57.831316 Rank 0 step 213 processed 5 samples in 0.6086678504943848 s [/mnt/ioopt/appbench/apps/MLPerf-storage/dlio_benchmark/dlio_benchmark/utils/statscounter.py:325]
[INFO] 2025-05-05T09:29:58.850605 Rank 0 step 214 processed 5 samples in 1.0187952518463135 s [/mnt/ioopt/appbench/apps/MLPerf-storage/dlio_benchmark/dlio_benchmark/utils/statscounter.py:325]
[INFO] 2025-05-05T09:29:59.179396 Rank 0 step 215 processed 5 samples in 0.32830810546875 s [/mnt/ioopt/appbench/apps/MLPerf-storage/dlio_benchmark/dlio_benchmark/utils/statscounter.py:325]
[INFO] 2025-05-05T09:30:05.164157 Rank 0 step 216 processed 5 samples in 5.984306573867798 s [/mnt/ioopt/appbench/apps/MLPerf-storage/dlio_benchmark/dlio_benchmark/utils/statscounter.py:325]
[INFO] 2025-05-05T09:30:05.492806 Rank 0 step 217 processed 5 samples in 0.328183650970459 s [/mnt/ioopt/appbench/apps/MLPerf-storage/dlio_benchmark/dlio_benchmark/utils/statscounter.py:325]
[INFO] 2025-05-05T09:30:09.627459 Rank 0 step 218 processed 5 samples in 4.13420295715332 s [/mnt/ioopt/appbench/apps/MLPerf-storage/dlio_benchmark/dlio_benchmark/utils/statscounter.py:325]
[INFO] 2025-05-05T09:30:09.956239 Rank 0 step 219 processed 5 samples in 0.32833385467529297 s [/mnt/ioopt/appbench/apps/MLPerf-storage/dlio_benchmark/dlio_benchmark/utils/statscounter.py:325]
[INFO] 2025-05-05T09:30:15.006804 Rank 0 step 220 processed 5 samples in 5.050119400024414 s [/mnt/ioopt/appbench/apps/MLPerf-storage/dlio_benchmark/dlio_benchmark/utils/statscounter.py:325]
[INFO] 2025-05-05T09:30:15.509057 Rank 0 step 221 processed 5 samples in 0.5017685890197754 s [/mnt/ioopt/appbench/apps/MLPerf-storage/dlio_benchmark/dlio_benchmark/utils/statscounter.py:325]
[INFO] 2025-05-05T09:30:17.348135 Rank 0 step 222 processed 5 samples in 1.838576316833496 s [/mnt/ioopt/appbench/apps/MLPerf-storage/dlio_benchmark/dlio_benchmark/utils/statscounter.py:325]
[INFO] 2025-05-05T09:30:19.889877 Rank 0 step 223 processed 5 samples in 2.541280746459961 s [/mnt/ioopt/appbench/apps/MLPerf-storage/dlio_benchmark/dlio_benchmark/utils/statscounter.py:325]
[INFO] 2025-05-05T09:30:24.379572 Rank 0 step 224 processed 5 samples in 4.4892418384552 s [/mnt/ioopt/appbench/apps/MLPerf-storage/dlio_benchmark/dlio_benchmark/utils/statscounter.py:325]
[INFO] 2025-05-05T09:30:24.886639 Rank 0 step 225 processed 5 samples in 0.506575345993042 s [/mnt/ioopt/appbench/apps/MLPerf-storage/dlio_benchmark/dlio_benchmark/utils/statscounter.py:325]
[INFO] 2025-05-05T09:30:29.620131 Rank 0 step 226 processed 5 samples in 4.733000993728638 s [/mnt/ioopt/appbench/apps/MLPerf-storage/dlio_benchmark/dlio_benchmark/utils/statscounter.py:325]
[INFO] 2025-05-05T09:30:29.949024 Rank 0 step 227 processed 5 samples in 0.32837700843811035 s [/mnt/ioopt/appbench/apps/MLPerf-storage/dlio_benchmark/dlio_benchmark/utils/statscounter.py:325]
[INFO] 2025-05-05T09:30:34.708108 Rank 0 step 228 processed 5 samples in 4.758630990982056 s [/mnt/ioopt/appbench/apps/MLPerf-storage/dlio_benchmark/dlio_benchmark/utils/statscounter.py:325]
[INFO] 2025-05-05T09:30:35.042797 Rank 0 step 229 processed 5 samples in 0.33420467376708984 s [/mnt/ioopt/appbench/apps/MLPerf-storage/dlio_benchmark/dlio_benchmark/utils/statscounter.py:325]
[INFO] 2025-05-05T09:30:39.874674 Rank 0 step 230 processed 5 samples in 4.830690145492554 s [/mnt/ioopt/appbench/apps/MLPerf-storage/dlio_benchmark/dlio_benchmark/utils/statscounter.py:325]
[INFO] 2025-05-05T09:30:40.204035 Rank 0 step 231 processed 5 samples in 0.32874393463134766 s [/mnt/ioopt/appbench/apps/MLPerf-storage/dlio_benchmark/dlio_benchmark/utils/statscounter.py:325]
[INFO] 2025-05-05T09:30:45.371438 Rank 0 step 232 processed 5 samples in 5.16697359085083 s [/mnt/ioopt/appbench/apps/MLPerf-storage/dlio_benchmark/dlio_benchmark/utils/statscounter.py:325]
[INFO] 2025-05-05T09:30:45.702155 Rank 0 step 233 processed 5 samples in 0.3303220272064209 s [/mnt/ioopt/appbench/apps/MLPerf-storage/dlio_benchmark/dlio_benchmark/utils/statscounter.py:325]
[INFO] 2025-05-05T09:30:48.345875 Rank 0 step 234 processed 5 samples in 2.643376350402832 s [/mnt/ioopt/appbench/apps/MLPerf-storage/dlio_benchmark/dlio_benchmark/utils/statscounter.py:325]
[INFO] 2025-05-05T09:30:48.677090 Rank 0 step 235 processed 5 samples in 0.3307459354400635 s [/mnt/ioopt/appbench/apps/MLPerf-storage/dlio_benchmark/dlio_benchmark/utils/statscounter.py:325]
[INFO] 2025-05-05T09:30:52.682736 Rank 0 step 236 processed 5 samples in 4.005178451538086 s [/mnt/ioopt/appbench/apps/MLPerf-storage/dlio_benchmark/dlio_benchmark/utils/statscounter.py:325]
[INFO] 2025-05-05T09:30:54.960929 Rank 0 step 237 processed 5 samples in 2.2777533531188965 s [/mnt/ioopt/appbench/apps/MLPerf-storage/dlio_benchmark/dlio_benchmark/utils/statscounter.py:325]
[INFO] 2025-05-05T09:30:57.221362 Rank 0 step 238 processed 5 samples in 2.259950637817383 s [/mnt/ioopt/appbench/apps/MLPerf-storage/dlio_benchmark/dlio_benchmark/utils/statscounter.py:325]
[INFO] 2025-05-05T09:30:58.409390 Rank 0 step 239 processed 5 samples in 1.1875224113464355 s [/mnt/ioopt/appbench/apps/MLPerf-storage/dlio_benchmark/dlio_benchmark/utils/statscounter.py:325]
[INFO] 2025-05-05T09:31:03.176926 Rank 0 step 240 processed 5 samples in 4.767072439193726 s [/mnt/ioopt/appbench/apps/MLPerf-storage/dlio_benchmark/dlio_benchmark/utils/statscounter.py:325]
[INFO] 2025-05-05T09:31:04.939552 Rank 0 step 241 processed 5 samples in 1.7621963024139404 s [/mnt/ioopt/appbench/apps/MLPerf-storage/dlio_benchmark/dlio_benchmark/utils/statscounter.py:325]
[INFO] 2025-05-05T09:31:09.229667 Rank 0 step 242 processed 5 samples in 4.289851188659668 s [/mnt/ioopt/appbench/apps/MLPerf-storage/dlio_benchmark/dlio_benchmark/utils/statscounter.py:325]
[INFO] 2025-05-05T09:31:10.538757 Rank 0 step 243 processed 5 samples in 1.308624505996704 s [/mnt/ioopt/appbench/apps/MLPerf-storage/dlio_benchmark/dlio_benchmark/utils/statscounter.py:325]
[INFO] 2025-05-05T09:31:12.506598 Rank 0 step 244 processed 5 samples in 1.9673521518707275 s [/mnt/ioopt/appbench/apps/MLPerf-storage/dlio_benchmark/dlio_benchmark/utils/statscounter.py:325]
[INFO] 2025-05-05T09:31:15.426137 Rank 0 step 245 processed 5 samples in 2.9191503524780273 s [/mnt/ioopt/appbench/apps/MLPerf-storage/dlio_benchmark/dlio_benchmark/utils/statscounter.py:325]
[INFO] 2025-05-05T09:31:19.354230 Rank 0 step 246 processed 5 samples in 3.927595853805542 s [/mnt/ioopt/appbench/apps/MLPerf-storage/dlio_benchmark/dlio_benchmark/utils/statscounter.py:325]
[INFO] 2025-05-05T09:31:19.683271 Rank 0 step 247 processed 5 samples in 0.32855772972106934 s [/mnt/ioopt/appbench/apps/MLPerf-storage/dlio_benchmark/dlio_benchmark/utils/statscounter.py:325]
[INFO] 2025-05-05T09:31:21.633298 Rank 0 step 248 processed 5 samples in 1.9495911598205566 s [/mnt/ioopt/appbench/apps/MLPerf-storage/dlio_benchmark/dlio_benchmark/utils/statscounter.py:325]
[INFO] 2025-05-05T09:31:24.609811 Rank 0 step 249 processed 5 samples in 2.9760804176330566 s [/mnt/ioopt/appbench/apps/MLPerf-storage/dlio_benchmark/dlio_benchmark/utils/statscounter.py:325]
[INFO] 2025-05-05T09:31:29.805379 Rank 0 step 250 processed 5 samples in 5.195090055465698 s [/mnt/ioopt/appbench/apps/MLPerf-storage/dlio_benchmark/dlio_benchmark/utils/statscounter.py:325]
[INFO] 2025-05-05T09:31:30.133931 Rank 0 step 251 processed 5 samples in 0.32816195487976074 s [/mnt/ioopt/appbench/apps/MLPerf-storage/dlio_benchmark/dlio_benchmark/utils/statscounter.py:325]
[INFO] 2025-05-05T09:31:30.462764 Rank 0 step 252 processed 5 samples in 0.32848048210144043 s [/mnt/ioopt/appbench/apps/MLPerf-storage/dlio_benchmark/dlio_benchmark/utils/statscounter.py:325]
[INFO] 2025-05-05T09:31:34.007242 Rank 0 step 253 processed 5 samples in 3.5439975261688232 s [/mnt/ioopt/appbench/apps/MLPerf-storage/dlio_benchmark/dlio_benchmark/utils/statscounter.py:325]
[INFO] 2025-05-05T09:31:40.233698 Rank 0 step 254 processed 5 samples in 6.226086616516113 s [/mnt/ioopt/appbench/apps/MLPerf-storage/dlio_benchmark/dlio_benchmark/utils/statscounter.py:325]
[INFO] 2025-05-05T09:31:40.562617 Rank 0 step 255 processed 5 samples in 0.32851147651672363 s [/mnt/ioopt/appbench/apps/MLPerf-storage/dlio_benchmark/dlio_benchmark/utils/statscounter.py:325]
[INFO] 2025-05-05T09:31:40.891145 Rank 0 step 256 processed 5 samples in 0.32819271087646484 s [/mnt/ioopt/appbench/apps/MLPerf-storage/dlio_benchmark/dlio_benchmark/utils/statscounter.py:325]
[INFO] 2025-05-05T09:31:41.718657 Rank 0 step 257 processed 5 samples in 0.8270509243011475 s [/mnt/ioopt/appbench/apps/MLPerf-storage/dlio_benchmark/dlio_benchmark/utils/statscounter.py:325]
[INFO] 2025-05-05T09:31:49.545694 Rank 0 step 258 processed 5 samples in 7.826536655426025 s [/mnt/ioopt/appbench/apps/MLPerf-storage/dlio_benchmark/dlio_benchmark/utils/statscounter.py:325]
[INFO] 2025-05-05T09:31:49.874368 Rank 0 step 259 processed 5 samples in 0.32825422286987305 s [/mnt/ioopt/appbench/apps/MLPerf-storage/dlio_benchmark/dlio_benchmark/utils/statscounter.py:325]
[INFO] 2025-05-05T09:31:50.203242 Rank 0 step 260 processed 5 samples in 0.3285386562347412 s [/mnt/ioopt/appbench/apps/MLPerf-storage/dlio_benchmark/dlio_benchmark/utils/statscounter.py:325]
[INFO] 2025-05-05T09:31:51.003797 Rank 0 step 261 processed 5 samples in 0.8000717163085938 s [/mnt/ioopt/appbench/apps/MLPerf-storage/dlio_benchmark/dlio_benchmark/utils/statscounter.py:325]
[INFO] 2025-05-05T09:31:58.577284 Rank 0 step 262 processed 5 samples in 7.573122024536133 s [/mnt/ioopt/appbench/apps/MLPerf-storage/dlio_benchmark/dlio_benchmark/utils/statscounter.py:325]
[INFO] 2025-05-05T09:31:58.907924 Rank 0 step 263 processed 5 samples in 0.33016109466552734 s [/mnt/ioopt/appbench/apps/MLPerf-storage/dlio_benchmark/dlio_benchmark/utils/statscounter.py:325]
[INFO] 2025-05-05T09:32:00.157322 Rank 0 step 264 processed 5 samples in 1.2489354610443115 s [/mnt/ioopt/appbench/apps/MLPerf-storage/dlio_benchmark/dlio_benchmark/utils/statscounter.py:325]
[INFO] 2025-05-05T09:32:00.485889 Rank 0 step 265 processed 5 samples in 0.3281712532043457 s [/mnt/ioopt/appbench/apps/MLPerf-storage/dlio_benchmark/dlio_benchmark/utils/statscounter.py:325]
[INFO] 2025-05-05T09:32:05.943163 Rank 0 step 266 processed 5 samples in 5.4569361209869385 s [/mnt/ioopt/appbench/apps/MLPerf-storage/dlio_benchmark/dlio_benchmark/utils/statscounter.py:325]
[INFO] 2025-05-05T09:32:06.270525 Rank 0 step 267 processed 5 samples in 0.3268742561340332 s [/mnt/ioopt/appbench/apps/MLPerf-storage/dlio_benchmark/dlio_benchmark/utils/statscounter.py:325]
[INFO] 2025-05-05T09:32:08.438848 Rank 0 step 268 processed 5 samples in 2.16806697845459 s [/mnt/ioopt/appbench/apps/MLPerf-storage/dlio_benchmark/dlio_benchmark/utils/statscounter.py:325]
[INFO] 2025-05-05T09:32:12.496118 Rank 0 step 269 processed 5 samples in 4.05679178237915 s [/mnt/ioopt/appbench/apps/MLPerf-storage/dlio_benchmark/dlio_benchmark/utils/statscounter.py:325]
[INFO] 2025-05-05T09:32:14.916637 Rank 0 step 270 processed 5 samples in 2.420192241668701 s [/mnt/ioopt/appbench/apps/MLPerf-storage/dlio_benchmark/dlio_benchmark/utils/statscounter.py:325]
[INFO] 2025-05-05T09:32:16.562863 Rank 0 step 271 processed 5 samples in 1.6459691524505615 s [/mnt/ioopt/appbench/apps/MLPerf-storage/dlio_benchmark/dlio_benchmark/utils/statscounter.py:325]
[INFO] 2025-05-05T09:32:18.913546 Rank 0 step 272 processed 5 samples in 2.3502063751220703 s [/mnt/ioopt/appbench/apps/MLPerf-storage/dlio_benchmark/dlio_benchmark/utils/statscounter.py:325]
[INFO] 2025-05-05T09:32:22.363006 Rank 0 step 273 processed 5 samples in 3.4490227699279785 s [/mnt/ioopt/appbench/apps/MLPerf-storage/dlio_benchmark/dlio_benchmark/utils/statscounter.py:325]
[INFO] 2025-05-05T09:32:25.756115 Rank 0 step 274 processed 5 samples in 3.3925893306732178 s [/mnt/ioopt/appbench/apps/MLPerf-storage/dlio_benchmark/dlio_benchmark/utils/statscounter.py:325]
[INFO] 2025-05-05T09:32:26.085028 Rank 0 step 275 processed 5 samples in 0.32843828201293945 s [/mnt/ioopt/appbench/apps/MLPerf-storage/dlio_benchmark/dlio_benchmark/utils/statscounter.py:325]
[INFO] 2025-05-05T09:32:28.581794 Rank 0 step 276 processed 5 samples in 2.496351957321167 s [/mnt/ioopt/appbench/apps/MLPerf-storage/dlio_benchmark/dlio_benchmark/utils/statscounter.py:325]
[INFO] 2025-05-05T09:32:31.325318 Rank 0 step 277 processed 5 samples in 2.7431163787841797 s [/mnt/ioopt/appbench/apps/MLPerf-storage/dlio_benchmark/dlio_benchmark/utils/statscounter.py:325]
[INFO] 2025-05-05T09:32:34.860017 Rank 0 step 278 processed 5 samples in 3.534262180328369 s [/mnt/ioopt/appbench/apps/MLPerf-storage/dlio_benchmark/dlio_benchmark/utils/statscounter.py:325]
[INFO] 2025-05-05T09:32:35.188915 Rank 0 step 279 processed 5 samples in 0.3284440040588379 s [/mnt/ioopt/appbench/apps/MLPerf-storage/dlio_benchmark/dlio_benchmark/utils/statscounter.py:325]
[INFO] 2025-05-05T09:32:38.331268 Rank 0 step 280 processed 5 samples in 3.141929864883423 s [/mnt/ioopt/appbench/apps/MLPerf-storage/dlio_benchmark/dlio_benchmark/utils/statscounter.py:325]
[INFO] 2025-05-05T09:32:43.173718 Rank 0 step 281 processed 5 samples in 4.8419904708862305 s [/mnt/ioopt/appbench/apps/MLPerf-storage/dlio_benchmark/dlio_benchmark/utils/statscounter.py:325]
[INFO] 2025-05-05T09:32:45.457940 Rank 0 step 282 processed 5 samples in 2.2830357551574707 s [/mnt/ioopt/appbench/apps/MLPerf-storage/dlio_benchmark/dlio_benchmark/utils/statscounter.py:325]
[INFO] 2025-05-05T09:32:45.786742 Rank 0 step 283 processed 5 samples in 0.32836294174194336 s [/mnt/ioopt/appbench/apps/MLPerf-storage/dlio_benchmark/dlio_benchmark/utils/statscounter.py:325]
[INFO] 2025-05-05T09:32:47.060869 Rank 0 step 284 processed 5 samples in 1.2736802101135254 s [/mnt/ioopt/appbench/apps/MLPerf-storage/dlio_benchmark/dlio_benchmark/utils/statscounter.py:325]
[INFO] 2025-05-05T09:32:51.082449 Rank 0 step 285 processed 5 samples in 4.021076202392578 s [/mnt/ioopt/appbench/apps/MLPerf-storage/dlio_benchmark/dlio_benchmark/utils/statscounter.py:325]
[INFO] 2025-05-05T09:32:53.785295 Rank 0 step 286 processed 5 samples in 2.702345609664917 s [/mnt/ioopt/appbench/apps/MLPerf-storage/dlio_benchmark/dlio_benchmark/utils/statscounter.py:325]
[INFO] 2025-05-05T09:32:56.210171 Rank 0 step 287 processed 5 samples in 2.4244019985198975 s [/mnt/ioopt/appbench/apps/MLPerf-storage/dlio_benchmark/dlio_benchmark/utils/statscounter.py:325]
[INFO] 2025-05-05T09:32:57.361527 Rank 0 step 288 processed 5 samples in 1.150902271270752 s [/mnt/ioopt/appbench/apps/MLPerf-storage/dlio_benchmark/dlio_benchmark/utils/statscounter.py:325]
[INFO] 2025-05-05T09:33:02.574014 Rank 0 step 289 processed 5 samples in 5.21204948425293 s [/mnt/ioopt/appbench/apps/MLPerf-storage/dlio_benchmark/dlio_benchmark/utils/statscounter.py:325]
[INFO] 2025-05-05T09:33:03.650625 Rank 0 step 290 processed 5 samples in 1.0761370658874512 s [/mnt/ioopt/appbench/apps/MLPerf-storage/dlio_benchmark/dlio_benchmark/utils/statscounter.py:325]
[INFO] 2025-05-05T09:33:06.975175 Rank 0 step 291 processed 5 samples in 3.3240840435028076 s [/mnt/ioopt/appbench/apps/MLPerf-storage/dlio_benchmark/dlio_benchmark/utils/statscounter.py:325]
[INFO] 2025-05-05T09:33:07.515573 Rank 0 step 292 processed 5 samples in 0.5399472713470459 s [/mnt/ioopt/appbench/apps/MLPerf-storage/dlio_benchmark/dlio_benchmark/utils/statscounter.py:325]
[INFO] 2025-05-05T09:33:12.502935 Rank 0 step 293 processed 5 samples in 4.986926078796387 s [/mnt/ioopt/appbench/apps/MLPerf-storage/dlio_benchmark/dlio_benchmark/utils/statscounter.py:325]
[INFO] 2025-05-05T09:33:12.832282 Rank 0 step 294 processed 5 samples in 0.32883214950561523 s [/mnt/ioopt/appbench/apps/MLPerf-storage/dlio_benchmark/dlio_benchmark/utils/statscounter.py:325]
[INFO] 2025-05-05T09:33:15.468969 Rank 0 step 295 processed 5 samples in 2.636237144470215 s [/mnt/ioopt/appbench/apps/MLPerf-storage/dlio_benchmark/dlio_benchmark/utils/statscounter.py:325]
[INFO] 2025-05-05T09:33:16.753402 Rank 0 step 296 processed 5 samples in 1.2839837074279785 s [/mnt/ioopt/appbench/apps/MLPerf-storage/dlio_benchmark/dlio_benchmark/utils/statscounter.py:325]
[INFO] 2025-05-05T09:33:20.797210 Rank 0 step 297 processed 5 samples in 4.0434064865112305 s [/mnt/ioopt/appbench/apps/MLPerf-storage/dlio_benchmark/dlio_benchmark/utils/statscounter.py:325]
[INFO] 2025-05-05T09:33:21.746308 Rank 0 step 298 processed 5 samples in 0.9486305713653564 s [/mnt/ioopt/appbench/apps/MLPerf-storage/dlio_benchmark/dlio_benchmark/utils/statscounter.py:325]
[INFO] 2025-05-05T09:33:24.124736 Rank 0 step 299 processed 5 samples in 2.3779497146606445 s [/mnt/ioopt/appbench/apps/MLPerf-storage/dlio_benchmark/dlio_benchmark/utils/statscounter.py:325]
[INFO] 2025-05-05T09:33:27.537835 Rank 0 step 300 processed 5 samples in 3.412654399871826 s [/mnt/ioopt/appbench/apps/MLPerf-storage/dlio_benchmark/dlio_benchmark/utils/statscounter.py:325]
[INFO] 2025-05-05T09:33:29.588857 Rank 0 step 301 processed 5 samples in 2.050595760345459 s [/mnt/ioopt/appbench/apps/MLPerf-storage/dlio_benchmark/dlio_benchmark/utils/statscounter.py:325]
[INFO] 2025-05-05T09:33:33.014751 Rank 0 step 302 processed 5 samples in 3.4256527423858643 s [/mnt/ioopt/appbench/apps/MLPerf-storage/dlio_benchmark/dlio_benchmark/utils/statscounter.py:325]
[INFO] 2025-05-05T09:33:33.343787 Rank 0 step 303 processed 5 samples in 0.3285491466522217 s [/mnt/ioopt/appbench/apps/MLPerf-storage/dlio_benchmark/dlio_benchmark/utils/statscounter.py:325]
[INFO] 2025-05-05T09:33:35.560953 Rank 0 step 304 processed 5 samples in 2.2167277336120605 s [/mnt/ioopt/appbench/apps/MLPerf-storage/dlio_benchmark/dlio_benchmark/utils/statscounter.py:325]
[INFO] 2025-05-05T09:33:38.122183 Rank 0 step 305 processed 5 samples in 2.560730457305908 s [/mnt/ioopt/appbench/apps/MLPerf-storage/dlio_benchmark/dlio_benchmark/utils/statscounter.py:325]
[INFO] 2025-05-05T09:33:42.785694 Rank 0 step 306 processed 5 samples in 4.663017988204956 s [/mnt/ioopt/appbench/apps/MLPerf-storage/dlio_benchmark/dlio_benchmark/utils/statscounter.py:325]
[INFO] 2025-05-05T09:33:43.887980 Rank 0 step 307 processed 5 samples in 1.1018354892730713 s [/mnt/ioopt/appbench/apps/MLPerf-storage/dlio_benchmark/dlio_benchmark/utils/statscounter.py:325]
[INFO] 2025-05-05T09:33:45.444286 Rank 0 step 308 processed 5 samples in 1.555861473083496 s [/mnt/ioopt/appbench/apps/MLPerf-storage/dlio_benchmark/dlio_benchmark/utils/statscounter.py:325]
[INFO] 2025-05-05T09:33:45.773020 Rank 0 step 309 processed 5 samples in 0.32823896408081055 s [/mnt/ioopt/appbench/apps/MLPerf-storage/dlio_benchmark/dlio_benchmark/utils/statscounter.py:325]
[INFO] 2025-05-05T09:33:52.862017 Rank 0 step 310 processed 5 samples in 7.088510990142822 s [/mnt/ioopt/appbench/apps/MLPerf-storage/dlio_benchmark/dlio_benchmark/utils/statscounter.py:325]
[INFO] 2025-05-05T09:33:53.192229 Rank 0 step 311 processed 5 samples in 0.3294179439544678 s [/mnt/ioopt/appbench/apps/MLPerf-storage/dlio_benchmark/dlio_benchmark/utils/statscounter.py:325]
[INFO] 2025-05-05T09:33:54.106360 Rank 0 step 312 processed 5 samples in 0.9136753082275391 s [/mnt/ioopt/appbench/apps/MLPerf-storage/dlio_benchmark/dlio_benchmark/utils/statscounter.py:325]
[INFO] 2025-05-05T09:33:54.715684 Rank 0 step 313 processed 5 samples in 0.608942985534668 s [/mnt/ioopt/appbench/apps/MLPerf-storage/dlio_benchmark/dlio_benchmark/utils/statscounter.py:325]
[INFO] 2025-05-05T09:34:02.914967 Rank 0 step 314 processed 5 samples in 8.198937177658081 s [/mnt/ioopt/appbench/apps/MLPerf-storage/dlio_benchmark/dlio_benchmark/utils/statscounter.py:325]
[INFO] 2025-05-05T09:34:03.246273 Rank 0 step 315 processed 5 samples in 0.3307986259460449 s [/mnt/ioopt/appbench/apps/MLPerf-storage/dlio_benchmark/dlio_benchmark/utils/statscounter.py:325]
[INFO] 2025-05-05T09:34:05.581059 Rank 0 step 316 processed 5 samples in 2.334284543991089 s [/mnt/ioopt/appbench/apps/MLPerf-storage/dlio_benchmark/dlio_benchmark/utils/statscounter.py:325]
[INFO] 2025-05-05T09:34:06.633791 Rank 0 step 317 processed 5 samples in 1.0522150993347168 s [/mnt/ioopt/appbench/apps/MLPerf-storage/dlio_benchmark/dlio_benchmark/utils/statscounter.py:325]
[INFO] 2025-05-05T09:34:12.153179 Rank 0 step 318 processed 5 samples in 5.518911361694336 s [/mnt/ioopt/appbench/apps/MLPerf-storage/dlio_benchmark/dlio_benchmark/utils/statscounter.py:325]
[INFO] 2025-05-05T09:34:12.687011 Rank 0 step 319 processed 5 samples in 0.5333747863769531 s [/mnt/ioopt/appbench/apps/MLPerf-storage/dlio_benchmark/dlio_benchmark/utils/statscounter.py:325]
[INFO] 2025-05-05T09:34:15.223135 Rank 0 step 320 processed 5 samples in 2.5356805324554443 s [/mnt/ioopt/appbench/apps/MLPerf-storage/dlio_benchmark/dlio_benchmark/utils/statscounter.py:325]
[INFO] 2025-05-05T09:34:17.115120 Rank 0 step 321 processed 5 samples in 1.891549825668335 s [/mnt/ioopt/appbench/apps/MLPerf-storage/dlio_benchmark/dlio_benchmark/utils/statscounter.py:325]
[INFO] 2025-05-05T09:34:20.006753 Rank 0 step 322 processed 5 samples in 2.891153335571289 s [/mnt/ioopt/appbench/apps/MLPerf-storage/dlio_benchmark/dlio_benchmark/utils/statscounter.py:325]
[INFO] 2025-05-05T09:34:23.954135 Rank 0 step 323 processed 5 samples in 3.946845531463623 s [/mnt/ioopt/appbench/apps/MLPerf-storage/dlio_benchmark/dlio_benchmark/utils/statscounter.py:325]
[INFO] 2025-05-05T09:34:24.283384 Rank 0 step 324 processed 5 samples in 0.328777551651001 s [/mnt/ioopt/appbench/apps/MLPerf-storage/dlio_benchmark/dlio_benchmark/utils/statscounter.py:325]
[INFO] 2025-05-05T09:34:26.825347 Rank 0 step 325 processed 5 samples in 2.541527509689331 s [/mnt/ioopt/appbench/apps/MLPerf-storage/dlio_benchmark/dlio_benchmark/utils/statscounter.py:325]
[INFO] 2025-05-05T09:34:27.679243 Rank 0 step 326 processed 5 samples in 0.8534331321716309 s [/mnt/ioopt/appbench/apps/MLPerf-storage/dlio_benchmark/dlio_benchmark/utils/statscounter.py:325]
[INFO] 2025-05-05T09:34:33.684227 Rank 0 step 327 processed 5 samples in 6.0047173500061035 s [/mnt/ioopt/appbench/apps/MLPerf-storage/dlio_benchmark/dlio_benchmark/utils/statscounter.py:325]
[INFO] 2025-05-05T09:34:34.013208 Rank 0 step 328 processed 5 samples in 0.3286750316619873 s [/mnt/ioopt/appbench/apps/MLPerf-storage/dlio_benchmark/dlio_benchmark/utils/statscounter.py:325]
[INFO] 2025-05-05T09:34:37.713502 Rank 0 step 329 processed 5 samples in 3.699798822402954 s [/mnt/ioopt/appbench/apps/MLPerf-storage/dlio_benchmark/dlio_benchmark/utils/statscounter.py:325]
[INFO] 2025-05-05T09:34:38.039241 Rank 0 step 330 processed 5 samples in 0.32544517517089844 s [/mnt/ioopt/appbench/apps/MLPerf-storage/dlio_benchmark/dlio_benchmark/utils/statscounter.py:325]
[INFO] 2025-05-05T09:34:41.448763 Rank 0 step 331 processed 5 samples in 3.4091362953186035 s [/mnt/ioopt/appbench/apps/MLPerf-storage/dlio_benchmark/dlio_benchmark/utils/statscounter.py:325]
[INFO] 2025-05-05T09:34:43.752480 Rank 0 step 332 processed 5 samples in 2.3032453060150146 s [/mnt/ioopt/appbench/apps/MLPerf-storage/dlio_benchmark/dlio_benchmark/utils/statscounter.py:325]
[INFO] 2025-05-05T09:34:45.659367 Rank 0 step 333 processed 5 samples in 1.9064819812774658 s [/mnt/ioopt/appbench/apps/MLPerf-storage/dlio_benchmark/dlio_benchmark/utils/statscounter.py:325]
[INFO] 2025-05-05T09:34:46.575593 Rank 0 step 334 processed 5 samples in 0.9157612323760986 s [/mnt/ioopt/appbench/apps/MLPerf-storage/dlio_benchmark/dlio_benchmark/utils/statscounter.py:325]
[INFO] 2025-05-05T09:34:51.737239 Rank 0 step 335 processed 5 samples in 5.161201000213623 s [/mnt/ioopt/appbench/apps/MLPerf-storage/dlio_benchmark/dlio_benchmark/utils/statscounter.py:325]
[INFO] 2025-05-05T09:34:55.920710 Rank 0 step 336 processed 5 samples in 4.1829986572265625 s [/mnt/ioopt/appbench/apps/MLPerf-storage/dlio_benchmark/dlio_benchmark/utils/statscounter.py:325]
[INFO] 2025-05-05T09:34:56.250876 Rank 0 step 337 processed 5 samples in 0.32973647117614746 s [/mnt/ioopt/appbench/apps/MLPerf-storage/dlio_benchmark/dlio_benchmark/utils/statscounter.py:325]
[INFO] 2025-05-05T09:34:56.579420 Rank 0 step 338 processed 5 samples in 0.32813429832458496 s [/mnt/ioopt/appbench/apps/MLPerf-storage/dlio_benchmark/dlio_benchmark/utils/statscounter.py:325]
[INFO] 2025-05-05T09:35:00.021949 Rank 0 step 339 processed 5 samples in 3.4422035217285156 s [/mnt/ioopt/appbench/apps/MLPerf-storage/dlio_benchmark/dlio_benchmark/utils/statscounter.py:325]
[INFO] 2025-05-05T09:35:05.853781 Rank 0 step 340 processed 5 samples in 5.83137845993042 s [/mnt/ioopt/appbench/apps/MLPerf-storage/dlio_benchmark/dlio_benchmark/utils/statscounter.py:325]
[INFO] 2025-05-05T09:35:06.182275 Rank 0 step 341 processed 5 samples in 0.32805514335632324 s [/mnt/ioopt/appbench/apps/MLPerf-storage/dlio_benchmark/dlio_benchmark/utils/statscounter.py:325]
[INFO] 2025-05-05T09:35:06.513198 Rank 0 step 342 processed 5 samples in 0.33058834075927734 s [/mnt/ioopt/appbench/apps/MLPerf-storage/dlio_benchmark/dlio_benchmark/utils/statscounter.py:325]
[INFO] 2025-05-05T09:35:07.239242 Rank 0 step 343 processed 5 samples in 0.7255675792694092 s [/mnt/ioopt/appbench/apps/MLPerf-storage/dlio_benchmark/dlio_benchmark/utils/statscounter.py:325]
[INFO] 2025-05-05T09:35:14.102259 Rank 0 step 344 processed 5 samples in 6.862575054168701 s [/mnt/ioopt/appbench/apps/MLPerf-storage/dlio_benchmark/dlio_benchmark/utils/statscounter.py:325]
[INFO] 2025-05-05T09:35:16.077001 Rank 0 step 345 processed 5 samples in 1.9742350578308105 s [/mnt/ioopt/appbench/apps/MLPerf-storage/dlio_benchmark/dlio_benchmark/utils/statscounter.py:325]
[INFO] 2025-05-05T09:35:17.680968 Rank 0 step 346 processed 5 samples in 1.6034774780273438 s [/mnt/ioopt/appbench/apps/MLPerf-storage/dlio_benchmark/dlio_benchmark/utils/statscounter.py:325]
[INFO] 2025-05-05T09:35:18.009998 Rank 0 step 347 processed 5 samples in 0.3285694122314453 s [/mnt/ioopt/appbench/apps/MLPerf-storage/dlio_benchmark/dlio_benchmark/utils/statscounter.py:325]
[INFO] 2025-05-05T09:35:21.321551 Rank 0 step 348 processed 5 samples in 3.311101198196411 s [/mnt/ioopt/appbench/apps/MLPerf-storage/dlio_benchmark/dlio_benchmark/utils/statscounter.py:325]
[INFO] 2025-05-05T09:35:26.122189 Rank 0 step 349 processed 5 samples in 4.800271511077881 s [/mnt/ioopt/appbench/apps/MLPerf-storage/dlio_benchmark/dlio_benchmark/utils/statscounter.py:325]
[INFO] 2025-05-05T09:35:26.452932 Rank 0 step 350 processed 5 samples in 0.33022356033325195 s [/mnt/ioopt/appbench/apps/MLPerf-storage/dlio_benchmark/dlio_benchmark/utils/statscounter.py:325]
[INFO] 2025-05-05T09:35:26.781929 Rank 0 step 351 processed 5 samples in 0.32853269577026367 s [/mnt/ioopt/appbench/apps/MLPerf-storage/dlio_benchmark/dlio_benchmark/utils/statscounter.py:325]
[INFO] 2025-05-05T09:35:28.873468 Rank 0 step 352 processed 5 samples in 2.0911080837249756 s [/mnt/ioopt/appbench/apps/MLPerf-storage/dlio_benchmark/dlio_benchmark/utils/statscounter.py:325]
[INFO] 2025-05-05T09:35:37.285590 Rank 0 step 353 processed 5 samples in 8.411738395690918 s [/mnt/ioopt/appbench/apps/MLPerf-storage/dlio_benchmark/dlio_benchmark/utils/statscounter.py:325]
[INFO] 2025-05-05T09:35:37.617214 Rank 0 step 354 processed 5 samples in 0.3310995101928711 s [/mnt/ioopt/appbench/apps/MLPerf-storage/dlio_benchmark/dlio_benchmark/utils/statscounter.py:325]
[INFO] 2025-05-05T09:35:37.947883 Rank 0 step 355 processed 5 samples in 0.3301825523376465 s [/mnt/ioopt/appbench/apps/MLPerf-storage/dlio_benchmark/dlio_benchmark/utils/statscounter.py:325]
[INFO] 2025-05-05T09:35:38.277990 Rank 0 step 356 processed 5 samples in 0.32973718643188477 s [/mnt/ioopt/appbench/apps/MLPerf-storage/dlio_benchmark/dlio_benchmark/utils/statscounter.py:325]
[INFO] 2025-05-05T09:35:44.909781 Rank 0 step 357 processed 5 samples in 6.631312847137451 s [/mnt/ioopt/appbench/apps/MLPerf-storage/dlio_benchmark/dlio_benchmark/utils/statscounter.py:325]
[INFO] 2025-05-05T09:35:46.864636 Rank 0 step 358 processed 5 samples in 1.9543967247009277 s [/mnt/ioopt/appbench/apps/MLPerf-storage/dlio_benchmark/dlio_benchmark/utils/statscounter.py:325]
[INFO] 2025-05-05T09:35:48.253395 Rank 0 step 359 processed 5 samples in 1.3882653713226318 s [/mnt/ioopt/appbench/apps/MLPerf-storage/dlio_benchmark/dlio_benchmark/utils/statscounter.py:325]
[INFO] 2025-05-05T09:35:48.645969 Rank 0 step 360 processed 5 samples in 0.39208984375 s [/mnt/ioopt/appbench/apps/MLPerf-storage/dlio_benchmark/dlio_benchmark/utils/statscounter.py:325]
[INFO] 2025-05-05T09:35:53.915864 Rank 0 step 361 processed 5 samples in 5.268651247024536 s [/mnt/ioopt/appbench/apps/MLPerf-storage/dlio_benchmark/dlio_benchmark/utils/statscounter.py:325]
[INFO] 2025-05-05T09:35:55.528678 Rank 0 step 362 processed 5 samples in 1.6123569011688232 s [/mnt/ioopt/appbench/apps/MLPerf-storage/dlio_benchmark/dlio_benchmark/utils/statscounter.py:325]
[INFO] 2025-05-05T09:35:56.630324 Rank 0 step 363 processed 5 samples in 1.101194143295288 s [/mnt/ioopt/appbench/apps/MLPerf-storage/dlio_benchmark/dlio_benchmark/utils/statscounter.py:325]
[INFO] 2025-05-05T09:35:57.410135 Rank 0 step 364 processed 5 samples in 0.7793729305267334 s [/mnt/ioopt/appbench/apps/MLPerf-storage/dlio_benchmark/dlio_benchmark/utils/statscounter.py:325]
[INFO] 2025-05-05T09:36:03.181590 Rank 0 step 365 processed 5 samples in 5.771020412445068 s [/mnt/ioopt/appbench/apps/MLPerf-storage/dlio_benchmark/dlio_benchmark/utils/statscounter.py:325]
[INFO] 2025-05-05T09:36:05.778166 Rank 0 step 366 processed 5 samples in 2.5961148738861084 s [/mnt/ioopt/appbench/apps/MLPerf-storage/dlio_benchmark/dlio_benchmark/utils/statscounter.py:325]
[INFO] 2025-05-05T09:36:06.107354 Rank 0 step 367 processed 5 samples in 0.32872962951660156 s [/mnt/ioopt/appbench/apps/MLPerf-storage/dlio_benchmark/dlio_benchmark/utils/statscounter.py:325]
[INFO] 2025-05-05T09:36:06.438921 Rank 0 step 368 processed 5 samples in 0.33111119270324707 s [/mnt/ioopt/appbench/apps/MLPerf-storage/dlio_benchmark/dlio_benchmark/utils/statscounter.py:325]
[INFO] 2025-05-05T09:36:13.364873 Rank 0 step 369 processed 5 samples in 6.925436735153198 s [/mnt/ioopt/appbench/apps/MLPerf-storage/dlio_benchmark/dlio_benchmark/utils/statscounter.py:325]
[INFO] 2025-05-05T09:36:16.501142 Rank 0 step 370 processed 5 samples in 3.135770082473755 s [/mnt/ioopt/appbench/apps/MLPerf-storage/dlio_benchmark/dlio_benchmark/utils/statscounter.py:325]
[INFO] 2025-05-05T09:36:16.830247 Rank 0 step 371 processed 5 samples in 0.3286302089691162 s [/mnt/ioopt/appbench/apps/MLPerf-storage/dlio_benchmark/dlio_benchmark/utils/statscounter.py:325]
[INFO] 2025-05-05T09:36:17.159164 Rank 0 step 372 processed 5 samples in 0.3284761905670166 s [/mnt/ioopt/appbench/apps/MLPerf-storage/dlio_benchmark/dlio_benchmark/utils/statscounter.py:325]
[INFO] 2025-05-05T09:36:22.008124 Rank 0 step 373 processed 5 samples in 4.848498106002808 s [/mnt/ioopt/appbench/apps/MLPerf-storage/dlio_benchmark/dlio_benchmark/utils/statscounter.py:325]
[INFO] 2025-05-05T09:36:24.914469 Rank 0 step 374 processed 5 samples in 2.905879497528076 s [/mnt/ioopt/appbench/apps/MLPerf-storage/dlio_benchmark/dlio_benchmark/utils/statscounter.py:325]
[INFO] 2025-05-05T09:36:25.245021 Rank 0 step 375 processed 5 samples in 0.3301095962524414 s [/mnt/ioopt/appbench/apps/MLPerf-storage/dlio_benchmark/dlio_benchmark/utils/statscounter.py:325]
[INFO] 2025-05-05T09:36:28.194393 Rank 0 step 376 processed 5 samples in 2.9489357471466064 s [/mnt/ioopt/appbench/apps/MLPerf-storage/dlio_benchmark/dlio_benchmark/utils/statscounter.py:325]
[INFO] 2025-05-05T09:36:33.719944 Rank 0 step 377 processed 5 samples in 5.525112867355347 s [/mnt/ioopt/appbench/apps/MLPerf-storage/dlio_benchmark/dlio_benchmark/utils/statscounter.py:325]
[INFO] 2025-05-05T09:36:34.213035 Rank 0 step 378 processed 5 samples in 0.49263453483581543 s [/mnt/ioopt/appbench/apps/MLPerf-storage/dlio_benchmark/dlio_benchmark/utils/statscounter.py:325]
[INFO] 2025-05-05T09:36:34.541728 Rank 0 step 379 processed 5 samples in 0.32825398445129395 s [/mnt/ioopt/appbench/apps/MLPerf-storage/dlio_benchmark/dlio_benchmark/utils/statscounter.py:325]
[INFO] 2025-05-05T09:36:38.401318 Rank 0 step 380 processed 5 samples in 3.859165668487549 s [/mnt/ioopt/appbench/apps/MLPerf-storage/dlio_benchmark/dlio_benchmark/utils/statscounter.py:325]
[INFO] 2025-05-05T09:36:41.563500 Rank 0 step 381 processed 5 samples in 3.16170334815979 s [/mnt/ioopt/appbench/apps/MLPerf-storage/dlio_benchmark/dlio_benchmark/utils/statscounter.py:325]
[INFO] 2025-05-05T09:36:41.892399 Rank 0 step 382 processed 5 samples in 0.32842350006103516 s [/mnt/ioopt/appbench/apps/MLPerf-storage/dlio_benchmark/dlio_benchmark/utils/statscounter.py:325]
[INFO] 2025-05-05T09:36:43.771530 Rank 0 step 383 processed 5 samples in 1.878675937652588 s [/mnt/ioopt/appbench/apps/MLPerf-storage/dlio_benchmark/dlio_benchmark/utils/statscounter.py:325]
[INFO] 2025-05-05T09:36:46.528054 Rank 0 step 384 processed 5 samples in 2.756221055984497 s [/mnt/ioopt/appbench/apps/MLPerf-storage/dlio_benchmark/dlio_benchmark/utils/statscounter.py:325]
[INFO] 2025-05-05T09:36:51.558143 Rank 0 step 385 processed 5 samples in 5.029580354690552 s [/mnt/ioopt/appbench/apps/MLPerf-storage/dlio_benchmark/dlio_benchmark/utils/statscounter.py:325]
[INFO] 2025-05-05T09:36:51.887022 Rank 0 step 386 processed 5 samples in 0.3284752368927002 s [/mnt/ioopt/appbench/apps/MLPerf-storage/dlio_benchmark/dlio_benchmark/utils/statscounter.py:325]
[INFO] 2025-05-05T09:36:53.259628 Rank 0 step 387 processed 5 samples in 1.3721153736114502 s [/mnt/ioopt/appbench/apps/MLPerf-storage/dlio_benchmark/dlio_benchmark/utils/statscounter.py:325]
[INFO] 2025-05-05T09:36:53.585277 Rank 0 step 388 processed 5 samples in 0.32533788681030273 s [/mnt/ioopt/appbench/apps/MLPerf-storage/dlio_benchmark/dlio_benchmark/utils/statscounter.py:325]
[INFO] 2025-05-05T09:36:58.622097 Rank 0 step 389 processed 5 samples in 5.036522626876831 s [/mnt/ioopt/appbench/apps/MLPerf-storage/dlio_benchmark/dlio_benchmark/utils/statscounter.py:325]
[INFO] 2025-05-05T09:37:00.830626 Rank 0 step 390 processed 5 samples in 2.2080626487731934 s [/mnt/ioopt/appbench/apps/MLPerf-storage/dlio_benchmark/dlio_benchmark/utils/statscounter.py:325]
[INFO] 2025-05-05T09:37:03.397217 Rank 0 step 391 processed 5 samples in 2.566133737564087 s [/mnt/ioopt/appbench/apps/MLPerf-storage/dlio_benchmark/dlio_benchmark/utils/statscounter.py:325]
[INFO] 2025-05-05T09:37:03.982993 Rank 0 step 392 processed 5 samples in 0.5855112075805664 s [/mnt/ioopt/appbench/apps/MLPerf-storage/dlio_benchmark/dlio_benchmark/utils/statscounter.py:325]
[INFO] 2025-05-05T09:37:07.377057 Rank 0 step 393 processed 5 samples in 3.3933136463165283 s [/mnt/ioopt/appbench/apps/MLPerf-storage/dlio_benchmark/dlio_benchmark/utils/statscounter.py:325]
[INFO] 2025-05-05T09:37:09.309879 Rank 0 step 394 processed 5 samples in 1.9323372840881348 s [/mnt/ioopt/appbench/apps/MLPerf-storage/dlio_benchmark/dlio_benchmark/utils/statscounter.py:325]
[INFO] 2025-05-05T09:37:12.966233 Rank 0 step 395 processed 5 samples in 3.65584397315979 s [/mnt/ioopt/appbench/apps/MLPerf-storage/dlio_benchmark/dlio_benchmark/utils/statscounter.py:325]
[INFO] 2025-05-05T09:37:13.294898 Rank 0 step 396 processed 5 samples in 0.3282327651977539 s [/mnt/ioopt/appbench/apps/MLPerf-storage/dlio_benchmark/dlio_benchmark/utils/statscounter.py:325]
[INFO] 2025-05-05T09:37:15.869758 Rank 0 step 397 processed 5 samples in 2.5745058059692383 s [/mnt/ioopt/appbench/apps/MLPerf-storage/dlio_benchmark/dlio_benchmark/utils/statscounter.py:325]
[INFO] 2025-05-05T09:37:17.900014 Rank 0 step 398 processed 5 samples in 2.02990984916687 s [/mnt/ioopt/appbench/apps/MLPerf-storage/dlio_benchmark/dlio_benchmark/utils/statscounter.py:325]
[INFO] 2025-05-05T09:37:18.455201 Rank 0 step 399 processed 5 samples in 0.5547099113464355 s [/mnt/ioopt/appbench/apps/MLPerf-storage/dlio_benchmark/dlio_benchmark/utils/statscounter.py:325]
[INFO] 2025-05-05T09:37:21.075401 Rank 0 step 400 processed 5 samples in 2.61973237991333 s [/mnt/ioopt/appbench/apps/MLPerf-storage/dlio_benchmark/dlio_benchmark/utils/statscounter.py:325]
[INFO] 2025-05-05T09:37:21.075875 Maximum number of steps reached [/mnt/ioopt/appbench/apps/MLPerf-storage/dlio_benchmark/dlio_benchmark/main.py:293]
[INFO] 2025-05-05T09:37:21.078867 Ending block 1 - 400 steps completed in 961.60 s [/mnt/ioopt/appbench/apps/MLPerf-storage/dlio_benchmark/dlio_benchmark/utils/statscounter.py:282]
[INFO] 2025-05-05T09:37:21.104150 Epoch 1 - Block 1 [Training] Accelerator Utilization [AU] (%): 13.5549 [/mnt/ioopt/appbench/apps/MLPerf-storage/dlio_benchmark/dlio_benchmark/utils/statscounter.py:285]
[INFO] 2025-05-05T09:37:21.104478 Epoch 1 - Block 1 [Training] Throughput (samples/second): 2.0799 [/mnt/ioopt/appbench/apps/MLPerf-storage/dlio_benchmark/dlio_benchmark/utils/statscounter.py:286]
[INFO] 2025-05-05T09:37:21.106362 Ending epoch 1 - 400 steps completed in 961.66 s [/mnt/ioopt/appbench/apps/MLPerf-storage/dlio_benchmark/dlio_benchmark/utils/statscounter.py:225]
[INFO] 2025-05-05T09:37:21.114490 Saved outputs in /mnt/ioopt/appbench/apps/MLPerf-storage/resultsdir/RUN_5/batch_size_5_num_threads_4 [/mnt/ioopt/appbench/apps/MLPerf-storage/dlio_benchmark/dlio_benchmark/utils/statscounter.py:171]
[INFO] Averaged metric over all epochs
[METRIC] ==========================================================
[METRIC] Number of Simulated Accelerators: 1 
[METRIC] Training Accelerator Utilization [AU] (%): 13.5549 (0.0000)
[METRIC] Training Throughput (samples/second): 2.0799 (0.0000)
[METRIC] Training I/O Throughput (MB/second): 290.7840 (0.0000)
[METRIC] train_au_meet_expectation: fail
[METRIC] ==========================================================
 [/mnt/ioopt/appbench/apps/MLPerf-storage/dlio_benchmark/dlio_benchmark/utils/statscounter.py:185]
[INFO] 2025-05-05T09:37:21.121876 outputs saved in RANKID_output.json [/mnt/ioopt/appbench/apps/MLPerf-storage/dlio_benchmark/dlio_benchmark/utils/statscounter.py:378]
