[INFO] 2025-05-05T09:38:10.697729 Profiling DLIO /mnt/ioopt/appbench/apps/MLPerf-storage/resultsdir/RUN_5/batch_size_5_num_threads_6/trace-0-of-1.pfw [/mnt/ioopt/appbench/apps/MLPerf-storage/dlio_benchmark/dlio_benchmark/utils/config.py:189]
[INFO] 2025-05-05T09:38:10.698392 Running DLIO with 1 process(es) [/mnt/ioopt/appbench/apps/MLPerf-storage/dlio_benchmark/dlio_benchmark/main.py:100]
[INFO] Total amount of data each host will consume is 273.064948618412 GB; each host has [np.float64(187.5592384338379)] GB memory [/mnt/ioopt/appbench/apps/MLPerf-storage/dlio_benchmark/dlio_benchmark/utils/statscounter.py:121]
[INFO] 2025-05-05T09:38:27.016596 Max steps per epoch: 400 = 1 * 2000 / 5 / 1 (samples per file * num files / batch size / comm size) [/mnt/ioopt/appbench/apps/MLPerf-storage/dlio_benchmark/dlio_benchmark/main.py:321]
[INFO] 2025-05-05T09:38:27.169380 Starting epoch 1: 400 steps expected [/mnt/ioopt/appbench/apps/MLPerf-storage/dlio_benchmark/dlio_benchmark/utils/statscounter.py:192]
[INFO] 2025-05-05T09:38:27.201574 Starting block 1 [/mnt/ioopt/appbench/apps/MLPerf-storage/dlio_benchmark/dlio_benchmark/utils/statscounter.py:264]
[INFO] 2025-05-05T09:38:42.486875 Rank 0 step 1 processed 5 samples in 15.285098552703857 s [/mnt/ioopt/appbench/apps/MLPerf-storage/dlio_benchmark/dlio_benchmark/utils/statscounter.py:325]
[INFO] 2025-05-05T09:38:42.823495 Rank 0 step 2 processed 5 samples in 0.3351118564605713 s [/mnt/ioopt/appbench/apps/MLPerf-storage/dlio_benchmark/dlio_benchmark/utils/statscounter.py:325]
[INFO] 2025-05-05T09:38:44.349270 Rank 0 step 3 processed 5 samples in 1.5252554416656494 s [/mnt/ioopt/appbench/apps/MLPerf-storage/dlio_benchmark/dlio_benchmark/utils/statscounter.py:325]
[INFO] 2025-05-05T09:38:44.675005 Rank 0 step 4 processed 5 samples in 0.3253903388977051 s [/mnt/ioopt/appbench/apps/MLPerf-storage/dlio_benchmark/dlio_benchmark/utils/statscounter.py:325]
[INFO] 2025-05-05T09:38:45.003744 Rank 0 step 5 processed 5 samples in 0.32825326919555664 s [/mnt/ioopt/appbench/apps/MLPerf-storage/dlio_benchmark/dlio_benchmark/utils/statscounter.py:325]
[INFO] 2025-05-05T09:38:45.332801 Rank 0 step 6 processed 5 samples in 0.3285856246948242 s [/mnt/ioopt/appbench/apps/MLPerf-storage/dlio_benchmark/dlio_benchmark/utils/statscounter.py:325]
[INFO] 2025-05-05T09:38:53.413559 Rank 0 step 7 processed 5 samples in 8.080312013626099 s [/mnt/ioopt/appbench/apps/MLPerf-storage/dlio_benchmark/dlio_benchmark/utils/statscounter.py:325]
[INFO] 2025-05-05T09:38:56.601583 Rank 0 step 8 processed 5 samples in 3.187504529953003 s [/mnt/ioopt/appbench/apps/MLPerf-storage/dlio_benchmark/dlio_benchmark/utils/statscounter.py:325]
[INFO] 2025-05-05T09:38:56.932542 Rank 0 step 9 processed 5 samples in 0.3304920196533203 s [/mnt/ioopt/appbench/apps/MLPerf-storage/dlio_benchmark/dlio_benchmark/utils/statscounter.py:325]
[INFO] 2025-05-05T09:38:58.258285 Rank 0 step 10 processed 5 samples in 1.3253004550933838 s [/mnt/ioopt/appbench/apps/MLPerf-storage/dlio_benchmark/dlio_benchmark/utils/statscounter.py:325]
[INFO] 2025-05-05T09:38:58.587219 Rank 0 step 11 processed 5 samples in 0.32843685150146484 s [/mnt/ioopt/appbench/apps/MLPerf-storage/dlio_benchmark/dlio_benchmark/utils/statscounter.py:325]
[INFO] 2025-05-05T09:38:58.916100 Rank 0 step 12 processed 5 samples in 0.3284130096435547 s [/mnt/ioopt/appbench/apps/MLPerf-storage/dlio_benchmark/dlio_benchmark/utils/statscounter.py:325]
[INFO] 2025-05-05T09:39:11.965397 Rank 0 step 13 processed 5 samples in 13.048840522766113 s [/mnt/ioopt/appbench/apps/MLPerf-storage/dlio_benchmark/dlio_benchmark/utils/statscounter.py:325]
[INFO] 2025-05-05T09:39:12.294292 Rank 0 step 14 processed 5 samples in 0.3284311294555664 s [/mnt/ioopt/appbench/apps/MLPerf-storage/dlio_benchmark/dlio_benchmark/utils/statscounter.py:325]
[INFO] 2025-05-05T09:39:12.627688 Rank 0 step 15 processed 5 samples in 0.3329281806945801 s [/mnt/ioopt/appbench/apps/MLPerf-storage/dlio_benchmark/dlio_benchmark/utils/statscounter.py:325]
[INFO] 2025-05-05T09:39:12.953555 Rank 0 step 16 processed 5 samples in 0.3254737854003906 s [/mnt/ioopt/appbench/apps/MLPerf-storage/dlio_benchmark/dlio_benchmark/utils/statscounter.py:325]
[INFO] 2025-05-05T09:39:13.278987 Rank 0 step 17 processed 5 samples in 0.3251652717590332 s [/mnt/ioopt/appbench/apps/MLPerf-storage/dlio_benchmark/dlio_benchmark/utils/statscounter.py:325]
[INFO] 2025-05-05T09:39:13.611208 Rank 0 step 18 processed 5 samples in 0.3318026065826416 s [/mnt/ioopt/appbench/apps/MLPerf-storage/dlio_benchmark/dlio_benchmark/utils/statscounter.py:325]
[INFO] 2025-05-05T09:39:26.044959 Rank 0 step 19 processed 5 samples in 12.433215141296387 s [/mnt/ioopt/appbench/apps/MLPerf-storage/dlio_benchmark/dlio_benchmark/utils/statscounter.py:325]
[INFO] 2025-05-05T09:39:26.373851 Rank 0 step 20 processed 5 samples in 0.3283708095550537 s [/mnt/ioopt/appbench/apps/MLPerf-storage/dlio_benchmark/dlio_benchmark/utils/statscounter.py:325]
[INFO] 2025-05-05T09:39:26.702968 Rank 0 step 21 processed 5 samples in 0.32863640785217285 s [/mnt/ioopt/appbench/apps/MLPerf-storage/dlio_benchmark/dlio_benchmark/utils/statscounter.py:325]
[INFO] 2025-05-05T09:39:27.038471 Rank 0 step 22 processed 5 samples in 0.3350081443786621 s [/mnt/ioopt/appbench/apps/MLPerf-storage/dlio_benchmark/dlio_benchmark/utils/statscounter.py:325]
[INFO] 2025-05-05T09:39:27.368251 Rank 0 step 23 processed 5 samples in 0.3292560577392578 s [/mnt/ioopt/appbench/apps/MLPerf-storage/dlio_benchmark/dlio_benchmark/utils/statscounter.py:325]
[INFO] 2025-05-05T09:39:27.697251 Rank 0 step 24 processed 5 samples in 0.3284733295440674 s [/mnt/ioopt/appbench/apps/MLPerf-storage/dlio_benchmark/dlio_benchmark/utils/statscounter.py:325]
[INFO] 2025-05-05T09:39:37.437627 Rank 0 step 25 processed 5 samples in 9.739943265914917 s [/mnt/ioopt/appbench/apps/MLPerf-storage/dlio_benchmark/dlio_benchmark/utils/statscounter.py:325]
[INFO] 2025-05-05T09:39:39.912695 Rank 0 step 26 processed 5 samples in 2.4746038913726807 s [/mnt/ioopt/appbench/apps/MLPerf-storage/dlio_benchmark/dlio_benchmark/utils/statscounter.py:325]
[INFO] 2025-05-05T09:39:41.168920 Rank 0 step 27 processed 5 samples in 1.2557713985443115 s [/mnt/ioopt/appbench/apps/MLPerf-storage/dlio_benchmark/dlio_benchmark/utils/statscounter.py:325]
[INFO] 2025-05-05T09:39:41.499234 Rank 0 step 28 processed 5 samples in 0.32985472679138184 s [/mnt/ioopt/appbench/apps/MLPerf-storage/dlio_benchmark/dlio_benchmark/utils/statscounter.py:325]
[INFO] 2025-05-05T09:39:43.102580 Rank 0 step 29 processed 5 samples in 1.6028645038604736 s [/mnt/ioopt/appbench/apps/MLPerf-storage/dlio_benchmark/dlio_benchmark/utils/statscounter.py:325]
[INFO] 2025-05-05T09:39:43.703169 Rank 0 step 30 processed 5 samples in 0.6000490188598633 s [/mnt/ioopt/appbench/apps/MLPerf-storage/dlio_benchmark/dlio_benchmark/utils/statscounter.py:325]
[INFO] 2025-05-05T09:39:51.863651 Rank 0 step 31 processed 5 samples in 8.160008192062378 s [/mnt/ioopt/appbench/apps/MLPerf-storage/dlio_benchmark/dlio_benchmark/utils/statscounter.py:325]
[INFO] 2025-05-05T09:39:55.346470 Rank 0 step 32 processed 5 samples in 3.4823546409606934 s [/mnt/ioopt/appbench/apps/MLPerf-storage/dlio_benchmark/dlio_benchmark/utils/statscounter.py:325]
[INFO] 2025-05-05T09:39:55.675167 Rank 0 step 33 processed 5 samples in 0.3282163143157959 s [/mnt/ioopt/appbench/apps/MLPerf-storage/dlio_benchmark/dlio_benchmark/utils/statscounter.py:325]
[INFO] 2025-05-05T09:39:56.006258 Rank 0 step 34 processed 5 samples in 0.3306441307067871 s [/mnt/ioopt/appbench/apps/MLPerf-storage/dlio_benchmark/dlio_benchmark/utils/statscounter.py:325]
[INFO] 2025-05-05T09:39:59.166297 Rank 0 step 35 processed 5 samples in 3.159508466720581 s [/mnt/ioopt/appbench/apps/MLPerf-storage/dlio_benchmark/dlio_benchmark/utils/statscounter.py:325]
[INFO] 2025-05-05T09:39:59.495493 Rank 0 step 36 processed 5 samples in 0.3286917209625244 s [/mnt/ioopt/appbench/apps/MLPerf-storage/dlio_benchmark/dlio_benchmark/utils/statscounter.py:325]
[INFO] 2025-05-05T09:40:06.059957 Rank 0 step 37 processed 5 samples in 6.564018726348877 s [/mnt/ioopt/appbench/apps/MLPerf-storage/dlio_benchmark/dlio_benchmark/utils/statscounter.py:325]
[INFO] 2025-05-05T09:40:06.759936 Rank 0 step 38 processed 5 samples in 0.6994764804840088 s [/mnt/ioopt/appbench/apps/MLPerf-storage/dlio_benchmark/dlio_benchmark/utils/statscounter.py:325]
[INFO] 2025-05-05T09:40:09.799121 Rank 0 step 39 processed 5 samples in 3.0387213230133057 s [/mnt/ioopt/appbench/apps/MLPerf-storage/dlio_benchmark/dlio_benchmark/utils/statscounter.py:325]
[INFO] 2025-05-05T09:40:10.130015 Rank 0 step 40 processed 5 samples in 0.33042001724243164 s [/mnt/ioopt/appbench/apps/MLPerf-storage/dlio_benchmark/dlio_benchmark/utils/statscounter.py:325]
[INFO] 2025-05-05T09:40:12.660626 Rank 0 step 41 processed 5 samples in 2.5300920009613037 s [/mnt/ioopt/appbench/apps/MLPerf-storage/dlio_benchmark/dlio_benchmark/utils/statscounter.py:325]
[INFO] 2025-05-05T09:40:12.989791 Rank 0 step 42 processed 5 samples in 0.3286406993865967 s [/mnt/ioopt/appbench/apps/MLPerf-storage/dlio_benchmark/dlio_benchmark/utils/statscounter.py:325]
[INFO] 2025-05-05T09:40:20.580181 Rank 0 step 43 processed 5 samples in 7.589944362640381 s [/mnt/ioopt/appbench/apps/MLPerf-storage/dlio_benchmark/dlio_benchmark/utils/statscounter.py:325]
[INFO] 2025-05-05T09:40:22.432065 Rank 0 step 44 processed 5 samples in 1.85139799118042 s [/mnt/ioopt/appbench/apps/MLPerf-storage/dlio_benchmark/dlio_benchmark/utils/statscounter.py:325]
[INFO] 2025-05-05T09:40:22.761851 Rank 0 step 45 processed 5 samples in 0.32875752449035645 s [/mnt/ioopt/appbench/apps/MLPerf-storage/dlio_benchmark/dlio_benchmark/utils/statscounter.py:325]
[INFO] 2025-05-05T09:40:23.093845 Rank 0 step 46 processed 5 samples in 0.3315415382385254 s [/mnt/ioopt/appbench/apps/MLPerf-storage/dlio_benchmark/dlio_benchmark/utils/statscounter.py:325]
[INFO] 2025-05-05T09:40:24.930363 Rank 0 step 47 processed 5 samples in 1.8359742164611816 s [/mnt/ioopt/appbench/apps/MLPerf-storage/dlio_benchmark/dlio_benchmark/utils/statscounter.py:325]
[INFO] 2025-05-05T09:40:25.483341 Rank 0 step 48 processed 5 samples in 0.5524842739105225 s [/mnt/ioopt/appbench/apps/MLPerf-storage/dlio_benchmark/dlio_benchmark/utils/statscounter.py:325]
[INFO] 2025-05-05T09:40:34.200209 Rank 0 step 49 processed 5 samples in 8.716333627700806 s [/mnt/ioopt/appbench/apps/MLPerf-storage/dlio_benchmark/dlio_benchmark/utils/statscounter.py:325]
[INFO] 2025-05-05T09:40:35.532098 Rank 0 step 50 processed 5 samples in 1.3313512802124023 s [/mnt/ioopt/appbench/apps/MLPerf-storage/dlio_benchmark/dlio_benchmark/utils/statscounter.py:325]
[INFO] 2025-05-05T09:40:38.202903 Rank 0 step 51 processed 5 samples in 2.6705362796783447 s [/mnt/ioopt/appbench/apps/MLPerf-storage/dlio_benchmark/dlio_benchmark/utils/statscounter.py:325]
[INFO] 2025-05-05T09:40:38.528738 Rank 0 step 52 processed 5 samples in 0.32536768913269043 s [/mnt/ioopt/appbench/apps/MLPerf-storage/dlio_benchmark/dlio_benchmark/utils/statscounter.py:325]
[INFO] 2025-05-05T09:40:38.855385 Rank 0 step 53 processed 5 samples in 0.32634902000427246 s [/mnt/ioopt/appbench/apps/MLPerf-storage/dlio_benchmark/dlio_benchmark/utils/statscounter.py:325]
[INFO] 2025-05-05T09:40:39.181733 Rank 0 step 54 processed 5 samples in 0.32605576515197754 s [/mnt/ioopt/appbench/apps/MLPerf-storage/dlio_benchmark/dlio_benchmark/utils/statscounter.py:325]
[INFO] 2025-05-05T09:40:47.967245 Rank 0 step 55 processed 5 samples in 8.785005331039429 s [/mnt/ioopt/appbench/apps/MLPerf-storage/dlio_benchmark/dlio_benchmark/utils/statscounter.py:325]
[INFO] 2025-05-05T09:40:48.296132 Rank 0 step 56 processed 5 samples in 0.3284275531768799 s [/mnt/ioopt/appbench/apps/MLPerf-storage/dlio_benchmark/dlio_benchmark/utils/statscounter.py:325]
[INFO] 2025-05-05T09:40:51.782704 Rank 0 step 57 processed 5 samples in 3.486156940460205 s [/mnt/ioopt/appbench/apps/MLPerf-storage/dlio_benchmark/dlio_benchmark/utils/statscounter.py:325]
[INFO] 2025-05-05T09:40:52.111451 Rank 0 step 58 processed 5 samples in 0.3282790184020996 s [/mnt/ioopt/appbench/apps/MLPerf-storage/dlio_benchmark/dlio_benchmark/utils/statscounter.py:325]
[INFO] 2025-05-05T09:40:53.867414 Rank 0 step 59 processed 5 samples in 1.755547046661377 s [/mnt/ioopt/appbench/apps/MLPerf-storage/dlio_benchmark/dlio_benchmark/utils/statscounter.py:325]
[INFO] 2025-05-05T09:40:54.196366 Rank 0 step 60 processed 5 samples in 0.3284752368927002 s [/mnt/ioopt/appbench/apps/MLPerf-storage/dlio_benchmark/dlio_benchmark/utils/statscounter.py:325]
[INFO] 2025-05-05T09:41:05.226696 Rank 0 step 61 processed 5 samples in 11.029913902282715 s [/mnt/ioopt/appbench/apps/MLPerf-storage/dlio_benchmark/dlio_benchmark/utils/statscounter.py:325]
[INFO] 2025-05-05T09:41:05.606299 Rank 0 step 62 processed 5 samples in 0.3791193962097168 s [/mnt/ioopt/appbench/apps/MLPerf-storage/dlio_benchmark/dlio_benchmark/utils/statscounter.py:325]
[INFO] 2025-05-05T09:41:05.934995 Rank 0 step 63 processed 5 samples in 0.32825446128845215 s [/mnt/ioopt/appbench/apps/MLPerf-storage/dlio_benchmark/dlio_benchmark/utils/statscounter.py:325]
[INFO] 2025-05-05T09:41:06.404671 Rank 0 step 64 processed 5 samples in 0.46920108795166016 s [/mnt/ioopt/appbench/apps/MLPerf-storage/dlio_benchmark/dlio_benchmark/utils/statscounter.py:325]
[INFO] 2025-05-05T09:41:08.932560 Rank 0 step 65 processed 5 samples in 2.527391195297241 s [/mnt/ioopt/appbench/apps/MLPerf-storage/dlio_benchmark/dlio_benchmark/utils/statscounter.py:325]
[INFO] 2025-05-05T09:41:09.261312 Rank 0 step 66 processed 5 samples in 0.32828712463378906 s [/mnt/ioopt/appbench/apps/MLPerf-storage/dlio_benchmark/dlio_benchmark/utils/statscounter.py:325]
[INFO] 2025-05-05T09:41:16.905529 Rank 0 step 67 processed 5 samples in 7.64377236366272 s [/mnt/ioopt/appbench/apps/MLPerf-storage/dlio_benchmark/dlio_benchmark/utils/statscounter.py:325]
[INFO] 2025-05-05T09:41:17.234600 Rank 0 step 68 processed 5 samples in 0.32861328125 s [/mnt/ioopt/appbench/apps/MLPerf-storage/dlio_benchmark/dlio_benchmark/utils/statscounter.py:325]
[INFO] 2025-05-05T09:41:19.042717 Rank 0 step 69 processed 5 samples in 1.8076832294464111 s [/mnt/ioopt/appbench/apps/MLPerf-storage/dlio_benchmark/dlio_benchmark/utils/statscounter.py:325]
[INFO] 2025-05-05T09:41:20.170213 Rank 0 step 70 processed 5 samples in 1.1270244121551514 s [/mnt/ioopt/appbench/apps/MLPerf-storage/dlio_benchmark/dlio_benchmark/utils/statscounter.py:325]
[INFO] 2025-05-05T09:41:23.725903 Rank 0 step 71 processed 5 samples in 3.5552163124084473 s [/mnt/ioopt/appbench/apps/MLPerf-storage/dlio_benchmark/dlio_benchmark/utils/statscounter.py:325]
[INFO] 2025-05-05T09:41:24.054901 Rank 0 step 72 processed 5 samples in 0.3285362720489502 s [/mnt/ioopt/appbench/apps/MLPerf-storage/dlio_benchmark/dlio_benchmark/utils/statscounter.py:325]
[INFO] 2025-05-05T09:41:29.454799 Rank 0 step 73 processed 5 samples in 5.399437665939331 s [/mnt/ioopt/appbench/apps/MLPerf-storage/dlio_benchmark/dlio_benchmark/utils/statscounter.py:325]
[INFO] 2025-05-05T09:41:29.785903 Rank 0 step 74 processed 5 samples in 0.3306288719177246 s [/mnt/ioopt/appbench/apps/MLPerf-storage/dlio_benchmark/dlio_benchmark/utils/statscounter.py:325]
[INFO] 2025-05-05T09:41:32.435119 Rank 0 step 75 processed 5 samples in 2.648688793182373 s [/mnt/ioopt/appbench/apps/MLPerf-storage/dlio_benchmark/dlio_benchmark/utils/statscounter.py:325]
[INFO] 2025-05-05T09:41:35.013667 Rank 0 step 76 processed 5 samples in 2.5779104232788086 s [/mnt/ioopt/appbench/apps/MLPerf-storage/dlio_benchmark/dlio_benchmark/utils/statscounter.py:325]
[INFO] 2025-05-05T09:41:35.342569 Rank 0 step 77 processed 5 samples in 0.32840490341186523 s [/mnt/ioopt/appbench/apps/MLPerf-storage/dlio_benchmark/dlio_benchmark/utils/statscounter.py:325]
[INFO] 2025-05-05T09:41:36.366262 Rank 0 step 78 processed 5 samples in 1.0232253074645996 s [/mnt/ioopt/appbench/apps/MLPerf-storage/dlio_benchmark/dlio_benchmark/utils/statscounter.py:325]
[INFO] 2025-05-05T09:41:40.630664 Rank 0 step 79 processed 5 samples in 4.263938665390015 s [/mnt/ioopt/appbench/apps/MLPerf-storage/dlio_benchmark/dlio_benchmark/utils/statscounter.py:325]
[INFO] 2025-05-05T09:41:43.393233 Rank 0 step 80 processed 5 samples in 2.7620716094970703 s [/mnt/ioopt/appbench/apps/MLPerf-storage/dlio_benchmark/dlio_benchmark/utils/statscounter.py:325]
[INFO] 2025-05-05T09:41:45.567083 Rank 0 step 81 processed 5 samples in 2.173377275466919 s [/mnt/ioopt/appbench/apps/MLPerf-storage/dlio_benchmark/dlio_benchmark/utils/statscounter.py:325]
[INFO] 2025-05-05T09:41:45.896131 Rank 0 step 82 processed 5 samples in 0.3286006450653076 s [/mnt/ioopt/appbench/apps/MLPerf-storage/dlio_benchmark/dlio_benchmark/utils/statscounter.py:325]
[INFO] 2025-05-05T09:41:49.491871 Rank 0 step 83 processed 5 samples in 3.59529185295105 s [/mnt/ioopt/appbench/apps/MLPerf-storage/dlio_benchmark/dlio_benchmark/utils/statscounter.py:325]
[INFO] 2025-05-05T09:41:49.821273 Rank 0 step 84 processed 5 samples in 0.3288857936859131 s [/mnt/ioopt/appbench/apps/MLPerf-storage/dlio_benchmark/dlio_benchmark/utils/statscounter.py:325]
[INFO] 2025-05-05T09:41:52.872937 Rank 0 step 85 processed 5 samples in 3.051154613494873 s [/mnt/ioopt/appbench/apps/MLPerf-storage/dlio_benchmark/dlio_benchmark/utils/statscounter.py:325]
[INFO] 2025-05-05T09:41:57.564619 Rank 0 step 86 processed 5 samples in 4.691213607788086 s [/mnt/ioopt/appbench/apps/MLPerf-storage/dlio_benchmark/dlio_benchmark/utils/statscounter.py:325]
[INFO] 2025-05-05T09:41:57.893425 Rank 0 step 87 processed 5 samples in 0.32834744453430176 s [/mnt/ioopt/appbench/apps/MLPerf-storage/dlio_benchmark/dlio_benchmark/utils/statscounter.py:325]
[INFO] 2025-05-05T09:41:59.029457 Rank 0 step 88 processed 5 samples in 1.1355912685394287 s [/mnt/ioopt/appbench/apps/MLPerf-storage/dlio_benchmark/dlio_benchmark/utils/statscounter.py:325]
[INFO] 2025-05-05T09:42:01.420214 Rank 0 step 89 processed 5 samples in 2.390228748321533 s [/mnt/ioopt/appbench/apps/MLPerf-storage/dlio_benchmark/dlio_benchmark/utils/statscounter.py:325]
[INFO] 2025-05-05T09:42:01.909795 Rank 0 step 90 processed 5 samples in 0.48904991149902344 s [/mnt/ioopt/appbench/apps/MLPerf-storage/dlio_benchmark/dlio_benchmark/utils/statscounter.py:325]
[INFO] 2025-05-05T09:42:04.862040 Rank 0 step 91 processed 5 samples in 2.951774835586548 s [/mnt/ioopt/appbench/apps/MLPerf-storage/dlio_benchmark/dlio_benchmark/utils/statscounter.py:325]
[INFO] 2025-05-05T09:42:12.670023 Rank 0 step 92 processed 5 samples in 7.8075244426727295 s [/mnt/ioopt/appbench/apps/MLPerf-storage/dlio_benchmark/dlio_benchmark/utils/statscounter.py:325]
[INFO] 2025-05-05T09:42:13.793073 Rank 0 step 93 processed 5 samples in 1.1225743293762207 s [/mnt/ioopt/appbench/apps/MLPerf-storage/dlio_benchmark/dlio_benchmark/utils/statscounter.py:325]
[INFO] 2025-05-05T09:42:14.340449 Rank 0 step 94 processed 5 samples in 0.5469212532043457 s [/mnt/ioopt/appbench/apps/MLPerf-storage/dlio_benchmark/dlio_benchmark/utils/statscounter.py:325]
[INFO] 2025-05-05T09:42:15.860720 Rank 0 step 95 processed 5 samples in 1.5197608470916748 s [/mnt/ioopt/appbench/apps/MLPerf-storage/dlio_benchmark/dlio_benchmark/utils/statscounter.py:325]
[INFO] 2025-05-05T09:42:16.748508 Rank 0 step 96 processed 5 samples in 0.8873045444488525 s [/mnt/ioopt/appbench/apps/MLPerf-storage/dlio_benchmark/dlio_benchmark/utils/statscounter.py:325]
[INFO] 2025-05-05T09:42:17.232091 Rank 0 step 97 processed 5 samples in 0.4831061363220215 s [/mnt/ioopt/appbench/apps/MLPerf-storage/dlio_benchmark/dlio_benchmark/utils/statscounter.py:325]
[INFO] 2025-05-05T09:42:24.817923 Rank 0 step 98 processed 5 samples in 7.5853846073150635 s [/mnt/ioopt/appbench/apps/MLPerf-storage/dlio_benchmark/dlio_benchmark/utils/statscounter.py:325]
[INFO] 2025-05-05T09:42:29.273463 Rank 0 step 99 processed 5 samples in 4.455065488815308 s [/mnt/ioopt/appbench/apps/MLPerf-storage/dlio_benchmark/dlio_benchmark/utils/statscounter.py:325]
[INFO] 2025-05-05T09:42:29.602467 Rank 0 step 100 processed 5 samples in 0.32854676246643066 s [/mnt/ioopt/appbench/apps/MLPerf-storage/dlio_benchmark/dlio_benchmark/utils/statscounter.py:325]
[INFO] 2025-05-05T09:42:31.735995 Rank 0 step 101 processed 5 samples in 2.133066177368164 s [/mnt/ioopt/appbench/apps/MLPerf-storage/dlio_benchmark/dlio_benchmark/utils/statscounter.py:325]
[INFO] 2025-05-05T09:42:32.065065 Rank 0 step 102 processed 5 samples in 0.32859373092651367 s [/mnt/ioopt/appbench/apps/MLPerf-storage/dlio_benchmark/dlio_benchmark/utils/statscounter.py:325]
[INFO] 2025-05-05T09:42:32.393791 Rank 0 step 103 processed 5 samples in 0.32825469970703125 s [/mnt/ioopt/appbench/apps/MLPerf-storage/dlio_benchmark/dlio_benchmark/utils/statscounter.py:325]
[INFO] 2025-05-05T09:42:33.496499 Rank 0 step 104 processed 5 samples in 1.1022469997406006 s [/mnt/ioopt/appbench/apps/MLPerf-storage/dlio_benchmark/dlio_benchmark/utils/statscounter.py:325]
[INFO] 2025-05-05T09:42:39.511005 Rank 0 step 105 processed 5 samples in 6.013751268386841 s [/mnt/ioopt/appbench/apps/MLPerf-storage/dlio_benchmark/dlio_benchmark/utils/statscounter.py:325]
[INFO] 2025-05-05T09:42:43.942943 Rank 0 step 106 processed 5 samples in 4.431431531906128 s [/mnt/ioopt/appbench/apps/MLPerf-storage/dlio_benchmark/dlio_benchmark/utils/statscounter.py:325]
[INFO] 2025-05-05T09:42:45.723919 Rank 0 step 107 processed 5 samples in 1.780491828918457 s [/mnt/ioopt/appbench/apps/MLPerf-storage/dlio_benchmark/dlio_benchmark/utils/statscounter.py:325]
[INFO] 2025-05-05T09:42:48.683050 Rank 0 step 108 processed 5 samples in 2.9586470127105713 s [/mnt/ioopt/appbench/apps/MLPerf-storage/dlio_benchmark/dlio_benchmark/utils/statscounter.py:325]
[INFO] 2025-05-05T09:42:49.012977 Rank 0 step 109 processed 5 samples in 0.32939791679382324 s [/mnt/ioopt/appbench/apps/MLPerf-storage/dlio_benchmark/dlio_benchmark/utils/statscounter.py:325]
[INFO] 2025-05-05T09:42:49.341940 Rank 0 step 110 processed 5 samples in 0.32845234870910645 s [/mnt/ioopt/appbench/apps/MLPerf-storage/dlio_benchmark/dlio_benchmark/utils/statscounter.py:325]
[INFO] 2025-05-05T09:42:52.695895 Rank 0 step 111 processed 5 samples in 3.3534958362579346 s [/mnt/ioopt/appbench/apps/MLPerf-storage/dlio_benchmark/dlio_benchmark/utils/statscounter.py:325]
[INFO] 2025-05-05T09:42:58.340520 Rank 0 step 112 processed 5 samples in 5.6441473960876465 s [/mnt/ioopt/appbench/apps/MLPerf-storage/dlio_benchmark/dlio_benchmark/utils/statscounter.py:325]
[INFO] 2025-05-05T09:42:58.669919 Rank 0 step 113 processed 5 samples in 0.32887959480285645 s [/mnt/ioopt/appbench/apps/MLPerf-storage/dlio_benchmark/dlio_benchmark/utils/statscounter.py:325]
[INFO] 2025-05-05T09:43:03.966561 Rank 0 step 114 processed 5 samples in 5.296131134033203 s [/mnt/ioopt/appbench/apps/MLPerf-storage/dlio_benchmark/dlio_benchmark/utils/statscounter.py:325]
[INFO] 2025-05-05T09:43:06.046365 Rank 0 step 115 processed 5 samples in 2.0277211666107178 s [/mnt/ioopt/appbench/apps/MLPerf-storage/dlio_benchmark/dlio_benchmark/utils/statscounter.py:325]
[INFO] 2025-05-05T09:43:06.375509 Rank 0 step 116 processed 5 samples in 0.32865118980407715 s [/mnt/ioopt/appbench/apps/MLPerf-storage/dlio_benchmark/dlio_benchmark/utils/statscounter.py:325]
[INFO] 2025-05-05T09:43:06.705939 Rank 0 step 117 processed 5 samples in 0.32998180389404297 s [/mnt/ioopt/appbench/apps/MLPerf-storage/dlio_benchmark/dlio_benchmark/utils/statscounter.py:325]
[INFO] 2025-05-05T09:43:09.973163 Rank 0 step 118 processed 5 samples in 3.2667627334594727 s [/mnt/ioopt/appbench/apps/MLPerf-storage/dlio_benchmark/dlio_benchmark/utils/statscounter.py:325]
[INFO] 2025-05-05T09:43:14.101172 Rank 0 step 119 processed 5 samples in 4.127500295639038 s [/mnt/ioopt/appbench/apps/MLPerf-storage/dlio_benchmark/dlio_benchmark/utils/statscounter.py:325]
[INFO] 2025-05-05T09:43:19.926503 Rank 0 step 120 processed 5 samples in 5.824838638305664 s [/mnt/ioopt/appbench/apps/MLPerf-storage/dlio_benchmark/dlio_benchmark/utils/statscounter.py:325]
[INFO] 2025-05-05T09:43:20.783934 Rank 0 step 121 processed 5 samples in 0.8569042682647705 s [/mnt/ioopt/appbench/apps/MLPerf-storage/dlio_benchmark/dlio_benchmark/utils/statscounter.py:325]
[INFO] 2025-05-05T09:43:21.399847 Rank 0 step 122 processed 5 samples in 0.6154160499572754 s [/mnt/ioopt/appbench/apps/MLPerf-storage/dlio_benchmark/dlio_benchmark/utils/statscounter.py:325]
[INFO] 2025-05-05T09:43:22.168824 Rank 0 step 123 processed 5 samples in 0.7685344219207764 s [/mnt/ioopt/appbench/apps/MLPerf-storage/dlio_benchmark/dlio_benchmark/utils/statscounter.py:325]
[INFO] 2025-05-05T09:43:23.038990 Rank 0 step 124 processed 5 samples in 0.8696982860565186 s [/mnt/ioopt/appbench/apps/MLPerf-storage/dlio_benchmark/dlio_benchmark/utils/statscounter.py:325]
[INFO] 2025-05-05T09:43:27.648701 Rank 0 step 125 processed 5 samples in 4.609192132949829 s [/mnt/ioopt/appbench/apps/MLPerf-storage/dlio_benchmark/dlio_benchmark/utils/statscounter.py:325]
[INFO] 2025-05-05T09:43:35.090981 Rank 0 step 126 processed 5 samples in 7.441776514053345 s [/mnt/ioopt/appbench/apps/MLPerf-storage/dlio_benchmark/dlio_benchmark/utils/statscounter.py:325]
[INFO] 2025-05-05T09:43:36.730246 Rank 0 step 127 processed 5 samples in 1.638751745223999 s [/mnt/ioopt/appbench/apps/MLPerf-storage/dlio_benchmark/dlio_benchmark/utils/statscounter.py:325]
[INFO] 2025-05-05T09:43:37.059271 Rank 0 step 128 processed 5 samples in 0.32855224609375 s [/mnt/ioopt/appbench/apps/MLPerf-storage/dlio_benchmark/dlio_benchmark/utils/statscounter.py:325]
[INFO] 2025-05-05T09:43:37.387859 Rank 0 step 129 processed 5 samples in 0.3281569480895996 s [/mnt/ioopt/appbench/apps/MLPerf-storage/dlio_benchmark/dlio_benchmark/utils/statscounter.py:325]
[INFO] 2025-05-05T09:43:37.716749 Rank 0 step 130 processed 5 samples in 0.32847118377685547 s [/mnt/ioopt/appbench/apps/MLPerf-storage/dlio_benchmark/dlio_benchmark/utils/statscounter.py:325]
[INFO] 2025-05-05T09:43:38.047853 Rank 0 step 131 processed 5 samples in 0.33068037033081055 s [/mnt/ioopt/appbench/apps/MLPerf-storage/dlio_benchmark/dlio_benchmark/utils/statscounter.py:325]
[INFO] 2025-05-05T09:43:47.883869 Rank 0 step 132 processed 5 samples in 9.835578203201294 s [/mnt/ioopt/appbench/apps/MLPerf-storage/dlio_benchmark/dlio_benchmark/utils/statscounter.py:325]
[INFO] 2025-05-05T09:43:49.915947 Rank 0 step 133 processed 5 samples in 2.03155779838562 s [/mnt/ioopt/appbench/apps/MLPerf-storage/dlio_benchmark/dlio_benchmark/utils/statscounter.py:325]
[INFO] 2025-05-05T09:43:51.269355 Rank 0 step 134 processed 5 samples in 1.3529090881347656 s [/mnt/ioopt/appbench/apps/MLPerf-storage/dlio_benchmark/dlio_benchmark/utils/statscounter.py:325]
[INFO] 2025-05-05T09:43:51.598374 Rank 0 step 135 processed 5 samples in 0.32857584953308105 s [/mnt/ioopt/appbench/apps/MLPerf-storage/dlio_benchmark/dlio_benchmark/utils/statscounter.py:325]
[INFO] 2025-05-05T09:43:51.926987 Rank 0 step 136 processed 5 samples in 0.3281843662261963 s [/mnt/ioopt/appbench/apps/MLPerf-storage/dlio_benchmark/dlio_benchmark/utils/statscounter.py:325]
[INFO] 2025-05-05T09:43:52.257822 Rank 0 step 137 processed 5 samples in 0.330416202545166 s [/mnt/ioopt/appbench/apps/MLPerf-storage/dlio_benchmark/dlio_benchmark/utils/statscounter.py:325]
[INFO] 2025-05-05T09:43:59.475552 Rank 0 step 138 processed 5 samples in 7.2172932624816895 s [/mnt/ioopt/appbench/apps/MLPerf-storage/dlio_benchmark/dlio_benchmark/utils/statscounter.py:325]
[INFO] 2025-05-05T09:44:02.528432 Rank 0 step 139 processed 5 samples in 3.0523521900177 s [/mnt/ioopt/appbench/apps/MLPerf-storage/dlio_benchmark/dlio_benchmark/utils/statscounter.py:325]
[INFO] 2025-05-05T09:44:05.521535 Rank 0 step 140 processed 5 samples in 2.9925906658172607 s [/mnt/ioopt/appbench/apps/MLPerf-storage/dlio_benchmark/dlio_benchmark/utils/statscounter.py:325]
[INFO] 2025-05-05T09:44:06.667231 Rank 0 step 141 processed 5 samples in 1.1452140808105469 s [/mnt/ioopt/appbench/apps/MLPerf-storage/dlio_benchmark/dlio_benchmark/utils/statscounter.py:325]
[INFO] 2025-05-05T09:44:06.996270 Rank 0 step 142 processed 5 samples in 0.3285863399505615 s [/mnt/ioopt/appbench/apps/MLPerf-storage/dlio_benchmark/dlio_benchmark/utils/statscounter.py:325]
[INFO] 2025-05-05T09:44:09.407893 Rank 0 step 143 processed 5 samples in 2.4111883640289307 s [/mnt/ioopt/appbench/apps/MLPerf-storage/dlio_benchmark/dlio_benchmark/utils/statscounter.py:325]
[INFO] 2025-05-05T09:44:12.874394 Rank 0 step 144 processed 5 samples in 3.466061592102051 s [/mnt/ioopt/appbench/apps/MLPerf-storage/dlio_benchmark/dlio_benchmark/utils/statscounter.py:325]
[INFO] 2025-05-05T09:44:14.716451 Rank 0 step 145 processed 5 samples in 1.8415858745574951 s [/mnt/ioopt/appbench/apps/MLPerf-storage/dlio_benchmark/dlio_benchmark/utils/statscounter.py:325]
[INFO] 2025-05-05T09:44:19.675919 Rank 0 step 146 processed 5 samples in 4.959000587463379 s [/mnt/ioopt/appbench/apps/MLPerf-storage/dlio_benchmark/dlio_benchmark/utils/statscounter.py:325]
[INFO] 2025-05-05T09:44:22.474019 Rank 0 step 147 processed 5 samples in 2.797645330429077 s [/mnt/ioopt/appbench/apps/MLPerf-storage/dlio_benchmark/dlio_benchmark/utils/statscounter.py:325]
[INFO] 2025-05-05T09:44:22.803108 Rank 0 step 148 processed 5 samples in 0.328646183013916 s [/mnt/ioopt/appbench/apps/MLPerf-storage/dlio_benchmark/dlio_benchmark/utils/statscounter.py:325]
[INFO] 2025-05-05T09:44:25.441916 Rank 0 step 149 processed 5 samples in 2.6383674144744873 s [/mnt/ioopt/appbench/apps/MLPerf-storage/dlio_benchmark/dlio_benchmark/utils/statscounter.py:325]
[INFO] 2025-05-05T09:44:25.774125 Rank 0 step 150 processed 5 samples in 0.3312036991119385 s [/mnt/ioopt/appbench/apps/MLPerf-storage/dlio_benchmark/dlio_benchmark/utils/statscounter.py:325]
[INFO] 2025-05-05T09:44:31.730762 Rank 0 step 151 processed 5 samples in 5.95611310005188 s [/mnt/ioopt/appbench/apps/MLPerf-storage/dlio_benchmark/dlio_benchmark/utils/statscounter.py:325]
[INFO] 2025-05-05T09:44:36.247509 Rank 0 step 152 processed 5 samples in 4.516178607940674 s [/mnt/ioopt/appbench/apps/MLPerf-storage/dlio_benchmark/dlio_benchmark/utils/statscounter.py:325]
[INFO] 2025-05-05T09:44:36.576522 Rank 0 step 153 processed 5 samples in 0.3285553455352783 s [/mnt/ioopt/appbench/apps/MLPerf-storage/dlio_benchmark/dlio_benchmark/utils/statscounter.py:325]
[INFO] 2025-05-05T09:44:37.746040 Rank 0 step 154 processed 5 samples in 1.1690587997436523 s [/mnt/ioopt/appbench/apps/MLPerf-storage/dlio_benchmark/dlio_benchmark/utils/statscounter.py:325]
[INFO] 2025-05-05T09:44:38.663226 Rank 0 step 155 processed 5 samples in 0.9166741371154785 s [/mnt/ioopt/appbench/apps/MLPerf-storage/dlio_benchmark/dlio_benchmark/utils/statscounter.py:325]
[INFO] 2025-05-05T09:44:38.997563 Rank 0 step 156 processed 5 samples in 0.3338456153869629 s [/mnt/ioopt/appbench/apps/MLPerf-storage/dlio_benchmark/dlio_benchmark/utils/statscounter.py:325]
[INFO] 2025-05-05T09:44:46.209463 Rank 0 step 157 processed 5 samples in 7.211398601531982 s [/mnt/ioopt/appbench/apps/MLPerf-storage/dlio_benchmark/dlio_benchmark/utils/statscounter.py:325]
[INFO] 2025-05-05T09:44:50.716563 Rank 0 step 158 processed 5 samples in 4.5066237449646 s [/mnt/ioopt/appbench/apps/MLPerf-storage/dlio_benchmark/dlio_benchmark/utils/statscounter.py:325]
[INFO] 2025-05-05T09:44:51.045705 Rank 0 step 159 processed 5 samples in 0.3286576271057129 s [/mnt/ioopt/appbench/apps/MLPerf-storage/dlio_benchmark/dlio_benchmark/utils/statscounter.py:325]
[INFO] 2025-05-05T09:44:51.374941 Rank 0 step 160 processed 5 samples in 0.3287208080291748 s [/mnt/ioopt/appbench/apps/MLPerf-storage/dlio_benchmark/dlio_benchmark/utils/statscounter.py:325]
[INFO] 2025-05-05T09:44:51.706345 Rank 0 step 161 processed 5 samples in 0.33088064193725586 s [/mnt/ioopt/appbench/apps/MLPerf-storage/dlio_benchmark/dlio_benchmark/utils/statscounter.py:325]
[INFO] 2025-05-05T09:44:53.061097 Rank 0 step 162 processed 5 samples in 1.354292631149292 s [/mnt/ioopt/appbench/apps/MLPerf-storage/dlio_benchmark/dlio_benchmark/utils/statscounter.py:325]
[INFO] 2025-05-05T09:44:59.218922 Rank 0 step 163 processed 5 samples in 6.157404661178589 s [/mnt/ioopt/appbench/apps/MLPerf-storage/dlio_benchmark/dlio_benchmark/utils/statscounter.py:325]
[INFO] 2025-05-05T09:45:04.663193 Rank 0 step 164 processed 5 samples in 5.443754434585571 s [/mnt/ioopt/appbench/apps/MLPerf-storage/dlio_benchmark/dlio_benchmark/utils/statscounter.py:325]
[INFO] 2025-05-05T09:45:04.991975 Rank 0 step 165 processed 5 samples in 0.32831478118896484 s [/mnt/ioopt/appbench/apps/MLPerf-storage/dlio_benchmark/dlio_benchmark/utils/statscounter.py:325]
[INFO] 2025-05-05T09:45:05.320901 Rank 0 step 166 processed 5 samples in 0.32848644256591797 s [/mnt/ioopt/appbench/apps/MLPerf-storage/dlio_benchmark/dlio_benchmark/utils/statscounter.py:325]
[INFO] 2025-05-05T09:45:05.652103 Rank 0 step 167 processed 5 samples in 0.33074522018432617 s [/mnt/ioopt/appbench/apps/MLPerf-storage/dlio_benchmark/dlio_benchmark/utils/statscounter.py:325]
[INFO] 2025-05-05T09:45:05.983199 Rank 0 step 168 processed 5 samples in 0.330657958984375 s [/mnt/ioopt/appbench/apps/MLPerf-storage/dlio_benchmark/dlio_benchmark/utils/statscounter.py:325]
[INFO] 2025-05-05T09:45:07.916295 Rank 0 step 169 processed 5 samples in 1.9326627254486084 s [/mnt/ioopt/appbench/apps/MLPerf-storage/dlio_benchmark/dlio_benchmark/utils/statscounter.py:325]
[INFO] 2025-05-05T09:45:15.527289 Rank 0 step 170 processed 5 samples in 7.610540151596069 s [/mnt/ioopt/appbench/apps/MLPerf-storage/dlio_benchmark/dlio_benchmark/utils/statscounter.py:325]
[INFO] 2025-05-05T09:45:19.108789 Rank 0 step 171 processed 5 samples in 3.581042528152466 s [/mnt/ioopt/appbench/apps/MLPerf-storage/dlio_benchmark/dlio_benchmark/utils/statscounter.py:325]
[INFO] 2025-05-05T09:45:20.346285 Rank 0 step 172 processed 5 samples in 1.237018346786499 s [/mnt/ioopt/appbench/apps/MLPerf-storage/dlio_benchmark/dlio_benchmark/utils/statscounter.py:325]
[INFO] 2025-05-05T09:45:20.675164 Rank 0 step 173 processed 5 samples in 0.32836389541625977 s [/mnt/ioopt/appbench/apps/MLPerf-storage/dlio_benchmark/dlio_benchmark/utils/statscounter.py:325]
[INFO] 2025-05-05T09:45:21.004159 Rank 0 step 174 processed 5 samples in 0.32845044136047363 s [/mnt/ioopt/appbench/apps/MLPerf-storage/dlio_benchmark/dlio_benchmark/utils/statscounter.py:325]
[INFO] 2025-05-05T09:45:22.401550 Rank 0 step 175 processed 5 samples in 1.3969252109527588 s [/mnt/ioopt/appbench/apps/MLPerf-storage/dlio_benchmark/dlio_benchmark/utils/statscounter.py:325]
[INFO] 2025-05-05T09:45:26.082665 Rank 0 step 176 processed 5 samples in 3.6806693077087402 s [/mnt/ioopt/appbench/apps/MLPerf-storage/dlio_benchmark/dlio_benchmark/utils/statscounter.py:325]
[INFO] 2025-05-05T09:45:28.410114 Rank 0 step 177 processed 5 samples in 2.3269710540771484 s [/mnt/ioopt/appbench/apps/MLPerf-storage/dlio_benchmark/dlio_benchmark/utils/statscounter.py:325]
[INFO] 2025-05-05T09:45:34.044729 Rank 0 step 178 processed 5 samples in 5.634160995483398 s [/mnt/ioopt/appbench/apps/MLPerf-storage/dlio_benchmark/dlio_benchmark/utils/statscounter.py:325]
[INFO] 2025-05-05T09:45:34.377650 Rank 0 step 179 processed 5 samples in 0.3324615955352783 s [/mnt/ioopt/appbench/apps/MLPerf-storage/dlio_benchmark/dlio_benchmark/utils/statscounter.py:325]
[INFO] 2025-05-05T09:45:34.706810 Rank 0 step 180 processed 5 samples in 0.32857513427734375 s [/mnt/ioopt/appbench/apps/MLPerf-storage/dlio_benchmark/dlio_benchmark/utils/statscounter.py:325]
[INFO] 2025-05-05T09:45:35.035765 Rank 0 step 181 processed 5 samples in 0.32850074768066406 s [/mnt/ioopt/appbench/apps/MLPerf-storage/dlio_benchmark/dlio_benchmark/utils/statscounter.py:325]
[INFO] 2025-05-05T09:45:39.071128 Rank 0 step 182 processed 5 samples in 4.03495192527771 s [/mnt/ioopt/appbench/apps/MLPerf-storage/dlio_benchmark/dlio_benchmark/utils/statscounter.py:325]
[INFO] 2025-05-05T09:45:41.305798 Rank 0 step 183 processed 5 samples in 2.234208583831787 s [/mnt/ioopt/appbench/apps/MLPerf-storage/dlio_benchmark/dlio_benchmark/utils/statscounter.py:325]
[INFO] 2025-05-05T09:45:44.145990 Rank 0 step 184 processed 5 samples in 2.8397467136383057 s [/mnt/ioopt/appbench/apps/MLPerf-storage/dlio_benchmark/dlio_benchmark/utils/statscounter.py:325]
[INFO] 2025-05-05T09:45:44.475124 Rank 0 step 185 processed 5 samples in 0.3286426067352295 s [/mnt/ioopt/appbench/apps/MLPerf-storage/dlio_benchmark/dlio_benchmark/utils/statscounter.py:325]
[INFO] 2025-05-05T09:45:47.744781 Rank 0 step 186 processed 5 samples in 3.2691900730133057 s [/mnt/ioopt/appbench/apps/MLPerf-storage/dlio_benchmark/dlio_benchmark/utils/statscounter.py:325]
[INFO] 2025-05-05T09:45:49.154556 Rank 0 step 187 processed 5 samples in 1.4094023704528809 s [/mnt/ioopt/appbench/apps/MLPerf-storage/dlio_benchmark/dlio_benchmark/utils/statscounter.py:325]
[INFO] 2025-05-05T09:45:51.488020 Rank 0 step 188 processed 5 samples in 2.33284068107605 s [/mnt/ioopt/appbench/apps/MLPerf-storage/dlio_benchmark/dlio_benchmark/utils/statscounter.py:325]
[INFO] 2025-05-05T09:45:55.592312 Rank 0 step 189 processed 5 samples in 4.103833436965942 s [/mnt/ioopt/appbench/apps/MLPerf-storage/dlio_benchmark/dlio_benchmark/utils/statscounter.py:325]
[INFO] 2025-05-05T09:45:58.173758 Rank 0 step 190 processed 5 samples in 2.5809974670410156 s [/mnt/ioopt/appbench/apps/MLPerf-storage/dlio_benchmark/dlio_benchmark/utils/statscounter.py:325]
[INFO] 2025-05-05T09:45:58.502873 Rank 0 step 191 processed 5 samples in 0.3286004066467285 s [/mnt/ioopt/appbench/apps/MLPerf-storage/dlio_benchmark/dlio_benchmark/utils/statscounter.py:325]
[INFO] 2025-05-05T09:45:58.905507 Rank 0 step 192 processed 5 samples in 0.4021110534667969 s [/mnt/ioopt/appbench/apps/MLPerf-storage/dlio_benchmark/dlio_benchmark/utils/statscounter.py:325]
[INFO] 2025-05-05T09:46:05.004663 Rank 0 step 193 processed 5 samples in 6.098644733428955 s [/mnt/ioopt/appbench/apps/MLPerf-storage/dlio_benchmark/dlio_benchmark/utils/statscounter.py:325]
[INFO] 2025-05-05T09:46:05.333481 Rank 0 step 194 processed 5 samples in 0.3283100128173828 s [/mnt/ioopt/appbench/apps/MLPerf-storage/dlio_benchmark/dlio_benchmark/utils/statscounter.py:325]
[INFO] 2025-05-05T09:46:12.437409 Rank 0 step 195 processed 5 samples in 7.1034815311431885 s [/mnt/ioopt/appbench/apps/MLPerf-storage/dlio_benchmark/dlio_benchmark/utils/statscounter.py:325]
[INFO] 2025-05-05T09:46:13.503903 Rank 0 step 196 processed 5 samples in 1.0660130977630615 s [/mnt/ioopt/appbench/apps/MLPerf-storage/dlio_benchmark/dlio_benchmark/utils/statscounter.py:325]
[INFO] 2025-05-05T09:46:13.901220 Rank 0 step 197 processed 5 samples in 0.39679980278015137 s [/mnt/ioopt/appbench/apps/MLPerf-storage/dlio_benchmark/dlio_benchmark/utils/statscounter.py:325]
[INFO] 2025-05-05T09:46:14.232209 Rank 0 step 198 processed 5 samples in 0.33048462867736816 s [/mnt/ioopt/appbench/apps/MLPerf-storage/dlio_benchmark/dlio_benchmark/utils/statscounter.py:325]
[INFO] 2025-05-05T09:46:15.571207 Rank 0 step 199 processed 5 samples in 1.338486671447754 s [/mnt/ioopt/appbench/apps/MLPerf-storage/dlio_benchmark/dlio_benchmark/utils/statscounter.py:325]
[INFO] 2025-05-05T09:46:22.028644 Rank 0 step 200 processed 5 samples in 6.456941366195679 s [/mnt/ioopt/appbench/apps/MLPerf-storage/dlio_benchmark/dlio_benchmark/utils/statscounter.py:325]
[INFO] 2025-05-05T09:46:27.383148 Rank 0 step 201 processed 5 samples in 5.349052667617798 s [/mnt/ioopt/appbench/apps/MLPerf-storage/dlio_benchmark/dlio_benchmark/utils/statscounter.py:325]
[INFO] 2025-05-05T09:46:27.711892 Rank 0 step 202 processed 5 samples in 0.32827091217041016 s [/mnt/ioopt/appbench/apps/MLPerf-storage/dlio_benchmark/dlio_benchmark/utils/statscounter.py:325]
[INFO] 2025-05-05T09:46:28.045016 Rank 0 step 203 processed 5 samples in 0.33264899253845215 s [/mnt/ioopt/appbench/apps/MLPerf-storage/dlio_benchmark/dlio_benchmark/utils/statscounter.py:325]
[INFO] 2025-05-05T09:46:29.942996 Rank 0 step 204 processed 5 samples in 1.8975131511688232 s [/mnt/ioopt/appbench/apps/MLPerf-storage/dlio_benchmark/dlio_benchmark/utils/statscounter.py:325]
[INFO] 2025-05-05T09:46:30.272057 Rank 0 step 205 processed 5 samples in 0.3285348415374756 s [/mnt/ioopt/appbench/apps/MLPerf-storage/dlio_benchmark/dlio_benchmark/utils/statscounter.py:325]
[INFO] 2025-05-05T09:46:35.348506 Rank 0 step 206 processed 5 samples in 5.075995683670044 s [/mnt/ioopt/appbench/apps/MLPerf-storage/dlio_benchmark/dlio_benchmark/utils/statscounter.py:325]
[INFO] 2025-05-05T09:46:39.881363 Rank 0 step 207 processed 5 samples in 4.5323545932769775 s [/mnt/ioopt/appbench/apps/MLPerf-storage/dlio_benchmark/dlio_benchmark/utils/statscounter.py:325]
[INFO] 2025-05-05T09:46:40.210120 Rank 0 step 208 processed 5 samples in 0.3282742500305176 s [/mnt/ioopt/appbench/apps/MLPerf-storage/dlio_benchmark/dlio_benchmark/utils/statscounter.py:325]
[INFO] 2025-05-05T09:46:40.543283 Rank 0 step 209 processed 5 samples in 0.33269548416137695 s [/mnt/ioopt/appbench/apps/MLPerf-storage/dlio_benchmark/dlio_benchmark/utils/statscounter.py:325]
[INFO] 2025-05-05T09:46:41.667288 Rank 0 step 210 processed 5 samples in 1.0965662002563477 s [/mnt/ioopt/appbench/apps/MLPerf-storage/dlio_benchmark/dlio_benchmark/utils/statscounter.py:325]
[INFO] 2025-05-05T09:46:41.996202 Rank 0 step 211 processed 5 samples in 0.3284292221069336 s [/mnt/ioopt/appbench/apps/MLPerf-storage/dlio_benchmark/dlio_benchmark/utils/statscounter.py:325]
[INFO] 2025-05-05T09:46:48.950780 Rank 0 step 212 processed 5 samples in 6.954118490219116 s [/mnt/ioopt/appbench/apps/MLPerf-storage/dlio_benchmark/dlio_benchmark/utils/statscounter.py:325]
[INFO] 2025-05-05T09:46:53.597634 Rank 0 step 213 processed 5 samples in 4.646342515945435 s [/mnt/ioopt/appbench/apps/MLPerf-storage/dlio_benchmark/dlio_benchmark/utils/statscounter.py:325]
[INFO] 2025-05-05T09:46:53.926537 Rank 0 step 214 processed 5 samples in 0.32842493057250977 s [/mnt/ioopt/appbench/apps/MLPerf-storage/dlio_benchmark/dlio_benchmark/utils/statscounter.py:325]
[INFO] 2025-05-05T09:46:54.255445 Rank 0 step 215 processed 5 samples in 0.32843923568725586 s [/mnt/ioopt/appbench/apps/MLPerf-storage/dlio_benchmark/dlio_benchmark/utils/statscounter.py:325]
[INFO] 2025-05-05T09:46:54.584622 Rank 0 step 216 processed 5 samples in 0.3287031650543213 s [/mnt/ioopt/appbench/apps/MLPerf-storage/dlio_benchmark/dlio_benchmark/utils/statscounter.py:325]
[INFO] 2025-05-05T09:46:54.913508 Rank 0 step 217 processed 5 samples in 0.3284177780151367 s [/mnt/ioopt/appbench/apps/MLPerf-storage/dlio_benchmark/dlio_benchmark/utils/statscounter.py:325]
[INFO] 2025-05-05T09:47:03.438329 Rank 0 step 218 processed 5 samples in 8.524356603622437 s [/mnt/ioopt/appbench/apps/MLPerf-storage/dlio_benchmark/dlio_benchmark/utils/statscounter.py:325]
[INFO] 2025-05-05T09:47:04.941582 Rank 0 step 219 processed 5 samples in 1.5028040409088135 s [/mnt/ioopt/appbench/apps/MLPerf-storage/dlio_benchmark/dlio_benchmark/utils/statscounter.py:325]
[INFO] 2025-05-05T09:47:08.573060 Rank 0 step 220 processed 5 samples in 3.631007432937622 s [/mnt/ioopt/appbench/apps/MLPerf-storage/dlio_benchmark/dlio_benchmark/utils/statscounter.py:325]
[INFO] 2025-05-05T09:47:09.087402 Rank 0 step 221 processed 5 samples in 0.5137746334075928 s [/mnt/ioopt/appbench/apps/MLPerf-storage/dlio_benchmark/dlio_benchmark/utils/statscounter.py:325]
[INFO] 2025-05-05T09:47:09.416258 Rank 0 step 222 processed 5 samples in 0.3283579349517822 s [/mnt/ioopt/appbench/apps/MLPerf-storage/dlio_benchmark/dlio_benchmark/utils/statscounter.py:325]
[INFO] 2025-05-05T09:47:09.745367 Rank 0 step 223 processed 5 samples in 0.3286445140838623 s [/mnt/ioopt/appbench/apps/MLPerf-storage/dlio_benchmark/dlio_benchmark/utils/statscounter.py:325]
[INFO] 2025-05-05T09:47:16.365188 Rank 0 step 224 processed 5 samples in 6.619371652603149 s [/mnt/ioopt/appbench/apps/MLPerf-storage/dlio_benchmark/dlio_benchmark/utils/statscounter.py:325]
[INFO] 2025-05-05T09:47:17.912132 Rank 0 step 225 processed 5 samples in 1.5464797019958496 s [/mnt/ioopt/appbench/apps/MLPerf-storage/dlio_benchmark/dlio_benchmark/utils/statscounter.py:325]
[INFO] 2025-05-05T09:47:24.781465 Rank 0 step 226 processed 5 samples in 6.8688764572143555 s [/mnt/ioopt/appbench/apps/MLPerf-storage/dlio_benchmark/dlio_benchmark/utils/statscounter.py:325]
[INFO] 2025-05-05T09:47:25.110325 Rank 0 step 227 processed 5 samples in 0.32832837104797363 s [/mnt/ioopt/appbench/apps/MLPerf-storage/dlio_benchmark/dlio_benchmark/utils/statscounter.py:325]
[INFO] 2025-05-05T09:47:25.439082 Rank 0 step 228 processed 5 samples in 0.32825756072998047 s [/mnt/ioopt/appbench/apps/MLPerf-storage/dlio_benchmark/dlio_benchmark/utils/statscounter.py:325]
[INFO] 2025-05-05T09:47:25.768049 Rank 0 step 229 processed 5 samples in 0.328493595123291 s [/mnt/ioopt/appbench/apps/MLPerf-storage/dlio_benchmark/dlio_benchmark/utils/statscounter.py:325]
[INFO] 2025-05-05T09:47:29.950004 Rank 0 step 230 processed 5 samples in 4.181504011154175 s [/mnt/ioopt/appbench/apps/MLPerf-storage/dlio_benchmark/dlio_benchmark/utils/statscounter.py:325]
[INFO] 2025-05-05T09:47:30.542438 Rank 0 step 231 processed 5 samples in 0.5859074592590332 s [/mnt/ioopt/appbench/apps/MLPerf-storage/dlio_benchmark/dlio_benchmark/utils/statscounter.py:325]
[INFO] 2025-05-05T09:47:39.133674 Rank 0 step 232 processed 5 samples in 8.590775966644287 s [/mnt/ioopt/appbench/apps/MLPerf-storage/dlio_benchmark/dlio_benchmark/utils/statscounter.py:325]
[INFO] 2025-05-05T09:47:39.465495 Rank 0 step 233 processed 5 samples in 0.3313181400299072 s [/mnt/ioopt/appbench/apps/MLPerf-storage/dlio_benchmark/dlio_benchmark/utils/statscounter.py:325]
[INFO] 2025-05-05T09:47:39.794687 Rank 0 step 234 processed 5 samples in 0.32868432998657227 s [/mnt/ioopt/appbench/apps/MLPerf-storage/dlio_benchmark/dlio_benchmark/utils/statscounter.py:325]
[INFO] 2025-05-05T09:47:40.123449 Rank 0 step 235 processed 5 samples in 0.3282895088195801 s [/mnt/ioopt/appbench/apps/MLPerf-storage/dlio_benchmark/dlio_benchmark/utils/statscounter.py:325]
[INFO] 2025-05-05T09:47:40.453852 Rank 0 step 236 processed 5 samples in 0.3299527168273926 s [/mnt/ioopt/appbench/apps/MLPerf-storage/dlio_benchmark/dlio_benchmark/utils/statscounter.py:325]
[INFO] 2025-05-05T09:47:42.925465 Rank 0 step 237 processed 5 samples in 2.4711525440216064 s [/mnt/ioopt/appbench/apps/MLPerf-storage/dlio_benchmark/dlio_benchmark/utils/statscounter.py:325]
[INFO] 2025-05-05T09:47:51.652569 Rank 0 step 238 processed 5 samples in 8.726627588272095 s [/mnt/ioopt/appbench/apps/MLPerf-storage/dlio_benchmark/dlio_benchmark/utils/statscounter.py:325]
[INFO] 2025-05-05T09:47:53.458136 Rank 0 step 239 processed 5 samples in 1.8045096397399902 s [/mnt/ioopt/appbench/apps/MLPerf-storage/dlio_benchmark/dlio_benchmark/utils/statscounter.py:325]
[INFO] 2025-05-05T09:47:55.387192 Rank 0 step 240 processed 5 samples in 1.9285850524902344 s [/mnt/ioopt/appbench/apps/MLPerf-storage/dlio_benchmark/dlio_benchmark/utils/statscounter.py:325]
[INFO] 2025-05-05T09:47:55.715992 Rank 0 step 241 processed 5 samples in 0.3282887935638428 s [/mnt/ioopt/appbench/apps/MLPerf-storage/dlio_benchmark/dlio_benchmark/utils/statscounter.py:325]
[INFO] 2025-05-05T09:47:58.339956 Rank 0 step 242 processed 5 samples in 2.62349534034729 s [/mnt/ioopt/appbench/apps/MLPerf-storage/dlio_benchmark/dlio_benchmark/utils/statscounter.py:325]
[INFO] 2025-05-05T09:48:01.107623 Rank 0 step 243 processed 5 samples in 2.767158269882202 s [/mnt/ioopt/appbench/apps/MLPerf-storage/dlio_benchmark/dlio_benchmark/utils/statscounter.py:325]
[INFO] 2025-05-05T09:48:05.245976 Rank 0 step 244 processed 5 samples in 4.137897253036499 s [/mnt/ioopt/appbench/apps/MLPerf-storage/dlio_benchmark/dlio_benchmark/utils/statscounter.py:325]
[INFO] 2025-05-05T09:48:08.528235 Rank 0 step 245 processed 5 samples in 3.28173565864563 s [/mnt/ioopt/appbench/apps/MLPerf-storage/dlio_benchmark/dlio_benchmark/utils/statscounter.py:325]
[INFO] 2025-05-05T09:48:10.308703 Rank 0 step 246 processed 5 samples in 1.7799773216247559 s [/mnt/ioopt/appbench/apps/MLPerf-storage/dlio_benchmark/dlio_benchmark/utils/statscounter.py:325]
[INFO] 2025-05-05T09:48:10.637540 Rank 0 step 247 processed 5 samples in 0.32831883430480957 s [/mnt/ioopt/appbench/apps/MLPerf-storage/dlio_benchmark/dlio_benchmark/utils/statscounter.py:325]
[INFO] 2025-05-05T09:48:12.122012 Rank 0 step 248 processed 5 samples in 1.4840147495269775 s [/mnt/ioopt/appbench/apps/MLPerf-storage/dlio_benchmark/dlio_benchmark/utils/statscounter.py:325]
[INFO] 2025-05-05T09:48:14.581303 Rank 0 step 249 processed 5 samples in 2.4587974548339844 s [/mnt/ioopt/appbench/apps/MLPerf-storage/dlio_benchmark/dlio_benchmark/utils/statscounter.py:325]
[INFO] 2025-05-05T09:48:20.418465 Rank 0 step 250 processed 5 samples in 5.836721897125244 s [/mnt/ioopt/appbench/apps/MLPerf-storage/dlio_benchmark/dlio_benchmark/utils/statscounter.py:325]
[INFO] 2025-05-05T09:48:21.916120 Rank 0 step 251 processed 5 samples in 1.4971344470977783 s [/mnt/ioopt/appbench/apps/MLPerf-storage/dlio_benchmark/dlio_benchmark/utils/statscounter.py:325]
[INFO] 2025-05-05T09:48:22.245008 Rank 0 step 252 processed 5 samples in 0.3283562660217285 s [/mnt/ioopt/appbench/apps/MLPerf-storage/dlio_benchmark/dlio_benchmark/utils/statscounter.py:325]
[INFO] 2025-05-05T09:48:24.925549 Rank 0 step 253 processed 5 samples in 2.680081605911255 s [/mnt/ioopt/appbench/apps/MLPerf-storage/dlio_benchmark/dlio_benchmark/utils/statscounter.py:325]
[INFO] 2025-05-05T09:48:27.580561 Rank 0 step 254 processed 5 samples in 2.654566526412964 s [/mnt/ioopt/appbench/apps/MLPerf-storage/dlio_benchmark/dlio_benchmark/utils/statscounter.py:325]
[INFO] 2025-05-05T09:48:28.476201 Rank 0 step 255 processed 5 samples in 0.8951613903045654 s [/mnt/ioopt/appbench/apps/MLPerf-storage/dlio_benchmark/dlio_benchmark/utils/statscounter.py:325]
[INFO] 2025-05-05T09:48:33.084933 Rank 0 step 256 processed 5 samples in 4.608278751373291 s [/mnt/ioopt/appbench/apps/MLPerf-storage/dlio_benchmark/dlio_benchmark/utils/statscounter.py:325]
[INFO] 2025-05-05T09:48:33.967018 Rank 0 step 257 processed 5 samples in 0.8815755844116211 s [/mnt/ioopt/appbench/apps/MLPerf-storage/dlio_benchmark/dlio_benchmark/utils/statscounter.py:325]
[INFO] 2025-05-05T09:48:36.445065 Rank 0 step 258 processed 5 samples in 2.477539539337158 s [/mnt/ioopt/appbench/apps/MLPerf-storage/dlio_benchmark/dlio_benchmark/utils/statscounter.py:325]
[INFO] 2025-05-05T09:48:37.894380 Rank 0 step 259 processed 5 samples in 1.4488177299499512 s [/mnt/ioopt/appbench/apps/MLPerf-storage/dlio_benchmark/dlio_benchmark/utils/statscounter.py:325]
[INFO] 2025-05-05T09:48:39.780259 Rank 0 step 260 processed 5 samples in 1.8853750228881836 s [/mnt/ioopt/appbench/apps/MLPerf-storage/dlio_benchmark/dlio_benchmark/utils/statscounter.py:325]
[INFO] 2025-05-05T09:48:42.600660 Rank 0 step 261 processed 5 samples in 2.819938898086548 s [/mnt/ioopt/appbench/apps/MLPerf-storage/dlio_benchmark/dlio_benchmark/utils/statscounter.py:325]
[INFO] 2025-05-05T09:48:46.001337 Rank 0 step 262 processed 5 samples in 3.400212049484253 s [/mnt/ioopt/appbench/apps/MLPerf-storage/dlio_benchmark/dlio_benchmark/utils/statscounter.py:325]
[INFO] 2025-05-05T09:48:46.701056 Rank 0 step 263 processed 5 samples in 0.6992065906524658 s [/mnt/ioopt/appbench/apps/MLPerf-storage/dlio_benchmark/dlio_benchmark/utils/statscounter.py:325]
[INFO] 2025-05-05T09:48:50.761980 Rank 0 step 264 processed 5 samples in 4.060443162918091 s [/mnt/ioopt/appbench/apps/MLPerf-storage/dlio_benchmark/dlio_benchmark/utils/statscounter.py:325]
[INFO] 2025-05-05T09:48:51.091000 Rank 0 step 265 processed 5 samples in 0.32851266860961914 s [/mnt/ioopt/appbench/apps/MLPerf-storage/dlio_benchmark/dlio_benchmark/utils/statscounter.py:325]
[INFO] 2025-05-05T09:48:51.422617 Rank 0 step 266 processed 5 samples in 0.33109116554260254 s [/mnt/ioopt/appbench/apps/MLPerf-storage/dlio_benchmark/dlio_benchmark/utils/statscounter.py:325]
[INFO] 2025-05-05T09:48:53.077769 Rank 0 step 267 processed 5 samples in 1.6544592380523682 s [/mnt/ioopt/appbench/apps/MLPerf-storage/dlio_benchmark/dlio_benchmark/utils/statscounter.py:325]
[INFO] 2025-05-05T09:48:57.437932 Rank 0 step 268 processed 5 samples in 4.359690427780151 s [/mnt/ioopt/appbench/apps/MLPerf-storage/dlio_benchmark/dlio_benchmark/utils/statscounter.py:325]
[INFO] 2025-05-05T09:49:03.402560 Rank 0 step 269 processed 5 samples in 5.964155912399292 s [/mnt/ioopt/appbench/apps/MLPerf-storage/dlio_benchmark/dlio_benchmark/utils/statscounter.py:325]
[INFO] 2025-05-05T09:49:03.797044 Rank 0 step 270 processed 5 samples in 0.3942399024963379 s [/mnt/ioopt/appbench/apps/MLPerf-storage/dlio_benchmark/dlio_benchmark/utils/statscounter.py:325]
[INFO] 2025-05-05T09:49:06.168012 Rank 0 step 271 processed 5 samples in 2.3705224990844727 s [/mnt/ioopt/appbench/apps/MLPerf-storage/dlio_benchmark/dlio_benchmark/utils/statscounter.py:325]
[INFO] 2025-05-05T09:49:06.501496 Rank 0 step 272 processed 5 samples in 0.33303189277648926 s [/mnt/ioopt/appbench/apps/MLPerf-storage/dlio_benchmark/dlio_benchmark/utils/statscounter.py:325]
[INFO] 2025-05-05T09:49:07.052665 Rank 0 step 273 processed 5 samples in 0.5507297515869141 s [/mnt/ioopt/appbench/apps/MLPerf-storage/dlio_benchmark/dlio_benchmark/utils/statscounter.py:325]
[INFO] 2025-05-05T09:49:12.972904 Rank 0 step 274 processed 5 samples in 5.919757604598999 s [/mnt/ioopt/appbench/apps/MLPerf-storage/dlio_benchmark/dlio_benchmark/utils/statscounter.py:325]
[INFO] 2025-05-05T09:49:15.971174 Rank 0 step 275 processed 5 samples in 2.997713565826416 s [/mnt/ioopt/appbench/apps/MLPerf-storage/dlio_benchmark/dlio_benchmark/utils/statscounter.py:325]
[INFO] 2025-05-05T09:49:17.939049 Rank 0 step 276 processed 5 samples in 1.9673433303833008 s [/mnt/ioopt/appbench/apps/MLPerf-storage/dlio_benchmark/dlio_benchmark/utils/statscounter.py:325]
[INFO] 2025-05-05T09:49:18.520076 Rank 0 step 277 processed 5 samples in 0.5805191993713379 s [/mnt/ioopt/appbench/apps/MLPerf-storage/dlio_benchmark/dlio_benchmark/utils/statscounter.py:325]
[INFO] 2025-05-05T09:49:19.403619 Rank 0 step 278 processed 5 samples in 0.8830437660217285 s [/mnt/ioopt/appbench/apps/MLPerf-storage/dlio_benchmark/dlio_benchmark/utils/statscounter.py:325]
[INFO] 2025-05-05T09:49:19.732776 Rank 0 step 279 processed 5 samples in 0.3286893367767334 s [/mnt/ioopt/appbench/apps/MLPerf-storage/dlio_benchmark/dlio_benchmark/utils/statscounter.py:325]
[INFO] 2025-05-05T09:49:26.908583 Rank 0 step 280 processed 5 samples in 7.1753387451171875 s [/mnt/ioopt/appbench/apps/MLPerf-storage/dlio_benchmark/dlio_benchmark/utils/statscounter.py:325]
[INFO] 2025-05-05T09:49:32.102925 Rank 0 step 281 processed 5 samples in 5.193819522857666 s [/mnt/ioopt/appbench/apps/MLPerf-storage/dlio_benchmark/dlio_benchmark/utils/statscounter.py:325]
[INFO] 2025-05-05T09:49:32.433678 Rank 0 step 282 processed 5 samples in 0.33014822006225586 s [/mnt/ioopt/appbench/apps/MLPerf-storage/dlio_benchmark/dlio_benchmark/utils/statscounter.py:325]
[INFO] 2025-05-05T09:49:32.762741 Rank 0 step 283 processed 5 samples in 0.3285951614379883 s [/mnt/ioopt/appbench/apps/MLPerf-storage/dlio_benchmark/dlio_benchmark/utils/statscounter.py:325]
[INFO] 2025-05-05T09:49:33.091397 Rank 0 step 284 processed 5 samples in 0.3281972408294678 s [/mnt/ioopt/appbench/apps/MLPerf-storage/dlio_benchmark/dlio_benchmark/utils/statscounter.py:325]
[INFO] 2025-05-05T09:49:33.420268 Rank 0 step 285 processed 5 samples in 0.32842373847961426 s [/mnt/ioopt/appbench/apps/MLPerf-storage/dlio_benchmark/dlio_benchmark/utils/statscounter.py:325]
[INFO] 2025-05-05T09:49:37.514929 Rank 0 step 286 processed 5 samples in 4.094218015670776 s [/mnt/ioopt/appbench/apps/MLPerf-storage/dlio_benchmark/dlio_benchmark/utils/statscounter.py:325]
[INFO] 2025-05-05T09:49:45.970147 Rank 0 step 287 processed 5 samples in 8.454614162445068 s [/mnt/ioopt/appbench/apps/MLPerf-storage/dlio_benchmark/dlio_benchmark/utils/statscounter.py:325]
[INFO] 2025-05-05T09:49:46.317217 Rank 0 step 288 processed 5 samples in 0.3465440273284912 s [/mnt/ioopt/appbench/apps/MLPerf-storage/dlio_benchmark/dlio_benchmark/utils/statscounter.py:325]
[INFO] 2025-05-05T09:49:48.759983 Rank 0 step 289 processed 5 samples in 2.442255973815918 s [/mnt/ioopt/appbench/apps/MLPerf-storage/dlio_benchmark/dlio_benchmark/utils/statscounter.py:325]
[INFO] 2025-05-05T09:49:49.088897 Rank 0 step 290 processed 5 samples in 0.3284018039703369 s [/mnt/ioopt/appbench/apps/MLPerf-storage/dlio_benchmark/dlio_benchmark/utils/statscounter.py:325]
[INFO] 2025-05-05T09:49:49.417869 Rank 0 step 291 processed 5 samples in 0.3284950256347656 s [/mnt/ioopt/appbench/apps/MLPerf-storage/dlio_benchmark/dlio_benchmark/utils/statscounter.py:325]
[INFO] 2025-05-05T09:49:51.422693 Rank 0 step 292 processed 5 samples in 2.0043251514434814 s [/mnt/ioopt/appbench/apps/MLPerf-storage/dlio_benchmark/dlio_benchmark/utils/statscounter.py:325]
[INFO] 2025-05-05T09:49:59.531657 Rank 0 step 293 processed 5 samples in 8.108421087265015 s [/mnt/ioopt/appbench/apps/MLPerf-storage/dlio_benchmark/dlio_benchmark/utils/statscounter.py:325]
[INFO] 2025-05-05T09:49:59.857376 Rank 0 step 294 processed 5 samples in 0.3253657817840576 s [/mnt/ioopt/appbench/apps/MLPerf-storage/dlio_benchmark/dlio_benchmark/utils/statscounter.py:325]
[INFO] 2025-05-05T09:50:00.896245 Rank 0 step 295 processed 5 samples in 1.0385115146636963 s [/mnt/ioopt/appbench/apps/MLPerf-storage/dlio_benchmark/dlio_benchmark/utils/statscounter.py:325]
[INFO] 2025-05-05T09:50:02.176940 Rank 0 step 296 processed 5 samples in 1.2802176475524902 s [/mnt/ioopt/appbench/apps/MLPerf-storage/dlio_benchmark/dlio_benchmark/utils/statscounter.py:325]
[INFO] 2025-05-05T09:50:02.506068 Rank 0 step 297 processed 5 samples in 0.3286597728729248 s [/mnt/ioopt/appbench/apps/MLPerf-storage/dlio_benchmark/dlio_benchmark/utils/statscounter.py:325]
[INFO] 2025-05-05T09:50:03.341934 Rank 0 step 298 processed 5 samples in 0.8353743553161621 s [/mnt/ioopt/appbench/apps/MLPerf-storage/dlio_benchmark/dlio_benchmark/utils/statscounter.py:325]
[INFO] 2025-05-05T09:50:11.658521 Rank 0 step 299 processed 5 samples in 8.315787315368652 s [/mnt/ioopt/appbench/apps/MLPerf-storage/dlio_benchmark/dlio_benchmark/utils/statscounter.py:325]
[INFO] 2025-05-05T09:50:14.532051 Rank 0 step 300 processed 5 samples in 2.8730297088623047 s [/mnt/ioopt/appbench/apps/MLPerf-storage/dlio_benchmark/dlio_benchmark/utils/statscounter.py:325]
[INFO] 2025-05-05T09:50:14.860824 Rank 0 step 301 processed 5 samples in 0.3283069133758545 s [/mnt/ioopt/appbench/apps/MLPerf-storage/dlio_benchmark/dlio_benchmark/utils/statscounter.py:325]
[INFO] 2025-05-05T09:50:17.027228 Rank 0 step 302 processed 5 samples in 2.1659395694732666 s [/mnt/ioopt/appbench/apps/MLPerf-storage/dlio_benchmark/dlio_benchmark/utils/statscounter.py:325]
[INFO] 2025-05-05T09:50:17.356502 Rank 0 step 303 processed 5 samples in 0.32877564430236816 s [/mnt/ioopt/appbench/apps/MLPerf-storage/dlio_benchmark/dlio_benchmark/utils/statscounter.py:325]
[INFO] 2025-05-05T09:50:17.685398 Rank 0 step 304 processed 5 samples in 0.32842278480529785 s [/mnt/ioopt/appbench/apps/MLPerf-storage/dlio_benchmark/dlio_benchmark/utils/statscounter.py:325]
[INFO] 2025-05-05T09:50:22.500181 Rank 0 step 305 processed 5 samples in 4.814312219619751 s [/mnt/ioopt/appbench/apps/MLPerf-storage/dlio_benchmark/dlio_benchmark/utils/statscounter.py:325]
[INFO] 2025-05-05T09:50:27.115071 Rank 0 step 306 processed 5 samples in 4.614386796951294 s [/mnt/ioopt/appbench/apps/MLPerf-storage/dlio_benchmark/dlio_benchmark/utils/statscounter.py:325]
[INFO] 2025-05-05T09:50:28.621405 Rank 0 step 307 processed 5 samples in 1.5058140754699707 s [/mnt/ioopt/appbench/apps/MLPerf-storage/dlio_benchmark/dlio_benchmark/utils/statscounter.py:325]
[INFO] 2025-05-05T09:50:30.465928 Rank 0 step 308 processed 5 samples in 1.8439958095550537 s [/mnt/ioopt/appbench/apps/MLPerf-storage/dlio_benchmark/dlio_benchmark/utils/statscounter.py:325]
[INFO] 2025-05-05T09:50:30.794735 Rank 0 step 309 processed 5 samples in 0.32833266258239746 s [/mnt/ioopt/appbench/apps/MLPerf-storage/dlio_benchmark/dlio_benchmark/utils/statscounter.py:325]
[INFO] 2025-05-05T09:50:32.044259 Rank 0 step 310 processed 5 samples in 1.2490651607513428 s [/mnt/ioopt/appbench/apps/MLPerf-storage/dlio_benchmark/dlio_benchmark/utils/statscounter.py:325]
[INFO] 2025-05-05T09:50:34.867883 Rank 0 step 311 processed 5 samples in 2.823148012161255 s [/mnt/ioopt/appbench/apps/MLPerf-storage/dlio_benchmark/dlio_benchmark/utils/statscounter.py:325]
[INFO] 2025-05-05T09:50:38.982951 Rank 0 step 312 processed 5 samples in 4.114529371261597 s [/mnt/ioopt/appbench/apps/MLPerf-storage/dlio_benchmark/dlio_benchmark/utils/statscounter.py:325]
[INFO] 2025-05-05T09:50:41.919739 Rank 0 step 313 processed 5 samples in 2.9362616539001465 s [/mnt/ioopt/appbench/apps/MLPerf-storage/dlio_benchmark/dlio_benchmark/utils/statscounter.py:325]
[INFO] 2025-05-05T09:50:45.121260 Rank 0 step 314 processed 5 samples in 3.201038122177124 s [/mnt/ioopt/appbench/apps/MLPerf-storage/dlio_benchmark/dlio_benchmark/utils/statscounter.py:325]
[INFO] 2025-05-05T09:50:45.450018 Rank 0 step 315 processed 5 samples in 0.3282966613769531 s [/mnt/ioopt/appbench/apps/MLPerf-storage/dlio_benchmark/dlio_benchmark/utils/statscounter.py:325]
[INFO] 2025-05-05T09:50:48.552011 Rank 0 step 316 processed 5 samples in 3.101534843444824 s [/mnt/ioopt/appbench/apps/MLPerf-storage/dlio_benchmark/dlio_benchmark/utils/statscounter.py:325]
[INFO] 2025-05-05T09:50:52.433203 Rank 0 step 317 processed 5 samples in 3.8806984424591064 s [/mnt/ioopt/appbench/apps/MLPerf-storage/dlio_benchmark/dlio_benchmark/utils/statscounter.py:325]
[INFO] 2025-05-05T09:50:52.991963 Rank 0 step 318 processed 5 samples in 0.5582520961761475 s [/mnt/ioopt/appbench/apps/MLPerf-storage/dlio_benchmark/dlio_benchmark/utils/statscounter.py:325]
[INFO] 2025-05-05T09:50:55.830099 Rank 0 step 319 processed 5 samples in 2.8376379013061523 s [/mnt/ioopt/appbench/apps/MLPerf-storage/dlio_benchmark/dlio_benchmark/utils/statscounter.py:325]
[INFO] 2025-05-05T09:50:58.569600 Rank 0 step 320 processed 5 samples in 2.739016056060791 s [/mnt/ioopt/appbench/apps/MLPerf-storage/dlio_benchmark/dlio_benchmark/utils/statscounter.py:325]
[INFO] 2025-05-05T09:51:00.661591 Rank 0 step 321 processed 5 samples in 2.09151029586792 s [/mnt/ioopt/appbench/apps/MLPerf-storage/dlio_benchmark/dlio_benchmark/utils/statscounter.py:325]
[INFO] 2025-05-05T09:51:00.990411 Rank 0 step 322 processed 5 samples in 0.3283505439758301 s [/mnt/ioopt/appbench/apps/MLPerf-storage/dlio_benchmark/dlio_benchmark/utils/statscounter.py:325]
[INFO] 2025-05-05T09:51:08.555990 Rank 0 step 323 processed 5 samples in 7.565121412277222 s [/mnt/ioopt/appbench/apps/MLPerf-storage/dlio_benchmark/dlio_benchmark/utils/statscounter.py:325]
[INFO] 2025-05-05T09:51:08.884933 Rank 0 step 324 processed 5 samples in 0.3284614086151123 s [/mnt/ioopt/appbench/apps/MLPerf-storage/dlio_benchmark/dlio_benchmark/utils/statscounter.py:325]
[INFO] 2025-05-05T09:51:09.248173 Rank 0 step 325 processed 5 samples in 0.3627758026123047 s [/mnt/ioopt/appbench/apps/MLPerf-storage/dlio_benchmark/dlio_benchmark/utils/statscounter.py:325]
[INFO] 2025-05-05T09:51:09.577038 Rank 0 step 326 processed 5 samples in 0.32838964462280273 s [/mnt/ioopt/appbench/apps/MLPerf-storage/dlio_benchmark/dlio_benchmark/utils/statscounter.py:325]
[INFO] 2025-05-05T09:51:13.644117 Rank 0 step 327 processed 5 samples in 4.066605091094971 s [/mnt/ioopt/appbench/apps/MLPerf-storage/dlio_benchmark/dlio_benchmark/utils/statscounter.py:325]
[INFO] 2025-05-05T09:51:13.972891 Rank 0 step 328 processed 5 samples in 0.32830262184143066 s [/mnt/ioopt/appbench/apps/MLPerf-storage/dlio_benchmark/dlio_benchmark/utils/statscounter.py:325]
[INFO] 2025-05-05T09:51:23.460580 Rank 0 step 329 processed 5 samples in 9.48727035522461 s [/mnt/ioopt/appbench/apps/MLPerf-storage/dlio_benchmark/dlio_benchmark/utils/statscounter.py:325]
[INFO] 2025-05-05T09:51:23.789610 Rank 0 step 330 processed 5 samples in 0.3285675048828125 s [/mnt/ioopt/appbench/apps/MLPerf-storage/dlio_benchmark/dlio_benchmark/utils/statscounter.py:325]
[INFO] 2025-05-05T09:51:24.118304 Rank 0 step 331 processed 5 samples in 0.32825303077697754 s [/mnt/ioopt/appbench/apps/MLPerf-storage/dlio_benchmark/dlio_benchmark/utils/statscounter.py:325]
[INFO] 2025-05-05T09:51:24.447023 Rank 0 step 332 processed 5 samples in 0.3282761573791504 s [/mnt/ioopt/appbench/apps/MLPerf-storage/dlio_benchmark/dlio_benchmark/utils/statscounter.py:325]
[INFO] 2025-05-05T09:51:24.777698 Rank 0 step 333 processed 5 samples in 0.330228328704834 s [/mnt/ioopt/appbench/apps/MLPerf-storage/dlio_benchmark/dlio_benchmark/utils/statscounter.py:325]
[INFO] 2025-05-05T09:51:25.109081 Rank 0 step 334 processed 5 samples in 0.33094096183776855 s [/mnt/ioopt/appbench/apps/MLPerf-storage/dlio_benchmark/dlio_benchmark/utils/statscounter.py:325]
[INFO] 2025-05-05T09:51:37.537347 Rank 0 step 335 processed 5 samples in 12.427730798721313 s [/mnt/ioopt/appbench/apps/MLPerf-storage/dlio_benchmark/dlio_benchmark/utils/statscounter.py:325]
[INFO] 2025-05-05T09:51:39.463266 Rank 0 step 336 processed 5 samples in 1.9254271984100342 s [/mnt/ioopt/appbench/apps/MLPerf-storage/dlio_benchmark/dlio_benchmark/utils/statscounter.py:325]
[INFO] 2025-05-05T09:51:39.792081 Rank 0 step 337 processed 5 samples in 0.32828807830810547 s [/mnt/ioopt/appbench/apps/MLPerf-storage/dlio_benchmark/dlio_benchmark/utils/statscounter.py:325]
[INFO] 2025-05-05T09:51:40.121169 Rank 0 step 338 processed 5 samples in 0.32859039306640625 s [/mnt/ioopt/appbench/apps/MLPerf-storage/dlio_benchmark/dlio_benchmark/utils/statscounter.py:325]
[INFO] 2025-05-05T09:51:40.449904 Rank 0 step 339 processed 5 samples in 0.3282639980316162 s [/mnt/ioopt/appbench/apps/MLPerf-storage/dlio_benchmark/dlio_benchmark/utils/statscounter.py:325]
[INFO] 2025-05-05T09:51:40.778897 Rank 0 step 340 processed 5 samples in 0.3285377025604248 s [/mnt/ioopt/appbench/apps/MLPerf-storage/dlio_benchmark/dlio_benchmark/utils/statscounter.py:325]
[INFO] 2025-05-05T09:51:47.505365 Rank 0 step 341 processed 5 samples in 6.725967884063721 s [/mnt/ioopt/appbench/apps/MLPerf-storage/dlio_benchmark/dlio_benchmark/utils/statscounter.py:325]
[INFO] 2025-05-05T09:51:52.749232 Rank 0 step 342 processed 5 samples in 5.24336051940918 s [/mnt/ioopt/appbench/apps/MLPerf-storage/dlio_benchmark/dlio_benchmark/utils/statscounter.py:325]
[INFO] 2025-05-05T09:51:53.078022 Rank 0 step 343 processed 5 samples in 0.32826828956604004 s [/mnt/ioopt/appbench/apps/MLPerf-storage/dlio_benchmark/dlio_benchmark/utils/statscounter.py:325]
[INFO] 2025-05-05T09:51:53.406696 Rank 0 step 344 processed 5 samples in 0.32822251319885254 s [/mnt/ioopt/appbench/apps/MLPerf-storage/dlio_benchmark/dlio_benchmark/utils/statscounter.py:325]
[INFO] 2025-05-05T09:51:54.131304 Rank 0 step 345 processed 5 samples in 0.7241044044494629 s [/mnt/ioopt/appbench/apps/MLPerf-storage/dlio_benchmark/dlio_benchmark/utils/statscounter.py:325]
[INFO] 2025-05-05T09:51:56.718989 Rank 0 step 346 processed 5 samples in 2.586610794067383 s [/mnt/ioopt/appbench/apps/MLPerf-storage/dlio_benchmark/dlio_benchmark/utils/statscounter.py:325]
[INFO] 2025-05-05T09:51:59.509074 Rank 0 step 347 processed 5 samples in 2.789541721343994 s [/mnt/ioopt/appbench/apps/MLPerf-storage/dlio_benchmark/dlio_benchmark/utils/statscounter.py:325]
[INFO] 2025-05-05T09:52:03.335558 Rank 0 step 348 processed 5 samples in 3.8259825706481934 s [/mnt/ioopt/appbench/apps/MLPerf-storage/dlio_benchmark/dlio_benchmark/utils/statscounter.py:325]
[INFO] 2025-05-05T09:52:07.439291 Rank 0 step 349 processed 5 samples in 4.103186130523682 s [/mnt/ioopt/appbench/apps/MLPerf-storage/dlio_benchmark/dlio_benchmark/utils/statscounter.py:325]
[INFO] 2025-05-05T09:52:07.768207 Rank 0 step 350 processed 5 samples in 0.32841038703918457 s [/mnt/ioopt/appbench/apps/MLPerf-storage/dlio_benchmark/dlio_benchmark/utils/statscounter.py:325]
[INFO] 2025-05-05T09:52:08.097764 Rank 0 step 351 processed 5 samples in 0.3291010856628418 s [/mnt/ioopt/appbench/apps/MLPerf-storage/dlio_benchmark/dlio_benchmark/utils/statscounter.py:325]
[INFO] 2025-05-05T09:52:08.423758 Rank 0 step 352 processed 5 samples in 0.3254890441894531 s [/mnt/ioopt/appbench/apps/MLPerf-storage/dlio_benchmark/dlio_benchmark/utils/statscounter.py:325]
[INFO] 2025-05-05T09:52:14.576792 Rank 0 step 353 processed 5 samples in 6.1525719165802 s [/mnt/ioopt/appbench/apps/MLPerf-storage/dlio_benchmark/dlio_benchmark/utils/statscounter.py:325]
[INFO] 2025-05-05T09:52:17.869132 Rank 0 step 354 processed 5 samples in 3.2918782234191895 s [/mnt/ioopt/appbench/apps/MLPerf-storage/dlio_benchmark/dlio_benchmark/utils/statscounter.py:325]
[INFO] 2025-05-05T09:52:21.948075 Rank 0 step 355 processed 5 samples in 4.078486442565918 s [/mnt/ioopt/appbench/apps/MLPerf-storage/dlio_benchmark/dlio_benchmark/utils/statscounter.py:325]
[INFO] 2025-05-05T09:52:22.276858 Rank 0 step 356 processed 5 samples in 0.32831811904907227 s [/mnt/ioopt/appbench/apps/MLPerf-storage/dlio_benchmark/dlio_benchmark/utils/statscounter.py:325]
[INFO] 2025-05-05T09:52:22.605485 Rank 0 step 357 processed 5 samples in 0.32818603515625 s [/mnt/ioopt/appbench/apps/MLPerf-storage/dlio_benchmark/dlio_benchmark/utils/statscounter.py:325]
[INFO] 2025-05-05T09:52:22.934381 Rank 0 step 358 processed 5 samples in 0.3284647464752197 s [/mnt/ioopt/appbench/apps/MLPerf-storage/dlio_benchmark/dlio_benchmark/utils/statscounter.py:325]
[INFO] 2025-05-05T09:52:27.884168 Rank 0 step 359 processed 5 samples in 4.949344635009766 s [/mnt/ioopt/appbench/apps/MLPerf-storage/dlio_benchmark/dlio_benchmark/utils/statscounter.py:325]
[INFO] 2025-05-05T09:52:30.957628 Rank 0 step 360 processed 5 samples in 3.072981595993042 s [/mnt/ioopt/appbench/apps/MLPerf-storage/dlio_benchmark/dlio_benchmark/utils/statscounter.py:325]
[INFO] 2025-05-05T09:52:34.761407 Rank 0 step 361 processed 5 samples in 3.8032469749450684 s [/mnt/ioopt/appbench/apps/MLPerf-storage/dlio_benchmark/dlio_benchmark/utils/statscounter.py:325]
[INFO] 2025-05-05T09:52:35.090329 Rank 0 step 362 processed 5 samples in 0.32842230796813965 s [/mnt/ioopt/appbench/apps/MLPerf-storage/dlio_benchmark/dlio_benchmark/utils/statscounter.py:325]
[INFO] 2025-05-05T09:52:35.419433 Rank 0 step 363 processed 5 samples in 0.3286600112915039 s [/mnt/ioopt/appbench/apps/MLPerf-storage/dlio_benchmark/dlio_benchmark/utils/statscounter.py:325]
[INFO] 2025-05-05T09:52:35.750669 Rank 0 step 364 processed 5 samples in 0.33078932762145996 s [/mnt/ioopt/appbench/apps/MLPerf-storage/dlio_benchmark/dlio_benchmark/utils/statscounter.py:325]
[INFO] 2025-05-05T09:52:41.179516 Rank 0 step 365 processed 5 samples in 5.428302526473999 s [/mnt/ioopt/appbench/apps/MLPerf-storage/dlio_benchmark/dlio_benchmark/utils/statscounter.py:325]
[INFO] 2025-05-05T09:52:45.742982 Rank 0 step 366 processed 5 samples in 4.5629565715789795 s [/mnt/ioopt/appbench/apps/MLPerf-storage/dlio_benchmark/dlio_benchmark/utils/statscounter.py:325]
[INFO] 2025-05-05T09:52:47.033536 Rank 0 step 367 processed 5 samples in 1.2900125980377197 s [/mnt/ioopt/appbench/apps/MLPerf-storage/dlio_benchmark/dlio_benchmark/utils/statscounter.py:325]
[INFO] 2025-05-05T09:52:47.364267 Rank 0 step 368 processed 5 samples in 0.33022308349609375 s [/mnt/ioopt/appbench/apps/MLPerf-storage/dlio_benchmark/dlio_benchmark/utils/statscounter.py:325]
[INFO] 2025-05-05T09:52:50.521498 Rank 0 step 369 processed 5 samples in 3.1567702293395996 s [/mnt/ioopt/appbench/apps/MLPerf-storage/dlio_benchmark/dlio_benchmark/utils/statscounter.py:325]
[INFO] 2025-05-05T09:52:53.146577 Rank 0 step 370 processed 5 samples in 2.624610185623169 s [/mnt/ioopt/appbench/apps/MLPerf-storage/dlio_benchmark/dlio_benchmark/utils/statscounter.py:325]
[INFO] 2025-05-05T09:52:54.607146 Rank 0 step 371 processed 5 samples in 1.4600377082824707 s [/mnt/ioopt/appbench/apps/MLPerf-storage/dlio_benchmark/dlio_benchmark/utils/statscounter.py:325]
[INFO] 2025-05-05T09:52:56.594453 Rank 0 step 372 processed 5 samples in 1.9867894649505615 s [/mnt/ioopt/appbench/apps/MLPerf-storage/dlio_benchmark/dlio_benchmark/utils/statscounter.py:325]
[INFO] 2025-05-05T09:53:01.880830 Rank 0 step 373 processed 5 samples in 5.285867929458618 s [/mnt/ioopt/appbench/apps/MLPerf-storage/dlio_benchmark/dlio_benchmark/utils/statscounter.py:325]
[INFO] 2025-05-05T09:53:02.209706 Rank 0 step 374 processed 5 samples in 0.3283669948577881 s [/mnt/ioopt/appbench/apps/MLPerf-storage/dlio_benchmark/dlio_benchmark/utils/statscounter.py:325]
[INFO] 2025-05-05T09:53:02.542609 Rank 0 step 375 processed 5 samples in 0.3324122428894043 s [/mnt/ioopt/appbench/apps/MLPerf-storage/dlio_benchmark/dlio_benchmark/utils/statscounter.py:325]
[INFO] 2025-05-05T09:53:08.761601 Rank 0 step 376 processed 5 samples in 6.218339443206787 s [/mnt/ioopt/appbench/apps/MLPerf-storage/dlio_benchmark/dlio_benchmark/utils/statscounter.py:325]
[INFO] 2025-05-05T09:53:11.563093 Rank 0 step 377 processed 5 samples in 2.8009579181671143 s [/mnt/ioopt/appbench/apps/MLPerf-storage/dlio_benchmark/dlio_benchmark/utils/statscounter.py:325]
[INFO] 2025-05-05T09:53:11.892244 Rank 0 step 378 processed 5 samples in 0.32865023612976074 s [/mnt/ioopt/appbench/apps/MLPerf-storage/dlio_benchmark/dlio_benchmark/utils/statscounter.py:325]
[INFO] 2025-05-05T09:53:13.124899 Rank 0 step 379 processed 5 samples in 1.2322077751159668 s [/mnt/ioopt/appbench/apps/MLPerf-storage/dlio_benchmark/dlio_benchmark/utils/statscounter.py:325]
[INFO] 2025-05-05T09:53:16.378561 Rank 0 step 380 processed 5 samples in 3.2531888484954834 s [/mnt/ioopt/appbench/apps/MLPerf-storage/dlio_benchmark/dlio_benchmark/utils/statscounter.py:325]
[INFO] 2025-05-05T09:53:16.707601 Rank 0 step 381 processed 5 samples in 0.3285863399505615 s [/mnt/ioopt/appbench/apps/MLPerf-storage/dlio_benchmark/dlio_benchmark/utils/statscounter.py:325]
[INFO] 2025-05-05T09:53:17.787285 Rank 0 step 382 processed 5 samples in 1.0792620182037354 s [/mnt/ioopt/appbench/apps/MLPerf-storage/dlio_benchmark/dlio_benchmark/utils/statscounter.py:325]
[INFO] 2025-05-05T09:53:24.817885 Rank 0 step 383 processed 5 samples in 7.030121564865112 s [/mnt/ioopt/appbench/apps/MLPerf-storage/dlio_benchmark/dlio_benchmark/utils/statscounter.py:325]
[INFO] 2025-05-05T09:53:25.146651 Rank 0 step 384 processed 5 samples in 0.3282809257507324 s [/mnt/ioopt/appbench/apps/MLPerf-storage/dlio_benchmark/dlio_benchmark/utils/statscounter.py:325]
[INFO] 2025-05-05T09:53:27.641187 Rank 0 step 385 processed 5 samples in 2.4940898418426514 s [/mnt/ioopt/appbench/apps/MLPerf-storage/dlio_benchmark/dlio_benchmark/utils/statscounter.py:325]
[INFO] 2025-05-05T09:53:28.730644 Rank 0 step 386 processed 5 samples in 1.0890088081359863 s [/mnt/ioopt/appbench/apps/MLPerf-storage/dlio_benchmark/dlio_benchmark/utils/statscounter.py:325]
[INFO] 2025-05-05T09:53:30.567369 Rank 0 step 387 processed 5 samples in 1.8362417221069336 s [/mnt/ioopt/appbench/apps/MLPerf-storage/dlio_benchmark/dlio_benchmark/utils/statscounter.py:325]
[INFO] 2025-05-05T09:53:30.896199 Rank 0 step 388 processed 5 samples in 0.32836151123046875 s [/mnt/ioopt/appbench/apps/MLPerf-storage/dlio_benchmark/dlio_benchmark/utils/statscounter.py:325]
[INFO] 2025-05-05T09:53:35.038062 Rank 0 step 389 processed 5 samples in 4.141404867172241 s [/mnt/ioopt/appbench/apps/MLPerf-storage/dlio_benchmark/dlio_benchmark/utils/statscounter.py:325]
[INFO] 2025-05-05T09:53:38.011882 Rank 0 step 390 processed 5 samples in 2.973350763320923 s [/mnt/ioopt/appbench/apps/MLPerf-storage/dlio_benchmark/dlio_benchmark/utils/statscounter.py:325]
[INFO] 2025-05-05T09:53:41.947435 Rank 0 step 391 processed 5 samples in 3.9350523948669434 s [/mnt/ioopt/appbench/apps/MLPerf-storage/dlio_benchmark/dlio_benchmark/utils/statscounter.py:325]
[INFO] 2025-05-05T09:53:43.020769 Rank 0 step 392 processed 5 samples in 1.0728273391723633 s [/mnt/ioopt/appbench/apps/MLPerf-storage/dlio_benchmark/dlio_benchmark/utils/statscounter.py:325]
[INFO] 2025-05-05T09:53:43.803172 Rank 0 step 393 processed 5 samples in 0.7819280624389648 s [/mnt/ioopt/appbench/apps/MLPerf-storage/dlio_benchmark/dlio_benchmark/utils/statscounter.py:325]
[INFO] 2025-05-05T09:53:44.132040 Rank 0 step 394 processed 5 samples in 0.32839226722717285 s [/mnt/ioopt/appbench/apps/MLPerf-storage/dlio_benchmark/dlio_benchmark/utils/statscounter.py:325]
[INFO] 2025-05-05T09:53:49.638701 Rank 0 step 395 processed 5 samples in 5.506203889846802 s [/mnt/ioopt/appbench/apps/MLPerf-storage/dlio_benchmark/dlio_benchmark/utils/statscounter.py:325]
[INFO] 2025-05-05T09:53:49.967752 Rank 0 step 396 processed 5 samples in 0.328549861907959 s [/mnt/ioopt/appbench/apps/MLPerf-storage/dlio_benchmark/dlio_benchmark/utils/statscounter.py:325]
[INFO] 2025-05-05T09:53:53.087334 Rank 0 step 397 processed 5 samples in 3.119140386581421 s [/mnt/ioopt/appbench/apps/MLPerf-storage/dlio_benchmark/dlio_benchmark/utils/statscounter.py:325]
[INFO] 2025-05-05T09:53:54.058847 Rank 0 step 398 processed 5 samples in 0.9710721969604492 s [/mnt/ioopt/appbench/apps/MLPerf-storage/dlio_benchmark/dlio_benchmark/utils/statscounter.py:325]
[INFO] 2025-05-05T09:53:54.387375 Rank 0 step 399 processed 5 samples in 0.32808446884155273 s [/mnt/ioopt/appbench/apps/MLPerf-storage/dlio_benchmark/dlio_benchmark/utils/statscounter.py:325]
[INFO] 2025-05-05T09:53:55.192505 Rank 0 step 400 processed 5 samples in 0.8047177791595459 s [/mnt/ioopt/appbench/apps/MLPerf-storage/dlio_benchmark/dlio_benchmark/utils/statscounter.py:325]
[INFO] 2025-05-05T09:53:55.193023 Maximum number of steps reached [/mnt/ioopt/appbench/apps/MLPerf-storage/dlio_benchmark/dlio_benchmark/main.py:293]
[INFO] 2025-05-05T09:53:55.196046 Ending block 1 - 400 steps completed in 927.99 s [/mnt/ioopt/appbench/apps/MLPerf-storage/dlio_benchmark/dlio_benchmark/utils/statscounter.py:282]
[INFO] 2025-05-05T09:53:55.218543 Epoch 1 - Block 1 [Training] Accelerator Utilization [AU] (%): 14.1203 [/mnt/ioopt/appbench/apps/MLPerf-storage/dlio_benchmark/dlio_benchmark/utils/statscounter.py:285]
[INFO] 2025-05-05T09:53:55.218664 Epoch 1 - Block 1 [Training] Throughput (samples/second): 2.1552 [/mnt/ioopt/appbench/apps/MLPerf-storage/dlio_benchmark/dlio_benchmark/utils/statscounter.py:286]
[INFO] 2025-05-05T09:53:55.222317 Ending epoch 1 - 400 steps completed in 928.05 s [/mnt/ioopt/appbench/apps/MLPerf-storage/dlio_benchmark/dlio_benchmark/utils/statscounter.py:225]
[INFO] 2025-05-05T09:53:55.229459 Saved outputs in /mnt/ioopt/appbench/apps/MLPerf-storage/resultsdir/RUN_5/batch_size_5_num_threads_6 [/mnt/ioopt/appbench/apps/MLPerf-storage/dlio_benchmark/dlio_benchmark/utils/statscounter.py:171]
[INFO] Averaged metric over all epochs
[METRIC] ==========================================================
[METRIC] Number of Simulated Accelerators: 1 
[METRIC] Training Accelerator Utilization [AU] (%): 14.1203 (0.0000)
[METRIC] Training Throughput (samples/second): 2.1552 (0.0000)
[METRIC] Training I/O Throughput (MB/second): 301.3156 (0.0000)
[METRIC] train_au_meet_expectation: fail
[METRIC] ==========================================================
 [/mnt/ioopt/appbench/apps/MLPerf-storage/dlio_benchmark/dlio_benchmark/utils/statscounter.py:185]
[INFO] 2025-05-05T09:53:55.235904 outputs saved in RANKID_output.json [/mnt/ioopt/appbench/apps/MLPerf-storage/dlio_benchmark/dlio_benchmark/utils/statscounter.py:378]
