[INFO] 2025-05-05T11:02:35.828162 Profiling DLIO /mnt/ioopt/appbench/apps/MLPerf-storage/resultsdir/RUN_5/batch_size_5_num_threads_16/trace-0-of-1.pfw [/mnt/ioopt/appbench/apps/MLPerf-storage/dlio_benchmark/dlio_benchmark/utils/config.py:189]
[INFO] 2025-05-05T11:02:35.828789 Running DLIO with 1 process(es) [/mnt/ioopt/appbench/apps/MLPerf-storage/dlio_benchmark/dlio_benchmark/main.py:100]
[INFO] Total amount of data each host will consume is 273.064948618412 GB; each host has [np.float64(187.5592384338379)] GB memory [/mnt/ioopt/appbench/apps/MLPerf-storage/dlio_benchmark/dlio_benchmark/utils/statscounter.py:121]
[INFO] 2025-05-05T11:02:52.183042 Max steps per epoch: 400 = 1 * 2000 / 5 / 1 (samples per file * num files / batch size / comm size) [/mnt/ioopt/appbench/apps/MLPerf-storage/dlio_benchmark/dlio_benchmark/main.py:321]
[INFO] 2025-05-05T11:02:52.336617 Starting epoch 1: 400 steps expected [/mnt/ioopt/appbench/apps/MLPerf-storage/dlio_benchmark/dlio_benchmark/utils/statscounter.py:192]
[INFO] 2025-05-05T11:02:52.368950 Starting block 1 [/mnt/ioopt/appbench/apps/MLPerf-storage/dlio_benchmark/dlio_benchmark/utils/statscounter.py:264]
[INFO] 2025-05-05T11:03:30.635759 Rank 0 step 1 processed 5 samples in 38.26660776138306 s [/mnt/ioopt/appbench/apps/MLPerf-storage/dlio_benchmark/dlio_benchmark/utils/statscounter.py:325]
[INFO] 2025-05-05T11:03:31.319008 Rank 0 step 2 processed 5 samples in 0.6823480129241943 s [/mnt/ioopt/appbench/apps/MLPerf-storage/dlio_benchmark/dlio_benchmark/utils/statscounter.py:325]
[INFO] 2025-05-05T11:03:33.799802 Rank 0 step 3 processed 5 samples in 2.4800972938537598 s [/mnt/ioopt/appbench/apps/MLPerf-storage/dlio_benchmark/dlio_benchmark/utils/statscounter.py:325]
[INFO] 2025-05-05T11:03:34.128821 Rank 0 step 4 processed 5 samples in 0.32853102684020996 s [/mnt/ioopt/appbench/apps/MLPerf-storage/dlio_benchmark/dlio_benchmark/utils/statscounter.py:325]
[INFO] 2025-05-05T11:03:34.457633 Rank 0 step 5 processed 5 samples in 0.32836437225341797 s [/mnt/ioopt/appbench/apps/MLPerf-storage/dlio_benchmark/dlio_benchmark/utils/statscounter.py:325]
[INFO] 2025-05-05T11:03:34.786664 Rank 0 step 6 processed 5 samples in 0.3285987377166748 s [/mnt/ioopt/appbench/apps/MLPerf-storage/dlio_benchmark/dlio_benchmark/utils/statscounter.py:325]
[INFO] 2025-05-05T11:03:35.115378 Rank 0 step 7 processed 5 samples in 0.3282625675201416 s [/mnt/ioopt/appbench/apps/MLPerf-storage/dlio_benchmark/dlio_benchmark/utils/statscounter.py:325]
[INFO] 2025-05-05T11:03:35.444438 Rank 0 step 8 processed 5 samples in 0.32863330841064453 s [/mnt/ioopt/appbench/apps/MLPerf-storage/dlio_benchmark/dlio_benchmark/utils/statscounter.py:325]
[INFO] 2025-05-05T11:03:35.773479 Rank 0 step 9 processed 5 samples in 0.3285970687866211 s [/mnt/ioopt/appbench/apps/MLPerf-storage/dlio_benchmark/dlio_benchmark/utils/statscounter.py:325]
[INFO] 2025-05-05T11:03:36.102129 Rank 0 step 10 processed 5 samples in 0.32820630073547363 s [/mnt/ioopt/appbench/apps/MLPerf-storage/dlio_benchmark/dlio_benchmark/utils/statscounter.py:325]
[INFO] 2025-05-05T11:03:36.430882 Rank 0 step 11 processed 5 samples in 0.32833409309387207 s [/mnt/ioopt/appbench/apps/MLPerf-storage/dlio_benchmark/dlio_benchmark/utils/statscounter.py:325]
[INFO] 2025-05-05T11:03:36.760084 Rank 0 step 12 processed 5 samples in 0.3287317752838135 s [/mnt/ioopt/appbench/apps/MLPerf-storage/dlio_benchmark/dlio_benchmark/utils/statscounter.py:325]
[INFO] 2025-05-05T11:03:37.091425 Rank 0 step 13 processed 5 samples in 0.3308572769165039 s [/mnt/ioopt/appbench/apps/MLPerf-storage/dlio_benchmark/dlio_benchmark/utils/statscounter.py:325]
[INFO] 2025-05-05T11:03:37.420113 Rank 0 step 14 processed 5 samples in 0.3282155990600586 s [/mnt/ioopt/appbench/apps/MLPerf-storage/dlio_benchmark/dlio_benchmark/utils/statscounter.py:325]
[INFO] 2025-05-05T11:03:37.748909 Rank 0 step 15 processed 5 samples in 0.3283500671386719 s [/mnt/ioopt/appbench/apps/MLPerf-storage/dlio_benchmark/dlio_benchmark/utils/statscounter.py:325]
[INFO] 2025-05-05T11:03:38.077834 Rank 0 step 16 processed 5 samples in 0.3284456729888916 s [/mnt/ioopt/appbench/apps/MLPerf-storage/dlio_benchmark/dlio_benchmark/utils/statscounter.py:325]
[INFO] 2025-05-05T11:03:58.299254 Rank 0 step 17 processed 5 samples in 20.22089385986328 s [/mnt/ioopt/appbench/apps/MLPerf-storage/dlio_benchmark/dlio_benchmark/utils/statscounter.py:325]
[INFO] 2025-05-05T11:04:06.178363 Rank 0 step 18 processed 5 samples in 7.878625392913818 s [/mnt/ioopt/appbench/apps/MLPerf-storage/dlio_benchmark/dlio_benchmark/utils/statscounter.py:325]
[INFO] 2025-05-05T11:04:12.886064 Rank 0 step 19 processed 5 samples in 6.707206726074219 s [/mnt/ioopt/appbench/apps/MLPerf-storage/dlio_benchmark/dlio_benchmark/utils/statscounter.py:325]
[INFO] 2025-05-05T11:04:13.215131 Rank 0 step 20 processed 5 samples in 0.3285841941833496 s [/mnt/ioopt/appbench/apps/MLPerf-storage/dlio_benchmark/dlio_benchmark/utils/statscounter.py:325]
[INFO] 2025-05-05T11:04:13.544144 Rank 0 step 21 processed 5 samples in 0.3285665512084961 s [/mnt/ioopt/appbench/apps/MLPerf-storage/dlio_benchmark/dlio_benchmark/utils/statscounter.py:325]
[INFO] 2025-05-05T11:04:14.227275 Rank 0 step 22 processed 5 samples in 0.6826822757720947 s [/mnt/ioopt/appbench/apps/MLPerf-storage/dlio_benchmark/dlio_benchmark/utils/statscounter.py:325]
[INFO] 2025-05-05T11:04:14.558963 Rank 0 step 23 processed 5 samples in 0.33116698265075684 s [/mnt/ioopt/appbench/apps/MLPerf-storage/dlio_benchmark/dlio_benchmark/utils/statscounter.py:325]
[INFO] 2025-05-05T11:04:14.889669 Rank 0 step 24 processed 5 samples in 0.32924532890319824 s [/mnt/ioopt/appbench/apps/MLPerf-storage/dlio_benchmark/dlio_benchmark/utils/statscounter.py:325]
[INFO] 2025-05-05T11:04:15.217325 Rank 0 step 25 processed 5 samples in 0.32713961601257324 s [/mnt/ioopt/appbench/apps/MLPerf-storage/dlio_benchmark/dlio_benchmark/utils/statscounter.py:325]
[INFO] 2025-05-05T11:04:15.546579 Rank 0 step 26 processed 5 samples in 0.32875967025756836 s [/mnt/ioopt/appbench/apps/MLPerf-storage/dlio_benchmark/dlio_benchmark/utils/statscounter.py:325]
[INFO] 2025-05-05T11:04:15.882411 Rank 0 step 27 processed 5 samples in 0.33530330657958984 s [/mnt/ioopt/appbench/apps/MLPerf-storage/dlio_benchmark/dlio_benchmark/utils/statscounter.py:325]
[INFO] 2025-05-05T11:04:16.211611 Rank 0 step 28 processed 5 samples in 0.32869505882263184 s [/mnt/ioopt/appbench/apps/MLPerf-storage/dlio_benchmark/dlio_benchmark/utils/statscounter.py:325]
[INFO] 2025-05-05T11:04:18.428355 Rank 0 step 29 processed 5 samples in 2.216259717941284 s [/mnt/ioopt/appbench/apps/MLPerf-storage/dlio_benchmark/dlio_benchmark/utils/statscounter.py:325]
[INFO] 2025-05-05T11:04:19.143405 Rank 0 step 30 processed 5 samples in 0.7145578861236572 s [/mnt/ioopt/appbench/apps/MLPerf-storage/dlio_benchmark/dlio_benchmark/utils/statscounter.py:325]
[INFO] 2025-05-05T11:04:19.473074 Rank 0 step 31 processed 5 samples in 0.3291447162628174 s [/mnt/ioopt/appbench/apps/MLPerf-storage/dlio_benchmark/dlio_benchmark/utils/statscounter.py:325]
[INFO] 2025-05-05T11:04:20.840842 Rank 0 step 32 processed 5 samples in 1.3672170639038086 s [/mnt/ioopt/appbench/apps/MLPerf-storage/dlio_benchmark/dlio_benchmark/utils/statscounter.py:325]
[INFO] 2025-05-05T11:04:35.065740 Rank 0 step 33 processed 5 samples in 14.224526643753052 s [/mnt/ioopt/appbench/apps/MLPerf-storage/dlio_benchmark/dlio_benchmark/utils/statscounter.py:325]
[INFO] 2025-05-05T11:04:45.165191 Rank 0 step 34 processed 5 samples in 10.09889554977417 s [/mnt/ioopt/appbench/apps/MLPerf-storage/dlio_benchmark/dlio_benchmark/utils/statscounter.py:325]
[INFO] 2025-05-05T11:04:56.069241 Rank 0 step 35 processed 5 samples in 10.903501749038696 s [/mnt/ioopt/appbench/apps/MLPerf-storage/dlio_benchmark/dlio_benchmark/utils/statscounter.py:325]
[INFO] 2025-05-05T11:04:56.398242 Rank 0 step 36 processed 5 samples in 0.3285024166107178 s [/mnt/ioopt/appbench/apps/MLPerf-storage/dlio_benchmark/dlio_benchmark/utils/statscounter.py:325]
[INFO] 2025-05-05T11:04:56.726955 Rank 0 step 37 processed 5 samples in 0.3282754421234131 s [/mnt/ioopt/appbench/apps/MLPerf-storage/dlio_benchmark/dlio_benchmark/utils/statscounter.py:325]
[INFO] 2025-05-05T11:04:57.055927 Rank 0 step 38 processed 5 samples in 0.3285031318664551 s [/mnt/ioopt/appbench/apps/MLPerf-storage/dlio_benchmark/dlio_benchmark/utils/statscounter.py:325]
[INFO] 2025-05-05T11:04:57.384656 Rank 0 step 39 processed 5 samples in 0.32831239700317383 s [/mnt/ioopt/appbench/apps/MLPerf-storage/dlio_benchmark/dlio_benchmark/utils/statscounter.py:325]
[INFO] 2025-05-05T11:04:57.713615 Rank 0 step 40 processed 5 samples in 0.3285362720489502 s [/mnt/ioopt/appbench/apps/MLPerf-storage/dlio_benchmark/dlio_benchmark/utils/statscounter.py:325]
[INFO] 2025-05-05T11:04:58.042588 Rank 0 step 41 processed 5 samples in 0.3285350799560547 s [/mnt/ioopt/appbench/apps/MLPerf-storage/dlio_benchmark/dlio_benchmark/utils/statscounter.py:325]
[INFO] 2025-05-05T11:04:58.371349 Rank 0 step 42 processed 5 samples in 0.3283207416534424 s [/mnt/ioopt/appbench/apps/MLPerf-storage/dlio_benchmark/dlio_benchmark/utils/statscounter.py:325]
[INFO] 2025-05-05T11:04:58.700546 Rank 0 step 43 processed 5 samples in 0.3287646770477295 s [/mnt/ioopt/appbench/apps/MLPerf-storage/dlio_benchmark/dlio_benchmark/utils/statscounter.py:325]
[INFO] 2025-05-05T11:04:59.032982 Rank 0 step 44 processed 5 samples in 0.33193421363830566 s [/mnt/ioopt/appbench/apps/MLPerf-storage/dlio_benchmark/dlio_benchmark/utils/statscounter.py:325]
[INFO] 2025-05-05T11:04:59.362664 Rank 0 step 45 processed 5 samples in 0.32912397384643555 s [/mnt/ioopt/appbench/apps/MLPerf-storage/dlio_benchmark/dlio_benchmark/utils/statscounter.py:325]
[INFO] 2025-05-05T11:04:59.691836 Rank 0 step 46 processed 5 samples in 0.32851719856262207 s [/mnt/ioopt/appbench/apps/MLPerf-storage/dlio_benchmark/dlio_benchmark/utils/statscounter.py:325]
[INFO] 2025-05-05T11:05:00.020722 Rank 0 step 47 processed 5 samples in 0.32839131355285645 s [/mnt/ioopt/appbench/apps/MLPerf-storage/dlio_benchmark/dlio_benchmark/utils/statscounter.py:325]
[INFO] 2025-05-05T11:05:00.350103 Rank 0 step 48 processed 5 samples in 0.3288912773132324 s [/mnt/ioopt/appbench/apps/MLPerf-storage/dlio_benchmark/dlio_benchmark/utils/statscounter.py:325]
[INFO] 2025-05-05T11:05:05.354672 Rank 0 step 49 processed 5 samples in 5.004066705703735 s [/mnt/ioopt/appbench/apps/MLPerf-storage/dlio_benchmark/dlio_benchmark/utils/statscounter.py:325]
[INFO] 2025-05-05T11:05:13.944477 Rank 0 step 50 processed 5 samples in 8.58925199508667 s [/mnt/ioopt/appbench/apps/MLPerf-storage/dlio_benchmark/dlio_benchmark/utils/statscounter.py:325]
[INFO] 2025-05-05T11:05:36.247959 Rank 0 step 51 processed 5 samples in 22.302923440933228 s [/mnt/ioopt/appbench/apps/MLPerf-storage/dlio_benchmark/dlio_benchmark/utils/statscounter.py:325]
[INFO] 2025-05-05T11:05:36.574231 Rank 0 step 52 processed 5 samples in 0.325878381729126 s [/mnt/ioopt/appbench/apps/MLPerf-storage/dlio_benchmark/dlio_benchmark/utils/statscounter.py:325]
[INFO] 2025-05-05T11:05:36.903568 Rank 0 step 53 processed 5 samples in 0.3288285732269287 s [/mnt/ioopt/appbench/apps/MLPerf-storage/dlio_benchmark/dlio_benchmark/utils/statscounter.py:325]
[INFO] 2025-05-05T11:05:37.230424 Rank 0 step 54 processed 5 samples in 0.3264946937561035 s [/mnt/ioopt/appbench/apps/MLPerf-storage/dlio_benchmark/dlio_benchmark/utils/statscounter.py:325]
[INFO] 2025-05-05T11:05:37.563777 Rank 0 step 55 processed 5 samples in 0.3328585624694824 s [/mnt/ioopt/appbench/apps/MLPerf-storage/dlio_benchmark/dlio_benchmark/utils/statscounter.py:325]
[INFO] 2025-05-05T11:05:37.892904 Rank 0 step 56 processed 5 samples in 0.3286709785461426 s [/mnt/ioopt/appbench/apps/MLPerf-storage/dlio_benchmark/dlio_benchmark/utils/statscounter.py:325]
[INFO] 2025-05-05T11:05:38.221743 Rank 0 step 57 processed 5 samples in 0.3283848762512207 s [/mnt/ioopt/appbench/apps/MLPerf-storage/dlio_benchmark/dlio_benchmark/utils/statscounter.py:325]
[INFO] 2025-05-05T11:05:38.550766 Rank 0 step 58 processed 5 samples in 0.32857441902160645 s [/mnt/ioopt/appbench/apps/MLPerf-storage/dlio_benchmark/dlio_benchmark/utils/statscounter.py:325]
[INFO] 2025-05-05T11:05:38.882419 Rank 0 step 59 processed 5 samples in 0.331195592880249 s [/mnt/ioopt/appbench/apps/MLPerf-storage/dlio_benchmark/dlio_benchmark/utils/statscounter.py:325]
[INFO] 2025-05-05T11:05:39.209242 Rank 0 step 60 processed 5 samples in 0.32632970809936523 s [/mnt/ioopt/appbench/apps/MLPerf-storage/dlio_benchmark/dlio_benchmark/utils/statscounter.py:325]
[INFO] 2025-05-05T11:05:42.709104 Rank 0 step 61 processed 5 samples in 3.499363422393799 s [/mnt/ioopt/appbench/apps/MLPerf-storage/dlio_benchmark/dlio_benchmark/utils/statscounter.py:325]
[INFO] 2025-05-05T11:05:43.097501 Rank 0 step 62 processed 5 samples in 0.3878822326660156 s [/mnt/ioopt/appbench/apps/MLPerf-storage/dlio_benchmark/dlio_benchmark/utils/statscounter.py:325]
[INFO] 2025-05-05T11:05:43.426774 Rank 0 step 63 processed 5 samples in 0.32877063751220703 s [/mnt/ioopt/appbench/apps/MLPerf-storage/dlio_benchmark/dlio_benchmark/utils/statscounter.py:325]
[INFO] 2025-05-05T11:05:43.755656 Rank 0 step 64 processed 5 samples in 0.3283698558807373 s [/mnt/ioopt/appbench/apps/MLPerf-storage/dlio_benchmark/dlio_benchmark/utils/statscounter.py:325]
[INFO] 2025-05-05T11:05:44.088156 Rank 0 step 65 processed 5 samples in 0.3319814205169678 s [/mnt/ioopt/appbench/apps/MLPerf-storage/dlio_benchmark/dlio_benchmark/utils/statscounter.py:325]
[INFO] 2025-05-05T11:05:44.417507 Rank 0 step 66 processed 5 samples in 0.3287959098815918 s [/mnt/ioopt/appbench/apps/MLPerf-storage/dlio_benchmark/dlio_benchmark/utils/statscounter.py:325]
[INFO] 2025-05-05T11:06:08.053511 Rank 0 step 67 processed 5 samples in 23.63550305366516 s [/mnt/ioopt/appbench/apps/MLPerf-storage/dlio_benchmark/dlio_benchmark/utils/statscounter.py:325]
[INFO] 2025-05-05T11:06:08.382874 Rank 0 step 68 processed 5 samples in 0.3288419246673584 s [/mnt/ioopt/appbench/apps/MLPerf-storage/dlio_benchmark/dlio_benchmark/utils/statscounter.py:325]
[INFO] 2025-05-05T11:06:11.758692 Rank 0 step 69 processed 5 samples in 3.3752965927124023 s [/mnt/ioopt/appbench/apps/MLPerf-storage/dlio_benchmark/dlio_benchmark/utils/statscounter.py:325]
[INFO] 2025-05-05T11:06:13.115116 Rank 0 step 70 processed 5 samples in 1.355888843536377 s [/mnt/ioopt/appbench/apps/MLPerf-storage/dlio_benchmark/dlio_benchmark/utils/statscounter.py:325]
[INFO] 2025-05-05T11:06:14.819356 Rank 0 step 71 processed 5 samples in 1.7037482261657715 s [/mnt/ioopt/appbench/apps/MLPerf-storage/dlio_benchmark/dlio_benchmark/utils/statscounter.py:325]
[INFO] 2025-05-05T11:06:15.148688 Rank 0 step 72 processed 5 samples in 0.3286311626434326 s [/mnt/ioopt/appbench/apps/MLPerf-storage/dlio_benchmark/dlio_benchmark/utils/statscounter.py:325]
[INFO] 2025-05-05T11:06:15.477666 Rank 0 step 73 processed 5 samples in 0.32847166061401367 s [/mnt/ioopt/appbench/apps/MLPerf-storage/dlio_benchmark/dlio_benchmark/utils/statscounter.py:325]
[INFO] 2025-05-05T11:06:15.806624 Rank 0 step 74 processed 5 samples in 0.3284492492675781 s [/mnt/ioopt/appbench/apps/MLPerf-storage/dlio_benchmark/dlio_benchmark/utils/statscounter.py:325]
[INFO] 2025-05-05T11:06:16.135644 Rank 0 step 75 processed 5 samples in 0.32848453521728516 s [/mnt/ioopt/appbench/apps/MLPerf-storage/dlio_benchmark/dlio_benchmark/utils/statscounter.py:325]
[INFO] 2025-05-05T11:06:17.460435 Rank 0 step 76 processed 5 samples in 1.324289321899414 s [/mnt/ioopt/appbench/apps/MLPerf-storage/dlio_benchmark/dlio_benchmark/utils/statscounter.py:325]
[INFO] 2025-05-05T11:06:17.790652 Rank 0 step 77 processed 5 samples in 0.3297255039215088 s [/mnt/ioopt/appbench/apps/MLPerf-storage/dlio_benchmark/dlio_benchmark/utils/statscounter.py:325]
[INFO] 2025-05-05T11:06:18.117946 Rank 0 step 78 processed 5 samples in 0.32666969299316406 s [/mnt/ioopt/appbench/apps/MLPerf-storage/dlio_benchmark/dlio_benchmark/utils/statscounter.py:325]
[INFO] 2025-05-05T11:06:18.447128 Rank 0 step 79 processed 5 samples in 0.3286731243133545 s [/mnt/ioopt/appbench/apps/MLPerf-storage/dlio_benchmark/dlio_benchmark/utils/statscounter.py:325]
[INFO] 2025-05-05T11:06:19.027583 Rank 0 step 80 processed 5 samples in 0.5798497200012207 s [/mnt/ioopt/appbench/apps/MLPerf-storage/dlio_benchmark/dlio_benchmark/utils/statscounter.py:325]
[INFO] 2025-05-05T11:06:19.816424 Rank 0 step 81 processed 5 samples in 0.7871863842010498 s [/mnt/ioopt/appbench/apps/MLPerf-storage/dlio_benchmark/dlio_benchmark/utils/statscounter.py:325]
[INFO] 2025-05-05T11:06:20.145480 Rank 0 step 82 processed 5 samples in 0.3285188674926758 s [/mnt/ioopt/appbench/apps/MLPerf-storage/dlio_benchmark/dlio_benchmark/utils/statscounter.py:325]
[INFO] 2025-05-05T11:06:46.323926 Rank 0 step 83 processed 5 samples in 26.177920818328857 s [/mnt/ioopt/appbench/apps/MLPerf-storage/dlio_benchmark/dlio_benchmark/utils/statscounter.py:325]
[INFO] 2025-05-05T11:06:46.652751 Rank 0 step 84 processed 5 samples in 0.3282582759857178 s [/mnt/ioopt/appbench/apps/MLPerf-storage/dlio_benchmark/dlio_benchmark/utils/statscounter.py:325]
[INFO] 2025-05-05T11:06:46.981669 Rank 0 step 85 processed 5 samples in 0.3284156322479248 s [/mnt/ioopt/appbench/apps/MLPerf-storage/dlio_benchmark/dlio_benchmark/utils/statscounter.py:325]
[INFO] 2025-05-05T11:06:52.412043 Rank 0 step 86 processed 5 samples in 5.429870128631592 s [/mnt/ioopt/appbench/apps/MLPerf-storage/dlio_benchmark/dlio_benchmark/utils/statscounter.py:325]
[INFO] 2025-05-05T11:06:52.741658 Rank 0 step 87 processed 5 samples in 0.32909440994262695 s [/mnt/ioopt/appbench/apps/MLPerf-storage/dlio_benchmark/dlio_benchmark/utils/statscounter.py:325]
[INFO] 2025-05-05T11:06:53.070479 Rank 0 step 88 processed 5 samples in 0.3283255100250244 s [/mnt/ioopt/appbench/apps/MLPerf-storage/dlio_benchmark/dlio_benchmark/utils/statscounter.py:325]
[INFO] 2025-05-05T11:06:53.399280 Rank 0 step 89 processed 5 samples in 0.32834672927856445 s [/mnt/ioopt/appbench/apps/MLPerf-storage/dlio_benchmark/dlio_benchmark/utils/statscounter.py:325]
[INFO] 2025-05-05T11:06:53.727961 Rank 0 step 90 processed 5 samples in 0.32822585105895996 s [/mnt/ioopt/appbench/apps/MLPerf-storage/dlio_benchmark/dlio_benchmark/utils/statscounter.py:325]
[INFO] 2025-05-05T11:06:54.057317 Rank 0 step 91 processed 5 samples in 0.32894349098205566 s [/mnt/ioopt/appbench/apps/MLPerf-storage/dlio_benchmark/dlio_benchmark/utils/statscounter.py:325]
[INFO] 2025-05-05T11:06:56.255815 Rank 0 step 92 processed 5 samples in 2.1981403827667236 s [/mnt/ioopt/appbench/apps/MLPerf-storage/dlio_benchmark/dlio_benchmark/utils/statscounter.py:325]
[INFO] 2025-05-05T11:06:58.123245 Rank 0 step 93 processed 5 samples in 1.8668737411499023 s [/mnt/ioopt/appbench/apps/MLPerf-storage/dlio_benchmark/dlio_benchmark/utils/statscounter.py:325]
[INFO] 2025-05-05T11:06:58.452059 Rank 0 step 94 processed 5 samples in 0.32827019691467285 s [/mnt/ioopt/appbench/apps/MLPerf-storage/dlio_benchmark/dlio_benchmark/utils/statscounter.py:325]
[INFO] 2025-05-05T11:06:58.781144 Rank 0 step 95 processed 5 samples in 0.3285975456237793 s [/mnt/ioopt/appbench/apps/MLPerf-storage/dlio_benchmark/dlio_benchmark/utils/statscounter.py:325]
[INFO] 2025-05-05T11:06:59.109156 Rank 0 step 96 processed 5 samples in 0.32752537727355957 s [/mnt/ioopt/appbench/apps/MLPerf-storage/dlio_benchmark/dlio_benchmark/utils/statscounter.py:325]
[INFO] 2025-05-05T11:06:59.438204 Rank 0 step 97 processed 5 samples in 0.32856249809265137 s [/mnt/ioopt/appbench/apps/MLPerf-storage/dlio_benchmark/dlio_benchmark/utils/statscounter.py:325]
[INFO] 2025-05-05T11:06:59.767323 Rank 0 step 98 processed 5 samples in 0.32860875129699707 s [/mnt/ioopt/appbench/apps/MLPerf-storage/dlio_benchmark/dlio_benchmark/utils/statscounter.py:325]
[INFO] 2025-05-05T11:07:26.728378 Rank 0 step 99 processed 5 samples in 26.960585594177246 s [/mnt/ioopt/appbench/apps/MLPerf-storage/dlio_benchmark/dlio_benchmark/utils/statscounter.py:325]
[INFO] 2025-05-05T11:07:27.057088 Rank 0 step 100 processed 5 samples in 0.3282284736633301 s [/mnt/ioopt/appbench/apps/MLPerf-storage/dlio_benchmark/dlio_benchmark/utils/statscounter.py:325]
[INFO] 2025-05-05T11:07:29.658634 Rank 0 step 101 processed 5 samples in 2.6011219024658203 s [/mnt/ioopt/appbench/apps/MLPerf-storage/dlio_benchmark/dlio_benchmark/utils/statscounter.py:325]
[INFO] 2025-05-05T11:07:29.987938 Rank 0 step 102 processed 5 samples in 0.3287787437438965 s [/mnt/ioopt/appbench/apps/MLPerf-storage/dlio_benchmark/dlio_benchmark/utils/statscounter.py:325]
[INFO] 2025-05-05T11:07:30.316045 Rank 0 step 103 processed 5 samples in 0.3275914192199707 s [/mnt/ioopt/appbench/apps/MLPerf-storage/dlio_benchmark/dlio_benchmark/utils/statscounter.py:325]
[INFO] 2025-05-05T11:07:30.645225 Rank 0 step 104 processed 5 samples in 0.32868456840515137 s [/mnt/ioopt/appbench/apps/MLPerf-storage/dlio_benchmark/dlio_benchmark/utils/statscounter.py:325]
[INFO] 2025-05-05T11:07:30.974580 Rank 0 step 105 processed 5 samples in 0.3288271427154541 s [/mnt/ioopt/appbench/apps/MLPerf-storage/dlio_benchmark/dlio_benchmark/utils/statscounter.py:325]
[INFO] 2025-05-05T11:07:33.563747 Rank 0 step 106 processed 5 samples in 2.588808298110962 s [/mnt/ioopt/appbench/apps/MLPerf-storage/dlio_benchmark/dlio_benchmark/utils/statscounter.py:325]
[INFO] 2025-05-05T11:07:33.893166 Rank 0 step 107 processed 5 samples in 0.3288898468017578 s [/mnt/ioopt/appbench/apps/MLPerf-storage/dlio_benchmark/dlio_benchmark/utils/statscounter.py:325]
[INFO] 2025-05-05T11:07:40.292148 Rank 0 step 108 processed 5 samples in 6.398462772369385 s [/mnt/ioopt/appbench/apps/MLPerf-storage/dlio_benchmark/dlio_benchmark/utils/statscounter.py:325]
[INFO] 2025-05-05T11:07:40.621902 Rank 0 step 109 processed 5 samples in 0.3289647102355957 s [/mnt/ioopt/appbench/apps/MLPerf-storage/dlio_benchmark/dlio_benchmark/utils/statscounter.py:325]
[INFO] 2025-05-05T11:07:40.951058 Rank 0 step 110 processed 5 samples in 0.3286471366882324 s [/mnt/ioopt/appbench/apps/MLPerf-storage/dlio_benchmark/dlio_benchmark/utils/statscounter.py:325]
[INFO] 2025-05-05T11:07:41.279979 Rank 0 step 111 processed 5 samples in 0.32842326164245605 s [/mnt/ioopt/appbench/apps/MLPerf-storage/dlio_benchmark/dlio_benchmark/utils/statscounter.py:325]
[INFO] 2025-05-05T11:07:41.608886 Rank 0 step 112 processed 5 samples in 0.3283960819244385 s [/mnt/ioopt/appbench/apps/MLPerf-storage/dlio_benchmark/dlio_benchmark/utils/statscounter.py:325]
[INFO] 2025-05-05T11:07:41.938642 Rank 0 step 113 processed 5 samples in 0.32921743392944336 s [/mnt/ioopt/appbench/apps/MLPerf-storage/dlio_benchmark/dlio_benchmark/utils/statscounter.py:325]
[INFO] 2025-05-05T11:07:42.267548 Rank 0 step 114 processed 5 samples in 0.32839131355285645 s [/mnt/ioopt/appbench/apps/MLPerf-storage/dlio_benchmark/dlio_benchmark/utils/statscounter.py:325]
[INFO] 2025-05-05T11:08:10.819336 Rank 0 step 115 processed 5 samples in 28.55130362510681 s [/mnt/ioopt/appbench/apps/MLPerf-storage/dlio_benchmark/dlio_benchmark/utils/statscounter.py:325]
[INFO] 2025-05-05T11:08:11.148946 Rank 0 step 116 processed 5 samples in 0.3290989398956299 s [/mnt/ioopt/appbench/apps/MLPerf-storage/dlio_benchmark/dlio_benchmark/utils/statscounter.py:325]
[INFO] 2025-05-05T11:08:11.478623 Rank 0 step 117 processed 5 samples in 0.3291897773742676 s [/mnt/ioopt/appbench/apps/MLPerf-storage/dlio_benchmark/dlio_benchmark/utils/statscounter.py:325]
[INFO] 2025-05-05T11:08:11.807971 Rank 0 step 118 processed 5 samples in 0.3287932872772217 s [/mnt/ioopt/appbench/apps/MLPerf-storage/dlio_benchmark/dlio_benchmark/utils/statscounter.py:325]
[INFO] 2025-05-05T11:08:12.134237 Rank 0 step 119 processed 5 samples in 0.32584428787231445 s [/mnt/ioopt/appbench/apps/MLPerf-storage/dlio_benchmark/dlio_benchmark/utils/statscounter.py:325]
[INFO] 2025-05-05T11:08:12.469455 Rank 0 step 120 processed 5 samples in 0.33474016189575195 s [/mnt/ioopt/appbench/apps/MLPerf-storage/dlio_benchmark/dlio_benchmark/utils/statscounter.py:325]
[INFO] 2025-05-05T11:08:12.798284 Rank 0 step 121 processed 5 samples in 0.328350305557251 s [/mnt/ioopt/appbench/apps/MLPerf-storage/dlio_benchmark/dlio_benchmark/utils/statscounter.py:325]
[INFO] 2025-05-05T11:08:13.127222 Rank 0 step 122 processed 5 samples in 0.3284950256347656 s [/mnt/ioopt/appbench/apps/MLPerf-storage/dlio_benchmark/dlio_benchmark/utils/statscounter.py:325]
[INFO] 2025-05-05T11:08:13.460458 Rank 0 step 123 processed 5 samples in 0.3327670097351074 s [/mnt/ioopt/appbench/apps/MLPerf-storage/dlio_benchmark/dlio_benchmark/utils/statscounter.py:325]
[INFO] 2025-05-05T11:08:14.281427 Rank 0 step 124 processed 5 samples in 0.8204617500305176 s [/mnt/ioopt/appbench/apps/MLPerf-storage/dlio_benchmark/dlio_benchmark/utils/statscounter.py:325]
[INFO] 2025-05-05T11:08:15.212360 Rank 0 step 125 processed 5 samples in 0.9304022789001465 s [/mnt/ioopt/appbench/apps/MLPerf-storage/dlio_benchmark/dlio_benchmark/utils/statscounter.py:325]
[INFO] 2025-05-05T11:08:21.112695 Rank 0 step 126 processed 5 samples in 5.89983344078064 s [/mnt/ioopt/appbench/apps/MLPerf-storage/dlio_benchmark/dlio_benchmark/utils/statscounter.py:325]
[INFO] 2025-05-05T11:08:26.627095 Rank 0 step 127 processed 5 samples in 5.513902902603149 s [/mnt/ioopt/appbench/apps/MLPerf-storage/dlio_benchmark/dlio_benchmark/utils/statscounter.py:325]
[INFO] 2025-05-05T11:08:26.956841 Rank 0 step 128 processed 5 samples in 0.32926368713378906 s [/mnt/ioopt/appbench/apps/MLPerf-storage/dlio_benchmark/dlio_benchmark/utils/statscounter.py:325]
[INFO] 2025-05-05T11:08:27.286279 Rank 0 step 129 processed 5 samples in 0.3289463520050049 s [/mnt/ioopt/appbench/apps/MLPerf-storage/dlio_benchmark/dlio_benchmark/utils/statscounter.py:325]
[INFO] 2025-05-05T11:08:27.615737 Rank 0 step 130 processed 5 samples in 0.3289377689361572 s [/mnt/ioopt/appbench/apps/MLPerf-storage/dlio_benchmark/dlio_benchmark/utils/statscounter.py:325]
[INFO] 2025-05-05T11:08:43.043170 Rank 0 step 131 processed 5 samples in 15.426950454711914 s [/mnt/ioopt/appbench/apps/MLPerf-storage/dlio_benchmark/dlio_benchmark/utils/statscounter.py:325]
[INFO] 2025-05-05T11:08:46.588108 Rank 0 step 132 processed 5 samples in 3.544426441192627 s [/mnt/ioopt/appbench/apps/MLPerf-storage/dlio_benchmark/dlio_benchmark/utils/statscounter.py:325]
[INFO] 2025-05-05T11:08:46.917067 Rank 0 step 133 processed 5 samples in 0.3284323215484619 s [/mnt/ioopt/appbench/apps/MLPerf-storage/dlio_benchmark/dlio_benchmark/utils/statscounter.py:325]
[INFO] 2025-05-05T11:08:48.778722 Rank 0 step 134 processed 5 samples in 1.8611648082733154 s [/mnt/ioopt/appbench/apps/MLPerf-storage/dlio_benchmark/dlio_benchmark/utils/statscounter.py:325]
[INFO] 2025-05-05T11:08:49.107795 Rank 0 step 135 processed 5 samples in 0.32855653762817383 s [/mnt/ioopt/appbench/apps/MLPerf-storage/dlio_benchmark/dlio_benchmark/utils/statscounter.py:325]
[INFO] 2025-05-05T11:08:49.436939 Rank 0 step 136 processed 5 samples in 0.3286728858947754 s [/mnt/ioopt/appbench/apps/MLPerf-storage/dlio_benchmark/dlio_benchmark/utils/statscounter.py:325]
[INFO] 2025-05-05T11:08:49.765723 Rank 0 step 137 processed 5 samples in 0.3283364772796631 s [/mnt/ioopt/appbench/apps/MLPerf-storage/dlio_benchmark/dlio_benchmark/utils/statscounter.py:325]
[INFO] 2025-05-05T11:08:50.094683 Rank 0 step 138 processed 5 samples in 0.3285229206085205 s [/mnt/ioopt/appbench/apps/MLPerf-storage/dlio_benchmark/dlio_benchmark/utils/statscounter.py:325]
[INFO] 2025-05-05T11:08:50.423836 Rank 0 step 139 processed 5 samples in 0.328676700592041 s [/mnt/ioopt/appbench/apps/MLPerf-storage/dlio_benchmark/dlio_benchmark/utils/statscounter.py:325]
[INFO] 2025-05-05T11:08:51.949621 Rank 0 step 140 processed 5 samples in 1.5251834392547607 s [/mnt/ioopt/appbench/apps/MLPerf-storage/dlio_benchmark/dlio_benchmark/utils/statscounter.py:325]
[INFO] 2025-05-05T11:08:54.703753 Rank 0 step 141 processed 5 samples in 2.7527177333831787 s [/mnt/ioopt/appbench/apps/MLPerf-storage/dlio_benchmark/dlio_benchmark/utils/statscounter.py:325]
[INFO] 2025-05-05T11:08:55.033039 Rank 0 step 142 processed 5 samples in 0.32878756523132324 s [/mnt/ioopt/appbench/apps/MLPerf-storage/dlio_benchmark/dlio_benchmark/utils/statscounter.py:325]
[INFO] 2025-05-05T11:09:11.493273 Rank 0 step 143 processed 5 samples in 16.45969796180725 s [/mnt/ioopt/appbench/apps/MLPerf-storage/dlio_benchmark/dlio_benchmark/utils/statscounter.py:325]
[INFO] 2025-05-05T11:09:11.822140 Rank 0 step 144 processed 5 samples in 0.3283569812774658 s [/mnt/ioopt/appbench/apps/MLPerf-storage/dlio_benchmark/dlio_benchmark/utils/statscounter.py:325]
[INFO] 2025-05-05T11:09:12.151074 Rank 0 step 145 processed 5 samples in 0.32837867736816406 s [/mnt/ioopt/appbench/apps/MLPerf-storage/dlio_benchmark/dlio_benchmark/utils/statscounter.py:325]
[INFO] 2025-05-05T11:09:12.480040 Rank 0 step 146 processed 5 samples in 0.3285250663757324 s [/mnt/ioopt/appbench/apps/MLPerf-storage/dlio_benchmark/dlio_benchmark/utils/statscounter.py:325]
[INFO] 2025-05-05T11:09:23.894345 Rank 0 step 147 processed 5 samples in 11.413862705230713 s [/mnt/ioopt/appbench/apps/MLPerf-storage/dlio_benchmark/dlio_benchmark/utils/statscounter.py:325]
[INFO] 2025-05-05T11:09:26.197319 Rank 0 step 148 processed 5 samples in 2.302480936050415 s [/mnt/ioopt/appbench/apps/MLPerf-storage/dlio_benchmark/dlio_benchmark/utils/statscounter.py:325]
[INFO] 2025-05-05T11:09:27.755186 Rank 0 step 149 processed 5 samples in 1.5573136806488037 s [/mnt/ioopt/appbench/apps/MLPerf-storage/dlio_benchmark/dlio_benchmark/utils/statscounter.py:325]
[INFO] 2025-05-05T11:09:28.084902 Rank 0 step 150 processed 5 samples in 0.32919812202453613 s [/mnt/ioopt/appbench/apps/MLPerf-storage/dlio_benchmark/dlio_benchmark/utils/statscounter.py:325]
[INFO] 2025-05-05T11:09:31.558108 Rank 0 step 151 processed 5 samples in 3.4727087020874023 s [/mnt/ioopt/appbench/apps/MLPerf-storage/dlio_benchmark/dlio_benchmark/utils/statscounter.py:325]
[INFO] 2025-05-05T11:09:31.887281 Rank 0 step 152 processed 5 samples in 0.32867932319641113 s [/mnt/ioopt/appbench/apps/MLPerf-storage/dlio_benchmark/dlio_benchmark/utils/statscounter.py:325]
[INFO] 2025-05-05T11:09:32.216957 Rank 0 step 153 processed 5 samples in 0.3291599750518799 s [/mnt/ioopt/appbench/apps/MLPerf-storage/dlio_benchmark/dlio_benchmark/utils/statscounter.py:325]
[INFO] 2025-05-05T11:09:32.546845 Rank 0 step 154 processed 5 samples in 0.32938075065612793 s [/mnt/ioopt/appbench/apps/MLPerf-storage/dlio_benchmark/dlio_benchmark/utils/statscounter.py:325]
[INFO] 2025-05-05T11:09:32.876174 Rank 0 step 155 processed 5 samples in 0.3288915157318115 s [/mnt/ioopt/appbench/apps/MLPerf-storage/dlio_benchmark/dlio_benchmark/utils/statscounter.py:325]
[INFO] 2025-05-05T11:09:33.204951 Rank 0 step 156 processed 5 samples in 0.32828259468078613 s [/mnt/ioopt/appbench/apps/MLPerf-storage/dlio_benchmark/dlio_benchmark/utils/statscounter.py:325]
[INFO] 2025-05-05T11:09:33.533644 Rank 0 step 157 processed 5 samples in 0.3282501697540283 s [/mnt/ioopt/appbench/apps/MLPerf-storage/dlio_benchmark/dlio_benchmark/utils/statscounter.py:325]
[INFO] 2025-05-05T11:09:33.865171 Rank 0 step 158 processed 5 samples in 0.3310551643371582 s [/mnt/ioopt/appbench/apps/MLPerf-storage/dlio_benchmark/dlio_benchmark/utils/statscounter.py:325]
[INFO] 2025-05-05T11:09:47.401275 Rank 0 step 159 processed 5 samples in 13.53562045097351 s [/mnt/ioopt/appbench/apps/MLPerf-storage/dlio_benchmark/dlio_benchmark/utils/statscounter.py:325]
[INFO] 2025-05-05T11:09:47.727630 Rank 0 step 160 processed 5 samples in 0.32592248916625977 s [/mnt/ioopt/appbench/apps/MLPerf-storage/dlio_benchmark/dlio_benchmark/utils/statscounter.py:325]
[INFO] 2025-05-05T11:09:48.056753 Rank 0 step 161 processed 5 samples in 0.32856249809265137 s [/mnt/ioopt/appbench/apps/MLPerf-storage/dlio_benchmark/dlio_benchmark/utils/statscounter.py:325]
[INFO] 2025-05-05T11:09:50.116512 Rank 0 step 162 processed 5 samples in 2.0592832565307617 s [/mnt/ioopt/appbench/apps/MLPerf-storage/dlio_benchmark/dlio_benchmark/utils/statscounter.py:325]
[INFO] 2025-05-05T11:09:57.706890 Rank 0 step 163 processed 5 samples in 7.589887619018555 s [/mnt/ioopt/appbench/apps/MLPerf-storage/dlio_benchmark/dlio_benchmark/utils/statscounter.py:325]
[INFO] 2025-05-05T11:10:02.813835 Rank 0 step 164 processed 5 samples in 5.10642147064209 s [/mnt/ioopt/appbench/apps/MLPerf-storage/dlio_benchmark/dlio_benchmark/utils/statscounter.py:325]
[INFO] 2025-05-05T11:10:03.143071 Rank 0 step 165 processed 5 samples in 0.3287088871002197 s [/mnt/ioopt/appbench/apps/MLPerf-storage/dlio_benchmark/dlio_benchmark/utils/statscounter.py:325]
[INFO] 2025-05-05T11:10:03.472700 Rank 0 step 166 processed 5 samples in 0.3291201591491699 s [/mnt/ioopt/appbench/apps/MLPerf-storage/dlio_benchmark/dlio_benchmark/utils/statscounter.py:325]
[INFO] 2025-05-05T11:10:06.858385 Rank 0 step 167 processed 5 samples in 3.3851637840270996 s [/mnt/ioopt/appbench/apps/MLPerf-storage/dlio_benchmark/dlio_benchmark/utils/statscounter.py:325]
[INFO] 2025-05-05T11:10:07.186140 Rank 0 step 168 processed 5 samples in 0.32738780975341797 s [/mnt/ioopt/appbench/apps/MLPerf-storage/dlio_benchmark/dlio_benchmark/utils/statscounter.py:325]
[INFO] 2025-05-05T11:10:07.512733 Rank 0 step 169 processed 5 samples in 0.32622814178466797 s [/mnt/ioopt/appbench/apps/MLPerf-storage/dlio_benchmark/dlio_benchmark/utils/statscounter.py:325]
[INFO] 2025-05-05T11:10:07.846901 Rank 0 step 170 processed 5 samples in 0.33362698554992676 s [/mnt/ioopt/appbench/apps/MLPerf-storage/dlio_benchmark/dlio_benchmark/utils/statscounter.py:325]
[INFO] 2025-05-05T11:10:09.570265 Rank 0 step 171 processed 5 samples in 1.7224202156066895 s [/mnt/ioopt/appbench/apps/MLPerf-storage/dlio_benchmark/dlio_benchmark/utils/statscounter.py:325]
[INFO] 2025-05-05T11:10:13.174577 Rank 0 step 172 processed 5 samples in 3.603808641433716 s [/mnt/ioopt/appbench/apps/MLPerf-storage/dlio_benchmark/dlio_benchmark/utils/statscounter.py:325]
[INFO] 2025-05-05T11:10:13.503431 Rank 0 step 173 processed 5 samples in 0.3282907009124756 s [/mnt/ioopt/appbench/apps/MLPerf-storage/dlio_benchmark/dlio_benchmark/utils/statscounter.py:325]
[INFO] 2025-05-05T11:10:13.832485 Rank 0 step 174 processed 5 samples in 0.3285996913909912 s [/mnt/ioopt/appbench/apps/MLPerf-storage/dlio_benchmark/dlio_benchmark/utils/statscounter.py:325]
[INFO] 2025-05-05T11:10:26.054656 Rank 0 step 175 processed 5 samples in 12.22174882888794 s [/mnt/ioopt/appbench/apps/MLPerf-storage/dlio_benchmark/dlio_benchmark/utils/statscounter.py:325]
[INFO] 2025-05-05T11:10:26.383467 Rank 0 step 176 processed 5 samples in 0.3283421993255615 s [/mnt/ioopt/appbench/apps/MLPerf-storage/dlio_benchmark/dlio_benchmark/utils/statscounter.py:325]
[INFO] 2025-05-05T11:10:26.712520 Rank 0 step 177 processed 5 samples in 0.32860493659973145 s [/mnt/ioopt/appbench/apps/MLPerf-storage/dlio_benchmark/dlio_benchmark/utils/statscounter.py:325]
[INFO] 2025-05-05T11:10:27.041172 Rank 0 step 178 processed 5 samples in 0.3282358646392822 s [/mnt/ioopt/appbench/apps/MLPerf-storage/dlio_benchmark/dlio_benchmark/utils/statscounter.py:325]
[INFO] 2025-05-05T11:10:31.762289 Rank 0 step 179 processed 5 samples in 4.7206878662109375 s [/mnt/ioopt/appbench/apps/MLPerf-storage/dlio_benchmark/dlio_benchmark/utils/statscounter.py:325]
[INFO] 2025-05-05T11:10:33.445320 Rank 0 step 180 processed 5 samples in 1.6825685501098633 s [/mnt/ioopt/appbench/apps/MLPerf-storage/dlio_benchmark/dlio_benchmark/utils/statscounter.py:325]
[INFO] 2025-05-05T11:10:33.774338 Rank 0 step 181 processed 5 samples in 0.3285505771636963 s [/mnt/ioopt/appbench/apps/MLPerf-storage/dlio_benchmark/dlio_benchmark/utils/statscounter.py:325]
[INFO] 2025-05-05T11:10:37.203287 Rank 0 step 182 processed 5 samples in 3.428532123565674 s [/mnt/ioopt/appbench/apps/MLPerf-storage/dlio_benchmark/dlio_benchmark/utils/statscounter.py:325]
[INFO] 2025-05-05T11:10:41.260872 Rank 0 step 183 processed 5 samples in 4.05713152885437 s [/mnt/ioopt/appbench/apps/MLPerf-storage/dlio_benchmark/dlio_benchmark/utils/statscounter.py:325]
[INFO] 2025-05-05T11:10:41.590542 Rank 0 step 184 processed 5 samples in 0.32915472984313965 s [/mnt/ioopt/appbench/apps/MLPerf-storage/dlio_benchmark/dlio_benchmark/utils/statscounter.py:325]
[INFO] 2025-05-05T11:10:41.919630 Rank 0 step 185 processed 5 samples in 0.3286123275756836 s [/mnt/ioopt/appbench/apps/MLPerf-storage/dlio_benchmark/dlio_benchmark/utils/statscounter.py:325]
[INFO] 2025-05-05T11:10:42.250626 Rank 0 step 186 processed 5 samples in 0.33055758476257324 s [/mnt/ioopt/appbench/apps/MLPerf-storage/dlio_benchmark/dlio_benchmark/utils/statscounter.py:325]
[INFO] 2025-05-05T11:10:47.195130 Rank 0 step 187 processed 5 samples in 4.944034576416016 s [/mnt/ioopt/appbench/apps/MLPerf-storage/dlio_benchmark/dlio_benchmark/utils/statscounter.py:325]
[INFO] 2025-05-05T11:10:47.614728 Rank 0 step 188 processed 5 samples in 0.41910362243652344 s [/mnt/ioopt/appbench/apps/MLPerf-storage/dlio_benchmark/dlio_benchmark/utils/statscounter.py:325]
[INFO] 2025-05-05T11:10:54.308168 Rank 0 step 189 processed 5 samples in 6.692899942398071 s [/mnt/ioopt/appbench/apps/MLPerf-storage/dlio_benchmark/dlio_benchmark/utils/statscounter.py:325]
[INFO] 2025-05-05T11:10:54.636933 Rank 0 step 190 processed 5 samples in 0.32825636863708496 s [/mnt/ioopt/appbench/apps/MLPerf-storage/dlio_benchmark/dlio_benchmark/utils/statscounter.py:325]
[INFO] 2025-05-05T11:10:58.852766 Rank 0 step 191 processed 5 samples in 4.215399742126465 s [/mnt/ioopt/appbench/apps/MLPerf-storage/dlio_benchmark/dlio_benchmark/utils/statscounter.py:325]
[INFO] 2025-05-05T11:11:00.324199 Rank 0 step 192 processed 5 samples in 1.4709696769714355 s [/mnt/ioopt/appbench/apps/MLPerf-storage/dlio_benchmark/dlio_benchmark/utils/statscounter.py:325]
[INFO] 2025-05-05T11:11:14.108573 Rank 0 step 193 processed 5 samples in 13.783885955810547 s [/mnt/ioopt/appbench/apps/MLPerf-storage/dlio_benchmark/dlio_benchmark/utils/statscounter.py:325]
[INFO] 2025-05-05T11:11:14.437603 Rank 0 step 194 processed 5 samples in 0.32849550247192383 s [/mnt/ioopt/appbench/apps/MLPerf-storage/dlio_benchmark/dlio_benchmark/utils/statscounter.py:325]
[INFO] 2025-05-05T11:11:19.475877 Rank 0 step 195 processed 5 samples in 5.037760257720947 s [/mnt/ioopt/appbench/apps/MLPerf-storage/dlio_benchmark/dlio_benchmark/utils/statscounter.py:325]
[INFO] 2025-05-05T11:11:19.803454 Rank 0 step 196 processed 5 samples in 0.3271598815917969 s [/mnt/ioopt/appbench/apps/MLPerf-storage/dlio_benchmark/dlio_benchmark/utils/statscounter.py:325]
[INFO] 2025-05-05T11:11:20.129461 Rank 0 step 197 processed 5 samples in 0.3256378173828125 s [/mnt/ioopt/appbench/apps/MLPerf-storage/dlio_benchmark/dlio_benchmark/utils/statscounter.py:325]
[INFO] 2025-05-05T11:11:20.460676 Rank 0 step 198 processed 5 samples in 0.33074259757995605 s [/mnt/ioopt/appbench/apps/MLPerf-storage/dlio_benchmark/dlio_benchmark/utils/statscounter.py:325]
[INFO] 2025-05-05T11:11:20.790026 Rank 0 step 199 processed 5 samples in 0.3289945125579834 s [/mnt/ioopt/appbench/apps/MLPerf-storage/dlio_benchmark/dlio_benchmark/utils/statscounter.py:325]
[INFO] 2025-05-05T11:11:27.242957 Rank 0 step 200 processed 5 samples in 6.452440500259399 s [/mnt/ioopt/appbench/apps/MLPerf-storage/dlio_benchmark/dlio_benchmark/utils/statscounter.py:325]
[INFO] 2025-05-05T11:11:27.607260 Rank 0 step 201 processed 5 samples in 0.32834696769714355 s [/mnt/ioopt/appbench/apps/MLPerf-storage/dlio_benchmark/dlio_benchmark/utils/statscounter.py:325]
[INFO] 2025-05-05T11:11:27.936641 Rank 0 step 202 processed 5 samples in 0.3289034366607666 s [/mnt/ioopt/appbench/apps/MLPerf-storage/dlio_benchmark/dlio_benchmark/utils/statscounter.py:325]
[INFO] 2025-05-05T11:11:28.265755 Rank 0 step 203 processed 5 samples in 0.32863378524780273 s [/mnt/ioopt/appbench/apps/MLPerf-storage/dlio_benchmark/dlio_benchmark/utils/statscounter.py:325]
[INFO] 2025-05-05T11:11:31.349041 Rank 0 step 204 processed 5 samples in 3.082803964614868 s [/mnt/ioopt/appbench/apps/MLPerf-storage/dlio_benchmark/dlio_benchmark/utils/statscounter.py:325]
[INFO] 2025-05-05T11:11:31.677856 Rank 0 step 205 processed 5 samples in 0.32834315299987793 s [/mnt/ioopt/appbench/apps/MLPerf-storage/dlio_benchmark/dlio_benchmark/utils/statscounter.py:325]
[INFO] 2025-05-05T11:11:32.440366 Rank 0 step 206 processed 5 samples in 0.7620322704315186 s [/mnt/ioopt/appbench/apps/MLPerf-storage/dlio_benchmark/dlio_benchmark/utils/statscounter.py:325]
[INFO] 2025-05-05T11:11:35.715750 Rank 0 step 207 processed 5 samples in 3.274841785430908 s [/mnt/ioopt/appbench/apps/MLPerf-storage/dlio_benchmark/dlio_benchmark/utils/statscounter.py:325]
[INFO] 2025-05-05T11:11:36.042412 Rank 0 step 208 processed 5 samples in 0.3263053894042969 s [/mnt/ioopt/appbench/apps/MLPerf-storage/dlio_benchmark/dlio_benchmark/utils/statscounter.py:325]
[INFO] 2025-05-05T11:11:44.906322 Rank 0 step 209 processed 5 samples in 8.863404750823975 s [/mnt/ioopt/appbench/apps/MLPerf-storage/dlio_benchmark/dlio_benchmark/utils/statscounter.py:325]
[INFO] 2025-05-05T11:11:48.539139 Rank 0 step 210 processed 5 samples in 3.6322855949401855 s [/mnt/ioopt/appbench/apps/MLPerf-storage/dlio_benchmark/dlio_benchmark/utils/statscounter.py:325]
[INFO] 2025-05-05T11:11:52.302948 Rank 0 step 211 processed 5 samples in 3.7632875442504883 s [/mnt/ioopt/appbench/apps/MLPerf-storage/dlio_benchmark/dlio_benchmark/utils/statscounter.py:325]
[INFO] 2025-05-05T11:11:58.166398 Rank 0 step 212 processed 5 samples in 5.862934589385986 s [/mnt/ioopt/appbench/apps/MLPerf-storage/dlio_benchmark/dlio_benchmark/utils/statscounter.py:325]
[INFO] 2025-05-05T11:11:59.646844 Rank 0 step 213 processed 5 samples in 1.479940414428711 s [/mnt/ioopt/appbench/apps/MLPerf-storage/dlio_benchmark/dlio_benchmark/utils/statscounter.py:325]
[INFO] 2025-05-05T11:11:59.975854 Rank 0 step 214 processed 5 samples in 0.3285088539123535 s [/mnt/ioopt/appbench/apps/MLPerf-storage/dlio_benchmark/dlio_benchmark/utils/statscounter.py:325]
[INFO] 2025-05-05T11:12:00.304674 Rank 0 step 215 processed 5 samples in 0.32834339141845703 s [/mnt/ioopt/appbench/apps/MLPerf-storage/dlio_benchmark/dlio_benchmark/utils/statscounter.py:325]
[INFO] 2025-05-05T11:12:00.633627 Rank 0 step 216 processed 5 samples in 0.32852768898010254 s [/mnt/ioopt/appbench/apps/MLPerf-storage/dlio_benchmark/dlio_benchmark/utils/statscounter.py:325]
[INFO] 2025-05-05T11:12:00.962370 Rank 0 step 217 processed 5 samples in 0.32830190658569336 s [/mnt/ioopt/appbench/apps/MLPerf-storage/dlio_benchmark/dlio_benchmark/utils/statscounter.py:325]
[INFO] 2025-05-05T11:12:12.123411 Rank 0 step 218 processed 5 samples in 11.16059684753418 s [/mnt/ioopt/appbench/apps/MLPerf-storage/dlio_benchmark/dlio_benchmark/utils/statscounter.py:325]
[INFO] 2025-05-05T11:12:12.452993 Rank 0 step 219 processed 5 samples in 0.3286745548248291 s [/mnt/ioopt/appbench/apps/MLPerf-storage/dlio_benchmark/dlio_benchmark/utils/statscounter.py:325]
[INFO] 2025-05-05T11:12:12.783659 Rank 0 step 220 processed 5 samples in 0.3302319049835205 s [/mnt/ioopt/appbench/apps/MLPerf-storage/dlio_benchmark/dlio_benchmark/utils/statscounter.py:325]
[INFO] 2025-05-05T11:12:13.114318 Rank 0 step 221 processed 5 samples in 0.3302013874053955 s [/mnt/ioopt/appbench/apps/MLPerf-storage/dlio_benchmark/dlio_benchmark/utils/statscounter.py:325]
[INFO] 2025-05-05T11:12:13.443400 Rank 0 step 222 processed 5 samples in 0.3286125659942627 s [/mnt/ioopt/appbench/apps/MLPerf-storage/dlio_benchmark/dlio_benchmark/utils/statscounter.py:325]
[INFO] 2025-05-05T11:12:13.774206 Rank 0 step 223 processed 5 samples in 0.3303353786468506 s [/mnt/ioopt/appbench/apps/MLPerf-storage/dlio_benchmark/dlio_benchmark/utils/statscounter.py:325]
[INFO] 2025-05-05T11:12:14.102953 Rank 0 step 224 processed 5 samples in 0.328275203704834 s [/mnt/ioopt/appbench/apps/MLPerf-storage/dlio_benchmark/dlio_benchmark/utils/statscounter.py:325]
[INFO] 2025-05-05T11:12:20.394864 Rank 0 step 225 processed 5 samples in 6.29140567779541 s [/mnt/ioopt/appbench/apps/MLPerf-storage/dlio_benchmark/dlio_benchmark/utils/statscounter.py:325]
[INFO] 2025-05-05T11:12:36.670600 Rank 0 step 226 processed 5 samples in 16.27521252632141 s [/mnt/ioopt/appbench/apps/MLPerf-storage/dlio_benchmark/dlio_benchmark/utils/statscounter.py:325]
[INFO] 2025-05-05T11:12:36.999248 Rank 0 step 227 processed 5 samples in 0.328096866607666 s [/mnt/ioopt/appbench/apps/MLPerf-storage/dlio_benchmark/dlio_benchmark/utils/statscounter.py:325]
[INFO] 2025-05-05T11:12:39.407492 Rank 0 step 228 processed 5 samples in 2.407766342163086 s [/mnt/ioopt/appbench/apps/MLPerf-storage/dlio_benchmark/dlio_benchmark/utils/statscounter.py:325]
[INFO] 2025-05-05T11:12:39.736643 Rank 0 step 229 processed 5 samples in 0.32867932319641113 s [/mnt/ioopt/appbench/apps/MLPerf-storage/dlio_benchmark/dlio_benchmark/utils/statscounter.py:325]
[INFO] 2025-05-05T11:12:43.514250 Rank 0 step 230 processed 5 samples in 3.7771570682525635 s [/mnt/ioopt/appbench/apps/MLPerf-storage/dlio_benchmark/dlio_benchmark/utils/statscounter.py:325]
[INFO] 2025-05-05T11:12:43.843211 Rank 0 step 231 processed 5 samples in 0.3284311294555664 s [/mnt/ioopt/appbench/apps/MLPerf-storage/dlio_benchmark/dlio_benchmark/utils/statscounter.py:325]
[INFO] 2025-05-05T11:12:44.306296 Rank 0 step 232 processed 5 samples in 0.4626801013946533 s [/mnt/ioopt/appbench/apps/MLPerf-storage/dlio_benchmark/dlio_benchmark/utils/statscounter.py:325]
[INFO] 2025-05-05T11:12:44.634904 Rank 0 step 233 processed 5 samples in 0.3281254768371582 s [/mnt/ioopt/appbench/apps/MLPerf-storage/dlio_benchmark/dlio_benchmark/utils/statscounter.py:325]
[INFO] 2025-05-05T11:12:46.592090 Rank 0 step 234 processed 5 samples in 1.956728219985962 s [/mnt/ioopt/appbench/apps/MLPerf-storage/dlio_benchmark/dlio_benchmark/utils/statscounter.py:325]
[INFO] 2025-05-05T11:12:46.921740 Rank 0 step 235 processed 5 samples in 0.32912230491638184 s [/mnt/ioopt/appbench/apps/MLPerf-storage/dlio_benchmark/dlio_benchmark/utils/statscounter.py:325]
[INFO] 2025-05-05T11:12:47.251374 Rank 0 step 236 processed 5 samples in 0.32906031608581543 s [/mnt/ioopt/appbench/apps/MLPerf-storage/dlio_benchmark/dlio_benchmark/utils/statscounter.py:325]
[INFO] 2025-05-05T11:12:50.783854 Rank 0 step 237 processed 5 samples in 3.5319337844848633 s [/mnt/ioopt/appbench/apps/MLPerf-storage/dlio_benchmark/dlio_benchmark/utils/statscounter.py:325]
[INFO] 2025-05-05T11:12:51.112718 Rank 0 step 238 processed 5 samples in 0.32832908630371094 s [/mnt/ioopt/appbench/apps/MLPerf-storage/dlio_benchmark/dlio_benchmark/utils/statscounter.py:325]
[INFO] 2025-05-05T11:12:51.973929 Rank 0 step 239 processed 5 samples in 0.8607263565063477 s [/mnt/ioopt/appbench/apps/MLPerf-storage/dlio_benchmark/dlio_benchmark/utils/statscounter.py:325]
[INFO] 2025-05-05T11:12:56.629978 Rank 0 step 240 processed 5 samples in 4.655576467514038 s [/mnt/ioopt/appbench/apps/MLPerf-storage/dlio_benchmark/dlio_benchmark/utils/statscounter.py:325]
[INFO] 2025-05-05T11:13:01.259222 Rank 0 step 241 processed 5 samples in 4.628740549087524 s [/mnt/ioopt/appbench/apps/MLPerf-storage/dlio_benchmark/dlio_benchmark/utils/statscounter.py:325]
[INFO] 2025-05-05T11:13:24.479203 Rank 0 step 242 processed 5 samples in 23.219462394714355 s [/mnt/ioopt/appbench/apps/MLPerf-storage/dlio_benchmark/dlio_benchmark/utils/statscounter.py:325]
[INFO] 2025-05-05T11:13:25.431539 Rank 0 step 243 processed 5 samples in 0.9518113136291504 s [/mnt/ioopt/appbench/apps/MLPerf-storage/dlio_benchmark/dlio_benchmark/utils/statscounter.py:325]
[INFO] 2025-05-05T11:13:25.760485 Rank 0 step 244 processed 5 samples in 0.32847070693969727 s [/mnt/ioopt/appbench/apps/MLPerf-storage/dlio_benchmark/dlio_benchmark/utils/statscounter.py:325]
[INFO] 2025-05-05T11:13:26.089129 Rank 0 step 245 processed 5 samples in 0.32823801040649414 s [/mnt/ioopt/appbench/apps/MLPerf-storage/dlio_benchmark/dlio_benchmark/utils/statscounter.py:325]
[INFO] 2025-05-05T11:13:26.419435 Rank 0 step 246 processed 5 samples in 0.3298513889312744 s [/mnt/ioopt/appbench/apps/MLPerf-storage/dlio_benchmark/dlio_benchmark/utils/statscounter.py:325]
[INFO] 2025-05-05T11:13:26.752845 Rank 0 step 247 processed 5 samples in 0.33286166191101074 s [/mnt/ioopt/appbench/apps/MLPerf-storage/dlio_benchmark/dlio_benchmark/utils/statscounter.py:325]
[INFO] 2025-05-05T11:13:27.082634 Rank 0 step 248 processed 5 samples in 0.32903027534484863 s [/mnt/ioopt/appbench/apps/MLPerf-storage/dlio_benchmark/dlio_benchmark/utils/statscounter.py:325]
[INFO] 2025-05-05T11:13:27.411188 Rank 0 step 249 processed 5 samples in 0.3280599117279053 s [/mnt/ioopt/appbench/apps/MLPerf-storage/dlio_benchmark/dlio_benchmark/utils/statscounter.py:325]
[INFO] 2025-05-05T11:13:29.247317 Rank 0 step 250 processed 5 samples in 1.8357784748077393 s [/mnt/ioopt/appbench/apps/MLPerf-storage/dlio_benchmark/dlio_benchmark/utils/statscounter.py:325]
[INFO] 2025-05-05T11:13:29.576754 Rank 0 step 251 processed 5 samples in 0.3291187286376953 s [/mnt/ioopt/appbench/apps/MLPerf-storage/dlio_benchmark/dlio_benchmark/utils/statscounter.py:325]
[INFO] 2025-05-05T11:13:29.906041 Rank 0 step 252 processed 5 samples in 0.3287043571472168 s [/mnt/ioopt/appbench/apps/MLPerf-storage/dlio_benchmark/dlio_benchmark/utils/statscounter.py:325]
[INFO] 2025-05-05T11:13:30.238926 Rank 0 step 253 processed 5 samples in 0.3323543071746826 s [/mnt/ioopt/appbench/apps/MLPerf-storage/dlio_benchmark/dlio_benchmark/utils/statscounter.py:325]
[INFO] 2025-05-05T11:13:32.812174 Rank 0 step 254 processed 5 samples in 2.5727429389953613 s [/mnt/ioopt/appbench/apps/MLPerf-storage/dlio_benchmark/dlio_benchmark/utils/statscounter.py:325]
[INFO] 2025-05-05T11:13:33.141335 Rank 0 step 255 processed 5 samples in 0.32866835594177246 s [/mnt/ioopt/appbench/apps/MLPerf-storage/dlio_benchmark/dlio_benchmark/utils/statscounter.py:325]
[INFO] 2025-05-05T11:13:33.470221 Rank 0 step 256 processed 5 samples in 0.32843017578125 s [/mnt/ioopt/appbench/apps/MLPerf-storage/dlio_benchmark/dlio_benchmark/utils/statscounter.py:325]
[INFO] 2025-05-05T11:13:33.799274 Rank 0 step 257 processed 5 samples in 0.32859325408935547 s [/mnt/ioopt/appbench/apps/MLPerf-storage/dlio_benchmark/dlio_benchmark/utils/statscounter.py:325]
[INFO] 2025-05-05T11:13:57.951045 Rank 0 step 258 processed 5 samples in 24.151318311691284 s [/mnt/ioopt/appbench/apps/MLPerf-storage/dlio_benchmark/dlio_benchmark/utils/statscounter.py:325]
[INFO] 2025-05-05T11:13:58.279903 Rank 0 step 259 processed 5 samples in 0.32836246490478516 s [/mnt/ioopt/appbench/apps/MLPerf-storage/dlio_benchmark/dlio_benchmark/utils/statscounter.py:325]
[INFO] 2025-05-05T11:13:58.609112 Rank 0 step 260 processed 5 samples in 0.3287374973297119 s [/mnt/ioopt/appbench/apps/MLPerf-storage/dlio_benchmark/dlio_benchmark/utils/statscounter.py:325]
[INFO] 2025-05-05T11:14:00.589643 Rank 0 step 261 processed 5 samples in 1.98008131980896 s [/mnt/ioopt/appbench/apps/MLPerf-storage/dlio_benchmark/dlio_benchmark/utils/statscounter.py:325]
[INFO] 2025-05-05T11:14:00.918798 Rank 0 step 262 processed 5 samples in 0.3286716938018799 s [/mnt/ioopt/appbench/apps/MLPerf-storage/dlio_benchmark/dlio_benchmark/utils/statscounter.py:325]
[INFO] 2025-05-05T11:14:01.247646 Rank 0 step 263 processed 5 samples in 0.3283836841583252 s [/mnt/ioopt/appbench/apps/MLPerf-storage/dlio_benchmark/dlio_benchmark/utils/statscounter.py:325]
[INFO] 2025-05-05T11:14:02.008469 Rank 0 step 264 processed 5 samples in 0.7603824138641357 s [/mnt/ioopt/appbench/apps/MLPerf-storage/dlio_benchmark/dlio_benchmark/utils/statscounter.py:325]
[INFO] 2025-05-05T11:14:02.337259 Rank 0 step 265 processed 5 samples in 0.32830071449279785 s [/mnt/ioopt/appbench/apps/MLPerf-storage/dlio_benchmark/dlio_benchmark/utils/statscounter.py:325]
[INFO] 2025-05-05T11:14:02.666281 Rank 0 step 266 processed 5 samples in 0.32855701446533203 s [/mnt/ioopt/appbench/apps/MLPerf-storage/dlio_benchmark/dlio_benchmark/utils/statscounter.py:325]
[INFO] 2025-05-05T11:14:02.995087 Rank 0 step 267 processed 5 samples in 0.3283665180206299 s [/mnt/ioopt/appbench/apps/MLPerf-storage/dlio_benchmark/dlio_benchmark/utils/statscounter.py:325]
[INFO] 2025-05-05T11:14:03.323893 Rank 0 step 268 processed 5 samples in 0.3283421993255615 s [/mnt/ioopt/appbench/apps/MLPerf-storage/dlio_benchmark/dlio_benchmark/utils/statscounter.py:325]
[INFO] 2025-05-05T11:14:10.888502 Rank 0 step 269 processed 5 samples in 7.5641090869903564 s [/mnt/ioopt/appbench/apps/MLPerf-storage/dlio_benchmark/dlio_benchmark/utils/statscounter.py:325]
[INFO] 2025-05-05T11:14:11.214016 Rank 0 step 270 processed 5 samples in 0.32520437240600586 s [/mnt/ioopt/appbench/apps/MLPerf-storage/dlio_benchmark/dlio_benchmark/utils/statscounter.py:325]
[INFO] 2025-05-05T11:14:11.543140 Rank 0 step 271 processed 5 samples in 0.3286433219909668 s [/mnt/ioopt/appbench/apps/MLPerf-storage/dlio_benchmark/dlio_benchmark/utils/statscounter.py:325]
[INFO] 2025-05-05T11:14:11.871806 Rank 0 step 272 processed 5 samples in 0.32819437980651855 s [/mnt/ioopt/appbench/apps/MLPerf-storage/dlio_benchmark/dlio_benchmark/utils/statscounter.py:325]
[INFO] 2025-05-05T11:14:12.200629 Rank 0 step 273 processed 5 samples in 0.3283512592315674 s [/mnt/ioopt/appbench/apps/MLPerf-storage/dlio_benchmark/dlio_benchmark/utils/statscounter.py:325]
[INFO] 2025-05-05T11:14:36.487585 Rank 0 step 274 processed 5 samples in 24.286487340927124 s [/mnt/ioopt/appbench/apps/MLPerf-storage/dlio_benchmark/dlio_benchmark/utils/statscounter.py:325]
[INFO] 2025-05-05T11:14:36.816544 Rank 0 step 275 processed 5 samples in 0.32848024368286133 s [/mnt/ioopt/appbench/apps/MLPerf-storage/dlio_benchmark/dlio_benchmark/utils/statscounter.py:325]
[INFO] 2025-05-05T11:14:37.145493 Rank 0 step 276 processed 5 samples in 0.3285191059112549 s [/mnt/ioopt/appbench/apps/MLPerf-storage/dlio_benchmark/dlio_benchmark/utils/statscounter.py:325]
[INFO] 2025-05-05T11:14:37.474239 Rank 0 step 277 processed 5 samples in 0.3283350467681885 s [/mnt/ioopt/appbench/apps/MLPerf-storage/dlio_benchmark/dlio_benchmark/utils/statscounter.py:325]
[INFO] 2025-05-05T11:14:37.802875 Rank 0 step 278 processed 5 samples in 0.32820725440979004 s [/mnt/ioopt/appbench/apps/MLPerf-storage/dlio_benchmark/dlio_benchmark/utils/statscounter.py:325]
[INFO] 2025-05-05T11:14:38.131730 Rank 0 step 279 processed 5 samples in 0.32843661308288574 s [/mnt/ioopt/appbench/apps/MLPerf-storage/dlio_benchmark/dlio_benchmark/utils/statscounter.py:325]
[INFO] 2025-05-05T11:14:38.674254 Rank 0 step 280 processed 5 samples in 0.5421161651611328 s [/mnt/ioopt/appbench/apps/MLPerf-storage/dlio_benchmark/dlio_benchmark/utils/statscounter.py:325]
[INFO] 2025-05-05T11:14:44.483931 Rank 0 step 281 processed 5 samples in 5.8092262744903564 s [/mnt/ioopt/appbench/apps/MLPerf-storage/dlio_benchmark/dlio_benchmark/utils/statscounter.py:325]
[INFO] 2025-05-05T11:14:44.812673 Rank 0 step 282 processed 5 samples in 0.3282637596130371 s [/mnt/ioopt/appbench/apps/MLPerf-storage/dlio_benchmark/dlio_benchmark/utils/statscounter.py:325]
[INFO] 2025-05-05T11:14:45.141699 Rank 0 step 283 processed 5 samples in 0.3285989761352539 s [/mnt/ioopt/appbench/apps/MLPerf-storage/dlio_benchmark/dlio_benchmark/utils/statscounter.py:325]
[INFO] 2025-05-05T11:14:45.470408 Rank 0 step 284 processed 5 samples in 0.32826900482177734 s [/mnt/ioopt/appbench/apps/MLPerf-storage/dlio_benchmark/dlio_benchmark/utils/statscounter.py:325]
[INFO] 2025-05-05T11:14:45.799257 Rank 0 step 285 processed 5 samples in 0.3283967971801758 s [/mnt/ioopt/appbench/apps/MLPerf-storage/dlio_benchmark/dlio_benchmark/utils/statscounter.py:325]
[INFO] 2025-05-05T11:14:46.128306 Rank 0 step 286 processed 5 samples in 0.3285064697265625 s [/mnt/ioopt/appbench/apps/MLPerf-storage/dlio_benchmark/dlio_benchmark/utils/statscounter.py:325]
[INFO] 2025-05-05T11:14:47.554987 Rank 0 step 287 processed 5 samples in 1.4261775016784668 s [/mnt/ioopt/appbench/apps/MLPerf-storage/dlio_benchmark/dlio_benchmark/utils/statscounter.py:325]
[INFO] 2025-05-05T11:14:47.884157 Rank 0 step 288 processed 5 samples in 0.32866454124450684 s [/mnt/ioopt/appbench/apps/MLPerf-storage/dlio_benchmark/dlio_benchmark/utils/statscounter.py:325]
[INFO] 2025-05-05T11:14:51.880583 Rank 0 step 289 processed 5 samples in 3.995941162109375 s [/mnt/ioopt/appbench/apps/MLPerf-storage/dlio_benchmark/dlio_benchmark/utils/statscounter.py:325]
[INFO] 2025-05-05T11:15:08.450076 Rank 0 step 290 processed 5 samples in 16.56895685195923 s [/mnt/ioopt/appbench/apps/MLPerf-storage/dlio_benchmark/dlio_benchmark/utils/statscounter.py:325]
[INFO] 2025-05-05T11:15:12.055808 Rank 0 step 291 processed 5 samples in 3.6051745414733887 s [/mnt/ioopt/appbench/apps/MLPerf-storage/dlio_benchmark/dlio_benchmark/utils/statscounter.py:325]
[INFO] 2025-05-05T11:15:12.384915 Rank 0 step 292 processed 5 samples in 0.3286097049713135 s [/mnt/ioopt/appbench/apps/MLPerf-storage/dlio_benchmark/dlio_benchmark/utils/statscounter.py:325]
[INFO] 2025-05-05T11:15:12.713974 Rank 0 step 293 processed 5 samples in 0.32855892181396484 s [/mnt/ioopt/appbench/apps/MLPerf-storage/dlio_benchmark/dlio_benchmark/utils/statscounter.py:325]
[INFO] 2025-05-05T11:15:13.043122 Rank 0 step 294 processed 5 samples in 0.32863688468933105 s [/mnt/ioopt/appbench/apps/MLPerf-storage/dlio_benchmark/dlio_benchmark/utils/statscounter.py:325]
[INFO] 2025-05-05T11:15:13.372401 Rank 0 step 295 processed 5 samples in 0.32877421379089355 s [/mnt/ioopt/appbench/apps/MLPerf-storage/dlio_benchmark/dlio_benchmark/utils/statscounter.py:325]
[INFO] 2025-05-05T11:15:13.704042 Rank 0 step 296 processed 5 samples in 0.3311305046081543 s [/mnt/ioopt/appbench/apps/MLPerf-storage/dlio_benchmark/dlio_benchmark/utils/statscounter.py:325]
[INFO] 2025-05-05T11:15:14.037541 Rank 0 step 297 processed 5 samples in 0.3322727680206299 s [/mnt/ioopt/appbench/apps/MLPerf-storage/dlio_benchmark/dlio_benchmark/utils/statscounter.py:325]
[INFO] 2025-05-05T11:15:16.233819 Rank 0 step 298 processed 5 samples in 2.195796489715576 s [/mnt/ioopt/appbench/apps/MLPerf-storage/dlio_benchmark/dlio_benchmark/utils/statscounter.py:325]
[INFO] 2025-05-05T11:15:16.562753 Rank 0 step 299 processed 5 samples in 0.32844972610473633 s [/mnt/ioopt/appbench/apps/MLPerf-storage/dlio_benchmark/dlio_benchmark/utils/statscounter.py:325]
[INFO] 2025-05-05T11:15:22.869349 Rank 0 step 300 processed 5 samples in 6.306102991104126 s [/mnt/ioopt/appbench/apps/MLPerf-storage/dlio_benchmark/dlio_benchmark/utils/statscounter.py:325]
[INFO] 2025-05-05T11:15:23.198324 Rank 0 step 301 processed 5 samples in 0.3284430503845215 s [/mnt/ioopt/appbench/apps/MLPerf-storage/dlio_benchmark/dlio_benchmark/utils/statscounter.py:325]
[INFO] 2025-05-05T11:15:26.185796 Rank 0 step 302 processed 5 samples in 2.9870057106018066 s [/mnt/ioopt/appbench/apps/MLPerf-storage/dlio_benchmark/dlio_benchmark/utils/statscounter.py:325]
[INFO] 2025-05-05T11:15:26.514704 Rank 0 step 303 processed 5 samples in 0.32842063903808594 s [/mnt/ioopt/appbench/apps/MLPerf-storage/dlio_benchmark/dlio_benchmark/utils/statscounter.py:325]
[INFO] 2025-05-05T11:15:26.843714 Rank 0 step 304 processed 5 samples in 0.3285384178161621 s [/mnt/ioopt/appbench/apps/MLPerf-storage/dlio_benchmark/dlio_benchmark/utils/statscounter.py:325]
[INFO] 2025-05-05T11:15:27.173227 Rank 0 step 305 processed 5 samples in 0.3290085792541504 s [/mnt/ioopt/appbench/apps/MLPerf-storage/dlio_benchmark/dlio_benchmark/utils/statscounter.py:325]
[INFO] 2025-05-05T11:15:43.500987 Rank 0 step 306 processed 5 samples in 16.327090740203857 s [/mnt/ioopt/appbench/apps/MLPerf-storage/dlio_benchmark/dlio_benchmark/utils/statscounter.py:325]
[INFO] 2025-05-05T11:15:49.829716 Rank 0 step 307 processed 5 samples in 6.32819676399231 s [/mnt/ioopt/appbench/apps/MLPerf-storage/dlio_benchmark/dlio_benchmark/utils/statscounter.py:325]
[INFO] 2025-05-05T11:15:50.158883 Rank 0 step 308 processed 5 samples in 0.32865142822265625 s [/mnt/ioopt/appbench/apps/MLPerf-storage/dlio_benchmark/dlio_benchmark/utils/statscounter.py:325]
[INFO] 2025-05-05T11:15:50.485821 Rank 0 step 309 processed 5 samples in 0.32639384269714355 s [/mnt/ioopt/appbench/apps/MLPerf-storage/dlio_benchmark/dlio_benchmark/utils/statscounter.py:325]
[INFO] 2025-05-05T11:15:51.341142 Rank 0 step 310 processed 5 samples in 0.8548293113708496 s [/mnt/ioopt/appbench/apps/MLPerf-storage/dlio_benchmark/dlio_benchmark/utils/statscounter.py:325]
[INFO] 2025-05-05T11:15:51.670419 Rank 0 step 311 processed 5 samples in 0.32874536514282227 s [/mnt/ioopt/appbench/apps/MLPerf-storage/dlio_benchmark/dlio_benchmark/utils/statscounter.py:325]
[INFO] 2025-05-05T11:15:51.997386 Rank 0 step 312 processed 5 samples in 0.3264734745025635 s [/mnt/ioopt/appbench/apps/MLPerf-storage/dlio_benchmark/dlio_benchmark/utils/statscounter.py:325]
[INFO] 2025-05-05T11:15:52.326875 Rank 0 step 313 processed 5 samples in 0.3289780616760254 s [/mnt/ioopt/appbench/apps/MLPerf-storage/dlio_benchmark/dlio_benchmark/utils/statscounter.py:325]
[INFO] 2025-05-05T11:15:52.658267 Rank 0 step 314 processed 5 samples in 0.33086514472961426 s [/mnt/ioopt/appbench/apps/MLPerf-storage/dlio_benchmark/dlio_benchmark/utils/statscounter.py:325]
[INFO] 2025-05-05T11:15:52.985013 Rank 0 step 315 processed 5 samples in 0.326369047164917 s [/mnt/ioopt/appbench/apps/MLPerf-storage/dlio_benchmark/dlio_benchmark/utils/statscounter.py:325]
[INFO] 2025-05-05T11:16:04.163498 Rank 0 step 316 processed 5 samples in 11.177942276000977 s [/mnt/ioopt/appbench/apps/MLPerf-storage/dlio_benchmark/dlio_benchmark/utils/statscounter.py:325]
[INFO] 2025-05-05T11:16:06.675367 Rank 0 step 317 processed 5 samples in 2.511451005935669 s [/mnt/ioopt/appbench/apps/MLPerf-storage/dlio_benchmark/dlio_benchmark/utils/statscounter.py:325]
[INFO] 2025-05-05T11:16:07.004507 Rank 0 step 318 processed 5 samples in 0.32864856719970703 s [/mnt/ioopt/appbench/apps/MLPerf-storage/dlio_benchmark/dlio_benchmark/utils/statscounter.py:325]
[INFO] 2025-05-05T11:16:07.333031 Rank 0 step 319 processed 5 samples in 0.3280787467956543 s [/mnt/ioopt/appbench/apps/MLPerf-storage/dlio_benchmark/dlio_benchmark/utils/statscounter.py:325]
[INFO] 2025-05-05T11:16:07.662008 Rank 0 step 320 processed 5 samples in 0.32854151725769043 s [/mnt/ioopt/appbench/apps/MLPerf-storage/dlio_benchmark/dlio_benchmark/utils/statscounter.py:325]
[INFO] 2025-05-05T11:16:07.992187 Rank 0 step 321 processed 5 samples in 0.32970762252807617 s [/mnt/ioopt/appbench/apps/MLPerf-storage/dlio_benchmark/dlio_benchmark/utils/statscounter.py:325]
[INFO] 2025-05-05T11:16:13.074034 Rank 0 step 322 processed 5 samples in 5.0813305377960205 s [/mnt/ioopt/appbench/apps/MLPerf-storage/dlio_benchmark/dlio_benchmark/utils/statscounter.py:325]
[INFO] 2025-05-05T11:16:31.583961 Rank 0 step 323 processed 5 samples in 18.509431838989258 s [/mnt/ioopt/appbench/apps/MLPerf-storage/dlio_benchmark/dlio_benchmark/utils/statscounter.py:325]
[INFO] 2025-05-05T11:16:31.913052 Rank 0 step 324 processed 5 samples in 0.32860684394836426 s [/mnt/ioopt/appbench/apps/MLPerf-storage/dlio_benchmark/dlio_benchmark/utils/statscounter.py:325]
[INFO] 2025-05-05T11:16:32.242390 Rank 0 step 325 processed 5 samples in 0.32887768745422363 s [/mnt/ioopt/appbench/apps/MLPerf-storage/dlio_benchmark/dlio_benchmark/utils/statscounter.py:325]
[INFO] 2025-05-05T11:16:32.571622 Rank 0 step 326 processed 5 samples in 0.32874393463134766 s [/mnt/ioopt/appbench/apps/MLPerf-storage/dlio_benchmark/dlio_benchmark/utils/statscounter.py:325]
[INFO] 2025-05-05T11:16:32.900760 Rank 0 step 327 processed 5 samples in 0.328657865524292 s [/mnt/ioopt/appbench/apps/MLPerf-storage/dlio_benchmark/dlio_benchmark/utils/statscounter.py:325]
[INFO] 2025-05-05T11:16:33.229633 Rank 0 step 328 processed 5 samples in 0.32838869094848633 s [/mnt/ioopt/appbench/apps/MLPerf-storage/dlio_benchmark/dlio_benchmark/utils/statscounter.py:325]
[INFO] 2025-05-05T11:16:33.819924 Rank 0 step 329 processed 5 samples in 0.5898127555847168 s [/mnt/ioopt/appbench/apps/MLPerf-storage/dlio_benchmark/dlio_benchmark/utils/statscounter.py:325]
[INFO] 2025-05-05T11:16:34.147666 Rank 0 step 330 processed 5 samples in 0.3273599147796631 s [/mnt/ioopt/appbench/apps/MLPerf-storage/dlio_benchmark/dlio_benchmark/utils/statscounter.py:325]
[INFO] 2025-05-05T11:16:34.477463 Rank 0 step 331 processed 5 samples in 0.3293039798736572 s [/mnt/ioopt/appbench/apps/MLPerf-storage/dlio_benchmark/dlio_benchmark/utils/statscounter.py:325]
[INFO] 2025-05-05T11:16:37.642784 Rank 0 step 332 processed 5 samples in 3.1646828651428223 s [/mnt/ioopt/appbench/apps/MLPerf-storage/dlio_benchmark/dlio_benchmark/utils/statscounter.py:325]
[INFO] 2025-05-05T11:16:37.969815 Rank 0 step 333 processed 5 samples in 0.3265869617462158 s [/mnt/ioopt/appbench/apps/MLPerf-storage/dlio_benchmark/dlio_benchmark/utils/statscounter.py:325]
[INFO] 2025-05-05T11:16:38.298843 Rank 0 step 334 processed 5 samples in 0.32851648330688477 s [/mnt/ioopt/appbench/apps/MLPerf-storage/dlio_benchmark/dlio_benchmark/utils/statscounter.py:325]
[INFO] 2025-05-05T11:16:42.603707 Rank 0 step 335 processed 5 samples in 4.304338693618774 s [/mnt/ioopt/appbench/apps/MLPerf-storage/dlio_benchmark/dlio_benchmark/utils/statscounter.py:325]
[INFO] 2025-05-05T11:16:50.083564 Rank 0 step 336 processed 5 samples in 7.479384660720825 s [/mnt/ioopt/appbench/apps/MLPerf-storage/dlio_benchmark/dlio_benchmark/utils/statscounter.py:325]
[INFO] 2025-05-05T11:16:50.412560 Rank 0 step 337 processed 5 samples in 0.32846665382385254 s [/mnt/ioopt/appbench/apps/MLPerf-storage/dlio_benchmark/dlio_benchmark/utils/statscounter.py:325]
[INFO] 2025-05-05T11:16:50.741517 Rank 0 step 338 processed 5 samples in 0.3284475803375244 s [/mnt/ioopt/appbench/apps/MLPerf-storage/dlio_benchmark/dlio_benchmark/utils/statscounter.py:325]
[INFO] 2025-05-05T11:17:03.130799 Rank 0 step 339 processed 5 samples in 12.388787031173706 s [/mnt/ioopt/appbench/apps/MLPerf-storage/dlio_benchmark/dlio_benchmark/utils/statscounter.py:325]
[INFO] 2025-05-05T11:17:09.283562 Rank 0 step 340 processed 5 samples in 6.152250528335571 s [/mnt/ioopt/appbench/apps/MLPerf-storage/dlio_benchmark/dlio_benchmark/utils/statscounter.py:325]
[INFO] 2025-05-05T11:17:09.612638 Rank 0 step 341 processed 5 samples in 0.3285400867462158 s [/mnt/ioopt/appbench/apps/MLPerf-storage/dlio_benchmark/dlio_benchmark/utils/statscounter.py:325]
[INFO] 2025-05-05T11:17:10.072029 Rank 0 step 342 processed 5 samples in 0.4588887691497803 s [/mnt/ioopt/appbench/apps/MLPerf-storage/dlio_benchmark/dlio_benchmark/utils/statscounter.py:325]
[INFO] 2025-05-05T11:17:10.401036 Rank 0 step 343 processed 5 samples in 0.3285071849822998 s [/mnt/ioopt/appbench/apps/MLPerf-storage/dlio_benchmark/dlio_benchmark/utils/statscounter.py:325]
[INFO] 2025-05-05T11:17:10.734739 Rank 0 step 344 processed 5 samples in 0.33315467834472656 s [/mnt/ioopt/appbench/apps/MLPerf-storage/dlio_benchmark/dlio_benchmark/utils/statscounter.py:325]
[INFO] 2025-05-05T11:17:11.067276 Rank 0 step 345 processed 5 samples in 0.33155083656311035 s [/mnt/ioopt/appbench/apps/MLPerf-storage/dlio_benchmark/dlio_benchmark/utils/statscounter.py:325]
[INFO] 2025-05-05T11:17:15.962155 Rank 0 step 346 processed 5 samples in 4.894410133361816 s [/mnt/ioopt/appbench/apps/MLPerf-storage/dlio_benchmark/dlio_benchmark/utils/statscounter.py:325]
[INFO] 2025-05-05T11:17:16.291120 Rank 0 step 347 processed 5 samples in 0.32845044136047363 s [/mnt/ioopt/appbench/apps/MLPerf-storage/dlio_benchmark/dlio_benchmark/utils/statscounter.py:325]
[INFO] 2025-05-05T11:17:16.620255 Rank 0 step 348 processed 5 samples in 0.3286757469177246 s [/mnt/ioopt/appbench/apps/MLPerf-storage/dlio_benchmark/dlio_benchmark/utils/statscounter.py:325]
[INFO] 2025-05-05T11:17:17.052671 Rank 0 step 349 processed 5 samples in 0.431957483291626 s [/mnt/ioopt/appbench/apps/MLPerf-storage/dlio_benchmark/dlio_benchmark/utils/statscounter.py:325]
[INFO] 2025-05-05T11:17:17.381702 Rank 0 step 350 processed 5 samples in 0.3285088539123535 s [/mnt/ioopt/appbench/apps/MLPerf-storage/dlio_benchmark/dlio_benchmark/utils/statscounter.py:325]
[INFO] 2025-05-05T11:17:17.710624 Rank 0 step 351 processed 5 samples in 0.3284425735473633 s [/mnt/ioopt/appbench/apps/MLPerf-storage/dlio_benchmark/dlio_benchmark/utils/statscounter.py:325]
[INFO] 2025-05-05T11:17:18.042290 Rank 0 step 352 processed 5 samples in 0.33113670349121094 s [/mnt/ioopt/appbench/apps/MLPerf-storage/dlio_benchmark/dlio_benchmark/utils/statscounter.py:325]
[INFO] 2025-05-05T11:17:31.497423 Rank 0 step 353 processed 5 samples in 13.45464038848877 s [/mnt/ioopt/appbench/apps/MLPerf-storage/dlio_benchmark/dlio_benchmark/utils/statscounter.py:325]
[INFO] 2025-05-05T11:17:31.826388 Rank 0 step 354 processed 5 samples in 0.32846879959106445 s [/mnt/ioopt/appbench/apps/MLPerf-storage/dlio_benchmark/dlio_benchmark/utils/statscounter.py:325]
[INFO] 2025-05-05T11:17:43.488629 Rank 0 step 355 processed 5 samples in 11.661784648895264 s [/mnt/ioopt/appbench/apps/MLPerf-storage/dlio_benchmark/dlio_benchmark/utils/statscounter.py:325]
[INFO] 2025-05-05T11:17:43.818210 Rank 0 step 356 processed 5 samples in 0.3289954662322998 s [/mnt/ioopt/appbench/apps/MLPerf-storage/dlio_benchmark/dlio_benchmark/utils/statscounter.py:325]
[INFO] 2025-05-05T11:17:44.147155 Rank 0 step 357 processed 5 samples in 0.3284485340118408 s [/mnt/ioopt/appbench/apps/MLPerf-storage/dlio_benchmark/dlio_benchmark/utils/statscounter.py:325]
[INFO] 2025-05-05T11:17:46.006473 Rank 0 step 358 processed 5 samples in 1.858832836151123 s [/mnt/ioopt/appbench/apps/MLPerf-storage/dlio_benchmark/dlio_benchmark/utils/statscounter.py:325]
[INFO] 2025-05-05T11:17:49.745349 Rank 0 step 359 processed 5 samples in 3.7383227348327637 s [/mnt/ioopt/appbench/apps/MLPerf-storage/dlio_benchmark/dlio_benchmark/utils/statscounter.py:325]
[INFO] 2025-05-05T11:17:50.074347 Rank 0 step 360 processed 5 samples in 0.3284735679626465 s [/mnt/ioopt/appbench/apps/MLPerf-storage/dlio_benchmark/dlio_benchmark/utils/statscounter.py:325]
[INFO] 2025-05-05T11:17:50.403332 Rank 0 step 361 processed 5 samples in 0.3284773826599121 s [/mnt/ioopt/appbench/apps/MLPerf-storage/dlio_benchmark/dlio_benchmark/utils/statscounter.py:325]
[INFO] 2025-05-05T11:17:50.735098 Rank 0 step 362 processed 5 samples in 0.3312556743621826 s [/mnt/ioopt/appbench/apps/MLPerf-storage/dlio_benchmark/dlio_benchmark/utils/statscounter.py:325]
[INFO] 2025-05-05T11:17:51.064070 Rank 0 step 363 processed 5 samples in 0.3284590244293213 s [/mnt/ioopt/appbench/apps/MLPerf-storage/dlio_benchmark/dlio_benchmark/utils/statscounter.py:325]
[INFO] 2025-05-05T11:17:51.394853 Rank 0 step 364 processed 5 samples in 0.33032774925231934 s [/mnt/ioopt/appbench/apps/MLPerf-storage/dlio_benchmark/dlio_benchmark/utils/statscounter.py:325]
[INFO] 2025-05-05T11:17:53.983250 Rank 0 step 365 processed 5 samples in 2.587880849838257 s [/mnt/ioopt/appbench/apps/MLPerf-storage/dlio_benchmark/dlio_benchmark/utils/statscounter.py:325]
[INFO] 2025-05-05T11:17:58.312565 Rank 0 step 366 processed 5 samples in 4.328824758529663 s [/mnt/ioopt/appbench/apps/MLPerf-storage/dlio_benchmark/dlio_benchmark/utils/statscounter.py:325]
[INFO] 2025-05-05T11:17:58.641639 Rank 0 step 367 processed 5 samples in 0.32856178283691406 s [/mnt/ioopt/appbench/apps/MLPerf-storage/dlio_benchmark/dlio_benchmark/utils/statscounter.py:325]
[INFO] 2025-05-05T11:17:58.970529 Rank 0 step 368 processed 5 samples in 0.3284327983856201 s [/mnt/ioopt/appbench/apps/MLPerf-storage/dlio_benchmark/dlio_benchmark/utils/statscounter.py:325]
[INFO] 2025-05-05T11:18:12.719128 Rank 0 step 369 processed 5 samples in 13.748059034347534 s [/mnt/ioopt/appbench/apps/MLPerf-storage/dlio_benchmark/dlio_benchmark/utils/statscounter.py:325]
[INFO] 2025-05-05T11:18:18.405083 Rank 0 step 370 processed 5 samples in 5.685413360595703 s [/mnt/ioopt/appbench/apps/MLPerf-storage/dlio_benchmark/dlio_benchmark/utils/statscounter.py:325]
[INFO] 2025-05-05T11:18:18.733711 Rank 0 step 371 processed 5 samples in 0.32813405990600586 s [/mnt/ioopt/appbench/apps/MLPerf-storage/dlio_benchmark/dlio_benchmark/utils/statscounter.py:325]
[INFO] 2025-05-05T11:18:19.062497 Rank 0 step 372 processed 5 samples in 0.32834959030151367 s [/mnt/ioopt/appbench/apps/MLPerf-storage/dlio_benchmark/dlio_benchmark/utils/statscounter.py:325]
[INFO] 2025-05-05T11:18:21.223761 Rank 0 step 373 processed 5 samples in 2.160841703414917 s [/mnt/ioopt/appbench/apps/MLPerf-storage/dlio_benchmark/dlio_benchmark/utils/statscounter.py:325]
[INFO] 2025-05-05T11:18:21.552973 Rank 0 step 374 processed 5 samples in 0.32869839668273926 s [/mnt/ioopt/appbench/apps/MLPerf-storage/dlio_benchmark/dlio_benchmark/utils/statscounter.py:325]
[INFO] 2025-05-05T11:18:21.882463 Rank 0 step 375 processed 5 samples in 0.32900428771972656 s [/mnt/ioopt/appbench/apps/MLPerf-storage/dlio_benchmark/dlio_benchmark/utils/statscounter.py:325]
[INFO] 2025-05-05T11:18:30.310387 Rank 0 step 376 processed 5 samples in 8.42741847038269 s [/mnt/ioopt/appbench/apps/MLPerf-storage/dlio_benchmark/dlio_benchmark/utils/statscounter.py:325]
[INFO] 2025-05-05T11:18:33.651107 Rank 0 step 377 processed 5 samples in 3.3402159214019775 s [/mnt/ioopt/appbench/apps/MLPerf-storage/dlio_benchmark/dlio_benchmark/utils/statscounter.py:325]
[INFO] 2025-05-05T11:18:33.980148 Rank 0 step 378 processed 5 samples in 0.32857179641723633 s [/mnt/ioopt/appbench/apps/MLPerf-storage/dlio_benchmark/dlio_benchmark/utils/statscounter.py:325]
[INFO] 2025-05-05T11:18:34.309105 Rank 0 step 379 processed 5 samples in 0.32852911949157715 s [/mnt/ioopt/appbench/apps/MLPerf-storage/dlio_benchmark/dlio_benchmark/utils/statscounter.py:325]
[INFO] 2025-05-05T11:18:34.635101 Rank 0 step 380 processed 5 samples in 0.3256371021270752 s [/mnt/ioopt/appbench/apps/MLPerf-storage/dlio_benchmark/dlio_benchmark/utils/statscounter.py:325]
[INFO] 2025-05-05T11:18:34.963914 Rank 0 step 381 processed 5 samples in 0.3283267021179199 s [/mnt/ioopt/appbench/apps/MLPerf-storage/dlio_benchmark/dlio_benchmark/utils/statscounter.py:325]
[INFO] 2025-05-05T11:18:35.292982 Rank 0 step 382 processed 5 samples in 0.32858943939208984 s [/mnt/ioopt/appbench/apps/MLPerf-storage/dlio_benchmark/dlio_benchmark/utils/statscounter.py:325]
[INFO] 2025-05-05T11:18:35.622230 Rank 0 step 383 processed 5 samples in 0.3287665843963623 s [/mnt/ioopt/appbench/apps/MLPerf-storage/dlio_benchmark/dlio_benchmark/utils/statscounter.py:325]
[INFO] 2025-05-05T11:18:35.951077 Rank 0 step 384 processed 5 samples in 0.32831525802612305 s [/mnt/ioopt/appbench/apps/MLPerf-storage/dlio_benchmark/dlio_benchmark/utils/statscounter.py:325]
[INFO] 2025-05-05T11:18:50.325617 Rank 0 step 385 processed 5 samples in 14.374057531356812 s [/mnt/ioopt/appbench/apps/MLPerf-storage/dlio_benchmark/dlio_benchmark/utils/statscounter.py:325]
[INFO] 2025-05-05T11:18:50.655206 Rank 0 step 386 processed 5 samples in 0.32904505729675293 s [/mnt/ioopt/appbench/apps/MLPerf-storage/dlio_benchmark/dlio_benchmark/utils/statscounter.py:325]
[INFO] 2025-05-05T11:18:54.352761 Rank 0 step 387 processed 5 samples in 3.6970481872558594 s [/mnt/ioopt/appbench/apps/MLPerf-storage/dlio_benchmark/dlio_benchmark/utils/statscounter.py:325]
[INFO] 2025-05-05T11:18:54.681491 Rank 0 step 388 processed 5 samples in 0.32820725440979004 s [/mnt/ioopt/appbench/apps/MLPerf-storage/dlio_benchmark/dlio_benchmark/utils/statscounter.py:325]
[INFO] 2025-05-05T11:18:55.010771 Rank 0 step 389 processed 5 samples in 0.32879185676574707 s [/mnt/ioopt/appbench/apps/MLPerf-storage/dlio_benchmark/dlio_benchmark/utils/statscounter.py:325]
[INFO] 2025-05-05T11:18:55.340197 Rank 0 step 390 processed 5 samples in 0.3289146423339844 s [/mnt/ioopt/appbench/apps/MLPerf-storage/dlio_benchmark/dlio_benchmark/utils/statscounter.py:325]
[INFO] 2025-05-05T11:18:56.453997 Rank 0 step 391 processed 5 samples in 1.113269329071045 s [/mnt/ioopt/appbench/apps/MLPerf-storage/dlio_benchmark/dlio_benchmark/utils/statscounter.py:325]
[INFO] 2025-05-05T11:19:00.887959 Rank 0 step 392 processed 5 samples in 4.433432340621948 s [/mnt/ioopt/appbench/apps/MLPerf-storage/dlio_benchmark/dlio_benchmark/utils/statscounter.py:325]
[INFO] 2025-05-05T11:19:01.245042 Rank 0 step 393 processed 5 samples in 0.34607625007629395 s [/mnt/ioopt/appbench/apps/MLPerf-storage/dlio_benchmark/dlio_benchmark/utils/statscounter.py:325]
[INFO] 2025-05-05T11:19:01.573656 Rank 0 step 394 processed 5 samples in 0.32816028594970703 s [/mnt/ioopt/appbench/apps/MLPerf-storage/dlio_benchmark/dlio_benchmark/utils/statscounter.py:325]
[INFO] 2025-05-05T11:19:02.588823 Rank 0 step 395 processed 5 samples in 1.0147573947906494 s [/mnt/ioopt/appbench/apps/MLPerf-storage/dlio_benchmark/dlio_benchmark/utils/statscounter.py:325]
[INFO] 2025-05-05T11:19:02.917554 Rank 0 step 396 processed 5 samples in 0.32832932472229004 s [/mnt/ioopt/appbench/apps/MLPerf-storage/dlio_benchmark/dlio_benchmark/utils/statscounter.py:325]
[INFO] 2025-05-05T11:19:03.243044 Rank 0 step 397 processed 5 samples in 0.3252882957458496 s [/mnt/ioopt/appbench/apps/MLPerf-storage/dlio_benchmark/dlio_benchmark/utils/statscounter.py:325]
[INFO] 2025-05-05T11:19:03.573569 Rank 0 step 398 processed 5 samples in 0.3301808834075928 s [/mnt/ioopt/appbench/apps/MLPerf-storage/dlio_benchmark/dlio_benchmark/utils/statscounter.py:325]
[INFO] 2025-05-05T11:19:03.902066 Rank 0 step 399 processed 5 samples in 0.32808375358581543 s [/mnt/ioopt/appbench/apps/MLPerf-storage/dlio_benchmark/dlio_benchmark/utils/statscounter.py:325]
[INFO] 2025-05-05T11:19:04.232923 Rank 0 step 400 processed 5 samples in 0.33046555519104004 s [/mnt/ioopt/appbench/apps/MLPerf-storage/dlio_benchmark/dlio_benchmark/utils/statscounter.py:325]
[INFO] 2025-05-05T11:19:04.233501 Maximum number of steps reached [/mnt/ioopt/appbench/apps/MLPerf-storage/dlio_benchmark/dlio_benchmark/main.py:293]
[INFO] 2025-05-05T11:19:04.236512 Ending block 1 - 400 steps completed in 971.87 s [/mnt/ioopt/appbench/apps/MLPerf-storage/dlio_benchmark/dlio_benchmark/utils/statscounter.py:282]
[INFO] 2025-05-05T11:19:04.260189 Epoch 1 - Block 1 [Training] Accelerator Utilization [AU] (%): 13.8043 [/mnt/ioopt/appbench/apps/MLPerf-storage/dlio_benchmark/dlio_benchmark/utils/statscounter.py:285]
[INFO] 2025-05-05T11:19:04.260309 Epoch 1 - Block 1 [Training] Throughput (samples/second): 2.0579 [/mnt/ioopt/appbench/apps/MLPerf-storage/dlio_benchmark/dlio_benchmark/utils/statscounter.py:286]
[INFO] 2025-05-05T11:19:04.262073 Ending epoch 1 - 400 steps completed in 971.93 s [/mnt/ioopt/appbench/apps/MLPerf-storage/dlio_benchmark/dlio_benchmark/utils/statscounter.py:225]
[INFO] 2025-05-05T11:19:04.271053 Saved outputs in /mnt/ioopt/appbench/apps/MLPerf-storage/resultsdir/RUN_5/batch_size_5_num_threads_16 [/mnt/ioopt/appbench/apps/MLPerf-storage/dlio_benchmark/dlio_benchmark/utils/statscounter.py:171]
[INFO] Averaged metric over all epochs
[METRIC] ==========================================================
[METRIC] Number of Simulated Accelerators: 1 
[METRIC] Training Accelerator Utilization [AU] (%): 13.8043 (0.0000)
[METRIC] Training Throughput (samples/second): 2.0579 (0.0000)
[METRIC] Training I/O Throughput (MB/second): 287.7133 (0.0000)
[METRIC] train_au_meet_expectation: fail
[METRIC] ==========================================================
 [/mnt/ioopt/appbench/apps/MLPerf-storage/dlio_benchmark/dlio_benchmark/utils/statscounter.py:185]
[INFO] 2025-05-05T11:19:04.277531 outputs saved in RANKID_output.json [/mnt/ioopt/appbench/apps/MLPerf-storage/dlio_benchmark/dlio_benchmark/utils/statscounter.py:378]
