[INFO] 2025-05-04T18:31:09.543397 Profiling DLIO /mnt/ioopt/appbench/apps/MLPerf-storage/resultsdir/RUN_4/batch_size_5_num_threads_12/trace-0-of-1.pfw [/mnt/ioopt/appbench/apps/MLPerf-storage/dlio_benchmark/dlio_benchmark/utils/config.py:189]
[INFO] 2025-05-04T18:31:09.543993 Running DLIO with 1 process(es) [/mnt/ioopt/appbench/apps/MLPerf-storage/dlio_benchmark/dlio_benchmark/main.py:100]
[INFO] Total amount of data each host will consume is 273.064948618412 GB; each host has [np.float64(187.5592384338379)] GB memory [/mnt/ioopt/appbench/apps/MLPerf-storage/dlio_benchmark/dlio_benchmark/utils/statscounter.py:121]
[INFO] 2025-05-04T18:31:25.922439 Max steps per epoch: 400 = 1 * 2000 / 5 / 1 (samples per file * num files / batch size / comm size) [/mnt/ioopt/appbench/apps/MLPerf-storage/dlio_benchmark/dlio_benchmark/main.py:321]
[INFO] 2025-05-04T18:31:26.077812 Starting epoch 1: 400 steps expected [/mnt/ioopt/appbench/apps/MLPerf-storage/dlio_benchmark/dlio_benchmark/utils/statscounter.py:192]
[INFO] 2025-05-04T18:31:26.109895 Starting block 1 [/mnt/ioopt/appbench/apps/MLPerf-storage/dlio_benchmark/dlio_benchmark/utils/statscounter.py:264]
[INFO] 2025-05-04T18:31:54.789332 Rank 0 step 1 processed 5 samples in 28.67923927307129 s [/mnt/ioopt/appbench/apps/MLPerf-storage/dlio_benchmark/dlio_benchmark/utils/statscounter.py:325]
[INFO] 2025-05-04T18:31:55.168638 Rank 0 step 2 processed 5 samples in 0.3786799907684326 s [/mnt/ioopt/appbench/apps/MLPerf-storage/dlio_benchmark/dlio_benchmark/utils/statscounter.py:325]
[INFO] 2025-05-04T18:31:56.911754 Rank 0 step 3 processed 5 samples in 1.7428550720214844 s [/mnt/ioopt/appbench/apps/MLPerf-storage/dlio_benchmark/dlio_benchmark/utils/statscounter.py:325]
[INFO] 2025-05-04T18:31:57.241220 Rank 0 step 4 processed 5 samples in 0.32898855209350586 s [/mnt/ioopt/appbench/apps/MLPerf-storage/dlio_benchmark/dlio_benchmark/utils/statscounter.py:325]
[INFO] 2025-05-04T18:31:57.570247 Rank 0 step 5 processed 5 samples in 0.3285493850708008 s [/mnt/ioopt/appbench/apps/MLPerf-storage/dlio_benchmark/dlio_benchmark/utils/statscounter.py:325]
[INFO] 2025-05-04T18:31:57.902431 Rank 0 step 6 processed 5 samples in 0.3317286968231201 s [/mnt/ioopt/appbench/apps/MLPerf-storage/dlio_benchmark/dlio_benchmark/utils/statscounter.py:325]
[INFO] 2025-05-04T18:31:58.229689 Rank 0 step 7 processed 5 samples in 0.3267238140106201 s [/mnt/ioopt/appbench/apps/MLPerf-storage/dlio_benchmark/dlio_benchmark/utils/statscounter.py:325]
[INFO] 2025-05-04T18:31:58.558929 Rank 0 step 8 processed 5 samples in 0.328704833984375 s [/mnt/ioopt/appbench/apps/MLPerf-storage/dlio_benchmark/dlio_benchmark/utils/statscounter.py:325]
[INFO] 2025-05-04T18:31:58.888038 Rank 0 step 9 processed 5 samples in 0.32866692543029785 s [/mnt/ioopt/appbench/apps/MLPerf-storage/dlio_benchmark/dlio_benchmark/utils/statscounter.py:325]
[INFO] 2025-05-04T18:31:59.216664 Rank 0 step 10 processed 5 samples in 0.3282043933868408 s [/mnt/ioopt/appbench/apps/MLPerf-storage/dlio_benchmark/dlio_benchmark/utils/statscounter.py:325]
[INFO] 2025-05-04T18:31:59.545615 Rank 0 step 11 processed 5 samples in 0.3285098075866699 s [/mnt/ioopt/appbench/apps/MLPerf-storage/dlio_benchmark/dlio_benchmark/utils/statscounter.py:325]
[INFO] 2025-05-04T18:31:59.874366 Rank 0 step 12 processed 5 samples in 0.3283052444458008 s [/mnt/ioopt/appbench/apps/MLPerf-storage/dlio_benchmark/dlio_benchmark/utils/statscounter.py:325]
[INFO] 2025-05-04T18:32:26.205805 Rank 0 step 13 processed 5 samples in 26.330996990203857 s [/mnt/ioopt/appbench/apps/MLPerf-storage/dlio_benchmark/dlio_benchmark/utils/statscounter.py:325]
[INFO] 2025-05-04T18:32:26.531751 Rank 0 step 14 processed 5 samples in 0.325458288192749 s [/mnt/ioopt/appbench/apps/MLPerf-storage/dlio_benchmark/dlio_benchmark/utils/statscounter.py:325]
[INFO] 2025-05-04T18:32:26.857647 Rank 0 step 15 processed 5 samples in 0.3256258964538574 s [/mnt/ioopt/appbench/apps/MLPerf-storage/dlio_benchmark/dlio_benchmark/utils/statscounter.py:325]
[INFO] 2025-05-04T18:32:27.183653 Rank 0 step 16 processed 5 samples in 0.32547950744628906 s [/mnt/ioopt/appbench/apps/MLPerf-storage/dlio_benchmark/dlio_benchmark/utils/statscounter.py:325]
[INFO] 2025-05-04T18:32:27.510571 Rank 0 step 17 processed 5 samples in 0.32647180557250977 s [/mnt/ioopt/appbench/apps/MLPerf-storage/dlio_benchmark/dlio_benchmark/utils/statscounter.py:325]
[INFO] 2025-05-04T18:32:27.838199 Rank 0 step 18 processed 5 samples in 0.3271913528442383 s [/mnt/ioopt/appbench/apps/MLPerf-storage/dlio_benchmark/dlio_benchmark/utils/statscounter.py:325]
[INFO] 2025-05-04T18:32:28.166609 Rank 0 step 19 processed 5 samples in 0.3280625343322754 s [/mnt/ioopt/appbench/apps/MLPerf-storage/dlio_benchmark/dlio_benchmark/utils/statscounter.py:325]
[INFO] 2025-05-04T18:32:28.492883 Rank 0 step 20 processed 5 samples in 0.32567524909973145 s [/mnt/ioopt/appbench/apps/MLPerf-storage/dlio_benchmark/dlio_benchmark/utils/statscounter.py:325]
[INFO] 2025-05-04T18:32:28.818617 Rank 0 step 21 processed 5 samples in 0.32546544075012207 s [/mnt/ioopt/appbench/apps/MLPerf-storage/dlio_benchmark/dlio_benchmark/utils/statscounter.py:325]
[INFO] 2025-05-04T18:32:29.150040 Rank 0 step 22 processed 5 samples in 0.3309361934661865 s [/mnt/ioopt/appbench/apps/MLPerf-storage/dlio_benchmark/dlio_benchmark/utils/statscounter.py:325]
[INFO] 2025-05-04T18:32:29.479223 Rank 0 step 23 processed 5 samples in 0.3287186622619629 s [/mnt/ioopt/appbench/apps/MLPerf-storage/dlio_benchmark/dlio_benchmark/utils/statscounter.py:325]
[INFO] 2025-05-04T18:32:29.808893 Rank 0 step 24 processed 5 samples in 0.32921361923217773 s [/mnt/ioopt/appbench/apps/MLPerf-storage/dlio_benchmark/dlio_benchmark/utils/statscounter.py:325]
[INFO] 2025-05-04T18:32:46.109124 Rank 0 step 25 processed 5 samples in 16.29977035522461 s [/mnt/ioopt/appbench/apps/MLPerf-storage/dlio_benchmark/dlio_benchmark/utils/statscounter.py:325]
[INFO] 2025-05-04T18:32:51.384810 Rank 0 step 26 processed 5 samples in 5.27520751953125 s [/mnt/ioopt/appbench/apps/MLPerf-storage/dlio_benchmark/dlio_benchmark/utils/statscounter.py:325]
[INFO] 2025-05-04T18:32:54.485993 Rank 0 step 27 processed 5 samples in 3.1007087230682373 s [/mnt/ioopt/appbench/apps/MLPerf-storage/dlio_benchmark/dlio_benchmark/utils/statscounter.py:325]
[INFO] 2025-05-04T18:32:54.813978 Rank 0 step 28 processed 5 samples in 0.32764124870300293 s [/mnt/ioopt/appbench/apps/MLPerf-storage/dlio_benchmark/dlio_benchmark/utils/statscounter.py:325]
[INFO] 2025-05-04T18:32:57.964782 Rank 0 step 29 processed 5 samples in 3.1497604846954346 s [/mnt/ioopt/appbench/apps/MLPerf-storage/dlio_benchmark/dlio_benchmark/utils/statscounter.py:325]
[INFO] 2025-05-04T18:32:58.753210 Rank 0 step 30 processed 5 samples in 0.7878885269165039 s [/mnt/ioopt/appbench/apps/MLPerf-storage/dlio_benchmark/dlio_benchmark/utils/statscounter.py:325]
[INFO] 2025-05-04T18:32:59.082233 Rank 0 step 31 processed 5 samples in 0.32849907875061035 s [/mnt/ioopt/appbench/apps/MLPerf-storage/dlio_benchmark/dlio_benchmark/utils/statscounter.py:325]
[INFO] 2025-05-04T18:33:00.242528 Rank 0 step 32 processed 5 samples in 1.159749984741211 s [/mnt/ioopt/appbench/apps/MLPerf-storage/dlio_benchmark/dlio_benchmark/utils/statscounter.py:325]
[INFO] 2025-05-04T18:33:00.571987 Rank 0 step 33 processed 5 samples in 0.32897114753723145 s [/mnt/ioopt/appbench/apps/MLPerf-storage/dlio_benchmark/dlio_benchmark/utils/statscounter.py:325]
[INFO] 2025-05-04T18:33:00.900785 Rank 0 step 34 processed 5 samples in 0.328319787979126 s [/mnt/ioopt/appbench/apps/MLPerf-storage/dlio_benchmark/dlio_benchmark/utils/statscounter.py:325]
[INFO] 2025-05-04T18:33:03.709896 Rank 0 step 35 processed 5 samples in 2.8086392879486084 s [/mnt/ioopt/appbench/apps/MLPerf-storage/dlio_benchmark/dlio_benchmark/utils/statscounter.py:325]
[INFO] 2025-05-04T18:33:04.039141 Rank 0 step 36 processed 5 samples in 0.3287482261657715 s [/mnt/ioopt/appbench/apps/MLPerf-storage/dlio_benchmark/dlio_benchmark/utils/statscounter.py:325]
[INFO] 2025-05-04T18:33:16.110757 Rank 0 step 37 processed 5 samples in 12.071153402328491 s [/mnt/ioopt/appbench/apps/MLPerf-storage/dlio_benchmark/dlio_benchmark/utils/statscounter.py:325]
[INFO] 2025-05-04T18:33:16.440142 Rank 0 step 38 processed 5 samples in 0.3288455009460449 s [/mnt/ioopt/appbench/apps/MLPerf-storage/dlio_benchmark/dlio_benchmark/utils/statscounter.py:325]
[INFO] 2025-05-04T18:33:23.386002 Rank 0 step 39 processed 5 samples in 6.9454076290130615 s [/mnt/ioopt/appbench/apps/MLPerf-storage/dlio_benchmark/dlio_benchmark/utils/statscounter.py:325]
[INFO] 2025-05-04T18:33:23.715600 Rank 0 step 40 processed 5 samples in 0.32912492752075195 s [/mnt/ioopt/appbench/apps/MLPerf-storage/dlio_benchmark/dlio_benchmark/utils/statscounter.py:325]
[INFO] 2025-05-04T18:33:24.747220 Rank 0 step 41 processed 5 samples in 1.0311698913574219 s [/mnt/ioopt/appbench/apps/MLPerf-storage/dlio_benchmark/dlio_benchmark/utils/statscounter.py:325]
[INFO] 2025-05-04T18:33:25.075890 Rank 0 step 42 processed 5 samples in 0.3283238410949707 s [/mnt/ioopt/appbench/apps/MLPerf-storage/dlio_benchmark/dlio_benchmark/utils/statscounter.py:325]
[INFO] 2025-05-04T18:33:30.050345 Rank 0 step 43 processed 5 samples in 4.973956346511841 s [/mnt/ioopt/appbench/apps/MLPerf-storage/dlio_benchmark/dlio_benchmark/utils/statscounter.py:325]
[INFO] 2025-05-04T18:33:33.942465 Rank 0 step 44 processed 5 samples in 3.891568660736084 s [/mnt/ioopt/appbench/apps/MLPerf-storage/dlio_benchmark/dlio_benchmark/utils/statscounter.py:325]
[INFO] 2025-05-04T18:33:34.267924 Rank 0 step 45 processed 5 samples in 0.3251981735229492 s [/mnt/ioopt/appbench/apps/MLPerf-storage/dlio_benchmark/dlio_benchmark/utils/statscounter.py:325]
[INFO] 2025-05-04T18:33:34.594456 Rank 0 step 46 processed 5 samples in 0.32621169090270996 s [/mnt/ioopt/appbench/apps/MLPerf-storage/dlio_benchmark/dlio_benchmark/utils/statscounter.py:325]
[INFO] 2025-05-04T18:33:34.922082 Rank 0 step 47 processed 5 samples in 0.32730698585510254 s [/mnt/ioopt/appbench/apps/MLPerf-storage/dlio_benchmark/dlio_benchmark/utils/statscounter.py:325]
[INFO] 2025-05-04T18:33:35.251217 Rank 0 step 48 processed 5 samples in 0.3286411762237549 s [/mnt/ioopt/appbench/apps/MLPerf-storage/dlio_benchmark/dlio_benchmark/utils/statscounter.py:325]
[INFO] 2025-05-04T18:33:42.993812 Rank 0 step 49 processed 5 samples in 7.715181827545166 s [/mnt/ioopt/appbench/apps/MLPerf-storage/dlio_benchmark/dlio_benchmark/utils/statscounter.py:325]
[INFO] 2025-05-04T18:33:43.322669 Rank 0 step 50 processed 5 samples in 0.3283805847167969 s [/mnt/ioopt/appbench/apps/MLPerf-storage/dlio_benchmark/dlio_benchmark/utils/statscounter.py:325]
[INFO] 2025-05-04T18:33:55.326091 Rank 0 step 51 processed 5 samples in 12.002917289733887 s [/mnt/ioopt/appbench/apps/MLPerf-storage/dlio_benchmark/dlio_benchmark/utils/statscounter.py:325]
[INFO] 2025-05-04T18:33:55.651655 Rank 0 step 52 processed 5 samples in 0.32529568672180176 s [/mnt/ioopt/appbench/apps/MLPerf-storage/dlio_benchmark/dlio_benchmark/utils/statscounter.py:325]
[INFO] 2025-05-04T18:33:55.977582 Rank 0 step 53 processed 5 samples in 0.3256218433380127 s [/mnt/ioopt/appbench/apps/MLPerf-storage/dlio_benchmark/dlio_benchmark/utils/statscounter.py:325]
[INFO] 2025-05-04T18:33:56.306622 Rank 0 step 54 processed 5 samples in 0.32859325408935547 s [/mnt/ioopt/appbench/apps/MLPerf-storage/dlio_benchmark/dlio_benchmark/utils/statscounter.py:325]
[INFO] 2025-05-04T18:33:59.601470 Rank 0 step 55 processed 5 samples in 3.2945921421051025 s [/mnt/ioopt/appbench/apps/MLPerf-storage/dlio_benchmark/dlio_benchmark/utils/statscounter.py:325]
[INFO] 2025-05-04T18:33:59.927079 Rank 0 step 56 processed 5 samples in 0.32527780532836914 s [/mnt/ioopt/appbench/apps/MLPerf-storage/dlio_benchmark/dlio_benchmark/utils/statscounter.py:325]
[INFO] 2025-05-04T18:34:00.257824 Rank 0 step 57 processed 5 samples in 0.3302793502807617 s [/mnt/ioopt/appbench/apps/MLPerf-storage/dlio_benchmark/dlio_benchmark/utils/statscounter.py:325]
[INFO] 2025-05-04T18:34:00.586912 Rank 0 step 58 processed 5 samples in 0.32863545417785645 s [/mnt/ioopt/appbench/apps/MLPerf-storage/dlio_benchmark/dlio_benchmark/utils/statscounter.py:325]
[INFO] 2025-05-04T18:34:03.495064 Rank 0 step 59 processed 5 samples in 2.907665967941284 s [/mnt/ioopt/appbench/apps/MLPerf-storage/dlio_benchmark/dlio_benchmark/utils/statscounter.py:325]
[INFO] 2025-05-04T18:34:03.823902 Rank 0 step 60 processed 5 samples in 0.3283519744873047 s [/mnt/ioopt/appbench/apps/MLPerf-storage/dlio_benchmark/dlio_benchmark/utils/statscounter.py:325]
[INFO] 2025-05-04T18:34:16.550468 Rank 0 step 61 processed 5 samples in 12.726124048233032 s [/mnt/ioopt/appbench/apps/MLPerf-storage/dlio_benchmark/dlio_benchmark/utils/statscounter.py:325]
[INFO] 2025-05-04T18:34:17.094277 Rank 0 step 62 processed 5 samples in 0.5434105396270752 s [/mnt/ioopt/appbench/apps/MLPerf-storage/dlio_benchmark/dlio_benchmark/utils/statscounter.py:325]
[INFO] 2025-05-04T18:34:22.570491 Rank 0 step 63 processed 5 samples in 5.475732803344727 s [/mnt/ioopt/appbench/apps/MLPerf-storage/dlio_benchmark/dlio_benchmark/utils/statscounter.py:325]
[INFO] 2025-05-04T18:34:24.468879 Rank 0 step 64 processed 5 samples in 1.8977794647216797 s [/mnt/ioopt/appbench/apps/MLPerf-storage/dlio_benchmark/dlio_benchmark/utils/statscounter.py:325]
[INFO] 2025-05-04T18:34:26.402389 Rank 0 step 65 processed 5 samples in 1.9329473972320557 s [/mnt/ioopt/appbench/apps/MLPerf-storage/dlio_benchmark/dlio_benchmark/utils/statscounter.py:325]
[INFO] 2025-05-04T18:34:26.731486 Rank 0 step 66 processed 5 samples in 0.328643798828125 s [/mnt/ioopt/appbench/apps/MLPerf-storage/dlio_benchmark/dlio_benchmark/utils/statscounter.py:325]
[INFO] 2025-05-04T18:34:27.060287 Rank 0 step 67 processed 5 samples in 0.3283674716949463 s [/mnt/ioopt/appbench/apps/MLPerf-storage/dlio_benchmark/dlio_benchmark/utils/statscounter.py:325]
[INFO] 2025-05-04T18:34:27.389542 Rank 0 step 68 processed 5 samples in 0.32879114151000977 s [/mnt/ioopt/appbench/apps/MLPerf-storage/dlio_benchmark/dlio_benchmark/utils/statscounter.py:325]
[INFO] 2025-05-04T18:34:27.720738 Rank 0 step 69 processed 5 samples in 0.330733060836792 s [/mnt/ioopt/appbench/apps/MLPerf-storage/dlio_benchmark/dlio_benchmark/utils/statscounter.py:325]
[INFO] 2025-05-04T18:34:28.054174 Rank 0 step 70 processed 5 samples in 0.3329298496246338 s [/mnt/ioopt/appbench/apps/MLPerf-storage/dlio_benchmark/dlio_benchmark/utils/statscounter.py:325]
[INFO] 2025-05-04T18:34:32.637264 Rank 0 step 71 processed 5 samples in 4.582643985748291 s [/mnt/ioopt/appbench/apps/MLPerf-storage/dlio_benchmark/dlio_benchmark/utils/statscounter.py:325]
[INFO] 2025-05-04T18:34:32.966064 Rank 0 step 72 processed 5 samples in 0.32833385467529297 s [/mnt/ioopt/appbench/apps/MLPerf-storage/dlio_benchmark/dlio_benchmark/utils/statscounter.py:325]
[INFO] 2025-05-04T18:34:41.450780 Rank 0 step 73 processed 5 samples in 8.484207153320312 s [/mnt/ioopt/appbench/apps/MLPerf-storage/dlio_benchmark/dlio_benchmark/utils/statscounter.py:325]
[INFO] 2025-05-04T18:34:41.778602 Rank 0 step 74 processed 5 samples in 0.3273322582244873 s [/mnt/ioopt/appbench/apps/MLPerf-storage/dlio_benchmark/dlio_benchmark/utils/statscounter.py:325]
[INFO] 2025-05-04T18:34:49.351992 Rank 0 step 75 processed 5 samples in 7.573094367980957 s [/mnt/ioopt/appbench/apps/MLPerf-storage/dlio_benchmark/dlio_benchmark/utils/statscounter.py:325]
[INFO] 2025-05-04T18:34:53.138783 Rank 0 step 76 processed 5 samples in 3.7863352298736572 s [/mnt/ioopt/appbench/apps/MLPerf-storage/dlio_benchmark/dlio_benchmark/utils/statscounter.py:325]
[INFO] 2025-05-04T18:34:53.468056 Rank 0 step 77 processed 5 samples in 0.32887840270996094 s [/mnt/ioopt/appbench/apps/MLPerf-storage/dlio_benchmark/dlio_benchmark/utils/statscounter.py:325]
[INFO] 2025-05-04T18:34:53.797049 Rank 0 step 78 processed 5 samples in 0.32848286628723145 s [/mnt/ioopt/appbench/apps/MLPerf-storage/dlio_benchmark/dlio_benchmark/utils/statscounter.py:325]
[INFO] 2025-05-04T18:34:54.126052 Rank 0 step 79 processed 5 samples in 0.3285696506500244 s [/mnt/ioopt/appbench/apps/MLPerf-storage/dlio_benchmark/dlio_benchmark/utils/statscounter.py:325]
[INFO] 2025-05-04T18:34:54.456556 Rank 0 step 80 processed 5 samples in 0.3300764560699463 s [/mnt/ioopt/appbench/apps/MLPerf-storage/dlio_benchmark/dlio_benchmark/utils/statscounter.py:325]
[INFO] 2025-05-04T18:34:54.787120 Rank 0 step 81 processed 5 samples in 0.3300955295562744 s [/mnt/ioopt/appbench/apps/MLPerf-storage/dlio_benchmark/dlio_benchmark/utils/statscounter.py:325]
[INFO] 2025-05-04T18:34:55.116065 Rank 0 step 82 processed 5 samples in 0.3285048007965088 s [/mnt/ioopt/appbench/apps/MLPerf-storage/dlio_benchmark/dlio_benchmark/utils/statscounter.py:325]
[INFO] 2025-05-04T18:35:00.470039 Rank 0 step 83 processed 5 samples in 5.353513717651367 s [/mnt/ioopt/appbench/apps/MLPerf-storage/dlio_benchmark/dlio_benchmark/utils/statscounter.py:325]
[INFO] 2025-05-04T18:35:00.799103 Rank 0 step 84 processed 5 samples in 0.3286092281341553 s [/mnt/ioopt/appbench/apps/MLPerf-storage/dlio_benchmark/dlio_benchmark/utils/statscounter.py:325]
[INFO] 2025-05-04T18:35:05.888568 Rank 0 step 85 processed 5 samples in 5.089015007019043 s [/mnt/ioopt/appbench/apps/MLPerf-storage/dlio_benchmark/dlio_benchmark/utils/statscounter.py:325]
[INFO] 2025-05-04T18:35:10.723610 Rank 0 step 86 processed 5 samples in 4.8345677852630615 s [/mnt/ioopt/appbench/apps/MLPerf-storage/dlio_benchmark/dlio_benchmark/utils/statscounter.py:325]
[INFO] 2025-05-04T18:35:11.638471 Rank 0 step 87 processed 5 samples in 0.9144043922424316 s [/mnt/ioopt/appbench/apps/MLPerf-storage/dlio_benchmark/dlio_benchmark/utils/statscounter.py:325]
[INFO] 2025-05-04T18:35:21.401226 Rank 0 step 88 processed 5 samples in 9.762296915054321 s [/mnt/ioopt/appbench/apps/MLPerf-storage/dlio_benchmark/dlio_benchmark/utils/statscounter.py:325]
[INFO] 2025-05-04T18:35:21.730160 Rank 0 step 89 processed 5 samples in 0.32840490341186523 s [/mnt/ioopt/appbench/apps/MLPerf-storage/dlio_benchmark/dlio_benchmark/utils/statscounter.py:325]
[INFO] 2025-05-04T18:35:22.059654 Rank 0 step 90 processed 5 samples in 0.32900071144104004 s [/mnt/ioopt/appbench/apps/MLPerf-storage/dlio_benchmark/dlio_benchmark/utils/statscounter.py:325]
[INFO] 2025-05-04T18:35:22.388695 Rank 0 step 91 processed 5 samples in 0.3284473419189453 s [/mnt/ioopt/appbench/apps/MLPerf-storage/dlio_benchmark/dlio_benchmark/utils/statscounter.py:325]
[INFO] 2025-05-04T18:35:25.140437 Rank 0 step 92 processed 5 samples in 2.751286506652832 s [/mnt/ioopt/appbench/apps/MLPerf-storage/dlio_benchmark/dlio_benchmark/utils/statscounter.py:325]
[INFO] 2025-05-04T18:35:27.132700 Rank 0 step 93 processed 5 samples in 1.9917807579040527 s [/mnt/ioopt/appbench/apps/MLPerf-storage/dlio_benchmark/dlio_benchmark/utils/statscounter.py:325]
[INFO] 2025-05-04T18:35:27.462078 Rank 0 step 94 processed 5 samples in 0.3287160396575928 s [/mnt/ioopt/appbench/apps/MLPerf-storage/dlio_benchmark/dlio_benchmark/utils/statscounter.py:325]
[INFO] 2025-05-04T18:35:30.162674 Rank 0 step 95 processed 5 samples in 2.7001218795776367 s [/mnt/ioopt/appbench/apps/MLPerf-storage/dlio_benchmark/dlio_benchmark/utils/statscounter.py:325]
[INFO] 2025-05-04T18:35:31.154204 Rank 0 step 96 processed 5 samples in 0.9910256862640381 s [/mnt/ioopt/appbench/apps/MLPerf-storage/dlio_benchmark/dlio_benchmark/utils/statscounter.py:325]
[INFO] 2025-05-04T18:35:31.509601 Rank 0 step 97 processed 5 samples in 0.35492825508117676 s [/mnt/ioopt/appbench/apps/MLPerf-storage/dlio_benchmark/dlio_benchmark/utils/statscounter.py:325]
[INFO] 2025-05-04T18:35:36.830962 Rank 0 step 98 processed 5 samples in 5.320880889892578 s [/mnt/ioopt/appbench/apps/MLPerf-storage/dlio_benchmark/dlio_benchmark/utils/statscounter.py:325]
[INFO] 2025-05-04T18:35:45.237363 Rank 0 step 99 processed 5 samples in 8.405903816223145 s [/mnt/ioopt/appbench/apps/MLPerf-storage/dlio_benchmark/dlio_benchmark/utils/statscounter.py:325]
[INFO] 2025-05-04T18:35:48.627253 Rank 0 step 100 processed 5 samples in 3.389409065246582 s [/mnt/ioopt/appbench/apps/MLPerf-storage/dlio_benchmark/dlio_benchmark/utils/statscounter.py:325]
[INFO] 2025-05-04T18:35:54.707936 Rank 0 step 101 processed 5 samples in 6.080191612243652 s [/mnt/ioopt/appbench/apps/MLPerf-storage/dlio_benchmark/dlio_benchmark/utils/statscounter.py:325]
[INFO] 2025-05-04T18:35:55.037128 Rank 0 step 102 processed 5 samples in 0.32869672775268555 s [/mnt/ioopt/appbench/apps/MLPerf-storage/dlio_benchmark/dlio_benchmark/utils/statscounter.py:325]
[INFO] 2025-05-04T18:35:55.366054 Rank 0 step 103 processed 5 samples in 0.3283991813659668 s [/mnt/ioopt/appbench/apps/MLPerf-storage/dlio_benchmark/dlio_benchmark/utils/statscounter.py:325]
[INFO] 2025-05-04T18:35:55.695449 Rank 0 step 104 processed 5 samples in 0.32892537117004395 s [/mnt/ioopt/appbench/apps/MLPerf-storage/dlio_benchmark/dlio_benchmark/utils/statscounter.py:325]
[INFO] 2025-05-04T18:35:56.024476 Rank 0 step 105 processed 5 samples in 0.32855844497680664 s [/mnt/ioopt/appbench/apps/MLPerf-storage/dlio_benchmark/dlio_benchmark/utils/statscounter.py:325]
[INFO] 2025-05-04T18:35:57.109895 Rank 0 step 106 processed 5 samples in 1.0849449634552002 s [/mnt/ioopt/appbench/apps/MLPerf-storage/dlio_benchmark/dlio_benchmark/utils/statscounter.py:325]
[INFO] 2025-05-04T18:35:57.599925 Rank 0 step 107 processed 5 samples in 0.4895627498626709 s [/mnt/ioopt/appbench/apps/MLPerf-storage/dlio_benchmark/dlio_benchmark/utils/statscounter.py:325]
[INFO] 2025-05-04T18:36:04.782404 Rank 0 step 108 processed 5 samples in 7.182021856307983 s [/mnt/ioopt/appbench/apps/MLPerf-storage/dlio_benchmark/dlio_benchmark/utils/statscounter.py:325]
[INFO] 2025-05-04T18:36:05.111255 Rank 0 step 109 processed 5 samples in 0.3283205032348633 s [/mnt/ioopt/appbench/apps/MLPerf-storage/dlio_benchmark/dlio_benchmark/utils/statscounter.py:325]
[INFO] 2025-05-04T18:36:05.440176 Rank 0 step 110 processed 5 samples in 0.3284575939178467 s [/mnt/ioopt/appbench/apps/MLPerf-storage/dlio_benchmark/dlio_benchmark/utils/statscounter.py:325]
[INFO] 2025-05-04T18:36:10.568849 Rank 0 step 111 processed 5 samples in 5.128209114074707 s [/mnt/ioopt/appbench/apps/MLPerf-storage/dlio_benchmark/dlio_benchmark/utils/statscounter.py:325]
[INFO] 2025-05-04T18:36:18.073045 Rank 0 step 112 processed 5 samples in 7.400331735610962 s [/mnt/ioopt/appbench/apps/MLPerf-storage/dlio_benchmark/dlio_benchmark/utils/statscounter.py:325]
[INFO] 2025-05-04T18:36:19.474129 Rank 0 step 113 processed 5 samples in 1.4005539417266846 s [/mnt/ioopt/appbench/apps/MLPerf-storage/dlio_benchmark/dlio_benchmark/utils/statscounter.py:325]
[INFO] 2025-05-04T18:36:26.116648 Rank 0 step 114 processed 5 samples in 6.641990900039673 s [/mnt/ioopt/appbench/apps/MLPerf-storage/dlio_benchmark/dlio_benchmark/utils/statscounter.py:325]
[INFO] 2025-05-04T18:36:29.357850 Rank 0 step 115 processed 5 samples in 3.2407186031341553 s [/mnt/ioopt/appbench/apps/MLPerf-storage/dlio_benchmark/dlio_benchmark/utils/statscounter.py:325]
[INFO] 2025-05-04T18:36:29.686911 Rank 0 step 116 processed 5 samples in 0.3286020755767822 s [/mnt/ioopt/appbench/apps/MLPerf-storage/dlio_benchmark/dlio_benchmark/utils/statscounter.py:325]
[INFO] 2025-05-04T18:36:30.016133 Rank 0 step 117 processed 5 samples in 0.3287527561187744 s [/mnt/ioopt/appbench/apps/MLPerf-storage/dlio_benchmark/dlio_benchmark/utils/statscounter.py:325]
[INFO] 2025-05-04T18:36:30.345036 Rank 0 step 118 processed 5 samples in 0.32845520973205566 s [/mnt/ioopt/appbench/apps/MLPerf-storage/dlio_benchmark/dlio_benchmark/utils/statscounter.py:325]
[INFO] 2025-05-04T18:36:30.674060 Rank 0 step 119 processed 5 samples in 0.32857775688171387 s [/mnt/ioopt/appbench/apps/MLPerf-storage/dlio_benchmark/dlio_benchmark/utils/statscounter.py:325]
[INFO] 2025-05-04T18:36:35.859734 Rank 0 step 120 processed 5 samples in 5.18522834777832 s [/mnt/ioopt/appbench/apps/MLPerf-storage/dlio_benchmark/dlio_benchmark/utils/statscounter.py:325]
[INFO] 2025-05-04T18:36:36.189416 Rank 0 step 121 processed 5 samples in 0.3286457061767578 s [/mnt/ioopt/appbench/apps/MLPerf-storage/dlio_benchmark/dlio_benchmark/utils/statscounter.py:325]
[INFO] 2025-05-04T18:36:36.518242 Rank 0 step 122 processed 5 samples in 0.32839083671569824 s [/mnt/ioopt/appbench/apps/MLPerf-storage/dlio_benchmark/dlio_benchmark/utils/statscounter.py:325]
[INFO] 2025-05-04T18:36:40.413829 Rank 0 step 123 processed 5 samples in 3.895151376724243 s [/mnt/ioopt/appbench/apps/MLPerf-storage/dlio_benchmark/dlio_benchmark/utils/statscounter.py:325]
[INFO] 2025-05-04T18:36:43.672223 Rank 0 step 124 processed 5 samples in 3.2578957080841064 s [/mnt/ioopt/appbench/apps/MLPerf-storage/dlio_benchmark/dlio_benchmark/utils/statscounter.py:325]
[INFO] 2025-05-04T18:36:45.703831 Rank 0 step 125 processed 5 samples in 2.0310568809509277 s [/mnt/ioopt/appbench/apps/MLPerf-storage/dlio_benchmark/dlio_benchmark/utils/statscounter.py:325]
[INFO] 2025-05-04T18:36:56.541523 Rank 0 step 126 processed 5 samples in 10.83716630935669 s [/mnt/ioopt/appbench/apps/MLPerf-storage/dlio_benchmark/dlio_benchmark/utils/statscounter.py:325]
[INFO] 2025-05-04T18:37:02.479776 Rank 0 step 127 processed 5 samples in 5.937679290771484 s [/mnt/ioopt/appbench/apps/MLPerf-storage/dlio_benchmark/dlio_benchmark/utils/statscounter.py:325]
[INFO] 2025-05-04T18:37:02.808596 Rank 0 step 128 processed 5 samples in 0.32831716537475586 s [/mnt/ioopt/appbench/apps/MLPerf-storage/dlio_benchmark/dlio_benchmark/utils/statscounter.py:325]
[INFO] 2025-05-04T18:37:03.137317 Rank 0 step 129 processed 5 samples in 0.32828664779663086 s [/mnt/ioopt/appbench/apps/MLPerf-storage/dlio_benchmark/dlio_benchmark/utils/statscounter.py:325]
[INFO] 2025-05-04T18:37:03.466187 Rank 0 step 130 processed 5 samples in 0.32843780517578125 s [/mnt/ioopt/appbench/apps/MLPerf-storage/dlio_benchmark/dlio_benchmark/utils/statscounter.py:325]
[INFO] 2025-05-04T18:37:03.795631 Rank 0 step 131 processed 5 samples in 0.3290109634399414 s [/mnt/ioopt/appbench/apps/MLPerf-storage/dlio_benchmark/dlio_benchmark/utils/statscounter.py:325]
[INFO] 2025-05-04T18:37:04.124553 Rank 0 step 132 processed 5 samples in 0.32845616340637207 s [/mnt/ioopt/appbench/apps/MLPerf-storage/dlio_benchmark/dlio_benchmark/utils/statscounter.py:325]
[INFO] 2025-05-04T18:37:04.453670 Rank 0 step 133 processed 5 samples in 0.32866859436035156 s [/mnt/ioopt/appbench/apps/MLPerf-storage/dlio_benchmark/dlio_benchmark/utils/statscounter.py:325]
[INFO] 2025-05-04T18:37:04.784078 Rank 0 step 134 processed 5 samples in 0.32995176315307617 s [/mnt/ioopt/appbench/apps/MLPerf-storage/dlio_benchmark/dlio_benchmark/utils/statscounter.py:325]
[INFO] 2025-05-04T18:37:05.113766 Rank 0 step 135 processed 5 samples in 0.32921600341796875 s [/mnt/ioopt/appbench/apps/MLPerf-storage/dlio_benchmark/dlio_benchmark/utils/statscounter.py:325]
[INFO] 2025-05-04T18:37:05.445225 Rank 0 step 136 processed 5 samples in 0.3309903144836426 s [/mnt/ioopt/appbench/apps/MLPerf-storage/dlio_benchmark/dlio_benchmark/utils/statscounter.py:325]
[INFO] 2025-05-04T18:37:08.881180 Rank 0 step 137 processed 5 samples in 3.435438871383667 s [/mnt/ioopt/appbench/apps/MLPerf-storage/dlio_benchmark/dlio_benchmark/utils/statscounter.py:325]
[INFO] 2025-05-04T18:37:17.846698 Rank 0 step 138 processed 5 samples in 8.965118646621704 s [/mnt/ioopt/appbench/apps/MLPerf-storage/dlio_benchmark/dlio_benchmark/utils/statscounter.py:325]
[INFO] 2025-05-04T18:37:28.315608 Rank 0 step 139 processed 5 samples in 10.468369722366333 s [/mnt/ioopt/appbench/apps/MLPerf-storage/dlio_benchmark/dlio_benchmark/utils/statscounter.py:325]
[INFO] 2025-05-04T18:37:32.299221 Rank 0 step 140 processed 5 samples in 3.983081340789795 s [/mnt/ioopt/appbench/apps/MLPerf-storage/dlio_benchmark/dlio_benchmark/utils/statscounter.py:325]
[INFO] 2025-05-04T18:37:33.938814 Rank 0 step 141 processed 5 samples in 1.6391253471374512 s [/mnt/ioopt/appbench/apps/MLPerf-storage/dlio_benchmark/dlio_benchmark/utils/statscounter.py:325]
[INFO] 2025-05-04T18:37:34.264566 Rank 0 step 142 processed 5 samples in 0.3253748416900635 s [/mnt/ioopt/appbench/apps/MLPerf-storage/dlio_benchmark/dlio_benchmark/utils/statscounter.py:325]
[INFO] 2025-05-04T18:37:37.404297 Rank 0 step 143 processed 5 samples in 3.1392741203308105 s [/mnt/ioopt/appbench/apps/MLPerf-storage/dlio_benchmark/dlio_benchmark/utils/statscounter.py:325]
[INFO] 2025-05-04T18:37:37.733508 Rank 0 step 144 processed 5 samples in 0.32872605323791504 s [/mnt/ioopt/appbench/apps/MLPerf-storage/dlio_benchmark/dlio_benchmark/utils/statscounter.py:325]
[INFO] 2025-05-04T18:37:38.062213 Rank 0 step 145 processed 5 samples in 0.3282434940338135 s [/mnt/ioopt/appbench/apps/MLPerf-storage/dlio_benchmark/dlio_benchmark/utils/statscounter.py:325]
[INFO] 2025-05-04T18:37:38.391267 Rank 0 step 146 processed 5 samples in 0.32863879203796387 s [/mnt/ioopt/appbench/apps/MLPerf-storage/dlio_benchmark/dlio_benchmark/utils/statscounter.py:325]
[INFO] 2025-05-04T18:37:38.720384 Rank 0 step 147 processed 5 samples in 0.32870030403137207 s [/mnt/ioopt/appbench/apps/MLPerf-storage/dlio_benchmark/dlio_benchmark/utils/statscounter.py:325]
[INFO] 2025-05-04T18:37:39.045973 Rank 0 step 148 processed 5 samples in 0.3253343105316162 s [/mnt/ioopt/appbench/apps/MLPerf-storage/dlio_benchmark/dlio_benchmark/utils/statscounter.py:325]
[INFO] 2025-05-04T18:37:39.392835 Rank 0 step 149 processed 5 samples in 0.34641003608703613 s [/mnt/ioopt/appbench/apps/MLPerf-storage/dlio_benchmark/dlio_benchmark/utils/statscounter.py:325]
[INFO] 2025-05-04T18:37:41.153269 Rank 0 step 150 processed 5 samples in 1.7601819038391113 s [/mnt/ioopt/appbench/apps/MLPerf-storage/dlio_benchmark/dlio_benchmark/utils/statscounter.py:325]
[INFO] 2025-05-04T18:38:01.275312 Rank 0 step 151 processed 5 samples in 20.121536254882812 s [/mnt/ioopt/appbench/apps/MLPerf-storage/dlio_benchmark/dlio_benchmark/utils/statscounter.py:325]
[INFO] 2025-05-04T18:38:04.066074 Rank 0 step 152 processed 5 samples in 2.7902324199676514 s [/mnt/ioopt/appbench/apps/MLPerf-storage/dlio_benchmark/dlio_benchmark/utils/statscounter.py:325]
[INFO] 2025-05-04T18:38:04.391956 Rank 0 step 153 processed 5 samples in 0.3255350589752197 s [/mnt/ioopt/appbench/apps/MLPerf-storage/dlio_benchmark/dlio_benchmark/utils/statscounter.py:325]
[INFO] 2025-05-04T18:38:04.721411 Rank 0 step 154 processed 5 samples in 0.32898902893066406 s [/mnt/ioopt/appbench/apps/MLPerf-storage/dlio_benchmark/dlio_benchmark/utils/statscounter.py:325]
[INFO] 2025-05-04T18:38:05.047351 Rank 0 step 155 processed 5 samples in 0.32549357414245605 s [/mnt/ioopt/appbench/apps/MLPerf-storage/dlio_benchmark/dlio_benchmark/utils/statscounter.py:325]
[INFO] 2025-05-04T18:38:05.378288 Rank 0 step 156 processed 5 samples in 0.33062314987182617 s [/mnt/ioopt/appbench/apps/MLPerf-storage/dlio_benchmark/dlio_benchmark/utils/statscounter.py:325]
[INFO] 2025-05-04T18:38:07.258118 Rank 0 step 157 processed 5 samples in 1.8793094158172607 s [/mnt/ioopt/appbench/apps/MLPerf-storage/dlio_benchmark/dlio_benchmark/utils/statscounter.py:325]
[INFO] 2025-05-04T18:38:08.291261 Rank 0 step 158 processed 5 samples in 1.032608985900879 s [/mnt/ioopt/appbench/apps/MLPerf-storage/dlio_benchmark/dlio_benchmark/utils/statscounter.py:325]
[INFO] 2025-05-04T18:38:08.620335 Rank 0 step 159 processed 5 samples in 0.3286244869232178 s [/mnt/ioopt/appbench/apps/MLPerf-storage/dlio_benchmark/dlio_benchmark/utils/statscounter.py:325]
[INFO] 2025-05-04T18:38:08.946568 Rank 0 step 160 processed 5 samples in 0.3259236812591553 s [/mnt/ioopt/appbench/apps/MLPerf-storage/dlio_benchmark/dlio_benchmark/utils/statscounter.py:325]
[INFO] 2025-05-04T18:38:09.275392 Rank 0 step 161 processed 5 samples in 0.3283722400665283 s [/mnt/ioopt/appbench/apps/MLPerf-storage/dlio_benchmark/dlio_benchmark/utils/statscounter.py:325]
[INFO] 2025-05-04T18:38:10.660794 Rank 0 step 162 processed 5 samples in 1.384953498840332 s [/mnt/ioopt/appbench/apps/MLPerf-storage/dlio_benchmark/dlio_benchmark/utils/statscounter.py:325]
[INFO] 2025-05-04T18:38:28.874040 Rank 0 step 163 processed 5 samples in 18.212732791900635 s [/mnt/ioopt/appbench/apps/MLPerf-storage/dlio_benchmark/dlio_benchmark/utils/statscounter.py:325]
[INFO] 2025-05-04T18:38:32.939539 Rank 0 step 164 processed 5 samples in 4.064960241317749 s [/mnt/ioopt/appbench/apps/MLPerf-storage/dlio_benchmark/dlio_benchmark/utils/statscounter.py:325]
[INFO] 2025-05-04T18:38:33.265239 Rank 0 step 165 processed 5 samples in 0.32532334327697754 s [/mnt/ioopt/appbench/apps/MLPerf-storage/dlio_benchmark/dlio_benchmark/utils/statscounter.py:325]
[INFO] 2025-05-04T18:38:33.592841 Rank 0 step 166 processed 5 samples in 0.32734155654907227 s [/mnt/ioopt/appbench/apps/MLPerf-storage/dlio_benchmark/dlio_benchmark/utils/statscounter.py:325]
[INFO] 2025-05-04T18:38:33.921662 Rank 0 step 167 processed 5 samples in 0.32825779914855957 s [/mnt/ioopt/appbench/apps/MLPerf-storage/dlio_benchmark/dlio_benchmark/utils/statscounter.py:325]
[INFO] 2025-05-04T18:38:34.249807 Rank 0 step 168 processed 5 samples in 0.3276803493499756 s [/mnt/ioopt/appbench/apps/MLPerf-storage/dlio_benchmark/dlio_benchmark/utils/statscounter.py:325]
[INFO] 2025-05-04T18:38:34.576036 Rank 0 step 169 processed 5 samples in 0.3259546756744385 s [/mnt/ioopt/appbench/apps/MLPerf-storage/dlio_benchmark/dlio_benchmark/utils/statscounter.py:325]
[INFO] 2025-05-04T18:38:34.902898 Rank 0 step 170 processed 5 samples in 0.32653093338012695 s [/mnt/ioopt/appbench/apps/MLPerf-storage/dlio_benchmark/dlio_benchmark/utils/statscounter.py:325]
[INFO] 2025-05-04T18:38:36.365848 Rank 0 step 171 processed 5 samples in 1.4626193046569824 s [/mnt/ioopt/appbench/apps/MLPerf-storage/dlio_benchmark/dlio_benchmark/utils/statscounter.py:325]
[INFO] 2025-05-04T18:38:38.918805 Rank 0 step 172 processed 5 samples in 2.5524954795837402 s [/mnt/ioopt/appbench/apps/MLPerf-storage/dlio_benchmark/dlio_benchmark/utils/statscounter.py:325]
[INFO] 2025-05-04T18:38:39.247015 Rank 0 step 173 processed 5 samples in 0.3276088237762451 s [/mnt/ioopt/appbench/apps/MLPerf-storage/dlio_benchmark/dlio_benchmark/utils/statscounter.py:325]
[INFO] 2025-05-04T18:38:39.573036 Rank 0 step 174 processed 5 samples in 0.32567620277404785 s [/mnt/ioopt/appbench/apps/MLPerf-storage/dlio_benchmark/dlio_benchmark/utils/statscounter.py:325]
[INFO] 2025-05-04T18:38:56.385224 Rank 0 step 175 processed 5 samples in 16.811927795410156 s [/mnt/ioopt/appbench/apps/MLPerf-storage/dlio_benchmark/dlio_benchmark/utils/statscounter.py:325]
[INFO] 2025-05-04T18:38:56.710940 Rank 0 step 176 processed 5 samples in 0.3253815174102783 s [/mnt/ioopt/appbench/apps/MLPerf-storage/dlio_benchmark/dlio_benchmark/utils/statscounter.py:325]
[INFO] 2025-05-04T18:38:57.040062 Rank 0 step 177 processed 5 samples in 0.32865023612976074 s [/mnt/ioopt/appbench/apps/MLPerf-storage/dlio_benchmark/dlio_benchmark/utils/statscounter.py:325]
[INFO] 2025-05-04T18:38:59.302821 Rank 0 step 178 processed 5 samples in 2.262430191040039 s [/mnt/ioopt/appbench/apps/MLPerf-storage/dlio_benchmark/dlio_benchmark/utils/statscounter.py:325]
[INFO] 2025-05-04T18:38:59.635906 Rank 0 step 179 processed 5 samples in 0.33257102966308594 s [/mnt/ioopt/appbench/apps/MLPerf-storage/dlio_benchmark/dlio_benchmark/utils/statscounter.py:325]
[INFO] 2025-05-04T18:38:59.965056 Rank 0 step 180 processed 5 samples in 0.3287014961242676 s [/mnt/ioopt/appbench/apps/MLPerf-storage/dlio_benchmark/dlio_benchmark/utils/statscounter.py:325]
[INFO] 2025-05-04T18:39:00.293787 Rank 0 step 181 processed 5 samples in 0.328296422958374 s [/mnt/ioopt/appbench/apps/MLPerf-storage/dlio_benchmark/dlio_benchmark/utils/statscounter.py:325]
[INFO] 2025-05-04T18:39:00.624288 Rank 0 step 182 processed 5 samples in 0.33006715774536133 s [/mnt/ioopt/appbench/apps/MLPerf-storage/dlio_benchmark/dlio_benchmark/utils/statscounter.py:325]
[INFO] 2025-05-04T18:39:01.253048 Rank 0 step 183 processed 5 samples in 0.6283259391784668 s [/mnt/ioopt/appbench/apps/MLPerf-storage/dlio_benchmark/dlio_benchmark/utils/statscounter.py:325]
[INFO] 2025-05-04T18:39:01.582096 Rank 0 step 184 processed 5 samples in 0.3286004066467285 s [/mnt/ioopt/appbench/apps/MLPerf-storage/dlio_benchmark/dlio_benchmark/utils/statscounter.py:325]
[INFO] 2025-05-04T18:39:01.911203 Rank 0 step 185 processed 5 samples in 0.32866716384887695 s [/mnt/ioopt/appbench/apps/MLPerf-storage/dlio_benchmark/dlio_benchmark/utils/statscounter.py:325]
[INFO] 2025-05-04T18:39:05.288632 Rank 0 step 186 processed 5 samples in 3.376985549926758 s [/mnt/ioopt/appbench/apps/MLPerf-storage/dlio_benchmark/dlio_benchmark/utils/statscounter.py:325]
[INFO] 2025-05-04T18:39:25.117524 Rank 0 step 187 processed 5 samples in 19.828426361083984 s [/mnt/ioopt/appbench/apps/MLPerf-storage/dlio_benchmark/dlio_benchmark/utils/statscounter.py:325]
[INFO] 2025-05-04T18:39:25.446732 Rank 0 step 188 processed 5 samples in 0.3287050724029541 s [/mnt/ioopt/appbench/apps/MLPerf-storage/dlio_benchmark/dlio_benchmark/utils/statscounter.py:325]
[INFO] 2025-05-04T18:39:27.362648 Rank 0 step 189 processed 5 samples in 1.915428876876831 s [/mnt/ioopt/appbench/apps/MLPerf-storage/dlio_benchmark/dlio_benchmark/utils/statscounter.py:325]
[INFO] 2025-05-04T18:39:29.450299 Rank 0 step 190 processed 5 samples in 2.087167501449585 s [/mnt/ioopt/appbench/apps/MLPerf-storage/dlio_benchmark/dlio_benchmark/utils/statscounter.py:325]
[INFO] 2025-05-04T18:39:29.779311 Rank 0 step 191 processed 5 samples in 0.32856035232543945 s [/mnt/ioopt/appbench/apps/MLPerf-storage/dlio_benchmark/dlio_benchmark/utils/statscounter.py:325]
[INFO] 2025-05-04T18:39:30.108076 Rank 0 step 192 processed 5 samples in 0.32831454277038574 s [/mnt/ioopt/appbench/apps/MLPerf-storage/dlio_benchmark/dlio_benchmark/utils/statscounter.py:325]
[INFO] 2025-05-04T18:39:34.679132 Rank 0 step 193 processed 5 samples in 4.570594549179077 s [/mnt/ioopt/appbench/apps/MLPerf-storage/dlio_benchmark/dlio_benchmark/utils/statscounter.py:325]
[INFO] 2025-05-04T18:39:35.007930 Rank 0 step 194 processed 5 samples in 0.328322172164917 s [/mnt/ioopt/appbench/apps/MLPerf-storage/dlio_benchmark/dlio_benchmark/utils/statscounter.py:325]
[INFO] 2025-05-04T18:39:36.234463 Rank 0 step 195 processed 5 samples in 1.2260727882385254 s [/mnt/ioopt/appbench/apps/MLPerf-storage/dlio_benchmark/dlio_benchmark/utils/statscounter.py:325]
[INFO] 2025-05-04T18:39:36.563443 Rank 0 step 196 processed 5 samples in 0.32852864265441895 s [/mnt/ioopt/appbench/apps/MLPerf-storage/dlio_benchmark/dlio_benchmark/utils/statscounter.py:325]
[INFO] 2025-05-04T18:39:36.892335 Rank 0 step 197 processed 5 samples in 0.3284626007080078 s [/mnt/ioopt/appbench/apps/MLPerf-storage/dlio_benchmark/dlio_benchmark/utils/statscounter.py:325]
[INFO] 2025-05-04T18:39:37.221531 Rank 0 step 198 processed 5 samples in 0.32872700691223145 s [/mnt/ioopt/appbench/apps/MLPerf-storage/dlio_benchmark/dlio_benchmark/utils/statscounter.py:325]
[INFO] 2025-05-04T18:39:44.630419 Rank 0 step 199 processed 5 samples in 7.408437967300415 s [/mnt/ioopt/appbench/apps/MLPerf-storage/dlio_benchmark/dlio_benchmark/utils/statscounter.py:325]
[INFO] 2025-05-04T18:39:58.335180 Rank 0 step 200 processed 5 samples in 13.70430588722229 s [/mnt/ioopt/appbench/apps/MLPerf-storage/dlio_benchmark/dlio_benchmark/utils/statscounter.py:325]
[INFO] 2025-05-04T18:39:58.663946 Rank 0 step 201 processed 5 samples in 0.3282794952392578 s [/mnt/ioopt/appbench/apps/MLPerf-storage/dlio_benchmark/dlio_benchmark/utils/statscounter.py:325]
[INFO] 2025-05-04T18:39:58.992823 Rank 0 step 202 processed 5 samples in 0.32843017578125 s [/mnt/ioopt/appbench/apps/MLPerf-storage/dlio_benchmark/dlio_benchmark/utils/statscounter.py:325]
[INFO] 2025-05-04T18:39:59.324345 Rank 0 step 203 processed 5 samples in 0.33107709884643555 s [/mnt/ioopt/appbench/apps/MLPerf-storage/dlio_benchmark/dlio_benchmark/utils/statscounter.py:325]
[INFO] 2025-05-04T18:40:02.510682 Rank 0 step 204 processed 5 samples in 3.185856819152832 s [/mnt/ioopt/appbench/apps/MLPerf-storage/dlio_benchmark/dlio_benchmark/utils/statscounter.py:325]
[INFO] 2025-05-04T18:40:02.841035 Rank 0 step 205 processed 5 samples in 0.3295743465423584 s [/mnt/ioopt/appbench/apps/MLPerf-storage/dlio_benchmark/dlio_benchmark/utils/statscounter.py:325]
[INFO] 2025-05-04T18:40:03.655726 Rank 0 step 206 processed 5 samples in 0.8142554759979248 s [/mnt/ioopt/appbench/apps/MLPerf-storage/dlio_benchmark/dlio_benchmark/utils/statscounter.py:325]
[INFO] 2025-05-04T18:40:04.523428 Rank 0 step 207 processed 5 samples in 0.7644190788269043 s [/mnt/ioopt/appbench/apps/MLPerf-storage/dlio_benchmark/dlio_benchmark/utils/statscounter.py:325]
[INFO] 2025-05-04T18:40:04.852715 Rank 0 step 208 processed 5 samples in 0.3288116455078125 s [/mnt/ioopt/appbench/apps/MLPerf-storage/dlio_benchmark/dlio_benchmark/utils/statscounter.py:325]
[INFO] 2025-05-04T18:40:05.182254 Rank 0 step 209 processed 5 samples in 0.3290541172027588 s [/mnt/ioopt/appbench/apps/MLPerf-storage/dlio_benchmark/dlio_benchmark/utils/statscounter.py:325]
[INFO] 2025-05-04T18:40:05.511228 Rank 0 step 210 processed 5 samples in 0.3285033702850342 s [/mnt/ioopt/appbench/apps/MLPerf-storage/dlio_benchmark/dlio_benchmark/utils/statscounter.py:325]
[INFO] 2025-05-04T18:40:09.101008 Rank 0 step 211 processed 5 samples in 3.589313268661499 s [/mnt/ioopt/appbench/apps/MLPerf-storage/dlio_benchmark/dlio_benchmark/utils/statscounter.py:325]
[INFO] 2025-05-04T18:40:26.078748 Rank 0 step 212 processed 5 samples in 16.977237462997437 s [/mnt/ioopt/appbench/apps/MLPerf-storage/dlio_benchmark/dlio_benchmark/utils/statscounter.py:325]
[INFO] 2025-05-04T18:40:27.117873 Rank 0 step 213 processed 5 samples in 1.0386085510253906 s [/mnt/ioopt/appbench/apps/MLPerf-storage/dlio_benchmark/dlio_benchmark/utils/statscounter.py:325]
[INFO] 2025-05-04T18:40:27.446988 Rank 0 step 214 processed 5 samples in 0.32865166664123535 s [/mnt/ioopt/appbench/apps/MLPerf-storage/dlio_benchmark/dlio_benchmark/utils/statscounter.py:325]
[INFO] 2025-05-04T18:40:27.775990 Rank 0 step 215 processed 5 samples in 0.32851219177246094 s [/mnt/ioopt/appbench/apps/MLPerf-storage/dlio_benchmark/dlio_benchmark/utils/statscounter.py:325]
[INFO] 2025-05-04T18:40:28.104794 Rank 0 step 216 processed 5 samples in 0.32834649085998535 s [/mnt/ioopt/appbench/apps/MLPerf-storage/dlio_benchmark/dlio_benchmark/utils/statscounter.py:325]
[INFO] 2025-05-04T18:40:28.433748 Rank 0 step 217 processed 5 samples in 0.3284947872161865 s [/mnt/ioopt/appbench/apps/MLPerf-storage/dlio_benchmark/dlio_benchmark/utils/statscounter.py:325]
[INFO] 2025-05-04T18:40:35.022357 Rank 0 step 218 processed 5 samples in 6.588149070739746 s [/mnt/ioopt/appbench/apps/MLPerf-storage/dlio_benchmark/dlio_benchmark/utils/statscounter.py:325]
[INFO] 2025-05-04T18:40:35.351181 Rank 0 step 219 processed 5 samples in 0.32834911346435547 s [/mnt/ioopt/appbench/apps/MLPerf-storage/dlio_benchmark/dlio_benchmark/utils/statscounter.py:325]
[INFO] 2025-05-04T18:40:35.680180 Rank 0 step 220 processed 5 samples in 0.32857680320739746 s [/mnt/ioopt/appbench/apps/MLPerf-storage/dlio_benchmark/dlio_benchmark/utils/statscounter.py:325]
[INFO] 2025-05-04T18:40:36.009180 Rank 0 step 221 processed 5 samples in 0.32857418060302734 s [/mnt/ioopt/appbench/apps/MLPerf-storage/dlio_benchmark/dlio_benchmark/utils/statscounter.py:325]
[INFO] 2025-05-04T18:40:36.338065 Rank 0 step 222 processed 5 samples in 0.32845401763916016 s [/mnt/ioopt/appbench/apps/MLPerf-storage/dlio_benchmark/dlio_benchmark/utils/statscounter.py:325]
[INFO] 2025-05-04T18:40:36.669348 Rank 0 step 223 processed 5 samples in 0.3308534622192383 s [/mnt/ioopt/appbench/apps/MLPerf-storage/dlio_benchmark/dlio_benchmark/utils/statscounter.py:325]
[INFO] 2025-05-04T18:40:53.144346 Rank 0 step 224 processed 5 samples in 16.474558353424072 s [/mnt/ioopt/appbench/apps/MLPerf-storage/dlio_benchmark/dlio_benchmark/utils/statscounter.py:325]
[INFO] 2025-05-04T18:40:54.420335 Rank 0 step 225 processed 5 samples in 1.2754981517791748 s [/mnt/ioopt/appbench/apps/MLPerf-storage/dlio_benchmark/dlio_benchmark/utils/statscounter.py:325]
[INFO] 2025-05-04T18:41:01.781489 Rank 0 step 226 processed 5 samples in 7.36068868637085 s [/mnt/ioopt/appbench/apps/MLPerf-storage/dlio_benchmark/dlio_benchmark/utils/statscounter.py:325]
[INFO] 2025-05-04T18:41:02.110800 Rank 0 step 227 processed 5 samples in 0.3288307189941406 s [/mnt/ioopt/appbench/apps/MLPerf-storage/dlio_benchmark/dlio_benchmark/utils/statscounter.py:325]
[INFO] 2025-05-04T18:41:02.438062 Rank 0 step 228 processed 5 samples in 0.3268430233001709 s [/mnt/ioopt/appbench/apps/MLPerf-storage/dlio_benchmark/dlio_benchmark/utils/statscounter.py:325]
[INFO] 2025-05-04T18:41:02.766469 Rank 0 step 229 processed 5 samples in 0.32799386978149414 s [/mnt/ioopt/appbench/apps/MLPerf-storage/dlio_benchmark/dlio_benchmark/utils/statscounter.py:325]
[INFO] 2025-05-04T18:41:05.323049 Rank 0 step 230 processed 5 samples in 2.5561575889587402 s [/mnt/ioopt/appbench/apps/MLPerf-storage/dlio_benchmark/dlio_benchmark/utils/statscounter.py:325]
[INFO] 2025-05-04T18:41:05.651839 Rank 0 step 231 processed 5 samples in 0.3283061981201172 s [/mnt/ioopt/appbench/apps/MLPerf-storage/dlio_benchmark/dlio_benchmark/utils/statscounter.py:325]
[INFO] 2025-05-04T18:41:06.420851 Rank 0 step 232 processed 5 samples in 0.7685790061950684 s [/mnt/ioopt/appbench/apps/MLPerf-storage/dlio_benchmark/dlio_benchmark/utils/statscounter.py:325]
[INFO] 2025-05-04T18:41:06.750879 Rank 0 step 233 processed 5 samples in 0.32949399948120117 s [/mnt/ioopt/appbench/apps/MLPerf-storage/dlio_benchmark/dlio_benchmark/utils/statscounter.py:325]
[INFO] 2025-05-04T18:41:07.080874 Rank 0 step 234 processed 5 samples in 0.3288583755493164 s [/mnt/ioopt/appbench/apps/MLPerf-storage/dlio_benchmark/dlio_benchmark/utils/statscounter.py:325]
[INFO] 2025-05-04T18:41:07.409739 Rank 0 step 235 processed 5 samples in 0.328385591506958 s [/mnt/ioopt/appbench/apps/MLPerf-storage/dlio_benchmark/dlio_benchmark/utils/statscounter.py:325]
[INFO] 2025-05-04T18:41:13.020972 Rank 0 step 236 processed 5 samples in 5.610780954360962 s [/mnt/ioopt/appbench/apps/MLPerf-storage/dlio_benchmark/dlio_benchmark/utils/statscounter.py:325]
[INFO] 2025-05-04T18:41:20.056409 Rank 0 step 237 processed 5 samples in 7.034964561462402 s [/mnt/ioopt/appbench/apps/MLPerf-storage/dlio_benchmark/dlio_benchmark/utils/statscounter.py:325]
[INFO] 2025-05-04T18:41:27.909443 Rank 0 step 238 processed 5 samples in 7.852574586868286 s [/mnt/ioopt/appbench/apps/MLPerf-storage/dlio_benchmark/dlio_benchmark/utils/statscounter.py:325]
[INFO] 2025-05-04T18:41:31.006906 Rank 0 step 239 processed 5 samples in 3.09698224067688 s [/mnt/ioopt/appbench/apps/MLPerf-storage/dlio_benchmark/dlio_benchmark/utils/statscounter.py:325]
[INFO] 2025-05-04T18:41:34.406720 Rank 0 step 240 processed 5 samples in 3.3993124961853027 s [/mnt/ioopt/appbench/apps/MLPerf-storage/dlio_benchmark/dlio_benchmark/utils/statscounter.py:325]
[INFO] 2025-05-04T18:41:34.735876 Rank 0 step 241 processed 5 samples in 0.3286750316619873 s [/mnt/ioopt/appbench/apps/MLPerf-storage/dlio_benchmark/dlio_benchmark/utils/statscounter.py:325]
[INFO] 2025-05-04T18:41:41.223711 Rank 0 step 242 processed 5 samples in 6.487405061721802 s [/mnt/ioopt/appbench/apps/MLPerf-storage/dlio_benchmark/dlio_benchmark/utils/statscounter.py:325]
[INFO] 2025-05-04T18:41:42.101441 Rank 0 step 243 processed 5 samples in 0.8772571086883545 s [/mnt/ioopt/appbench/apps/MLPerf-storage/dlio_benchmark/dlio_benchmark/utils/statscounter.py:325]
[INFO] 2025-05-04T18:41:42.430154 Rank 0 step 244 processed 5 samples in 0.328263521194458 s [/mnt/ioopt/appbench/apps/MLPerf-storage/dlio_benchmark/dlio_benchmark/utils/statscounter.py:325]
[INFO] 2025-05-04T18:41:42.758833 Rank 0 step 245 processed 5 samples in 0.32825684547424316 s [/mnt/ioopt/appbench/apps/MLPerf-storage/dlio_benchmark/dlio_benchmark/utils/statscounter.py:325]
[INFO] 2025-05-04T18:41:43.087805 Rank 0 step 246 processed 5 samples in 0.3285379409790039 s [/mnt/ioopt/appbench/apps/MLPerf-storage/dlio_benchmark/dlio_benchmark/utils/statscounter.py:325]
[INFO] 2025-05-04T18:41:43.416434 Rank 0 step 247 processed 5 samples in 0.32820940017700195 s [/mnt/ioopt/appbench/apps/MLPerf-storage/dlio_benchmark/dlio_benchmark/utils/statscounter.py:325]
[INFO] 2025-05-04T18:41:43.747580 Rank 0 step 248 processed 5 samples in 0.33072638511657715 s [/mnt/ioopt/appbench/apps/MLPerf-storage/dlio_benchmark/dlio_benchmark/utils/statscounter.py:325]
[INFO] 2025-05-04T18:41:47.816255 Rank 0 step 249 processed 5 samples in 4.068211555480957 s [/mnt/ioopt/appbench/apps/MLPerf-storage/dlio_benchmark/dlio_benchmark/utils/statscounter.py:325]
[INFO] 2025-05-04T18:41:58.519675 Rank 0 step 250 processed 5 samples in 10.7029287815094 s [/mnt/ioopt/appbench/apps/MLPerf-storage/dlio_benchmark/dlio_benchmark/utils/statscounter.py:325]
[INFO] 2025-05-04T18:41:58.848386 Rank 0 step 251 processed 5 samples in 0.3282461166381836 s [/mnt/ioopt/appbench/apps/MLPerf-storage/dlio_benchmark/dlio_benchmark/utils/statscounter.py:325]
[INFO] 2025-05-04T18:41:59.178866 Rank 0 step 252 processed 5 samples in 0.3300149440765381 s [/mnt/ioopt/appbench/apps/MLPerf-storage/dlio_benchmark/dlio_benchmark/utils/statscounter.py:325]
[INFO] 2025-05-04T18:42:01.660074 Rank 0 step 253 processed 5 samples in 2.4806954860687256 s [/mnt/ioopt/appbench/apps/MLPerf-storage/dlio_benchmark/dlio_benchmark/utils/statscounter.py:325]
[INFO] 2025-05-04T18:42:10.764056 Rank 0 step 254 processed 5 samples in 9.10330581665039 s [/mnt/ioopt/appbench/apps/MLPerf-storage/dlio_benchmark/dlio_benchmark/utils/statscounter.py:325]
[INFO] 2025-05-04T18:42:11.092972 Rank 0 step 255 processed 5 samples in 0.3284134864807129 s [/mnt/ioopt/appbench/apps/MLPerf-storage/dlio_benchmark/dlio_benchmark/utils/statscounter.py:325]
[INFO] 2025-05-04T18:42:11.421751 Rank 0 step 256 processed 5 samples in 0.32833361625671387 s [/mnt/ioopt/appbench/apps/MLPerf-storage/dlio_benchmark/dlio_benchmark/utils/statscounter.py:325]
[INFO] 2025-05-04T18:42:11.750928 Rank 0 step 257 processed 5 samples in 0.3287332057952881 s [/mnt/ioopt/appbench/apps/MLPerf-storage/dlio_benchmark/dlio_benchmark/utils/statscounter.py:325]
[INFO] 2025-05-04T18:42:12.079675 Rank 0 step 258 processed 5 samples in 0.3282773494720459 s [/mnt/ioopt/appbench/apps/MLPerf-storage/dlio_benchmark/dlio_benchmark/utils/statscounter.py:325]
[INFO] 2025-05-04T18:42:12.408591 Rank 0 step 259 processed 5 samples in 0.32851719856262207 s [/mnt/ioopt/appbench/apps/MLPerf-storage/dlio_benchmark/dlio_benchmark/utils/statscounter.py:325]
[INFO] 2025-05-04T18:42:12.737245 Rank 0 step 260 processed 5 samples in 0.32825613021850586 s [/mnt/ioopt/appbench/apps/MLPerf-storage/dlio_benchmark/dlio_benchmark/utils/statscounter.py:325]
[INFO] 2025-05-04T18:42:13.658611 Rank 0 step 261 processed 5 samples in 0.9209628105163574 s [/mnt/ioopt/appbench/apps/MLPerf-storage/dlio_benchmark/dlio_benchmark/utils/statscounter.py:325]
[INFO] 2025-05-04T18:42:22.869524 Rank 0 step 262 processed 5 samples in 9.210459232330322 s [/mnt/ioopt/appbench/apps/MLPerf-storage/dlio_benchmark/dlio_benchmark/utils/statscounter.py:325]
[INFO] 2025-05-04T18:42:23.201298 Rank 0 step 263 processed 5 samples in 0.33122777938842773 s [/mnt/ioopt/appbench/apps/MLPerf-storage/dlio_benchmark/dlio_benchmark/utils/statscounter.py:325]
[INFO] 2025-05-04T18:42:26.100335 Rank 0 step 264 processed 5 samples in 2.8983919620513916 s [/mnt/ioopt/appbench/apps/MLPerf-storage/dlio_benchmark/dlio_benchmark/utils/statscounter.py:325]
[INFO] 2025-05-04T18:42:26.426853 Rank 0 step 265 processed 5 samples in 0.3259580135345459 s [/mnt/ioopt/appbench/apps/MLPerf-storage/dlio_benchmark/dlio_benchmark/utils/statscounter.py:325]
[INFO] 2025-05-04T18:42:32.344621 Rank 0 step 266 processed 5 samples in 5.9173502922058105 s [/mnt/ioopt/appbench/apps/MLPerf-storage/dlio_benchmark/dlio_benchmark/utils/statscounter.py:325]
[INFO] 2025-05-04T18:42:32.673545 Rank 0 step 267 processed 5 samples in 0.32842302322387695 s [/mnt/ioopt/appbench/apps/MLPerf-storage/dlio_benchmark/dlio_benchmark/utils/statscounter.py:325]
[INFO] 2025-05-04T18:42:34.822065 Rank 0 step 268 processed 5 samples in 2.1479485034942627 s [/mnt/ioopt/appbench/apps/MLPerf-storage/dlio_benchmark/dlio_benchmark/utils/statscounter.py:325]
[INFO] 2025-05-04T18:42:44.108588 Rank 0 step 269 processed 5 samples in 9.28600788116455 s [/mnt/ioopt/appbench/apps/MLPerf-storage/dlio_benchmark/dlio_benchmark/utils/statscounter.py:325]
[INFO] 2025-05-04T18:42:44.437313 Rank 0 step 270 processed 5 samples in 0.32839488983154297 s [/mnt/ioopt/appbench/apps/MLPerf-storage/dlio_benchmark/dlio_benchmark/utils/statscounter.py:325]
[INFO] 2025-05-04T18:42:44.766508 Rank 0 step 271 processed 5 samples in 0.3287484645843506 s [/mnt/ioopt/appbench/apps/MLPerf-storage/dlio_benchmark/dlio_benchmark/utils/statscounter.py:325]
[INFO] 2025-05-04T18:42:45.095733 Rank 0 step 272 processed 5 samples in 0.32876157760620117 s [/mnt/ioopt/appbench/apps/MLPerf-storage/dlio_benchmark/dlio_benchmark/utils/statscounter.py:325]
[INFO] 2025-05-04T18:42:45.424635 Rank 0 step 273 processed 5 samples in 0.3284130096435547 s [/mnt/ioopt/appbench/apps/MLPerf-storage/dlio_benchmark/dlio_benchmark/utils/statscounter.py:325]
[INFO] 2025-05-04T18:42:50.108971 Rank 0 step 274 processed 5 samples in 4.683880090713501 s [/mnt/ioopt/appbench/apps/MLPerf-storage/dlio_benchmark/dlio_benchmark/utils/statscounter.py:325]
[INFO] 2025-05-04T18:42:50.437866 Rank 0 step 275 processed 5 samples in 0.3284316062927246 s [/mnt/ioopt/appbench/apps/MLPerf-storage/dlio_benchmark/dlio_benchmark/utils/statscounter.py:325]
[INFO] 2025-05-04T18:42:51.507016 Rank 0 step 276 processed 5 samples in 1.0686960220336914 s [/mnt/ioopt/appbench/apps/MLPerf-storage/dlio_benchmark/dlio_benchmark/utils/statscounter.py:325]
[INFO] 2025-05-04T18:42:51.836093 Rank 0 step 277 processed 5 samples in 0.328549861907959 s [/mnt/ioopt/appbench/apps/MLPerf-storage/dlio_benchmark/dlio_benchmark/utils/statscounter.py:325]
[INFO] 2025-05-04T18:42:56.319324 Rank 0 step 278 processed 5 samples in 4.4827561378479 s [/mnt/ioopt/appbench/apps/MLPerf-storage/dlio_benchmark/dlio_benchmark/utils/statscounter.py:325]
[INFO] 2025-05-04T18:42:56.648257 Rank 0 step 279 processed 5 samples in 0.32839274406433105 s [/mnt/ioopt/appbench/apps/MLPerf-storage/dlio_benchmark/dlio_benchmark/utils/statscounter.py:325]
[INFO] 2025-05-04T18:43:00.457417 Rank 0 step 280 processed 5 samples in 3.8087191581726074 s [/mnt/ioopt/appbench/apps/MLPerf-storage/dlio_benchmark/dlio_benchmark/utils/statscounter.py:325]
[INFO] 2025-05-04T18:43:14.435810 Rank 0 step 281 processed 5 samples in 13.977875709533691 s [/mnt/ioopt/appbench/apps/MLPerf-storage/dlio_benchmark/dlio_benchmark/utils/statscounter.py:325]
[INFO] 2025-05-04T18:43:14.765066 Rank 0 step 282 processed 5 samples in 0.328723669052124 s [/mnt/ioopt/appbench/apps/MLPerf-storage/dlio_benchmark/dlio_benchmark/utils/statscounter.py:325]
[INFO] 2025-05-04T18:43:15.091052 Rank 0 step 283 processed 5 samples in 0.3256089687347412 s [/mnt/ioopt/appbench/apps/MLPerf-storage/dlio_benchmark/dlio_benchmark/utils/statscounter.py:325]
[INFO] 2025-05-04T18:43:15.420312 Rank 0 step 284 processed 5 samples in 0.3287386894226074 s [/mnt/ioopt/appbench/apps/MLPerf-storage/dlio_benchmark/dlio_benchmark/utils/statscounter.py:325]
[INFO] 2025-05-04T18:43:15.748964 Rank 0 step 285 processed 5 samples in 0.32820844650268555 s [/mnt/ioopt/appbench/apps/MLPerf-storage/dlio_benchmark/dlio_benchmark/utils/statscounter.py:325]
[INFO] 2025-05-04T18:43:16.078214 Rank 0 step 286 processed 5 samples in 0.32879209518432617 s [/mnt/ioopt/appbench/apps/MLPerf-storage/dlio_benchmark/dlio_benchmark/utils/statscounter.py:325]
[INFO] 2025-05-04T18:43:16.597646 Rank 0 step 287 processed 5 samples in 0.5189640522003174 s [/mnt/ioopt/appbench/apps/MLPerf-storage/dlio_benchmark/dlio_benchmark/utils/statscounter.py:325]
[INFO] 2025-05-04T18:43:17.223355 Rank 0 step 288 processed 5 samples in 0.6251657009124756 s [/mnt/ioopt/appbench/apps/MLPerf-storage/dlio_benchmark/dlio_benchmark/utils/statscounter.py:325]
[INFO] 2025-05-04T18:43:21.023019 Rank 0 step 289 processed 5 samples in 3.7991554737091064 s [/mnt/ioopt/appbench/apps/MLPerf-storage/dlio_benchmark/dlio_benchmark/utils/statscounter.py:325]
[INFO] 2025-05-04T18:43:21.351951 Rank 0 step 290 processed 5 samples in 0.3283970355987549 s [/mnt/ioopt/appbench/apps/MLPerf-storage/dlio_benchmark/dlio_benchmark/utils/statscounter.py:325]
[INFO] 2025-05-04T18:43:23.841334 Rank 0 step 291 processed 5 samples in 2.488922357559204 s [/mnt/ioopt/appbench/apps/MLPerf-storage/dlio_benchmark/dlio_benchmark/utils/statscounter.py:325]
[INFO] 2025-05-04T18:43:26.558358 Rank 0 step 292 processed 5 samples in 2.716522693634033 s [/mnt/ioopt/appbench/apps/MLPerf-storage/dlio_benchmark/dlio_benchmark/utils/statscounter.py:325]
[INFO] 2025-05-04T18:43:42.721424 Rank 0 step 293 processed 5 samples in 16.162622690200806 s [/mnt/ioopt/appbench/apps/MLPerf-storage/dlio_benchmark/dlio_benchmark/utils/statscounter.py:325]
[INFO] 2025-05-04T18:43:43.050607 Rank 0 step 294 processed 5 samples in 0.3285202980041504 s [/mnt/ioopt/appbench/apps/MLPerf-storage/dlio_benchmark/dlio_benchmark/utils/statscounter.py:325]
[INFO] 2025-05-04T18:43:43.379578 Rank 0 step 295 processed 5 samples in 0.3283720016479492 s [/mnt/ioopt/appbench/apps/MLPerf-storage/dlio_benchmark/dlio_benchmark/utils/statscounter.py:325]
[INFO] 2025-05-04T18:43:43.710224 Rank 0 step 296 processed 5 samples in 0.3301866054534912 s [/mnt/ioopt/appbench/apps/MLPerf-storage/dlio_benchmark/dlio_benchmark/utils/statscounter.py:325]
[INFO] 2025-05-04T18:43:44.038907 Rank 0 step 297 processed 5 samples in 0.3282184600830078 s [/mnt/ioopt/appbench/apps/MLPerf-storage/dlio_benchmark/dlio_benchmark/utils/statscounter.py:325]
[INFO] 2025-05-04T18:43:44.364702 Rank 0 step 298 processed 5 samples in 0.32538580894470215 s [/mnt/ioopt/appbench/apps/MLPerf-storage/dlio_benchmark/dlio_benchmark/utils/statscounter.py:325]
[INFO] 2025-05-04T18:43:44.693934 Rank 0 step 299 processed 5 samples in 0.3287479877471924 s [/mnt/ioopt/appbench/apps/MLPerf-storage/dlio_benchmark/dlio_benchmark/utils/statscounter.py:325]
[INFO] 2025-05-04T18:43:46.205902 Rank 0 step 300 processed 5 samples in 1.5114848613739014 s [/mnt/ioopt/appbench/apps/MLPerf-storage/dlio_benchmark/dlio_benchmark/utils/statscounter.py:325]
[INFO] 2025-05-04T18:43:46.534710 Rank 0 step 301 processed 5 samples in 0.3282451629638672 s [/mnt/ioopt/appbench/apps/MLPerf-storage/dlio_benchmark/dlio_benchmark/utils/statscounter.py:325]
[INFO] 2025-05-04T18:43:52.246633 Rank 0 step 302 processed 5 samples in 5.71142315864563 s [/mnt/ioopt/appbench/apps/MLPerf-storage/dlio_benchmark/dlio_benchmark/utils/statscounter.py:325]
[INFO] 2025-05-04T18:43:52.575480 Rank 0 step 303 processed 5 samples in 0.32828211784362793 s [/mnt/ioopt/appbench/apps/MLPerf-storage/dlio_benchmark/dlio_benchmark/utils/statscounter.py:325]
[INFO] 2025-05-04T18:43:52.904518 Rank 0 step 304 processed 5 samples in 0.3285830020904541 s [/mnt/ioopt/appbench/apps/MLPerf-storage/dlio_benchmark/dlio_benchmark/utils/statscounter.py:325]
[INFO] 2025-05-04T18:44:05.633564 Rank 0 step 305 processed 5 samples in 12.728573322296143 s [/mnt/ioopt/appbench/apps/MLPerf-storage/dlio_benchmark/dlio_benchmark/utils/statscounter.py:325]
[INFO] 2025-05-04T18:44:08.702037 Rank 0 step 306 processed 5 samples in 3.067892074584961 s [/mnt/ioopt/appbench/apps/MLPerf-storage/dlio_benchmark/dlio_benchmark/utils/statscounter.py:325]
[INFO] 2025-05-04T18:44:11.195236 Rank 0 step 307 processed 5 samples in 2.4926462173461914 s [/mnt/ioopt/appbench/apps/MLPerf-storage/dlio_benchmark/dlio_benchmark/utils/statscounter.py:325]
[INFO] 2025-05-04T18:44:11.524504 Rank 0 step 308 processed 5 samples in 0.32874369621276855 s [/mnt/ioopt/appbench/apps/MLPerf-storage/dlio_benchmark/dlio_benchmark/utils/statscounter.py:325]
[INFO] 2025-05-04T18:44:11.853429 Rank 0 step 309 processed 5 samples in 0.3284456729888916 s [/mnt/ioopt/appbench/apps/MLPerf-storage/dlio_benchmark/dlio_benchmark/utils/statscounter.py:325]
[INFO] 2025-05-04T18:44:12.749512 Rank 0 step 310 processed 5 samples in 0.8956081867218018 s [/mnt/ioopt/appbench/apps/MLPerf-storage/dlio_benchmark/dlio_benchmark/utils/statscounter.py:325]
[INFO] 2025-05-04T18:44:13.078616 Rank 0 step 311 processed 5 samples in 0.328646183013916 s [/mnt/ioopt/appbench/apps/MLPerf-storage/dlio_benchmark/dlio_benchmark/utils/statscounter.py:325]
[INFO] 2025-05-04T18:44:13.407835 Rank 0 step 312 processed 5 samples in 0.3287208080291748 s [/mnt/ioopt/appbench/apps/MLPerf-storage/dlio_benchmark/dlio_benchmark/utils/statscounter.py:325]
[INFO] 2025-05-04T18:44:13.736695 Rank 0 step 313 processed 5 samples in 0.328385591506958 s [/mnt/ioopt/appbench/apps/MLPerf-storage/dlio_benchmark/dlio_benchmark/utils/statscounter.py:325]
[INFO] 2025-05-04T18:44:19.491287 Rank 0 step 314 processed 5 samples in 5.754106521606445 s [/mnt/ioopt/appbench/apps/MLPerf-storage/dlio_benchmark/dlio_benchmark/utils/statscounter.py:325]
[INFO] 2025-05-04T18:44:19.821685 Rank 0 step 315 processed 5 samples in 0.3296387195587158 s [/mnt/ioopt/appbench/apps/MLPerf-storage/dlio_benchmark/dlio_benchmark/utils/statscounter.py:325]
[INFO] 2025-05-04T18:44:24.540954 Rank 0 step 316 processed 5 samples in 4.718778848648071 s [/mnt/ioopt/appbench/apps/MLPerf-storage/dlio_benchmark/dlio_benchmark/utils/statscounter.py:325]
[INFO] 2025-05-04T18:44:39.076299 Rank 0 step 317 processed 5 samples in 14.534825801849365 s [/mnt/ioopt/appbench/apps/MLPerf-storage/dlio_benchmark/dlio_benchmark/utils/statscounter.py:325]
[INFO] 2025-05-04T18:44:39.402887 Rank 0 step 318 processed 5 samples in 0.3260509967803955 s [/mnt/ioopt/appbench/apps/MLPerf-storage/dlio_benchmark/dlio_benchmark/utils/statscounter.py:325]
[INFO] 2025-05-04T18:44:39.728942 Rank 0 step 319 processed 5 samples in 0.32570314407348633 s [/mnt/ioopt/appbench/apps/MLPerf-storage/dlio_benchmark/dlio_benchmark/utils/statscounter.py:325]
[INFO] 2025-05-04T18:44:40.057745 Rank 0 step 320 processed 5 samples in 0.3283405303955078 s [/mnt/ioopt/appbench/apps/MLPerf-storage/dlio_benchmark/dlio_benchmark/utils/statscounter.py:325]
[INFO] 2025-05-04T18:44:42.008856 Rank 0 step 321 processed 5 samples in 1.950676679611206 s [/mnt/ioopt/appbench/apps/MLPerf-storage/dlio_benchmark/dlio_benchmark/utils/statscounter.py:325]
[INFO] 2025-05-04T18:44:42.337951 Rank 0 step 322 processed 5 samples in 0.3286304473876953 s [/mnt/ioopt/appbench/apps/MLPerf-storage/dlio_benchmark/dlio_benchmark/utils/statscounter.py:325]
[INFO] 2025-05-04T18:44:45.385890 Rank 0 step 323 processed 5 samples in 3.047506093978882 s [/mnt/ioopt/appbench/apps/MLPerf-storage/dlio_benchmark/dlio_benchmark/utils/statscounter.py:325]
[INFO] 2025-05-04T18:44:45.714807 Rank 0 step 324 processed 5 samples in 0.32843470573425293 s [/mnt/ioopt/appbench/apps/MLPerf-storage/dlio_benchmark/dlio_benchmark/utils/statscounter.py:325]
[INFO] 2025-05-04T18:44:46.044045 Rank 0 step 325 processed 5 samples in 0.32876014709472656 s [/mnt/ioopt/appbench/apps/MLPerf-storage/dlio_benchmark/dlio_benchmark/utils/statscounter.py:325]
[INFO] 2025-05-04T18:44:46.373073 Rank 0 step 326 processed 5 samples in 0.32857251167297363 s [/mnt/ioopt/appbench/apps/MLPerf-storage/dlio_benchmark/dlio_benchmark/utils/statscounter.py:325]
[INFO] 2025-05-04T18:44:46.703720 Rank 0 step 327 processed 5 samples in 0.33020901679992676 s [/mnt/ioopt/appbench/apps/MLPerf-storage/dlio_benchmark/dlio_benchmark/utils/statscounter.py:325]
[INFO] 2025-05-04T18:44:47.032830 Rank 0 step 328 processed 5 samples in 0.3286731243133545 s [/mnt/ioopt/appbench/apps/MLPerf-storage/dlio_benchmark/dlio_benchmark/utils/statscounter.py:325]
[INFO] 2025-05-04T18:45:09.193938 Rank 0 step 329 processed 5 samples in 22.160638093948364 s [/mnt/ioopt/appbench/apps/MLPerf-storage/dlio_benchmark/dlio_benchmark/utils/statscounter.py:325]
[INFO] 2025-05-04T18:45:09.523169 Rank 0 step 330 processed 5 samples in 0.32860898971557617 s [/mnt/ioopt/appbench/apps/MLPerf-storage/dlio_benchmark/dlio_benchmark/utils/statscounter.py:325]
[INFO] 2025-05-04T18:45:09.852243 Rank 0 step 331 processed 5 samples in 0.3285715579986572 s [/mnt/ioopt/appbench/apps/MLPerf-storage/dlio_benchmark/dlio_benchmark/utils/statscounter.py:325]
[INFO] 2025-05-04T18:45:10.181409 Rank 0 step 332 processed 5 samples in 0.3287391662597656 s [/mnt/ioopt/appbench/apps/MLPerf-storage/dlio_benchmark/dlio_benchmark/utils/statscounter.py:325]
[INFO] 2025-05-04T18:45:10.510455 Rank 0 step 333 processed 5 samples in 0.3286254405975342 s [/mnt/ioopt/appbench/apps/MLPerf-storage/dlio_benchmark/dlio_benchmark/utils/statscounter.py:325]
[INFO] 2025-05-04T18:45:10.839192 Rank 0 step 334 processed 5 samples in 0.32831239700317383 s [/mnt/ioopt/appbench/apps/MLPerf-storage/dlio_benchmark/dlio_benchmark/utils/statscounter.py:325]
[INFO] 2025-05-04T18:45:12.102815 Rank 0 step 335 processed 5 samples in 1.2631630897521973 s [/mnt/ioopt/appbench/apps/MLPerf-storage/dlio_benchmark/dlio_benchmark/utils/statscounter.py:325]
[INFO] 2025-05-04T18:45:16.400560 Rank 0 step 336 processed 5 samples in 4.297211647033691 s [/mnt/ioopt/appbench/apps/MLPerf-storage/dlio_benchmark/dlio_benchmark/utils/statscounter.py:325]
[INFO] 2025-05-04T18:45:16.729846 Rank 0 step 337 processed 5 samples in 0.3287198543548584 s [/mnt/ioopt/appbench/apps/MLPerf-storage/dlio_benchmark/dlio_benchmark/utils/statscounter.py:325]
[INFO] 2025-05-04T18:45:17.058754 Rank 0 step 338 processed 5 samples in 0.3284263610839844 s [/mnt/ioopt/appbench/apps/MLPerf-storage/dlio_benchmark/dlio_benchmark/utils/statscounter.py:325]
[INFO] 2025-05-04T18:45:17.387830 Rank 0 step 339 processed 5 samples in 0.3285677433013916 s [/mnt/ioopt/appbench/apps/MLPerf-storage/dlio_benchmark/dlio_benchmark/utils/statscounter.py:325]
[INFO] 2025-05-04T18:45:17.717172 Rank 0 step 340 processed 5 samples in 0.3288686275482178 s [/mnt/ioopt/appbench/apps/MLPerf-storage/dlio_benchmark/dlio_benchmark/utils/statscounter.py:325]
[INFO] 2025-05-04T18:45:30.387718 Rank 0 step 341 processed 5 samples in 12.670071840286255 s [/mnt/ioopt/appbench/apps/MLPerf-storage/dlio_benchmark/dlio_benchmark/utils/statscounter.py:325]
[INFO] 2025-05-04T18:45:35.565359 Rank 0 step 342 processed 5 samples in 5.177096605300903 s [/mnt/ioopt/appbench/apps/MLPerf-storage/dlio_benchmark/dlio_benchmark/utils/statscounter.py:325]
[INFO] 2025-05-04T18:45:35.894561 Rank 0 step 343 processed 5 samples in 0.32867980003356934 s [/mnt/ioopt/appbench/apps/MLPerf-storage/dlio_benchmark/dlio_benchmark/utils/statscounter.py:325]
[INFO] 2025-05-04T18:45:36.223387 Rank 0 step 344 processed 5 samples in 0.3283061981201172 s [/mnt/ioopt/appbench/apps/MLPerf-storage/dlio_benchmark/dlio_benchmark/utils/statscounter.py:325]
[INFO] 2025-05-04T18:45:36.554428 Rank 0 step 345 processed 5 samples in 0.3305807113647461 s [/mnt/ioopt/appbench/apps/MLPerf-storage/dlio_benchmark/dlio_benchmark/utils/statscounter.py:325]
[INFO] 2025-05-04T18:45:39.847328 Rank 0 step 346 processed 5 samples in 3.2924067974090576 s [/mnt/ioopt/appbench/apps/MLPerf-storage/dlio_benchmark/dlio_benchmark/utils/statscounter.py:325]
[INFO] 2025-05-04T18:45:40.173313 Rank 0 step 347 processed 5 samples in 0.3256044387817383 s [/mnt/ioopt/appbench/apps/MLPerf-storage/dlio_benchmark/dlio_benchmark/utils/statscounter.py:325]
[INFO] 2025-05-04T18:45:40.502165 Rank 0 step 348 processed 5 samples in 0.32832932472229004 s [/mnt/ioopt/appbench/apps/MLPerf-storage/dlio_benchmark/dlio_benchmark/utils/statscounter.py:325]
[INFO] 2025-05-04T18:45:44.557726 Rank 0 step 349 processed 5 samples in 4.055098533630371 s [/mnt/ioopt/appbench/apps/MLPerf-storage/dlio_benchmark/dlio_benchmark/utils/statscounter.py:325]
[INFO] 2025-05-04T18:45:44.885405 Rank 0 step 350 processed 5 samples in 0.32715582847595215 s [/mnt/ioopt/appbench/apps/MLPerf-storage/dlio_benchmark/dlio_benchmark/utils/statscounter.py:325]
[INFO] 2025-05-04T18:45:45.214417 Rank 0 step 351 processed 5 samples in 0.32854175567626953 s [/mnt/ioopt/appbench/apps/MLPerf-storage/dlio_benchmark/dlio_benchmark/utils/statscounter.py:325]
[INFO] 2025-05-04T18:45:45.543882 Rank 0 step 352 processed 5 samples in 0.32897353172302246 s [/mnt/ioopt/appbench/apps/MLPerf-storage/dlio_benchmark/dlio_benchmark/utils/statscounter.py:325]
[INFO] 2025-05-04T18:46:00.444219 Rank 0 step 353 processed 5 samples in 14.89980149269104 s [/mnt/ioopt/appbench/apps/MLPerf-storage/dlio_benchmark/dlio_benchmark/utils/statscounter.py:325]
[INFO] 2025-05-04T18:46:04.834760 Rank 0 step 354 processed 5 samples in 4.390165567398071 s [/mnt/ioopt/appbench/apps/MLPerf-storage/dlio_benchmark/dlio_benchmark/utils/statscounter.py:325]
[INFO] 2025-05-04T18:46:05.166588 Rank 0 step 355 processed 5 samples in 0.3312368392944336 s [/mnt/ioopt/appbench/apps/MLPerf-storage/dlio_benchmark/dlio_benchmark/utils/statscounter.py:325]
[INFO] 2025-05-04T18:46:05.495774 Rank 0 step 356 processed 5 samples in 0.32865357398986816 s [/mnt/ioopt/appbench/apps/MLPerf-storage/dlio_benchmark/dlio_benchmark/utils/statscounter.py:325]
[INFO] 2025-05-04T18:46:05.824655 Rank 0 step 357 processed 5 samples in 0.32837986946105957 s [/mnt/ioopt/appbench/apps/MLPerf-storage/dlio_benchmark/dlio_benchmark/utils/statscounter.py:325]
[INFO] 2025-05-04T18:46:06.156630 Rank 0 step 358 processed 5 samples in 0.3315150737762451 s [/mnt/ioopt/appbench/apps/MLPerf-storage/dlio_benchmark/dlio_benchmark/utils/statscounter.py:325]
[INFO] 2025-05-04T18:46:08.986730 Rank 0 step 359 processed 5 samples in 2.8295979499816895 s [/mnt/ioopt/appbench/apps/MLPerf-storage/dlio_benchmark/dlio_benchmark/utils/statscounter.py:325]
[INFO] 2025-05-04T18:46:09.315214 Rank 0 step 360 processed 5 samples in 0.3278336524963379 s [/mnt/ioopt/appbench/apps/MLPerf-storage/dlio_benchmark/dlio_benchmark/utils/statscounter.py:325]
[INFO] 2025-05-04T18:46:10.911071 Rank 0 step 361 processed 5 samples in 1.5953269004821777 s [/mnt/ioopt/appbench/apps/MLPerf-storage/dlio_benchmark/dlio_benchmark/utils/statscounter.py:325]
[INFO] 2025-05-04T18:46:11.239783 Rank 0 step 362 processed 5 samples in 0.328249454498291 s [/mnt/ioopt/appbench/apps/MLPerf-storage/dlio_benchmark/dlio_benchmark/utils/statscounter.py:325]
[INFO] 2025-05-04T18:46:11.569836 Rank 0 step 363 processed 5 samples in 0.3296053409576416 s [/mnt/ioopt/appbench/apps/MLPerf-storage/dlio_benchmark/dlio_benchmark/utils/statscounter.py:325]
[INFO] 2025-05-04T18:46:11.899825 Rank 0 step 364 processed 5 samples in 0.32892394065856934 s [/mnt/ioopt/appbench/apps/MLPerf-storage/dlio_benchmark/dlio_benchmark/utils/statscounter.py:325]
[INFO] 2025-05-04T18:46:26.744714 Rank 0 step 365 processed 5 samples in 14.844412803649902 s [/mnt/ioopt/appbench/apps/MLPerf-storage/dlio_benchmark/dlio_benchmark/utils/statscounter.py:325]
[INFO] 2025-05-04T18:46:33.898571 Rank 0 step 366 processed 5 samples in 7.153371334075928 s [/mnt/ioopt/appbench/apps/MLPerf-storage/dlio_benchmark/dlio_benchmark/utils/statscounter.py:325]
[INFO] 2025-05-04T18:46:34.227457 Rank 0 step 367 processed 5 samples in 0.32833147048950195 s [/mnt/ioopt/appbench/apps/MLPerf-storage/dlio_benchmark/dlio_benchmark/utils/statscounter.py:325]
[INFO] 2025-05-04T18:46:34.556687 Rank 0 step 368 processed 5 samples in 0.32874226570129395 s [/mnt/ioopt/appbench/apps/MLPerf-storage/dlio_benchmark/dlio_benchmark/utils/statscounter.py:325]
[INFO] 2025-05-04T18:46:34.891857 Rank 0 step 369 processed 5 samples in 0.33469271659851074 s [/mnt/ioopt/appbench/apps/MLPerf-storage/dlio_benchmark/dlio_benchmark/utils/statscounter.py:325]
[INFO] 2025-05-04T18:46:37.720564 Rank 0 step 370 processed 5 samples in 2.8281924724578857 s [/mnt/ioopt/appbench/apps/MLPerf-storage/dlio_benchmark/dlio_benchmark/utils/statscounter.py:325]
[INFO] 2025-05-04T18:46:38.049636 Rank 0 step 371 processed 5 samples in 0.3286125659942627 s [/mnt/ioopt/appbench/apps/MLPerf-storage/dlio_benchmark/dlio_benchmark/utils/statscounter.py:325]
[INFO] 2025-05-04T18:46:38.378250 Rank 0 step 372 processed 5 samples in 0.32818055152893066 s [/mnt/ioopt/appbench/apps/MLPerf-storage/dlio_benchmark/dlio_benchmark/utils/statscounter.py:325]
[INFO] 2025-05-04T18:46:38.707093 Rank 0 step 373 processed 5 samples in 0.32842350006103516 s [/mnt/ioopt/appbench/apps/MLPerf-storage/dlio_benchmark/dlio_benchmark/utils/statscounter.py:325]
[INFO] 2025-05-04T18:46:39.035788 Rank 0 step 374 processed 5 samples in 0.32826876640319824 s [/mnt/ioopt/appbench/apps/MLPerf-storage/dlio_benchmark/dlio_benchmark/utils/statscounter.py:325]
[INFO] 2025-05-04T18:46:39.364835 Rank 0 step 375 processed 5 samples in 0.328580379486084 s [/mnt/ioopt/appbench/apps/MLPerf-storage/dlio_benchmark/dlio_benchmark/utils/statscounter.py:325]
[INFO] 2025-05-04T18:46:39.694962 Rank 0 step 376 processed 5 samples in 0.3296842575073242 s [/mnt/ioopt/appbench/apps/MLPerf-storage/dlio_benchmark/dlio_benchmark/utils/statscounter.py:325]
[INFO] 2025-05-04T18:46:57.305888 Rank 0 step 377 processed 5 samples in 17.610342741012573 s [/mnt/ioopt/appbench/apps/MLPerf-storage/dlio_benchmark/dlio_benchmark/utils/statscounter.py:325]
[INFO] 2025-05-04T18:46:58.529068 Rank 0 step 378 processed 5 samples in 1.2226879596710205 s [/mnt/ioopt/appbench/apps/MLPerf-storage/dlio_benchmark/dlio_benchmark/utils/statscounter.py:325]
[INFO] 2025-05-04T18:46:58.858719 Rank 0 step 379 processed 5 samples in 0.32912468910217285 s [/mnt/ioopt/appbench/apps/MLPerf-storage/dlio_benchmark/dlio_benchmark/utils/statscounter.py:325]
[INFO] 2025-05-04T18:47:01.021326 Rank 0 step 380 processed 5 samples in 2.162053346633911 s [/mnt/ioopt/appbench/apps/MLPerf-storage/dlio_benchmark/dlio_benchmark/utils/statscounter.py:325]
[INFO] 2025-05-04T18:47:01.350556 Rank 0 step 381 processed 5 samples in 0.3287687301635742 s [/mnt/ioopt/appbench/apps/MLPerf-storage/dlio_benchmark/dlio_benchmark/utils/statscounter.py:325]
[INFO] 2025-05-04T18:47:01.679388 Rank 0 step 382 processed 5 samples in 0.3283722400665283 s [/mnt/ioopt/appbench/apps/MLPerf-storage/dlio_benchmark/dlio_benchmark/utils/statscounter.py:325]
[INFO] 2025-05-04T18:47:03.395389 Rank 0 step 383 processed 5 samples in 1.7155518531799316 s [/mnt/ioopt/appbench/apps/MLPerf-storage/dlio_benchmark/dlio_benchmark/utils/statscounter.py:325]
[INFO] 2025-05-04T18:47:03.724266 Rank 0 step 384 processed 5 samples in 0.3283958435058594 s [/mnt/ioopt/appbench/apps/MLPerf-storage/dlio_benchmark/dlio_benchmark/utils/statscounter.py:325]
[INFO] 2025-05-04T18:47:06.295978 Rank 0 step 385 processed 5 samples in 2.5712151527404785 s [/mnt/ioopt/appbench/apps/MLPerf-storage/dlio_benchmark/dlio_benchmark/utils/statscounter.py:325]
[INFO] 2025-05-04T18:47:06.625025 Rank 0 step 386 processed 5 samples in 0.32854628562927246 s [/mnt/ioopt/appbench/apps/MLPerf-storage/dlio_benchmark/dlio_benchmark/utils/statscounter.py:325]
[INFO] 2025-05-04T18:47:06.953829 Rank 0 step 387 processed 5 samples in 0.32830071449279785 s [/mnt/ioopt/appbench/apps/MLPerf-storage/dlio_benchmark/dlio_benchmark/utils/statscounter.py:325]
[INFO] 2025-05-04T18:47:07.282917 Rank 0 step 388 processed 5 samples in 0.32860755920410156 s [/mnt/ioopt/appbench/apps/MLPerf-storage/dlio_benchmark/dlio_benchmark/utils/statscounter.py:325]
[INFO] 2025-05-04T18:47:16.490498 Rank 0 step 389 processed 5 samples in 9.207072496414185 s [/mnt/ioopt/appbench/apps/MLPerf-storage/dlio_benchmark/dlio_benchmark/utils/statscounter.py:325]
[INFO] 2025-05-04T18:47:23.086301 Rank 0 step 390 processed 5 samples in 6.595296144485474 s [/mnt/ioopt/appbench/apps/MLPerf-storage/dlio_benchmark/dlio_benchmark/utils/statscounter.py:325]
[INFO] 2025-05-04T18:47:26.399523 Rank 0 step 391 processed 5 samples in 3.2160348892211914 s [/mnt/ioopt/appbench/apps/MLPerf-storage/dlio_benchmark/dlio_benchmark/utils/statscounter.py:325]
[INFO] 2025-05-04T18:47:27.546625 Rank 0 step 392 processed 5 samples in 1.146604061126709 s [/mnt/ioopt/appbench/apps/MLPerf-storage/dlio_benchmark/dlio_benchmark/utils/statscounter.py:325]
[INFO] 2025-05-04T18:47:27.875835 Rank 0 step 393 processed 5 samples in 0.3285653591156006 s [/mnt/ioopt/appbench/apps/MLPerf-storage/dlio_benchmark/dlio_benchmark/utils/statscounter.py:325]
[INFO] 2025-05-04T18:47:28.204628 Rank 0 step 394 processed 5 samples in 0.32839083671569824 s [/mnt/ioopt/appbench/apps/MLPerf-storage/dlio_benchmark/dlio_benchmark/utils/statscounter.py:325]
[INFO] 2025-05-04T18:47:28.674467 Rank 0 step 395 processed 5 samples in 0.4693751335144043 s [/mnt/ioopt/appbench/apps/MLPerf-storage/dlio_benchmark/dlio_benchmark/utils/statscounter.py:325]
[INFO] 2025-05-04T18:47:29.003773 Rank 0 step 396 processed 5 samples in 0.3287804126739502 s [/mnt/ioopt/appbench/apps/MLPerf-storage/dlio_benchmark/dlio_benchmark/utils/statscounter.py:325]
[INFO] 2025-05-04T18:47:29.335023 Rank 0 step 397 processed 5 samples in 0.33075594902038574 s [/mnt/ioopt/appbench/apps/MLPerf-storage/dlio_benchmark/dlio_benchmark/utils/statscounter.py:325]
[INFO] 2025-05-04T18:47:29.665423 Rank 0 step 398 processed 5 samples in 0.3299264907836914 s [/mnt/ioopt/appbench/apps/MLPerf-storage/dlio_benchmark/dlio_benchmark/utils/statscounter.py:325]
[INFO] 2025-05-04T18:47:29.994167 Rank 0 step 399 processed 5 samples in 0.32834649085998535 s [/mnt/ioopt/appbench/apps/MLPerf-storage/dlio_benchmark/dlio_benchmark/utils/statscounter.py:325]
[INFO] 2025-05-04T18:47:30.467379 Rank 0 step 400 processed 5 samples in 0.47284412384033203 s [/mnt/ioopt/appbench/apps/MLPerf-storage/dlio_benchmark/dlio_benchmark/utils/statscounter.py:325]
[INFO] 2025-05-04T18:47:30.467906 Maximum number of steps reached [/mnt/ioopt/appbench/apps/MLPerf-storage/dlio_benchmark/dlio_benchmark/main.py:293]
[INFO] 2025-05-04T18:47:30.470919 Ending block 1 - 400 steps completed in 964.36 s [/mnt/ioopt/appbench/apps/MLPerf-storage/dlio_benchmark/dlio_benchmark/utils/statscounter.py:282]
[INFO] 2025-05-04T18:47:30.494271 Epoch 1 - Block 1 [Training] Accelerator Utilization [AU] (%): 13.7736 [/mnt/ioopt/appbench/apps/MLPerf-storage/dlio_benchmark/dlio_benchmark/utils/statscounter.py:285]
[INFO] 2025-05-04T18:47:30.494389 Epoch 1 - Block 1 [Training] Throughput (samples/second): 2.0739 [/mnt/ioopt/appbench/apps/MLPerf-storage/dlio_benchmark/dlio_benchmark/utils/statscounter.py:286]
[INFO] 2025-05-04T18:47:30.496171 Ending epoch 1 - 400 steps completed in 964.42 s [/mnt/ioopt/appbench/apps/MLPerf-storage/dlio_benchmark/dlio_benchmark/utils/statscounter.py:225]
[INFO] 2025-05-04T18:47:30.503950 Saved outputs in /mnt/ioopt/appbench/apps/MLPerf-storage/resultsdir/RUN_4/batch_size_5_num_threads_12 [/mnt/ioopt/appbench/apps/MLPerf-storage/dlio_benchmark/dlio_benchmark/utils/statscounter.py:171]
[INFO] Averaged metric over all epochs
[METRIC] ==========================================================
[METRIC] Number of Simulated Accelerators: 1 
[METRIC] Training Accelerator Utilization [AU] (%): 13.7736 (0.0000)
[METRIC] Training Throughput (samples/second): 2.0739 (0.0000)
[METRIC] Training I/O Throughput (MB/second): 289.9529 (0.0000)
[METRIC] train_au_meet_expectation: fail
[METRIC] ==========================================================
 [/mnt/ioopt/appbench/apps/MLPerf-storage/dlio_benchmark/dlio_benchmark/utils/statscounter.py:185]
[INFO] 2025-05-04T18:47:30.519851 outputs saved in RANKID_output.json [/mnt/ioopt/appbench/apps/MLPerf-storage/dlio_benchmark/dlio_benchmark/utils/statscounter.py:378]
