[INFO] 2025-05-04T19:05:35.979504 Profiling DLIO /mnt/ioopt/appbench/apps/MLPerf-storage/resultsdir/RUN_4/batch_size_5_num_threads_16/trace-0-of-1.pfw [/mnt/ioopt/appbench/apps/MLPerf-storage/dlio_benchmark/dlio_benchmark/utils/config.py:189]
[INFO] 2025-05-04T19:05:35.980327 Running DLIO with 1 process(es) [/mnt/ioopt/appbench/apps/MLPerf-storage/dlio_benchmark/dlio_benchmark/main.py:100]
[INFO] Total amount of data each host will consume is 273.064948618412 GB; each host has [np.float64(187.5592384338379)] GB memory [/mnt/ioopt/appbench/apps/MLPerf-storage/dlio_benchmark/dlio_benchmark/utils/statscounter.py:121]
[INFO] 2025-05-04T19:05:52.333972 Max steps per epoch: 400 = 1 * 2000 / 5 / 1 (samples per file * num files / batch size / comm size) [/mnt/ioopt/appbench/apps/MLPerf-storage/dlio_benchmark/dlio_benchmark/main.py:321]
[INFO] 2025-05-04T19:05:52.486677 Starting epoch 1: 400 steps expected [/mnt/ioopt/appbench/apps/MLPerf-storage/dlio_benchmark/dlio_benchmark/utils/statscounter.py:192]
[INFO] 2025-05-04T19:05:52.518851 Starting block 1 [/mnt/ioopt/appbench/apps/MLPerf-storage/dlio_benchmark/dlio_benchmark/utils/statscounter.py:264]
[INFO] 2025-05-04T19:06:31.099386 Rank 0 step 1 processed 5 samples in 38.58032751083374 s [/mnt/ioopt/appbench/apps/MLPerf-storage/dlio_benchmark/dlio_benchmark/utils/statscounter.py:325]
[INFO] 2025-05-04T19:06:31.576258 Rank 0 step 2 processed 5 samples in 0.47537851333618164 s [/mnt/ioopt/appbench/apps/MLPerf-storage/dlio_benchmark/dlio_benchmark/utils/statscounter.py:325]
[INFO] 2025-05-04T19:06:33.942951 Rank 0 step 3 processed 5 samples in 2.36624813079834 s [/mnt/ioopt/appbench/apps/MLPerf-storage/dlio_benchmark/dlio_benchmark/utils/statscounter.py:325]
[INFO] 2025-05-04T19:06:34.271933 Rank 0 step 4 processed 5 samples in 0.32848668098449707 s [/mnt/ioopt/appbench/apps/MLPerf-storage/dlio_benchmark/dlio_benchmark/utils/statscounter.py:325]
[INFO] 2025-05-04T19:06:34.600780 Rank 0 step 5 processed 5 samples in 0.328399658203125 s [/mnt/ioopt/appbench/apps/MLPerf-storage/dlio_benchmark/dlio_benchmark/utils/statscounter.py:325]
[INFO] 2025-05-04T19:06:34.932272 Rank 0 step 6 processed 5 samples in 0.3310403823852539 s [/mnt/ioopt/appbench/apps/MLPerf-storage/dlio_benchmark/dlio_benchmark/utils/statscounter.py:325]
[INFO] 2025-05-04T19:06:35.261713 Rank 0 step 7 processed 5 samples in 0.32906270027160645 s [/mnt/ioopt/appbench/apps/MLPerf-storage/dlio_benchmark/dlio_benchmark/utils/statscounter.py:325]
[INFO] 2025-05-04T19:06:35.591102 Rank 0 step 8 processed 5 samples in 0.32881593704223633 s [/mnt/ioopt/appbench/apps/MLPerf-storage/dlio_benchmark/dlio_benchmark/utils/statscounter.py:325]
[INFO] 2025-05-04T19:06:35.920009 Rank 0 step 9 processed 5 samples in 0.32843565940856934 s [/mnt/ioopt/appbench/apps/MLPerf-storage/dlio_benchmark/dlio_benchmark/utils/statscounter.py:325]
[INFO] 2025-05-04T19:06:36.248828 Rank 0 step 10 processed 5 samples in 0.3283555507659912 s [/mnt/ioopt/appbench/apps/MLPerf-storage/dlio_benchmark/dlio_benchmark/utils/statscounter.py:325]
[INFO] 2025-05-04T19:06:36.577980 Rank 0 step 11 processed 5 samples in 0.32868337631225586 s [/mnt/ioopt/appbench/apps/MLPerf-storage/dlio_benchmark/dlio_benchmark/utils/statscounter.py:325]
[INFO] 2025-05-04T19:06:36.907178 Rank 0 step 12 processed 5 samples in 0.3287370204925537 s [/mnt/ioopt/appbench/apps/MLPerf-storage/dlio_benchmark/dlio_benchmark/utils/statscounter.py:325]
[INFO] 2025-05-04T19:06:37.238080 Rank 0 step 13 processed 5 samples in 0.3304474353790283 s [/mnt/ioopt/appbench/apps/MLPerf-storage/dlio_benchmark/dlio_benchmark/utils/statscounter.py:325]
[INFO] 2025-05-04T19:06:37.567563 Rank 0 step 14 processed 5 samples in 0.3289480209350586 s [/mnt/ioopt/appbench/apps/MLPerf-storage/dlio_benchmark/dlio_benchmark/utils/statscounter.py:325]
[INFO] 2025-05-04T19:06:37.896458 Rank 0 step 15 processed 5 samples in 0.32839250564575195 s [/mnt/ioopt/appbench/apps/MLPerf-storage/dlio_benchmark/dlio_benchmark/utils/statscounter.py:325]
[INFO] 2025-05-04T19:06:38.225778 Rank 0 step 16 processed 5 samples in 0.3288707733154297 s [/mnt/ioopt/appbench/apps/MLPerf-storage/dlio_benchmark/dlio_benchmark/utils/statscounter.py:325]
[INFO] 2025-05-04T19:06:57.696019 Rank 0 step 17 processed 5 samples in 19.4697687625885 s [/mnt/ioopt/appbench/apps/MLPerf-storage/dlio_benchmark/dlio_benchmark/utils/statscounter.py:325]
[INFO] 2025-05-04T19:07:05.224147 Rank 0 step 18 processed 5 samples in 7.527661323547363 s [/mnt/ioopt/appbench/apps/MLPerf-storage/dlio_benchmark/dlio_benchmark/utils/statscounter.py:325]
[INFO] 2025-05-04T19:07:11.856596 Rank 0 step 19 processed 5 samples in 6.632118463516235 s [/mnt/ioopt/appbench/apps/MLPerf-storage/dlio_benchmark/dlio_benchmark/utils/statscounter.py:325]
[INFO] 2025-05-04T19:07:12.183201 Rank 0 step 20 processed 5 samples in 0.3262801170349121 s [/mnt/ioopt/appbench/apps/MLPerf-storage/dlio_benchmark/dlio_benchmark/utils/statscounter.py:325]
[INFO] 2025-05-04T19:07:12.511877 Rank 0 step 21 processed 5 samples in 0.32819080352783203 s [/mnt/ioopt/appbench/apps/MLPerf-storage/dlio_benchmark/dlio_benchmark/utils/statscounter.py:325]
[INFO] 2025-05-04T19:07:13.268770 Rank 0 step 22 processed 5 samples in 0.7564494609832764 s [/mnt/ioopt/appbench/apps/MLPerf-storage/dlio_benchmark/dlio_benchmark/utils/statscounter.py:325]
[INFO] 2025-05-04T19:07:13.598326 Rank 0 step 23 processed 5 samples in 0.32903528213500977 s [/mnt/ioopt/appbench/apps/MLPerf-storage/dlio_benchmark/dlio_benchmark/utils/statscounter.py:325]
[INFO] 2025-05-04T19:07:13.927543 Rank 0 step 24 processed 5 samples in 0.32866859436035156 s [/mnt/ioopt/appbench/apps/MLPerf-storage/dlio_benchmark/dlio_benchmark/utils/statscounter.py:325]
[INFO] 2025-05-04T19:07:14.256410 Rank 0 step 25 processed 5 samples in 0.3283998966217041 s [/mnt/ioopt/appbench/apps/MLPerf-storage/dlio_benchmark/dlio_benchmark/utils/statscounter.py:325]
[INFO] 2025-05-04T19:07:14.585298 Rank 0 step 26 processed 5 samples in 0.32842159271240234 s [/mnt/ioopt/appbench/apps/MLPerf-storage/dlio_benchmark/dlio_benchmark/utils/statscounter.py:325]
[INFO] 2025-05-04T19:07:14.918802 Rank 0 step 27 processed 5 samples in 0.3330395221710205 s [/mnt/ioopt/appbench/apps/MLPerf-storage/dlio_benchmark/dlio_benchmark/utils/statscounter.py:325]
[INFO] 2025-05-04T19:07:15.248022 Rank 0 step 28 processed 5 samples in 0.32874202728271484 s [/mnt/ioopt/appbench/apps/MLPerf-storage/dlio_benchmark/dlio_benchmark/utils/statscounter.py:325]
[INFO] 2025-05-04T19:07:18.004085 Rank 0 step 29 processed 5 samples in 2.7556004524230957 s [/mnt/ioopt/appbench/apps/MLPerf-storage/dlio_benchmark/dlio_benchmark/utils/statscounter.py:325]
[INFO] 2025-05-04T19:07:18.803595 Rank 0 step 30 processed 5 samples in 0.7989606857299805 s [/mnt/ioopt/appbench/apps/MLPerf-storage/dlio_benchmark/dlio_benchmark/utils/statscounter.py:325]
[INFO] 2025-05-04T19:07:19.132448 Rank 0 step 31 processed 5 samples in 0.32834529876708984 s [/mnt/ioopt/appbench/apps/MLPerf-storage/dlio_benchmark/dlio_benchmark/utils/statscounter.py:325]
[INFO] 2025-05-04T19:07:20.685449 Rank 0 step 32 processed 5 samples in 1.5525457859039307 s [/mnt/ioopt/appbench/apps/MLPerf-storage/dlio_benchmark/dlio_benchmark/utils/statscounter.py:325]
[INFO] 2025-05-04T19:07:33.447665 Rank 0 step 33 processed 5 samples in 12.761628150939941 s [/mnt/ioopt/appbench/apps/MLPerf-storage/dlio_benchmark/dlio_benchmark/utils/statscounter.py:325]
[INFO] 2025-05-04T19:07:43.159318 Rank 0 step 34 processed 5 samples in 9.71085000038147 s [/mnt/ioopt/appbench/apps/MLPerf-storage/dlio_benchmark/dlio_benchmark/utils/statscounter.py:325]
[INFO] 2025-05-04T19:07:54.969047 Rank 0 step 35 processed 5 samples in 11.809404134750366 s [/mnt/ioopt/appbench/apps/MLPerf-storage/dlio_benchmark/dlio_benchmark/utils/statscounter.py:325]
[INFO] 2025-05-04T19:07:55.297905 Rank 0 step 36 processed 5 samples in 0.32839107513427734 s [/mnt/ioopt/appbench/apps/MLPerf-storage/dlio_benchmark/dlio_benchmark/utils/statscounter.py:325]
[INFO] 2025-05-04T19:07:55.626708 Rank 0 step 37 processed 5 samples in 0.32833433151245117 s [/mnt/ioopt/appbench/apps/MLPerf-storage/dlio_benchmark/dlio_benchmark/utils/statscounter.py:325]
[INFO] 2025-05-04T19:07:55.955893 Rank 0 step 38 processed 5 samples in 0.3286712169647217 s [/mnt/ioopt/appbench/apps/MLPerf-storage/dlio_benchmark/dlio_benchmark/utils/statscounter.py:325]
[INFO] 2025-05-04T19:07:56.281977 Rank 0 step 39 processed 5 samples in 0.3256213665008545 s [/mnt/ioopt/appbench/apps/MLPerf-storage/dlio_benchmark/dlio_benchmark/utils/statscounter.py:325]
[INFO] 2025-05-04T19:07:56.610816 Rank 0 step 40 processed 5 samples in 0.3283514976501465 s [/mnt/ioopt/appbench/apps/MLPerf-storage/dlio_benchmark/dlio_benchmark/utils/statscounter.py:325]
[INFO] 2025-05-04T19:07:56.939721 Rank 0 step 41 processed 5 samples in 0.32840824127197266 s [/mnt/ioopt/appbench/apps/MLPerf-storage/dlio_benchmark/dlio_benchmark/utils/statscounter.py:325]
[INFO] 2025-05-04T19:07:57.268522 Rank 0 step 42 processed 5 samples in 0.3283379077911377 s [/mnt/ioopt/appbench/apps/MLPerf-storage/dlio_benchmark/dlio_benchmark/utils/statscounter.py:325]
[INFO] 2025-05-04T19:07:57.597436 Rank 0 step 43 processed 5 samples in 0.32844042778015137 s [/mnt/ioopt/appbench/apps/MLPerf-storage/dlio_benchmark/dlio_benchmark/utils/statscounter.py:325]
[INFO] 2025-05-04T19:07:57.930486 Rank 0 step 44 processed 5 samples in 0.33258533477783203 s [/mnt/ioopt/appbench/apps/MLPerf-storage/dlio_benchmark/dlio_benchmark/utils/statscounter.py:325]
[INFO] 2025-05-04T19:07:58.259222 Rank 0 step 45 processed 5 samples in 0.32826900482177734 s [/mnt/ioopt/appbench/apps/MLPerf-storage/dlio_benchmark/dlio_benchmark/utils/statscounter.py:325]
[INFO] 2025-05-04T19:07:58.588030 Rank 0 step 46 processed 5 samples in 0.32834959030151367 s [/mnt/ioopt/appbench/apps/MLPerf-storage/dlio_benchmark/dlio_benchmark/utils/statscounter.py:325]
[INFO] 2025-05-04T19:07:58.916901 Rank 0 step 47 processed 5 samples in 0.3284118175506592 s [/mnt/ioopt/appbench/apps/MLPerf-storage/dlio_benchmark/dlio_benchmark/utils/statscounter.py:325]
[INFO] 2025-05-04T19:07:59.246027 Rank 0 step 48 processed 5 samples in 0.32866454124450684 s [/mnt/ioopt/appbench/apps/MLPerf-storage/dlio_benchmark/dlio_benchmark/utils/statscounter.py:325]
[INFO] 2025-05-04T19:08:04.207073 Rank 0 step 49 processed 5 samples in 4.960577964782715 s [/mnt/ioopt/appbench/apps/MLPerf-storage/dlio_benchmark/dlio_benchmark/utils/statscounter.py:325]
[INFO] 2025-05-04T19:08:12.716880 Rank 0 step 50 processed 5 samples in 8.509360313415527 s [/mnt/ioopt/appbench/apps/MLPerf-storage/dlio_benchmark/dlio_benchmark/utils/statscounter.py:325]
[INFO] 2025-05-04T19:08:34.509268 Rank 0 step 51 processed 5 samples in 21.787921667099 s [/mnt/ioopt/appbench/apps/MLPerf-storage/dlio_benchmark/dlio_benchmark/utils/statscounter.py:325]
[INFO] 2025-05-04T19:08:34.838207 Rank 0 step 52 processed 5 samples in 0.3284320831298828 s [/mnt/ioopt/appbench/apps/MLPerf-storage/dlio_benchmark/dlio_benchmark/utils/statscounter.py:325]
[INFO] 2025-05-04T19:08:35.166999 Rank 0 step 53 processed 5 samples in 0.32831239700317383 s [/mnt/ioopt/appbench/apps/MLPerf-storage/dlio_benchmark/dlio_benchmark/utils/statscounter.py:325]
[INFO] 2025-05-04T19:08:35.496211 Rank 0 step 54 processed 5 samples in 0.3286912441253662 s [/mnt/ioopt/appbench/apps/MLPerf-storage/dlio_benchmark/dlio_benchmark/utils/statscounter.py:325]
[INFO] 2025-05-04T19:08:35.829875 Rank 0 step 55 processed 5 samples in 0.3331882953643799 s [/mnt/ioopt/appbench/apps/MLPerf-storage/dlio_benchmark/dlio_benchmark/utils/statscounter.py:325]
[INFO] 2025-05-04T19:08:36.159093 Rank 0 step 56 processed 5 samples in 0.32869482040405273 s [/mnt/ioopt/appbench/apps/MLPerf-storage/dlio_benchmark/dlio_benchmark/utils/statscounter.py:325]
[INFO] 2025-05-04T19:08:36.487966 Rank 0 step 57 processed 5 samples in 0.3283956050872803 s [/mnt/ioopt/appbench/apps/MLPerf-storage/dlio_benchmark/dlio_benchmark/utils/statscounter.py:325]
[INFO] 2025-05-04T19:08:36.816773 Rank 0 step 58 processed 5 samples in 0.3283357620239258 s [/mnt/ioopt/appbench/apps/MLPerf-storage/dlio_benchmark/dlio_benchmark/utils/statscounter.py:325]
[INFO] 2025-05-04T19:08:37.147015 Rank 0 step 59 processed 5 samples in 0.32981419563293457 s [/mnt/ioopt/appbench/apps/MLPerf-storage/dlio_benchmark/dlio_benchmark/utils/statscounter.py:325]
[INFO] 2025-05-04T19:08:37.476264 Rank 0 step 60 processed 5 samples in 0.32871556282043457 s [/mnt/ioopt/appbench/apps/MLPerf-storage/dlio_benchmark/dlio_benchmark/utils/statscounter.py:325]
[INFO] 2025-05-04T19:08:41.232192 Rank 0 step 61 processed 5 samples in 3.7554519176483154 s [/mnt/ioopt/appbench/apps/MLPerf-storage/dlio_benchmark/dlio_benchmark/utils/statscounter.py:325]
[INFO] 2025-05-04T19:08:41.697734 Rank 0 step 62 processed 5 samples in 0.4650270938873291 s [/mnt/ioopt/appbench/apps/MLPerf-storage/dlio_benchmark/dlio_benchmark/utils/statscounter.py:325]
[INFO] 2025-05-04T19:08:42.026780 Rank 0 step 63 processed 5 samples in 0.3285081386566162 s [/mnt/ioopt/appbench/apps/MLPerf-storage/dlio_benchmark/dlio_benchmark/utils/statscounter.py:325]
[INFO] 2025-05-04T19:08:42.358266 Rank 0 step 64 processed 5 samples in 0.3309025764465332 s [/mnt/ioopt/appbench/apps/MLPerf-storage/dlio_benchmark/dlio_benchmark/utils/statscounter.py:325]
[INFO] 2025-05-04T19:08:42.685300 Rank 0 step 65 processed 5 samples in 0.326657772064209 s [/mnt/ioopt/appbench/apps/MLPerf-storage/dlio_benchmark/dlio_benchmark/utils/statscounter.py:325]
[INFO] 2025-05-04T19:08:43.014320 Rank 0 step 66 processed 5 samples in 0.328554630279541 s [/mnt/ioopt/appbench/apps/MLPerf-storage/dlio_benchmark/dlio_benchmark/utils/statscounter.py:325]
[INFO] 2025-05-04T19:09:06.076550 Rank 0 step 67 processed 5 samples in 23.061771392822266 s [/mnt/ioopt/appbench/apps/MLPerf-storage/dlio_benchmark/dlio_benchmark/utils/statscounter.py:325]
[INFO] 2025-05-04T19:09:06.405514 Rank 0 step 68 processed 5 samples in 0.32851552963256836 s [/mnt/ioopt/appbench/apps/MLPerf-storage/dlio_benchmark/dlio_benchmark/utils/statscounter.py:325]
[INFO] 2025-05-04T19:09:09.903896 Rank 0 step 69 processed 5 samples in 3.4979300498962402 s [/mnt/ioopt/appbench/apps/MLPerf-storage/dlio_benchmark/dlio_benchmark/utils/statscounter.py:325]
[INFO] 2025-05-04T19:09:11.361792 Rank 0 step 70 processed 5 samples in 1.457427978515625 s [/mnt/ioopt/appbench/apps/MLPerf-storage/dlio_benchmark/dlio_benchmark/utils/statscounter.py:325]
[INFO] 2025-05-04T19:09:13.089956 Rank 0 step 71 processed 5 samples in 1.7276618480682373 s [/mnt/ioopt/appbench/apps/MLPerf-storage/dlio_benchmark/dlio_benchmark/utils/statscounter.py:325]
[INFO] 2025-05-04T19:09:13.419274 Rank 0 step 72 processed 5 samples in 0.32878541946411133 s [/mnt/ioopt/appbench/apps/MLPerf-storage/dlio_benchmark/dlio_benchmark/utils/statscounter.py:325]
[INFO] 2025-05-04T19:09:13.748092 Rank 0 step 73 processed 5 samples in 0.3283660411834717 s [/mnt/ioopt/appbench/apps/MLPerf-storage/dlio_benchmark/dlio_benchmark/utils/statscounter.py:325]
[INFO] 2025-05-04T19:09:14.076904 Rank 0 step 74 processed 5 samples in 0.3283565044403076 s [/mnt/ioopt/appbench/apps/MLPerf-storage/dlio_benchmark/dlio_benchmark/utils/statscounter.py:325]
[INFO] 2025-05-04T19:09:14.405924 Rank 0 step 75 processed 5 samples in 0.32857704162597656 s [/mnt/ioopt/appbench/apps/MLPerf-storage/dlio_benchmark/dlio_benchmark/utils/statscounter.py:325]
[INFO] 2025-05-04T19:09:15.446885 Rank 0 step 76 processed 5 samples in 1.0405113697052002 s [/mnt/ioopt/appbench/apps/MLPerf-storage/dlio_benchmark/dlio_benchmark/utils/statscounter.py:325]
[INFO] 2025-05-04T19:09:15.775942 Rank 0 step 77 processed 5 samples in 0.3285861015319824 s [/mnt/ioopt/appbench/apps/MLPerf-storage/dlio_benchmark/dlio_benchmark/utils/statscounter.py:325]
[INFO] 2025-05-04T19:09:16.104592 Rank 0 step 78 processed 5 samples in 0.3282442092895508 s [/mnt/ioopt/appbench/apps/MLPerf-storage/dlio_benchmark/dlio_benchmark/utils/statscounter.py:325]
[INFO] 2025-05-04T19:09:16.433306 Rank 0 step 79 processed 5 samples in 0.3282968997955322 s [/mnt/ioopt/appbench/apps/MLPerf-storage/dlio_benchmark/dlio_benchmark/utils/statscounter.py:325]
[INFO] 2025-05-04T19:09:17.530091 Rank 0 step 80 processed 5 samples in 1.0963053703308105 s [/mnt/ioopt/appbench/apps/MLPerf-storage/dlio_benchmark/dlio_benchmark/utils/statscounter.py:325]
[INFO] 2025-05-04T19:09:18.327795 Rank 0 step 81 processed 5 samples in 0.7963707447052002 s [/mnt/ioopt/appbench/apps/MLPerf-storage/dlio_benchmark/dlio_benchmark/utils/statscounter.py:325]
[INFO] 2025-05-04T19:09:18.656897 Rank 0 step 82 processed 5 samples in 0.32863521575927734 s [/mnt/ioopt/appbench/apps/MLPerf-storage/dlio_benchmark/dlio_benchmark/utils/statscounter.py:325]
[INFO] 2025-05-04T19:09:45.045745 Rank 0 step 83 processed 5 samples in 26.388396978378296 s [/mnt/ioopt/appbench/apps/MLPerf-storage/dlio_benchmark/dlio_benchmark/utils/statscounter.py:325]
[INFO] 2025-05-04T19:09:45.375022 Rank 0 step 84 processed 5 samples in 0.3287973403930664 s [/mnt/ioopt/appbench/apps/MLPerf-storage/dlio_benchmark/dlio_benchmark/utils/statscounter.py:325]
[INFO] 2025-05-04T19:09:45.704131 Rank 0 step 85 processed 5 samples in 0.32861328125 s [/mnt/ioopt/appbench/apps/MLPerf-storage/dlio_benchmark/dlio_benchmark/utils/statscounter.py:325]
[INFO] 2025-05-04T19:09:51.422159 Rank 0 step 86 processed 5 samples in 5.717567205429077 s [/mnt/ioopt/appbench/apps/MLPerf-storage/dlio_benchmark/dlio_benchmark/utils/statscounter.py:325]
[INFO] 2025-05-04T19:09:51.751652 Rank 0 step 87 processed 5 samples in 0.32892632484436035 s [/mnt/ioopt/appbench/apps/MLPerf-storage/dlio_benchmark/dlio_benchmark/utils/statscounter.py:325]
[INFO] 2025-05-04T19:09:52.081025 Rank 0 step 88 processed 5 samples in 0.3288254737854004 s [/mnt/ioopt/appbench/apps/MLPerf-storage/dlio_benchmark/dlio_benchmark/utils/statscounter.py:325]
[INFO] 2025-05-04T19:09:52.410313 Rank 0 step 89 processed 5 samples in 0.3287479877471924 s [/mnt/ioopt/appbench/apps/MLPerf-storage/dlio_benchmark/dlio_benchmark/utils/statscounter.py:325]
[INFO] 2025-05-04T19:09:52.739237 Rank 0 step 90 processed 5 samples in 0.32838964462280273 s [/mnt/ioopt/appbench/apps/MLPerf-storage/dlio_benchmark/dlio_benchmark/utils/statscounter.py:325]
[INFO] 2025-05-04T19:09:53.067984 Rank 0 step 91 processed 5 samples in 0.328277587890625 s [/mnt/ioopt/appbench/apps/MLPerf-storage/dlio_benchmark/dlio_benchmark/utils/statscounter.py:325]
[INFO] 2025-05-04T19:09:55.285157 Rank 0 step 92 processed 5 samples in 2.2167160511016846 s [/mnt/ioopt/appbench/apps/MLPerf-storage/dlio_benchmark/dlio_benchmark/utils/statscounter.py:325]
[INFO] 2025-05-04T19:09:57.149793 Rank 0 step 93 processed 5 samples in 1.8641793727874756 s [/mnt/ioopt/appbench/apps/MLPerf-storage/dlio_benchmark/dlio_benchmark/utils/statscounter.py:325]
[INFO] 2025-05-04T19:09:57.478562 Rank 0 step 94 processed 5 samples in 0.32824015617370605 s [/mnt/ioopt/appbench/apps/MLPerf-storage/dlio_benchmark/dlio_benchmark/utils/statscounter.py:325]
[INFO] 2025-05-04T19:09:57.806460 Rank 0 step 95 processed 5 samples in 0.3273608684539795 s [/mnt/ioopt/appbench/apps/MLPerf-storage/dlio_benchmark/dlio_benchmark/utils/statscounter.py:325]
[INFO] 2025-05-04T19:09:58.135226 Rank 0 step 96 processed 5 samples in 0.32824110984802246 s [/mnt/ioopt/appbench/apps/MLPerf-storage/dlio_benchmark/dlio_benchmark/utils/statscounter.py:325]
[INFO] 2025-05-04T19:09:58.464427 Rank 0 step 97 processed 5 samples in 0.3287322521209717 s [/mnt/ioopt/appbench/apps/MLPerf-storage/dlio_benchmark/dlio_benchmark/utils/statscounter.py:325]
[INFO] 2025-05-04T19:09:58.793190 Rank 0 step 98 processed 5 samples in 0.32828593254089355 s [/mnt/ioopt/appbench/apps/MLPerf-storage/dlio_benchmark/dlio_benchmark/utils/statscounter.py:325]
[INFO] 2025-05-04T19:10:25.862970 Rank 0 step 99 processed 5 samples in 27.069302082061768 s [/mnt/ioopt/appbench/apps/MLPerf-storage/dlio_benchmark/dlio_benchmark/utils/statscounter.py:325]
[INFO] 2025-05-04T19:10:26.190283 Rank 0 step 100 processed 5 samples in 0.32673192024230957 s [/mnt/ioopt/appbench/apps/MLPerf-storage/dlio_benchmark/dlio_benchmark/utils/statscounter.py:325]
[INFO] 2025-05-04T19:10:28.887997 Rank 0 step 101 processed 5 samples in 2.6972668170928955 s [/mnt/ioopt/appbench/apps/MLPerf-storage/dlio_benchmark/dlio_benchmark/utils/statscounter.py:325]
[INFO] 2025-05-04T19:10:29.216676 Rank 0 step 102 processed 5 samples in 0.32824015617370605 s [/mnt/ioopt/appbench/apps/MLPerf-storage/dlio_benchmark/dlio_benchmark/utils/statscounter.py:325]
[INFO] 2025-05-04T19:10:29.545574 Rank 0 step 103 processed 5 samples in 0.3284733295440674 s [/mnt/ioopt/appbench/apps/MLPerf-storage/dlio_benchmark/dlio_benchmark/utils/statscounter.py:325]
[INFO] 2025-05-04T19:10:29.874519 Rank 0 step 104 processed 5 samples in 0.3285355567932129 s [/mnt/ioopt/appbench/apps/MLPerf-storage/dlio_benchmark/dlio_benchmark/utils/statscounter.py:325]
[INFO] 2025-05-04T19:10:30.203396 Rank 0 step 105 processed 5 samples in 0.32848095893859863 s [/mnt/ioopt/appbench/apps/MLPerf-storage/dlio_benchmark/dlio_benchmark/utils/statscounter.py:325]
[INFO] 2025-05-04T19:10:32.839375 Rank 0 step 106 processed 5 samples in 2.6355724334716797 s [/mnt/ioopt/appbench/apps/MLPerf-storage/dlio_benchmark/dlio_benchmark/utils/statscounter.py:325]
[INFO] 2025-05-04T19:10:33.168066 Rank 0 step 107 processed 5 samples in 0.3282487392425537 s [/mnt/ioopt/appbench/apps/MLPerf-storage/dlio_benchmark/dlio_benchmark/utils/statscounter.py:325]
[INFO] 2025-05-04T19:10:39.653773 Rank 0 step 108 processed 5 samples in 6.485261917114258 s [/mnt/ioopt/appbench/apps/MLPerf-storage/dlio_benchmark/dlio_benchmark/utils/statscounter.py:325]
[INFO] 2025-05-04T19:10:39.994827 Rank 0 step 109 processed 5 samples in 0.33097100257873535 s [/mnt/ioopt/appbench/apps/MLPerf-storage/dlio_benchmark/dlio_benchmark/utils/statscounter.py:325]
[INFO] 2025-05-04T19:10:40.324293 Rank 0 step 110 processed 5 samples in 0.32881712913513184 s [/mnt/ioopt/appbench/apps/MLPerf-storage/dlio_benchmark/dlio_benchmark/utils/statscounter.py:325]
[INFO] 2025-05-04T19:10:40.653084 Rank 0 step 111 processed 5 samples in 0.3283534049987793 s [/mnt/ioopt/appbench/apps/MLPerf-storage/dlio_benchmark/dlio_benchmark/utils/statscounter.py:325]
[INFO] 2025-05-04T19:10:40.982171 Rank 0 step 112 processed 5 samples in 0.3286564350128174 s [/mnt/ioopt/appbench/apps/MLPerf-storage/dlio_benchmark/dlio_benchmark/utils/statscounter.py:325]
[INFO] 2025-05-04T19:10:41.311096 Rank 0 step 113 processed 5 samples in 0.3284628391265869 s [/mnt/ioopt/appbench/apps/MLPerf-storage/dlio_benchmark/dlio_benchmark/utils/statscounter.py:325]
[INFO] 2025-05-04T19:10:41.640216 Rank 0 step 114 processed 5 samples in 0.32868051528930664 s [/mnt/ioopt/appbench/apps/MLPerf-storage/dlio_benchmark/dlio_benchmark/utils/statscounter.py:325]
[INFO] 2025-05-04T19:11:10.088186 Rank 0 step 115 processed 5 samples in 28.447528839111328 s [/mnt/ioopt/appbench/apps/MLPerf-storage/dlio_benchmark/dlio_benchmark/utils/statscounter.py:325]
[INFO] 2025-05-04T19:11:10.417235 Rank 0 step 116 processed 5 samples in 0.3285844326019287 s [/mnt/ioopt/appbench/apps/MLPerf-storage/dlio_benchmark/dlio_benchmark/utils/statscounter.py:325]
[INFO] 2025-05-04T19:11:10.746220 Rank 0 step 117 processed 5 samples in 0.3285250663757324 s [/mnt/ioopt/appbench/apps/MLPerf-storage/dlio_benchmark/dlio_benchmark/utils/statscounter.py:325]
[INFO] 2025-05-04T19:11:11.075016 Rank 0 step 118 processed 5 samples in 0.32834386825561523 s [/mnt/ioopt/appbench/apps/MLPerf-storage/dlio_benchmark/dlio_benchmark/utils/statscounter.py:325]
[INFO] 2025-05-04T19:11:11.403821 Rank 0 step 119 processed 5 samples in 0.32835888862609863 s [/mnt/ioopt/appbench/apps/MLPerf-storage/dlio_benchmark/dlio_benchmark/utils/statscounter.py:325]
[INFO] 2025-05-04T19:11:11.739978 Rank 0 step 120 processed 5 samples in 0.3357057571411133 s [/mnt/ioopt/appbench/apps/MLPerf-storage/dlio_benchmark/dlio_benchmark/utils/statscounter.py:325]
[INFO] 2025-05-04T19:11:12.069008 Rank 0 step 121 processed 5 samples in 0.3285830020904541 s [/mnt/ioopt/appbench/apps/MLPerf-storage/dlio_benchmark/dlio_benchmark/utils/statscounter.py:325]
[INFO] 2025-05-04T19:11:12.397770 Rank 0 step 122 processed 5 samples in 0.3283121585845947 s [/mnt/ioopt/appbench/apps/MLPerf-storage/dlio_benchmark/dlio_benchmark/utils/statscounter.py:325]
[INFO] 2025-05-04T19:11:12.728659 Rank 0 step 123 processed 5 samples in 0.33046579360961914 s [/mnt/ioopt/appbench/apps/MLPerf-storage/dlio_benchmark/dlio_benchmark/utils/statscounter.py:325]
[INFO] 2025-05-04T19:11:13.783489 Rank 0 step 124 processed 5 samples in 1.054365873336792 s [/mnt/ioopt/appbench/apps/MLPerf-storage/dlio_benchmark/dlio_benchmark/utils/statscounter.py:325]
[INFO] 2025-05-04T19:11:14.687662 Rank 0 step 125 processed 5 samples in 0.9037115573883057 s [/mnt/ioopt/appbench/apps/MLPerf-storage/dlio_benchmark/dlio_benchmark/utils/statscounter.py:325]
[INFO] 2025-05-04T19:11:20.529582 Rank 0 step 126 processed 5 samples in 5.841314792633057 s [/mnt/ioopt/appbench/apps/MLPerf-storage/dlio_benchmark/dlio_benchmark/utils/statscounter.py:325]
[INFO] 2025-05-04T19:11:26.216853 Rank 0 step 127 processed 5 samples in 5.686797857284546 s [/mnt/ioopt/appbench/apps/MLPerf-storage/dlio_benchmark/dlio_benchmark/utils/statscounter.py:325]
[INFO] 2025-05-04T19:11:26.546264 Rank 0 step 128 processed 5 samples in 0.3288569450378418 s [/mnt/ioopt/appbench/apps/MLPerf-storage/dlio_benchmark/dlio_benchmark/utils/statscounter.py:325]
[INFO] 2025-05-04T19:11:26.875173 Rank 0 step 129 processed 5 samples in 0.3283975124359131 s [/mnt/ioopt/appbench/apps/MLPerf-storage/dlio_benchmark/dlio_benchmark/utils/statscounter.py:325]
[INFO] 2025-05-04T19:11:27.203988 Rank 0 step 130 processed 5 samples in 0.32834911346435547 s [/mnt/ioopt/appbench/apps/MLPerf-storage/dlio_benchmark/dlio_benchmark/utils/statscounter.py:325]
[INFO] 2025-05-04T19:11:42.546127 Rank 0 step 131 processed 5 samples in 15.341667413711548 s [/mnt/ioopt/appbench/apps/MLPerf-storage/dlio_benchmark/dlio_benchmark/utils/statscounter.py:325]
[INFO] 2025-05-04T19:11:46.070951 Rank 0 step 132 processed 5 samples in 3.5243239402770996 s [/mnt/ioopt/appbench/apps/MLPerf-storage/dlio_benchmark/dlio_benchmark/utils/statscounter.py:325]
[INFO] 2025-05-04T19:11:46.400464 Rank 0 step 133 processed 5 samples in 0.32894206047058105 s [/mnt/ioopt/appbench/apps/MLPerf-storage/dlio_benchmark/dlio_benchmark/utils/statscounter.py:325]
[INFO] 2025-05-04T19:11:48.258344 Rank 0 step 134 processed 5 samples in 1.8573901653289795 s [/mnt/ioopt/appbench/apps/MLPerf-storage/dlio_benchmark/dlio_benchmark/utils/statscounter.py:325]
[INFO] 2025-05-04T19:11:48.587214 Rank 0 step 135 processed 5 samples in 0.328310489654541 s [/mnt/ioopt/appbench/apps/MLPerf-storage/dlio_benchmark/dlio_benchmark/utils/statscounter.py:325]
[INFO] 2025-05-04T19:11:48.916488 Rank 0 step 136 processed 5 samples in 0.3287637233734131 s [/mnt/ioopt/appbench/apps/MLPerf-storage/dlio_benchmark/dlio_benchmark/utils/statscounter.py:325]
[INFO] 2025-05-04T19:11:49.245300 Rank 0 step 137 processed 5 samples in 0.32836079597473145 s [/mnt/ioopt/appbench/apps/MLPerf-storage/dlio_benchmark/dlio_benchmark/utils/statscounter.py:325]
[INFO] 2025-05-04T19:11:49.574372 Rank 0 step 138 processed 5 samples in 0.32862210273742676 s [/mnt/ioopt/appbench/apps/MLPerf-storage/dlio_benchmark/dlio_benchmark/utils/statscounter.py:325]
[INFO] 2025-05-04T19:11:49.908823 Rank 0 step 139 processed 5 samples in 0.3340010643005371 s [/mnt/ioopt/appbench/apps/MLPerf-storage/dlio_benchmark/dlio_benchmark/utils/statscounter.py:325]
[INFO] 2025-05-04T19:11:51.642394 Rank 0 step 140 processed 5 samples in 1.7328858375549316 s [/mnt/ioopt/appbench/apps/MLPerf-storage/dlio_benchmark/dlio_benchmark/utils/statscounter.py:325]
[INFO] 2025-05-04T19:11:54.830398 Rank 0 step 141 processed 5 samples in 3.187509536743164 s [/mnt/ioopt/appbench/apps/MLPerf-storage/dlio_benchmark/dlio_benchmark/utils/statscounter.py:325]
[INFO] 2025-05-04T19:11:55.159158 Rank 0 step 142 processed 5 samples in 0.32825469970703125 s [/mnt/ioopt/appbench/apps/MLPerf-storage/dlio_benchmark/dlio_benchmark/utils/statscounter.py:325]
[INFO] 2025-05-04T19:12:11.818826 Rank 0 step 143 processed 5 samples in 16.659348964691162 s [/mnt/ioopt/appbench/apps/MLPerf-storage/dlio_benchmark/dlio_benchmark/utils/statscounter.py:325]
[INFO] 2025-05-04T19:12:12.149011 Rank 0 step 144 processed 5 samples in 0.3296504020690918 s [/mnt/ioopt/appbench/apps/MLPerf-storage/dlio_benchmark/dlio_benchmark/utils/statscounter.py:325]
[INFO] 2025-05-04T19:12:12.478225 Rank 0 step 145 processed 5 samples in 0.32874512672424316 s [/mnt/ioopt/appbench/apps/MLPerf-storage/dlio_benchmark/dlio_benchmark/utils/statscounter.py:325]
[INFO] 2025-05-04T19:12:12.806927 Rank 0 step 146 processed 5 samples in 0.3282749652862549 s [/mnt/ioopt/appbench/apps/MLPerf-storage/dlio_benchmark/dlio_benchmark/utils/statscounter.py:325]
[INFO] 2025-05-04T19:12:24.155739 Rank 0 step 147 processed 5 samples in 11.348349332809448 s [/mnt/ioopt/appbench/apps/MLPerf-storage/dlio_benchmark/dlio_benchmark/utils/statscounter.py:325]
[INFO] 2025-05-04T19:12:26.444355 Rank 0 step 148 processed 5 samples in 2.28814959526062 s [/mnt/ioopt/appbench/apps/MLPerf-storage/dlio_benchmark/dlio_benchmark/utils/statscounter.py:325]
[INFO] 2025-05-04T19:12:28.079793 Rank 0 step 149 processed 5 samples in 1.6349201202392578 s [/mnt/ioopt/appbench/apps/MLPerf-storage/dlio_benchmark/dlio_benchmark/utils/statscounter.py:325]
[INFO] 2025-05-04T19:12:28.408671 Rank 0 step 150 processed 5 samples in 0.32836365699768066 s [/mnt/ioopt/appbench/apps/MLPerf-storage/dlio_benchmark/dlio_benchmark/utils/statscounter.py:325]
[INFO] 2025-05-04T19:12:32.072268 Rank 0 step 151 processed 5 samples in 3.663184881210327 s [/mnt/ioopt/appbench/apps/MLPerf-storage/dlio_benchmark/dlio_benchmark/utils/statscounter.py:325]
[INFO] 2025-05-04T19:12:32.401138 Rank 0 step 152 processed 5 samples in 0.3284125328063965 s [/mnt/ioopt/appbench/apps/MLPerf-storage/dlio_benchmark/dlio_benchmark/utils/statscounter.py:325]
[INFO] 2025-05-04T19:12:32.729906 Rank 0 step 153 processed 5 samples in 0.3283243179321289 s [/mnt/ioopt/appbench/apps/MLPerf-storage/dlio_benchmark/dlio_benchmark/utils/statscounter.py:325]
[INFO] 2025-05-04T19:12:33.058972 Rank 0 step 154 processed 5 samples in 0.32862329483032227 s [/mnt/ioopt/appbench/apps/MLPerf-storage/dlio_benchmark/dlio_benchmark/utils/statscounter.py:325]
[INFO] 2025-05-04T19:12:33.387726 Rank 0 step 155 processed 5 samples in 0.3283119201660156 s [/mnt/ioopt/appbench/apps/MLPerf-storage/dlio_benchmark/dlio_benchmark/utils/statscounter.py:325]
[INFO] 2025-05-04T19:12:33.716484 Rank 0 step 156 processed 5 samples in 0.32831549644470215 s [/mnt/ioopt/appbench/apps/MLPerf-storage/dlio_benchmark/dlio_benchmark/utils/statscounter.py:325]
[INFO] 2025-05-04T19:12:34.045371 Rank 0 step 157 processed 5 samples in 0.3284738063812256 s [/mnt/ioopt/appbench/apps/MLPerf-storage/dlio_benchmark/dlio_benchmark/utils/statscounter.py:325]
[INFO] 2025-05-04T19:12:34.376167 Rank 0 step 158 processed 5 samples in 0.3303976058959961 s [/mnt/ioopt/appbench/apps/MLPerf-storage/dlio_benchmark/dlio_benchmark/utils/statscounter.py:325]
[INFO] 2025-05-04T19:12:48.291275 Rank 0 step 159 processed 5 samples in 13.914666891098022 s [/mnt/ioopt/appbench/apps/MLPerf-storage/dlio_benchmark/dlio_benchmark/utils/statscounter.py:325]
[INFO] 2025-05-04T19:12:48.620532 Rank 0 step 160 processed 5 samples in 0.32869720458984375 s [/mnt/ioopt/appbench/apps/MLPerf-storage/dlio_benchmark/dlio_benchmark/utils/statscounter.py:325]
[INFO] 2025-05-04T19:12:48.949564 Rank 0 step 161 processed 5 samples in 0.3284785747528076 s [/mnt/ioopt/appbench/apps/MLPerf-storage/dlio_benchmark/dlio_benchmark/utils/statscounter.py:325]
[INFO] 2025-05-04T19:12:50.860286 Rank 0 step 162 processed 5 samples in 1.9102418422698975 s [/mnt/ioopt/appbench/apps/MLPerf-storage/dlio_benchmark/dlio_benchmark/utils/statscounter.py:325]
[INFO] 2025-05-04T19:12:58.394285 Rank 0 step 163 processed 5 samples in 7.5335094928741455 s [/mnt/ioopt/appbench/apps/MLPerf-storage/dlio_benchmark/dlio_benchmark/utils/statscounter.py:325]
[INFO] 2025-05-04T19:13:03.306157 Rank 0 step 164 processed 5 samples in 4.91138482093811 s [/mnt/ioopt/appbench/apps/MLPerf-storage/dlio_benchmark/dlio_benchmark/utils/statscounter.py:325]
[INFO] 2025-05-04T19:13:03.634777 Rank 0 step 165 processed 5 samples in 0.3281428813934326 s [/mnt/ioopt/appbench/apps/MLPerf-storage/dlio_benchmark/dlio_benchmark/utils/statscounter.py:325]
[INFO] 2025-05-04T19:13:03.963554 Rank 0 step 166 processed 5 samples in 0.32831740379333496 s [/mnt/ioopt/appbench/apps/MLPerf-storage/dlio_benchmark/dlio_benchmark/utils/statscounter.py:325]
[INFO] 2025-05-04T19:13:07.179172 Rank 0 step 167 processed 5 samples in 3.215083599090576 s [/mnt/ioopt/appbench/apps/MLPerf-storage/dlio_benchmark/dlio_benchmark/utils/statscounter.py:325]
[INFO] 2025-05-04T19:13:07.508029 Rank 0 step 168 processed 5 samples in 0.32833385467529297 s [/mnt/ioopt/appbench/apps/MLPerf-storage/dlio_benchmark/dlio_benchmark/utils/statscounter.py:325]
[INFO] 2025-05-04T19:13:07.836871 Rank 0 step 169 processed 5 samples in 0.32838988304138184 s [/mnt/ioopt/appbench/apps/MLPerf-storage/dlio_benchmark/dlio_benchmark/utils/statscounter.py:325]
[INFO] 2025-05-04T19:13:08.165979 Rank 0 step 170 processed 5 samples in 0.32865428924560547 s [/mnt/ioopt/appbench/apps/MLPerf-storage/dlio_benchmark/dlio_benchmark/utils/statscounter.py:325]
[INFO] 2025-05-04T19:13:10.313272 Rank 0 step 171 processed 5 samples in 2.1468353271484375 s [/mnt/ioopt/appbench/apps/MLPerf-storage/dlio_benchmark/dlio_benchmark/utils/statscounter.py:325]
[INFO] 2025-05-04T19:13:13.821442 Rank 0 step 172 processed 5 samples in 3.5076820850372314 s [/mnt/ioopt/appbench/apps/MLPerf-storage/dlio_benchmark/dlio_benchmark/utils/statscounter.py:325]
[INFO] 2025-05-04T19:13:14.150365 Rank 0 step 173 processed 5 samples in 0.328458309173584 s [/mnt/ioopt/appbench/apps/MLPerf-storage/dlio_benchmark/dlio_benchmark/utils/statscounter.py:325]
[INFO] 2025-05-04T19:13:14.479214 Rank 0 step 174 processed 5 samples in 0.32839536666870117 s [/mnt/ioopt/appbench/apps/MLPerf-storage/dlio_benchmark/dlio_benchmark/utils/statscounter.py:325]
[INFO] 2025-05-04T19:13:27.081344 Rank 0 step 175 processed 5 samples in 12.601677656173706 s [/mnt/ioopt/appbench/apps/MLPerf-storage/dlio_benchmark/dlio_benchmark/utils/statscounter.py:325]
[INFO] 2025-05-04T19:13:27.410178 Rank 0 step 176 processed 5 samples in 0.328352689743042 s [/mnt/ioopt/appbench/apps/MLPerf-storage/dlio_benchmark/dlio_benchmark/utils/statscounter.py:325]
[INFO] 2025-05-04T19:13:27.739337 Rank 0 step 177 processed 5 samples in 0.3287017345428467 s [/mnt/ioopt/appbench/apps/MLPerf-storage/dlio_benchmark/dlio_benchmark/utils/statscounter.py:325]
[INFO] 2025-05-04T19:13:28.068159 Rank 0 step 178 processed 5 samples in 0.3283677101135254 s [/mnt/ioopt/appbench/apps/MLPerf-storage/dlio_benchmark/dlio_benchmark/utils/statscounter.py:325]
[INFO] 2025-05-04T19:13:32.329408 Rank 0 step 179 processed 5 samples in 4.260794401168823 s [/mnt/ioopt/appbench/apps/MLPerf-storage/dlio_benchmark/dlio_benchmark/utils/statscounter.py:325]
[INFO] 2025-05-04T19:13:34.213911 Rank 0 step 180 processed 5 samples in 1.8840229511260986 s [/mnt/ioopt/appbench/apps/MLPerf-storage/dlio_benchmark/dlio_benchmark/utils/statscounter.py:325]
[INFO] 2025-05-04T19:13:34.543378 Rank 0 step 181 processed 5 samples in 0.32891249656677246 s [/mnt/ioopt/appbench/apps/MLPerf-storage/dlio_benchmark/dlio_benchmark/utils/statscounter.py:325]
[INFO] 2025-05-04T19:13:37.795972 Rank 0 step 182 processed 5 samples in 3.252052068710327 s [/mnt/ioopt/appbench/apps/MLPerf-storage/dlio_benchmark/dlio_benchmark/utils/statscounter.py:325]
[INFO] 2025-05-04T19:13:41.823078 Rank 0 step 183 processed 5 samples in 4.0265586376190186 s [/mnt/ioopt/appbench/apps/MLPerf-storage/dlio_benchmark/dlio_benchmark/utils/statscounter.py:325]
[INFO] 2025-05-04T19:13:42.151904 Rank 0 step 184 processed 5 samples in 0.32831430435180664 s [/mnt/ioopt/appbench/apps/MLPerf-storage/dlio_benchmark/dlio_benchmark/utils/statscounter.py:325]
[INFO] 2025-05-04T19:13:42.482147 Rank 0 step 185 processed 5 samples in 0.3297579288482666 s [/mnt/ioopt/appbench/apps/MLPerf-storage/dlio_benchmark/dlio_benchmark/utils/statscounter.py:325]
[INFO] 2025-05-04T19:13:42.813576 Rank 0 step 186 processed 5 samples in 0.3303675651550293 s [/mnt/ioopt/appbench/apps/MLPerf-storage/dlio_benchmark/dlio_benchmark/utils/statscounter.py:325]
[INFO] 2025-05-04T19:13:47.693623 Rank 0 step 187 processed 5 samples in 4.879573106765747 s [/mnt/ioopt/appbench/apps/MLPerf-storage/dlio_benchmark/dlio_benchmark/utils/statscounter.py:325]
[INFO] 2025-05-04T19:13:48.024449 Rank 0 step 188 processed 5 samples in 0.33033251762390137 s [/mnt/ioopt/appbench/apps/MLPerf-storage/dlio_benchmark/dlio_benchmark/utils/statscounter.py:325]
[INFO] 2025-05-04T19:13:54.778651 Rank 0 step 189 processed 5 samples in 6.699456453323364 s [/mnt/ioopt/appbench/apps/MLPerf-storage/dlio_benchmark/dlio_benchmark/utils/statscounter.py:325]
[INFO] 2025-05-04T19:13:55.109256 Rank 0 step 190 processed 5 samples in 0.3300971984863281 s [/mnt/ioopt/appbench/apps/MLPerf-storage/dlio_benchmark/dlio_benchmark/utils/statscounter.py:325]
[INFO] 2025-05-04T19:13:59.312881 Rank 0 step 191 processed 5 samples in 4.203168869018555 s [/mnt/ioopt/appbench/apps/MLPerf-storage/dlio_benchmark/dlio_benchmark/utils/statscounter.py:325]
[INFO] 2025-05-04T19:14:00.899700 Rank 0 step 192 processed 5 samples in 1.5863113403320312 s [/mnt/ioopt/appbench/apps/MLPerf-storage/dlio_benchmark/dlio_benchmark/utils/statscounter.py:325]
[INFO] 2025-05-04T19:14:14.187392 Rank 0 step 193 processed 5 samples in 13.287191152572632 s [/mnt/ioopt/appbench/apps/MLPerf-storage/dlio_benchmark/dlio_benchmark/utils/statscounter.py:325]
[INFO] 2025-05-04T19:14:14.516300 Rank 0 step 194 processed 5 samples in 0.3283970355987549 s [/mnt/ioopt/appbench/apps/MLPerf-storage/dlio_benchmark/dlio_benchmark/utils/statscounter.py:325]
[INFO] 2025-05-04T19:14:19.315194 Rank 0 step 195 processed 5 samples in 4.798430442810059 s [/mnt/ioopt/appbench/apps/MLPerf-storage/dlio_benchmark/dlio_benchmark/utils/statscounter.py:325]
[INFO] 2025-05-04T19:14:19.644264 Rank 0 step 196 processed 5 samples in 0.3285965919494629 s [/mnt/ioopt/appbench/apps/MLPerf-storage/dlio_benchmark/dlio_benchmark/utils/statscounter.py:325]
[INFO] 2025-05-04T19:14:19.973071 Rank 0 step 197 processed 5 samples in 0.3283522129058838 s [/mnt/ioopt/appbench/apps/MLPerf-storage/dlio_benchmark/dlio_benchmark/utils/statscounter.py:325]
[INFO] 2025-05-04T19:14:20.303227 Rank 0 step 198 processed 5 samples in 0.3296945095062256 s [/mnt/ioopt/appbench/apps/MLPerf-storage/dlio_benchmark/dlio_benchmark/utils/statscounter.py:325]
[INFO] 2025-05-04T19:14:20.632638 Rank 0 step 199 processed 5 samples in 0.32886481285095215 s [/mnt/ioopt/appbench/apps/MLPerf-storage/dlio_benchmark/dlio_benchmark/utils/statscounter.py:325]
[INFO] 2025-05-04T19:14:27.221459 Rank 0 step 200 processed 5 samples in 6.588278770446777 s [/mnt/ioopt/appbench/apps/MLPerf-storage/dlio_benchmark/dlio_benchmark/utils/statscounter.py:325]
[INFO] 2025-05-04T19:14:27.550752 Rank 0 step 201 processed 5 samples in 0.32880449295043945 s [/mnt/ioopt/appbench/apps/MLPerf-storage/dlio_benchmark/dlio_benchmark/utils/statscounter.py:325]
[INFO] 2025-05-04T19:14:27.879945 Rank 0 step 202 processed 5 samples in 0.3287026882171631 s [/mnt/ioopt/appbench/apps/MLPerf-storage/dlio_benchmark/dlio_benchmark/utils/statscounter.py:325]
[INFO] 2025-05-04T19:14:28.208807 Rank 0 step 203 processed 5 samples in 0.3283963203430176 s [/mnt/ioopt/appbench/apps/MLPerf-storage/dlio_benchmark/dlio_benchmark/utils/statscounter.py:325]
[INFO] 2025-05-04T19:14:31.133607 Rank 0 step 204 processed 5 samples in 2.92434024810791 s [/mnt/ioopt/appbench/apps/MLPerf-storage/dlio_benchmark/dlio_benchmark/utils/statscounter.py:325]
[INFO] 2025-05-04T19:14:31.462783 Rank 0 step 205 processed 5 samples in 0.3286919593811035 s [/mnt/ioopt/appbench/apps/MLPerf-storage/dlio_benchmark/dlio_benchmark/utils/statscounter.py:325]
[INFO] 2025-05-04T19:14:32.165642 Rank 0 step 206 processed 5 samples in 0.7023828029632568 s [/mnt/ioopt/appbench/apps/MLPerf-storage/dlio_benchmark/dlio_benchmark/utils/statscounter.py:325]
[INFO] 2025-05-04T19:14:35.946860 Rank 0 step 207 processed 5 samples in 3.7807722091674805 s [/mnt/ioopt/appbench/apps/MLPerf-storage/dlio_benchmark/dlio_benchmark/utils/statscounter.py:325]
[INFO] 2025-05-04T19:14:36.275683 Rank 0 step 208 processed 5 samples in 0.3282968997955322 s [/mnt/ioopt/appbench/apps/MLPerf-storage/dlio_benchmark/dlio_benchmark/utils/statscounter.py:325]
[INFO] 2025-05-04T19:14:45.439342 Rank 0 step 209 processed 5 samples in 9.163153171539307 s [/mnt/ioopt/appbench/apps/MLPerf-storage/dlio_benchmark/dlio_benchmark/utils/statscounter.py:325]
[INFO] 2025-05-04T19:14:49.277774 Rank 0 step 210 processed 5 samples in 3.8379151821136475 s [/mnt/ioopt/appbench/apps/MLPerf-storage/dlio_benchmark/dlio_benchmark/utils/statscounter.py:325]
[INFO] 2025-05-04T19:14:52.627664 Rank 0 step 211 processed 5 samples in 3.3494319915771484 s [/mnt/ioopt/appbench/apps/MLPerf-storage/dlio_benchmark/dlio_benchmark/utils/statscounter.py:325]
[INFO] 2025-05-04T19:14:58.639285 Rank 0 step 212 processed 5 samples in 6.011149883270264 s [/mnt/ioopt/appbench/apps/MLPerf-storage/dlio_benchmark/dlio_benchmark/utils/statscounter.py:325]
[INFO] 2025-05-04T19:15:00.078922 Rank 0 step 213 processed 5 samples in 1.439098596572876 s [/mnt/ioopt/appbench/apps/MLPerf-storage/dlio_benchmark/dlio_benchmark/utils/statscounter.py:325]
[INFO] 2025-05-04T19:15:00.408440 Rank 0 step 214 processed 5 samples in 0.32877421379089355 s [/mnt/ioopt/appbench/apps/MLPerf-storage/dlio_benchmark/dlio_benchmark/utils/statscounter.py:325]
[INFO] 2025-05-04T19:15:00.737274 Rank 0 step 215 processed 5 samples in 0.3283669948577881 s [/mnt/ioopt/appbench/apps/MLPerf-storage/dlio_benchmark/dlio_benchmark/utils/statscounter.py:325]
[INFO] 2025-05-04T19:15:01.066144 Rank 0 step 216 processed 5 samples in 0.32843017578125 s [/mnt/ioopt/appbench/apps/MLPerf-storage/dlio_benchmark/dlio_benchmark/utils/statscounter.py:325]
[INFO] 2025-05-04T19:15:01.395279 Rank 0 step 217 processed 5 samples in 0.3286771774291992 s [/mnt/ioopt/appbench/apps/MLPerf-storage/dlio_benchmark/dlio_benchmark/utils/statscounter.py:325]
[INFO] 2025-05-04T19:15:12.526159 Rank 0 step 218 processed 5 samples in 11.130436897277832 s [/mnt/ioopt/appbench/apps/MLPerf-storage/dlio_benchmark/dlio_benchmark/utils/statscounter.py:325]
[INFO] 2025-05-04T19:15:12.855054 Rank 0 step 219 processed 5 samples in 0.32838988304138184 s [/mnt/ioopt/appbench/apps/MLPerf-storage/dlio_benchmark/dlio_benchmark/utils/statscounter.py:325]
[INFO] 2025-05-04T19:15:13.185691 Rank 0 step 220 processed 5 samples in 0.3301525115966797 s [/mnt/ioopt/appbench/apps/MLPerf-storage/dlio_benchmark/dlio_benchmark/utils/statscounter.py:325]
[INFO] 2025-05-04T19:15:13.517328 Rank 0 step 221 processed 5 samples in 0.3311777114868164 s [/mnt/ioopt/appbench/apps/MLPerf-storage/dlio_benchmark/dlio_benchmark/utils/statscounter.py:325]
[INFO] 2025-05-04T19:15:13.847154 Rank 0 step 222 processed 5 samples in 0.32911133766174316 s [/mnt/ioopt/appbench/apps/MLPerf-storage/dlio_benchmark/dlio_benchmark/utils/statscounter.py:325]
[INFO] 2025-05-04T19:15:14.273874 Rank 0 step 223 processed 5 samples in 0.4262115955352783 s [/mnt/ioopt/appbench/apps/MLPerf-storage/dlio_benchmark/dlio_benchmark/utils/statscounter.py:325]
[INFO] 2025-05-04T19:15:14.602937 Rank 0 step 224 processed 5 samples in 0.3285634517669678 s [/mnt/ioopt/appbench/apps/MLPerf-storage/dlio_benchmark/dlio_benchmark/utils/statscounter.py:325]
[INFO] 2025-05-04T19:15:21.098252 Rank 0 step 225 processed 5 samples in 6.494821071624756 s [/mnt/ioopt/appbench/apps/MLPerf-storage/dlio_benchmark/dlio_benchmark/utils/statscounter.py:325]
[INFO] 2025-05-04T19:15:37.669944 Rank 0 step 226 processed 5 samples in 16.571205854415894 s [/mnt/ioopt/appbench/apps/MLPerf-storage/dlio_benchmark/dlio_benchmark/utils/statscounter.py:325]
[INFO] 2025-05-04T19:15:37.996241 Rank 0 step 227 processed 5 samples in 0.32596540451049805 s [/mnt/ioopt/appbench/apps/MLPerf-storage/dlio_benchmark/dlio_benchmark/utils/statscounter.py:325]
[INFO] 2025-05-04T19:15:40.474740 Rank 0 step 228 processed 5 samples in 2.4780466556549072 s [/mnt/ioopt/appbench/apps/MLPerf-storage/dlio_benchmark/dlio_benchmark/utils/statscounter.py:325]
[INFO] 2025-05-04T19:15:40.803848 Rank 0 step 229 processed 5 samples in 0.32861757278442383 s [/mnt/ioopt/appbench/apps/MLPerf-storage/dlio_benchmark/dlio_benchmark/utils/statscounter.py:325]
[INFO] 2025-05-04T19:15:44.450306 Rank 0 step 230 processed 5 samples in 3.645995616912842 s [/mnt/ioopt/appbench/apps/MLPerf-storage/dlio_benchmark/dlio_benchmark/utils/statscounter.py:325]
[INFO] 2025-05-04T19:15:44.779280 Rank 0 step 231 processed 5 samples in 0.32842373847961426 s [/mnt/ioopt/appbench/apps/MLPerf-storage/dlio_benchmark/dlio_benchmark/utils/statscounter.py:325]
[INFO] 2025-05-04T19:15:45.494249 Rank 0 step 232 processed 5 samples in 0.7144103050231934 s [/mnt/ioopt/appbench/apps/MLPerf-storage/dlio_benchmark/dlio_benchmark/utils/statscounter.py:325]
[INFO] 2025-05-04T19:15:45.823232 Rank 0 step 233 processed 5 samples in 0.32848310470581055 s [/mnt/ioopt/appbench/apps/MLPerf-storage/dlio_benchmark/dlio_benchmark/utils/statscounter.py:325]
[INFO] 2025-05-04T19:15:48.004023 Rank 0 step 234 processed 5 samples in 2.1803250312805176 s [/mnt/ioopt/appbench/apps/MLPerf-storage/dlio_benchmark/dlio_benchmark/utils/statscounter.py:325]
[INFO] 2025-05-04T19:15:48.332911 Rank 0 step 235 processed 5 samples in 0.32840919494628906 s [/mnt/ioopt/appbench/apps/MLPerf-storage/dlio_benchmark/dlio_benchmark/utils/statscounter.py:325]
[INFO] 2025-05-04T19:15:48.662059 Rank 0 step 236 processed 5 samples in 0.32868313789367676 s [/mnt/ioopt/appbench/apps/MLPerf-storage/dlio_benchmark/dlio_benchmark/utils/statscounter.py:325]
[INFO] 2025-05-04T19:15:51.952366 Rank 0 step 237 processed 5 samples in 3.289841651916504 s [/mnt/ioopt/appbench/apps/MLPerf-storage/dlio_benchmark/dlio_benchmark/utils/statscounter.py:325]
[INFO] 2025-05-04T19:15:52.281235 Rank 0 step 238 processed 5 samples in 0.3283579349517822 s [/mnt/ioopt/appbench/apps/MLPerf-storage/dlio_benchmark/dlio_benchmark/utils/statscounter.py:325]
[INFO] 2025-05-04T19:15:52.985467 Rank 0 step 239 processed 5 samples in 0.7037777900695801 s [/mnt/ioopt/appbench/apps/MLPerf-storage/dlio_benchmark/dlio_benchmark/utils/statscounter.py:325]
[INFO] 2025-05-04T19:15:57.557670 Rank 0 step 240 processed 5 samples in 4.571716547012329 s [/mnt/ioopt/appbench/apps/MLPerf-storage/dlio_benchmark/dlio_benchmark/utils/statscounter.py:325]
[INFO] 2025-05-04T19:16:02.175289 Rank 0 step 241 processed 5 samples in 4.61710000038147 s [/mnt/ioopt/appbench/apps/MLPerf-storage/dlio_benchmark/dlio_benchmark/utils/statscounter.py:325]
[INFO] 2025-05-04T19:16:25.048907 Rank 0 step 242 processed 5 samples in 22.873049020767212 s [/mnt/ioopt/appbench/apps/MLPerf-storage/dlio_benchmark/dlio_benchmark/utils/statscounter.py:325]
[INFO] 2025-05-04T19:16:26.096769 Rank 0 step 243 processed 5 samples in 1.0471129417419434 s [/mnt/ioopt/appbench/apps/MLPerf-storage/dlio_benchmark/dlio_benchmark/utils/statscounter.py:325]
[INFO] 2025-05-04T19:16:26.426353 Rank 0 step 244 processed 5 samples in 0.32911109924316406 s [/mnt/ioopt/appbench/apps/MLPerf-storage/dlio_benchmark/dlio_benchmark/utils/statscounter.py:325]
[INFO] 2025-05-04T19:16:26.755217 Rank 0 step 245 processed 5 samples in 0.3284022808074951 s [/mnt/ioopt/appbench/apps/MLPerf-storage/dlio_benchmark/dlio_benchmark/utils/statscounter.py:325]
[INFO] 2025-05-04T19:16:27.088694 Rank 0 step 246 processed 5 samples in 0.3330223560333252 s [/mnt/ioopt/appbench/apps/MLPerf-storage/dlio_benchmark/dlio_benchmark/utils/statscounter.py:325]
[INFO] 2025-05-04T19:16:27.417884 Rank 0 step 247 processed 5 samples in 0.3286752700805664 s [/mnt/ioopt/appbench/apps/MLPerf-storage/dlio_benchmark/dlio_benchmark/utils/statscounter.py:325]
[INFO] 2025-05-04T19:16:27.746887 Rank 0 step 248 processed 5 samples in 0.32849812507629395 s [/mnt/ioopt/appbench/apps/MLPerf-storage/dlio_benchmark/dlio_benchmark/utils/statscounter.py:325]
[INFO] 2025-05-04T19:16:28.075587 Rank 0 step 249 processed 5 samples in 0.3282318115234375 s [/mnt/ioopt/appbench/apps/MLPerf-storage/dlio_benchmark/dlio_benchmark/utils/statscounter.py:325]
[INFO] 2025-05-04T19:16:29.889515 Rank 0 step 250 processed 5 samples in 1.813493013381958 s [/mnt/ioopt/appbench/apps/MLPerf-storage/dlio_benchmark/dlio_benchmark/utils/statscounter.py:325]
[INFO] 2025-05-04T19:16:30.218651 Rank 0 step 251 processed 5 samples in 0.3286726474761963 s [/mnt/ioopt/appbench/apps/MLPerf-storage/dlio_benchmark/dlio_benchmark/utils/statscounter.py:325]
[INFO] 2025-05-04T19:16:30.648999 Rank 0 step 252 processed 5 samples in 0.3283576965332031 s [/mnt/ioopt/appbench/apps/MLPerf-storage/dlio_benchmark/dlio_benchmark/utils/statscounter.py:325]
[INFO] 2025-05-04T19:16:30.982005 Rank 0 step 253 processed 5 samples in 0.3325948715209961 s [/mnt/ioopt/appbench/apps/MLPerf-storage/dlio_benchmark/dlio_benchmark/utils/statscounter.py:325]
[INFO] 2025-05-04T19:16:34.138314 Rank 0 step 254 processed 5 samples in 3.1558055877685547 s [/mnt/ioopt/appbench/apps/MLPerf-storage/dlio_benchmark/dlio_benchmark/utils/statscounter.py:325]
[INFO] 2025-05-04T19:16:34.467316 Rank 0 step 255 processed 5 samples in 0.3284924030303955 s [/mnt/ioopt/appbench/apps/MLPerf-storage/dlio_benchmark/dlio_benchmark/utils/statscounter.py:325]
[INFO] 2025-05-04T19:16:34.794719 Rank 0 step 256 processed 5 samples in 0.32701754570007324 s [/mnt/ioopt/appbench/apps/MLPerf-storage/dlio_benchmark/dlio_benchmark/utils/statscounter.py:325]
[INFO] 2025-05-04T19:16:35.123539 Rank 0 step 257 processed 5 samples in 0.3283505439758301 s [/mnt/ioopt/appbench/apps/MLPerf-storage/dlio_benchmark/dlio_benchmark/utils/statscounter.py:325]
[INFO] 2025-05-04T19:17:01.598615 Rank 0 step 258 processed 5 samples in 26.474764585494995 s [/mnt/ioopt/appbench/apps/MLPerf-storage/dlio_benchmark/dlio_benchmark/utils/statscounter.py:325]
[INFO] 2025-05-04T19:17:01.927652 Rank 0 step 259 processed 5 samples in 0.3285396099090576 s [/mnt/ioopt/appbench/apps/MLPerf-storage/dlio_benchmark/dlio_benchmark/utils/statscounter.py:325]
[INFO] 2025-05-04T19:17:02.256051 Rank 0 step 260 processed 5 samples in 0.32794618606567383 s [/mnt/ioopt/appbench/apps/MLPerf-storage/dlio_benchmark/dlio_benchmark/utils/statscounter.py:325]
[INFO] 2025-05-04T19:17:03.513544 Rank 0 step 261 processed 5 samples in 1.2570126056671143 s [/mnt/ioopt/appbench/apps/MLPerf-storage/dlio_benchmark/dlio_benchmark/utils/statscounter.py:325]
[INFO] 2025-05-04T19:17:03.840099 Rank 0 step 262 processed 5 samples in 0.32627105712890625 s [/mnt/ioopt/appbench/apps/MLPerf-storage/dlio_benchmark/dlio_benchmark/utils/statscounter.py:325]
[INFO] 2025-05-04T19:17:04.166311 Rank 0 step 263 processed 5 samples in 0.32598376274108887 s [/mnt/ioopt/appbench/apps/MLPerf-storage/dlio_benchmark/dlio_benchmark/utils/statscounter.py:325]
[INFO] 2025-05-04T19:17:05.818674 Rank 0 step 264 processed 5 samples in 1.651900053024292 s [/mnt/ioopt/appbench/apps/MLPerf-storage/dlio_benchmark/dlio_benchmark/utils/statscounter.py:325]
[INFO] 2025-05-04T19:17:06.146724 Rank 0 step 265 processed 5 samples in 0.3276028633117676 s [/mnt/ioopt/appbench/apps/MLPerf-storage/dlio_benchmark/dlio_benchmark/utils/statscounter.py:325]
[INFO] 2025-05-04T19:17:06.475601 Rank 0 step 266 processed 5 samples in 0.3283712863922119 s [/mnt/ioopt/appbench/apps/MLPerf-storage/dlio_benchmark/dlio_benchmark/utils/statscounter.py:325]
[INFO] 2025-05-04T19:17:06.804416 Rank 0 step 267 processed 5 samples in 0.32836365699768066 s [/mnt/ioopt/appbench/apps/MLPerf-storage/dlio_benchmark/dlio_benchmark/utils/statscounter.py:325]
[INFO] 2025-05-04T19:17:07.133620 Rank 0 step 268 processed 5 samples in 0.328599214553833 s [/mnt/ioopt/appbench/apps/MLPerf-storage/dlio_benchmark/dlio_benchmark/utils/statscounter.py:325]
[INFO] 2025-05-04T19:17:13.229575 Rank 0 step 269 processed 5 samples in 6.095499515533447 s [/mnt/ioopt/appbench/apps/MLPerf-storage/dlio_benchmark/dlio_benchmark/utils/statscounter.py:325]
[INFO] 2025-05-04T19:17:13.558516 Rank 0 step 270 processed 5 samples in 0.3284146785736084 s [/mnt/ioopt/appbench/apps/MLPerf-storage/dlio_benchmark/dlio_benchmark/utils/statscounter.py:325]
[INFO] 2025-05-04T19:17:13.887594 Rank 0 step 271 processed 5 samples in 0.3285946846008301 s [/mnt/ioopt/appbench/apps/MLPerf-storage/dlio_benchmark/dlio_benchmark/utils/statscounter.py:325]
[INFO] 2025-05-04T19:17:14.216625 Rank 0 step 272 processed 5 samples in 0.32853031158447266 s [/mnt/ioopt/appbench/apps/MLPerf-storage/dlio_benchmark/dlio_benchmark/utils/statscounter.py:325]
[INFO] 2025-05-04T19:17:14.545569 Rank 0 step 273 processed 5 samples in 0.32840967178344727 s [/mnt/ioopt/appbench/apps/MLPerf-storage/dlio_benchmark/dlio_benchmark/utils/statscounter.py:325]
[INFO] 2025-05-04T19:17:37.005087 Rank 0 step 274 processed 5 samples in 22.459052562713623 s [/mnt/ioopt/appbench/apps/MLPerf-storage/dlio_benchmark/dlio_benchmark/utils/statscounter.py:325]
[INFO] 2025-05-04T19:17:37.334031 Rank 0 step 275 processed 5 samples in 0.32846546173095703 s [/mnt/ioopt/appbench/apps/MLPerf-storage/dlio_benchmark/dlio_benchmark/utils/statscounter.py:325]
[INFO] 2025-05-04T19:17:37.663136 Rank 0 step 276 processed 5 samples in 0.3286757469177246 s [/mnt/ioopt/appbench/apps/MLPerf-storage/dlio_benchmark/dlio_benchmark/utils/statscounter.py:325]
[INFO] 2025-05-04T19:17:37.991766 Rank 0 step 277 processed 5 samples in 0.3281993865966797 s [/mnt/ioopt/appbench/apps/MLPerf-storage/dlio_benchmark/dlio_benchmark/utils/statscounter.py:325]
[INFO] 2025-05-04T19:17:38.320510 Rank 0 step 278 processed 5 samples in 0.32831430435180664 s [/mnt/ioopt/appbench/apps/MLPerf-storage/dlio_benchmark/dlio_benchmark/utils/statscounter.py:325]
[INFO] 2025-05-04T19:17:38.649546 Rank 0 step 279 processed 5 samples in 0.3285801410675049 s [/mnt/ioopt/appbench/apps/MLPerf-storage/dlio_benchmark/dlio_benchmark/utils/statscounter.py:325]
[INFO] 2025-05-04T19:17:39.895666 Rank 0 step 280 processed 5 samples in 1.2456846237182617 s [/mnt/ioopt/appbench/apps/MLPerf-storage/dlio_benchmark/dlio_benchmark/utils/statscounter.py:325]
[INFO] 2025-05-04T19:17:46.085373 Rank 0 step 281 processed 5 samples in 6.189234256744385 s [/mnt/ioopt/appbench/apps/MLPerf-storage/dlio_benchmark/dlio_benchmark/utils/statscounter.py:325]
[INFO] 2025-05-04T19:17:46.414356 Rank 0 step 282 processed 5 samples in 0.3284175395965576 s [/mnt/ioopt/appbench/apps/MLPerf-storage/dlio_benchmark/dlio_benchmark/utils/statscounter.py:325]
[INFO] 2025-05-04T19:17:46.743258 Rank 0 step 283 processed 5 samples in 0.32842350006103516 s [/mnt/ioopt/appbench/apps/MLPerf-storage/dlio_benchmark/dlio_benchmark/utils/statscounter.py:325]
[INFO] 2025-05-04T19:17:47.072312 Rank 0 step 284 processed 5 samples in 0.3285682201385498 s [/mnt/ioopt/appbench/apps/MLPerf-storage/dlio_benchmark/dlio_benchmark/utils/statscounter.py:325]
[INFO] 2025-05-04T19:17:47.401677 Rank 0 step 285 processed 5 samples in 0.328869104385376 s [/mnt/ioopt/appbench/apps/MLPerf-storage/dlio_benchmark/dlio_benchmark/utils/statscounter.py:325]
[INFO] 2025-05-04T19:17:47.730955 Rank 0 step 286 processed 5 samples in 0.32877302169799805 s [/mnt/ioopt/appbench/apps/MLPerf-storage/dlio_benchmark/dlio_benchmark/utils/statscounter.py:325]
[INFO] 2025-05-04T19:17:48.093902 Rank 0 step 287 processed 5 samples in 0.3624095916748047 s [/mnt/ioopt/appbench/apps/MLPerf-storage/dlio_benchmark/dlio_benchmark/utils/statscounter.py:325]
[INFO] 2025-05-04T19:17:48.422969 Rank 0 step 288 processed 5 samples in 0.328549861907959 s [/mnt/ioopt/appbench/apps/MLPerf-storage/dlio_benchmark/dlio_benchmark/utils/statscounter.py:325]
[INFO] 2025-05-04T19:17:52.965988 Rank 0 step 289 processed 5 samples in 4.542513370513916 s [/mnt/ioopt/appbench/apps/MLPerf-storage/dlio_benchmark/dlio_benchmark/utils/statscounter.py:325]
[INFO] 2025-05-04T19:18:10.810019 Rank 0 step 290 processed 5 samples in 17.84351348876953 s [/mnt/ioopt/appbench/apps/MLPerf-storage/dlio_benchmark/dlio_benchmark/utils/statscounter.py:325]
[INFO] 2025-05-04T19:18:14.609408 Rank 0 step 291 processed 5 samples in 3.798868417739868 s [/mnt/ioopt/appbench/apps/MLPerf-storage/dlio_benchmark/dlio_benchmark/utils/statscounter.py:325]
[INFO] 2025-05-04T19:18:14.938601 Rank 0 step 292 processed 5 samples in 0.3283097743988037 s [/mnt/ioopt/appbench/apps/MLPerf-storage/dlio_benchmark/dlio_benchmark/utils/statscounter.py:325]
[INFO] 2025-05-04T19:18:15.267204 Rank 0 step 293 processed 5 samples in 0.3281404972076416 s [/mnt/ioopt/appbench/apps/MLPerf-storage/dlio_benchmark/dlio_benchmark/utils/statscounter.py:325]
[INFO] 2025-05-04T19:18:15.596259 Rank 0 step 294 processed 5 samples in 0.3286144733428955 s [/mnt/ioopt/appbench/apps/MLPerf-storage/dlio_benchmark/dlio_benchmark/utils/statscounter.py:325]
[INFO] 2025-05-04T19:18:15.924911 Rank 0 step 295 processed 5 samples in 0.328169584274292 s [/mnt/ioopt/appbench/apps/MLPerf-storage/dlio_benchmark/dlio_benchmark/utils/statscounter.py:325]
[INFO] 2025-05-04T19:18:16.254121 Rank 0 step 296 processed 5 samples in 0.32874250411987305 s [/mnt/ioopt/appbench/apps/MLPerf-storage/dlio_benchmark/dlio_benchmark/utils/statscounter.py:325]
[INFO] 2025-05-04T19:18:16.772181 Rank 0 step 297 processed 5 samples in 0.5175933837890625 s [/mnt/ioopt/appbench/apps/MLPerf-storage/dlio_benchmark/dlio_benchmark/utils/statscounter.py:325]
[INFO] 2025-05-04T19:18:19.649924 Rank 0 step 298 processed 5 samples in 2.8771960735321045 s [/mnt/ioopt/appbench/apps/MLPerf-storage/dlio_benchmark/dlio_benchmark/utils/statscounter.py:325]
[INFO] 2025-05-04T19:18:19.978784 Rank 0 step 299 processed 5 samples in 0.32834601402282715 s [/mnt/ioopt/appbench/apps/MLPerf-storage/dlio_benchmark/dlio_benchmark/utils/statscounter.py:325]
[INFO] 2025-05-04T19:18:26.366935 Rank 0 step 300 processed 5 samples in 6.3877012729644775 s [/mnt/ioopt/appbench/apps/MLPerf-storage/dlio_benchmark/dlio_benchmark/utils/statscounter.py:325]
[INFO] 2025-05-04T19:18:26.695891 Rank 0 step 301 processed 5 samples in 0.32846665382385254 s [/mnt/ioopt/appbench/apps/MLPerf-storage/dlio_benchmark/dlio_benchmark/utils/statscounter.py:325]
[INFO] 2025-05-04T19:18:29.387303 Rank 0 step 302 processed 5 samples in 2.6909806728363037 s [/mnt/ioopt/appbench/apps/MLPerf-storage/dlio_benchmark/dlio_benchmark/utils/statscounter.py:325]
[INFO] 2025-05-04T19:18:29.716472 Rank 0 step 303 processed 5 samples in 0.3287220001220703 s [/mnt/ioopt/appbench/apps/MLPerf-storage/dlio_benchmark/dlio_benchmark/utils/statscounter.py:325]
[INFO] 2025-05-04T19:18:30.045628 Rank 0 step 304 processed 5 samples in 0.32872796058654785 s [/mnt/ioopt/appbench/apps/MLPerf-storage/dlio_benchmark/dlio_benchmark/utils/statscounter.py:325]
[INFO] 2025-05-04T19:18:30.374470 Rank 0 step 305 processed 5 samples in 0.32839035987854004 s [/mnt/ioopt/appbench/apps/MLPerf-storage/dlio_benchmark/dlio_benchmark/utils/statscounter.py:325]
[INFO] 2025-05-04T19:18:46.237602 Rank 0 step 306 processed 5 samples in 15.862677812576294 s [/mnt/ioopt/appbench/apps/MLPerf-storage/dlio_benchmark/dlio_benchmark/utils/statscounter.py:325]
[INFO] 2025-05-04T19:18:52.207070 Rank 0 step 307 processed 5 samples in 5.9690001010894775 s [/mnt/ioopt/appbench/apps/MLPerf-storage/dlio_benchmark/dlio_benchmark/utils/statscounter.py:325]
[INFO] 2025-05-04T19:18:52.535888 Rank 0 step 308 processed 5 samples in 0.3283426761627197 s [/mnt/ioopt/appbench/apps/MLPerf-storage/dlio_benchmark/dlio_benchmark/utils/statscounter.py:325]
[INFO] 2025-05-04T19:18:52.864731 Rank 0 step 309 processed 5 samples in 0.3283827304840088 s [/mnt/ioopt/appbench/apps/MLPerf-storage/dlio_benchmark/dlio_benchmark/utils/statscounter.py:325]
[INFO] 2025-05-04T19:18:53.495944 Rank 0 step 310 processed 5 samples in 0.6308906078338623 s [/mnt/ioopt/appbench/apps/MLPerf-storage/dlio_benchmark/dlio_benchmark/utils/statscounter.py:325]
[INFO] 2025-05-04T19:18:53.824724 Rank 0 step 311 processed 5 samples in 0.3282616138458252 s [/mnt/ioopt/appbench/apps/MLPerf-storage/dlio_benchmark/dlio_benchmark/utils/statscounter.py:325]
[INFO] 2025-05-04T19:18:54.153720 Rank 0 step 312 processed 5 samples in 0.3285050392150879 s [/mnt/ioopt/appbench/apps/MLPerf-storage/dlio_benchmark/dlio_benchmark/utils/statscounter.py:325]
[INFO] 2025-05-04T19:18:54.482974 Rank 0 step 313 processed 5 samples in 0.3287925720214844 s [/mnt/ioopt/appbench/apps/MLPerf-storage/dlio_benchmark/dlio_benchmark/utils/statscounter.py:325]
[INFO] 2025-05-04T19:18:54.813734 Rank 0 step 314 processed 5 samples in 0.3302278518676758 s [/mnt/ioopt/appbench/apps/MLPerf-storage/dlio_benchmark/dlio_benchmark/utils/statscounter.py:325]
[INFO] 2025-05-04T19:18:55.142776 Rank 0 step 315 processed 5 samples in 0.32857489585876465 s [/mnt/ioopt/appbench/apps/MLPerf-storage/dlio_benchmark/dlio_benchmark/utils/statscounter.py:325]
[INFO] 2025-05-04T19:19:07.769537 Rank 0 step 316 processed 5 samples in 12.626208305358887 s [/mnt/ioopt/appbench/apps/MLPerf-storage/dlio_benchmark/dlio_benchmark/utils/statscounter.py:325]
[INFO] 2025-05-04T19:19:10.509151 Rank 0 step 317 processed 5 samples in 2.7391350269317627 s [/mnt/ioopt/appbench/apps/MLPerf-storage/dlio_benchmark/dlio_benchmark/utils/statscounter.py:325]
[INFO] 2025-05-04T19:19:10.837827 Rank 0 step 318 processed 5 samples in 0.3281667232513428 s [/mnt/ioopt/appbench/apps/MLPerf-storage/dlio_benchmark/dlio_benchmark/utils/statscounter.py:325]
[INFO] 2025-05-04T19:19:11.166690 Rank 0 step 319 processed 5 samples in 0.32842063903808594 s [/mnt/ioopt/appbench/apps/MLPerf-storage/dlio_benchmark/dlio_benchmark/utils/statscounter.py:325]
[INFO] 2025-05-04T19:19:11.495793 Rank 0 step 320 processed 5 samples in 0.32860374450683594 s [/mnt/ioopt/appbench/apps/MLPerf-storage/dlio_benchmark/dlio_benchmark/utils/statscounter.py:325]
[INFO] 2025-05-04T19:19:11.827452 Rank 0 step 321 processed 5 samples in 0.3311035633087158 s [/mnt/ioopt/appbench/apps/MLPerf-storage/dlio_benchmark/dlio_benchmark/utils/statscounter.py:325]
[INFO] 2025-05-04T19:19:16.209265 Rank 0 step 322 processed 5 samples in 4.381076335906982 s [/mnt/ioopt/appbench/apps/MLPerf-storage/dlio_benchmark/dlio_benchmark/utils/statscounter.py:325]
[INFO] 2025-05-04T19:19:34.436788 Rank 0 step 323 processed 5 samples in 18.226987600326538 s [/mnt/ioopt/appbench/apps/MLPerf-storage/dlio_benchmark/dlio_benchmark/utils/statscounter.py:325]
[INFO] 2025-05-04T19:19:34.765515 Rank 0 step 324 processed 5 samples in 0.32822108268737793 s [/mnt/ioopt/appbench/apps/MLPerf-storage/dlio_benchmark/dlio_benchmark/utils/statscounter.py:325]
[INFO] 2025-05-04T19:19:35.091926 Rank 0 step 325 processed 5 samples in 0.3257431983947754 s [/mnt/ioopt/appbench/apps/MLPerf-storage/dlio_benchmark/dlio_benchmark/utils/statscounter.py:325]
[INFO] 2025-05-04T19:19:35.420045 Rank 0 step 326 processed 5 samples in 0.3277628421783447 s [/mnt/ioopt/appbench/apps/MLPerf-storage/dlio_benchmark/dlio_benchmark/utils/statscounter.py:325]
[INFO] 2025-05-04T19:19:35.749744 Rank 0 step 327 processed 5 samples in 0.32919859886169434 s [/mnt/ioopt/appbench/apps/MLPerf-storage/dlio_benchmark/dlio_benchmark/utils/statscounter.py:325]
[INFO] 2025-05-04T19:19:36.078688 Rank 0 step 328 processed 5 samples in 0.3284423351287842 s [/mnt/ioopt/appbench/apps/MLPerf-storage/dlio_benchmark/dlio_benchmark/utils/statscounter.py:325]
[INFO] 2025-05-04T19:19:36.410309 Rank 0 step 329 processed 5 samples in 0.3311197757720947 s [/mnt/ioopt/appbench/apps/MLPerf-storage/dlio_benchmark/dlio_benchmark/utils/statscounter.py:325]
[INFO] 2025-05-04T19:19:36.739319 Rank 0 step 330 processed 5 samples in 0.32850027084350586 s [/mnt/ioopt/appbench/apps/MLPerf-storage/dlio_benchmark/dlio_benchmark/utils/statscounter.py:325]
[INFO] 2025-05-04T19:19:37.066354 Rank 0 step 331 processed 5 samples in 0.32646751403808594 s [/mnt/ioopt/appbench/apps/MLPerf-storage/dlio_benchmark/dlio_benchmark/utils/statscounter.py:325]
[INFO] 2025-05-04T19:19:41.723229 Rank 0 step 332 processed 5 samples in 4.656355857849121 s [/mnt/ioopt/appbench/apps/MLPerf-storage/dlio_benchmark/dlio_benchmark/utils/statscounter.py:325]
[INFO] 2025-05-04T19:19:42.052223 Rank 0 step 333 processed 5 samples in 0.328505277633667 s [/mnt/ioopt/appbench/apps/MLPerf-storage/dlio_benchmark/dlio_benchmark/utils/statscounter.py:325]
[INFO] 2025-05-04T19:19:42.381363 Rank 0 step 334 processed 5 samples in 0.32866740226745605 s [/mnt/ioopt/appbench/apps/MLPerf-storage/dlio_benchmark/dlio_benchmark/utils/statscounter.py:325]
[INFO] 2025-05-04T19:19:46.206148 Rank 0 step 335 processed 5 samples in 3.8243141174316406 s [/mnt/ioopt/appbench/apps/MLPerf-storage/dlio_benchmark/dlio_benchmark/utils/statscounter.py:325]
[INFO] 2025-05-04T19:19:52.950444 Rank 0 step 336 processed 5 samples in 6.743841886520386 s [/mnt/ioopt/appbench/apps/MLPerf-storage/dlio_benchmark/dlio_benchmark/utils/statscounter.py:325]
[INFO] 2025-05-04T19:19:53.279883 Rank 0 step 337 processed 5 samples in 0.32889246940612793 s [/mnt/ioopt/appbench/apps/MLPerf-storage/dlio_benchmark/dlio_benchmark/utils/statscounter.py:325]
[INFO] 2025-05-04T19:19:53.608888 Rank 0 step 338 processed 5 samples in 0.3285367488861084 s [/mnt/ioopt/appbench/apps/MLPerf-storage/dlio_benchmark/dlio_benchmark/utils/statscounter.py:325]
[INFO] 2025-05-04T19:20:05.103962 Rank 0 step 339 processed 5 samples in 11.494613409042358 s [/mnt/ioopt/appbench/apps/MLPerf-storage/dlio_benchmark/dlio_benchmark/utils/statscounter.py:325]
[INFO] 2025-05-04T19:20:11.425450 Rank 0 step 340 processed 5 samples in 6.321014165878296 s [/mnt/ioopt/appbench/apps/MLPerf-storage/dlio_benchmark/dlio_benchmark/utils/statscounter.py:325]
[INFO] 2025-05-04T19:20:11.754152 Rank 0 step 341 processed 5 samples in 0.32818031311035156 s [/mnt/ioopt/appbench/apps/MLPerf-storage/dlio_benchmark/dlio_benchmark/utils/statscounter.py:325]
[INFO] 2025-05-04T19:20:12.141583 Rank 0 step 342 processed 5 samples in 0.3869812488555908 s [/mnt/ioopt/appbench/apps/MLPerf-storage/dlio_benchmark/dlio_benchmark/utils/statscounter.py:325]
[INFO] 2025-05-04T19:20:12.470752 Rank 0 step 343 processed 5 samples in 0.32868337631225586 s [/mnt/ioopt/appbench/apps/MLPerf-storage/dlio_benchmark/dlio_benchmark/utils/statscounter.py:325]
[INFO] 2025-05-04T19:20:12.799523 Rank 0 step 344 processed 5 samples in 0.3282744884490967 s [/mnt/ioopt/appbench/apps/MLPerf-storage/dlio_benchmark/dlio_benchmark/utils/statscounter.py:325]
[INFO] 2025-05-04T19:20:13.130535 Rank 0 step 345 processed 5 samples in 0.3305654525756836 s [/mnt/ioopt/appbench/apps/MLPerf-storage/dlio_benchmark/dlio_benchmark/utils/statscounter.py:325]
[INFO] 2025-05-04T19:20:17.959188 Rank 0 step 346 processed 5 samples in 4.828099012374878 s [/mnt/ioopt/appbench/apps/MLPerf-storage/dlio_benchmark/dlio_benchmark/utils/statscounter.py:325]
[INFO] 2025-05-04T19:20:18.288106 Rank 0 step 347 processed 5 samples in 0.32840967178344727 s [/mnt/ioopt/appbench/apps/MLPerf-storage/dlio_benchmark/dlio_benchmark/utils/statscounter.py:325]
[INFO] 2025-05-04T19:20:18.617255 Rank 0 step 348 processed 5 samples in 0.32868504524230957 s [/mnt/ioopt/appbench/apps/MLPerf-storage/dlio_benchmark/dlio_benchmark/utils/statscounter.py:325]
[INFO] 2025-05-04T19:20:20.250001 Rank 0 step 349 processed 5 samples in 1.6322855949401855 s [/mnt/ioopt/appbench/apps/MLPerf-storage/dlio_benchmark/dlio_benchmark/utils/statscounter.py:325]
[INFO] 2025-05-04T19:20:20.583249 Rank 0 step 350 processed 5 samples in 0.3327016830444336 s [/mnt/ioopt/appbench/apps/MLPerf-storage/dlio_benchmark/dlio_benchmark/utils/statscounter.py:325]
[INFO] 2025-05-04T19:20:20.913392 Rank 0 step 351 processed 5 samples in 0.3293757438659668 s [/mnt/ioopt/appbench/apps/MLPerf-storage/dlio_benchmark/dlio_benchmark/utils/statscounter.py:325]
[INFO] 2025-05-04T19:20:21.239178 Rank 0 step 352 processed 5 samples in 0.325533390045166 s [/mnt/ioopt/appbench/apps/MLPerf-storage/dlio_benchmark/dlio_benchmark/utils/statscounter.py:325]
[INFO] 2025-05-04T19:20:35.152340 Rank 0 step 353 processed 5 samples in 13.912680864334106 s [/mnt/ioopt/appbench/apps/MLPerf-storage/dlio_benchmark/dlio_benchmark/utils/statscounter.py:325]
[INFO] 2025-05-04T19:20:35.481197 Rank 0 step 354 processed 5 samples in 0.3283865451812744 s [/mnt/ioopt/appbench/apps/MLPerf-storage/dlio_benchmark/dlio_benchmark/utils/statscounter.py:325]
[INFO] 2025-05-04T19:20:45.692139 Rank 0 step 355 processed 5 samples in 10.21049165725708 s [/mnt/ioopt/appbench/apps/MLPerf-storage/dlio_benchmark/dlio_benchmark/utils/statscounter.py:325]
[INFO] 2025-05-04T19:20:46.020967 Rank 0 step 356 processed 5 samples in 0.32833123207092285 s [/mnt/ioopt/appbench/apps/MLPerf-storage/dlio_benchmark/dlio_benchmark/utils/statscounter.py:325]
[INFO] 2025-05-04T19:20:46.349735 Rank 0 step 357 processed 5 samples in 0.32830381393432617 s [/mnt/ioopt/appbench/apps/MLPerf-storage/dlio_benchmark/dlio_benchmark/utils/statscounter.py:325]
[INFO] 2025-05-04T19:20:47.977003 Rank 0 step 358 processed 5 samples in 1.6268153190612793 s [/mnt/ioopt/appbench/apps/MLPerf-storage/dlio_benchmark/dlio_benchmark/utils/statscounter.py:325]
[INFO] 2025-05-04T19:20:51.659779 Rank 0 step 359 processed 5 samples in 3.6822831630706787 s [/mnt/ioopt/appbench/apps/MLPerf-storage/dlio_benchmark/dlio_benchmark/utils/statscounter.py:325]
[INFO] 2025-05-04T19:20:51.987202 Rank 0 step 360 processed 5 samples in 0.32695722579956055 s [/mnt/ioopt/appbench/apps/MLPerf-storage/dlio_benchmark/dlio_benchmark/utils/statscounter.py:325]
[INFO] 2025-05-04T19:20:52.316166 Rank 0 step 361 processed 5 samples in 0.32848477363586426 s [/mnt/ioopt/appbench/apps/MLPerf-storage/dlio_benchmark/dlio_benchmark/utils/statscounter.py:325]
[INFO] 2025-05-04T19:20:52.647305 Rank 0 step 362 processed 5 samples in 0.33066892623901367 s [/mnt/ioopt/appbench/apps/MLPerf-storage/dlio_benchmark/dlio_benchmark/utils/statscounter.py:325]
[INFO] 2025-05-04T19:20:52.976139 Rank 0 step 363 processed 5 samples in 0.32837581634521484 s [/mnt/ioopt/appbench/apps/MLPerf-storage/dlio_benchmark/dlio_benchmark/utils/statscounter.py:325]
[INFO] 2025-05-04T19:20:53.306726 Rank 0 step 364 processed 5 samples in 0.3301398754119873 s [/mnt/ioopt/appbench/apps/MLPerf-storage/dlio_benchmark/dlio_benchmark/utils/statscounter.py:325]
[INFO] 2025-05-04T19:20:56.456379 Rank 0 step 365 processed 5 samples in 3.1491687297821045 s [/mnt/ioopt/appbench/apps/MLPerf-storage/dlio_benchmark/dlio_benchmark/utils/statscounter.py:325]
[INFO] 2025-05-04T19:21:00.606172 Rank 0 step 366 processed 5 samples in 4.149371147155762 s [/mnt/ioopt/appbench/apps/MLPerf-storage/dlio_benchmark/dlio_benchmark/utils/statscounter.py:325]
[INFO] 2025-05-04T19:21:00.935131 Rank 0 step 367 processed 5 samples in 0.3284416198730469 s [/mnt/ioopt/appbench/apps/MLPerf-storage/dlio_benchmark/dlio_benchmark/utils/statscounter.py:325]
[INFO] 2025-05-04T19:21:01.263812 Rank 0 step 368 processed 5 samples in 0.3282172679901123 s [/mnt/ioopt/appbench/apps/MLPerf-storage/dlio_benchmark/dlio_benchmark/utils/statscounter.py:325]
[INFO] 2025-05-04T19:21:15.063260 Rank 0 step 369 processed 5 samples in 13.798991203308105 s [/mnt/ioopt/appbench/apps/MLPerf-storage/dlio_benchmark/dlio_benchmark/utils/statscounter.py:325]
[INFO] 2025-05-04T19:21:20.409058 Rank 0 step 370 processed 5 samples in 5.3453052043914795 s [/mnt/ioopt/appbench/apps/MLPerf-storage/dlio_benchmark/dlio_benchmark/utils/statscounter.py:325]
[INFO] 2025-05-04T19:21:20.763877 Rank 0 step 371 processed 5 samples in 0.3287057876586914 s [/mnt/ioopt/appbench/apps/MLPerf-storage/dlio_benchmark/dlio_benchmark/utils/statscounter.py:325]
[INFO] 2025-05-04T19:21:21.093065 Rank 0 step 372 processed 5 samples in 0.32874369621276855 s [/mnt/ioopt/appbench/apps/MLPerf-storage/dlio_benchmark/dlio_benchmark/utils/statscounter.py:325]
[INFO] 2025-05-04T19:21:22.375949 Rank 0 step 373 processed 5 samples in 1.2824347019195557 s [/mnt/ioopt/appbench/apps/MLPerf-storage/dlio_benchmark/dlio_benchmark/utils/statscounter.py:325]
[INFO] 2025-05-04T19:21:22.704736 Rank 0 step 374 processed 5 samples in 0.32833147048950195 s [/mnt/ioopt/appbench/apps/MLPerf-storage/dlio_benchmark/dlio_benchmark/utils/statscounter.py:325]
[INFO] 2025-05-04T19:21:23.033913 Rank 0 step 375 processed 5 samples in 0.32872533798217773 s [/mnt/ioopt/appbench/apps/MLPerf-storage/dlio_benchmark/dlio_benchmark/utils/statscounter.py:325]
[INFO] 2025-05-04T19:21:30.904884 Rank 0 step 376 processed 5 samples in 7.87050986289978 s [/mnt/ioopt/appbench/apps/MLPerf-storage/dlio_benchmark/dlio_benchmark/utils/statscounter.py:325]
[INFO] 2025-05-04T19:21:34.211256 Rank 0 step 377 processed 5 samples in 3.305878162384033 s [/mnt/ioopt/appbench/apps/MLPerf-storage/dlio_benchmark/dlio_benchmark/utils/statscounter.py:325]
[INFO] 2025-05-04T19:21:34.537708 Rank 0 step 378 processed 5 samples in 0.32599878311157227 s [/mnt/ioopt/appbench/apps/MLPerf-storage/dlio_benchmark/dlio_benchmark/utils/statscounter.py:325]
[INFO] 2025-05-04T19:21:34.863633 Rank 0 step 379 processed 5 samples in 0.32540225982666016 s [/mnt/ioopt/appbench/apps/MLPerf-storage/dlio_benchmark/dlio_benchmark/utils/statscounter.py:325]
[INFO] 2025-05-04T19:21:35.193745 Rank 0 step 380 processed 5 samples in 0.32972073554992676 s [/mnt/ioopt/appbench/apps/MLPerf-storage/dlio_benchmark/dlio_benchmark/utils/statscounter.py:325]
[INFO] 2025-05-04T19:21:35.523576 Rank 0 step 381 processed 5 samples in 0.32875943183898926 s [/mnt/ioopt/appbench/apps/MLPerf-storage/dlio_benchmark/dlio_benchmark/utils/statscounter.py:325]
[INFO] 2025-05-04T19:21:35.852406 Rank 0 step 382 processed 5 samples in 0.3284108638763428 s [/mnt/ioopt/appbench/apps/MLPerf-storage/dlio_benchmark/dlio_benchmark/utils/statscounter.py:325]
[INFO] 2025-05-04T19:21:36.184368 Rank 0 step 383 processed 5 samples in 0.3315303325653076 s [/mnt/ioopt/appbench/apps/MLPerf-storage/dlio_benchmark/dlio_benchmark/utils/statscounter.py:325]
[INFO] 2025-05-04T19:21:36.513871 Rank 0 step 384 processed 5 samples in 0.3289525508880615 s [/mnt/ioopt/appbench/apps/MLPerf-storage/dlio_benchmark/dlio_benchmark/utils/statscounter.py:325]
[INFO] 2025-05-04T19:21:51.645865 Rank 0 step 385 processed 5 samples in 15.13152027130127 s [/mnt/ioopt/appbench/apps/MLPerf-storage/dlio_benchmark/dlio_benchmark/utils/statscounter.py:325]
[INFO] 2025-05-04T19:21:51.974490 Rank 0 step 386 processed 5 samples in 0.32816410064697266 s [/mnt/ioopt/appbench/apps/MLPerf-storage/dlio_benchmark/dlio_benchmark/utils/statscounter.py:325]
[INFO] 2025-05-04T19:21:55.461577 Rank 0 step 387 processed 5 samples in 3.4866726398468018 s [/mnt/ioopt/appbench/apps/MLPerf-storage/dlio_benchmark/dlio_benchmark/utils/statscounter.py:325]
[INFO] 2025-05-04T19:21:55.790096 Rank 0 step 388 processed 5 samples in 0.3280951976776123 s [/mnt/ioopt/appbench/apps/MLPerf-storage/dlio_benchmark/dlio_benchmark/utils/statscounter.py:325]
[INFO] 2025-05-04T19:21:56.118715 Rank 0 step 389 processed 5 samples in 0.32820653915405273 s [/mnt/ioopt/appbench/apps/MLPerf-storage/dlio_benchmark/dlio_benchmark/utils/statscounter.py:325]
[INFO] 2025-05-04T19:21:56.447662 Rank 0 step 390 processed 5 samples in 0.3284780979156494 s [/mnt/ioopt/appbench/apps/MLPerf-storage/dlio_benchmark/dlio_benchmark/utils/statscounter.py:325]
[INFO] 2025-05-04T19:21:57.248935 Rank 0 step 391 processed 5 samples in 0.8008685111999512 s [/mnt/ioopt/appbench/apps/MLPerf-storage/dlio_benchmark/dlio_benchmark/utils/statscounter.py:325]
[INFO] 2025-05-04T19:22:01.422376 Rank 0 step 392 processed 5 samples in 4.128212928771973 s [/mnt/ioopt/appbench/apps/MLPerf-storage/dlio_benchmark/dlio_benchmark/utils/statscounter.py:325]
[INFO] 2025-05-04T19:22:01.817985 Rank 0 step 393 processed 5 samples in 0.3951723575592041 s [/mnt/ioopt/appbench/apps/MLPerf-storage/dlio_benchmark/dlio_benchmark/utils/statscounter.py:325]
[INFO] 2025-05-04T19:22:02.146707 Rank 0 step 394 processed 5 samples in 0.32822108268737793 s [/mnt/ioopt/appbench/apps/MLPerf-storage/dlio_benchmark/dlio_benchmark/utils/statscounter.py:325]
[INFO] 2025-05-04T19:22:03.087609 Rank 0 step 395 processed 5 samples in 0.9404253959655762 s [/mnt/ioopt/appbench/apps/MLPerf-storage/dlio_benchmark/dlio_benchmark/utils/statscounter.py:325]
[INFO] 2025-05-04T19:22:03.416442 Rank 0 step 396 processed 5 samples in 0.3283967971801758 s [/mnt/ioopt/appbench/apps/MLPerf-storage/dlio_benchmark/dlio_benchmark/utils/statscounter.py:325]
[INFO] 2025-05-04T19:22:03.745076 Rank 0 step 397 processed 5 samples in 0.32828307151794434 s [/mnt/ioopt/appbench/apps/MLPerf-storage/dlio_benchmark/dlio_benchmark/utils/statscounter.py:325]
[INFO] 2025-05-04T19:22:04.073422 Rank 0 step 398 processed 5 samples in 0.3280060291290283 s [/mnt/ioopt/appbench/apps/MLPerf-storage/dlio_benchmark/dlio_benchmark/utils/statscounter.py:325]
[INFO] 2025-05-04T19:22:04.401809 Rank 0 step 399 processed 5 samples in 0.328052282333374 s [/mnt/ioopt/appbench/apps/MLPerf-storage/dlio_benchmark/dlio_benchmark/utils/statscounter.py:325]
[INFO] 2025-05-04T19:22:04.732484 Rank 0 step 400 processed 5 samples in 0.3303492069244385 s [/mnt/ioopt/appbench/apps/MLPerf-storage/dlio_benchmark/dlio_benchmark/utils/statscounter.py:325]
[INFO] 2025-05-04T19:22:04.733023 Maximum number of steps reached [/mnt/ioopt/appbench/apps/MLPerf-storage/dlio_benchmark/dlio_benchmark/main.py:293]
[INFO] 2025-05-04T19:22:04.736025 Ending block 1 - 400 steps completed in 972.22 s [/mnt/ioopt/appbench/apps/MLPerf-storage/dlio_benchmark/dlio_benchmark/utils/statscounter.py:282]
[INFO] 2025-05-04T19:22:04.760794 Epoch 1 - Block 1 [Training] Accelerator Utilization [AU] (%): 13.8038 [/mnt/ioopt/appbench/apps/MLPerf-storage/dlio_benchmark/dlio_benchmark/utils/statscounter.py:285]
[INFO] 2025-05-04T19:22:04.761002 Epoch 1 - Block 1 [Training] Throughput (samples/second): 2.0572 [/mnt/ioopt/appbench/apps/MLPerf-storage/dlio_benchmark/dlio_benchmark/utils/statscounter.py:286]
[INFO] 2025-05-04T19:22:04.762708 Ending epoch 1 - 400 steps completed in 972.28 s [/mnt/ioopt/appbench/apps/MLPerf-storage/dlio_benchmark/dlio_benchmark/utils/statscounter.py:225]
[INFO] 2025-05-04T19:22:04.771936 Saved outputs in /mnt/ioopt/appbench/apps/MLPerf-storage/resultsdir/RUN_4/batch_size_5_num_threads_16 [/mnt/ioopt/appbench/apps/MLPerf-storage/dlio_benchmark/dlio_benchmark/utils/statscounter.py:171]
[INFO] Averaged metric over all epochs
[METRIC] ==========================================================
[METRIC] Number of Simulated Accelerators: 1 
[METRIC] Training Accelerator Utilization [AU] (%): 13.8038 (0.0000)
[METRIC] Training Throughput (samples/second): 2.0572 (0.0000)
[METRIC] Training I/O Throughput (MB/second): 287.6098 (0.0000)
[METRIC] train_au_meet_expectation: fail
[METRIC] ==========================================================
 [/mnt/ioopt/appbench/apps/MLPerf-storage/dlio_benchmark/dlio_benchmark/utils/statscounter.py:185]
[INFO] 2025-05-04T19:22:04.781815 outputs saved in RANKID_output.json [/mnt/ioopt/appbench/apps/MLPerf-storage/dlio_benchmark/dlio_benchmark/utils/statscounter.py:378]
