[INFO] 2025-05-05T17:10:44.563613 Profiling DLIO /mnt/ioopt/appbench/apps/MLPerf-storage/resultsdir/RUN_6/batch_size_5_num_threads_12/trace-0-of-1.pfw [/mnt/ioopt/appbench/apps/MLPerf-storage/dlio_benchmark/dlio_benchmark/utils/config.py:189]
[INFO] 2025-05-05T17:10:44.564216 Running DLIO with 1 process(es) [/mnt/ioopt/appbench/apps/MLPerf-storage/dlio_benchmark/dlio_benchmark/main.py:100]
[INFO] Total amount of data each host will consume is 273.064948618412 GB; each host has [np.float64(187.5592384338379)] GB memory [/mnt/ioopt/appbench/apps/MLPerf-storage/dlio_benchmark/dlio_benchmark/utils/statscounter.py:121]
[INFO] 2025-05-05T17:11:00.928964 Max steps per epoch: 400 = 1 * 2000 / 5 / 1 (samples per file * num files / batch size / comm size) [/mnt/ioopt/appbench/apps/MLPerf-storage/dlio_benchmark/dlio_benchmark/main.py:321]
[INFO] 2025-05-05T17:11:01.081386 Starting epoch 1: 400 steps expected [/mnt/ioopt/appbench/apps/MLPerf-storage/dlio_benchmark/dlio_benchmark/utils/statscounter.py:192]
[INFO] 2025-05-05T17:11:01.113700 Starting block 1 [/mnt/ioopt/appbench/apps/MLPerf-storage/dlio_benchmark/dlio_benchmark/utils/statscounter.py:264]
[INFO] 2025-05-05T17:11:30.379813 Rank 0 step 1 processed 5 samples in 29.26592493057251 s [/mnt/ioopt/appbench/apps/MLPerf-storage/dlio_benchmark/dlio_benchmark/utils/statscounter.py:325]
[INFO] 2025-05-05T17:11:30.720287 Rank 0 step 2 processed 5 samples in 0.33926987648010254 s [/mnt/ioopt/appbench/apps/MLPerf-storage/dlio_benchmark/dlio_benchmark/utils/statscounter.py:325]
[INFO] 2025-05-05T17:11:32.563997 Rank 0 step 3 processed 5 samples in 1.8428523540496826 s [/mnt/ioopt/appbench/apps/MLPerf-storage/dlio_benchmark/dlio_benchmark/utils/statscounter.py:325]
[INFO] 2025-05-05T17:11:32.892908 Rank 0 step 4 processed 5 samples in 0.3284494876861572 s [/mnt/ioopt/appbench/apps/MLPerf-storage/dlio_benchmark/dlio_benchmark/utils/statscounter.py:325]
[INFO] 2025-05-05T17:11:33.221831 Rank 0 step 5 processed 5 samples in 0.32846951484680176 s [/mnt/ioopt/appbench/apps/MLPerf-storage/dlio_benchmark/dlio_benchmark/utils/statscounter.py:325]
[INFO] 2025-05-05T17:11:33.553656 Rank 0 step 6 processed 5 samples in 0.33138418197631836 s [/mnt/ioopt/appbench/apps/MLPerf-storage/dlio_benchmark/dlio_benchmark/utils/statscounter.py:325]
[INFO] 2025-05-05T17:11:33.883156 Rank 0 step 7 processed 5 samples in 0.3288276195526123 s [/mnt/ioopt/appbench/apps/MLPerf-storage/dlio_benchmark/dlio_benchmark/utils/statscounter.py:325]
[INFO] 2025-05-05T17:11:34.212302 Rank 0 step 8 processed 5 samples in 0.3286440372467041 s [/mnt/ioopt/appbench/apps/MLPerf-storage/dlio_benchmark/dlio_benchmark/utils/statscounter.py:325]
[INFO] 2025-05-05T17:11:34.541119 Rank 0 step 9 processed 5 samples in 0.32837629318237305 s [/mnt/ioopt/appbench/apps/MLPerf-storage/dlio_benchmark/dlio_benchmark/utils/statscounter.py:325]
[INFO] 2025-05-05T17:11:34.870164 Rank 0 step 10 processed 5 samples in 0.3286254405975342 s [/mnt/ioopt/appbench/apps/MLPerf-storage/dlio_benchmark/dlio_benchmark/utils/statscounter.py:325]
[INFO] 2025-05-05T17:11:35.199235 Rank 0 step 11 processed 5 samples in 0.32863473892211914 s [/mnt/ioopt/appbench/apps/MLPerf-storage/dlio_benchmark/dlio_benchmark/utils/statscounter.py:325]
[INFO] 2025-05-05T17:11:35.528073 Rank 0 step 12 processed 5 samples in 0.32837605476379395 s [/mnt/ioopt/appbench/apps/MLPerf-storage/dlio_benchmark/dlio_benchmark/utils/statscounter.py:325]
[INFO] 2025-05-05T17:12:01.622800 Rank 0 step 13 processed 5 samples in 26.094292640686035 s [/mnt/ioopt/appbench/apps/MLPerf-storage/dlio_benchmark/dlio_benchmark/utils/statscounter.py:325]
[INFO] 2025-05-05T17:12:01.952470 Rank 0 step 14 processed 5 samples in 0.3290729522705078 s [/mnt/ioopt/appbench/apps/MLPerf-storage/dlio_benchmark/dlio_benchmark/utils/statscounter.py:325]
[INFO] 2025-05-05T17:12:02.278315 Rank 0 step 15 processed 5 samples in 0.325573205947876 s [/mnt/ioopt/appbench/apps/MLPerf-storage/dlio_benchmark/dlio_benchmark/utils/statscounter.py:325]
[INFO] 2025-05-05T17:12:02.604230 Rank 0 step 16 processed 5 samples in 0.3256514072418213 s [/mnt/ioopt/appbench/apps/MLPerf-storage/dlio_benchmark/dlio_benchmark/utils/statscounter.py:325]
[INFO] 2025-05-05T17:12:02.930560 Rank 0 step 17 processed 5 samples in 0.3258969783782959 s [/mnt/ioopt/appbench/apps/MLPerf-storage/dlio_benchmark/dlio_benchmark/utils/statscounter.py:325]
[INFO] 2025-05-05T17:12:03.257202 Rank 0 step 18 processed 5 samples in 0.3262612819671631 s [/mnt/ioopt/appbench/apps/MLPerf-storage/dlio_benchmark/dlio_benchmark/utils/statscounter.py:325]
[INFO] 2025-05-05T17:12:03.586045 Rank 0 step 19 processed 5 samples in 0.32852840423583984 s [/mnt/ioopt/appbench/apps/MLPerf-storage/dlio_benchmark/dlio_benchmark/utils/statscounter.py:325]
[INFO] 2025-05-05T17:12:03.914979 Rank 0 step 20 processed 5 samples in 0.32842135429382324 s [/mnt/ioopt/appbench/apps/MLPerf-storage/dlio_benchmark/dlio_benchmark/utils/statscounter.py:325]
[INFO] 2025-05-05T17:12:04.244721 Rank 0 step 21 processed 5 samples in 0.32917141914367676 s [/mnt/ioopt/appbench/apps/MLPerf-storage/dlio_benchmark/dlio_benchmark/utils/statscounter.py:325]
[INFO] 2025-05-05T17:12:04.576221 Rank 0 step 22 processed 5 samples in 0.3310527801513672 s [/mnt/ioopt/appbench/apps/MLPerf-storage/dlio_benchmark/dlio_benchmark/utils/statscounter.py:325]
[INFO] 2025-05-05T17:12:04.902141 Rank 0 step 23 processed 5 samples in 0.32564592361450195 s [/mnt/ioopt/appbench/apps/MLPerf-storage/dlio_benchmark/dlio_benchmark/utils/statscounter.py:325]
[INFO] 2025-05-05T17:12:05.230969 Rank 0 step 24 processed 5 samples in 0.3283731937408447 s [/mnt/ioopt/appbench/apps/MLPerf-storage/dlio_benchmark/dlio_benchmark/utils/statscounter.py:325]
[INFO] 2025-05-05T17:12:21.641803 Rank 0 step 25 processed 5 samples in 16.410334587097168 s [/mnt/ioopt/appbench/apps/MLPerf-storage/dlio_benchmark/dlio_benchmark/utils/statscounter.py:325]
[INFO] 2025-05-05T17:12:27.264758 Rank 0 step 26 processed 5 samples in 5.622475624084473 s [/mnt/ioopt/appbench/apps/MLPerf-storage/dlio_benchmark/dlio_benchmark/utils/statscounter.py:325]
[INFO] 2025-05-05T17:12:30.251197 Rank 0 step 27 processed 5 samples in 2.9859840869903564 s [/mnt/ioopt/appbench/apps/MLPerf-storage/dlio_benchmark/dlio_benchmark/utils/statscounter.py:325]
[INFO] 2025-05-05T17:12:30.578465 Rank 0 step 28 processed 5 samples in 0.32689952850341797 s [/mnt/ioopt/appbench/apps/MLPerf-storage/dlio_benchmark/dlio_benchmark/utils/statscounter.py:325]
[INFO] 2025-05-05T17:12:34.097181 Rank 0 step 29 processed 5 samples in 3.5182652473449707 s [/mnt/ioopt/appbench/apps/MLPerf-storage/dlio_benchmark/dlio_benchmark/utils/statscounter.py:325]
[INFO] 2025-05-05T17:12:34.886155 Rank 0 step 30 processed 5 samples in 0.7884600162506104 s [/mnt/ioopt/appbench/apps/MLPerf-storage/dlio_benchmark/dlio_benchmark/utils/statscounter.py:325]
[INFO] 2025-05-05T17:12:35.215072 Rank 0 step 31 processed 5 samples in 0.3284139633178711 s [/mnt/ioopt/appbench/apps/MLPerf-storage/dlio_benchmark/dlio_benchmark/utils/statscounter.py:325]
[INFO] 2025-05-05T17:12:36.411001 Rank 0 step 32 processed 5 samples in 1.1955053806304932 s [/mnt/ioopt/appbench/apps/MLPerf-storage/dlio_benchmark/dlio_benchmark/utils/statscounter.py:325]
[INFO] 2025-05-05T17:12:36.739716 Rank 0 step 33 processed 5 samples in 0.32825446128845215 s [/mnt/ioopt/appbench/apps/MLPerf-storage/dlio_benchmark/dlio_benchmark/utils/statscounter.py:325]
[INFO] 2025-05-05T17:12:37.068436 Rank 0 step 34 processed 5 samples in 0.32828760147094727 s [/mnt/ioopt/appbench/apps/MLPerf-storage/dlio_benchmark/dlio_benchmark/utils/statscounter.py:325]
[INFO] 2025-05-05T17:12:39.904363 Rank 0 step 35 processed 5 samples in 2.8354809284210205 s [/mnt/ioopt/appbench/apps/MLPerf-storage/dlio_benchmark/dlio_benchmark/utils/statscounter.py:325]
[INFO] 2025-05-05T17:12:40.229988 Rank 0 step 36 processed 5 samples in 0.3253617286682129 s [/mnt/ioopt/appbench/apps/MLPerf-storage/dlio_benchmark/dlio_benchmark/utils/statscounter.py:325]
[INFO] 2025-05-05T17:12:51.923694 Rank 0 step 37 processed 5 samples in 11.693375587463379 s [/mnt/ioopt/appbench/apps/MLPerf-storage/dlio_benchmark/dlio_benchmark/utils/statscounter.py:325]
[INFO] 2025-05-05T17:12:52.253048 Rank 0 step 38 processed 5 samples in 0.32884979248046875 s [/mnt/ioopt/appbench/apps/MLPerf-storage/dlio_benchmark/dlio_benchmark/utils/statscounter.py:325]
[INFO] 2025-05-05T17:12:59.264984 Rank 0 step 39 processed 5 samples in 7.011483430862427 s [/mnt/ioopt/appbench/apps/MLPerf-storage/dlio_benchmark/dlio_benchmark/utils/statscounter.py:325]
[INFO] 2025-05-05T17:12:59.593832 Rank 0 step 40 processed 5 samples in 0.32836174964904785 s [/mnt/ioopt/appbench/apps/MLPerf-storage/dlio_benchmark/dlio_benchmark/utils/statscounter.py:325]
[INFO] 2025-05-05T17:13:00.685572 Rank 0 step 41 processed 5 samples in 1.0912747383117676 s [/mnt/ioopt/appbench/apps/MLPerf-storage/dlio_benchmark/dlio_benchmark/utils/statscounter.py:325]
[INFO] 2025-05-05T17:13:01.014747 Rank 0 step 42 processed 5 samples in 0.3287234306335449 s [/mnt/ioopt/appbench/apps/MLPerf-storage/dlio_benchmark/dlio_benchmark/utils/statscounter.py:325]
[INFO] 2025-05-05T17:13:06.139954 Rank 0 step 43 processed 5 samples in 5.124728441238403 s [/mnt/ioopt/appbench/apps/MLPerf-storage/dlio_benchmark/dlio_benchmark/utils/statscounter.py:325]
[INFO] 2025-05-05T17:13:10.283292 Rank 0 step 44 processed 5 samples in 4.142791271209717 s [/mnt/ioopt/appbench/apps/MLPerf-storage/dlio_benchmark/dlio_benchmark/utils/statscounter.py:325]
[INFO] 2025-05-05T17:13:10.610259 Rank 0 step 45 processed 5 samples in 0.32635021209716797 s [/mnt/ioopt/appbench/apps/MLPerf-storage/dlio_benchmark/dlio_benchmark/utils/statscounter.py:325]
[INFO] 2025-05-05T17:13:10.935872 Rank 0 step 46 processed 5 samples in 0.32524919509887695 s [/mnt/ioopt/appbench/apps/MLPerf-storage/dlio_benchmark/dlio_benchmark/utils/statscounter.py:325]
[INFO] 2025-05-05T17:13:11.265049 Rank 0 step 47 processed 5 samples in 0.32872486114501953 s [/mnt/ioopt/appbench/apps/MLPerf-storage/dlio_benchmark/dlio_benchmark/utils/statscounter.py:325]
[INFO] 2025-05-05T17:13:11.594155 Rank 0 step 48 processed 5 samples in 0.32864928245544434 s [/mnt/ioopt/appbench/apps/MLPerf-storage/dlio_benchmark/dlio_benchmark/utils/statscounter.py:325]
[INFO] 2025-05-05T17:13:19.157148 Rank 0 step 49 processed 5 samples in 7.562518835067749 s [/mnt/ioopt/appbench/apps/MLPerf-storage/dlio_benchmark/dlio_benchmark/utils/statscounter.py:325]
[INFO] 2025-05-05T17:13:19.486337 Rank 0 step 50 processed 5 samples in 0.32872581481933594 s [/mnt/ioopt/appbench/apps/MLPerf-storage/dlio_benchmark/dlio_benchmark/utils/statscounter.py:325]
[INFO] 2025-05-05T17:13:31.684896 Rank 0 step 51 processed 5 samples in 12.198181867599487 s [/mnt/ioopt/appbench/apps/MLPerf-storage/dlio_benchmark/dlio_benchmark/utils/statscounter.py:325]
[INFO] 2025-05-05T17:13:32.013748 Rank 0 step 52 processed 5 samples in 0.3283653259277344 s [/mnt/ioopt/appbench/apps/MLPerf-storage/dlio_benchmark/dlio_benchmark/utils/statscounter.py:325]
[INFO] 2025-05-05T17:13:32.342584 Rank 0 step 53 processed 5 samples in 0.3283846378326416 s [/mnt/ioopt/appbench/apps/MLPerf-storage/dlio_benchmark/dlio_benchmark/utils/statscounter.py:325]
[INFO] 2025-05-05T17:13:32.671719 Rank 0 step 54 processed 5 samples in 0.32868123054504395 s [/mnt/ioopt/appbench/apps/MLPerf-storage/dlio_benchmark/dlio_benchmark/utils/statscounter.py:325]
[INFO] 2025-05-05T17:13:36.575605 Rank 0 step 55 processed 5 samples in 3.9034297466278076 s [/mnt/ioopt/appbench/apps/MLPerf-storage/dlio_benchmark/dlio_benchmark/utils/statscounter.py:325]
[INFO] 2025-05-05T17:13:36.904670 Rank 0 step 56 processed 5 samples in 0.3285658359527588 s [/mnt/ioopt/appbench/apps/MLPerf-storage/dlio_benchmark/dlio_benchmark/utils/statscounter.py:325]
[INFO] 2025-05-05T17:13:37.329705 Rank 0 step 57 processed 5 samples in 0.42457103729248047 s [/mnt/ioopt/appbench/apps/MLPerf-storage/dlio_benchmark/dlio_benchmark/utils/statscounter.py:325]
[INFO] 2025-05-05T17:13:37.659073 Rank 0 step 58 processed 5 samples in 0.3288688659667969 s [/mnt/ioopt/appbench/apps/MLPerf-storage/dlio_benchmark/dlio_benchmark/utils/statscounter.py:325]
[INFO] 2025-05-05T17:13:40.045899 Rank 0 step 59 processed 5 samples in 2.3863000869750977 s [/mnt/ioopt/appbench/apps/MLPerf-storage/dlio_benchmark/dlio_benchmark/utils/statscounter.py:325]
[INFO] 2025-05-05T17:13:40.374991 Rank 0 step 60 processed 5 samples in 0.32861924171447754 s [/mnt/ioopt/appbench/apps/MLPerf-storage/dlio_benchmark/dlio_benchmark/utils/statscounter.py:325]
[INFO] 2025-05-05T17:13:53.347880 Rank 0 step 61 processed 5 samples in 12.972446918487549 s [/mnt/ioopt/appbench/apps/MLPerf-storage/dlio_benchmark/dlio_benchmark/utils/statscounter.py:325]
[INFO] 2025-05-05T17:13:53.865187 Rank 0 step 62 processed 5 samples in 0.516822099685669 s [/mnt/ioopt/appbench/apps/MLPerf-storage/dlio_benchmark/dlio_benchmark/utils/statscounter.py:325]
[INFO] 2025-05-05T17:13:58.912155 Rank 0 step 63 processed 5 samples in 5.04649806022644 s [/mnt/ioopt/appbench/apps/MLPerf-storage/dlio_benchmark/dlio_benchmark/utils/statscounter.py:325]
[INFO] 2025-05-05T17:14:00.913432 Rank 0 step 64 processed 5 samples in 2.000791549682617 s [/mnt/ioopt/appbench/apps/MLPerf-storage/dlio_benchmark/dlio_benchmark/utils/statscounter.py:325]
[INFO] 2025-05-05T17:14:02.930820 Rank 0 step 65 processed 5 samples in 2.0168840885162354 s [/mnt/ioopt/appbench/apps/MLPerf-storage/dlio_benchmark/dlio_benchmark/utils/statscounter.py:325]
[INFO] 2025-05-05T17:14:03.259555 Rank 0 step 66 processed 5 samples in 0.3282454013824463 s [/mnt/ioopt/appbench/apps/MLPerf-storage/dlio_benchmark/dlio_benchmark/utils/statscounter.py:325]
[INFO] 2025-05-05T17:14:03.586246 Rank 0 step 67 processed 5 samples in 0.32637596130371094 s [/mnt/ioopt/appbench/apps/MLPerf-storage/dlio_benchmark/dlio_benchmark/utils/statscounter.py:325]
[INFO] 2025-05-05T17:14:03.912309 Rank 0 step 68 processed 5 samples in 0.3257267475128174 s [/mnt/ioopt/appbench/apps/MLPerf-storage/dlio_benchmark/dlio_benchmark/utils/statscounter.py:325]
[INFO] 2025-05-05T17:14:04.242968 Rank 0 step 69 processed 5 samples in 0.3302638530731201 s [/mnt/ioopt/appbench/apps/MLPerf-storage/dlio_benchmark/dlio_benchmark/utils/statscounter.py:325]
[INFO] 2025-05-05T17:14:04.575749 Rank 0 step 70 processed 5 samples in 0.3322935104370117 s [/mnt/ioopt/appbench/apps/MLPerf-storage/dlio_benchmark/dlio_benchmark/utils/statscounter.py:325]
[INFO] 2025-05-05T17:14:08.674244 Rank 0 step 71 processed 5 samples in 4.0980284214019775 s [/mnt/ioopt/appbench/apps/MLPerf-storage/dlio_benchmark/dlio_benchmark/utils/statscounter.py:325]
[INFO] 2025-05-05T17:14:09.002983 Rank 0 step 72 processed 5 samples in 0.3282895088195801 s [/mnt/ioopt/appbench/apps/MLPerf-storage/dlio_benchmark/dlio_benchmark/utils/statscounter.py:325]
[INFO] 2025-05-05T17:14:17.585760 Rank 0 step 73 processed 5 samples in 8.582302808761597 s [/mnt/ioopt/appbench/apps/MLPerf-storage/dlio_benchmark/dlio_benchmark/utils/statscounter.py:325]
[INFO] 2025-05-05T17:14:17.916454 Rank 0 step 74 processed 5 samples in 0.3302168846130371 s [/mnt/ioopt/appbench/apps/MLPerf-storage/dlio_benchmark/dlio_benchmark/utils/statscounter.py:325]
[INFO] 2025-05-05T17:14:25.498041 Rank 0 step 75 processed 5 samples in 7.581127643585205 s [/mnt/ioopt/appbench/apps/MLPerf-storage/dlio_benchmark/dlio_benchmark/utils/statscounter.py:325]
[INFO] 2025-05-05T17:14:29.377781 Rank 0 step 76 processed 5 samples in 3.879239082336426 s [/mnt/ioopt/appbench/apps/MLPerf-storage/dlio_benchmark/dlio_benchmark/utils/statscounter.py:325]
[INFO] 2025-05-05T17:14:29.707015 Rank 0 step 77 processed 5 samples in 0.32834362983703613 s [/mnt/ioopt/appbench/apps/MLPerf-storage/dlio_benchmark/dlio_benchmark/utils/statscounter.py:325]
[INFO] 2025-05-05T17:14:30.035844 Rank 0 step 78 processed 5 samples in 0.3283233642578125 s [/mnt/ioopt/appbench/apps/MLPerf-storage/dlio_benchmark/dlio_benchmark/utils/statscounter.py:325]
[INFO] 2025-05-05T17:14:30.364629 Rank 0 step 79 processed 5 samples in 0.3282432556152344 s [/mnt/ioopt/appbench/apps/MLPerf-storage/dlio_benchmark/dlio_benchmark/utils/statscounter.py:325]
[INFO] 2025-05-05T17:14:30.695771 Rank 0 step 80 processed 5 samples in 0.3307483196258545 s [/mnt/ioopt/appbench/apps/MLPerf-storage/dlio_benchmark/dlio_benchmark/utils/statscounter.py:325]
[INFO] 2025-05-05T17:14:31.100513 Rank 0 step 81 processed 5 samples in 0.33058667182922363 s [/mnt/ioopt/appbench/apps/MLPerf-storage/dlio_benchmark/dlio_benchmark/utils/statscounter.py:325]
[INFO] 2025-05-05T17:14:31.429620 Rank 0 step 82 processed 5 samples in 0.3286597728729248 s [/mnt/ioopt/appbench/apps/MLPerf-storage/dlio_benchmark/dlio_benchmark/utils/statscounter.py:325]
[INFO] 2025-05-05T17:14:36.941982 Rank 0 step 83 processed 5 samples in 5.511926889419556 s [/mnt/ioopt/appbench/apps/MLPerf-storage/dlio_benchmark/dlio_benchmark/utils/statscounter.py:325]
[INFO] 2025-05-05T17:14:37.270764 Rank 0 step 84 processed 5 samples in 0.3283262252807617 s [/mnt/ioopt/appbench/apps/MLPerf-storage/dlio_benchmark/dlio_benchmark/utils/statscounter.py:325]
[INFO] 2025-05-05T17:14:42.164383 Rank 0 step 85 processed 5 samples in 4.893172025680542 s [/mnt/ioopt/appbench/apps/MLPerf-storage/dlio_benchmark/dlio_benchmark/utils/statscounter.py:325]
[INFO] 2025-05-05T17:14:47.389675 Rank 0 step 86 processed 5 samples in 5.224812030792236 s [/mnt/ioopt/appbench/apps/MLPerf-storage/dlio_benchmark/dlio_benchmark/utils/statscounter.py:325]
[INFO] 2025-05-05T17:14:48.130919 Rank 0 step 87 processed 5 samples in 0.7407565116882324 s [/mnt/ioopt/appbench/apps/MLPerf-storage/dlio_benchmark/dlio_benchmark/utils/statscounter.py:325]
[INFO] 2025-05-05T17:14:58.015170 Rank 0 step 88 processed 5 samples in 9.883719205856323 s [/mnt/ioopt/appbench/apps/MLPerf-storage/dlio_benchmark/dlio_benchmark/utils/statscounter.py:325]
[INFO] 2025-05-05T17:14:58.344125 Rank 0 step 89 processed 5 samples in 0.32845282554626465 s [/mnt/ioopt/appbench/apps/MLPerf-storage/dlio_benchmark/dlio_benchmark/utils/statscounter.py:325]
[INFO] 2025-05-05T17:14:58.673105 Rank 0 step 90 processed 5 samples in 0.328510046005249 s [/mnt/ioopt/appbench/apps/MLPerf-storage/dlio_benchmark/dlio_benchmark/utils/statscounter.py:325]
[INFO] 2025-05-05T17:14:59.002336 Rank 0 step 91 processed 5 samples in 0.32877111434936523 s [/mnt/ioopt/appbench/apps/MLPerf-storage/dlio_benchmark/dlio_benchmark/utils/statscounter.py:325]
[INFO] 2025-05-05T17:15:01.185735 Rank 0 step 92 processed 5 samples in 2.182941198348999 s [/mnt/ioopt/appbench/apps/MLPerf-storage/dlio_benchmark/dlio_benchmark/utils/statscounter.py:325]
[INFO] 2025-05-05T17:15:03.436250 Rank 0 step 93 processed 5 samples in 2.2500486373901367 s [/mnt/ioopt/appbench/apps/MLPerf-storage/dlio_benchmark/dlio_benchmark/utils/statscounter.py:325]
[INFO] 2025-05-05T17:15:03.765202 Rank 0 step 94 processed 5 samples in 0.32842278480529785 s [/mnt/ioopt/appbench/apps/MLPerf-storage/dlio_benchmark/dlio_benchmark/utils/statscounter.py:325]
[INFO] 2025-05-05T17:15:06.934758 Rank 0 step 95 processed 5 samples in 3.169106960296631 s [/mnt/ioopt/appbench/apps/MLPerf-storage/dlio_benchmark/dlio_benchmark/utils/statscounter.py:325]
[INFO] 2025-05-05T17:15:07.937366 Rank 0 step 96 processed 5 samples in 1.002054214477539 s [/mnt/ioopt/appbench/apps/MLPerf-storage/dlio_benchmark/dlio_benchmark/utils/statscounter.py:325]
[INFO] 2025-05-05T17:15:08.268078 Rank 0 step 97 processed 5 samples in 0.3302342891693115 s [/mnt/ioopt/appbench/apps/MLPerf-storage/dlio_benchmark/dlio_benchmark/utils/statscounter.py:325]
[INFO] 2025-05-05T17:15:13.545546 Rank 0 step 98 processed 5 samples in 5.2769880294799805 s [/mnt/ioopt/appbench/apps/MLPerf-storage/dlio_benchmark/dlio_benchmark/utils/statscounter.py:325]
[INFO] 2025-05-05T17:15:21.736016 Rank 0 step 99 processed 5 samples in 8.189919710159302 s [/mnt/ioopt/appbench/apps/MLPerf-storage/dlio_benchmark/dlio_benchmark/utils/statscounter.py:325]
[INFO] 2025-05-05T17:15:25.103525 Rank 0 step 100 processed 5 samples in 3.3669958114624023 s [/mnt/ioopt/appbench/apps/MLPerf-storage/dlio_benchmark/dlio_benchmark/utils/statscounter.py:325]
[INFO] 2025-05-05T17:15:31.404223 Rank 0 step 101 processed 5 samples in 6.300178050994873 s [/mnt/ioopt/appbench/apps/MLPerf-storage/dlio_benchmark/dlio_benchmark/utils/statscounter.py:325]
[INFO] 2025-05-05T17:15:31.730825 Rank 0 step 102 processed 5 samples in 0.32622289657592773 s [/mnt/ioopt/appbench/apps/MLPerf-storage/dlio_benchmark/dlio_benchmark/utils/statscounter.py:325]
[INFO] 2025-05-05T17:15:32.059898 Rank 0 step 103 processed 5 samples in 0.3285367488861084 s [/mnt/ioopt/appbench/apps/MLPerf-storage/dlio_benchmark/dlio_benchmark/utils/statscounter.py:325]
[INFO] 2025-05-05T17:15:32.389139 Rank 0 step 104 processed 5 samples in 0.3287820816040039 s [/mnt/ioopt/appbench/apps/MLPerf-storage/dlio_benchmark/dlio_benchmark/utils/statscounter.py:325]
[INFO] 2025-05-05T17:15:32.717983 Rank 0 step 105 processed 5 samples in 0.3283975124359131 s [/mnt/ioopt/appbench/apps/MLPerf-storage/dlio_benchmark/dlio_benchmark/utils/statscounter.py:325]
[INFO] 2025-05-05T17:15:33.569220 Rank 0 step 106 processed 5 samples in 0.8507847785949707 s [/mnt/ioopt/appbench/apps/MLPerf-storage/dlio_benchmark/dlio_benchmark/utils/statscounter.py:325]
[INFO] 2025-05-05T17:15:34.306213 Rank 0 step 107 processed 5 samples in 0.7365157604217529 s [/mnt/ioopt/appbench/apps/MLPerf-storage/dlio_benchmark/dlio_benchmark/utils/statscounter.py:325]
[INFO] 2025-05-05T17:15:41.566981 Rank 0 step 108 processed 5 samples in 7.2602880001068115 s [/mnt/ioopt/appbench/apps/MLPerf-storage/dlio_benchmark/dlio_benchmark/utils/statscounter.py:325]
[INFO] 2025-05-05T17:15:41.896432 Rank 0 step 109 processed 5 samples in 0.32883262634277344 s [/mnt/ioopt/appbench/apps/MLPerf-storage/dlio_benchmark/dlio_benchmark/utils/statscounter.py:325]
[INFO] 2025-05-05T17:15:42.225764 Rank 0 step 110 processed 5 samples in 0.32885289192199707 s [/mnt/ioopt/appbench/apps/MLPerf-storage/dlio_benchmark/dlio_benchmark/utils/statscounter.py:325]
[INFO] 2025-05-05T17:15:46.973439 Rank 0 step 111 processed 5 samples in 4.7472028732299805 s [/mnt/ioopt/appbench/apps/MLPerf-storage/dlio_benchmark/dlio_benchmark/utils/statscounter.py:325]
[INFO] 2025-05-05T17:15:54.376739 Rank 0 step 112 processed 5 samples in 7.402828216552734 s [/mnt/ioopt/appbench/apps/MLPerf-storage/dlio_benchmark/dlio_benchmark/utils/statscounter.py:325]
[INFO] 2025-05-05T17:15:55.843609 Rank 0 step 113 processed 5 samples in 1.4663875102996826 s [/mnt/ioopt/appbench/apps/MLPerf-storage/dlio_benchmark/dlio_benchmark/utils/statscounter.py:325]
[INFO] 2025-05-05T17:16:02.648828 Rank 0 step 114 processed 5 samples in 6.804760217666626 s [/mnt/ioopt/appbench/apps/MLPerf-storage/dlio_benchmark/dlio_benchmark/utils/statscounter.py:325]
[INFO] 2025-05-05T17:16:05.800428 Rank 0 step 115 processed 5 samples in 3.1511282920837402 s [/mnt/ioopt/appbench/apps/MLPerf-storage/dlio_benchmark/dlio_benchmark/utils/statscounter.py:325]
[INFO] 2025-05-05T17:16:06.129474 Rank 0 step 116 processed 5 samples in 0.32858991622924805 s [/mnt/ioopt/appbench/apps/MLPerf-storage/dlio_benchmark/dlio_benchmark/utils/statscounter.py:325]
[INFO] 2025-05-05T17:16:06.458636 Rank 0 step 117 processed 5 samples in 0.3287334442138672 s [/mnt/ioopt/appbench/apps/MLPerf-storage/dlio_benchmark/dlio_benchmark/utils/statscounter.py:325]
[INFO] 2025-05-05T17:16:06.787445 Rank 0 step 118 processed 5 samples in 0.3283352851867676 s [/mnt/ioopt/appbench/apps/MLPerf-storage/dlio_benchmark/dlio_benchmark/utils/statscounter.py:325]
[INFO] 2025-05-05T17:16:07.113703 Rank 0 step 119 processed 5 samples in 0.32593774795532227 s [/mnt/ioopt/appbench/apps/MLPerf-storage/dlio_benchmark/dlio_benchmark/utils/statscounter.py:325]
[INFO] 2025-05-05T17:16:11.813918 Rank 0 step 120 processed 5 samples in 4.6997621059417725 s [/mnt/ioopt/appbench/apps/MLPerf-storage/dlio_benchmark/dlio_benchmark/utils/statscounter.py:325]
[INFO] 2025-05-05T17:16:12.143024 Rank 0 step 121 processed 5 samples in 0.3286442756652832 s [/mnt/ioopt/appbench/apps/MLPerf-storage/dlio_benchmark/dlio_benchmark/utils/statscounter.py:325]
[INFO] 2025-05-05T17:16:12.472315 Rank 0 step 122 processed 5 samples in 0.32878875732421875 s [/mnt/ioopt/appbench/apps/MLPerf-storage/dlio_benchmark/dlio_benchmark/utils/statscounter.py:325]
[INFO] 2025-05-05T17:16:16.637946 Rank 0 step 123 processed 5 samples in 4.165337085723877 s [/mnt/ioopt/appbench/apps/MLPerf-storage/dlio_benchmark/dlio_benchmark/utils/statscounter.py:325]
[INFO] 2025-05-05T17:16:19.582273 Rank 0 step 124 processed 5 samples in 2.9438321590423584 s [/mnt/ioopt/appbench/apps/MLPerf-storage/dlio_benchmark/dlio_benchmark/utils/statscounter.py:325]
[INFO] 2025-05-05T17:16:21.408847 Rank 0 step 125 processed 5 samples in 1.8260726928710938 s [/mnt/ioopt/appbench/apps/MLPerf-storage/dlio_benchmark/dlio_benchmark/utils/statscounter.py:325]
[INFO] 2025-05-05T17:16:32.113188 Rank 0 step 126 processed 5 samples in 10.703835725784302 s [/mnt/ioopt/appbench/apps/MLPerf-storage/dlio_benchmark/dlio_benchmark/utils/statscounter.py:325]
[INFO] 2025-05-05T17:16:38.415155 Rank 0 step 127 processed 5 samples in 6.301603555679321 s [/mnt/ioopt/appbench/apps/MLPerf-storage/dlio_benchmark/dlio_benchmark/utils/statscounter.py:325]
[INFO] 2025-05-05T17:16:38.744327 Rank 0 step 128 processed 5 samples in 0.3286442756652832 s [/mnt/ioopt/appbench/apps/MLPerf-storage/dlio_benchmark/dlio_benchmark/utils/statscounter.py:325]
[INFO] 2025-05-05T17:16:39.073137 Rank 0 step 129 processed 5 samples in 0.32834625244140625 s [/mnt/ioopt/appbench/apps/MLPerf-storage/dlio_benchmark/dlio_benchmark/utils/statscounter.py:325]
[INFO] 2025-05-05T17:16:39.402039 Rank 0 step 130 processed 5 samples in 0.3284444808959961 s [/mnt/ioopt/appbench/apps/MLPerf-storage/dlio_benchmark/dlio_benchmark/utils/statscounter.py:325]
[INFO] 2025-05-05T17:16:39.731066 Rank 0 step 131 processed 5 samples in 0.32857847213745117 s [/mnt/ioopt/appbench/apps/MLPerf-storage/dlio_benchmark/dlio_benchmark/utils/statscounter.py:325]
[INFO] 2025-05-05T17:16:40.060041 Rank 0 step 132 processed 5 samples in 0.3285493850708008 s [/mnt/ioopt/appbench/apps/MLPerf-storage/dlio_benchmark/dlio_benchmark/utils/statscounter.py:325]
[INFO] 2025-05-05T17:16:40.389006 Rank 0 step 133 processed 5 samples in 0.328533411026001 s [/mnt/ioopt/appbench/apps/MLPerf-storage/dlio_benchmark/dlio_benchmark/utils/statscounter.py:325]
[INFO] 2025-05-05T17:16:40.719729 Rank 0 step 134 processed 5 samples in 0.33030176162719727 s [/mnt/ioopt/appbench/apps/MLPerf-storage/dlio_benchmark/dlio_benchmark/utils/statscounter.py:325]
[INFO] 2025-05-05T17:16:41.048927 Rank 0 step 135 processed 5 samples in 0.3287339210510254 s [/mnt/ioopt/appbench/apps/MLPerf-storage/dlio_benchmark/dlio_benchmark/utils/statscounter.py:325]
[INFO] 2025-05-05T17:16:41.380247 Rank 0 step 136 processed 5 samples in 0.3308677673339844 s [/mnt/ioopt/appbench/apps/MLPerf-storage/dlio_benchmark/dlio_benchmark/utils/statscounter.py:325]
[INFO] 2025-05-05T17:16:44.410750 Rank 0 step 137 processed 5 samples in 3.030071496963501 s [/mnt/ioopt/appbench/apps/MLPerf-storage/dlio_benchmark/dlio_benchmark/utils/statscounter.py:325]
[INFO] 2025-05-05T17:16:53.690022 Rank 0 step 138 processed 5 samples in 9.227174758911133 s [/mnt/ioopt/appbench/apps/MLPerf-storage/dlio_benchmark/dlio_benchmark/utils/statscounter.py:325]
[INFO] 2025-05-05T17:17:04.311926 Rank 0 step 139 processed 5 samples in 10.621208667755127 s [/mnt/ioopt/appbench/apps/MLPerf-storage/dlio_benchmark/dlio_benchmark/utils/statscounter.py:325]
[INFO] 2025-05-05T17:17:08.510116 Rank 0 step 140 processed 5 samples in 4.197667360305786 s [/mnt/ioopt/appbench/apps/MLPerf-storage/dlio_benchmark/dlio_benchmark/utils/statscounter.py:325]
[INFO] 2025-05-05T17:17:10.291960 Rank 0 step 141 processed 5 samples in 1.781313180923462 s [/mnt/ioopt/appbench/apps/MLPerf-storage/dlio_benchmark/dlio_benchmark/utils/statscounter.py:325]
[INFO] 2025-05-05T17:17:10.620881 Rank 0 step 142 processed 5 samples in 0.328380823135376 s [/mnt/ioopt/appbench/apps/MLPerf-storage/dlio_benchmark/dlio_benchmark/utils/statscounter.py:325]
[INFO] 2025-05-05T17:17:13.854160 Rank 0 step 143 processed 5 samples in 3.2327873706817627 s [/mnt/ioopt/appbench/apps/MLPerf-storage/dlio_benchmark/dlio_benchmark/utils/statscounter.py:325]
[INFO] 2025-05-05T17:17:14.183175 Rank 0 step 144 processed 5 samples in 0.32850217819213867 s [/mnt/ioopt/appbench/apps/MLPerf-storage/dlio_benchmark/dlio_benchmark/utils/statscounter.py:325]
[INFO] 2025-05-05T17:17:14.512294 Rank 0 step 145 processed 5 samples in 0.3286552429199219 s [/mnt/ioopt/appbench/apps/MLPerf-storage/dlio_benchmark/dlio_benchmark/utils/statscounter.py:325]
[INFO] 2025-05-05T17:17:14.841494 Rank 0 step 146 processed 5 samples in 0.3287525177001953 s [/mnt/ioopt/appbench/apps/MLPerf-storage/dlio_benchmark/dlio_benchmark/utils/statscounter.py:325]
[INFO] 2025-05-05T17:17:15.171086 Rank 0 step 147 processed 5 samples in 0.3290877342224121 s [/mnt/ioopt/appbench/apps/MLPerf-storage/dlio_benchmark/dlio_benchmark/utils/statscounter.py:325]
[INFO] 2025-05-05T17:17:15.496913 Rank 0 step 148 processed 5 samples in 0.3254227638244629 s [/mnt/ioopt/appbench/apps/MLPerf-storage/dlio_benchmark/dlio_benchmark/utils/statscounter.py:325]
[INFO] 2025-05-05T17:17:15.828334 Rank 0 step 149 processed 5 samples in 0.3309638500213623 s [/mnt/ioopt/appbench/apps/MLPerf-storage/dlio_benchmark/dlio_benchmark/utils/statscounter.py:325]
[INFO] 2025-05-05T17:17:16.967720 Rank 0 step 150 processed 5 samples in 1.138930082321167 s [/mnt/ioopt/appbench/apps/MLPerf-storage/dlio_benchmark/dlio_benchmark/utils/statscounter.py:325]
[INFO] 2025-05-05T17:17:37.809309 Rank 0 step 151 processed 5 samples in 20.84106969833374 s [/mnt/ioopt/appbench/apps/MLPerf-storage/dlio_benchmark/dlio_benchmark/utils/statscounter.py:325]
[INFO] 2025-05-05T17:17:40.762158 Rank 0 step 152 processed 5 samples in 2.9523422718048096 s [/mnt/ioopt/appbench/apps/MLPerf-storage/dlio_benchmark/dlio_benchmark/utils/statscounter.py:325]
[INFO] 2025-05-05T17:17:41.091055 Rank 0 step 153 processed 5 samples in 0.3283674716949463 s [/mnt/ioopt/appbench/apps/MLPerf-storage/dlio_benchmark/dlio_benchmark/utils/statscounter.py:325]
[INFO] 2025-05-05T17:17:41.420123 Rank 0 step 154 processed 5 samples in 0.3286285400390625 s [/mnt/ioopt/appbench/apps/MLPerf-storage/dlio_benchmark/dlio_benchmark/utils/statscounter.py:325]
[INFO] 2025-05-05T17:17:41.746170 Rank 0 step 155 processed 5 samples in 0.3257286548614502 s [/mnt/ioopt/appbench/apps/MLPerf-storage/dlio_benchmark/dlio_benchmark/utils/statscounter.py:325]
[INFO] 2025-05-05T17:17:42.073886 Rank 0 step 156 processed 5 samples in 0.32733654975891113 s [/mnt/ioopt/appbench/apps/MLPerf-storage/dlio_benchmark/dlio_benchmark/utils/statscounter.py:325]
[INFO] 2025-05-05T17:17:43.726072 Rank 0 step 157 processed 5 samples in 1.6518404483795166 s [/mnt/ioopt/appbench/apps/MLPerf-storage/dlio_benchmark/dlio_benchmark/utils/statscounter.py:325]
[INFO] 2025-05-05T17:17:44.735768 Rank 0 step 158 processed 5 samples in 1.0092253684997559 s [/mnt/ioopt/appbench/apps/MLPerf-storage/dlio_benchmark/dlio_benchmark/utils/statscounter.py:325]
[INFO] 2025-05-05T17:17:45.061283 Rank 0 step 159 processed 5 samples in 0.32521557807922363 s [/mnt/ioopt/appbench/apps/MLPerf-storage/dlio_benchmark/dlio_benchmark/utils/statscounter.py:325]
[INFO] 2025-05-05T17:17:45.389586 Rank 0 step 160 processed 5 samples in 0.3278512954711914 s [/mnt/ioopt/appbench/apps/MLPerf-storage/dlio_benchmark/dlio_benchmark/utils/statscounter.py:325]
[INFO] 2025-05-05T17:17:45.716417 Rank 0 step 161 processed 5 samples in 0.3265085220336914 s [/mnt/ioopt/appbench/apps/MLPerf-storage/dlio_benchmark/dlio_benchmark/utils/statscounter.py:325]
[INFO] 2025-05-05T17:17:46.495729 Rank 0 step 162 processed 5 samples in 0.7789392471313477 s [/mnt/ioopt/appbench/apps/MLPerf-storage/dlio_benchmark/dlio_benchmark/utils/statscounter.py:325]
[INFO] 2025-05-05T17:18:04.107713 Rank 0 step 163 processed 5 samples in 17.611493825912476 s [/mnt/ioopt/appbench/apps/MLPerf-storage/dlio_benchmark/dlio_benchmark/utils/statscounter.py:325]
[INFO] 2025-05-05T17:18:08.289497 Rank 0 step 164 processed 5 samples in 4.1812639236450195 s [/mnt/ioopt/appbench/apps/MLPerf-storage/dlio_benchmark/dlio_benchmark/utils/statscounter.py:325]
[INFO] 2025-05-05T17:18:08.618384 Rank 0 step 165 processed 5 samples in 0.3283860683441162 s [/mnt/ioopt/appbench/apps/MLPerf-storage/dlio_benchmark/dlio_benchmark/utils/statscounter.py:325]
[INFO] 2025-05-05T17:18:08.947188 Rank 0 step 166 processed 5 samples in 0.32834553718566895 s [/mnt/ioopt/appbench/apps/MLPerf-storage/dlio_benchmark/dlio_benchmark/utils/statscounter.py:325]
[INFO] 2025-05-05T17:18:09.278143 Rank 0 step 167 processed 5 samples in 0.33048057556152344 s [/mnt/ioopt/appbench/apps/MLPerf-storage/dlio_benchmark/dlio_benchmark/utils/statscounter.py:325]
[INFO] 2025-05-05T17:18:09.607968 Rank 0 step 168 processed 5 samples in 0.32938051223754883 s [/mnt/ioopt/appbench/apps/MLPerf-storage/dlio_benchmark/dlio_benchmark/utils/statscounter.py:325]
[INFO] 2025-05-05T17:18:09.937558 Rank 0 step 169 processed 5 samples in 0.3285975456237793 s [/mnt/ioopt/appbench/apps/MLPerf-storage/dlio_benchmark/dlio_benchmark/utils/statscounter.py:325]
[INFO] 2025-05-05T17:18:10.266814 Rank 0 step 170 processed 5 samples in 0.32883119583129883 s [/mnt/ioopt/appbench/apps/MLPerf-storage/dlio_benchmark/dlio_benchmark/utils/statscounter.py:325]
[INFO] 2025-05-05T17:18:11.731777 Rank 0 step 171 processed 5 samples in 1.4645733833312988 s [/mnt/ioopt/appbench/apps/MLPerf-storage/dlio_benchmark/dlio_benchmark/utils/statscounter.py:325]
[INFO] 2025-05-05T17:18:14.190005 Rank 0 step 172 processed 5 samples in 2.4579691886901855 s [/mnt/ioopt/appbench/apps/MLPerf-storage/dlio_benchmark/dlio_benchmark/utils/statscounter.py:325]
[INFO] 2025-05-05T17:18:14.518834 Rank 0 step 173 processed 5 samples in 0.32829833030700684 s [/mnt/ioopt/appbench/apps/MLPerf-storage/dlio_benchmark/dlio_benchmark/utils/statscounter.py:325]
[INFO] 2025-05-05T17:18:14.847942 Rank 0 step 174 processed 5 samples in 0.328540563583374 s [/mnt/ioopt/appbench/apps/MLPerf-storage/dlio_benchmark/dlio_benchmark/utils/statscounter.py:325]
[INFO] 2025-05-05T17:18:32.404630 Rank 0 step 175 processed 5 samples in 17.556191205978394 s [/mnt/ioopt/appbench/apps/MLPerf-storage/dlio_benchmark/dlio_benchmark/utils/statscounter.py:325]
[INFO] 2025-05-05T17:18:32.733938 Rank 0 step 176 processed 5 samples in 0.3287365436553955 s [/mnt/ioopt/appbench/apps/MLPerf-storage/dlio_benchmark/dlio_benchmark/utils/statscounter.py:325]
[INFO] 2025-05-05T17:18:33.063329 Rank 0 step 177 processed 5 samples in 0.32886457443237305 s [/mnt/ioopt/appbench/apps/MLPerf-storage/dlio_benchmark/dlio_benchmark/utils/statscounter.py:325]
[INFO] 2025-05-05T17:18:35.599052 Rank 0 step 178 processed 5 samples in 2.5352604389190674 s [/mnt/ioopt/appbench/apps/MLPerf-storage/dlio_benchmark/dlio_benchmark/utils/statscounter.py:325]
[INFO] 2025-05-05T17:18:35.927197 Rank 0 step 179 processed 5 samples in 0.3276968002319336 s [/mnt/ioopt/appbench/apps/MLPerf-storage/dlio_benchmark/dlio_benchmark/utils/statscounter.py:325]
[INFO] 2025-05-05T17:18:36.255934 Rank 0 step 180 processed 5 samples in 0.32828640937805176 s [/mnt/ioopt/appbench/apps/MLPerf-storage/dlio_benchmark/dlio_benchmark/utils/statscounter.py:325]
[INFO] 2025-05-05T17:18:36.585027 Rank 0 step 181 processed 5 samples in 0.3286604881286621 s [/mnt/ioopt/appbench/apps/MLPerf-storage/dlio_benchmark/dlio_benchmark/utils/statscounter.py:325]
[INFO] 2025-05-05T17:18:36.916793 Rank 0 step 182 processed 5 samples in 0.33127284049987793 s [/mnt/ioopt/appbench/apps/MLPerf-storage/dlio_benchmark/dlio_benchmark/utils/statscounter.py:325]
[INFO] 2025-05-05T17:18:37.431582 Rank 0 step 183 processed 5 samples in 0.5143306255340576 s [/mnt/ioopt/appbench/apps/MLPerf-storage/dlio_benchmark/dlio_benchmark/utils/statscounter.py:325]
[INFO] 2025-05-05T17:18:37.759308 Rank 0 step 184 processed 5 samples in 0.32729172706604004 s [/mnt/ioopt/appbench/apps/MLPerf-storage/dlio_benchmark/dlio_benchmark/utils/statscounter.py:325]
[INFO] 2025-05-05T17:18:38.088440 Rank 0 step 185 processed 5 samples in 0.3286755084991455 s [/mnt/ioopt/appbench/apps/MLPerf-storage/dlio_benchmark/dlio_benchmark/utils/statscounter.py:325]
[INFO] 2025-05-05T17:18:40.860783 Rank 0 step 186 processed 5 samples in 2.7718918323516846 s [/mnt/ioopt/appbench/apps/MLPerf-storage/dlio_benchmark/dlio_benchmark/utils/statscounter.py:325]
[INFO] 2025-05-05T17:19:01.877725 Rank 0 step 187 processed 5 samples in 21.016387462615967 s [/mnt/ioopt/appbench/apps/MLPerf-storage/dlio_benchmark/dlio_benchmark/utils/statscounter.py:325]
[INFO] 2025-05-05T17:19:02.206692 Rank 0 step 188 processed 5 samples in 0.32840394973754883 s [/mnt/ioopt/appbench/apps/MLPerf-storage/dlio_benchmark/dlio_benchmark/utils/statscounter.py:325]
[INFO] 2025-05-05T17:19:03.622936 Rank 0 step 189 processed 5 samples in 1.4157419204711914 s [/mnt/ioopt/appbench/apps/MLPerf-storage/dlio_benchmark/dlio_benchmark/utils/statscounter.py:325]
[INFO] 2025-05-05T17:19:06.177000 Rank 0 step 190 processed 5 samples in 2.5535597801208496 s [/mnt/ioopt/appbench/apps/MLPerf-storage/dlio_benchmark/dlio_benchmark/utils/statscounter.py:325]
[INFO] 2025-05-05T17:19:06.505911 Rank 0 step 191 processed 5 samples in 0.3283858299255371 s [/mnt/ioopt/appbench/apps/MLPerf-storage/dlio_benchmark/dlio_benchmark/utils/statscounter.py:325]
[INFO] 2025-05-05T17:19:06.834944 Rank 0 step 192 processed 5 samples in 0.3286111354827881 s [/mnt/ioopt/appbench/apps/MLPerf-storage/dlio_benchmark/dlio_benchmark/utils/statscounter.py:325]
[INFO] 2025-05-05T17:19:11.043224 Rank 0 step 193 processed 5 samples in 4.207924127578735 s [/mnt/ioopt/appbench/apps/MLPerf-storage/dlio_benchmark/dlio_benchmark/utils/statscounter.py:325]
[INFO] 2025-05-05T17:19:11.372255 Rank 0 step 194 processed 5 samples in 0.32856082916259766 s [/mnt/ioopt/appbench/apps/MLPerf-storage/dlio_benchmark/dlio_benchmark/utils/statscounter.py:325]
[INFO] 2025-05-05T17:19:12.213873 Rank 0 step 195 processed 5 samples in 0.841163158416748 s [/mnt/ioopt/appbench/apps/MLPerf-storage/dlio_benchmark/dlio_benchmark/utils/statscounter.py:325]
[INFO] 2025-05-05T17:19:12.542884 Rank 0 step 196 processed 5 samples in 0.32855677604675293 s [/mnt/ioopt/appbench/apps/MLPerf-storage/dlio_benchmark/dlio_benchmark/utils/statscounter.py:325]
[INFO] 2025-05-05T17:19:12.871677 Rank 0 step 197 processed 5 samples in 0.32831597328186035 s [/mnt/ioopt/appbench/apps/MLPerf-storage/dlio_benchmark/dlio_benchmark/utils/statscounter.py:325]
[INFO] 2025-05-05T17:19:13.200538 Rank 0 step 198 processed 5 samples in 0.32839083671569824 s [/mnt/ioopt/appbench/apps/MLPerf-storage/dlio_benchmark/dlio_benchmark/utils/statscounter.py:325]
[INFO] 2025-05-05T17:19:21.178048 Rank 0 step 199 processed 5 samples in 7.977034091949463 s [/mnt/ioopt/appbench/apps/MLPerf-storage/dlio_benchmark/dlio_benchmark/utils/statscounter.py:325]
[INFO] 2025-05-05T17:19:34.149599 Rank 0 step 200 processed 5 samples in 12.970871448516846 s [/mnt/ioopt/appbench/apps/MLPerf-storage/dlio_benchmark/dlio_benchmark/utils/statscounter.py:325]
[INFO] 2025-05-05T17:19:34.478890 Rank 0 step 201 processed 5 samples in 0.3287968635559082 s [/mnt/ioopt/appbench/apps/MLPerf-storage/dlio_benchmark/dlio_benchmark/utils/statscounter.py:325]
[INFO] 2025-05-05T17:19:34.807930 Rank 0 step 202 processed 5 samples in 0.3285534381866455 s [/mnt/ioopt/appbench/apps/MLPerf-storage/dlio_benchmark/dlio_benchmark/utils/statscounter.py:325]
[INFO] 2025-05-05T17:19:35.139087 Rank 0 step 203 processed 5 samples in 0.3306877613067627 s [/mnt/ioopt/appbench/apps/MLPerf-storage/dlio_benchmark/dlio_benchmark/utils/statscounter.py:325]
[INFO] 2025-05-05T17:19:38.745255 Rank 0 step 204 processed 5 samples in 3.6057045459747314 s [/mnt/ioopt/appbench/apps/MLPerf-storage/dlio_benchmark/dlio_benchmark/utils/statscounter.py:325]
[INFO] 2025-05-05T17:19:39.074048 Rank 0 step 205 processed 5 samples in 0.32833099365234375 s [/mnt/ioopt/appbench/apps/MLPerf-storage/dlio_benchmark/dlio_benchmark/utils/statscounter.py:325]
[INFO] 2025-05-05T17:19:39.695270 Rank 0 step 206 processed 5 samples in 0.6207537651062012 s [/mnt/ioopt/appbench/apps/MLPerf-storage/dlio_benchmark/dlio_benchmark/utils/statscounter.py:325]
[INFO] 2025-05-05T17:19:40.462789 Rank 0 step 207 processed 5 samples in 0.7670660018920898 s [/mnt/ioopt/appbench/apps/MLPerf-storage/dlio_benchmark/dlio_benchmark/utils/statscounter.py:325]
[INFO] 2025-05-05T17:19:40.791574 Rank 0 step 208 processed 5 samples in 0.32830286026000977 s [/mnt/ioopt/appbench/apps/MLPerf-storage/dlio_benchmark/dlio_benchmark/utils/statscounter.py:325]
[INFO] 2025-05-05T17:19:41.120279 Rank 0 step 209 processed 5 samples in 0.3282642364501953 s [/mnt/ioopt/appbench/apps/MLPerf-storage/dlio_benchmark/dlio_benchmark/utils/statscounter.py:325]
[INFO] 2025-05-05T17:19:41.449299 Rank 0 step 210 processed 5 samples in 0.32860374450683594 s [/mnt/ioopt/appbench/apps/MLPerf-storage/dlio_benchmark/dlio_benchmark/utils/statscounter.py:325]
[INFO] 2025-05-05T17:19:46.097383 Rank 0 step 211 processed 5 samples in 4.647674798965454 s [/mnt/ioopt/appbench/apps/MLPerf-storage/dlio_benchmark/dlio_benchmark/utils/statscounter.py:325]
[INFO] 2025-05-05T17:20:03.318538 Rank 0 step 212 processed 5 samples in 17.220687866210938 s [/mnt/ioopt/appbench/apps/MLPerf-storage/dlio_benchmark/dlio_benchmark/utils/statscounter.py:325]
[INFO] 2025-05-05T17:20:04.320316 Rank 0 step 213 processed 5 samples in 1.0013196468353271 s [/mnt/ioopt/appbench/apps/MLPerf-storage/dlio_benchmark/dlio_benchmark/utils/statscounter.py:325]
[INFO] 2025-05-05T17:20:04.647828 Rank 0 step 214 processed 5 samples in 0.3270595073699951 s [/mnt/ioopt/appbench/apps/MLPerf-storage/dlio_benchmark/dlio_benchmark/utils/statscounter.py:325]
[INFO] 2025-05-05T17:20:04.977299 Rank 0 step 215 processed 5 samples in 0.32893991470336914 s [/mnt/ioopt/appbench/apps/MLPerf-storage/dlio_benchmark/dlio_benchmark/utils/statscounter.py:325]
[INFO] 2025-05-05T17:20:05.306135 Rank 0 step 216 processed 5 samples in 0.32833194732666016 s [/mnt/ioopt/appbench/apps/MLPerf-storage/dlio_benchmark/dlio_benchmark/utils/statscounter.py:325]
[INFO] 2025-05-05T17:20:05.635134 Rank 0 step 217 processed 5 samples in 0.32854747772216797 s [/mnt/ioopt/appbench/apps/MLPerf-storage/dlio_benchmark/dlio_benchmark/utils/statscounter.py:325]
[INFO] 2025-05-05T17:20:11.767176 Rank 0 step 218 processed 5 samples in 6.131591320037842 s [/mnt/ioopt/appbench/apps/MLPerf-storage/dlio_benchmark/dlio_benchmark/utils/statscounter.py:325]
[INFO] 2025-05-05T17:20:12.093971 Rank 0 step 219 processed 5 samples in 0.32647252082824707 s [/mnt/ioopt/appbench/apps/MLPerf-storage/dlio_benchmark/dlio_benchmark/utils/statscounter.py:325]
[INFO] 2025-05-05T17:20:12.420536 Rank 0 step 220 processed 5 samples in 0.32624316215515137 s [/mnt/ioopt/appbench/apps/MLPerf-storage/dlio_benchmark/dlio_benchmark/utils/statscounter.py:325]
[INFO] 2025-05-05T17:20:12.749868 Rank 0 step 221 processed 5 samples in 0.3286879062652588 s [/mnt/ioopt/appbench/apps/MLPerf-storage/dlio_benchmark/dlio_benchmark/utils/statscounter.py:325]
[INFO] 2025-05-05T17:20:13.079605 Rank 0 step 222 processed 5 samples in 0.3292806148529053 s [/mnt/ioopt/appbench/apps/MLPerf-storage/dlio_benchmark/dlio_benchmark/utils/statscounter.py:325]
[INFO] 2025-05-05T17:20:13.411086 Rank 0 step 223 processed 5 samples in 0.3310225009918213 s [/mnt/ioopt/appbench/apps/MLPerf-storage/dlio_benchmark/dlio_benchmark/utils/statscounter.py:325]
[INFO] 2025-05-05T17:20:30.219323 Rank 0 step 224 processed 5 samples in 16.807701110839844 s [/mnt/ioopt/appbench/apps/MLPerf-storage/dlio_benchmark/dlio_benchmark/utils/statscounter.py:325]
[INFO] 2025-05-05T17:20:31.670765 Rank 0 step 225 processed 5 samples in 1.450934886932373 s [/mnt/ioopt/appbench/apps/MLPerf-storage/dlio_benchmark/dlio_benchmark/utils/statscounter.py:325]
[INFO] 2025-05-05T17:20:38.869263 Rank 0 step 226 processed 5 samples in 7.197977066040039 s [/mnt/ioopt/appbench/apps/MLPerf-storage/dlio_benchmark/dlio_benchmark/utils/statscounter.py:325]
[INFO] 2025-05-05T17:20:39.198278 Rank 0 step 227 processed 5 samples in 0.32849645614624023 s [/mnt/ioopt/appbench/apps/MLPerf-storage/dlio_benchmark/dlio_benchmark/utils/statscounter.py:325]
[INFO] 2025-05-05T17:20:39.527138 Rank 0 step 228 processed 5 samples in 0.32839512825012207 s [/mnt/ioopt/appbench/apps/MLPerf-storage/dlio_benchmark/dlio_benchmark/utils/statscounter.py:325]
[INFO] 2025-05-05T17:20:39.860704 Rank 0 step 229 processed 5 samples in 0.3330862522125244 s [/mnt/ioopt/appbench/apps/MLPerf-storage/dlio_benchmark/dlio_benchmark/utils/statscounter.py:325]
[INFO] 2025-05-05T17:20:42.395738 Rank 0 step 230 processed 5 samples in 2.5342681407928467 s [/mnt/ioopt/appbench/apps/MLPerf-storage/dlio_benchmark/dlio_benchmark/utils/statscounter.py:325]
[INFO] 2025-05-05T17:20:42.725006 Rank 0 step 231 processed 5 samples in 0.3287694454193115 s [/mnt/ioopt/appbench/apps/MLPerf-storage/dlio_benchmark/dlio_benchmark/utils/statscounter.py:325]
[INFO] 2025-05-05T17:20:43.627446 Rank 0 step 232 processed 5 samples in 0.9020006656646729 s [/mnt/ioopt/appbench/apps/MLPerf-storage/dlio_benchmark/dlio_benchmark/utils/statscounter.py:325]
[INFO] 2025-05-05T17:20:43.956301 Rank 0 step 233 processed 5 samples in 0.32832837104797363 s [/mnt/ioopt/appbench/apps/MLPerf-storage/dlio_benchmark/dlio_benchmark/utils/statscounter.py:325]
[INFO] 2025-05-05T17:20:44.285656 Rank 0 step 234 processed 5 samples in 0.3288383483886719 s [/mnt/ioopt/appbench/apps/MLPerf-storage/dlio_benchmark/dlio_benchmark/utils/statscounter.py:325]
[INFO] 2025-05-05T17:20:44.614662 Rank 0 step 235 processed 5 samples in 0.32850098609924316 s [/mnt/ioopt/appbench/apps/MLPerf-storage/dlio_benchmark/dlio_benchmark/utils/statscounter.py:325]
[INFO] 2025-05-05T17:20:49.725983 Rank 0 step 236 processed 5 samples in 5.110834836959839 s [/mnt/ioopt/appbench/apps/MLPerf-storage/dlio_benchmark/dlio_benchmark/utils/statscounter.py:325]
[INFO] 2025-05-05T17:20:57.019156 Rank 0 step 237 processed 5 samples in 7.292670249938965 s [/mnt/ioopt/appbench/apps/MLPerf-storage/dlio_benchmark/dlio_benchmark/utils/statscounter.py:325]
[INFO] 2025-05-05T17:21:04.267372 Rank 0 step 238 processed 5 samples in 7.2477312088012695 s [/mnt/ioopt/appbench/apps/MLPerf-storage/dlio_benchmark/dlio_benchmark/utils/statscounter.py:325]
[INFO] 2025-05-05T17:21:07.218799 Rank 0 step 239 processed 5 samples in 2.9509530067443848 s [/mnt/ioopt/appbench/apps/MLPerf-storage/dlio_benchmark/dlio_benchmark/utils/statscounter.py:325]
[INFO] 2025-05-05T17:21:10.398891 Rank 0 step 240 processed 5 samples in 3.179687261581421 s [/mnt/ioopt/appbench/apps/MLPerf-storage/dlio_benchmark/dlio_benchmark/utils/statscounter.py:325]
[INFO] 2025-05-05T17:21:10.727719 Rank 0 step 241 processed 5 samples in 0.3283355236053467 s [/mnt/ioopt/appbench/apps/MLPerf-storage/dlio_benchmark/dlio_benchmark/utils/statscounter.py:325]
[INFO] 2025-05-05T17:21:17.246178 Rank 0 step 242 processed 5 samples in 6.518007040023804 s [/mnt/ioopt/appbench/apps/MLPerf-storage/dlio_benchmark/dlio_benchmark/utils/statscounter.py:325]
[INFO] 2025-05-05T17:21:18.055138 Rank 0 step 243 processed 5 samples in 0.8084945678710938 s [/mnt/ioopt/appbench/apps/MLPerf-storage/dlio_benchmark/dlio_benchmark/utils/statscounter.py:325]
[INFO] 2025-05-05T17:21:18.384327 Rank 0 step 244 processed 5 samples in 0.3287193775177002 s [/mnt/ioopt/appbench/apps/MLPerf-storage/dlio_benchmark/dlio_benchmark/utils/statscounter.py:325]
[INFO] 2025-05-05T17:21:18.713079 Rank 0 step 245 processed 5 samples in 0.32828807830810547 s [/mnt/ioopt/appbench/apps/MLPerf-storage/dlio_benchmark/dlio_benchmark/utils/statscounter.py:325]
[INFO] 2025-05-05T17:21:19.042084 Rank 0 step 246 processed 5 samples in 0.3285837173461914 s [/mnt/ioopt/appbench/apps/MLPerf-storage/dlio_benchmark/dlio_benchmark/utils/statscounter.py:325]
[INFO] 2025-05-05T17:21:19.371141 Rank 0 step 247 processed 5 samples in 0.3285961151123047 s [/mnt/ioopt/appbench/apps/MLPerf-storage/dlio_benchmark/dlio_benchmark/utils/statscounter.py:325]
[INFO] 2025-05-05T17:21:19.701902 Rank 0 step 248 processed 5 samples in 0.33034729957580566 s [/mnt/ioopt/appbench/apps/MLPerf-storage/dlio_benchmark/dlio_benchmark/utils/statscounter.py:325]
[INFO] 2025-05-05T17:21:24.393803 Rank 0 step 249 processed 5 samples in 4.691461801528931 s [/mnt/ioopt/appbench/apps/MLPerf-storage/dlio_benchmark/dlio_benchmark/utils/statscounter.py:325]
[INFO] 2025-05-05T17:21:34.479015 Rank 0 step 250 processed 5 samples in 10.08463191986084 s [/mnt/ioopt/appbench/apps/MLPerf-storage/dlio_benchmark/dlio_benchmark/utils/statscounter.py:325]
[INFO] 2025-05-05T17:21:34.806593 Rank 0 step 251 processed 5 samples in 0.32707953453063965 s [/mnt/ioopt/appbench/apps/MLPerf-storage/dlio_benchmark/dlio_benchmark/utils/statscounter.py:325]
[INFO] 2025-05-05T17:21:35.135794 Rank 0 step 252 processed 5 samples in 0.3286895751953125 s [/mnt/ioopt/appbench/apps/MLPerf-storage/dlio_benchmark/dlio_benchmark/utils/statscounter.py:325]
[INFO] 2025-05-05T17:21:38.158839 Rank 0 step 253 processed 5 samples in 3.0226213932037354 s [/mnt/ioopt/appbench/apps/MLPerf-storage/dlio_benchmark/dlio_benchmark/utils/statscounter.py:325]
[INFO] 2025-05-05T17:21:47.148250 Rank 0 step 254 processed 5 samples in 8.988734006881714 s [/mnt/ioopt/appbench/apps/MLPerf-storage/dlio_benchmark/dlio_benchmark/utils/statscounter.py:325]
[INFO] 2025-05-05T17:21:47.477095 Rank 0 step 255 processed 5 samples in 0.32837820053100586 s [/mnt/ioopt/appbench/apps/MLPerf-storage/dlio_benchmark/dlio_benchmark/utils/statscounter.py:325]
[INFO] 2025-05-05T17:21:47.806173 Rank 0 step 256 processed 5 samples in 0.32866573333740234 s [/mnt/ioopt/appbench/apps/MLPerf-storage/dlio_benchmark/dlio_benchmark/utils/statscounter.py:325]
[INFO] 2025-05-05T17:21:48.135132 Rank 0 step 257 processed 5 samples in 0.32854342460632324 s [/mnt/ioopt/appbench/apps/MLPerf-storage/dlio_benchmark/dlio_benchmark/utils/statscounter.py:325]
[INFO] 2025-05-05T17:21:48.464588 Rank 0 step 258 processed 5 samples in 0.32901859283447266 s [/mnt/ioopt/appbench/apps/MLPerf-storage/dlio_benchmark/dlio_benchmark/utils/statscounter.py:325]
[INFO] 2025-05-05T17:21:48.793589 Rank 0 step 259 processed 5 samples in 0.3284776210784912 s [/mnt/ioopt/appbench/apps/MLPerf-storage/dlio_benchmark/dlio_benchmark/utils/statscounter.py:325]
[INFO] 2025-05-05T17:21:49.120332 Rank 0 step 260 processed 5 samples in 0.32632946968078613 s [/mnt/ioopt/appbench/apps/MLPerf-storage/dlio_benchmark/dlio_benchmark/utils/statscounter.py:325]
[INFO] 2025-05-05T17:21:50.636707 Rank 0 step 261 processed 5 samples in 1.5158207416534424 s [/mnt/ioopt/appbench/apps/MLPerf-storage/dlio_benchmark/dlio_benchmark/utils/statscounter.py:325]
[INFO] 2025-05-05T17:21:59.617107 Rank 0 step 262 processed 5 samples in 8.979854106903076 s [/mnt/ioopt/appbench/apps/MLPerf-storage/dlio_benchmark/dlio_benchmark/utils/statscounter.py:325]
[INFO] 2025-05-05T17:21:59.946346 Rank 0 step 263 processed 5 samples in 0.328721284866333 s [/mnt/ioopt/appbench/apps/MLPerf-storage/dlio_benchmark/dlio_benchmark/utils/statscounter.py:325]
[INFO] 2025-05-05T17:22:03.197574 Rank 0 step 264 processed 5 samples in 3.2507333755493164 s [/mnt/ioopt/appbench/apps/MLPerf-storage/dlio_benchmark/dlio_benchmark/utils/statscounter.py:325]
[INFO] 2025-05-05T17:22:03.526406 Rank 0 step 265 processed 5 samples in 0.3283367156982422 s [/mnt/ioopt/appbench/apps/MLPerf-storage/dlio_benchmark/dlio_benchmark/utils/statscounter.py:325]
[INFO] 2025-05-05T17:22:09.022616 Rank 0 step 266 processed 5 samples in 5.495743751525879 s [/mnt/ioopt/appbench/apps/MLPerf-storage/dlio_benchmark/dlio_benchmark/utils/statscounter.py:325]
[INFO] 2025-05-05T17:22:09.353149 Rank 0 step 267 processed 5 samples in 0.33007073402404785 s [/mnt/ioopt/appbench/apps/MLPerf-storage/dlio_benchmark/dlio_benchmark/utils/statscounter.py:325]
[INFO] 2025-05-05T17:22:10.948390 Rank 0 step 268 processed 5 samples in 1.5947842597961426 s [/mnt/ioopt/appbench/apps/MLPerf-storage/dlio_benchmark/dlio_benchmark/utils/statscounter.py:325]
[INFO] 2025-05-05T17:22:20.384730 Rank 0 step 269 processed 5 samples in 9.435787439346313 s [/mnt/ioopt/appbench/apps/MLPerf-storage/dlio_benchmark/dlio_benchmark/utils/statscounter.py:325]
[INFO] 2025-05-05T17:22:20.713745 Rank 0 step 270 processed 5 samples in 0.3285088539123535 s [/mnt/ioopt/appbench/apps/MLPerf-storage/dlio_benchmark/dlio_benchmark/utils/statscounter.py:325]
[INFO] 2025-05-05T17:22:21.040718 Rank 0 step 271 processed 5 samples in 0.3265082836151123 s [/mnt/ioopt/appbench/apps/MLPerf-storage/dlio_benchmark/dlio_benchmark/utils/statscounter.py:325]
[INFO] 2025-05-05T17:22:21.370059 Rank 0 step 272 processed 5 samples in 0.3287780284881592 s [/mnt/ioopt/appbench/apps/MLPerf-storage/dlio_benchmark/dlio_benchmark/utils/statscounter.py:325]
[INFO] 2025-05-05T17:22:21.699044 Rank 0 step 273 processed 5 samples in 0.3284604549407959 s [/mnt/ioopt/appbench/apps/MLPerf-storage/dlio_benchmark/dlio_benchmark/utils/statscounter.py:325]
[INFO] 2025-05-05T17:22:27.910252 Rank 0 step 274 processed 5 samples in 6.210713863372803 s [/mnt/ioopt/appbench/apps/MLPerf-storage/dlio_benchmark/dlio_benchmark/utils/statscounter.py:325]
[INFO] 2025-05-05T17:22:28.239248 Rank 0 step 275 processed 5 samples in 0.3284776210784912 s [/mnt/ioopt/appbench/apps/MLPerf-storage/dlio_benchmark/dlio_benchmark/utils/statscounter.py:325]
[INFO] 2025-05-05T17:22:29.342816 Rank 0 step 276 processed 5 samples in 1.1030983924865723 s [/mnt/ioopt/appbench/apps/MLPerf-storage/dlio_benchmark/dlio_benchmark/utils/statscounter.py:325]
[INFO] 2025-05-05T17:22:29.672083 Rank 0 step 277 processed 5 samples in 0.32877635955810547 s [/mnt/ioopt/appbench/apps/MLPerf-storage/dlio_benchmark/dlio_benchmark/utils/statscounter.py:325]
[INFO] 2025-05-05T17:22:33.512963 Rank 0 step 278 processed 5 samples in 3.8403568267822266 s [/mnt/ioopt/appbench/apps/MLPerf-storage/dlio_benchmark/dlio_benchmark/utils/statscounter.py:325]
[INFO] 2025-05-05T17:22:33.843359 Rank 0 step 279 processed 5 samples in 0.3292121887207031 s [/mnt/ioopt/appbench/apps/MLPerf-storage/dlio_benchmark/dlio_benchmark/utils/statscounter.py:325]
[INFO] 2025-05-05T17:22:37.578317 Rank 0 step 280 processed 5 samples in 3.734557628631592 s [/mnt/ioopt/appbench/apps/MLPerf-storage/dlio_benchmark/dlio_benchmark/utils/statscounter.py:325]
[INFO] 2025-05-05T17:22:51.298440 Rank 0 step 281 processed 5 samples in 13.719606876373291 s [/mnt/ioopt/appbench/apps/MLPerf-storage/dlio_benchmark/dlio_benchmark/utils/statscounter.py:325]
[INFO] 2025-05-05T17:22:51.627615 Rank 0 step 282 processed 5 samples in 0.32868075370788574 s [/mnt/ioopt/appbench/apps/MLPerf-storage/dlio_benchmark/dlio_benchmark/utils/statscounter.py:325]
[INFO] 2025-05-05T17:22:51.956350 Rank 0 step 283 processed 5 samples in 0.32828640937805176 s [/mnt/ioopt/appbench/apps/MLPerf-storage/dlio_benchmark/dlio_benchmark/utils/statscounter.py:325]
[INFO] 2025-05-05T17:22:52.285038 Rank 0 step 284 processed 5 samples in 0.3282477855682373 s [/mnt/ioopt/appbench/apps/MLPerf-storage/dlio_benchmark/dlio_benchmark/utils/statscounter.py:325]
[INFO] 2025-05-05T17:22:52.613741 Rank 0 step 285 processed 5 samples in 0.3282766342163086 s [/mnt/ioopt/appbench/apps/MLPerf-storage/dlio_benchmark/dlio_benchmark/utils/statscounter.py:325]
[INFO] 2025-05-05T17:22:52.942477 Rank 0 step 286 processed 5 samples in 0.3282766342163086 s [/mnt/ioopt/appbench/apps/MLPerf-storage/dlio_benchmark/dlio_benchmark/utils/statscounter.py:325]
[INFO] 2025-05-05T17:22:53.966608 Rank 0 step 287 processed 5 samples in 1.023712396621704 s [/mnt/ioopt/appbench/apps/MLPerf-storage/dlio_benchmark/dlio_benchmark/utils/statscounter.py:325]
[INFO] 2025-05-05T17:22:54.764404 Rank 0 step 288 processed 5 samples in 0.7973251342773438 s [/mnt/ioopt/appbench/apps/MLPerf-storage/dlio_benchmark/dlio_benchmark/utils/statscounter.py:325]
[INFO] 2025-05-05T17:22:58.772427 Rank 0 step 289 processed 5 samples in 4.007584571838379 s [/mnt/ioopt/appbench/apps/MLPerf-storage/dlio_benchmark/dlio_benchmark/utils/statscounter.py:325]
[INFO] 2025-05-05T17:22:59.101439 Rank 0 step 290 processed 5 samples in 0.32852768898010254 s [/mnt/ioopt/appbench/apps/MLPerf-storage/dlio_benchmark/dlio_benchmark/utils/statscounter.py:325]
[INFO] 2025-05-05T17:23:01.089513 Rank 0 step 291 processed 5 samples in 1.987624168395996 s [/mnt/ioopt/appbench/apps/MLPerf-storage/dlio_benchmark/dlio_benchmark/utils/statscounter.py:325]
[INFO] 2025-05-05T17:23:03.236570 Rank 0 step 292 processed 5 samples in 2.146465539932251 s [/mnt/ioopt/appbench/apps/MLPerf-storage/dlio_benchmark/dlio_benchmark/utils/statscounter.py:325]
[INFO] 2025-05-05T17:23:18.787813 Rank 0 step 293 processed 5 samples in 15.550722599029541 s [/mnt/ioopt/appbench/apps/MLPerf-storage/dlio_benchmark/dlio_benchmark/utils/statscounter.py:325]
[INFO] 2025-05-05T17:23:19.117055 Rank 0 step 294 processed 5 samples in 0.32874107360839844 s [/mnt/ioopt/appbench/apps/MLPerf-storage/dlio_benchmark/dlio_benchmark/utils/statscounter.py:325]
[INFO] 2025-05-05T17:23:19.446538 Rank 0 step 295 processed 5 samples in 0.32898402214050293 s [/mnt/ioopt/appbench/apps/MLPerf-storage/dlio_benchmark/dlio_benchmark/utils/statscounter.py:325]
[INFO] 2025-05-05T17:23:19.775461 Rank 0 step 296 processed 5 samples in 0.3284609317779541 s [/mnt/ioopt/appbench/apps/MLPerf-storage/dlio_benchmark/dlio_benchmark/utils/statscounter.py:325]
[INFO] 2025-05-05T17:23:20.104271 Rank 0 step 297 processed 5 samples in 0.3283543586730957 s [/mnt/ioopt/appbench/apps/MLPerf-storage/dlio_benchmark/dlio_benchmark/utils/statscounter.py:325]
[INFO] 2025-05-05T17:23:20.431253 Rank 0 step 298 processed 5 samples in 0.3265695571899414 s [/mnt/ioopt/appbench/apps/MLPerf-storage/dlio_benchmark/dlio_benchmark/utils/statscounter.py:325]
[INFO] 2025-05-05T17:23:20.759991 Rank 0 step 299 processed 5 samples in 0.328275203704834 s [/mnt/ioopt/appbench/apps/MLPerf-storage/dlio_benchmark/dlio_benchmark/utils/statscounter.py:325]
[INFO] 2025-05-05T17:23:23.293808 Rank 0 step 300 processed 5 samples in 2.5332131385803223 s [/mnt/ioopt/appbench/apps/MLPerf-storage/dlio_benchmark/dlio_benchmark/utils/statscounter.py:325]
[INFO] 2025-05-05T17:23:23.623671 Rank 0 step 301 processed 5 samples in 0.3292734622955322 s [/mnt/ioopt/appbench/apps/MLPerf-storage/dlio_benchmark/dlio_benchmark/utils/statscounter.py:325]
[INFO] 2025-05-05T17:23:29.243311 Rank 0 step 302 processed 5 samples in 5.619178056716919 s [/mnt/ioopt/appbench/apps/MLPerf-storage/dlio_benchmark/dlio_benchmark/utils/statscounter.py:325]
[INFO] 2025-05-05T17:23:29.572019 Rank 0 step 303 processed 5 samples in 0.3282637596130371 s [/mnt/ioopt/appbench/apps/MLPerf-storage/dlio_benchmark/dlio_benchmark/utils/statscounter.py:325]
[INFO] 2025-05-05T17:23:29.901202 Rank 0 step 304 processed 5 samples in 0.3287348747253418 s [/mnt/ioopt/appbench/apps/MLPerf-storage/dlio_benchmark/dlio_benchmark/utils/statscounter.py:325]
[INFO] 2025-05-05T17:23:42.199307 Rank 0 step 305 processed 5 samples in 12.297648906707764 s [/mnt/ioopt/appbench/apps/MLPerf-storage/dlio_benchmark/dlio_benchmark/utils/statscounter.py:325]
[INFO] 2025-05-05T17:23:45.215004 Rank 0 step 306 processed 5 samples in 3.0152244567871094 s [/mnt/ioopt/appbench/apps/MLPerf-storage/dlio_benchmark/dlio_benchmark/utils/statscounter.py:325]
[INFO] 2025-05-05T17:23:47.654785 Rank 0 step 307 processed 5 samples in 2.4392051696777344 s [/mnt/ioopt/appbench/apps/MLPerf-storage/dlio_benchmark/dlio_benchmark/utils/statscounter.py:325]
[INFO] 2025-05-05T17:23:47.982030 Rank 0 step 308 processed 5 samples in 0.32668232917785645 s [/mnt/ioopt/appbench/apps/MLPerf-storage/dlio_benchmark/dlio_benchmark/utils/statscounter.py:325]
[INFO] 2025-05-05T17:23:48.308276 Rank 0 step 309 processed 5 samples in 0.3260018825531006 s [/mnt/ioopt/appbench/apps/MLPerf-storage/dlio_benchmark/dlio_benchmark/utils/statscounter.py:325]
[INFO] 2025-05-05T17:23:49.309020 Rank 0 step 310 processed 5 samples in 1.0004479885101318 s [/mnt/ioopt/appbench/apps/MLPerf-storage/dlio_benchmark/dlio_benchmark/utils/statscounter.py:325]
[INFO] 2025-05-05T17:23:49.638194 Rank 0 step 311 processed 5 samples in 0.32871437072753906 s [/mnt/ioopt/appbench/apps/MLPerf-storage/dlio_benchmark/dlio_benchmark/utils/statscounter.py:325]
[INFO] 2025-05-05T17:23:49.967071 Rank 0 step 312 processed 5 samples in 0.3284111022949219 s [/mnt/ioopt/appbench/apps/MLPerf-storage/dlio_benchmark/dlio_benchmark/utils/statscounter.py:325]
[INFO] 2025-05-05T17:23:50.298556 Rank 0 step 313 processed 5 samples in 0.33103299140930176 s [/mnt/ioopt/appbench/apps/MLPerf-storage/dlio_benchmark/dlio_benchmark/utils/statscounter.py:325]
[INFO] 2025-05-05T17:23:57.166026 Rank 0 step 314 processed 5 samples in 6.867016553878784 s [/mnt/ioopt/appbench/apps/MLPerf-storage/dlio_benchmark/dlio_benchmark/utils/statscounter.py:325]
[INFO] 2025-05-05T17:23:57.495477 Rank 0 step 315 processed 5 samples in 0.3289916515350342 s [/mnt/ioopt/appbench/apps/MLPerf-storage/dlio_benchmark/dlio_benchmark/utils/statscounter.py:325]
[INFO] 2025-05-05T17:24:01.403769 Rank 0 step 316 processed 5 samples in 3.9078209400177 s [/mnt/ioopt/appbench/apps/MLPerf-storage/dlio_benchmark/dlio_benchmark/utils/statscounter.py:325]
[INFO] 2025-05-05T17:24:15.378225 Rank 0 step 317 processed 5 samples in 13.974137783050537 s [/mnt/ioopt/appbench/apps/MLPerf-storage/dlio_benchmark/dlio_benchmark/utils/statscounter.py:325]
[INFO] 2025-05-05T17:24:15.707458 Rank 0 step 318 processed 5 samples in 0.32874536514282227 s [/mnt/ioopt/appbench/apps/MLPerf-storage/dlio_benchmark/dlio_benchmark/utils/statscounter.py:325]
[INFO] 2025-05-05T17:24:16.036492 Rank 0 step 319 processed 5 samples in 0.32857561111450195 s [/mnt/ioopt/appbench/apps/MLPerf-storage/dlio_benchmark/dlio_benchmark/utils/statscounter.py:325]
[INFO] 2025-05-05T17:24:16.365707 Rank 0 step 320 processed 5 samples in 0.32874512672424316 s [/mnt/ioopt/appbench/apps/MLPerf-storage/dlio_benchmark/dlio_benchmark/utils/statscounter.py:325]
[INFO] 2025-05-05T17:24:18.335204 Rank 0 step 321 processed 5 samples in 1.9690296649932861 s [/mnt/ioopt/appbench/apps/MLPerf-storage/dlio_benchmark/dlio_benchmark/utils/statscounter.py:325]
[INFO] 2025-05-05T17:24:18.661568 Rank 0 step 322 processed 5 samples in 0.3259768486022949 s [/mnt/ioopt/appbench/apps/MLPerf-storage/dlio_benchmark/dlio_benchmark/utils/statscounter.py:325]
[INFO] 2025-05-05T17:24:21.880850 Rank 0 step 323 processed 5 samples in 3.2187206745147705 s [/mnt/ioopt/appbench/apps/MLPerf-storage/dlio_benchmark/dlio_benchmark/utils/statscounter.py:325]
[INFO] 2025-05-05T17:24:22.210130 Rank 0 step 324 processed 5 samples in 0.3287804126739502 s [/mnt/ioopt/appbench/apps/MLPerf-storage/dlio_benchmark/dlio_benchmark/utils/statscounter.py:325]
[INFO] 2025-05-05T17:24:22.538906 Rank 0 step 325 processed 5 samples in 0.3283205032348633 s [/mnt/ioopt/appbench/apps/MLPerf-storage/dlio_benchmark/dlio_benchmark/utils/statscounter.py:325]
[INFO] 2025-05-05T17:24:22.868121 Rank 0 step 326 processed 5 samples in 0.3287360668182373 s [/mnt/ioopt/appbench/apps/MLPerf-storage/dlio_benchmark/dlio_benchmark/utils/statscounter.py:325]
[INFO] 2025-05-05T17:24:24.109723 Rank 0 step 327 processed 5 samples in 1.2411398887634277 s [/mnt/ioopt/appbench/apps/MLPerf-storage/dlio_benchmark/dlio_benchmark/utils/statscounter.py:325]
[INFO] 2025-05-05T17:24:24.438947 Rank 0 step 328 processed 5 samples in 0.3287680149078369 s [/mnt/ioopt/appbench/apps/MLPerf-storage/dlio_benchmark/dlio_benchmark/utils/statscounter.py:325]
[INFO] 2025-05-05T17:24:45.537747 Rank 0 step 329 processed 5 samples in 21.098387241363525 s [/mnt/ioopt/appbench/apps/MLPerf-storage/dlio_benchmark/dlio_benchmark/utils/statscounter.py:325]
[INFO] 2025-05-05T17:24:45.867123 Rank 0 step 330 processed 5 samples in 0.3288898468017578 s [/mnt/ioopt/appbench/apps/MLPerf-storage/dlio_benchmark/dlio_benchmark/utils/statscounter.py:325]
[INFO] 2025-05-05T17:24:46.196304 Rank 0 step 331 processed 5 samples in 0.3287208080291748 s [/mnt/ioopt/appbench/apps/MLPerf-storage/dlio_benchmark/dlio_benchmark/utils/statscounter.py:325]
[INFO] 2025-05-05T17:24:46.525238 Rank 0 step 332 processed 5 samples in 0.32846546173095703 s [/mnt/ioopt/appbench/apps/MLPerf-storage/dlio_benchmark/dlio_benchmark/utils/statscounter.py:325]
[INFO] 2025-05-05T17:24:46.854467 Rank 0 step 333 processed 5 samples in 0.3287675380706787 s [/mnt/ioopt/appbench/apps/MLPerf-storage/dlio_benchmark/dlio_benchmark/utils/statscounter.py:325]
[INFO] 2025-05-05T17:24:47.185500 Rank 0 step 334 processed 5 samples in 0.3305525779724121 s [/mnt/ioopt/appbench/apps/MLPerf-storage/dlio_benchmark/dlio_benchmark/utils/statscounter.py:325]
[INFO] 2025-05-05T17:24:48.386550 Rank 0 step 335 processed 5 samples in 1.2005956172943115 s [/mnt/ioopt/appbench/apps/MLPerf-storage/dlio_benchmark/dlio_benchmark/utils/statscounter.py:325]
[INFO] 2025-05-05T17:24:52.747788 Rank 0 step 336 processed 5 samples in 4.360774278640747 s [/mnt/ioopt/appbench/apps/MLPerf-storage/dlio_benchmark/dlio_benchmark/utils/statscounter.py:325]
[INFO] 2025-05-05T17:24:53.081034 Rank 0 step 337 processed 5 samples in 0.3327484130859375 s [/mnt/ioopt/appbench/apps/MLPerf-storage/dlio_benchmark/dlio_benchmark/utils/statscounter.py:325]
[INFO] 2025-05-05T17:24:53.411087 Rank 0 step 338 processed 5 samples in 0.32932090759277344 s [/mnt/ioopt/appbench/apps/MLPerf-storage/dlio_benchmark/dlio_benchmark/utils/statscounter.py:325]
[INFO] 2025-05-05T17:24:53.740410 Rank 0 step 339 processed 5 samples in 0.3288576602935791 s [/mnt/ioopt/appbench/apps/MLPerf-storage/dlio_benchmark/dlio_benchmark/utils/statscounter.py:325]
[INFO] 2025-05-05T17:24:54.065922 Rank 0 step 340 processed 5 samples in 0.32525134086608887 s [/mnt/ioopt/appbench/apps/MLPerf-storage/dlio_benchmark/dlio_benchmark/utils/statscounter.py:325]
[INFO] 2025-05-05T17:25:07.410969 Rank 0 step 341 processed 5 samples in 13.344566822052002 s [/mnt/ioopt/appbench/apps/MLPerf-storage/dlio_benchmark/dlio_benchmark/utils/statscounter.py:325]
[INFO] 2025-05-05T17:25:12.569418 Rank 0 step 342 processed 5 samples in 5.157931327819824 s [/mnt/ioopt/appbench/apps/MLPerf-storage/dlio_benchmark/dlio_benchmark/utils/statscounter.py:325]
[INFO] 2025-05-05T17:25:12.896631 Rank 0 step 343 processed 5 samples in 0.32682132720947266 s [/mnt/ioopt/appbench/apps/MLPerf-storage/dlio_benchmark/dlio_benchmark/utils/statscounter.py:325]
[INFO] 2025-05-05T17:25:13.223143 Rank 0 step 344 processed 5 samples in 0.3262622356414795 s [/mnt/ioopt/appbench/apps/MLPerf-storage/dlio_benchmark/dlio_benchmark/utils/statscounter.py:325]
[INFO] 2025-05-05T17:25:13.551221 Rank 0 step 345 processed 5 samples in 0.32770347595214844 s [/mnt/ioopt/appbench/apps/MLPerf-storage/dlio_benchmark/dlio_benchmark/utils/statscounter.py:325]
[INFO] 2025-05-05T17:25:16.508792 Rank 0 step 346 processed 5 samples in 2.957165479660034 s [/mnt/ioopt/appbench/apps/MLPerf-storage/dlio_benchmark/dlio_benchmark/utils/statscounter.py:325]
[INFO] 2025-05-05T17:25:16.837414 Rank 0 step 347 processed 5 samples in 0.32817530632019043 s [/mnt/ioopt/appbench/apps/MLPerf-storage/dlio_benchmark/dlio_benchmark/utils/statscounter.py:325]
[INFO] 2025-05-05T17:25:17.166511 Rank 0 step 348 processed 5 samples in 0.32865166664123535 s [/mnt/ioopt/appbench/apps/MLPerf-storage/dlio_benchmark/dlio_benchmark/utils/statscounter.py:325]
[INFO] 2025-05-05T17:25:21.329584 Rank 0 step 349 processed 5 samples in 4.162588119506836 s [/mnt/ioopt/appbench/apps/MLPerf-storage/dlio_benchmark/dlio_benchmark/utils/statscounter.py:325]
[INFO] 2025-05-05T17:25:21.658653 Rank 0 step 350 processed 5 samples in 0.3286094665527344 s [/mnt/ioopt/appbench/apps/MLPerf-storage/dlio_benchmark/dlio_benchmark/utils/statscounter.py:325]
[INFO] 2025-05-05T17:25:21.988199 Rank 0 step 351 processed 5 samples in 0.3290743827819824 s [/mnt/ioopt/appbench/apps/MLPerf-storage/dlio_benchmark/dlio_benchmark/utils/statscounter.py:325]
[INFO] 2025-05-05T17:25:22.317171 Rank 0 step 352 processed 5 samples in 0.32848548889160156 s [/mnt/ioopt/appbench/apps/MLPerf-storage/dlio_benchmark/dlio_benchmark/utils/statscounter.py:325]
[INFO] 2025-05-05T17:25:37.228995 Rank 0 step 353 processed 5 samples in 14.911345481872559 s [/mnt/ioopt/appbench/apps/MLPerf-storage/dlio_benchmark/dlio_benchmark/utils/statscounter.py:325]
[INFO] 2025-05-05T17:25:41.863852 Rank 0 step 354 processed 5 samples in 4.634361267089844 s [/mnt/ioopt/appbench/apps/MLPerf-storage/dlio_benchmark/dlio_benchmark/utils/statscounter.py:325]
[INFO] 2025-05-05T17:25:42.192871 Rank 0 step 355 processed 5 samples in 0.328685998916626 s [/mnt/ioopt/appbench/apps/MLPerf-storage/dlio_benchmark/dlio_benchmark/utils/statscounter.py:325]
[INFO] 2025-05-05T17:25:42.522013 Rank 0 step 356 processed 5 samples in 0.3285083770751953 s [/mnt/ioopt/appbench/apps/MLPerf-storage/dlio_benchmark/dlio_benchmark/utils/statscounter.py:325]
[INFO] 2025-05-05T17:25:42.851200 Rank 0 step 357 processed 5 samples in 0.32864809036254883 s [/mnt/ioopt/appbench/apps/MLPerf-storage/dlio_benchmark/dlio_benchmark/utils/statscounter.py:325]
[INFO] 2025-05-05T17:25:43.182165 Rank 0 step 358 processed 5 samples in 0.330599308013916 s [/mnt/ioopt/appbench/apps/MLPerf-storage/dlio_benchmark/dlio_benchmark/utils/statscounter.py:325]
[INFO] 2025-05-05T17:25:45.693725 Rank 0 step 359 processed 5 samples in 2.5109612941741943 s [/mnt/ioopt/appbench/apps/MLPerf-storage/dlio_benchmark/dlio_benchmark/utils/statscounter.py:325]
[INFO] 2025-05-05T17:25:46.024367 Rank 0 step 360 processed 5 samples in 0.3301515579223633 s [/mnt/ioopt/appbench/apps/MLPerf-storage/dlio_benchmark/dlio_benchmark/utils/statscounter.py:325]
[INFO] 2025-05-05T17:25:47.994469 Rank 0 step 361 processed 5 samples in 1.9696369171142578 s [/mnt/ioopt/appbench/apps/MLPerf-storage/dlio_benchmark/dlio_benchmark/utils/statscounter.py:325]
[INFO] 2025-05-05T17:25:48.323675 Rank 0 step 362 processed 5 samples in 0.3287394046783447 s [/mnt/ioopt/appbench/apps/MLPerf-storage/dlio_benchmark/dlio_benchmark/utils/statscounter.py:325]
[INFO] 2025-05-05T17:25:48.652642 Rank 0 step 363 processed 5 samples in 0.3284912109375 s [/mnt/ioopt/appbench/apps/MLPerf-storage/dlio_benchmark/dlio_benchmark/utils/statscounter.py:325]
[INFO] 2025-05-05T17:25:48.981827 Rank 0 step 364 processed 5 samples in 0.3287203311920166 s [/mnt/ioopt/appbench/apps/MLPerf-storage/dlio_benchmark/dlio_benchmark/utils/statscounter.py:325]
[INFO] 2025-05-05T17:26:04.246030 Rank 0 step 365 processed 5 samples in 15.263776540756226 s [/mnt/ioopt/appbench/apps/MLPerf-storage/dlio_benchmark/dlio_benchmark/utils/statscounter.py:325]
[INFO] 2025-05-05T17:26:11.556289 Rank 0 step 366 processed 5 samples in 7.309917449951172 s [/mnt/ioopt/appbench/apps/MLPerf-storage/dlio_benchmark/dlio_benchmark/utils/statscounter.py:325]
[INFO] 2025-05-05T17:26:11.882737 Rank 0 step 367 processed 5 samples in 0.3259434700012207 s [/mnt/ioopt/appbench/apps/MLPerf-storage/dlio_benchmark/dlio_benchmark/utils/statscounter.py:325]
[INFO] 2025-05-05T17:26:12.208774 Rank 0 step 368 processed 5 samples in 0.3256683349609375 s [/mnt/ioopt/appbench/apps/MLPerf-storage/dlio_benchmark/dlio_benchmark/utils/statscounter.py:325]
[INFO] 2025-05-05T17:26:12.540798 Rank 0 step 369 processed 5 samples in 0.33149075508117676 s [/mnt/ioopt/appbench/apps/MLPerf-storage/dlio_benchmark/dlio_benchmark/utils/statscounter.py:325]
[INFO] 2025-05-05T17:26:15.335192 Rank 0 step 370 processed 5 samples in 2.7940919399261475 s [/mnt/ioopt/appbench/apps/MLPerf-storage/dlio_benchmark/dlio_benchmark/utils/statscounter.py:325]
[INFO] 2025-05-05T17:26:15.664193 Rank 0 step 371 processed 5 samples in 0.3285083770751953 s [/mnt/ioopt/appbench/apps/MLPerf-storage/dlio_benchmark/dlio_benchmark/utils/statscounter.py:325]
[INFO] 2025-05-05T17:26:15.993231 Rank 0 step 372 processed 5 samples in 0.3285677433013916 s [/mnt/ioopt/appbench/apps/MLPerf-storage/dlio_benchmark/dlio_benchmark/utils/statscounter.py:325]
[INFO] 2025-05-05T17:26:16.322348 Rank 0 step 373 processed 5 samples in 0.32864928245544434 s [/mnt/ioopt/appbench/apps/MLPerf-storage/dlio_benchmark/dlio_benchmark/utils/statscounter.py:325]
[INFO] 2025-05-05T17:26:16.651200 Rank 0 step 374 processed 5 samples in 0.3283874988555908 s [/mnt/ioopt/appbench/apps/MLPerf-storage/dlio_benchmark/dlio_benchmark/utils/statscounter.py:325]
[INFO] 2025-05-05T17:26:16.980289 Rank 0 step 375 processed 5 samples in 0.328615665435791 s [/mnt/ioopt/appbench/apps/MLPerf-storage/dlio_benchmark/dlio_benchmark/utils/statscounter.py:325]
[INFO] 2025-05-05T17:26:17.312174 Rank 0 step 376 processed 5 samples in 0.33138608932495117 s [/mnt/ioopt/appbench/apps/MLPerf-storage/dlio_benchmark/dlio_benchmark/utils/statscounter.py:325]
[INFO] 2025-05-05T17:26:35.280451 Rank 0 step 377 processed 5 samples in 17.967796325683594 s [/mnt/ioopt/appbench/apps/MLPerf-storage/dlio_benchmark/dlio_benchmark/utils/statscounter.py:325]
[INFO] 2025-05-05T17:26:36.651103 Rank 0 step 378 processed 5 samples in 1.3701825141906738 s [/mnt/ioopt/appbench/apps/MLPerf-storage/dlio_benchmark/dlio_benchmark/utils/statscounter.py:325]
[INFO] 2025-05-05T17:26:36.980018 Rank 0 step 379 processed 5 samples in 0.3284335136413574 s [/mnt/ioopt/appbench/apps/MLPerf-storage/dlio_benchmark/dlio_benchmark/utils/statscounter.py:325]
[INFO] 2025-05-05T17:26:39.382864 Rank 0 step 380 processed 5 samples in 2.40238094329834 s [/mnt/ioopt/appbench/apps/MLPerf-storage/dlio_benchmark/dlio_benchmark/utils/statscounter.py:325]
[INFO] 2025-05-05T17:26:39.711708 Rank 0 step 381 processed 5 samples in 0.32836413383483887 s [/mnt/ioopt/appbench/apps/MLPerf-storage/dlio_benchmark/dlio_benchmark/utils/statscounter.py:325]
[INFO] 2025-05-05T17:26:40.040447 Rank 0 step 382 processed 5 samples in 0.32831597328186035 s [/mnt/ioopt/appbench/apps/MLPerf-storage/dlio_benchmark/dlio_benchmark/utils/statscounter.py:325]
[INFO] 2025-05-05T17:26:41.745666 Rank 0 step 383 processed 5 samples in 1.7049546241760254 s [/mnt/ioopt/appbench/apps/MLPerf-storage/dlio_benchmark/dlio_benchmark/utils/statscounter.py:325]
[INFO] 2025-05-05T17:26:42.073161 Rank 0 step 384 processed 5 samples in 0.32712221145629883 s [/mnt/ioopt/appbench/apps/MLPerf-storage/dlio_benchmark/dlio_benchmark/utils/statscounter.py:325]
[INFO] 2025-05-05T17:26:44.715663 Rank 0 step 385 processed 5 samples in 2.642033815383911 s [/mnt/ioopt/appbench/apps/MLPerf-storage/dlio_benchmark/dlio_benchmark/utils/statscounter.py:325]
[INFO] 2025-05-05T17:26:45.041471 Rank 0 step 386 processed 5 samples in 0.32546353340148926 s [/mnt/ioopt/appbench/apps/MLPerf-storage/dlio_benchmark/dlio_benchmark/utils/statscounter.py:325]
[INFO] 2025-05-05T17:26:45.367259 Rank 0 step 387 processed 5 samples in 0.3255174160003662 s [/mnt/ioopt/appbench/apps/MLPerf-storage/dlio_benchmark/dlio_benchmark/utils/statscounter.py:325]
[INFO] 2025-05-05T17:26:45.693455 Rank 0 step 388 processed 5 samples in 0.3258488178253174 s [/mnt/ioopt/appbench/apps/MLPerf-storage/dlio_benchmark/dlio_benchmark/utils/statscounter.py:325]
[INFO] 2025-05-05T17:26:54.510192 Rank 0 step 389 processed 5 samples in 8.816251516342163 s [/mnt/ioopt/appbench/apps/MLPerf-storage/dlio_benchmark/dlio_benchmark/utils/statscounter.py:325]
[INFO] 2025-05-05T17:27:01.370355 Rank 0 step 390 processed 5 samples in 6.8596813678741455 s [/mnt/ioopt/appbench/apps/MLPerf-storage/dlio_benchmark/dlio_benchmark/utils/statscounter.py:325]
[INFO] 2025-05-05T17:27:04.749620 Rank 0 step 391 processed 5 samples in 3.3786349296569824 s [/mnt/ioopt/appbench/apps/MLPerf-storage/dlio_benchmark/dlio_benchmark/utils/statscounter.py:325]
[INFO] 2025-05-05T17:27:05.856066 Rank 0 step 392 processed 5 samples in 1.105543851852417 s [/mnt/ioopt/appbench/apps/MLPerf-storage/dlio_benchmark/dlio_benchmark/utils/statscounter.py:325]
[INFO] 2025-05-05T17:27:06.184746 Rank 0 step 393 processed 5 samples in 0.3282294273376465 s [/mnt/ioopt/appbench/apps/MLPerf-storage/dlio_benchmark/dlio_benchmark/utils/statscounter.py:325]
[INFO] 2025-05-05T17:27:06.513679 Rank 0 step 394 processed 5 samples in 0.328488826751709 s [/mnt/ioopt/appbench/apps/MLPerf-storage/dlio_benchmark/dlio_benchmark/utils/statscounter.py:325]
[INFO] 2025-05-05T17:27:06.982736 Rank 0 step 395 processed 5 samples in 0.46858906745910645 s [/mnt/ioopt/appbench/apps/MLPerf-storage/dlio_benchmark/dlio_benchmark/utils/statscounter.py:325]
[INFO] 2025-05-05T17:27:07.311503 Rank 0 step 396 processed 5 samples in 0.32827305793762207 s [/mnt/ioopt/appbench/apps/MLPerf-storage/dlio_benchmark/dlio_benchmark/utils/statscounter.py:325]
[INFO] 2025-05-05T17:27:07.642319 Rank 0 step 397 processed 5 samples in 0.33037614822387695 s [/mnt/ioopt/appbench/apps/MLPerf-storage/dlio_benchmark/dlio_benchmark/utils/statscounter.py:325]
[INFO] 2025-05-05T17:27:07.972653 Rank 0 step 398 processed 5 samples in 0.32990336418151855 s [/mnt/ioopt/appbench/apps/MLPerf-storage/dlio_benchmark/dlio_benchmark/utils/statscounter.py:325]
[INFO] 2025-05-05T17:27:08.301386 Rank 0 step 399 processed 5 samples in 0.3283524513244629 s [/mnt/ioopt/appbench/apps/MLPerf-storage/dlio_benchmark/dlio_benchmark/utils/statscounter.py:325]
[INFO] 2025-05-05T17:27:08.692053 Rank 0 step 400 processed 5 samples in 0.3903207778930664 s [/mnt/ioopt/appbench/apps/MLPerf-storage/dlio_benchmark/dlio_benchmark/utils/statscounter.py:325]
[INFO] 2025-05-05T17:27:08.692594 Maximum number of steps reached [/mnt/ioopt/appbench/apps/MLPerf-storage/dlio_benchmark/dlio_benchmark/main.py:293]
[INFO] 2025-05-05T17:27:08.695583 Ending block 1 - 400 steps completed in 967.58 s [/mnt/ioopt/appbench/apps/MLPerf-storage/dlio_benchmark/dlio_benchmark/utils/statscounter.py:282]
[INFO] 2025-05-05T17:27:08.720586 Epoch 1 - Block 1 [Training] Accelerator Utilization [AU] (%): 13.7350 [/mnt/ioopt/appbench/apps/MLPerf-storage/dlio_benchmark/dlio_benchmark/utils/statscounter.py:285]
[INFO] 2025-05-05T17:27:08.720912 Epoch 1 - Block 1 [Training] Throughput (samples/second): 2.0670 [/mnt/ioopt/appbench/apps/MLPerf-storage/dlio_benchmark/dlio_benchmark/utils/statscounter.py:286]
[INFO] 2025-05-05T17:27:08.722808 Ending epoch 1 - 400 steps completed in 967.64 s [/mnt/ioopt/appbench/apps/MLPerf-storage/dlio_benchmark/dlio_benchmark/utils/statscounter.py:225]
[INFO] 2025-05-05T17:27:08.728719 Saved outputs in /mnt/ioopt/appbench/apps/MLPerf-storage/resultsdir/RUN_6/batch_size_5_num_threads_12 [/mnt/ioopt/appbench/apps/MLPerf-storage/dlio_benchmark/dlio_benchmark/utils/statscounter.py:171]
[INFO] Averaged metric over all epochs
[METRIC] ==========================================================
[METRIC] Number of Simulated Accelerators: 1 
[METRIC] Training Accelerator Utilization [AU] (%): 13.7350 (0.0000)
[METRIC] Training Throughput (samples/second): 2.0670 (0.0000)
[METRIC] Training I/O Throughput (MB/second): 288.9877 (0.0000)
[METRIC] train_au_meet_expectation: fail
[METRIC] ==========================================================
 [/mnt/ioopt/appbench/apps/MLPerf-storage/dlio_benchmark/dlio_benchmark/utils/statscounter.py:185]
[INFO] 2025-05-05T17:27:08.735477 outputs saved in RANKID_output.json [/mnt/ioopt/appbench/apps/MLPerf-storage/dlio_benchmark/dlio_benchmark/utils/statscounter.py:378]
