[INFO] 2025-05-05T16:03:33.975997 Profiling DLIO /mnt/ioopt/appbench/apps/MLPerf-storage/resultsdir/RUN_6/batch_size_5_num_threads_4/trace-0-of-1.pfw [/mnt/ioopt/appbench/apps/MLPerf-storage/dlio_benchmark/dlio_benchmark/utils/config.py:189]
[INFO] 2025-05-05T16:03:33.976588 Running DLIO with 1 process(es) [/mnt/ioopt/appbench/apps/MLPerf-storage/dlio_benchmark/dlio_benchmark/main.py:100]
[INFO] Total amount of data each host will consume is 273.064948618412 GB; each host has [np.float64(187.5592384338379)] GB memory [/mnt/ioopt/appbench/apps/MLPerf-storage/dlio_benchmark/dlio_benchmark/utils/statscounter.py:121]
[INFO] 2025-05-05T16:03:50.328866 Max steps per epoch: 400 = 1 * 2000 / 5 / 1 (samples per file * num files / batch size / comm size) [/mnt/ioopt/appbench/apps/MLPerf-storage/dlio_benchmark/dlio_benchmark/main.py:321]
[INFO] 2025-05-05T16:03:50.481983 Starting epoch 1: 400 steps expected [/mnt/ioopt/appbench/apps/MLPerf-storage/dlio_benchmark/dlio_benchmark/utils/statscounter.py:192]
[INFO] 2025-05-05T16:03:50.514220 Starting block 1 [/mnt/ioopt/appbench/apps/MLPerf-storage/dlio_benchmark/dlio_benchmark/utils/statscounter.py:264]
[INFO] 2025-05-05T16:04:01.274313 Rank 0 step 1 processed 5 samples in 10.759891748428345 s [/mnt/ioopt/appbench/apps/MLPerf-storage/dlio_benchmark/dlio_benchmark/utils/statscounter.py:325]
[INFO] 2025-05-05T16:04:01.605031 Rank 0 step 2 processed 5 samples in 0.329801082611084 s [/mnt/ioopt/appbench/apps/MLPerf-storage/dlio_benchmark/dlio_benchmark/utils/statscounter.py:325]
[INFO] 2025-05-05T16:04:02.842219 Rank 0 step 3 processed 5 samples in 1.236741065979004 s [/mnt/ioopt/appbench/apps/MLPerf-storage/dlio_benchmark/dlio_benchmark/utils/statscounter.py:325]
[INFO] 2025-05-05T16:04:03.176239 Rank 0 step 4 processed 5 samples in 0.33341479301452637 s [/mnt/ioopt/appbench/apps/MLPerf-storage/dlio_benchmark/dlio_benchmark/utils/statscounter.py:325]
[INFO] 2025-05-05T16:04:09.884644 Rank 0 step 5 processed 5 samples in 6.707988739013672 s [/mnt/ioopt/appbench/apps/MLPerf-storage/dlio_benchmark/dlio_benchmark/utils/statscounter.py:325]
[INFO] 2025-05-05T16:04:12.876662 Rank 0 step 6 processed 5 samples in 2.9909563064575195 s [/mnt/ioopt/appbench/apps/MLPerf-storage/dlio_benchmark/dlio_benchmark/utils/statscounter.py:325]
[INFO] 2025-05-05T16:04:13.206436 Rank 0 step 7 processed 5 samples in 0.32878851890563965 s [/mnt/ioopt/appbench/apps/MLPerf-storage/dlio_benchmark/dlio_benchmark/utils/statscounter.py:325]
[INFO] 2025-05-05T16:04:13.539073 Rank 0 step 8 processed 5 samples in 0.3322935104370117 s [/mnt/ioopt/appbench/apps/MLPerf-storage/dlio_benchmark/dlio_benchmark/utils/statscounter.py:325]
[INFO] 2025-05-05T16:04:18.387229 Rank 0 step 9 processed 5 samples in 4.84762716293335 s [/mnt/ioopt/appbench/apps/MLPerf-storage/dlio_benchmark/dlio_benchmark/utils/statscounter.py:325]
[INFO] 2025-05-05T16:04:22.347219 Rank 0 step 10 processed 5 samples in 3.9594476222991943 s [/mnt/ioopt/appbench/apps/MLPerf-storage/dlio_benchmark/dlio_benchmark/utils/statscounter.py:325]
[INFO] 2025-05-05T16:04:22.676117 Rank 0 step 11 processed 5 samples in 0.32843828201293945 s [/mnt/ioopt/appbench/apps/MLPerf-storage/dlio_benchmark/dlio_benchmark/utils/statscounter.py:325]
[INFO] 2025-05-05T16:04:23.007234 Rank 0 step 12 processed 5 samples in 0.33066463470458984 s [/mnt/ioopt/appbench/apps/MLPerf-storage/dlio_benchmark/dlio_benchmark/utils/statscounter.py:325]
[INFO] 2025-05-05T16:04:31.177389 Rank 0 step 13 processed 5 samples in 8.16964840888977 s [/mnt/ioopt/appbench/apps/MLPerf-storage/dlio_benchmark/dlio_benchmark/utils/statscounter.py:325]
[INFO] 2025-05-05T16:04:32.608510 Rank 0 step 14 processed 5 samples in 1.4306085109710693 s [/mnt/ioopt/appbench/apps/MLPerf-storage/dlio_benchmark/dlio_benchmark/utils/statscounter.py:325]
[INFO] 2025-05-05T16:04:32.937256 Rank 0 step 15 processed 5 samples in 0.32830357551574707 s [/mnt/ioopt/appbench/apps/MLPerf-storage/dlio_benchmark/dlio_benchmark/utils/statscounter.py:325]
[INFO] 2025-05-05T16:04:33.268550 Rank 0 step 16 processed 5 samples in 0.33083510398864746 s [/mnt/ioopt/appbench/apps/MLPerf-storage/dlio_benchmark/dlio_benchmark/utils/statscounter.py:325]
[INFO] 2025-05-05T16:04:39.468859 Rank 0 step 17 processed 5 samples in 6.199820518493652 s [/mnt/ioopt/appbench/apps/MLPerf-storage/dlio_benchmark/dlio_benchmark/utils/statscounter.py:325]
[INFO] 2025-05-05T16:04:42.504947 Rank 0 step 18 processed 5 samples in 3.0356497764587402 s [/mnt/ioopt/appbench/apps/MLPerf-storage/dlio_benchmark/dlio_benchmark/utils/statscounter.py:325]
[INFO] 2025-05-05T16:04:43.257094 Rank 0 step 19 processed 5 samples in 0.7516148090362549 s [/mnt/ioopt/appbench/apps/MLPerf-storage/dlio_benchmark/dlio_benchmark/utils/statscounter.py:325]
[INFO] 2025-05-05T16:04:43.583213 Rank 0 step 20 processed 5 samples in 0.3255932331085205 s [/mnt/ioopt/appbench/apps/MLPerf-storage/dlio_benchmark/dlio_benchmark/utils/statscounter.py:325]
[INFO] 2025-05-05T16:04:47.529378 Rank 0 step 21 processed 5 samples in 3.9457719326019287 s [/mnt/ioopt/appbench/apps/MLPerf-storage/dlio_benchmark/dlio_benchmark/utils/statscounter.py:325]
[INFO] 2025-05-05T16:04:52.724715 Rank 0 step 22 processed 5 samples in 5.194554805755615 s [/mnt/ioopt/appbench/apps/MLPerf-storage/dlio_benchmark/dlio_benchmark/utils/statscounter.py:325]
[INFO] 2025-05-05T16:04:53.053510 Rank 0 step 23 processed 5 samples in 0.3283255100250244 s [/mnt/ioopt/appbench/apps/MLPerf-storage/dlio_benchmark/dlio_benchmark/utils/statscounter.py:325]
[INFO] 2025-05-05T16:04:53.387859 Rank 0 step 24 processed 5 samples in 0.33389830589294434 s [/mnt/ioopt/appbench/apps/MLPerf-storage/dlio_benchmark/dlio_benchmark/utils/statscounter.py:325]
[INFO] 2025-05-05T16:04:55.724967 Rank 0 step 25 processed 5 samples in 2.336601734161377 s [/mnt/ioopt/appbench/apps/MLPerf-storage/dlio_benchmark/dlio_benchmark/utils/statscounter.py:325]
[INFO] 2025-05-05T16:05:02.210529 Rank 0 step 26 processed 5 samples in 6.485052824020386 s [/mnt/ioopt/appbench/apps/MLPerf-storage/dlio_benchmark/dlio_benchmark/utils/statscounter.py:325]
[INFO] 2025-05-05T16:05:03.086364 Rank 0 step 27 processed 5 samples in 0.8753817081451416 s [/mnt/ioopt/appbench/apps/MLPerf-storage/dlio_benchmark/dlio_benchmark/utils/statscounter.py:325]
[INFO] 2025-05-05T16:05:03.417241 Rank 0 step 28 processed 5 samples in 0.33042335510253906 s [/mnt/ioopt/appbench/apps/MLPerf-storage/dlio_benchmark/dlio_benchmark/utils/statscounter.py:325]
[INFO] 2025-05-05T16:05:06.361566 Rank 0 step 29 processed 5 samples in 2.9438283443450928 s [/mnt/ioopt/appbench/apps/MLPerf-storage/dlio_benchmark/dlio_benchmark/utils/statscounter.py:325]
[INFO] 2025-05-05T16:05:13.374230 Rank 0 step 30 processed 5 samples in 7.012161493301392 s [/mnt/ioopt/appbench/apps/MLPerf-storage/dlio_benchmark/dlio_benchmark/utils/statscounter.py:325]
[INFO] 2025-05-05T16:05:13.764363 Rank 0 step 31 processed 5 samples in 0.3896782398223877 s [/mnt/ioopt/appbench/apps/MLPerf-storage/dlio_benchmark/dlio_benchmark/utils/statscounter.py:325]
[INFO] 2025-05-05T16:05:14.964976 Rank 0 step 32 processed 5 samples in 1.2003567218780518 s [/mnt/ioopt/appbench/apps/MLPerf-storage/dlio_benchmark/dlio_benchmark/utils/statscounter.py:325]
[INFO] 2025-05-05T16:05:16.155866 Rank 0 step 33 processed 5 samples in 1.1903705596923828 s [/mnt/ioopt/appbench/apps/MLPerf-storage/dlio_benchmark/dlio_benchmark/utils/statscounter.py:325]
[INFO] 2025-05-05T16:05:23.174188 Rank 0 step 34 processed 5 samples in 7.017819166183472 s [/mnt/ioopt/appbench/apps/MLPerf-storage/dlio_benchmark/dlio_benchmark/utils/statscounter.py:325]
[INFO] 2025-05-05T16:05:25.192728 Rank 0 step 35 processed 5 samples in 2.0180680751800537 s [/mnt/ioopt/appbench/apps/MLPerf-storage/dlio_benchmark/dlio_benchmark/utils/statscounter.py:325]
[INFO] 2025-05-05T16:05:25.521737 Rank 0 step 36 processed 5 samples in 0.32856154441833496 s [/mnt/ioopt/appbench/apps/MLPerf-storage/dlio_benchmark/dlio_benchmark/utils/statscounter.py:325]
[INFO] 2025-05-05T16:05:26.013867 Rank 0 step 37 processed 5 samples in 0.49170541763305664 s [/mnt/ioopt/appbench/apps/MLPerf-storage/dlio_benchmark/dlio_benchmark/utils/statscounter.py:325]
[INFO] 2025-05-05T16:05:31.161533 Rank 0 step 38 processed 5 samples in 5.1472108364105225 s [/mnt/ioopt/appbench/apps/MLPerf-storage/dlio_benchmark/dlio_benchmark/utils/statscounter.py:325]
[INFO] 2025-05-05T16:05:34.837226 Rank 0 step 39 processed 5 samples in 3.6752307415008545 s [/mnt/ioopt/appbench/apps/MLPerf-storage/dlio_benchmark/dlio_benchmark/utils/statscounter.py:325]
[INFO] 2025-05-05T16:05:35.328818 Rank 0 step 40 processed 5 samples in 0.4911055564880371 s [/mnt/ioopt/appbench/apps/MLPerf-storage/dlio_benchmark/dlio_benchmark/utils/statscounter.py:325]
[INFO] 2025-05-05T16:05:35.657682 Rank 0 step 41 processed 5 samples in 0.32835817337036133 s [/mnt/ioopt/appbench/apps/MLPerf-storage/dlio_benchmark/dlio_benchmark/utils/statscounter.py:325]
[INFO] 2025-05-05T16:05:39.407987 Rank 0 step 42 processed 5 samples in 3.7498552799224854 s [/mnt/ioopt/appbench/apps/MLPerf-storage/dlio_benchmark/dlio_benchmark/utils/statscounter.py:325]
[INFO] 2025-05-05T16:05:44.758360 Rank 0 step 43 processed 5 samples in 5.349857568740845 s [/mnt/ioopt/appbench/apps/MLPerf-storage/dlio_benchmark/dlio_benchmark/utils/statscounter.py:325]
[INFO] 2025-05-05T16:05:46.260513 Rank 0 step 44 processed 5 samples in 1.501706600189209 s [/mnt/ioopt/appbench/apps/MLPerf-storage/dlio_benchmark/dlio_benchmark/utils/statscounter.py:325]
[INFO] 2025-05-05T16:05:46.589486 Rank 0 step 45 processed 5 samples in 0.32845520973205566 s [/mnt/ioopt/appbench/apps/MLPerf-storage/dlio_benchmark/dlio_benchmark/utils/statscounter.py:325]
[INFO] 2025-05-05T16:05:47.978340 Rank 0 step 46 processed 5 samples in 1.3883984088897705 s [/mnt/ioopt/appbench/apps/MLPerf-storage/dlio_benchmark/dlio_benchmark/utils/statscounter.py:325]
[INFO] 2025-05-05T16:05:53.469727 Rank 0 step 47 processed 5 samples in 5.4908833503723145 s [/mnt/ioopt/appbench/apps/MLPerf-storage/dlio_benchmark/dlio_benchmark/utils/statscounter.py:325]
[INFO] 2025-05-05T16:05:55.543936 Rank 0 step 48 processed 5 samples in 2.073723316192627 s [/mnt/ioopt/appbench/apps/MLPerf-storage/dlio_benchmark/dlio_benchmark/utils/statscounter.py:325]
[INFO] 2025-05-05T16:05:56.026283 Rank 0 step 49 processed 5 samples in 0.4818408489227295 s [/mnt/ioopt/appbench/apps/MLPerf-storage/dlio_benchmark/dlio_benchmark/utils/statscounter.py:325]
[INFO] 2025-05-05T16:05:57.183006 Rank 0 step 50 processed 5 samples in 1.1562252044677734 s [/mnt/ioopt/appbench/apps/MLPerf-storage/dlio_benchmark/dlio_benchmark/utils/statscounter.py:325]
[INFO] 2025-05-05T16:06:04.562028 Rank 0 step 51 processed 5 samples in 7.378471612930298 s [/mnt/ioopt/appbench/apps/MLPerf-storage/dlio_benchmark/dlio_benchmark/utils/statscounter.py:325]
[INFO] 2025-05-05T16:06:04.891114 Rank 0 step 52 processed 5 samples in 0.3286256790161133 s [/mnt/ioopt/appbench/apps/MLPerf-storage/dlio_benchmark/dlio_benchmark/utils/statscounter.py:325]
[INFO] 2025-05-05T16:06:05.219871 Rank 0 step 53 processed 5 samples in 0.32832765579223633 s [/mnt/ioopt/appbench/apps/MLPerf-storage/dlio_benchmark/dlio_benchmark/utils/statscounter.py:325]
[INFO] 2025-05-05T16:06:05.550420 Rank 0 step 54 processed 5 samples in 0.3301200866699219 s [/mnt/ioopt/appbench/apps/MLPerf-storage/dlio_benchmark/dlio_benchmark/utils/statscounter.py:325]
[INFO] 2025-05-05T16:06:14.828526 Rank 0 step 55 processed 5 samples in 9.277685403823853 s [/mnt/ioopt/appbench/apps/MLPerf-storage/dlio_benchmark/dlio_benchmark/utils/statscounter.py:325]
[INFO] 2025-05-05T16:06:15.158022 Rank 0 step 56 processed 5 samples in 0.3290684223175049 s [/mnt/ioopt/appbench/apps/MLPerf-storage/dlio_benchmark/dlio_benchmark/utils/statscounter.py:325]
[INFO] 2025-05-05T16:06:15.487182 Rank 0 step 57 processed 5 samples in 0.32865357398986816 s [/mnt/ioopt/appbench/apps/MLPerf-storage/dlio_benchmark/dlio_benchmark/utils/statscounter.py:325]
[INFO] 2025-05-05T16:06:15.815892 Rank 0 step 58 processed 5 samples in 0.3282806873321533 s [/mnt/ioopt/appbench/apps/MLPerf-storage/dlio_benchmark/dlio_benchmark/utils/statscounter.py:325]
[INFO] 2025-05-05T16:06:24.458937 Rank 0 step 59 processed 5 samples in 8.642621040344238 s [/mnt/ioopt/appbench/apps/MLPerf-storage/dlio_benchmark/dlio_benchmark/utils/statscounter.py:325]
[INFO] 2025-05-05T16:06:24.788549 Rank 0 step 60 processed 5 samples in 0.32912158966064453 s [/mnt/ioopt/appbench/apps/MLPerf-storage/dlio_benchmark/dlio_benchmark/utils/statscounter.py:325]
[INFO] 2025-05-05T16:06:27.392813 Rank 0 step 61 processed 5 samples in 2.603745460510254 s [/mnt/ioopt/appbench/apps/MLPerf-storage/dlio_benchmark/dlio_benchmark/utils/statscounter.py:325]
[INFO] 2025-05-05T16:06:27.880720 Rank 0 step 62 processed 5 samples in 0.48746824264526367 s [/mnt/ioopt/appbench/apps/MLPerf-storage/dlio_benchmark/dlio_benchmark/utils/statscounter.py:325]
[INFO] 2025-05-05T16:06:34.070953 Rank 0 step 63 processed 5 samples in 6.189798831939697 s [/mnt/ioopt/appbench/apps/MLPerf-storage/dlio_benchmark/dlio_benchmark/utils/statscounter.py:325]
[INFO] 2025-05-05T16:06:35.211704 Rank 0 step 64 processed 5 samples in 1.1402175426483154 s [/mnt/ioopt/appbench/apps/MLPerf-storage/dlio_benchmark/dlio_benchmark/utils/statscounter.py:325]
[INFO] 2025-05-05T16:06:37.865065 Rank 0 step 65 processed 5 samples in 2.652834415435791 s [/mnt/ioopt/appbench/apps/MLPerf-storage/dlio_benchmark/dlio_benchmark/utils/statscounter.py:325]
[INFO] 2025-05-05T16:06:38.194167 Rank 0 step 66 processed 5 samples in 0.32860636711120605 s [/mnt/ioopt/appbench/apps/MLPerf-storage/dlio_benchmark/dlio_benchmark/utils/statscounter.py:325]
[INFO] 2025-05-05T16:06:42.178818 Rank 0 step 67 processed 5 samples in 3.9843785762786865 s [/mnt/ioopt/appbench/apps/MLPerf-storage/dlio_benchmark/dlio_benchmark/utils/statscounter.py:325]
[INFO] 2025-05-05T16:06:42.674398 Rank 0 step 68 processed 5 samples in 0.49511003494262695 s [/mnt/ioopt/appbench/apps/MLPerf-storage/dlio_benchmark/dlio_benchmark/utils/statscounter.py:325]
[INFO] 2025-05-05T16:06:47.597603 Rank 0 step 69 processed 5 samples in 4.922738552093506 s [/mnt/ioopt/appbench/apps/MLPerf-storage/dlio_benchmark/dlio_benchmark/utils/statscounter.py:325]
[INFO] 2025-05-05T16:06:48.342491 Rank 0 step 70 processed 5 samples in 0.7443912029266357 s [/mnt/ioopt/appbench/apps/MLPerf-storage/dlio_benchmark/dlio_benchmark/utils/statscounter.py:325]
[INFO] 2025-05-05T16:06:52.574880 Rank 0 step 71 processed 5 samples in 4.231935501098633 s [/mnt/ioopt/appbench/apps/MLPerf-storage/dlio_benchmark/dlio_benchmark/utils/statscounter.py:325]
[INFO] 2025-05-05T16:06:52.903648 Rank 0 step 72 processed 5 samples in 0.3283367156982422 s [/mnt/ioopt/appbench/apps/MLPerf-storage/dlio_benchmark/dlio_benchmark/utils/statscounter.py:325]
[INFO] 2025-05-05T16:06:56.178835 Rank 0 step 73 processed 5 samples in 3.2747061252593994 s [/mnt/ioopt/appbench/apps/MLPerf-storage/dlio_benchmark/dlio_benchmark/utils/statscounter.py:325]
[INFO] 2025-05-05T16:06:56.700776 Rank 0 step 74 processed 5 samples in 0.5213994979858398 s [/mnt/ioopt/appbench/apps/MLPerf-storage/dlio_benchmark/dlio_benchmark/utils/statscounter.py:325]
[INFO] 2025-05-05T16:07:02.141608 Rank 0 step 75 processed 5 samples in 5.440389633178711 s [/mnt/ioopt/appbench/apps/MLPerf-storage/dlio_benchmark/dlio_benchmark/utils/statscounter.py:325]
[INFO] 2025-05-05T16:07:03.712616 Rank 0 step 76 processed 5 samples in 1.5705184936523438 s [/mnt/ioopt/appbench/apps/MLPerf-storage/dlio_benchmark/dlio_benchmark/utils/statscounter.py:325]
[INFO] 2025-05-05T16:07:04.043138 Rank 0 step 77 processed 5 samples in 0.3301117420196533 s [/mnt/ioopt/appbench/apps/MLPerf-storage/dlio_benchmark/dlio_benchmark/utils/statscounter.py:325]
[INFO] 2025-05-05T16:07:05.342150 Rank 0 step 78 processed 5 samples in 1.2986183166503906 s [/mnt/ioopt/appbench/apps/MLPerf-storage/dlio_benchmark/dlio_benchmark/utils/statscounter.py:325]
[INFO] 2025-05-05T16:07:09.916695 Rank 0 step 79 processed 5 samples in 4.573740243911743 s [/mnt/ioopt/appbench/apps/MLPerf-storage/dlio_benchmark/dlio_benchmark/utils/statscounter.py:325]
[INFO] 2025-05-05T16:07:12.792784 Rank 0 step 80 processed 5 samples in 2.8755836486816406 s [/mnt/ioopt/appbench/apps/MLPerf-storage/dlio_benchmark/dlio_benchmark/utils/statscounter.py:325]
[INFO] 2025-05-05T16:07:13.123807 Rank 0 step 81 processed 5 samples in 0.3304789066314697 s [/mnt/ioopt/appbench/apps/MLPerf-storage/dlio_benchmark/dlio_benchmark/utils/statscounter.py:325]
[INFO] 2025-05-05T16:07:13.452618 Rank 0 step 82 processed 5 samples in 0.32837510108947754 s [/mnt/ioopt/appbench/apps/MLPerf-storage/dlio_benchmark/dlio_benchmark/utils/statscounter.py:325]
[INFO] 2025-05-05T16:07:19.331952 Rank 0 step 83 processed 5 samples in 5.87892484664917 s [/mnt/ioopt/appbench/apps/MLPerf-storage/dlio_benchmark/dlio_benchmark/utils/statscounter.py:325]
[INFO] 2025-05-05T16:07:21.187999 Rank 0 step 84 processed 5 samples in 1.8555638790130615 s [/mnt/ioopt/appbench/apps/MLPerf-storage/dlio_benchmark/dlio_benchmark/utils/statscounter.py:325]
[INFO] 2025-05-05T16:07:22.012089 Rank 0 step 85 processed 5 samples in 0.8236896991729736 s [/mnt/ioopt/appbench/apps/MLPerf-storage/dlio_benchmark/dlio_benchmark/utils/statscounter.py:325]
[INFO] 2025-05-05T16:07:23.964796 Rank 0 step 86 processed 5 samples in 1.9522058963775635 s [/mnt/ioopt/appbench/apps/MLPerf-storage/dlio_benchmark/dlio_benchmark/utils/statscounter.py:325]
[INFO] 2025-05-05T16:07:27.478036 Rank 0 step 87 processed 5 samples in 3.5128040313720703 s [/mnt/ioopt/appbench/apps/MLPerf-storage/dlio_benchmark/dlio_benchmark/utils/statscounter.py:325]
[INFO] 2025-05-05T16:07:30.916293 Rank 0 step 88 processed 5 samples in 3.4377622604370117 s [/mnt/ioopt/appbench/apps/MLPerf-storage/dlio_benchmark/dlio_benchmark/utils/statscounter.py:325]
[INFO] 2025-05-05T16:07:31.245657 Rank 0 step 89 processed 5 samples in 0.3288543224334717 s [/mnt/ioopt/appbench/apps/MLPerf-storage/dlio_benchmark/dlio_benchmark/utils/statscounter.py:325]
[INFO] 2025-05-05T16:07:32.440546 Rank 0 step 90 processed 5 samples in 1.1943974494934082 s [/mnt/ioopt/appbench/apps/MLPerf-storage/dlio_benchmark/dlio_benchmark/utils/statscounter.py:325]
[INFO] 2025-05-05T16:07:35.826656 Rank 0 step 91 processed 5 samples in 3.3856725692749023 s [/mnt/ioopt/appbench/apps/MLPerf-storage/dlio_benchmark/dlio_benchmark/utils/statscounter.py:325]
[INFO] 2025-05-05T16:07:41.051985 Rank 0 step 92 processed 5 samples in 5.224807977676392 s [/mnt/ioopt/appbench/apps/MLPerf-storage/dlio_benchmark/dlio_benchmark/utils/statscounter.py:325]
[INFO] 2025-05-05T16:07:41.658963 Rank 0 step 93 processed 5 samples in 0.6064555644989014 s [/mnt/ioopt/appbench/apps/MLPerf-storage/dlio_benchmark/dlio_benchmark/utils/statscounter.py:325]
[INFO] 2025-05-05T16:07:42.522546 Rank 0 step 94 processed 5 samples in 0.8630752563476562 s [/mnt/ioopt/appbench/apps/MLPerf-storage/dlio_benchmark/dlio_benchmark/utils/statscounter.py:325]
[INFO] 2025-05-05T16:07:45.213863 Rank 0 step 95 processed 5 samples in 2.690886974334717 s [/mnt/ioopt/appbench/apps/MLPerf-storage/dlio_benchmark/dlio_benchmark/utils/statscounter.py:325]
[INFO] 2025-05-05T16:07:50.640539 Rank 0 step 96 processed 5 samples in 5.426227569580078 s [/mnt/ioopt/appbench/apps/MLPerf-storage/dlio_benchmark/dlio_benchmark/utils/statscounter.py:325]
[INFO] 2025-05-05T16:07:50.969462 Rank 0 step 97 processed 5 samples in 0.3283960819244385 s [/mnt/ioopt/appbench/apps/MLPerf-storage/dlio_benchmark/dlio_benchmark/utils/statscounter.py:325]
[INFO] 2025-05-05T16:07:51.298215 Rank 0 step 98 processed 5 samples in 0.3282935619354248 s [/mnt/ioopt/appbench/apps/MLPerf-storage/dlio_benchmark/dlio_benchmark/utils/statscounter.py:325]
[INFO] 2025-05-05T16:07:55.313608 Rank 0 step 99 processed 5 samples in 4.014926433563232 s [/mnt/ioopt/appbench/apps/MLPerf-storage/dlio_benchmark/dlio_benchmark/utils/statscounter.py:325]
[INFO] 2025-05-05T16:07:59.355616 Rank 0 step 100 processed 5 samples in 4.04151463508606 s [/mnt/ioopt/appbench/apps/MLPerf-storage/dlio_benchmark/dlio_benchmark/utils/statscounter.py:325]
[INFO] 2025-05-05T16:08:02.005070 Rank 0 step 101 processed 5 samples in 2.6489179134368896 s [/mnt/ioopt/appbench/apps/MLPerf-storage/dlio_benchmark/dlio_benchmark/utils/statscounter.py:325]
[INFO] 2025-05-05T16:08:02.334349 Rank 0 step 102 processed 5 samples in 0.3287642002105713 s [/mnt/ioopt/appbench/apps/MLPerf-storage/dlio_benchmark/dlio_benchmark/utils/statscounter.py:325]
[INFO] 2025-05-05T16:08:04.053362 Rank 0 step 103 processed 5 samples in 1.7185485363006592 s [/mnt/ioopt/appbench/apps/MLPerf-storage/dlio_benchmark/dlio_benchmark/utils/statscounter.py:325]
[INFO] 2025-05-05T16:08:05.620356 Rank 0 step 104 processed 5 samples in 1.5664939880371094 s [/mnt/ioopt/appbench/apps/MLPerf-storage/dlio_benchmark/dlio_benchmark/utils/statscounter.py:325]
[INFO] 2025-05-05T16:08:09.642658 Rank 0 step 105 processed 5 samples in 4.021801471710205 s [/mnt/ioopt/appbench/apps/MLPerf-storage/dlio_benchmark/dlio_benchmark/utils/statscounter.py:325]
[INFO] 2025-05-05T16:08:12.902467 Rank 0 step 106 processed 5 samples in 3.258436679840088 s [/mnt/ioopt/appbench/apps/MLPerf-storage/dlio_benchmark/dlio_benchmark/utils/statscounter.py:325]
[INFO] 2025-05-05T16:08:13.983474 Rank 0 step 107 processed 5 samples in 1.0803496837615967 s [/mnt/ioopt/appbench/apps/MLPerf-storage/dlio_benchmark/dlio_benchmark/utils/statscounter.py:325]
[INFO] 2025-05-05T16:08:17.857488 Rank 0 step 108 processed 5 samples in 3.87351655960083 s [/mnt/ioopt/appbench/apps/MLPerf-storage/dlio_benchmark/dlio_benchmark/utils/statscounter.py:325]
[INFO] 2025-05-05T16:08:19.625396 Rank 0 step 109 processed 5 samples in 1.767465591430664 s [/mnt/ioopt/appbench/apps/MLPerf-storage/dlio_benchmark/dlio_benchmark/utils/statscounter.py:325]
[INFO] 2025-05-05T16:08:22.400438 Rank 0 step 110 processed 5 samples in 2.774554967880249 s [/mnt/ioopt/appbench/apps/MLPerf-storage/dlio_benchmark/dlio_benchmark/utils/statscounter.py:325]
[INFO] 2025-05-05T16:08:23.585461 Rank 0 step 111 processed 5 samples in 1.1845803260803223 s [/mnt/ioopt/appbench/apps/MLPerf-storage/dlio_benchmark/dlio_benchmark/utils/statscounter.py:325]
[INFO] 2025-05-05T16:08:28.753417 Rank 0 step 112 processed 5 samples in 5.167478561401367 s [/mnt/ioopt/appbench/apps/MLPerf-storage/dlio_benchmark/dlio_benchmark/utils/statscounter.py:325]
[INFO] 2025-05-05T16:08:29.082307 Rank 0 step 113 processed 5 samples in 0.328385591506958 s [/mnt/ioopt/appbench/apps/MLPerf-storage/dlio_benchmark/dlio_benchmark/utils/statscounter.py:325]
[INFO] 2025-05-05T16:08:32.373731 Rank 0 step 114 processed 5 samples in 3.290971517562866 s [/mnt/ioopt/appbench/apps/MLPerf-storage/dlio_benchmark/dlio_benchmark/utils/statscounter.py:325]
[INFO] 2025-05-05T16:08:34.741066 Rank 0 step 115 processed 5 samples in 2.366849422454834 s [/mnt/ioopt/appbench/apps/MLPerf-storage/dlio_benchmark/dlio_benchmark/utils/statscounter.py:325]
[INFO] 2025-05-05T16:08:39.454550 Rank 0 step 116 processed 5 samples in 4.7130231857299805 s [/mnt/ioopt/appbench/apps/MLPerf-storage/dlio_benchmark/dlio_benchmark/utils/statscounter.py:325]
[INFO] 2025-05-05T16:08:39.783365 Rank 0 step 117 processed 5 samples in 0.32841992378234863 s [/mnt/ioopt/appbench/apps/MLPerf-storage/dlio_benchmark/dlio_benchmark/utils/statscounter.py:325]
[INFO] 2025-05-05T16:08:40.113783 Rank 0 step 118 processed 5 samples in 0.33001112937927246 s [/mnt/ioopt/appbench/apps/MLPerf-storage/dlio_benchmark/dlio_benchmark/utils/statscounter.py:325]
[INFO] 2025-05-05T16:08:44.361549 Rank 0 step 119 processed 5 samples in 4.2472875118255615 s [/mnt/ioopt/appbench/apps/MLPerf-storage/dlio_benchmark/dlio_benchmark/utils/statscounter.py:325]
[INFO] 2025-05-05T16:08:50.228787 Rank 0 step 120 processed 5 samples in 5.866765260696411 s [/mnt/ioopt/appbench/apps/MLPerf-storage/dlio_benchmark/dlio_benchmark/utils/statscounter.py:325]
[INFO] 2025-05-05T16:08:50.557600 Rank 0 step 121 processed 5 samples in 0.32831525802612305 s [/mnt/ioopt/appbench/apps/MLPerf-storage/dlio_benchmark/dlio_benchmark/utils/statscounter.py:325]
[INFO] 2025-05-05T16:08:50.886571 Rank 0 step 122 processed 5 samples in 0.32853174209594727 s [/mnt/ioopt/appbench/apps/MLPerf-storage/dlio_benchmark/dlio_benchmark/utils/statscounter.py:325]
[INFO] 2025-05-05T16:08:54.216700 Rank 0 step 123 processed 5 samples in 3.3296966552734375 s [/mnt/ioopt/appbench/apps/MLPerf-storage/dlio_benchmark/dlio_benchmark/utils/statscounter.py:325]
[INFO] 2025-05-05T16:08:59.143961 Rank 0 step 124 processed 5 samples in 4.926758289337158 s [/mnt/ioopt/appbench/apps/MLPerf-storage/dlio_benchmark/dlio_benchmark/utils/statscounter.py:325]
[INFO] 2025-05-05T16:08:59.546593 Rank 0 step 125 processed 5 samples in 0.4022345542907715 s [/mnt/ioopt/appbench/apps/MLPerf-storage/dlio_benchmark/dlio_benchmark/utils/statscounter.py:325]
[INFO] 2025-05-05T16:09:01.590128 Rank 0 step 126 processed 5 samples in 2.0430309772491455 s [/mnt/ioopt/appbench/apps/MLPerf-storage/dlio_benchmark/dlio_benchmark/utils/statscounter.py:325]
[INFO] 2025-05-05T16:09:06.532110 Rank 0 step 127 processed 5 samples in 4.941551685333252 s [/mnt/ioopt/appbench/apps/MLPerf-storage/dlio_benchmark/dlio_benchmark/utils/statscounter.py:325]
[INFO] 2025-05-05T16:09:08.891551 Rank 0 step 128 processed 5 samples in 2.3589558601379395 s [/mnt/ioopt/appbench/apps/MLPerf-storage/dlio_benchmark/dlio_benchmark/utils/statscounter.py:325]
[INFO] 2025-05-05T16:09:09.220422 Rank 0 step 129 processed 5 samples in 0.3283829689025879 s [/mnt/ioopt/appbench/apps/MLPerf-storage/dlio_benchmark/dlio_benchmark/utils/statscounter.py:325]
[INFO] 2025-05-05T16:09:09.549516 Rank 0 step 130 processed 5 samples in 0.3286397457122803 s [/mnt/ioopt/appbench/apps/MLPerf-storage/dlio_benchmark/dlio_benchmark/utils/statscounter.py:325]
[INFO] 2025-05-05T16:09:14.615455 Rank 0 step 131 processed 5 samples in 5.065496921539307 s [/mnt/ioopt/appbench/apps/MLPerf-storage/dlio_benchmark/dlio_benchmark/utils/statscounter.py:325]
[INFO] 2025-05-05T16:09:18.607914 Rank 0 step 132 processed 5 samples in 3.9919521808624268 s [/mnt/ioopt/appbench/apps/MLPerf-storage/dlio_benchmark/dlio_benchmark/utils/statscounter.py:325]
[INFO] 2025-05-05T16:09:18.936832 Rank 0 step 133 processed 5 samples in 0.32840943336486816 s [/mnt/ioopt/appbench/apps/MLPerf-storage/dlio_benchmark/dlio_benchmark/utils/statscounter.py:325]
[INFO] 2025-05-05T16:09:19.723434 Rank 0 step 134 processed 5 samples in 0.7861487865447998 s [/mnt/ioopt/appbench/apps/MLPerf-storage/dlio_benchmark/dlio_benchmark/utils/statscounter.py:325]
[INFO] 2025-05-05T16:09:22.309938 Rank 0 step 135 processed 5 samples in 2.5860140323638916 s [/mnt/ioopt/appbench/apps/MLPerf-storage/dlio_benchmark/dlio_benchmark/utils/statscounter.py:325]
[INFO] 2025-05-05T16:09:27.359989 Rank 0 step 136 processed 5 samples in 5.049503326416016 s [/mnt/ioopt/appbench/apps/MLPerf-storage/dlio_benchmark/dlio_benchmark/utils/statscounter.py:325]
[INFO] 2025-05-05T16:09:28.382834 Rank 0 step 137 processed 5 samples in 1.02205228805542 s [/mnt/ioopt/appbench/apps/MLPerf-storage/dlio_benchmark/dlio_benchmark/utils/statscounter.py:325]
[INFO] 2025-05-05T16:09:28.713806 Rank 0 step 138 processed 5 samples in 0.3304719924926758 s [/mnt/ioopt/appbench/apps/MLPerf-storage/dlio_benchmark/dlio_benchmark/utils/statscounter.py:325]
[INFO] 2025-05-05T16:09:31.411305 Rank 0 step 139 processed 5 samples in 2.697010040283203 s [/mnt/ioopt/appbench/apps/MLPerf-storage/dlio_benchmark/dlio_benchmark/utils/statscounter.py:325]
[INFO] 2025-05-05T16:09:37.416685 Rank 0 step 140 processed 5 samples in 6.00490140914917 s [/mnt/ioopt/appbench/apps/MLPerf-storage/dlio_benchmark/dlio_benchmark/utils/statscounter.py:325]
[INFO] 2025-05-05T16:09:38.450893 Rank 0 step 141 processed 5 samples in 1.0338029861450195 s [/mnt/ioopt/appbench/apps/MLPerf-storage/dlio_benchmark/dlio_benchmark/utils/statscounter.py:325]
[INFO] 2025-05-05T16:09:38.779767 Rank 0 step 142 processed 5 samples in 0.3283579349517822 s [/mnt/ioopt/appbench/apps/MLPerf-storage/dlio_benchmark/dlio_benchmark/utils/statscounter.py:325]
[INFO] 2025-05-05T16:09:42.841053 Rank 0 step 143 processed 5 samples in 4.06084132194519 s [/mnt/ioopt/appbench/apps/MLPerf-storage/dlio_benchmark/dlio_benchmark/utils/statscounter.py:325]
[INFO] 2025-05-05T16:09:46.804437 Rank 0 step 144 processed 5 samples in 3.962904691696167 s [/mnt/ioopt/appbench/apps/MLPerf-storage/dlio_benchmark/dlio_benchmark/utils/statscounter.py:325]
[INFO] 2025-05-05T16:09:47.135798 Rank 0 step 145 processed 5 samples in 0.3308708667755127 s [/mnt/ioopt/appbench/apps/MLPerf-storage/dlio_benchmark/dlio_benchmark/utils/statscounter.py:325]
[INFO] 2025-05-05T16:09:48.647566 Rank 0 step 146 processed 5 samples in 1.5112693309783936 s [/mnt/ioopt/appbench/apps/MLPerf-storage/dlio_benchmark/dlio_benchmark/utils/statscounter.py:325]
[INFO] 2025-05-05T16:09:53.820892 Rank 0 step 147 processed 5 samples in 5.1728832721710205 s [/mnt/ioopt/appbench/apps/MLPerf-storage/dlio_benchmark/dlio_benchmark/utils/statscounter.py:325]
[INFO] 2025-05-05T16:09:57.770303 Rank 0 step 148 processed 5 samples in 3.9489245414733887 s [/mnt/ioopt/appbench/apps/MLPerf-storage/dlio_benchmark/dlio_benchmark/utils/statscounter.py:325]
[INFO] 2025-05-05T16:09:58.219910 Rank 0 step 149 processed 5 samples in 0.44921422004699707 s [/mnt/ioopt/appbench/apps/MLPerf-storage/dlio_benchmark/dlio_benchmark/utils/statscounter.py:325]
[INFO] 2025-05-05T16:09:58.546158 Rank 0 step 150 processed 5 samples in 0.3256106376647949 s [/mnt/ioopt/appbench/apps/MLPerf-storage/dlio_benchmark/dlio_benchmark/utils/statscounter.py:325]
[INFO] 2025-05-05T16:10:05.415154 Rank 0 step 151 processed 5 samples in 6.868514537811279 s [/mnt/ioopt/appbench/apps/MLPerf-storage/dlio_benchmark/dlio_benchmark/utils/statscounter.py:325]
[INFO] 2025-05-05T16:10:08.840444 Rank 0 step 152 processed 5 samples in 3.424787998199463 s [/mnt/ioopt/appbench/apps/MLPerf-storage/dlio_benchmark/dlio_benchmark/utils/statscounter.py:325]
[INFO] 2025-05-05T16:10:09.169254 Rank 0 step 153 processed 5 samples in 0.3283216953277588 s [/mnt/ioopt/appbench/apps/MLPerf-storage/dlio_benchmark/dlio_benchmark/utils/statscounter.py:325]
[INFO] 2025-05-05T16:10:09.498260 Rank 0 step 154 processed 5 samples in 0.3285679817199707 s [/mnt/ioopt/appbench/apps/MLPerf-storage/dlio_benchmark/dlio_benchmark/utils/statscounter.py:325]
[INFO] 2025-05-05T16:10:13.859734 Rank 0 step 155 processed 5 samples in 4.361046552658081 s [/mnt/ioopt/appbench/apps/MLPerf-storage/dlio_benchmark/dlio_benchmark/utils/statscounter.py:325]
[INFO] 2025-05-05T16:10:17.867156 Rank 0 step 156 processed 5 samples in 4.006943702697754 s [/mnt/ioopt/appbench/apps/MLPerf-storage/dlio_benchmark/dlio_benchmark/utils/statscounter.py:325]
[INFO] 2025-05-05T16:10:19.089871 Rank 0 step 157 processed 5 samples in 1.2222237586975098 s [/mnt/ioopt/appbench/apps/MLPerf-storage/dlio_benchmark/dlio_benchmark/utils/statscounter.py:325]
[INFO] 2025-05-05T16:10:19.850084 Rank 0 step 158 processed 5 samples in 0.7597353458404541 s [/mnt/ioopt/appbench/apps/MLPerf-storage/dlio_benchmark/dlio_benchmark/utils/statscounter.py:325]
[INFO] 2025-05-05T16:10:23.636504 Rank 0 step 159 processed 5 samples in 3.7859816551208496 s [/mnt/ioopt/appbench/apps/MLPerf-storage/dlio_benchmark/dlio_benchmark/utils/statscounter.py:325]
[INFO] 2025-05-05T16:10:25.351462 Rank 0 step 160 processed 5 samples in 1.7144882678985596 s [/mnt/ioopt/appbench/apps/MLPerf-storage/dlio_benchmark/dlio_benchmark/utils/statscounter.py:325]
[INFO] 2025-05-05T16:10:27.903118 Rank 0 step 161 processed 5 samples in 2.551283121109009 s [/mnt/ioopt/appbench/apps/MLPerf-storage/dlio_benchmark/dlio_benchmark/utils/statscounter.py:325]
[INFO] 2025-05-05T16:10:30.273242 Rank 0 step 162 processed 5 samples in 2.369659423828125 s [/mnt/ioopt/appbench/apps/MLPerf-storage/dlio_benchmark/dlio_benchmark/utils/statscounter.py:325]
[INFO] 2025-05-05T16:10:33.220030 Rank 0 step 163 processed 5 samples in 2.946338415145874 s [/mnt/ioopt/appbench/apps/MLPerf-storage/dlio_benchmark/dlio_benchmark/utils/statscounter.py:325]
[INFO] 2025-05-05T16:10:36.086999 Rank 0 step 164 processed 5 samples in 2.866490364074707 s [/mnt/ioopt/appbench/apps/MLPerf-storage/dlio_benchmark/dlio_benchmark/utils/statscounter.py:325]
[INFO] 2025-05-05T16:10:36.417920 Rank 0 step 165 processed 5 samples in 0.3304023742675781 s [/mnt/ioopt/appbench/apps/MLPerf-storage/dlio_benchmark/dlio_benchmark/utils/statscounter.py:325]
[INFO] 2025-05-05T16:10:38.739625 Rank 0 step 166 processed 5 samples in 2.321220874786377 s [/mnt/ioopt/appbench/apps/MLPerf-storage/dlio_benchmark/dlio_benchmark/utils/statscounter.py:325]
[INFO] 2025-05-05T16:10:43.054458 Rank 0 step 167 processed 5 samples in 4.314045429229736 s [/mnt/ioopt/appbench/apps/MLPerf-storage/dlio_benchmark/dlio_benchmark/utils/statscounter.py:325]
[INFO] 2025-05-05T16:10:45.137851 Rank 0 step 168 processed 5 samples in 2.082902193069458 s [/mnt/ioopt/appbench/apps/MLPerf-storage/dlio_benchmark/dlio_benchmark/utils/statscounter.py:325]
[INFO] 2025-05-05T16:10:45.466511 Rank 0 step 169 processed 5 samples in 0.3282468318939209 s [/mnt/ioopt/appbench/apps/MLPerf-storage/dlio_benchmark/dlio_benchmark/utils/statscounter.py:325]
[INFO] 2025-05-05T16:10:45.796809 Rank 0 step 170 processed 5 samples in 0.3299250602722168 s [/mnt/ioopt/appbench/apps/MLPerf-storage/dlio_benchmark/dlio_benchmark/utils/statscounter.py:325]
[INFO] 2025-05-05T16:10:52.741071 Rank 0 step 171 processed 5 samples in 6.943789482116699 s [/mnt/ioopt/appbench/apps/MLPerf-storage/dlio_benchmark/dlio_benchmark/utils/statscounter.py:325]
[INFO] 2025-05-05T16:10:55.464574 Rank 0 step 172 processed 5 samples in 2.72300386428833 s [/mnt/ioopt/appbench/apps/MLPerf-storage/dlio_benchmark/dlio_benchmark/utils/statscounter.py:325]
[INFO] 2025-05-05T16:10:55.793761 Rank 0 step 173 processed 5 samples in 0.32868242263793945 s [/mnt/ioopt/appbench/apps/MLPerf-storage/dlio_benchmark/dlio_benchmark/utils/statscounter.py:325]
[INFO] 2025-05-05T16:10:56.123079 Rank 0 step 174 processed 5 samples in 0.32878923416137695 s [/mnt/ioopt/appbench/apps/MLPerf-storage/dlio_benchmark/dlio_benchmark/utils/statscounter.py:325]
[INFO] 2025-05-05T16:11:02.490766 Rank 0 step 175 processed 5 samples in 6.3672285079956055 s [/mnt/ioopt/appbench/apps/MLPerf-storage/dlio_benchmark/dlio_benchmark/utils/statscounter.py:325]
[INFO] 2025-05-05T16:11:03.301806 Rank 0 step 176 processed 5 samples in 0.8105299472808838 s [/mnt/ioopt/appbench/apps/MLPerf-storage/dlio_benchmark/dlio_benchmark/utils/statscounter.py:325]
[INFO] 2025-05-05T16:11:03.630690 Rank 0 step 177 processed 5 samples in 0.32845187187194824 s [/mnt/ioopt/appbench/apps/MLPerf-storage/dlio_benchmark/dlio_benchmark/utils/statscounter.py:325]
[INFO] 2025-05-05T16:11:05.434920 Rank 0 step 178 processed 5 samples in 1.8037757873535156 s [/mnt/ioopt/appbench/apps/MLPerf-storage/dlio_benchmark/dlio_benchmark/utils/statscounter.py:325]
[INFO] 2025-05-05T16:11:11.927018 Rank 0 step 179 processed 5 samples in 6.491617202758789 s [/mnt/ioopt/appbench/apps/MLPerf-storage/dlio_benchmark/dlio_benchmark/utils/statscounter.py:325]
[INFO] 2025-05-05T16:11:12.255712 Rank 0 step 180 processed 5 samples in 0.3282341957092285 s [/mnt/ioopt/appbench/apps/MLPerf-storage/dlio_benchmark/dlio_benchmark/utils/statscounter.py:325]
[INFO] 2025-05-05T16:11:12.584781 Rank 0 step 181 processed 5 samples in 0.32858705520629883 s [/mnt/ioopt/appbench/apps/MLPerf-storage/dlio_benchmark/dlio_benchmark/utils/statscounter.py:325]
[INFO] 2025-05-05T16:11:14.453034 Rank 0 step 182 processed 5 samples in 1.8678107261657715 s [/mnt/ioopt/appbench/apps/MLPerf-storage/dlio_benchmark/dlio_benchmark/utils/statscounter.py:325]
[INFO] 2025-05-05T16:11:20.358355 Rank 0 step 183 processed 5 samples in 5.904843091964722 s [/mnt/ioopt/appbench/apps/MLPerf-storage/dlio_benchmark/dlio_benchmark/utils/statscounter.py:325]
[INFO] 2025-05-05T16:11:20.687105 Rank 0 step 184 processed 5 samples in 0.3283076286315918 s [/mnt/ioopt/appbench/apps/MLPerf-storage/dlio_benchmark/dlio_benchmark/utils/statscounter.py:325]
[INFO] 2025-05-05T16:11:21.016181 Rank 0 step 185 processed 5 samples in 0.32859349250793457 s [/mnt/ioopt/appbench/apps/MLPerf-storage/dlio_benchmark/dlio_benchmark/utils/statscounter.py:325]
[INFO] 2025-05-05T16:11:22.681640 Rank 0 step 186 processed 5 samples in 1.6650166511535645 s [/mnt/ioopt/appbench/apps/MLPerf-storage/dlio_benchmark/dlio_benchmark/utils/statscounter.py:325]
[INFO] 2025-05-05T16:11:29.834011 Rank 0 step 187 processed 5 samples in 7.151914358139038 s [/mnt/ioopt/appbench/apps/MLPerf-storage/dlio_benchmark/dlio_benchmark/utils/statscounter.py:325]
[INFO] 2025-05-05T16:11:30.162800 Rank 0 step 188 processed 5 samples in 0.3283061981201172 s [/mnt/ioopt/appbench/apps/MLPerf-storage/dlio_benchmark/dlio_benchmark/utils/statscounter.py:325]
[INFO] 2025-05-05T16:11:30.910760 Rank 0 step 189 processed 5 samples in 0.7474422454833984 s [/mnt/ioopt/appbench/apps/MLPerf-storage/dlio_benchmark/dlio_benchmark/utils/statscounter.py:325]
[INFO] 2025-05-05T16:11:32.594857 Rank 0 step 190 processed 5 samples in 1.6836206912994385 s [/mnt/ioopt/appbench/apps/MLPerf-storage/dlio_benchmark/dlio_benchmark/utils/statscounter.py:325]
[INFO] 2025-05-05T16:11:37.809454 Rank 0 step 191 processed 5 samples in 5.214125633239746 s [/mnt/ioopt/appbench/apps/MLPerf-storage/dlio_benchmark/dlio_benchmark/utils/statscounter.py:325]
[INFO] 2025-05-05T16:11:38.426859 Rank 0 step 192 processed 5 samples in 0.6169126033782959 s [/mnt/ioopt/appbench/apps/MLPerf-storage/dlio_benchmark/dlio_benchmark/utils/statscounter.py:325]
[INFO] 2025-05-05T16:11:42.364077 Rank 0 step 193 processed 5 samples in 3.936829090118408 s [/mnt/ioopt/appbench/apps/MLPerf-storage/dlio_benchmark/dlio_benchmark/utils/statscounter.py:325]
[INFO] 2025-05-05T16:11:42.693606 Rank 0 step 194 processed 5 samples in 0.32907605171203613 s [/mnt/ioopt/appbench/apps/MLPerf-storage/dlio_benchmark/dlio_benchmark/utils/statscounter.py:325]
[INFO] 2025-05-05T16:11:49.395921 Rank 0 step 195 processed 5 samples in 6.7017974853515625 s [/mnt/ioopt/appbench/apps/MLPerf-storage/dlio_benchmark/dlio_benchmark/utils/statscounter.py:325]
[INFO] 2025-05-05T16:11:49.725822 Rank 0 step 196 processed 5 samples in 0.32883667945861816 s [/mnt/ioopt/appbench/apps/MLPerf-storage/dlio_benchmark/dlio_benchmark/utils/statscounter.py:325]
[INFO] 2025-05-05T16:11:52.677084 Rank 0 step 197 processed 5 samples in 2.950805187225342 s [/mnt/ioopt/appbench/apps/MLPerf-storage/dlio_benchmark/dlio_benchmark/utils/statscounter.py:325]
[INFO] 2025-05-05T16:11:53.103680 Rank 0 step 198 processed 5 samples in 0.42613983154296875 s [/mnt/ioopt/appbench/apps/MLPerf-storage/dlio_benchmark/dlio_benchmark/utils/statscounter.py:325]
[INFO] 2025-05-05T16:11:56.550563 Rank 0 step 199 processed 5 samples in 3.4464526176452637 s [/mnt/ioopt/appbench/apps/MLPerf-storage/dlio_benchmark/dlio_benchmark/utils/statscounter.py:325]
[INFO] 2025-05-05T16:12:01.300350 Rank 0 step 200 processed 5 samples in 4.749269485473633 s [/mnt/ioopt/appbench/apps/MLPerf-storage/dlio_benchmark/dlio_benchmark/utils/statscounter.py:325]
[INFO] 2025-05-05T16:12:02.759200 Rank 0 step 201 processed 5 samples in 1.458343744277954 s [/mnt/ioopt/appbench/apps/MLPerf-storage/dlio_benchmark/dlio_benchmark/utils/statscounter.py:325]
[INFO] 2025-05-05T16:12:03.087991 Rank 0 step 202 processed 5 samples in 0.32832956314086914 s [/mnt/ioopt/appbench/apps/MLPerf-storage/dlio_benchmark/dlio_benchmark/utils/statscounter.py:325]
[INFO] 2025-05-05T16:12:06.173664 Rank 0 step 203 processed 5 samples in 3.0852577686309814 s [/mnt/ioopt/appbench/apps/MLPerf-storage/dlio_benchmark/dlio_benchmark/utils/statscounter.py:325]
[INFO] 2025-05-05T16:12:11.973886 Rank 0 step 204 processed 5 samples in 5.79977822303772 s [/mnt/ioopt/appbench/apps/MLPerf-storage/dlio_benchmark/dlio_benchmark/utils/statscounter.py:325]
[INFO] 2025-05-05T16:12:12.302556 Rank 0 step 205 processed 5 samples in 0.32822179794311523 s [/mnt/ioopt/appbench/apps/MLPerf-storage/dlio_benchmark/dlio_benchmark/utils/statscounter.py:325]
[INFO] 2025-05-05T16:12:12.658396 Rank 0 step 206 processed 5 samples in 0.3555123805999756 s [/mnt/ioopt/appbench/apps/MLPerf-storage/dlio_benchmark/dlio_benchmark/utils/statscounter.py:325]
[INFO] 2025-05-05T16:12:15.575334 Rank 0 step 207 processed 5 samples in 2.9164698123931885 s [/mnt/ioopt/appbench/apps/MLPerf-storage/dlio_benchmark/dlio_benchmark/utils/statscounter.py:325]
[INFO] 2025-05-05T16:12:19.960482 Rank 0 step 208 processed 5 samples in 4.384674310684204 s [/mnt/ioopt/appbench/apps/MLPerf-storage/dlio_benchmark/dlio_benchmark/utils/statscounter.py:325]
[INFO] 2025-05-05T16:12:20.306604 Rank 0 step 209 processed 5 samples in 0.3457355499267578 s [/mnt/ioopt/appbench/apps/MLPerf-storage/dlio_benchmark/dlio_benchmark/utils/statscounter.py:325]
[INFO] 2025-05-05T16:12:21.677775 Rank 0 step 210 processed 5 samples in 1.3705596923828125 s [/mnt/ioopt/appbench/apps/MLPerf-storage/dlio_benchmark/dlio_benchmark/utils/statscounter.py:325]
[INFO] 2025-05-05T16:12:24.123119 Rank 0 step 211 processed 5 samples in 2.4448955059051514 s [/mnt/ioopt/appbench/apps/MLPerf-storage/dlio_benchmark/dlio_benchmark/utils/statscounter.py:325]
[INFO] 2025-05-05T16:12:29.880219 Rank 0 step 212 processed 5 samples in 5.756622076034546 s [/mnt/ioopt/appbench/apps/MLPerf-storage/dlio_benchmark/dlio_benchmark/utils/statscounter.py:325]
[INFO] 2025-05-05T16:12:30.597299 Rank 0 step 213 processed 5 samples in 0.7165725231170654 s [/mnt/ioopt/appbench/apps/MLPerf-storage/dlio_benchmark/dlio_benchmark/utils/statscounter.py:325]
[INFO] 2025-05-05T16:12:31.395467 Rank 0 step 214 processed 5 samples in 0.7976901531219482 s [/mnt/ioopt/appbench/apps/MLPerf-storage/dlio_benchmark/dlio_benchmark/utils/statscounter.py:325]
[INFO] 2025-05-05T16:12:31.724693 Rank 0 step 215 processed 5 samples in 0.32877445220947266 s [/mnt/ioopt/appbench/apps/MLPerf-storage/dlio_benchmark/dlio_benchmark/utils/statscounter.py:325]
[INFO] 2025-05-05T16:12:37.876702 Rank 0 step 216 processed 5 samples in 6.1515562534332275 s [/mnt/ioopt/appbench/apps/MLPerf-storage/dlio_benchmark/dlio_benchmark/utils/statscounter.py:325]
[INFO] 2025-05-05T16:12:38.207330 Rank 0 step 217 processed 5 samples in 0.33013033866882324 s [/mnt/ioopt/appbench/apps/MLPerf-storage/dlio_benchmark/dlio_benchmark/utils/statscounter.py:325]
[INFO] 2025-05-05T16:12:42.449287 Rank 0 step 218 processed 5 samples in 4.241473436355591 s [/mnt/ioopt/appbench/apps/MLPerf-storage/dlio_benchmark/dlio_benchmark/utils/statscounter.py:325]
[INFO] 2025-05-05T16:12:42.778546 Rank 0 step 219 processed 5 samples in 0.32879209518432617 s [/mnt/ioopt/appbench/apps/MLPerf-storage/dlio_benchmark/dlio_benchmark/utils/statscounter.py:325]
[INFO] 2025-05-05T16:12:47.725392 Rank 0 step 220 processed 5 samples in 4.946395635604858 s [/mnt/ioopt/appbench/apps/MLPerf-storage/dlio_benchmark/dlio_benchmark/utils/statscounter.py:325]
[INFO] 2025-05-05T16:12:48.132496 Rank 0 step 221 processed 5 samples in 0.40660738945007324 s [/mnt/ioopt/appbench/apps/MLPerf-storage/dlio_benchmark/dlio_benchmark/utils/statscounter.py:325]
[INFO] 2025-05-05T16:12:50.406486 Rank 0 step 222 processed 5 samples in 2.273702383041382 s [/mnt/ioopt/appbench/apps/MLPerf-storage/dlio_benchmark/dlio_benchmark/utils/statscounter.py:325]
[INFO] 2025-05-05T16:12:52.857403 Rank 0 step 223 processed 5 samples in 2.450467348098755 s [/mnt/ioopt/appbench/apps/MLPerf-storage/dlio_benchmark/dlio_benchmark/utils/statscounter.py:325]
[INFO] 2025-05-05T16:12:57.029840 Rank 0 step 224 processed 5 samples in 4.1719067096710205 s [/mnt/ioopt/appbench/apps/MLPerf-storage/dlio_benchmark/dlio_benchmark/utils/statscounter.py:325]
[INFO] 2025-05-05T16:12:57.625803 Rank 0 step 225 processed 5 samples in 0.595468282699585 s [/mnt/ioopt/appbench/apps/MLPerf-storage/dlio_benchmark/dlio_benchmark/utils/statscounter.py:325]
[INFO] 2025-05-05T16:13:02.814751 Rank 0 step 226 processed 5 samples in 5.188450336456299 s [/mnt/ioopt/appbench/apps/MLPerf-storage/dlio_benchmark/dlio_benchmark/utils/statscounter.py:325]
[INFO] 2025-05-05T16:13:03.143718 Rank 0 step 227 processed 5 samples in 0.32839345932006836 s [/mnt/ioopt/appbench/apps/MLPerf-storage/dlio_benchmark/dlio_benchmark/utils/statscounter.py:325]
[INFO] 2025-05-05T16:13:07.171726 Rank 0 step 228 processed 5 samples in 4.027772665023804 s [/mnt/ioopt/appbench/apps/MLPerf-storage/dlio_benchmark/dlio_benchmark/utils/statscounter.py:325]
[INFO] 2025-05-05T16:13:07.500987 Rank 0 step 229 processed 5 samples in 0.3287780284881592 s [/mnt/ioopt/appbench/apps/MLPerf-storage/dlio_benchmark/dlio_benchmark/utils/statscounter.py:325]
[INFO] 2025-05-05T16:13:13.085369 Rank 0 step 230 processed 5 samples in 5.583935260772705 s [/mnt/ioopt/appbench/apps/MLPerf-storage/dlio_benchmark/dlio_benchmark/utils/statscounter.py:325]
[INFO] 2025-05-05T16:13:13.414495 Rank 0 step 231 processed 5 samples in 0.3286409378051758 s [/mnt/ioopt/appbench/apps/MLPerf-storage/dlio_benchmark/dlio_benchmark/utils/statscounter.py:325]
[INFO] 2025-05-05T16:13:17.694598 Rank 0 step 232 processed 5 samples in 4.279636383056641 s [/mnt/ioopt/appbench/apps/MLPerf-storage/dlio_benchmark/dlio_benchmark/utils/statscounter.py:325]
[INFO] 2025-05-05T16:13:18.026156 Rank 0 step 233 processed 5 samples in 0.33103108406066895 s [/mnt/ioopt/appbench/apps/MLPerf-storage/dlio_benchmark/dlio_benchmark/utils/statscounter.py:325]
[INFO] 2025-05-05T16:13:21.623068 Rank 0 step 234 processed 5 samples in 3.596421718597412 s [/mnt/ioopt/appbench/apps/MLPerf-storage/dlio_benchmark/dlio_benchmark/utils/statscounter.py:325]
[INFO] 2025-05-05T16:13:21.953908 Rank 0 step 235 processed 5 samples in 0.3303706645965576 s [/mnt/ioopt/appbench/apps/MLPerf-storage/dlio_benchmark/dlio_benchmark/utils/statscounter.py:325]
[INFO] 2025-05-05T16:13:25.111172 Rank 0 step 236 processed 5 samples in 3.156808376312256 s [/mnt/ioopt/appbench/apps/MLPerf-storage/dlio_benchmark/dlio_benchmark/utils/statscounter.py:325]
[INFO] 2025-05-05T16:13:27.250044 Rank 0 step 237 processed 5 samples in 2.1384332180023193 s [/mnt/ioopt/appbench/apps/MLPerf-storage/dlio_benchmark/dlio_benchmark/utils/statscounter.py:325]
[INFO] 2025-05-05T16:13:30.725623 Rank 0 step 238 processed 5 samples in 3.4751205444335938 s [/mnt/ioopt/appbench/apps/MLPerf-storage/dlio_benchmark/dlio_benchmark/utils/statscounter.py:325]
[INFO] 2025-05-05T16:13:31.941748 Rank 0 step 239 processed 5 samples in 1.2156662940979004 s [/mnt/ioopt/appbench/apps/MLPerf-storage/dlio_benchmark/dlio_benchmark/utils/statscounter.py:325]
[INFO] 2025-05-05T16:13:35.584032 Rank 0 step 240 processed 5 samples in 3.6418039798736572 s [/mnt/ioopt/appbench/apps/MLPerf-storage/dlio_benchmark/dlio_benchmark/utils/statscounter.py:325]
[INFO] 2025-05-05T16:13:37.189278 Rank 0 step 241 processed 5 samples in 1.6047518253326416 s [/mnt/ioopt/appbench/apps/MLPerf-storage/dlio_benchmark/dlio_benchmark/utils/statscounter.py:325]
[INFO] 2025-05-05T16:13:42.779669 Rank 0 step 242 processed 5 samples in 5.589913845062256 s [/mnt/ioopt/appbench/apps/MLPerf-storage/dlio_benchmark/dlio_benchmark/utils/statscounter.py:325]
[INFO] 2025-05-05T16:13:44.173013 Rank 0 step 243 processed 5 samples in 1.3928828239440918 s [/mnt/ioopt/appbench/apps/MLPerf-storage/dlio_benchmark/dlio_benchmark/utils/statscounter.py:325]
[INFO] 2025-05-05T16:13:44.714700 Rank 0 step 244 processed 5 samples in 0.5412118434906006 s [/mnt/ioopt/appbench/apps/MLPerf-storage/dlio_benchmark/dlio_benchmark/utils/statscounter.py:325]
[INFO] 2025-05-05T16:13:47.611536 Rank 0 step 245 processed 5 samples in 2.89632248878479 s [/mnt/ioopt/appbench/apps/MLPerf-storage/dlio_benchmark/dlio_benchmark/utils/statscounter.py:325]
[INFO] 2025-05-05T16:13:53.132427 Rank 0 step 246 processed 5 samples in 5.520404815673828 s [/mnt/ioopt/appbench/apps/MLPerf-storage/dlio_benchmark/dlio_benchmark/utils/statscounter.py:325]
[INFO] 2025-05-05T16:13:53.461671 Rank 0 step 247 processed 5 samples in 0.3287394046783447 s [/mnt/ioopt/appbench/apps/MLPerf-storage/dlio_benchmark/dlio_benchmark/utils/statscounter.py:325]
[INFO] 2025-05-05T16:13:53.793276 Rank 0 step 248 processed 5 samples in 0.33115625381469727 s [/mnt/ioopt/appbench/apps/MLPerf-storage/dlio_benchmark/dlio_benchmark/utils/statscounter.py:325]
[INFO] 2025-05-05T16:13:56.558416 Rank 0 step 249 processed 5 samples in 2.764641761779785 s [/mnt/ioopt/appbench/apps/MLPerf-storage/dlio_benchmark/dlio_benchmark/utils/statscounter.py:325]
[INFO] 2025-05-05T16:14:03.130691 Rank 0 step 250 processed 5 samples in 6.571797847747803 s [/mnt/ioopt/appbench/apps/MLPerf-storage/dlio_benchmark/dlio_benchmark/utils/statscounter.py:325]
[INFO] 2025-05-05T16:14:03.459500 Rank 0 step 251 processed 5 samples in 0.3283090591430664 s [/mnt/ioopt/appbench/apps/MLPerf-storage/dlio_benchmark/dlio_benchmark/utils/statscounter.py:325]
[INFO] 2025-05-05T16:14:03.788669 Rank 0 step 252 processed 5 samples in 0.3286898136138916 s [/mnt/ioopt/appbench/apps/MLPerf-storage/dlio_benchmark/dlio_benchmark/utils/statscounter.py:325]
[INFO] 2025-05-05T16:14:05.423321 Rank 0 step 253 processed 5 samples in 1.6341934204101562 s [/mnt/ioopt/appbench/apps/MLPerf-storage/dlio_benchmark/dlio_benchmark/utils/statscounter.py:325]
[INFO] 2025-05-05T16:14:13.507193 Rank 0 step 254 processed 5 samples in 8.08339548110962 s [/mnt/ioopt/appbench/apps/MLPerf-storage/dlio_benchmark/dlio_benchmark/utils/statscounter.py:325]
[INFO] 2025-05-05T16:14:13.837244 Rank 0 step 255 processed 5 samples in 0.3293137550354004 s [/mnt/ioopt/appbench/apps/MLPerf-storage/dlio_benchmark/dlio_benchmark/utils/statscounter.py:325]
[INFO] 2025-05-05T16:14:14.166382 Rank 0 step 256 processed 5 samples in 0.3286895751953125 s [/mnt/ioopt/appbench/apps/MLPerf-storage/dlio_benchmark/dlio_benchmark/utils/statscounter.py:325]
[INFO] 2025-05-05T16:14:14.495299 Rank 0 step 257 processed 5 samples in 0.3284752368927002 s [/mnt/ioopt/appbench/apps/MLPerf-storage/dlio_benchmark/dlio_benchmark/utils/statscounter.py:325]
[INFO] 2025-05-05T16:14:22.617910 Rank 0 step 258 processed 5 samples in 8.122162103652954 s [/mnt/ioopt/appbench/apps/MLPerf-storage/dlio_benchmark/dlio_benchmark/utils/statscounter.py:325]
[INFO] 2025-05-05T16:14:22.946705 Rank 0 step 259 processed 5 samples in 0.32834744453430176 s [/mnt/ioopt/appbench/apps/MLPerf-storage/dlio_benchmark/dlio_benchmark/utils/statscounter.py:325]
[INFO] 2025-05-05T16:14:23.275872 Rank 0 step 260 processed 5 samples in 0.32869625091552734 s [/mnt/ioopt/appbench/apps/MLPerf-storage/dlio_benchmark/dlio_benchmark/utils/statscounter.py:325]
[INFO] 2025-05-05T16:14:23.681471 Rank 0 step 261 processed 5 samples in 0.40514612197875977 s [/mnt/ioopt/appbench/apps/MLPerf-storage/dlio_benchmark/dlio_benchmark/utils/statscounter.py:325]
[INFO] 2025-05-05T16:14:31.444844 Rank 0 step 262 processed 5 samples in 7.76291823387146 s [/mnt/ioopt/appbench/apps/MLPerf-storage/dlio_benchmark/dlio_benchmark/utils/statscounter.py:325]
[INFO] 2025-05-05T16:14:31.776507 Rank 0 step 263 processed 5 samples in 0.33120298385620117 s [/mnt/ioopt/appbench/apps/MLPerf-storage/dlio_benchmark/dlio_benchmark/utils/statscounter.py:325]
[INFO] 2025-05-05T16:14:32.840601 Rank 0 step 264 processed 5 samples in 1.063612937927246 s [/mnt/ioopt/appbench/apps/MLPerf-storage/dlio_benchmark/dlio_benchmark/utils/statscounter.py:325]
[INFO] 2025-05-05T16:14:33.169505 Rank 0 step 265 processed 5 samples in 0.328519344329834 s [/mnt/ioopt/appbench/apps/MLPerf-storage/dlio_benchmark/dlio_benchmark/utils/statscounter.py:325]
[INFO] 2025-05-05T16:14:38.930213 Rank 0 step 266 processed 5 samples in 5.760229587554932 s [/mnt/ioopt/appbench/apps/MLPerf-storage/dlio_benchmark/dlio_benchmark/utils/statscounter.py:325]
[INFO] 2025-05-05T16:14:39.261024 Rank 0 step 267 processed 5 samples in 0.33031702041625977 s [/mnt/ioopt/appbench/apps/MLPerf-storage/dlio_benchmark/dlio_benchmark/utils/statscounter.py:325]
[INFO] 2025-05-05T16:14:41.048707 Rank 0 step 268 processed 5 samples in 1.7872405052185059 s [/mnt/ioopt/appbench/apps/MLPerf-storage/dlio_benchmark/dlio_benchmark/utils/statscounter.py:325]
[INFO] 2025-05-05T16:14:44.951122 Rank 0 step 269 processed 5 samples in 3.901923894882202 s [/mnt/ioopt/appbench/apps/MLPerf-storage/dlio_benchmark/dlio_benchmark/utils/statscounter.py:325]
[INFO] 2025-05-05T16:14:48.085387 Rank 0 step 270 processed 5 samples in 3.1337716579437256 s [/mnt/ioopt/appbench/apps/MLPerf-storage/dlio_benchmark/dlio_benchmark/utils/statscounter.py:325]
[INFO] 2025-05-05T16:14:49.658830 Rank 0 step 271 processed 5 samples in 1.5729265213012695 s [/mnt/ioopt/appbench/apps/MLPerf-storage/dlio_benchmark/dlio_benchmark/utils/statscounter.py:325]
[INFO] 2025-05-05T16:14:51.367547 Rank 0 step 272 processed 5 samples in 1.7082295417785645 s [/mnt/ioopt/appbench/apps/MLPerf-storage/dlio_benchmark/dlio_benchmark/utils/statscounter.py:325]
[INFO] 2025-05-05T16:14:54.547245 Rank 0 step 273 processed 5 samples in 3.1791939735412598 s [/mnt/ioopt/appbench/apps/MLPerf-storage/dlio_benchmark/dlio_benchmark/utils/statscounter.py:325]
[INFO] 2025-05-05T16:14:58.629498 Rank 0 step 274 processed 5 samples in 4.081716537475586 s [/mnt/ioopt/appbench/apps/MLPerf-storage/dlio_benchmark/dlio_benchmark/utils/statscounter.py:325]
[INFO] 2025-05-05T16:14:58.958490 Rank 0 step 275 processed 5 samples in 0.32849907875061035 s [/mnt/ioopt/appbench/apps/MLPerf-storage/dlio_benchmark/dlio_benchmark/utils/statscounter.py:325]
[INFO] 2025-05-05T16:15:01.140264 Rank 0 step 276 processed 5 samples in 2.181320905685425 s [/mnt/ioopt/appbench/apps/MLPerf-storage/dlio_benchmark/dlio_benchmark/utils/statscounter.py:325]
[INFO] 2025-05-05T16:15:03.715212 Rank 0 step 277 processed 5 samples in 2.574450969696045 s [/mnt/ioopt/appbench/apps/MLPerf-storage/dlio_benchmark/dlio_benchmark/utils/statscounter.py:325]
[INFO] 2025-05-05T16:15:07.831393 Rank 0 step 278 processed 5 samples in 4.115728139877319 s [/mnt/ioopt/appbench/apps/MLPerf-storage/dlio_benchmark/dlio_benchmark/utils/statscounter.py:325]
[INFO] 2025-05-05T16:15:08.160320 Rank 0 step 279 processed 5 samples in 0.32847166061401367 s [/mnt/ioopt/appbench/apps/MLPerf-storage/dlio_benchmark/dlio_benchmark/utils/statscounter.py:325]
[INFO] 2025-05-05T16:15:10.901741 Rank 0 step 280 processed 5 samples in 2.740961790084839 s [/mnt/ioopt/appbench/apps/MLPerf-storage/dlio_benchmark/dlio_benchmark/utils/statscounter.py:325]
[INFO] 2025-05-05T16:15:15.482747 Rank 0 step 281 processed 5 samples in 4.580532073974609 s [/mnt/ioopt/appbench/apps/MLPerf-storage/dlio_benchmark/dlio_benchmark/utils/statscounter.py:325]
[INFO] 2025-05-05T16:15:18.191946 Rank 0 step 282 processed 5 samples in 2.708681344985962 s [/mnt/ioopt/appbench/apps/MLPerf-storage/dlio_benchmark/dlio_benchmark/utils/statscounter.py:325]
[INFO] 2025-05-05T16:15:18.521244 Rank 0 step 283 processed 5 samples in 0.32882261276245117 s [/mnt/ioopt/appbench/apps/MLPerf-storage/dlio_benchmark/dlio_benchmark/utils/statscounter.py:325]
[INFO] 2025-05-05T16:15:19.602283 Rank 0 step 284 processed 5 samples in 1.0805327892303467 s [/mnt/ioopt/appbench/apps/MLPerf-storage/dlio_benchmark/dlio_benchmark/utils/statscounter.py:325]
[INFO] 2025-05-05T16:15:23.184143 Rank 0 step 285 processed 5 samples in 3.580780029296875 s [/mnt/ioopt/appbench/apps/MLPerf-storage/dlio_benchmark/dlio_benchmark/utils/statscounter.py:325]
[INFO] 2025-05-05T16:15:26.236956 Rank 0 step 286 processed 5 samples in 3.052368402481079 s [/mnt/ioopt/appbench/apps/MLPerf-storage/dlio_benchmark/dlio_benchmark/utils/statscounter.py:325]
[INFO] 2025-05-05T16:15:28.728464 Rank 0 step 287 processed 5 samples in 2.491032123565674 s [/mnt/ioopt/appbench/apps/MLPerf-storage/dlio_benchmark/dlio_benchmark/utils/statscounter.py:325]
[INFO] 2025-05-05T16:15:29.699748 Rank 0 step 288 processed 5 samples in 0.9707920551300049 s [/mnt/ioopt/appbench/apps/MLPerf-storage/dlio_benchmark/dlio_benchmark/utils/statscounter.py:325]
[INFO] 2025-05-05T16:15:34.891792 Rank 0 step 289 processed 5 samples in 5.1915671825408936 s [/mnt/ioopt/appbench/apps/MLPerf-storage/dlio_benchmark/dlio_benchmark/utils/statscounter.py:325]
[INFO] 2025-05-05T16:15:35.856727 Rank 0 step 290 processed 5 samples in 0.964454174041748 s [/mnt/ioopt/appbench/apps/MLPerf-storage/dlio_benchmark/dlio_benchmark/utils/statscounter.py:325]
[INFO] 2025-05-05T16:15:39.432880 Rank 0 step 291 processed 5 samples in 3.5757150650024414 s [/mnt/ioopt/appbench/apps/MLPerf-storage/dlio_benchmark/dlio_benchmark/utils/statscounter.py:325]
[INFO] 2025-05-05T16:15:39.972355 Rank 0 step 292 processed 5 samples in 0.53900146484375 s [/mnt/ioopt/appbench/apps/MLPerf-storage/dlio_benchmark/dlio_benchmark/utils/statscounter.py:325]
[INFO] 2025-05-05T16:15:44.986510 Rank 0 step 293 processed 5 samples in 5.0136635303497314 s [/mnt/ioopt/appbench/apps/MLPerf-storage/dlio_benchmark/dlio_benchmark/utils/statscounter.py:325]
[INFO] 2025-05-05T16:15:45.315442 Rank 0 step 294 processed 5 samples in 0.3284454345703125 s [/mnt/ioopt/appbench/apps/MLPerf-storage/dlio_benchmark/dlio_benchmark/utils/statscounter.py:325]
[INFO] 2025-05-05T16:15:47.906848 Rank 0 step 295 processed 5 samples in 2.590925693511963 s [/mnt/ioopt/appbench/apps/MLPerf-storage/dlio_benchmark/dlio_benchmark/utils/statscounter.py:325]
[INFO] 2025-05-05T16:15:49.231723 Rank 0 step 296 processed 5 samples in 1.3244035243988037 s [/mnt/ioopt/appbench/apps/MLPerf-storage/dlio_benchmark/dlio_benchmark/utils/statscounter.py:325]
[INFO] 2025-05-05T16:15:53.182486 Rank 0 step 297 processed 5 samples in 3.950249195098877 s [/mnt/ioopt/appbench/apps/MLPerf-storage/dlio_benchmark/dlio_benchmark/utils/statscounter.py:325]
[INFO] 2025-05-05T16:15:54.275700 Rank 0 step 298 processed 5 samples in 1.0927095413208008 s [/mnt/ioopt/appbench/apps/MLPerf-storage/dlio_benchmark/dlio_benchmark/utils/statscounter.py:325]
[INFO] 2025-05-05T16:15:56.564384 Rank 0 step 299 processed 5 samples in 2.28824520111084 s [/mnt/ioopt/appbench/apps/MLPerf-storage/dlio_benchmark/dlio_benchmark/utils/statscounter.py:325]
[INFO] 2025-05-05T16:15:59.895326 Rank 0 step 300 processed 5 samples in 3.3305020332336426 s [/mnt/ioopt/appbench/apps/MLPerf-storage/dlio_benchmark/dlio_benchmark/utils/statscounter.py:325]
[INFO] 2025-05-05T16:16:01.948630 Rank 0 step 301 processed 5 samples in 2.052799940109253 s [/mnt/ioopt/appbench/apps/MLPerf-storage/dlio_benchmark/dlio_benchmark/utils/statscounter.py:325]
[INFO] 2025-05-05T16:16:05.810943 Rank 0 step 302 processed 5 samples in 3.861841917037964 s [/mnt/ioopt/appbench/apps/MLPerf-storage/dlio_benchmark/dlio_benchmark/utils/statscounter.py:325]
[INFO] 2025-05-05T16:16:06.139745 Rank 0 step 303 processed 5 samples in 0.32832956314086914 s [/mnt/ioopt/appbench/apps/MLPerf-storage/dlio_benchmark/dlio_benchmark/utils/statscounter.py:325]
[INFO] 2025-05-05T16:16:07.613521 Rank 0 step 304 processed 5 samples in 1.4733614921569824 s [/mnt/ioopt/appbench/apps/MLPerf-storage/dlio_benchmark/dlio_benchmark/utils/statscounter.py:325]
[INFO] 2025-05-05T16:16:10.420468 Rank 0 step 305 processed 5 samples in 2.806453227996826 s [/mnt/ioopt/appbench/apps/MLPerf-storage/dlio_benchmark/dlio_benchmark/utils/statscounter.py:325]
[INFO] 2025-05-05T16:16:15.634891 Rank 0 step 306 processed 5 samples in 5.2139434814453125 s [/mnt/ioopt/appbench/apps/MLPerf-storage/dlio_benchmark/dlio_benchmark/utils/statscounter.py:325]
[INFO] 2025-05-05T16:16:16.665212 Rank 0 step 307 processed 5 samples in 1.0298569202423096 s [/mnt/ioopt/appbench/apps/MLPerf-storage/dlio_benchmark/dlio_benchmark/utils/statscounter.py:325]
[INFO] 2025-05-05T16:16:17.541841 Rank 0 step 308 processed 5 samples in 0.8760404586791992 s [/mnt/ioopt/appbench/apps/MLPerf-storage/dlio_benchmark/dlio_benchmark/utils/statscounter.py:325]
[INFO] 2025-05-05T16:16:17.870242 Rank 0 step 309 processed 5 samples in 0.3280344009399414 s [/mnt/ioopt/appbench/apps/MLPerf-storage/dlio_benchmark/dlio_benchmark/utils/statscounter.py:325]
[INFO] 2025-05-05T16:16:25.837288 Rank 0 step 310 processed 5 samples in 7.966583013534546 s [/mnt/ioopt/appbench/apps/MLPerf-storage/dlio_benchmark/dlio_benchmark/utils/statscounter.py:325]
[INFO] 2025-05-05T16:16:26.165927 Rank 0 step 311 processed 5 samples in 0.32814955711364746 s [/mnt/ioopt/appbench/apps/MLPerf-storage/dlio_benchmark/dlio_benchmark/utils/statscounter.py:325]
[INFO] 2025-05-05T16:16:26.494912 Rank 0 step 312 processed 5 samples in 0.3285353183746338 s [/mnt/ioopt/appbench/apps/MLPerf-storage/dlio_benchmark/dlio_benchmark/utils/statscounter.py:325]
[INFO] 2025-05-05T16:16:26.825845 Rank 0 step 313 processed 5 samples in 0.3304605484008789 s [/mnt/ioopt/appbench/apps/MLPerf-storage/dlio_benchmark/dlio_benchmark/utils/statscounter.py:325]
[INFO] 2025-05-05T16:16:35.968821 Rank 0 step 314 processed 5 samples in 9.142494678497314 s [/mnt/ioopt/appbench/apps/MLPerf-storage/dlio_benchmark/dlio_benchmark/utils/statscounter.py:325]
[INFO] 2025-05-05T16:16:36.299802 Rank 0 step 315 processed 5 samples in 0.3304128646850586 s [/mnt/ioopt/appbench/apps/MLPerf-storage/dlio_benchmark/dlio_benchmark/utils/statscounter.py:325]
[INFO] 2025-05-05T16:16:37.745157 Rank 0 step 316 processed 5 samples in 1.4448773860931396 s [/mnt/ioopt/appbench/apps/MLPerf-storage/dlio_benchmark/dlio_benchmark/utils/statscounter.py:325]
[INFO] 2025-05-05T16:16:38.738143 Rank 0 step 317 processed 5 samples in 0.9925332069396973 s [/mnt/ioopt/appbench/apps/MLPerf-storage/dlio_benchmark/dlio_benchmark/utils/statscounter.py:325]
[INFO] 2025-05-05T16:16:45.285255 Rank 0 step 318 processed 5 samples in 6.546655178070068 s [/mnt/ioopt/appbench/apps/MLPerf-storage/dlio_benchmark/dlio_benchmark/utils/statscounter.py:325]
[INFO] 2025-05-05T16:16:45.854208 Rank 0 step 319 processed 5 samples in 0.5684940814971924 s [/mnt/ioopt/appbench/apps/MLPerf-storage/dlio_benchmark/dlio_benchmark/utils/statscounter.py:325]
[INFO] 2025-05-05T16:16:47.235552 Rank 0 step 320 processed 5 samples in 1.3808825016021729 s [/mnt/ioopt/appbench/apps/MLPerf-storage/dlio_benchmark/dlio_benchmark/utils/statscounter.py:325]
[INFO] 2025-05-05T16:16:49.475408 Rank 0 step 321 processed 5 samples in 2.2393417358398438 s [/mnt/ioopt/appbench/apps/MLPerf-storage/dlio_benchmark/dlio_benchmark/utils/statscounter.py:325]
[INFO] 2025-05-05T16:16:53.200517 Rank 0 step 322 processed 5 samples in 3.724600076675415 s [/mnt/ioopt/appbench/apps/MLPerf-storage/dlio_benchmark/dlio_benchmark/utils/statscounter.py:325]
[INFO] 2025-05-05T16:16:57.085588 Rank 0 step 323 processed 5 samples in 3.884594678878784 s [/mnt/ioopt/appbench/apps/MLPerf-storage/dlio_benchmark/dlio_benchmark/utils/statscounter.py:325]
[INFO] 2025-05-05T16:16:57.411659 Rank 0 step 324 processed 5 samples in 0.32561445236206055 s [/mnt/ioopt/appbench/apps/MLPerf-storage/dlio_benchmark/dlio_benchmark/utils/statscounter.py:325]
[INFO] 2025-05-05T16:16:58.971485 Rank 0 step 325 processed 5 samples in 1.559356689453125 s [/mnt/ioopt/appbench/apps/MLPerf-storage/dlio_benchmark/dlio_benchmark/utils/statscounter.py:325]
[INFO] 2025-05-05T16:17:00.594155 Rank 0 step 326 processed 5 samples in 1.622222900390625 s [/mnt/ioopt/appbench/apps/MLPerf-storage/dlio_benchmark/dlio_benchmark/utils/statscounter.py:325]
[INFO] 2025-05-05T16:17:06.794703 Rank 0 step 327 processed 5 samples in 6.200103044509888 s [/mnt/ioopt/appbench/apps/MLPerf-storage/dlio_benchmark/dlio_benchmark/utils/statscounter.py:325]
[INFO] 2025-05-05T16:17:07.124083 Rank 0 step 328 processed 5 samples in 0.32885050773620605 s [/mnt/ioopt/appbench/apps/MLPerf-storage/dlio_benchmark/dlio_benchmark/utils/statscounter.py:325]
[INFO] 2025-05-05T16:17:10.102190 Rank 0 step 329 processed 5 samples in 2.9776344299316406 s [/mnt/ioopt/appbench/apps/MLPerf-storage/dlio_benchmark/dlio_benchmark/utils/statscounter.py:325]
[INFO] 2025-05-05T16:17:10.430997 Rank 0 step 330 processed 5 samples in 0.32836055755615234 s [/mnt/ioopt/appbench/apps/MLPerf-storage/dlio_benchmark/dlio_benchmark/utils/statscounter.py:325]
[INFO] 2025-05-05T16:17:14.760430 Rank 0 step 331 processed 5 samples in 4.328956604003906 s [/mnt/ioopt/appbench/apps/MLPerf-storage/dlio_benchmark/dlio_benchmark/utils/statscounter.py:325]
[INFO] 2025-05-05T16:17:16.823181 Rank 0 step 332 processed 5 samples in 2.0622589588165283 s [/mnt/ioopt/appbench/apps/MLPerf-storage/dlio_benchmark/dlio_benchmark/utils/statscounter.py:325]
[INFO] 2025-05-05T16:17:18.100959 Rank 0 step 333 processed 5 samples in 1.2774367332458496 s [/mnt/ioopt/appbench/apps/MLPerf-storage/dlio_benchmark/dlio_benchmark/utils/statscounter.py:325]
[INFO] 2025-05-05T16:17:18.869440 Rank 0 step 334 processed 5 samples in 0.7680094242095947 s [/mnt/ioopt/appbench/apps/MLPerf-storage/dlio_benchmark/dlio_benchmark/utils/statscounter.py:325]
[INFO] 2025-05-05T16:17:25.002615 Rank 0 step 335 processed 5 samples in 6.132738351821899 s [/mnt/ioopt/appbench/apps/MLPerf-storage/dlio_benchmark/dlio_benchmark/utils/statscounter.py:325]
[INFO] 2025-05-05T16:17:28.684003 Rank 0 step 336 processed 5 samples in 3.68091082572937 s [/mnt/ioopt/appbench/apps/MLPerf-storage/dlio_benchmark/dlio_benchmark/utils/statscounter.py:325]
[INFO] 2025-05-05T16:17:29.012854 Rank 0 step 337 processed 5 samples in 0.32837891578674316 s [/mnt/ioopt/appbench/apps/MLPerf-storage/dlio_benchmark/dlio_benchmark/utils/statscounter.py:325]
[INFO] 2025-05-05T16:17:29.341808 Rank 0 step 338 processed 5 samples in 0.32846665382385254 s [/mnt/ioopt/appbench/apps/MLPerf-storage/dlio_benchmark/dlio_benchmark/utils/statscounter.py:325]
[INFO] 2025-05-05T16:17:33.077015 Rank 0 step 339 processed 5 samples in 3.734752655029297 s [/mnt/ioopt/appbench/apps/MLPerf-storage/dlio_benchmark/dlio_benchmark/utils/statscounter.py:325]
[INFO] 2025-05-05T16:17:38.479695 Rank 0 step 340 processed 5 samples in 5.402228832244873 s [/mnt/ioopt/appbench/apps/MLPerf-storage/dlio_benchmark/dlio_benchmark/utils/statscounter.py:325]
[INFO] 2025-05-05T16:17:38.808729 Rank 0 step 341 processed 5 samples in 0.32848143577575684 s [/mnt/ioopt/appbench/apps/MLPerf-storage/dlio_benchmark/dlio_benchmark/utils/statscounter.py:325]
[INFO] 2025-05-05T16:17:39.218328 Rank 0 step 342 processed 5 samples in 0.4091167449951172 s [/mnt/ioopt/appbench/apps/MLPerf-storage/dlio_benchmark/dlio_benchmark/utils/statscounter.py:325]
[INFO] 2025-05-05T16:17:40.507713 Rank 0 step 343 processed 5 samples in 1.2888872623443604 s [/mnt/ioopt/appbench/apps/MLPerf-storage/dlio_benchmark/dlio_benchmark/utils/statscounter.py:325]
[INFO] 2025-05-05T16:17:46.629148 Rank 0 step 344 processed 5 samples in 6.120970249176025 s [/mnt/ioopt/appbench/apps/MLPerf-storage/dlio_benchmark/dlio_benchmark/utils/statscounter.py:325]
[INFO] 2025-05-05T16:17:48.843854 Rank 0 step 345 processed 5 samples in 2.213970899581909 s [/mnt/ioopt/appbench/apps/MLPerf-storage/dlio_benchmark/dlio_benchmark/utils/statscounter.py:325]
[INFO] 2025-05-05T16:17:50.517373 Rank 0 step 346 processed 5 samples in 1.6730375289916992 s [/mnt/ioopt/appbench/apps/MLPerf-storage/dlio_benchmark/dlio_benchmark/utils/statscounter.py:325]
[INFO] 2025-05-05T16:17:50.846211 Rank 0 step 347 processed 5 samples in 0.3283967971801758 s [/mnt/ioopt/appbench/apps/MLPerf-storage/dlio_benchmark/dlio_benchmark/utils/statscounter.py:325]
[INFO] 2025-05-05T16:17:53.916406 Rank 0 step 348 processed 5 samples in 3.0697391033172607 s [/mnt/ioopt/appbench/apps/MLPerf-storage/dlio_benchmark/dlio_benchmark/utils/statscounter.py:325]
[INFO] 2025-05-05T16:17:59.212203 Rank 0 step 349 processed 5 samples in 5.295319080352783 s [/mnt/ioopt/appbench/apps/MLPerf-storage/dlio_benchmark/dlio_benchmark/utils/statscounter.py:325]
[INFO] 2025-05-05T16:17:59.543023 Rank 0 step 350 processed 5 samples in 0.33037257194519043 s [/mnt/ioopt/appbench/apps/MLPerf-storage/dlio_benchmark/dlio_benchmark/utils/statscounter.py:325]
[INFO] 2025-05-05T16:17:59.871885 Rank 0 step 351 processed 5 samples in 0.32837867736816406 s [/mnt/ioopt/appbench/apps/MLPerf-storage/dlio_benchmark/dlio_benchmark/utils/statscounter.py:325]
[INFO] 2025-05-05T16:18:01.444809 Rank 0 step 352 processed 5 samples in 1.5724730491638184 s [/mnt/ioopt/appbench/apps/MLPerf-storage/dlio_benchmark/dlio_benchmark/utils/statscounter.py:325]
[INFO] 2025-05-05T16:18:10.357151 Rank 0 step 353 processed 5 samples in 8.91174578666687 s [/mnt/ioopt/appbench/apps/MLPerf-storage/dlio_benchmark/dlio_benchmark/utils/statscounter.py:325]
[INFO] 2025-05-05T16:18:10.688571 Rank 0 step 354 processed 5 samples in 0.3308680057525635 s [/mnt/ioopt/appbench/apps/MLPerf-storage/dlio_benchmark/dlio_benchmark/utils/statscounter.py:325]
[INFO] 2025-05-05T16:18:11.019191 Rank 0 step 355 processed 5 samples in 0.3301551342010498 s [/mnt/ioopt/appbench/apps/MLPerf-storage/dlio_benchmark/dlio_benchmark/utils/statscounter.py:325]
[INFO] 2025-05-05T16:18:11.348058 Rank 0 step 356 processed 5 samples in 0.3283522129058838 s [/mnt/ioopt/appbench/apps/MLPerf-storage/dlio_benchmark/dlio_benchmark/utils/statscounter.py:325]
[INFO] 2025-05-05T16:18:17.754412 Rank 0 step 357 processed 5 samples in 6.405884504318237 s [/mnt/ioopt/appbench/apps/MLPerf-storage/dlio_benchmark/dlio_benchmark/utils/statscounter.py:325]
[INFO] 2025-05-05T16:18:19.770950 Rank 0 step 358 processed 5 samples in 2.0162670612335205 s [/mnt/ioopt/appbench/apps/MLPerf-storage/dlio_benchmark/dlio_benchmark/utils/statscounter.py:325]
[INFO] 2025-05-05T16:18:21.203216 Rank 0 step 359 processed 5 samples in 1.4317626953125 s [/mnt/ioopt/appbench/apps/MLPerf-storage/dlio_benchmark/dlio_benchmark/utils/statscounter.py:325]
[INFO] 2025-05-05T16:18:21.534181 Rank 0 step 360 processed 5 samples in 0.3305048942565918 s [/mnt/ioopt/appbench/apps/MLPerf-storage/dlio_benchmark/dlio_benchmark/utils/statscounter.py:325]
[INFO] 2025-05-05T16:18:26.799217 Rank 0 step 361 processed 5 samples in 5.264538526535034 s [/mnt/ioopt/appbench/apps/MLPerf-storage/dlio_benchmark/dlio_benchmark/utils/statscounter.py:325]
[INFO] 2025-05-05T16:18:28.290567 Rank 0 step 362 processed 5 samples in 1.4908201694488525 s [/mnt/ioopt/appbench/apps/MLPerf-storage/dlio_benchmark/dlio_benchmark/utils/statscounter.py:325]
[INFO] 2025-05-05T16:18:29.362998 Rank 0 step 363 processed 5 samples in 1.0721611976623535 s [/mnt/ioopt/appbench/apps/MLPerf-storage/dlio_benchmark/dlio_benchmark/utils/statscounter.py:325]
[INFO] 2025-05-05T16:18:30.149311 Rank 0 step 364 processed 5 samples in 0.7859406471252441 s [/mnt/ioopt/appbench/apps/MLPerf-storage/dlio_benchmark/dlio_benchmark/utils/statscounter.py:325]
[INFO] 2025-05-05T16:18:36.012920 Rank 0 step 365 processed 5 samples in 5.8631532192230225 s [/mnt/ioopt/appbench/apps/MLPerf-storage/dlio_benchmark/dlio_benchmark/utils/statscounter.py:325]
[INFO] 2025-05-05T16:18:38.549856 Rank 0 step 366 processed 5 samples in 2.536466360092163 s [/mnt/ioopt/appbench/apps/MLPerf-storage/dlio_benchmark/dlio_benchmark/utils/statscounter.py:325]
[INFO] 2025-05-05T16:18:38.878854 Rank 0 step 367 processed 5 samples in 0.3285214900970459 s [/mnt/ioopt/appbench/apps/MLPerf-storage/dlio_benchmark/dlio_benchmark/utils/statscounter.py:325]
[INFO] 2025-05-05T16:18:39.210601 Rank 0 step 368 processed 5 samples in 0.33125925064086914 s [/mnt/ioopt/appbench/apps/MLPerf-storage/dlio_benchmark/dlio_benchmark/utils/statscounter.py:325]
[INFO] 2025-05-05T16:18:46.285974 Rank 0 step 369 processed 5 samples in 7.0748610496521 s [/mnt/ioopt/appbench/apps/MLPerf-storage/dlio_benchmark/dlio_benchmark/utils/statscounter.py:325]
[INFO] 2025-05-05T16:18:49.317347 Rank 0 step 370 processed 5 samples in 3.0309150218963623 s [/mnt/ioopt/appbench/apps/MLPerf-storage/dlio_benchmark/dlio_benchmark/utils/statscounter.py:325]
[INFO] 2025-05-05T16:18:49.644004 Rank 0 step 371 processed 5 samples in 0.32619309425354004 s [/mnt/ioopt/appbench/apps/MLPerf-storage/dlio_benchmark/dlio_benchmark/utils/statscounter.py:325]
[INFO] 2025-05-05T16:18:49.972920 Rank 0 step 372 processed 5 samples in 0.3284130096435547 s [/mnt/ioopt/appbench/apps/MLPerf-storage/dlio_benchmark/dlio_benchmark/utils/statscounter.py:325]
[INFO] 2025-05-05T16:18:55.022470 Rank 0 step 373 processed 5 samples in 5.049072265625 s [/mnt/ioopt/appbench/apps/MLPerf-storage/dlio_benchmark/dlio_benchmark/utils/statscounter.py:325]
[INFO] 2025-05-05T16:18:57.780813 Rank 0 step 374 processed 5 samples in 2.7578537464141846 s [/mnt/ioopt/appbench/apps/MLPerf-storage/dlio_benchmark/dlio_benchmark/utils/statscounter.py:325]
[INFO] 2025-05-05T16:18:58.111340 Rank 0 step 375 processed 5 samples in 0.3300964832305908 s [/mnt/ioopt/appbench/apps/MLPerf-storage/dlio_benchmark/dlio_benchmark/utils/statscounter.py:325]
[INFO] 2025-05-05T16:19:01.089831 Rank 0 step 376 processed 5 samples in 2.9780592918395996 s [/mnt/ioopt/appbench/apps/MLPerf-storage/dlio_benchmark/dlio_benchmark/utils/statscounter.py:325]
[INFO] 2025-05-05T16:19:06.931513 Rank 0 step 377 processed 5 samples in 5.841227054595947 s [/mnt/ioopt/appbench/apps/MLPerf-storage/dlio_benchmark/dlio_benchmark/utils/statscounter.py:325]
[INFO] 2025-05-05T16:19:07.262347 Rank 0 step 378 processed 5 samples in 0.3303542137145996 s [/mnt/ioopt/appbench/apps/MLPerf-storage/dlio_benchmark/dlio_benchmark/utils/statscounter.py:325]
[INFO] 2025-05-05T16:19:07.591221 Rank 0 step 379 processed 5 samples in 0.32840752601623535 s [/mnt/ioopt/appbench/apps/MLPerf-storage/dlio_benchmark/dlio_benchmark/utils/statscounter.py:325]
[INFO] 2025-05-05T16:19:11.270092 Rank 0 step 380 processed 5 samples in 3.6784183979034424 s [/mnt/ioopt/appbench/apps/MLPerf-storage/dlio_benchmark/dlio_benchmark/utils/statscounter.py:325]
[INFO] 2025-05-05T16:19:15.189415 Rank 0 step 381 processed 5 samples in 3.9187979698181152 s [/mnt/ioopt/appbench/apps/MLPerf-storage/dlio_benchmark/dlio_benchmark/utils/statscounter.py:325]
[INFO] 2025-05-05T16:19:15.518430 Rank 0 step 382 processed 5 samples in 0.32854652404785156 s [/mnt/ioopt/appbench/apps/MLPerf-storage/dlio_benchmark/dlio_benchmark/utils/statscounter.py:325]
[INFO] 2025-05-05T16:19:17.101849 Rank 0 step 383 processed 5 samples in 1.5829854011535645 s [/mnt/ioopt/appbench/apps/MLPerf-storage/dlio_benchmark/dlio_benchmark/utils/statscounter.py:325]
[INFO] 2025-05-05T16:19:19.628429 Rank 0 step 384 processed 5 samples in 2.5261342525482178 s [/mnt/ioopt/appbench/apps/MLPerf-storage/dlio_benchmark/dlio_benchmark/utils/statscounter.py:325]
[INFO] 2025-05-05T16:19:25.305514 Rank 0 step 385 processed 5 samples in 5.676627159118652 s [/mnt/ioopt/appbench/apps/MLPerf-storage/dlio_benchmark/dlio_benchmark/utils/statscounter.py:325]
[INFO] 2025-05-05T16:19:25.634530 Rank 0 step 386 processed 5 samples in 0.32855701446533203 s [/mnt/ioopt/appbench/apps/MLPerf-storage/dlio_benchmark/dlio_benchmark/utils/statscounter.py:325]
[INFO] 2025-05-05T16:19:26.476298 Rank 0 step 387 processed 5 samples in 0.8412995338439941 s [/mnt/ioopt/appbench/apps/MLPerf-storage/dlio_benchmark/dlio_benchmark/utils/statscounter.py:325]
[INFO] 2025-05-05T16:19:26.805267 Rank 0 step 388 processed 5 samples in 0.32851433753967285 s [/mnt/ioopt/appbench/apps/MLPerf-storage/dlio_benchmark/dlio_benchmark/utils/statscounter.py:325]
[INFO] 2025-05-05T16:19:32.319147 Rank 0 step 389 processed 5 samples in 5.513463735580444 s [/mnt/ioopt/appbench/apps/MLPerf-storage/dlio_benchmark/dlio_benchmark/utils/statscounter.py:325]
[INFO] 2025-05-05T16:19:34.425227 Rank 0 step 390 processed 5 samples in 2.1056299209594727 s [/mnt/ioopt/appbench/apps/MLPerf-storage/dlio_benchmark/dlio_benchmark/utils/statscounter.py:325]
[INFO] 2025-05-05T16:19:36.731563 Rank 0 step 391 processed 5 samples in 2.3058745861053467 s [/mnt/ioopt/appbench/apps/MLPerf-storage/dlio_benchmark/dlio_benchmark/utils/statscounter.py:325]
[INFO] 2025-05-05T16:19:37.210792 Rank 0 step 392 processed 5 samples in 0.4787936210632324 s [/mnt/ioopt/appbench/apps/MLPerf-storage/dlio_benchmark/dlio_benchmark/utils/statscounter.py:325]
[INFO] 2025-05-05T16:19:41.342340 Rank 0 step 393 processed 5 samples in 4.131018877029419 s [/mnt/ioopt/appbench/apps/MLPerf-storage/dlio_benchmark/dlio_benchmark/utils/statscounter.py:325]
[INFO] 2025-05-05T16:19:43.089111 Rank 0 step 394 processed 5 samples in 1.746248722076416 s [/mnt/ioopt/appbench/apps/MLPerf-storage/dlio_benchmark/dlio_benchmark/utils/statscounter.py:325]
[INFO] 2025-05-05T16:19:46.378802 Rank 0 step 395 processed 5 samples in 3.2888588905334473 s [/mnt/ioopt/appbench/apps/MLPerf-storage/dlio_benchmark/dlio_benchmark/utils/statscounter.py:325]
[INFO] 2025-05-05T16:19:46.707765 Rank 0 step 396 processed 5 samples in 0.3284909725189209 s [/mnt/ioopt/appbench/apps/MLPerf-storage/dlio_benchmark/dlio_benchmark/utils/statscounter.py:325]
[INFO] 2025-05-05T16:19:49.771256 Rank 0 step 397 processed 5 samples in 3.0630319118499756 s [/mnt/ioopt/appbench/apps/MLPerf-storage/dlio_benchmark/dlio_benchmark/utils/statscounter.py:325]
[INFO] 2025-05-05T16:19:51.684268 Rank 0 step 398 processed 5 samples in 1.9125823974609375 s [/mnt/ioopt/appbench/apps/MLPerf-storage/dlio_benchmark/dlio_benchmark/utils/statscounter.py:325]
[INFO] 2025-05-05T16:19:52.014464 Rank 0 step 399 processed 5 samples in 0.32974863052368164 s [/mnt/ioopt/appbench/apps/MLPerf-storage/dlio_benchmark/dlio_benchmark/utils/statscounter.py:325]
[INFO] 2025-05-05T16:19:54.660766 Rank 0 step 400 processed 5 samples in 2.645927667617798 s [/mnt/ioopt/appbench/apps/MLPerf-storage/dlio_benchmark/dlio_benchmark/utils/statscounter.py:325]
[INFO] 2025-05-05T16:19:54.661268 Maximum number of steps reached [/mnt/ioopt/appbench/apps/MLPerf-storage/dlio_benchmark/dlio_benchmark/main.py:293]
[INFO] 2025-05-05T16:19:54.664413 Ending block 1 - 400 steps completed in 964.15 s [/mnt/ioopt/appbench/apps/MLPerf-storage/dlio_benchmark/dlio_benchmark/utils/statscounter.py:282]
[INFO] 2025-05-05T16:19:54.689631 Epoch 1 - Block 1 [Training] Accelerator Utilization [AU] (%): 13.5178 [/mnt/ioopt/appbench/apps/MLPerf-storage/dlio_benchmark/dlio_benchmark/utils/statscounter.py:285]
[INFO] 2025-05-05T16:19:54.689909 Epoch 1 - Block 1 [Training] Throughput (samples/second): 2.0744 [/mnt/ioopt/appbench/apps/MLPerf-storage/dlio_benchmark/dlio_benchmark/utils/statscounter.py:286]
[INFO] 2025-05-05T16:19:54.691610 Ending epoch 1 - 400 steps completed in 964.21 s [/mnt/ioopt/appbench/apps/MLPerf-storage/dlio_benchmark/dlio_benchmark/utils/statscounter.py:225]
[INFO] 2025-05-05T16:19:54.697050 Saved outputs in /mnt/ioopt/appbench/apps/MLPerf-storage/resultsdir/RUN_6/batch_size_5_num_threads_4 [/mnt/ioopt/appbench/apps/MLPerf-storage/dlio_benchmark/dlio_benchmark/utils/statscounter.py:171]
[INFO] Averaged metric over all epochs
[METRIC] ==========================================================
[METRIC] Number of Simulated Accelerators: 1 
[METRIC] Training Accelerator Utilization [AU] (%): 13.5178 (0.0000)
[METRIC] Training Throughput (samples/second): 2.0744 (0.0000)
[METRIC] Training I/O Throughput (MB/second): 290.0163 (0.0000)
[METRIC] train_au_meet_expectation: fail
[METRIC] ==========================================================
 [/mnt/ioopt/appbench/apps/MLPerf-storage/dlio_benchmark/dlio_benchmark/utils/statscounter.py:185]
[INFO] 2025-05-05T16:19:54.704525 outputs saved in RANKID_output.json [/mnt/ioopt/appbench/apps/MLPerf-storage/dlio_benchmark/dlio_benchmark/utils/statscounter.py:378]
