[INFO] 2025-05-04T18:14:15.069589 Profiling DLIO /mnt/ioopt/appbench/apps/MLPerf-storage/resultsdir/RUN_4/batch_size_5_num_threads_10/trace-0-of-1.pfw [/mnt/ioopt/appbench/apps/MLPerf-storage/dlio_benchmark/dlio_benchmark/utils/config.py:189]
[INFO] 2025-05-04T18:14:15.070249 Running DLIO with 1 process(es) [/mnt/ioopt/appbench/apps/MLPerf-storage/dlio_benchmark/dlio_benchmark/main.py:100]
[INFO] Total amount of data each host will consume is 273.064948618412 GB; each host has [np.float64(187.5592384338379)] GB memory [/mnt/ioopt/appbench/apps/MLPerf-storage/dlio_benchmark/dlio_benchmark/utils/statscounter.py:121]
[INFO] 2025-05-04T18:14:31.429303 Max steps per epoch: 400 = 1 * 2000 / 5 / 1 (samples per file * num files / batch size / comm size) [/mnt/ioopt/appbench/apps/MLPerf-storage/dlio_benchmark/dlio_benchmark/main.py:321]
[INFO] 2025-05-04T18:14:31.580497 Starting epoch 1: 400 steps expected [/mnt/ioopt/appbench/apps/MLPerf-storage/dlio_benchmark/dlio_benchmark/utils/statscounter.py:192]
[INFO] 2025-05-04T18:14:31.612562 Starting block 1 [/mnt/ioopt/appbench/apps/MLPerf-storage/dlio_benchmark/dlio_benchmark/utils/statscounter.py:264]
[INFO] 2025-05-04T18:14:56.383368 Rank 0 step 1 processed 5 samples in 24.770604848861694 s [/mnt/ioopt/appbench/apps/MLPerf-storage/dlio_benchmark/dlio_benchmark/utils/statscounter.py:325]
[INFO] 2025-05-04T18:14:56.722135 Rank 0 step 2 processed 5 samples in 0.3372933864593506 s [/mnt/ioopt/appbench/apps/MLPerf-storage/dlio_benchmark/dlio_benchmark/utils/statscounter.py:325]
[INFO] 2025-05-04T18:14:58.476439 Rank 0 step 3 processed 5 samples in 1.7538175582885742 s [/mnt/ioopt/appbench/apps/MLPerf-storage/dlio_benchmark/dlio_benchmark/utils/statscounter.py:325]
[INFO] 2025-05-04T18:14:58.805671 Rank 0 step 4 processed 5 samples in 0.32877588272094727 s [/mnt/ioopt/appbench/apps/MLPerf-storage/dlio_benchmark/dlio_benchmark/utils/statscounter.py:325]
[INFO] 2025-05-04T18:14:59.134438 Rank 0 step 5 processed 5 samples in 0.32829737663269043 s [/mnt/ioopt/appbench/apps/MLPerf-storage/dlio_benchmark/dlio_benchmark/utils/statscounter.py:325]
[INFO] 2025-05-04T18:14:59.463665 Rank 0 step 6 processed 5 samples in 0.3287637233734131 s [/mnt/ioopt/appbench/apps/MLPerf-storage/dlio_benchmark/dlio_benchmark/utils/statscounter.py:325]
[INFO] 2025-05-04T18:14:59.792823 Rank 0 step 7 processed 5 samples in 0.3287012577056885 s [/mnt/ioopt/appbench/apps/MLPerf-storage/dlio_benchmark/dlio_benchmark/utils/statscounter.py:325]
[INFO] 2025-05-04T18:15:00.121685 Rank 0 step 8 processed 5 samples in 0.3284025192260742 s [/mnt/ioopt/appbench/apps/MLPerf-storage/dlio_benchmark/dlio_benchmark/utils/statscounter.py:325]
[INFO] 2025-05-04T18:15:00.450974 Rank 0 step 9 processed 5 samples in 0.32883572578430176 s [/mnt/ioopt/appbench/apps/MLPerf-storage/dlio_benchmark/dlio_benchmark/utils/statscounter.py:325]
[INFO] 2025-05-04T18:15:00.779876 Rank 0 step 10 processed 5 samples in 0.32842564582824707 s [/mnt/ioopt/appbench/apps/MLPerf-storage/dlio_benchmark/dlio_benchmark/utils/statscounter.py:325]
[INFO] 2025-05-04T18:15:12.259004 Rank 0 step 11 processed 5 samples in 11.478662729263306 s [/mnt/ioopt/appbench/apps/MLPerf-storage/dlio_benchmark/dlio_benchmark/utils/statscounter.py:325]
[INFO] 2025-05-04T18:15:14.291570 Rank 0 step 12 processed 5 samples in 2.0320193767547607 s [/mnt/ioopt/appbench/apps/MLPerf-storage/dlio_benchmark/dlio_benchmark/utils/statscounter.py:325]
[INFO] 2025-05-04T18:15:25.683150 Rank 0 step 13 processed 5 samples in 11.391101598739624 s [/mnt/ioopt/appbench/apps/MLPerf-storage/dlio_benchmark/dlio_benchmark/utils/statscounter.py:325]
[INFO] 2025-05-04T18:15:26.009272 Rank 0 step 14 processed 5 samples in 0.32586002349853516 s [/mnt/ioopt/appbench/apps/MLPerf-storage/dlio_benchmark/dlio_benchmark/utils/statscounter.py:325]
[INFO] 2025-05-04T18:15:26.335519 Rank 0 step 15 processed 5 samples in 0.32579565048217773 s [/mnt/ioopt/appbench/apps/MLPerf-storage/dlio_benchmark/dlio_benchmark/utils/statscounter.py:325]
[INFO] 2025-05-04T18:15:26.662775 Rank 0 step 16 processed 5 samples in 0.3267936706542969 s [/mnt/ioopt/appbench/apps/MLPerf-storage/dlio_benchmark/dlio_benchmark/utils/statscounter.py:325]
[INFO] 2025-05-04T18:15:26.988557 Rank 0 step 17 processed 5 samples in 0.3253743648529053 s [/mnt/ioopt/appbench/apps/MLPerf-storage/dlio_benchmark/dlio_benchmark/utils/statscounter.py:325]
[INFO] 2025-05-04T18:15:27.315222 Rank 0 step 18 processed 5 samples in 0.32616448402404785 s [/mnt/ioopt/appbench/apps/MLPerf-storage/dlio_benchmark/dlio_benchmark/utils/statscounter.py:325]
[INFO] 2025-05-04T18:15:27.641631 Rank 0 step 19 processed 5 samples in 0.3259739875793457 s [/mnt/ioopt/appbench/apps/MLPerf-storage/dlio_benchmark/dlio_benchmark/utils/statscounter.py:325]
[INFO] 2025-05-04T18:15:27.967070 Rank 0 step 20 processed 5 samples in 0.32518768310546875 s [/mnt/ioopt/appbench/apps/MLPerf-storage/dlio_benchmark/dlio_benchmark/utils/statscounter.py:325]
[INFO] 2025-05-04T18:15:28.297748 Rank 0 step 21 processed 5 samples in 0.3304324150085449 s [/mnt/ioopt/appbench/apps/MLPerf-storage/dlio_benchmark/dlio_benchmark/utils/statscounter.py:325]
[INFO] 2025-05-04T18:15:34.552839 Rank 0 step 22 processed 5 samples in 6.254787445068359 s [/mnt/ioopt/appbench/apps/MLPerf-storage/dlio_benchmark/dlio_benchmark/utils/statscounter.py:325]
[INFO] 2025-05-04T18:15:47.700820 Rank 0 step 23 processed 5 samples in 13.14745283126831 s [/mnt/ioopt/appbench/apps/MLPerf-storage/dlio_benchmark/dlio_benchmark/utils/statscounter.py:325]
[INFO] 2025-05-04T18:15:49.096410 Rank 0 step 24 processed 5 samples in 1.395108938217163 s [/mnt/ioopt/appbench/apps/MLPerf-storage/dlio_benchmark/dlio_benchmark/utils/statscounter.py:325]
[INFO] 2025-05-04T18:15:49.425506 Rank 0 step 25 processed 5 samples in 0.3285660743713379 s [/mnt/ioopt/appbench/apps/MLPerf-storage/dlio_benchmark/dlio_benchmark/utils/statscounter.py:325]
[INFO] 2025-05-04T18:15:50.469997 Rank 0 step 26 processed 5 samples in 1.0439870357513428 s [/mnt/ioopt/appbench/apps/MLPerf-storage/dlio_benchmark/dlio_benchmark/utils/statscounter.py:325]
[INFO] 2025-05-04T18:15:52.493015 Rank 0 step 27 processed 5 samples in 2.0218162536621094 s [/mnt/ioopt/appbench/apps/MLPerf-storage/dlio_benchmark/dlio_benchmark/utils/statscounter.py:325]
[INFO] 2025-05-04T18:15:52.822188 Rank 0 step 28 processed 5 samples in 0.32871150970458984 s [/mnt/ioopt/appbench/apps/MLPerf-storage/dlio_benchmark/dlio_benchmark/utils/statscounter.py:325]
[INFO] 2025-05-04T18:15:54.593119 Rank 0 step 29 processed 5 samples in 1.7137298583984375 s [/mnt/ioopt/appbench/apps/MLPerf-storage/dlio_benchmark/dlio_benchmark/utils/statscounter.py:325]
[INFO] 2025-05-04T18:15:55.181452 Rank 0 step 30 processed 5 samples in 0.587874174118042 s [/mnt/ioopt/appbench/apps/MLPerf-storage/dlio_benchmark/dlio_benchmark/utils/statscounter.py:325]
[INFO] 2025-05-04T18:15:55.510522 Rank 0 step 31 processed 5 samples in 0.3286151885986328 s [/mnt/ioopt/appbench/apps/MLPerf-storage/dlio_benchmark/dlio_benchmark/utils/statscounter.py:325]
[INFO] 2025-05-04T18:16:01.089554 Rank 0 step 32 processed 5 samples in 5.578586578369141 s [/mnt/ioopt/appbench/apps/MLPerf-storage/dlio_benchmark/dlio_benchmark/utils/statscounter.py:325]
[INFO] 2025-05-04T18:16:10.851605 Rank 0 step 33 processed 5 samples in 9.761523723602295 s [/mnt/ioopt/appbench/apps/MLPerf-storage/dlio_benchmark/dlio_benchmark/utils/statscounter.py:325]
[INFO] 2025-05-04T18:16:13.871795 Rank 0 step 34 processed 5 samples in 3.0197136402130127 s [/mnt/ioopt/appbench/apps/MLPerf-storage/dlio_benchmark/dlio_benchmark/utils/statscounter.py:325]
[INFO] 2025-05-04T18:16:17.610950 Rank 0 step 35 processed 5 samples in 3.738647222518921 s [/mnt/ioopt/appbench/apps/MLPerf-storage/dlio_benchmark/dlio_benchmark/utils/statscounter.py:325]
[INFO] 2025-05-04T18:16:17.939757 Rank 0 step 36 processed 5 samples in 0.3282806873321533 s [/mnt/ioopt/appbench/apps/MLPerf-storage/dlio_benchmark/dlio_benchmark/utils/statscounter.py:325]
[INFO] 2025-05-04T18:16:18.268954 Rank 0 step 37 processed 5 samples in 0.3287653923034668 s [/mnt/ioopt/appbench/apps/MLPerf-storage/dlio_benchmark/dlio_benchmark/utils/statscounter.py:325]
[INFO] 2025-05-04T18:16:18.597728 Rank 0 step 38 processed 5 samples in 0.3283092975616455 s [/mnt/ioopt/appbench/apps/MLPerf-storage/dlio_benchmark/dlio_benchmark/utils/statscounter.py:325]
[INFO] 2025-05-04T18:16:18.928352 Rank 0 step 39 processed 5 samples in 0.3301868438720703 s [/mnt/ioopt/appbench/apps/MLPerf-storage/dlio_benchmark/dlio_benchmark/utils/statscounter.py:325]
[INFO] 2025-05-04T18:16:19.259117 Rank 0 step 40 processed 5 samples in 0.3303103446960449 s [/mnt/ioopt/appbench/apps/MLPerf-storage/dlio_benchmark/dlio_benchmark/utils/statscounter.py:325]
[INFO] 2025-05-04T18:16:19.588188 Rank 0 step 41 processed 5 samples in 0.3286161422729492 s [/mnt/ioopt/appbench/apps/MLPerf-storage/dlio_benchmark/dlio_benchmark/utils/statscounter.py:325]
[INFO] 2025-05-04T18:16:19.918633 Rank 0 step 42 processed 5 samples in 0.32999706268310547 s [/mnt/ioopt/appbench/apps/MLPerf-storage/dlio_benchmark/dlio_benchmark/utils/statscounter.py:325]
[INFO] 2025-05-04T18:16:33.794429 Rank 0 step 43 processed 5 samples in 13.875326871871948 s [/mnt/ioopt/appbench/apps/MLPerf-storage/dlio_benchmark/dlio_benchmark/utils/statscounter.py:325]
[INFO] 2025-05-04T18:16:39.449673 Rank 0 step 44 processed 5 samples in 5.654756307601929 s [/mnt/ioopt/appbench/apps/MLPerf-storage/dlio_benchmark/dlio_benchmark/utils/statscounter.py:325]
[INFO] 2025-05-04T18:16:39.775924 Rank 0 step 45 processed 5 samples in 0.3256959915161133 s [/mnt/ioopt/appbench/apps/MLPerf-storage/dlio_benchmark/dlio_benchmark/utils/statscounter.py:325]
[INFO] 2025-05-04T18:16:40.107818 Rank 0 step 46 processed 5 samples in 0.331526517868042 s [/mnt/ioopt/appbench/apps/MLPerf-storage/dlio_benchmark/dlio_benchmark/utils/statscounter.py:325]
[INFO] 2025-05-04T18:16:40.437214 Rank 0 step 47 processed 5 samples in 0.3288538455963135 s [/mnt/ioopt/appbench/apps/MLPerf-storage/dlio_benchmark/dlio_benchmark/utils/statscounter.py:325]
[INFO] 2025-05-04T18:16:40.768574 Rank 0 step 48 processed 5 samples in 0.3308727741241455 s [/mnt/ioopt/appbench/apps/MLPerf-storage/dlio_benchmark/dlio_benchmark/utils/statscounter.py:325]
[INFO] 2025-05-04T18:16:41.101885 Rank 0 step 49 processed 5 samples in 0.3328120708465576 s [/mnt/ioopt/appbench/apps/MLPerf-storage/dlio_benchmark/dlio_benchmark/utils/statscounter.py:325]
[INFO] 2025-05-04T18:16:41.430797 Rank 0 step 50 processed 5 samples in 0.3283565044403076 s [/mnt/ioopt/appbench/apps/MLPerf-storage/dlio_benchmark/dlio_benchmark/utils/statscounter.py:325]
[INFO] 2025-05-04T18:16:46.435168 Rank 0 step 51 processed 5 samples in 5.003876209259033 s [/mnt/ioopt/appbench/apps/MLPerf-storage/dlio_benchmark/dlio_benchmark/utils/statscounter.py:325]
[INFO] 2025-05-04T18:16:46.764240 Rank 0 step 52 processed 5 samples in 0.32859325408935547 s [/mnt/ioopt/appbench/apps/MLPerf-storage/dlio_benchmark/dlio_benchmark/utils/statscounter.py:325]
[INFO] 2025-05-04T18:16:48.706814 Rank 0 step 53 processed 5 samples in 1.9421415328979492 s [/mnt/ioopt/appbench/apps/MLPerf-storage/dlio_benchmark/dlio_benchmark/utils/statscounter.py:325]
[INFO] 2025-05-04T18:16:58.694356 Rank 0 step 54 processed 5 samples in 9.98705792427063 s [/mnt/ioopt/appbench/apps/MLPerf-storage/dlio_benchmark/dlio_benchmark/utils/statscounter.py:325]
[INFO] 2025-05-04T18:17:04.748485 Rank 0 step 55 processed 5 samples in 6.053560018539429 s [/mnt/ioopt/appbench/apps/MLPerf-storage/dlio_benchmark/dlio_benchmark/utils/statscounter.py:325]
[INFO] 2025-05-04T18:17:05.075461 Rank 0 step 56 processed 5 samples in 0.3264029026031494 s [/mnt/ioopt/appbench/apps/MLPerf-storage/dlio_benchmark/dlio_benchmark/utils/statscounter.py:325]
[INFO] 2025-05-04T18:17:05.402601 Rank 0 step 57 processed 5 samples in 0.3266277313232422 s [/mnt/ioopt/appbench/apps/MLPerf-storage/dlio_benchmark/dlio_benchmark/utils/statscounter.py:325]
[INFO] 2025-05-04T18:17:05.729002 Rank 0 step 58 processed 5 samples in 0.32598876953125 s [/mnt/ioopt/appbench/apps/MLPerf-storage/dlio_benchmark/dlio_benchmark/utils/statscounter.py:325]
[INFO] 2025-05-04T18:17:06.056942 Rank 0 step 59 processed 5 samples in 0.32758116722106934 s [/mnt/ioopt/appbench/apps/MLPerf-storage/dlio_benchmark/dlio_benchmark/utils/statscounter.py:325]
[INFO] 2025-05-04T18:17:06.384793 Rank 0 step 60 processed 5 samples in 0.3273632526397705 s [/mnt/ioopt/appbench/apps/MLPerf-storage/dlio_benchmark/dlio_benchmark/utils/statscounter.py:325]
[INFO] 2025-05-04T18:17:14.310567 Rank 0 step 61 processed 5 samples in 7.925453186035156 s [/mnt/ioopt/appbench/apps/MLPerf-storage/dlio_benchmark/dlio_benchmark/utils/statscounter.py:325]
[INFO] 2025-05-04T18:17:14.820224 Rank 0 step 62 processed 5 samples in 0.5091476440429688 s [/mnt/ioopt/appbench/apps/MLPerf-storage/dlio_benchmark/dlio_benchmark/utils/statscounter.py:325]
[INFO] 2025-05-04T18:17:15.149112 Rank 0 step 63 processed 5 samples in 0.3284173011779785 s [/mnt/ioopt/appbench/apps/MLPerf-storage/dlio_benchmark/dlio_benchmark/utils/statscounter.py:325]
[INFO] 2025-05-04T18:17:21.411717 Rank 0 step 64 processed 5 samples in 6.262137174606323 s [/mnt/ioopt/appbench/apps/MLPerf-storage/dlio_benchmark/dlio_benchmark/utils/statscounter.py:325]
[INFO] 2025-05-04T18:17:28.797818 Rank 0 step 65 processed 5 samples in 7.385533809661865 s [/mnt/ioopt/appbench/apps/MLPerf-storage/dlio_benchmark/dlio_benchmark/utils/statscounter.py:325]
[INFO] 2025-05-04T18:17:29.124695 Rank 0 step 66 processed 5 samples in 0.32634878158569336 s [/mnt/ioopt/appbench/apps/MLPerf-storage/dlio_benchmark/dlio_benchmark/utils/statscounter.py:325]
[INFO] 2025-05-04T18:17:29.450645 Rank 0 step 67 processed 5 samples in 0.3255023956298828 s [/mnt/ioopt/appbench/apps/MLPerf-storage/dlio_benchmark/dlio_benchmark/utils/statscounter.py:325]
[INFO] 2025-05-04T18:17:29.779506 Rank 0 step 68 processed 5 samples in 0.3285641670227051 s [/mnt/ioopt/appbench/apps/MLPerf-storage/dlio_benchmark/dlio_benchmark/utils/statscounter.py:325]
[INFO] 2025-05-04T18:17:30.106079 Rank 0 step 69 processed 5 samples in 0.32610344886779785 s [/mnt/ioopt/appbench/apps/MLPerf-storage/dlio_benchmark/dlio_benchmark/utils/statscounter.py:325]
[INFO] 2025-05-04T18:17:30.431755 Rank 0 step 70 processed 5 samples in 0.32526254653930664 s [/mnt/ioopt/appbench/apps/MLPerf-storage/dlio_benchmark/dlio_benchmark/utils/statscounter.py:325]
[INFO] 2025-05-04T18:17:36.647350 Rank 0 step 71 processed 5 samples in 6.215106964111328 s [/mnt/ioopt/appbench/apps/MLPerf-storage/dlio_benchmark/dlio_benchmark/utils/statscounter.py:325]
[INFO] 2025-05-04T18:17:36.976255 Rank 0 step 72 processed 5 samples in 0.3284151554107666 s [/mnt/ioopt/appbench/apps/MLPerf-storage/dlio_benchmark/dlio_benchmark/utils/statscounter.py:325]
[INFO] 2025-05-04T18:17:37.305533 Rank 0 step 73 processed 5 samples in 0.32880163192749023 s [/mnt/ioopt/appbench/apps/MLPerf-storage/dlio_benchmark/dlio_benchmark/utils/statscounter.py:325]
[INFO] 2025-05-04T18:17:39.224272 Rank 0 step 74 processed 5 samples in 1.9182624816894531 s [/mnt/ioopt/appbench/apps/MLPerf-storage/dlio_benchmark/dlio_benchmark/utils/statscounter.py:325]
[INFO] 2025-05-04T18:17:50.129846 Rank 0 step 75 processed 5 samples in 10.905040264129639 s [/mnt/ioopt/appbench/apps/MLPerf-storage/dlio_benchmark/dlio_benchmark/utils/statscounter.py:325]
[INFO] 2025-05-04T18:17:51.951605 Rank 0 step 76 processed 5 samples in 1.8212547302246094 s [/mnt/ioopt/appbench/apps/MLPerf-storage/dlio_benchmark/dlio_benchmark/utils/statscounter.py:325]
[INFO] 2025-05-04T18:17:52.281011 Rank 0 step 77 processed 5 samples in 0.32889342308044434 s [/mnt/ioopt/appbench/apps/MLPerf-storage/dlio_benchmark/dlio_benchmark/utils/statscounter.py:325]
[INFO] 2025-05-04T18:17:52.610065 Rank 0 step 78 processed 5 samples in 0.3285346031188965 s [/mnt/ioopt/appbench/apps/MLPerf-storage/dlio_benchmark/dlio_benchmark/utils/statscounter.py:325]
[INFO] 2025-05-04T18:17:52.939017 Rank 0 step 79 processed 5 samples in 0.3285231590270996 s [/mnt/ioopt/appbench/apps/MLPerf-storage/dlio_benchmark/dlio_benchmark/utils/statscounter.py:325]
[INFO] 2025-05-04T18:17:53.267844 Rank 0 step 80 processed 5 samples in 0.3284790515899658 s [/mnt/ioopt/appbench/apps/MLPerf-storage/dlio_benchmark/dlio_benchmark/utils/statscounter.py:325]
[INFO] 2025-05-04T18:17:57.288302 Rank 0 step 81 processed 5 samples in 4.019995927810669 s [/mnt/ioopt/appbench/apps/MLPerf-storage/dlio_benchmark/dlio_benchmark/utils/statscounter.py:325]
[INFO] 2025-05-04T18:17:57.617283 Rank 0 step 82 processed 5 samples in 0.328524112701416 s [/mnt/ioopt/appbench/apps/MLPerf-storage/dlio_benchmark/dlio_benchmark/utils/statscounter.py:325]
[INFO] 2025-05-04T18:17:59.023572 Rank 0 step 83 processed 5 samples in 1.4058432579040527 s [/mnt/ioopt/appbench/apps/MLPerf-storage/dlio_benchmark/dlio_benchmark/utils/statscounter.py:325]
[INFO] 2025-05-04T18:17:59.352800 Rank 0 step 84 processed 5 samples in 0.32852792739868164 s [/mnt/ioopt/appbench/apps/MLPerf-storage/dlio_benchmark/dlio_benchmark/utils/statscounter.py:325]
[INFO] 2025-05-04T18:18:10.349447 Rank 0 step 85 processed 5 samples in 10.996187448501587 s [/mnt/ioopt/appbench/apps/MLPerf-storage/dlio_benchmark/dlio_benchmark/utils/statscounter.py:325]
[INFO] 2025-05-04T18:18:16.415174 Rank 0 step 86 processed 5 samples in 6.065249681472778 s [/mnt/ioopt/appbench/apps/MLPerf-storage/dlio_benchmark/dlio_benchmark/utils/statscounter.py:325]
[INFO] 2025-05-04T18:18:16.744124 Rank 0 step 87 processed 5 samples in 0.3284165859222412 s [/mnt/ioopt/appbench/apps/MLPerf-storage/dlio_benchmark/dlio_benchmark/utils/statscounter.py:325]
[INFO] 2025-05-04T18:18:17.073250 Rank 0 step 88 processed 5 samples in 0.3286261558532715 s [/mnt/ioopt/appbench/apps/MLPerf-storage/dlio_benchmark/dlio_benchmark/utils/statscounter.py:325]
[INFO] 2025-05-04T18:18:17.402424 Rank 0 step 89 processed 5 samples in 0.3287167549133301 s [/mnt/ioopt/appbench/apps/MLPerf-storage/dlio_benchmark/dlio_benchmark/utils/statscounter.py:325]
[INFO] 2025-05-04T18:18:17.731682 Rank 0 step 90 processed 5 samples in 0.3288304805755615 s [/mnt/ioopt/appbench/apps/MLPerf-storage/dlio_benchmark/dlio_benchmark/utils/statscounter.py:325]
[INFO] 2025-05-04T18:18:18.062522 Rank 0 step 91 processed 5 samples in 0.3304002285003662 s [/mnt/ioopt/appbench/apps/MLPerf-storage/dlio_benchmark/dlio_benchmark/utils/statscounter.py:325]
[INFO] 2025-05-04T18:18:21.168545 Rank 0 step 92 processed 5 samples in 3.105588674545288 s [/mnt/ioopt/appbench/apps/MLPerf-storage/dlio_benchmark/dlio_benchmark/utils/statscounter.py:325]
[INFO] 2025-05-04T18:18:24.051204 Rank 0 step 93 processed 5 samples in 2.8821988105773926 s [/mnt/ioopt/appbench/apps/MLPerf-storage/dlio_benchmark/dlio_benchmark/utils/statscounter.py:325]
[INFO] 2025-05-04T18:18:24.379983 Rank 0 step 94 processed 5 samples in 0.328289270401001 s [/mnt/ioopt/appbench/apps/MLPerf-storage/dlio_benchmark/dlio_benchmark/utils/statscounter.py:325]
[INFO] 2025-05-04T18:18:33.273057 Rank 0 step 95 processed 5 samples in 8.89262056350708 s [/mnt/ioopt/appbench/apps/MLPerf-storage/dlio_benchmark/dlio_benchmark/utils/statscounter.py:325]
[INFO] 2025-05-04T18:18:41.249523 Rank 0 step 96 processed 5 samples in 7.97599458694458 s [/mnt/ioopt/appbench/apps/MLPerf-storage/dlio_benchmark/dlio_benchmark/utils/statscounter.py:325]
[INFO] 2025-05-04T18:18:41.578322 Rank 0 step 97 processed 5 samples in 0.3282957077026367 s [/mnt/ioopt/appbench/apps/MLPerf-storage/dlio_benchmark/dlio_benchmark/utils/statscounter.py:325]
[INFO] 2025-05-04T18:18:41.907738 Rank 0 step 98 processed 5 samples in 0.3289365768432617 s [/mnt/ioopt/appbench/apps/MLPerf-storage/dlio_benchmark/dlio_benchmark/utils/statscounter.py:325]
[INFO] 2025-05-04T18:18:43.946620 Rank 0 step 99 processed 5 samples in 2.0385079383850098 s [/mnt/ioopt/appbench/apps/MLPerf-storage/dlio_benchmark/dlio_benchmark/utils/statscounter.py:325]
[INFO] 2025-05-04T18:18:44.275397 Rank 0 step 100 processed 5 samples in 0.3282809257507324 s [/mnt/ioopt/appbench/apps/MLPerf-storage/dlio_benchmark/dlio_benchmark/utils/statscounter.py:325]
[INFO] 2025-05-04T18:18:45.782751 Rank 0 step 101 processed 5 samples in 1.506913185119629 s [/mnt/ioopt/appbench/apps/MLPerf-storage/dlio_benchmark/dlio_benchmark/utils/statscounter.py:325]
[INFO] 2025-05-04T18:18:46.111647 Rank 0 step 102 processed 5 samples in 0.32839131355285645 s [/mnt/ioopt/appbench/apps/MLPerf-storage/dlio_benchmark/dlio_benchmark/utils/statscounter.py:325]
[INFO] 2025-05-04T18:18:46.443018 Rank 0 step 103 processed 5 samples in 0.33087158203125 s [/mnt/ioopt/appbench/apps/MLPerf-storage/dlio_benchmark/dlio_benchmark/utils/statscounter.py:325]
[INFO] 2025-05-04T18:18:46.771928 Rank 0 step 104 processed 5 samples in 0.3284318447113037 s [/mnt/ioopt/appbench/apps/MLPerf-storage/dlio_benchmark/dlio_benchmark/utils/statscounter.py:325]
[INFO] 2025-05-04T18:18:50.634078 Rank 0 step 105 processed 5 samples in 3.8616092205047607 s [/mnt/ioopt/appbench/apps/MLPerf-storage/dlio_benchmark/dlio_benchmark/utils/statscounter.py:325]
[INFO] 2025-05-04T18:19:05.038107 Rank 0 step 106 processed 5 samples in 14.403540134429932 s [/mnt/ioopt/appbench/apps/MLPerf-storage/dlio_benchmark/dlio_benchmark/utils/statscounter.py:325]
[INFO] 2025-05-04T18:19:05.368089 Rank 0 step 107 processed 5 samples in 0.3287336826324463 s [/mnt/ioopt/appbench/apps/MLPerf-storage/dlio_benchmark/dlio_benchmark/utils/statscounter.py:325]
[INFO] 2025-05-04T18:19:08.919660 Rank 0 step 108 processed 5 samples in 3.5512003898620605 s [/mnt/ioopt/appbench/apps/MLPerf-storage/dlio_benchmark/dlio_benchmark/utils/statscounter.py:325]
[INFO] 2025-05-04T18:19:09.248916 Rank 0 step 109 processed 5 samples in 0.32874608039855957 s [/mnt/ioopt/appbench/apps/MLPerf-storage/dlio_benchmark/dlio_benchmark/utils/statscounter.py:325]
[INFO] 2025-05-04T18:19:09.578082 Rank 0 step 110 processed 5 samples in 0.32866406440734863 s [/mnt/ioopt/appbench/apps/MLPerf-storage/dlio_benchmark/dlio_benchmark/utils/statscounter.py:325]
[INFO] 2025-05-04T18:19:09.906737 Rank 0 step 111 processed 5 samples in 0.32822108268737793 s [/mnt/ioopt/appbench/apps/MLPerf-storage/dlio_benchmark/dlio_benchmark/utils/statscounter.py:325]
[INFO] 2025-05-04T18:19:10.968971 Rank 0 step 112 processed 5 samples in 1.0617787837982178 s [/mnt/ioopt/appbench/apps/MLPerf-storage/dlio_benchmark/dlio_benchmark/utils/statscounter.py:325]
[INFO] 2025-05-04T18:19:11.297900 Rank 0 step 113 processed 5 samples in 0.32846546173095703 s [/mnt/ioopt/appbench/apps/MLPerf-storage/dlio_benchmark/dlio_benchmark/utils/statscounter.py:325]
[INFO] 2025-05-04T18:19:11.628905 Rank 0 step 114 processed 5 samples in 0.3305661678314209 s [/mnt/ioopt/appbench/apps/MLPerf-storage/dlio_benchmark/dlio_benchmark/utils/statscounter.py:325]
[INFO] 2025-05-04T18:19:18.602319 Rank 0 step 115 processed 5 samples in 6.972898244857788 s [/mnt/ioopt/appbench/apps/MLPerf-storage/dlio_benchmark/dlio_benchmark/utils/statscounter.py:325]
[INFO] 2025-05-04T18:19:31.233069 Rank 0 step 116 processed 5 samples in 12.630244493484497 s [/mnt/ioopt/appbench/apps/MLPerf-storage/dlio_benchmark/dlio_benchmark/utils/statscounter.py:325]
[INFO] 2025-05-04T18:19:31.562232 Rank 0 step 117 processed 5 samples in 0.32862305641174316 s [/mnt/ioopt/appbench/apps/MLPerf-storage/dlio_benchmark/dlio_benchmark/utils/statscounter.py:325]
[INFO] 2025-05-04T18:19:31.889158 Rank 0 step 118 processed 5 samples in 0.3263838291168213 s [/mnt/ioopt/appbench/apps/MLPerf-storage/dlio_benchmark/dlio_benchmark/utils/statscounter.py:325]
[INFO] 2025-05-04T18:19:33.591339 Rank 0 step 119 processed 5 samples in 1.7016491889953613 s [/mnt/ioopt/appbench/apps/MLPerf-storage/dlio_benchmark/dlio_benchmark/utils/statscounter.py:325]
[INFO] 2025-05-04T18:19:35.579161 Rank 0 step 120 processed 5 samples in 1.9873456954956055 s [/mnt/ioopt/appbench/apps/MLPerf-storage/dlio_benchmark/dlio_benchmark/utils/statscounter.py:325]
[INFO] 2025-05-04T18:19:35.908076 Rank 0 step 121 processed 5 samples in 0.32848691940307617 s [/mnt/ioopt/appbench/apps/MLPerf-storage/dlio_benchmark/dlio_benchmark/utils/statscounter.py:325]
[INFO] 2025-05-04T18:19:36.237070 Rank 0 step 122 processed 5 samples in 0.32854723930358887 s [/mnt/ioopt/appbench/apps/MLPerf-storage/dlio_benchmark/dlio_benchmark/utils/statscounter.py:325]
[INFO] 2025-05-04T18:19:36.564035 Rank 0 step 123 processed 5 samples in 0.326690673828125 s [/mnt/ioopt/appbench/apps/MLPerf-storage/dlio_benchmark/dlio_benchmark/utils/statscounter.py:325]
[INFO] 2025-05-04T18:19:36.893151 Rank 0 step 124 processed 5 samples in 0.32862401008605957 s [/mnt/ioopt/appbench/apps/MLPerf-storage/dlio_benchmark/dlio_benchmark/utils/statscounter.py:325]
[INFO] 2025-05-04T18:19:40.222588 Rank 0 step 125 processed 5 samples in 3.3289830684661865 s [/mnt/ioopt/appbench/apps/MLPerf-storage/dlio_benchmark/dlio_benchmark/utils/statscounter.py:325]
[INFO] 2025-05-04T18:19:56.018409 Rank 0 step 126 processed 5 samples in 15.795302391052246 s [/mnt/ioopt/appbench/apps/MLPerf-storage/dlio_benchmark/dlio_benchmark/utils/statscounter.py:325]
[INFO] 2025-05-04T18:19:58.220065 Rank 0 step 127 processed 5 samples in 2.201120376586914 s [/mnt/ioopt/appbench/apps/MLPerf-storage/dlio_benchmark/dlio_benchmark/utils/statscounter.py:325]
[INFO] 2025-05-04T18:19:58.548857 Rank 0 step 128 processed 5 samples in 0.3283076286315918 s [/mnt/ioopt/appbench/apps/MLPerf-storage/dlio_benchmark/dlio_benchmark/utils/statscounter.py:325]
[INFO] 2025-05-04T18:19:58.874790 Rank 0 step 129 processed 5 samples in 0.32555460929870605 s [/mnt/ioopt/appbench/apps/MLPerf-storage/dlio_benchmark/dlio_benchmark/utils/statscounter.py:325]
[INFO] 2025-05-04T18:19:59.203569 Rank 0 step 130 processed 5 samples in 0.32825541496276855 s [/mnt/ioopt/appbench/apps/MLPerf-storage/dlio_benchmark/dlio_benchmark/utils/statscounter.py:325]
[INFO] 2025-05-04T18:19:59.532658 Rank 0 step 131 processed 5 samples in 0.32863330841064453 s [/mnt/ioopt/appbench/apps/MLPerf-storage/dlio_benchmark/dlio_benchmark/utils/statscounter.py:325]
[INFO] 2025-05-04T18:19:59.861406 Rank 0 step 132 processed 5 samples in 0.32826662063598633 s [/mnt/ioopt/appbench/apps/MLPerf-storage/dlio_benchmark/dlio_benchmark/utils/statscounter.py:325]
[INFO] 2025-05-04T18:20:00.190371 Rank 0 step 133 processed 5 samples in 0.32849717140197754 s [/mnt/ioopt/appbench/apps/MLPerf-storage/dlio_benchmark/dlio_benchmark/utils/statscounter.py:325]
[INFO] 2025-05-04T18:20:00.521026 Rank 0 step 134 processed 5 samples in 0.33020687103271484 s [/mnt/ioopt/appbench/apps/MLPerf-storage/dlio_benchmark/dlio_benchmark/utils/statscounter.py:325]
[INFO] 2025-05-04T18:20:00.850069 Rank 0 step 135 processed 5 samples in 0.3284916877746582 s [/mnt/ioopt/appbench/apps/MLPerf-storage/dlio_benchmark/dlio_benchmark/utils/statscounter.py:325]
[INFO] 2025-05-04T18:20:13.192273 Rank 0 step 136 processed 5 samples in 12.341715574264526 s [/mnt/ioopt/appbench/apps/MLPerf-storage/dlio_benchmark/dlio_benchmark/utils/statscounter.py:325]
[INFO] 2025-05-04T18:20:19.918609 Rank 0 step 137 processed 5 samples in 6.725693225860596 s [/mnt/ioopt/appbench/apps/MLPerf-storage/dlio_benchmark/dlio_benchmark/utils/statscounter.py:325]
[INFO] 2025-05-04T18:20:20.245605 Rank 0 step 138 processed 5 samples in 0.3263676166534424 s [/mnt/ioopt/appbench/apps/MLPerf-storage/dlio_benchmark/dlio_benchmark/utils/statscounter.py:325]
[INFO] 2025-05-04T18:20:20.951075 Rank 0 step 139 processed 5 samples in 0.7048985958099365 s [/mnt/ioopt/appbench/apps/MLPerf-storage/dlio_benchmark/dlio_benchmark/utils/statscounter.py:325]
[INFO] 2025-05-04T18:20:24.010875 Rank 0 step 140 processed 5 samples in 3.0593278408050537 s [/mnt/ioopt/appbench/apps/MLPerf-storage/dlio_benchmark/dlio_benchmark/utils/statscounter.py:325]
[INFO] 2025-05-04T18:20:25.524392 Rank 0 step 141 processed 5 samples in 1.5129897594451904 s [/mnt/ioopt/appbench/apps/MLPerf-storage/dlio_benchmark/dlio_benchmark/utils/statscounter.py:325]
[INFO] 2025-05-04T18:20:25.853526 Rank 0 step 142 processed 5 samples in 0.3286154270172119 s [/mnt/ioopt/appbench/apps/MLPerf-storage/dlio_benchmark/dlio_benchmark/utils/statscounter.py:325]
[INFO] 2025-05-04T18:20:28.649545 Rank 0 step 143 processed 5 samples in 2.795552968978882 s [/mnt/ioopt/appbench/apps/MLPerf-storage/dlio_benchmark/dlio_benchmark/utils/statscounter.py:325]
[INFO] 2025-05-04T18:20:28.976102 Rank 0 step 144 processed 5 samples in 0.3260641098022461 s [/mnt/ioopt/appbench/apps/MLPerf-storage/dlio_benchmark/dlio_benchmark/utils/statscounter.py:325]
[INFO] 2025-05-04T18:20:29.305636 Rank 0 step 145 processed 5 samples in 0.3289783000946045 s [/mnt/ioopt/appbench/apps/MLPerf-storage/dlio_benchmark/dlio_benchmark/utils/statscounter.py:325]
[INFO] 2025-05-04T18:20:36.114696 Rank 0 step 146 processed 5 samples in 6.8085174560546875 s [/mnt/ioopt/appbench/apps/MLPerf-storage/dlio_benchmark/dlio_benchmark/utils/statscounter.py:325]
[INFO] 2025-05-04T18:20:45.574548 Rank 0 step 147 processed 5 samples in 9.459262371063232 s [/mnt/ioopt/appbench/apps/MLPerf-storage/dlio_benchmark/dlio_benchmark/utils/statscounter.py:325]
[INFO] 2025-05-04T18:20:45.902788 Rank 0 step 148 processed 5 samples in 0.32768702507019043 s [/mnt/ioopt/appbench/apps/MLPerf-storage/dlio_benchmark/dlio_benchmark/utils/statscounter.py:325]
[INFO] 2025-05-04T18:20:46.557277 Rank 0 step 149 processed 5 samples in 0.653998851776123 s [/mnt/ioopt/appbench/apps/MLPerf-storage/dlio_benchmark/dlio_benchmark/utils/statscounter.py:325]
[INFO] 2025-05-04T18:20:46.884119 Rank 0 step 150 processed 5 samples in 0.3264758586883545 s [/mnt/ioopt/appbench/apps/MLPerf-storage/dlio_benchmark/dlio_benchmark/utils/statscounter.py:325]
[INFO] 2025-05-04T18:20:53.231241 Rank 0 step 151 processed 5 samples in 6.346572637557983 s [/mnt/ioopt/appbench/apps/MLPerf-storage/dlio_benchmark/dlio_benchmark/utils/statscounter.py:325]
[INFO] 2025-05-04T18:20:53.560584 Rank 0 step 152 processed 5 samples in 0.32882237434387207 s [/mnt/ioopt/appbench/apps/MLPerf-storage/dlio_benchmark/dlio_benchmark/utils/statscounter.py:325]
[INFO] 2025-05-04T18:20:53.889313 Rank 0 step 153 processed 5 samples in 0.3282601833343506 s [/mnt/ioopt/appbench/apps/MLPerf-storage/dlio_benchmark/dlio_benchmark/utils/statscounter.py:325]
[INFO] 2025-05-04T18:20:54.220654 Rank 0 step 154 processed 5 samples in 0.33088207244873047 s [/mnt/ioopt/appbench/apps/MLPerf-storage/dlio_benchmark/dlio_benchmark/utils/statscounter.py:325]
[INFO] 2025-05-04T18:20:54.549672 Rank 0 step 155 processed 5 samples in 0.32853078842163086 s [/mnt/ioopt/appbench/apps/MLPerf-storage/dlio_benchmark/dlio_benchmark/utils/statscounter.py:325]
[INFO] 2025-05-04T18:20:57.986901 Rank 0 step 156 processed 5 samples in 3.436737298965454 s [/mnt/ioopt/appbench/apps/MLPerf-storage/dlio_benchmark/dlio_benchmark/utils/statscounter.py:325]
[INFO] 2025-05-04T18:21:08.911345 Rank 0 step 157 processed 5 samples in 10.92403244972229 s [/mnt/ioopt/appbench/apps/MLPerf-storage/dlio_benchmark/dlio_benchmark/utils/statscounter.py:325]
[INFO] 2025-05-04T18:21:09.941969 Rank 0 step 158 processed 5 samples in 1.0301167964935303 s [/mnt/ioopt/appbench/apps/MLPerf-storage/dlio_benchmark/dlio_benchmark/utils/statscounter.py:325]
[INFO] 2025-05-04T18:21:10.270807 Rank 0 step 159 processed 5 samples in 0.32826709747314453 s [/mnt/ioopt/appbench/apps/MLPerf-storage/dlio_benchmark/dlio_benchmark/utils/statscounter.py:325]
[INFO] 2025-05-04T18:21:10.599536 Rank 0 step 160 processed 5 samples in 0.3282501697540283 s [/mnt/ioopt/appbench/apps/MLPerf-storage/dlio_benchmark/dlio_benchmark/utils/statscounter.py:325]
[INFO] 2025-05-04T18:21:13.527204 Rank 0 step 161 processed 5 samples in 2.9272167682647705 s [/mnt/ioopt/appbench/apps/MLPerf-storage/dlio_benchmark/dlio_benchmark/utils/statscounter.py:325]
[INFO] 2025-05-04T18:21:17.201081 Rank 0 step 162 processed 5 samples in 3.6733715534210205 s [/mnt/ioopt/appbench/apps/MLPerf-storage/dlio_benchmark/dlio_benchmark/utils/statscounter.py:325]
[INFO] 2025-05-04T18:21:17.528266 Rank 0 step 163 processed 5 samples in 0.3266916275024414 s [/mnt/ioopt/appbench/apps/MLPerf-storage/dlio_benchmark/dlio_benchmark/utils/statscounter.py:325]
[INFO] 2025-05-04T18:21:18.118493 Rank 0 step 164 processed 5 samples in 0.5896759033203125 s [/mnt/ioopt/appbench/apps/MLPerf-storage/dlio_benchmark/dlio_benchmark/utils/statscounter.py:325]
[INFO] 2025-05-04T18:21:18.444210 Rank 0 step 165 processed 5 samples in 0.32537007331848145 s [/mnt/ioopt/appbench/apps/MLPerf-storage/dlio_benchmark/dlio_benchmark/utils/statscounter.py:325]
[INFO] 2025-05-04T18:21:18.773085 Rank 0 step 166 processed 5 samples in 0.32833123207092285 s [/mnt/ioopt/appbench/apps/MLPerf-storage/dlio_benchmark/dlio_benchmark/utils/statscounter.py:325]
[INFO] 2025-05-04T18:21:30.525160 Rank 0 step 167 processed 5 samples in 11.751562118530273 s [/mnt/ioopt/appbench/apps/MLPerf-storage/dlio_benchmark/dlio_benchmark/utils/statscounter.py:325]
[INFO] 2025-05-04T18:21:30.854142 Rank 0 step 168 processed 5 samples in 0.3284900188446045 s [/mnt/ioopt/appbench/apps/MLPerf-storage/dlio_benchmark/dlio_benchmark/utils/statscounter.py:325]
[INFO] 2025-05-04T18:21:31.185761 Rank 0 step 169 processed 5 samples in 0.33098483085632324 s [/mnt/ioopt/appbench/apps/MLPerf-storage/dlio_benchmark/dlio_benchmark/utils/statscounter.py:325]
[INFO] 2025-05-04T18:21:31.512104 Rank 0 step 170 processed 5 samples in 0.32555055618286133 s [/mnt/ioopt/appbench/apps/MLPerf-storage/dlio_benchmark/dlio_benchmark/utils/statscounter.py:325]
[INFO] 2025-05-04T18:21:36.120084 Rank 0 step 171 processed 5 samples in 4.607526063919067 s [/mnt/ioopt/appbench/apps/MLPerf-storage/dlio_benchmark/dlio_benchmark/utils/statscounter.py:325]
[INFO] 2025-05-04T18:21:40.755190 Rank 0 step 172 processed 5 samples in 4.6346423625946045 s [/mnt/ioopt/appbench/apps/MLPerf-storage/dlio_benchmark/dlio_benchmark/utils/statscounter.py:325]
[INFO] 2025-05-04T18:21:41.084076 Rank 0 step 173 processed 5 samples in 0.32840871810913086 s [/mnt/ioopt/appbench/apps/MLPerf-storage/dlio_benchmark/dlio_benchmark/utils/statscounter.py:325]
[INFO] 2025-05-04T18:21:41.413322 Rank 0 step 174 processed 5 samples in 0.3287792205810547 s [/mnt/ioopt/appbench/apps/MLPerf-storage/dlio_benchmark/dlio_benchmark/utils/statscounter.py:325]
[INFO] 2025-05-04T18:21:41.743934 Rank 0 step 175 processed 5 samples in 0.33015942573547363 s [/mnt/ioopt/appbench/apps/MLPerf-storage/dlio_benchmark/dlio_benchmark/utils/statscounter.py:325]
[INFO] 2025-05-04T18:21:42.072692 Rank 0 step 176 processed 5 samples in 0.32831454277038574 s [/mnt/ioopt/appbench/apps/MLPerf-storage/dlio_benchmark/dlio_benchmark/utils/statscounter.py:325]
[INFO] 2025-05-04T18:21:45.660873 Rank 0 step 177 processed 5 samples in 3.5877227783203125 s [/mnt/ioopt/appbench/apps/MLPerf-storage/dlio_benchmark/dlio_benchmark/utils/statscounter.py:325]
[INFO] 2025-05-04T18:21:52.592001 Rank 0 step 178 processed 5 samples in 6.930687189102173 s [/mnt/ioopt/appbench/apps/MLPerf-storage/dlio_benchmark/dlio_benchmark/utils/statscounter.py:325]
[INFO] 2025-05-04T18:21:52.923331 Rank 0 step 179 processed 5 samples in 0.33081769943237305 s [/mnt/ioopt/appbench/apps/MLPerf-storage/dlio_benchmark/dlio_benchmark/utils/statscounter.py:325]
[INFO] 2025-05-04T18:21:53.252080 Rank 0 step 180 processed 5 samples in 0.32826948165893555 s [/mnt/ioopt/appbench/apps/MLPerf-storage/dlio_benchmark/dlio_benchmark/utils/statscounter.py:325]
[INFO] 2025-05-04T18:21:54.011880 Rank 0 step 181 processed 5 samples in 0.7593851089477539 s [/mnt/ioopt/appbench/apps/MLPerf-storage/dlio_benchmark/dlio_benchmark/utils/statscounter.py:325]
[INFO] 2025-05-04T18:22:03.286700 Rank 0 step 182 processed 5 samples in 9.274558544158936 s [/mnt/ioopt/appbench/apps/MLPerf-storage/dlio_benchmark/dlio_benchmark/utils/statscounter.py:325]
[INFO] 2025-05-04T18:22:03.687630 Rank 0 step 183 processed 5 samples in 0.40045738220214844 s [/mnt/ioopt/appbench/apps/MLPerf-storage/dlio_benchmark/dlio_benchmark/utils/statscounter.py:325]
[INFO] 2025-05-04T18:22:04.016593 Rank 0 step 184 processed 5 samples in 0.328521728515625 s [/mnt/ioopt/appbench/apps/MLPerf-storage/dlio_benchmark/dlio_benchmark/utils/statscounter.py:325]
[INFO] 2025-05-04T18:22:04.345620 Rank 0 step 185 processed 5 samples in 0.32858824729919434 s [/mnt/ioopt/appbench/apps/MLPerf-storage/dlio_benchmark/dlio_benchmark/utils/statscounter.py:325]
[INFO] 2025-05-04T18:22:04.675558 Rank 0 step 186 processed 5 samples in 0.3294696807861328 s [/mnt/ioopt/appbench/apps/MLPerf-storage/dlio_benchmark/dlio_benchmark/utils/statscounter.py:325]
[INFO] 2025-05-04T18:22:08.831767 Rank 0 step 187 processed 5 samples in 4.155620098114014 s [/mnt/ioopt/appbench/apps/MLPerf-storage/dlio_benchmark/dlio_benchmark/utils/statscounter.py:325]
[INFO] 2025-05-04T18:22:13.640652 Rank 0 step 188 processed 5 samples in 4.8083508014678955 s [/mnt/ioopt/appbench/apps/MLPerf-storage/dlio_benchmark/dlio_benchmark/utils/statscounter.py:325]
[INFO] 2025-05-04T18:22:17.487592 Rank 0 step 189 processed 5 samples in 3.8465535640716553 s [/mnt/ioopt/appbench/apps/MLPerf-storage/dlio_benchmark/dlio_benchmark/utils/statscounter.py:325]
[INFO] 2025-05-04T18:22:17.817935 Rank 0 step 190 processed 5 samples in 0.3298513889312744 s [/mnt/ioopt/appbench/apps/MLPerf-storage/dlio_benchmark/dlio_benchmark/utils/statscounter.py:325]
[INFO] 2025-05-04T18:22:18.146863 Rank 0 step 191 processed 5 samples in 0.32848596572875977 s [/mnt/ioopt/appbench/apps/MLPerf-storage/dlio_benchmark/dlio_benchmark/utils/statscounter.py:325]
[INFO] 2025-05-04T18:22:23.656940 Rank 0 step 192 processed 5 samples in 5.509597063064575 s [/mnt/ioopt/appbench/apps/MLPerf-storage/dlio_benchmark/dlio_benchmark/utils/statscounter.py:325]
[INFO] 2025-05-04T18:22:32.254170 Rank 0 step 193 processed 5 samples in 8.596754312515259 s [/mnt/ioopt/appbench/apps/MLPerf-storage/dlio_benchmark/dlio_benchmark/utils/statscounter.py:325]
[INFO] 2025-05-04T18:22:32.583146 Rank 0 step 194 processed 5 samples in 0.32851195335388184 s [/mnt/ioopt/appbench/apps/MLPerf-storage/dlio_benchmark/dlio_benchmark/utils/statscounter.py:325]
[INFO] 2025-05-04T18:22:33.482775 Rank 0 step 195 processed 5 samples in 0.8992063999176025 s [/mnt/ioopt/appbench/apps/MLPerf-storage/dlio_benchmark/dlio_benchmark/utils/statscounter.py:325]
[INFO] 2025-05-04T18:22:33.811844 Rank 0 step 196 processed 5 samples in 0.32860493659973145 s [/mnt/ioopt/appbench/apps/MLPerf-storage/dlio_benchmark/dlio_benchmark/utils/statscounter.py:325]
[INFO] 2025-05-04T18:22:34.245150 Rank 0 step 197 processed 5 samples in 0.4328744411468506 s [/mnt/ioopt/appbench/apps/MLPerf-storage/dlio_benchmark/dlio_benchmark/utils/statscounter.py:325]
[INFO] 2025-05-04T18:22:38.387878 Rank 0 step 198 processed 5 samples in 4.142275333404541 s [/mnt/ioopt/appbench/apps/MLPerf-storage/dlio_benchmark/dlio_benchmark/utils/statscounter.py:325]
[INFO] 2025-05-04T18:22:38.716883 Rank 0 step 199 processed 5 samples in 0.32847023010253906 s [/mnt/ioopt/appbench/apps/MLPerf-storage/dlio_benchmark/dlio_benchmark/utils/statscounter.py:325]
[INFO] 2025-05-04T18:22:44.087515 Rank 0 step 200 processed 5 samples in 5.370070934295654 s [/mnt/ioopt/appbench/apps/MLPerf-storage/dlio_benchmark/dlio_benchmark/utils/statscounter.py:325]
[INFO] 2025-05-04T18:22:44.417992 Rank 0 step 201 processed 5 samples in 0.3296799659729004 s [/mnt/ioopt/appbench/apps/MLPerf-storage/dlio_benchmark/dlio_benchmark/utils/statscounter.py:325]
[INFO] 2025-05-04T18:22:44.746656 Rank 0 step 202 processed 5 samples in 0.32822608947753906 s [/mnt/ioopt/appbench/apps/MLPerf-storage/dlio_benchmark/dlio_benchmark/utils/statscounter.py:325]
[INFO] 2025-05-04T18:22:55.121355 Rank 0 step 203 processed 5 samples in 10.37422490119934 s [/mnt/ioopt/appbench/apps/MLPerf-storage/dlio_benchmark/dlio_benchmark/utils/statscounter.py:325]
[INFO] 2025-05-04T18:22:58.615150 Rank 0 step 204 processed 5 samples in 3.4933266639709473 s [/mnt/ioopt/appbench/apps/MLPerf-storage/dlio_benchmark/dlio_benchmark/utils/statscounter.py:325]
[INFO] 2025-05-04T18:22:58.944059 Rank 0 step 205 processed 5 samples in 0.32845520973205566 s [/mnt/ioopt/appbench/apps/MLPerf-storage/dlio_benchmark/dlio_benchmark/utils/statscounter.py:325]
[INFO] 2025-05-04T18:22:59.272877 Rank 0 step 206 processed 5 samples in 0.3283669948577881 s [/mnt/ioopt/appbench/apps/MLPerf-storage/dlio_benchmark/dlio_benchmark/utils/statscounter.py:325]
[INFO] 2025-05-04T18:22:59.601922 Rank 0 step 207 processed 5 samples in 0.32862091064453125 s [/mnt/ioopt/appbench/apps/MLPerf-storage/dlio_benchmark/dlio_benchmark/utils/statscounter.py:325]
[INFO] 2025-05-04T18:22:59.930636 Rank 0 step 208 processed 5 samples in 0.3282961845397949 s [/mnt/ioopt/appbench/apps/MLPerf-storage/dlio_benchmark/dlio_benchmark/utils/statscounter.py:325]
[INFO] 2025-05-04T18:23:00.259744 Rank 0 step 209 processed 5 samples in 0.3286130428314209 s [/mnt/ioopt/appbench/apps/MLPerf-storage/dlio_benchmark/dlio_benchmark/utils/statscounter.py:325]
[INFO] 2025-05-04T18:23:05.066934 Rank 0 step 210 processed 5 samples in 4.8067543506622314 s [/mnt/ioopt/appbench/apps/MLPerf-storage/dlio_benchmark/dlio_benchmark/utils/statscounter.py:325]
[INFO] 2025-05-04T18:23:05.395888 Rank 0 step 211 processed 5 samples in 0.32847142219543457 s [/mnt/ioopt/appbench/apps/MLPerf-storage/dlio_benchmark/dlio_benchmark/utils/statscounter.py:325]
[INFO] 2025-05-04T18:23:08.357960 Rank 0 step 212 processed 5 samples in 2.9616167545318604 s [/mnt/ioopt/appbench/apps/MLPerf-storage/dlio_benchmark/dlio_benchmark/utils/statscounter.py:325]
[INFO] 2025-05-04T18:23:18.427250 Rank 0 step 213 processed 5 samples in 10.068819284439087 s [/mnt/ioopt/appbench/apps/MLPerf-storage/dlio_benchmark/dlio_benchmark/utils/statscounter.py:325]
[INFO] 2025-05-04T18:23:20.124327 Rank 0 step 214 processed 5 samples in 1.6966228485107422 s [/mnt/ioopt/appbench/apps/MLPerf-storage/dlio_benchmark/dlio_benchmark/utils/statscounter.py:325]
[INFO] 2025-05-04T18:23:20.450958 Rank 0 step 215 processed 5 samples in 0.32630109786987305 s [/mnt/ioopt/appbench/apps/MLPerf-storage/dlio_benchmark/dlio_benchmark/utils/statscounter.py:325]
[INFO] 2025-05-04T18:23:20.777947 Rank 0 step 216 processed 5 samples in 0.3265085220336914 s [/mnt/ioopt/appbench/apps/MLPerf-storage/dlio_benchmark/dlio_benchmark/utils/statscounter.py:325]
[INFO] 2025-05-04T18:23:21.104611 Rank 0 step 217 processed 5 samples in 0.32624268531799316 s [/mnt/ioopt/appbench/apps/MLPerf-storage/dlio_benchmark/dlio_benchmark/utils/statscounter.py:325]
[INFO] 2025-05-04T18:23:25.619977 Rank 0 step 218 processed 5 samples in 4.514845132827759 s [/mnt/ioopt/appbench/apps/MLPerf-storage/dlio_benchmark/dlio_benchmark/utils/statscounter.py:325]
[INFO] 2025-05-04T18:23:25.947435 Rank 0 step 219 processed 5 samples in 0.32702136039733887 s [/mnt/ioopt/appbench/apps/MLPerf-storage/dlio_benchmark/dlio_benchmark/utils/statscounter.py:325]
[INFO] 2025-05-04T18:23:28.111429 Rank 0 step 220 processed 5 samples in 2.1634998321533203 s [/mnt/ioopt/appbench/apps/MLPerf-storage/dlio_benchmark/dlio_benchmark/utils/statscounter.py:325]
[INFO] 2025-05-04T18:23:28.627730 Rank 0 step 221 processed 5 samples in 0.5158846378326416 s [/mnt/ioopt/appbench/apps/MLPerf-storage/dlio_benchmark/dlio_benchmark/utils/statscounter.py:325]
[INFO] 2025-05-04T18:23:28.954349 Rank 0 step 222 processed 5 samples in 0.326246976852417 s [/mnt/ioopt/appbench/apps/MLPerf-storage/dlio_benchmark/dlio_benchmark/utils/statscounter.py:325]
[INFO] 2025-05-04T18:23:40.927307 Rank 0 step 223 processed 5 samples in 11.972657442092896 s [/mnt/ioopt/appbench/apps/MLPerf-storage/dlio_benchmark/dlio_benchmark/utils/statscounter.py:325]
[INFO] 2025-05-04T18:23:42.124256 Rank 0 step 224 processed 5 samples in 1.196533441543579 s [/mnt/ioopt/appbench/apps/MLPerf-storage/dlio_benchmark/dlio_benchmark/utils/statscounter.py:325]
[INFO] 2025-05-04T18:23:42.802003 Rank 0 step 225 processed 5 samples in 0.677208423614502 s [/mnt/ioopt/appbench/apps/MLPerf-storage/dlio_benchmark/dlio_benchmark/utils/statscounter.py:325]
[INFO] 2025-05-04T18:23:49.724422 Rank 0 step 226 processed 5 samples in 6.921917200088501 s [/mnt/ioopt/appbench/apps/MLPerf-storage/dlio_benchmark/dlio_benchmark/utils/statscounter.py:325]
[INFO] 2025-05-04T18:23:50.053573 Rank 0 step 227 processed 5 samples in 0.32857608795166016 s [/mnt/ioopt/appbench/apps/MLPerf-storage/dlio_benchmark/dlio_benchmark/utils/statscounter.py:325]
[INFO] 2025-05-04T18:23:50.442916 Rank 0 step 228 processed 5 samples in 0.38880372047424316 s [/mnt/ioopt/appbench/apps/MLPerf-storage/dlio_benchmark/dlio_benchmark/utils/statscounter.py:325]
[INFO] 2025-05-04T18:23:50.771828 Rank 0 step 229 processed 5 samples in 0.32839012145996094 s [/mnt/ioopt/appbench/apps/MLPerf-storage/dlio_benchmark/dlio_benchmark/utils/statscounter.py:325]
[INFO] 2025-05-04T18:23:54.069810 Rank 0 step 230 processed 5 samples in 3.2974486351013184 s [/mnt/ioopt/appbench/apps/MLPerf-storage/dlio_benchmark/dlio_benchmark/utils/statscounter.py:325]
[INFO] 2025-05-04T18:23:54.395702 Rank 0 step 231 processed 5 samples in 0.32547497749328613 s [/mnt/ioopt/appbench/apps/MLPerf-storage/dlio_benchmark/dlio_benchmark/utils/statscounter.py:325]
[INFO] 2025-05-04T18:23:55.137364 Rank 0 step 232 processed 5 samples in 0.7412509918212891 s [/mnt/ioopt/appbench/apps/MLPerf-storage/dlio_benchmark/dlio_benchmark/utils/statscounter.py:325]
[INFO] 2025-05-04T18:24:05.895243 Rank 0 step 233 processed 5 samples in 10.757364749908447 s [/mnt/ioopt/appbench/apps/MLPerf-storage/dlio_benchmark/dlio_benchmark/utils/statscounter.py:325]
[INFO] 2025-05-04T18:24:06.224483 Rank 0 step 234 processed 5 samples in 0.32874059677124023 s [/mnt/ioopt/appbench/apps/MLPerf-storage/dlio_benchmark/dlio_benchmark/utils/statscounter.py:325]
[INFO] 2025-05-04T18:24:06.553168 Rank 0 step 235 processed 5 samples in 0.328263521194458 s [/mnt/ioopt/appbench/apps/MLPerf-storage/dlio_benchmark/dlio_benchmark/utils/statscounter.py:325]
[INFO] 2025-05-04T18:24:07.865127 Rank 0 step 236 processed 5 samples in 1.3115417957305908 s [/mnt/ioopt/appbench/apps/MLPerf-storage/dlio_benchmark/dlio_benchmark/utils/statscounter.py:325]
[INFO] 2025-05-04T18:24:12.593042 Rank 0 step 237 processed 5 samples in 4.727416038513184 s [/mnt/ioopt/appbench/apps/MLPerf-storage/dlio_benchmark/dlio_benchmark/utils/statscounter.py:325]
[INFO] 2025-05-04T18:24:12.922113 Rank 0 step 238 processed 5 samples in 0.32858705520629883 s [/mnt/ioopt/appbench/apps/MLPerf-storage/dlio_benchmark/dlio_benchmark/utils/statscounter.py:325]
[INFO] 2025-05-04T18:24:13.753311 Rank 0 step 239 processed 5 samples in 0.8307664394378662 s [/mnt/ioopt/appbench/apps/MLPerf-storage/dlio_benchmark/dlio_benchmark/utils/statscounter.py:325]
[INFO] 2025-05-04T18:24:19.795360 Rank 0 step 240 processed 5 samples in 6.0415873527526855 s [/mnt/ioopt/appbench/apps/MLPerf-storage/dlio_benchmark/dlio_benchmark/utils/statscounter.py:325]
[INFO] 2025-05-04T18:24:20.124231 Rank 0 step 241 processed 5 samples in 0.3283684253692627 s [/mnt/ioopt/appbench/apps/MLPerf-storage/dlio_benchmark/dlio_benchmark/utils/statscounter.py:325]
[INFO] 2025-05-04T18:24:25.146964 Rank 0 step 242 processed 5 samples in 5.0222601890563965 s [/mnt/ioopt/appbench/apps/MLPerf-storage/dlio_benchmark/dlio_benchmark/utils/statscounter.py:325]
[INFO] 2025-05-04T18:24:34.809722 Rank 0 step 243 processed 5 samples in 9.662137269973755 s [/mnt/ioopt/appbench/apps/MLPerf-storage/dlio_benchmark/dlio_benchmark/utils/statscounter.py:325]
[INFO] 2025-05-04T18:24:35.136058 Rank 0 step 244 processed 5 samples in 0.3259248733520508 s [/mnt/ioopt/appbench/apps/MLPerf-storage/dlio_benchmark/dlio_benchmark/utils/statscounter.py:325]
[INFO] 2025-05-04T18:24:35.464436 Rank 0 step 245 processed 5 samples in 0.3279285430908203 s [/mnt/ioopt/appbench/apps/MLPerf-storage/dlio_benchmark/dlio_benchmark/utils/statscounter.py:325]
[INFO] 2025-05-04T18:24:35.789881 Rank 0 step 246 processed 5 samples in 0.3251953125 s [/mnt/ioopt/appbench/apps/MLPerf-storage/dlio_benchmark/dlio_benchmark/utils/statscounter.py:325]
[INFO] 2025-05-04T18:24:36.115804 Rank 0 step 247 processed 5 samples in 0.325653076171875 s [/mnt/ioopt/appbench/apps/MLPerf-storage/dlio_benchmark/dlio_benchmark/utils/statscounter.py:325]
[INFO] 2025-05-04T18:24:36.445788 Rank 0 step 248 processed 5 samples in 0.32950711250305176 s [/mnt/ioopt/appbench/apps/MLPerf-storage/dlio_benchmark/dlio_benchmark/utils/statscounter.py:325]
[INFO] 2025-05-04T18:24:36.777320 Rank 0 step 249 processed 5 samples in 0.33096909523010254 s [/mnt/ioopt/appbench/apps/MLPerf-storage/dlio_benchmark/dlio_benchmark/utils/statscounter.py:325]
[INFO] 2025-05-04T18:24:43.752764 Rank 0 step 250 processed 5 samples in 6.974900960922241 s [/mnt/ioopt/appbench/apps/MLPerf-storage/dlio_benchmark/dlio_benchmark/utils/statscounter.py:325]
[INFO] 2025-05-04T18:24:44.081930 Rank 0 step 251 processed 5 samples in 0.32866573333740234 s [/mnt/ioopt/appbench/apps/MLPerf-storage/dlio_benchmark/dlio_benchmark/utils/statscounter.py:325]
[INFO] 2025-05-04T18:24:44.410673 Rank 0 step 252 processed 5 samples in 0.3282320499420166 s [/mnt/ioopt/appbench/apps/MLPerf-storage/dlio_benchmark/dlio_benchmark/utils/statscounter.py:325]
[INFO] 2025-05-04T18:24:57.665117 Rank 0 step 253 processed 5 samples in 13.253978490829468 s [/mnt/ioopt/appbench/apps/MLPerf-storage/dlio_benchmark/dlio_benchmark/utils/statscounter.py:325]
[INFO] 2025-05-04T18:24:58.918881 Rank 0 step 254 processed 5 samples in 1.253140926361084 s [/mnt/ioopt/appbench/apps/MLPerf-storage/dlio_benchmark/dlio_benchmark/utils/statscounter.py:325]
[INFO] 2025-05-04T18:24:59.247171 Rank 0 step 255 processed 5 samples in 0.3275279998779297 s [/mnt/ioopt/appbench/apps/MLPerf-storage/dlio_benchmark/dlio_benchmark/utils/statscounter.py:325]
[INFO] 2025-05-04T18:24:59.576183 Rank 0 step 256 processed 5 samples in 0.32855772972106934 s [/mnt/ioopt/appbench/apps/MLPerf-storage/dlio_benchmark/dlio_benchmark/utils/statscounter.py:325]
[INFO] 2025-05-04T18:24:59.905238 Rank 0 step 257 processed 5 samples in 0.328585147857666 s [/mnt/ioopt/appbench/apps/MLPerf-storage/dlio_benchmark/dlio_benchmark/utils/statscounter.py:325]
[INFO] 2025-05-04T18:25:00.234021 Rank 0 step 258 processed 5 samples in 0.3283271789550781 s [/mnt/ioopt/appbench/apps/MLPerf-storage/dlio_benchmark/dlio_benchmark/utils/statscounter.py:325]
[INFO] 2025-05-04T18:25:00.563217 Rank 0 step 259 processed 5 samples in 0.32874369621276855 s [/mnt/ioopt/appbench/apps/MLPerf-storage/dlio_benchmark/dlio_benchmark/utils/statscounter.py:325]
[INFO] 2025-05-04T18:25:01.702970 Rank 0 step 260 processed 5 samples in 1.1392760276794434 s [/mnt/ioopt/appbench/apps/MLPerf-storage/dlio_benchmark/dlio_benchmark/utils/statscounter.py:325]
[INFO] 2025-05-04T18:25:05.338120 Rank 0 step 261 processed 5 samples in 3.63466739654541 s [/mnt/ioopt/appbench/apps/MLPerf-storage/dlio_benchmark/dlio_benchmark/utils/statscounter.py:325]
[INFO] 2025-05-04T18:25:05.665173 Rank 0 step 262 processed 5 samples in 0.32664012908935547 s [/mnt/ioopt/appbench/apps/MLPerf-storage/dlio_benchmark/dlio_benchmark/utils/statscounter.py:325]
[INFO] 2025-05-04T18:25:18.580406 Rank 0 step 263 processed 5 samples in 12.91471004486084 s [/mnt/ioopt/appbench/apps/MLPerf-storage/dlio_benchmark/dlio_benchmark/utils/statscounter.py:325]
[INFO] 2025-05-04T18:25:21.817874 Rank 0 step 264 processed 5 samples in 3.2369627952575684 s [/mnt/ioopt/appbench/apps/MLPerf-storage/dlio_benchmark/dlio_benchmark/utils/statscounter.py:325]
[INFO] 2025-05-04T18:25:22.146820 Rank 0 step 265 processed 5 samples in 0.32843637466430664 s [/mnt/ioopt/appbench/apps/MLPerf-storage/dlio_benchmark/dlio_benchmark/utils/statscounter.py:325]
[INFO] 2025-05-04T18:25:22.476026 Rank 0 step 266 processed 5 samples in 0.32866764068603516 s [/mnt/ioopt/appbench/apps/MLPerf-storage/dlio_benchmark/dlio_benchmark/utils/statscounter.py:325]
[INFO] 2025-05-04T18:25:22.804931 Rank 0 step 267 processed 5 samples in 0.3283841609954834 s [/mnt/ioopt/appbench/apps/MLPerf-storage/dlio_benchmark/dlio_benchmark/utils/statscounter.py:325]
[INFO] 2025-05-04T18:25:23.131548 Rank 0 step 268 processed 5 samples in 0.32610607147216797 s [/mnt/ioopt/appbench/apps/MLPerf-storage/dlio_benchmark/dlio_benchmark/utils/statscounter.py:325]
[INFO] 2025-05-04T18:25:27.246942 Rank 0 step 269 processed 5 samples in 4.1148552894592285 s [/mnt/ioopt/appbench/apps/MLPerf-storage/dlio_benchmark/dlio_benchmark/utils/statscounter.py:325]
[INFO] 2025-05-04T18:25:27.574934 Rank 0 step 270 processed 5 samples in 0.32747817039489746 s [/mnt/ioopt/appbench/apps/MLPerf-storage/dlio_benchmark/dlio_benchmark/utils/statscounter.py:325]
[INFO] 2025-05-04T18:25:28.688970 Rank 0 step 271 processed 5 samples in 1.1134705543518066 s [/mnt/ioopt/appbench/apps/MLPerf-storage/dlio_benchmark/dlio_benchmark/utils/statscounter.py:325]
[INFO] 2025-05-04T18:25:29.020726 Rank 0 step 272 processed 5 samples in 0.33123183250427246 s [/mnt/ioopt/appbench/apps/MLPerf-storage/dlio_benchmark/dlio_benchmark/utils/statscounter.py:325]
[INFO] 2025-05-04T18:25:39.243582 Rank 0 step 273 processed 5 samples in 10.222041606903076 s [/mnt/ioopt/appbench/apps/MLPerf-storage/dlio_benchmark/dlio_benchmark/utils/statscounter.py:325]
[INFO] 2025-05-04T18:25:45.509330 Rank 0 step 274 processed 5 samples in 6.265158653259277 s [/mnt/ioopt/appbench/apps/MLPerf-storage/dlio_benchmark/dlio_benchmark/utils/statscounter.py:325]
[INFO] 2025-05-04T18:25:45.838663 Rank 0 step 275 processed 5 samples in 0.3288106918334961 s [/mnt/ioopt/appbench/apps/MLPerf-storage/dlio_benchmark/dlio_benchmark/utils/statscounter.py:325]
[INFO] 2025-05-04T18:25:46.167587 Rank 0 step 276 processed 5 samples in 0.3283979892730713 s [/mnt/ioopt/appbench/apps/MLPerf-storage/dlio_benchmark/dlio_benchmark/utils/statscounter.py:325]
[INFO] 2025-05-04T18:25:46.496973 Rank 0 step 277 processed 5 samples in 0.3289463520050049 s [/mnt/ioopt/appbench/apps/MLPerf-storage/dlio_benchmark/dlio_benchmark/utils/statscounter.py:325]
[INFO] 2025-05-04T18:25:46.826059 Rank 0 step 278 processed 5 samples in 0.32864952087402344 s [/mnt/ioopt/appbench/apps/MLPerf-storage/dlio_benchmark/dlio_benchmark/utils/statscounter.py:325]
[INFO] 2025-05-04T18:25:47.157311 Rank 0 step 279 processed 5 samples in 0.3307797908782959 s [/mnt/ioopt/appbench/apps/MLPerf-storage/dlio_benchmark/dlio_benchmark/utils/statscounter.py:325]
[INFO] 2025-05-04T18:25:50.543401 Rank 0 step 280 processed 5 samples in 3.3855879306793213 s [/mnt/ioopt/appbench/apps/MLPerf-storage/dlio_benchmark/dlio_benchmark/utils/statscounter.py:325]
[INFO] 2025-05-04T18:25:55.551086 Rank 0 step 281 processed 5 samples in 5.0073018074035645 s [/mnt/ioopt/appbench/apps/MLPerf-storage/dlio_benchmark/dlio_benchmark/utils/statscounter.py:325]
[INFO] 2025-05-04T18:25:55.877763 Rank 0 step 282 processed 5 samples in 0.3262748718261719 s [/mnt/ioopt/appbench/apps/MLPerf-storage/dlio_benchmark/dlio_benchmark/utils/statscounter.py:325]
[INFO] 2025-05-04T18:25:57.341447 Rank 0 step 283 processed 5 samples in 1.463197946548462 s [/mnt/ioopt/appbench/apps/MLPerf-storage/dlio_benchmark/dlio_benchmark/utils/statscounter.py:325]
[INFO] 2025-05-04T18:26:05.443199 Rank 0 step 284 processed 5 samples in 8.101153373718262 s [/mnt/ioopt/appbench/apps/MLPerf-storage/dlio_benchmark/dlio_benchmark/utils/statscounter.py:325]
[INFO] 2025-05-04T18:26:05.771881 Rank 0 step 285 processed 5 samples in 0.32817602157592773 s [/mnt/ioopt/appbench/apps/MLPerf-storage/dlio_benchmark/dlio_benchmark/utils/statscounter.py:325]
[INFO] 2025-05-04T18:26:06.100756 Rank 0 step 286 processed 5 samples in 0.32840561866760254 s [/mnt/ioopt/appbench/apps/MLPerf-storage/dlio_benchmark/dlio_benchmark/utils/statscounter.py:325]
[INFO] 2025-05-04T18:26:09.838295 Rank 0 step 287 processed 5 samples in 3.737058639526367 s [/mnt/ioopt/appbench/apps/MLPerf-storage/dlio_benchmark/dlio_benchmark/utils/statscounter.py:325]
[INFO] 2025-05-04T18:26:10.177755 Rank 0 step 288 processed 5 samples in 0.3391280174255371 s [/mnt/ioopt/appbench/apps/MLPerf-storage/dlio_benchmark/dlio_benchmark/utils/statscounter.py:325]
[INFO] 2025-05-04T18:26:12.223201 Rank 0 step 289 processed 5 samples in 2.0449090003967285 s [/mnt/ioopt/appbench/apps/MLPerf-storage/dlio_benchmark/dlio_benchmark/utils/statscounter.py:325]
[INFO] 2025-05-04T18:26:12.550467 Rank 0 step 290 processed 5 samples in 0.326824426651001 s [/mnt/ioopt/appbench/apps/MLPerf-storage/dlio_benchmark/dlio_benchmark/utils/statscounter.py:325]
[INFO] 2025-05-04T18:26:19.156977 Rank 0 step 291 processed 5 samples in 6.6060967445373535 s [/mnt/ioopt/appbench/apps/MLPerf-storage/dlio_benchmark/dlio_benchmark/utils/statscounter.py:325]
[INFO] 2025-05-04T18:26:19.486377 Rank 0 step 292 processed 5 samples in 0.3288605213165283 s [/mnt/ioopt/appbench/apps/MLPerf-storage/dlio_benchmark/dlio_benchmark/utils/statscounter.py:325]
[INFO] 2025-05-04T18:26:20.033077 Rank 0 step 293 processed 5 samples in 0.5461890697479248 s [/mnt/ioopt/appbench/apps/MLPerf-storage/dlio_benchmark/dlio_benchmark/utils/statscounter.py:325]
[INFO] 2025-05-04T18:26:22.479210 Rank 0 step 294 processed 5 samples in 2.445653200149536 s [/mnt/ioopt/appbench/apps/MLPerf-storage/dlio_benchmark/dlio_benchmark/utils/statscounter.py:325]
[INFO] 2025-05-04T18:26:25.953212 Rank 0 step 295 processed 5 samples in 3.4734764099121094 s [/mnt/ioopt/appbench/apps/MLPerf-storage/dlio_benchmark/dlio_benchmark/utils/statscounter.py:325]
[INFO] 2025-05-04T18:26:28.376131 Rank 0 step 296 processed 5 samples in 2.422410011291504 s [/mnt/ioopt/appbench/apps/MLPerf-storage/dlio_benchmark/dlio_benchmark/utils/statscounter.py:325]
[INFO] 2025-05-04T18:26:29.068666 Rank 0 step 297 processed 5 samples in 0.6920516490936279 s [/mnt/ioopt/appbench/apps/MLPerf-storage/dlio_benchmark/dlio_benchmark/utils/statscounter.py:325]
[INFO] 2025-05-04T18:26:30.875131 Rank 0 step 298 processed 5 samples in 1.8059895038604736 s [/mnt/ioopt/appbench/apps/MLPerf-storage/dlio_benchmark/dlio_benchmark/utils/statscounter.py:325]
[INFO] 2025-05-04T18:26:32.375149 Rank 0 step 299 processed 5 samples in 1.499497413635254 s [/mnt/ioopt/appbench/apps/MLPerf-storage/dlio_benchmark/dlio_benchmark/utils/statscounter.py:325]
[INFO] 2025-05-04T18:26:37.840992 Rank 0 step 300 processed 5 samples in 5.465320825576782 s [/mnt/ioopt/appbench/apps/MLPerf-storage/dlio_benchmark/dlio_benchmark/utils/statscounter.py:325]
[INFO] 2025-05-04T18:26:39.481675 Rank 0 step 301 processed 5 samples in 1.640148401260376 s [/mnt/ioopt/appbench/apps/MLPerf-storage/dlio_benchmark/dlio_benchmark/utils/statscounter.py:325]
[INFO] 2025-05-04T18:26:45.652356 Rank 0 step 302 processed 5 samples in 6.170185804367065 s [/mnt/ioopt/appbench/apps/MLPerf-storage/dlio_benchmark/dlio_benchmark/utils/statscounter.py:325]
[INFO] 2025-05-04T18:26:45.981384 Rank 0 step 303 processed 5 samples in 0.3285348415374756 s [/mnt/ioopt/appbench/apps/MLPerf-storage/dlio_benchmark/dlio_benchmark/utils/statscounter.py:325]
[INFO] 2025-05-04T18:26:46.310061 Rank 0 step 304 processed 5 samples in 0.3282315731048584 s [/mnt/ioopt/appbench/apps/MLPerf-storage/dlio_benchmark/dlio_benchmark/utils/statscounter.py:325]
[INFO] 2025-05-04T18:26:46.640921 Rank 0 step 305 processed 5 samples in 0.33041810989379883 s [/mnt/ioopt/appbench/apps/MLPerf-storage/dlio_benchmark/dlio_benchmark/utils/statscounter.py:325]
[INFO] 2025-05-04T18:26:49.767856 Rank 0 step 306 processed 5 samples in 3.1264405250549316 s [/mnt/ioopt/appbench/apps/MLPerf-storage/dlio_benchmark/dlio_benchmark/utils/statscounter.py:325]
[INFO] 2025-05-04T18:26:52.113921 Rank 0 step 307 processed 5 samples in 2.3455519676208496 s [/mnt/ioopt/appbench/apps/MLPerf-storage/dlio_benchmark/dlio_benchmark/utils/statscounter.py:325]
[INFO] 2025-05-04T18:26:52.921687 Rank 0 step 308 processed 5 samples in 0.8072454929351807 s [/mnt/ioopt/appbench/apps/MLPerf-storage/dlio_benchmark/dlio_benchmark/utils/statscounter.py:325]
[INFO] 2025-05-04T18:26:53.250460 Rank 0 step 309 processed 5 samples in 0.3282809257507324 s [/mnt/ioopt/appbench/apps/MLPerf-storage/dlio_benchmark/dlio_benchmark/utils/statscounter.py:325]
[INFO] 2025-05-04T18:27:01.925469 Rank 0 step 310 processed 5 samples in 8.674545288085938 s [/mnt/ioopt/appbench/apps/MLPerf-storage/dlio_benchmark/dlio_benchmark/utils/statscounter.py:325]
[INFO] 2025-05-04T18:27:02.254416 Rank 0 step 311 processed 5 samples in 0.3284337520599365 s [/mnt/ioopt/appbench/apps/MLPerf-storage/dlio_benchmark/dlio_benchmark/utils/statscounter.py:325]
[INFO] 2025-05-04T18:27:05.960009 Rank 0 step 312 processed 5 samples in 3.705136775970459 s [/mnt/ioopt/appbench/apps/MLPerf-storage/dlio_benchmark/dlio_benchmark/utils/statscounter.py:325]
[INFO] 2025-05-04T18:27:08.279139 Rank 0 step 313 processed 5 samples in 2.318711757659912 s [/mnt/ioopt/appbench/apps/MLPerf-storage/dlio_benchmark/dlio_benchmark/utils/statscounter.py:325]
[INFO] 2025-05-04T18:27:09.786398 Rank 0 step 314 processed 5 samples in 1.5067191123962402 s [/mnt/ioopt/appbench/apps/MLPerf-storage/dlio_benchmark/dlio_benchmark/utils/statscounter.py:325]
[INFO] 2025-05-04T18:27:10.115174 Rank 0 step 315 processed 5 samples in 0.3282642364501953 s [/mnt/ioopt/appbench/apps/MLPerf-storage/dlio_benchmark/dlio_benchmark/utils/statscounter.py:325]
[INFO] 2025-05-04T18:27:16.735360 Rank 0 step 316 processed 5 samples in 6.619673013687134 s [/mnt/ioopt/appbench/apps/MLPerf-storage/dlio_benchmark/dlio_benchmark/utils/statscounter.py:325]
[INFO] 2025-05-04T18:27:19.831195 Rank 0 step 317 processed 5 samples in 3.095290422439575 s [/mnt/ioopt/appbench/apps/MLPerf-storage/dlio_benchmark/dlio_benchmark/utils/statscounter.py:325]
[INFO] 2025-05-04T18:27:20.160725 Rank 0 step 318 processed 5 samples in 0.3284454345703125 s [/mnt/ioopt/appbench/apps/MLPerf-storage/dlio_benchmark/dlio_benchmark/utils/statscounter.py:325]
[INFO] 2025-05-04T18:27:20.489895 Rank 0 step 319 processed 5 samples in 0.3287038803100586 s [/mnt/ioopt/appbench/apps/MLPerf-storage/dlio_benchmark/dlio_benchmark/utils/statscounter.py:325]
[INFO] 2025-05-04T18:27:23.992528 Rank 0 step 320 processed 5 samples in 3.5021657943725586 s [/mnt/ioopt/appbench/apps/MLPerf-storage/dlio_benchmark/dlio_benchmark/utils/statscounter.py:325]
[INFO] 2025-05-04T18:27:27.060981 Rank 0 step 321 processed 5 samples in 3.0679712295532227 s [/mnt/ioopt/appbench/apps/MLPerf-storage/dlio_benchmark/dlio_benchmark/utils/statscounter.py:325]
[INFO] 2025-05-04T18:27:27.390103 Rank 0 step 322 processed 5 samples in 0.32879090309143066 s [/mnt/ioopt/appbench/apps/MLPerf-storage/dlio_benchmark/dlio_benchmark/utils/statscounter.py:325]
[INFO] 2025-05-04T18:27:34.738065 Rank 0 step 323 processed 5 samples in 7.34744930267334 s [/mnt/ioopt/appbench/apps/MLPerf-storage/dlio_benchmark/dlio_benchmark/utils/statscounter.py:325]
[INFO] 2025-05-04T18:27:35.067112 Rank 0 step 324 processed 5 samples in 0.32851672172546387 s [/mnt/ioopt/appbench/apps/MLPerf-storage/dlio_benchmark/dlio_benchmark/utils/statscounter.py:325]
[INFO] 2025-05-04T18:27:35.396019 Rank 0 step 325 processed 5 samples in 0.3284306526184082 s [/mnt/ioopt/appbench/apps/MLPerf-storage/dlio_benchmark/dlio_benchmark/utils/statscounter.py:325]
[INFO] 2025-05-04T18:27:35.724882 Rank 0 step 326 processed 5 samples in 0.3283853530883789 s [/mnt/ioopt/appbench/apps/MLPerf-storage/dlio_benchmark/dlio_benchmark/utils/statscounter.py:325]
[INFO] 2025-05-04T18:27:42.387213 Rank 0 step 327 processed 5 samples in 6.6618523597717285 s [/mnt/ioopt/appbench/apps/MLPerf-storage/dlio_benchmark/dlio_benchmark/utils/statscounter.py:325]
[INFO] 2025-05-04T18:27:42.716210 Rank 0 step 328 processed 5 samples in 0.32849621772766113 s [/mnt/ioopt/appbench/apps/MLPerf-storage/dlio_benchmark/dlio_benchmark/utils/statscounter.py:325]
[INFO] 2025-05-04T18:27:46.975876 Rank 0 step 329 processed 5 samples in 4.259194374084473 s [/mnt/ioopt/appbench/apps/MLPerf-storage/dlio_benchmark/dlio_benchmark/utils/statscounter.py:325]
[INFO] 2025-05-04T18:27:47.305049 Rank 0 step 330 processed 5 samples in 0.3286774158477783 s [/mnt/ioopt/appbench/apps/MLPerf-storage/dlio_benchmark/dlio_benchmark/utils/statscounter.py:325]
[INFO] 2025-05-04T18:27:47.633878 Rank 0 step 331 processed 5 samples in 0.3283543586730957 s [/mnt/ioopt/appbench/apps/MLPerf-storage/dlio_benchmark/dlio_benchmark/utils/statscounter.py:325]
[INFO] 2025-05-04T18:27:48.932072 Rank 0 step 332 processed 5 samples in 1.2977232933044434 s [/mnt/ioopt/appbench/apps/MLPerf-storage/dlio_benchmark/dlio_benchmark/utils/statscounter.py:325]
[INFO] 2025-05-04T18:27:53.010527 Rank 0 step 333 processed 5 samples in 4.077973365783691 s [/mnt/ioopt/appbench/apps/MLPerf-storage/dlio_benchmark/dlio_benchmark/utils/statscounter.py:325]
[INFO] 2025-05-04T18:27:54.618693 Rank 0 step 334 processed 5 samples in 1.6076748371124268 s [/mnt/ioopt/appbench/apps/MLPerf-storage/dlio_benchmark/dlio_benchmark/utils/statscounter.py:325]
[INFO] 2025-05-04T18:27:59.247834 Rank 0 step 335 processed 5 samples in 4.628592491149902 s [/mnt/ioopt/appbench/apps/MLPerf-storage/dlio_benchmark/dlio_benchmark/utils/statscounter.py:325]
[INFO] 2025-05-04T18:28:04.770035 Rank 0 step 336 processed 5 samples in 5.521692991256714 s [/mnt/ioopt/appbench/apps/MLPerf-storage/dlio_benchmark/dlio_benchmark/utils/statscounter.py:325]
[INFO] 2025-05-04T18:28:08.315154 Rank 0 step 337 processed 5 samples in 3.5445291996002197 s [/mnt/ioopt/appbench/apps/MLPerf-storage/dlio_benchmark/dlio_benchmark/utils/statscounter.py:325]
[INFO] 2025-05-04T18:28:08.644270 Rank 0 step 338 processed 5 samples in 0.32862210273742676 s [/mnt/ioopt/appbench/apps/MLPerf-storage/dlio_benchmark/dlio_benchmark/utils/statscounter.py:325]
[INFO] 2025-05-04T18:28:08.973482 Rank 0 step 339 processed 5 samples in 0.3287386894226074 s [/mnt/ioopt/appbench/apps/MLPerf-storage/dlio_benchmark/dlio_benchmark/utils/statscounter.py:325]
[INFO] 2025-05-04T18:28:12.062428 Rank 0 step 340 processed 5 samples in 3.088444232940674 s [/mnt/ioopt/appbench/apps/MLPerf-storage/dlio_benchmark/dlio_benchmark/utils/statscounter.py:325]
[INFO] 2025-05-04T18:28:12.389362 Rank 0 step 341 processed 5 samples in 0.3264596462249756 s [/mnt/ioopt/appbench/apps/MLPerf-storage/dlio_benchmark/dlio_benchmark/utils/statscounter.py:325]
[INFO] 2025-05-04T18:28:13.632829 Rank 0 step 342 processed 5 samples in 1.2429823875427246 s [/mnt/ioopt/appbench/apps/MLPerf-storage/dlio_benchmark/dlio_benchmark/utils/statscounter.py:325]
[INFO] 2025-05-04T18:28:13.962136 Rank 0 step 343 processed 5 samples in 0.32880616188049316 s [/mnt/ioopt/appbench/apps/MLPerf-storage/dlio_benchmark/dlio_benchmark/utils/statscounter.py:325]
[INFO] 2025-05-04T18:28:14.293466 Rank 0 step 344 processed 5 samples in 0.3308587074279785 s [/mnt/ioopt/appbench/apps/MLPerf-storage/dlio_benchmark/dlio_benchmark/utils/statscounter.py:325]
[INFO] 2025-05-04T18:28:22.931955 Rank 0 step 345 processed 5 samples in 8.637982845306396 s [/mnt/ioopt/appbench/apps/MLPerf-storage/dlio_benchmark/dlio_benchmark/utils/statscounter.py:325]
[INFO] 2025-05-04T18:28:30.812852 Rank 0 step 346 processed 5 samples in 7.88050103187561 s [/mnt/ioopt/appbench/apps/MLPerf-storage/dlio_benchmark/dlio_benchmark/utils/statscounter.py:325]
[INFO] 2025-05-04T18:28:31.145581 Rank 0 step 347 processed 5 samples in 0.3313472270965576 s [/mnt/ioopt/appbench/apps/MLPerf-storage/dlio_benchmark/dlio_benchmark/utils/statscounter.py:325]
[INFO] 2025-05-04T18:28:31.474718 Rank 0 step 348 processed 5 samples in 0.32864809036254883 s [/mnt/ioopt/appbench/apps/MLPerf-storage/dlio_benchmark/dlio_benchmark/utils/statscounter.py:325]
[INFO] 2025-05-04T18:28:33.135077 Rank 0 step 349 processed 5 samples in 1.6598026752471924 s [/mnt/ioopt/appbench/apps/MLPerf-storage/dlio_benchmark/dlio_benchmark/utils/statscounter.py:325]
[INFO] 2025-05-04T18:28:33.462818 Rank 0 step 350 processed 5 samples in 0.3272840976715088 s [/mnt/ioopt/appbench/apps/MLPerf-storage/dlio_benchmark/dlio_benchmark/utils/statscounter.py:325]
[INFO] 2025-05-04T18:28:33.788818 Rank 0 step 351 processed 5 samples in 0.32558703422546387 s [/mnt/ioopt/appbench/apps/MLPerf-storage/dlio_benchmark/dlio_benchmark/utils/statscounter.py:325]
[INFO] 2025-05-04T18:28:34.115570 Rank 0 step 352 processed 5 samples in 0.3262653350830078 s [/mnt/ioopt/appbench/apps/MLPerf-storage/dlio_benchmark/dlio_benchmark/utils/statscounter.py:325]
[INFO] 2025-05-04T18:28:39.969124 Rank 0 step 353 processed 5 samples in 5.85308575630188 s [/mnt/ioopt/appbench/apps/MLPerf-storage/dlio_benchmark/dlio_benchmark/utils/statscounter.py:325]
[INFO] 2025-05-04T18:28:40.298177 Rank 0 step 354 processed 5 samples in 0.3285250663757324 s [/mnt/ioopt/appbench/apps/MLPerf-storage/dlio_benchmark/dlio_benchmark/utils/statscounter.py:325]
[INFO] 2025-05-04T18:28:48.030990 Rank 0 step 355 processed 5 samples in 7.732322931289673 s [/mnt/ioopt/appbench/apps/MLPerf-storage/dlio_benchmark/dlio_benchmark/utils/statscounter.py:325]
[INFO] 2025-05-04T18:28:51.932502 Rank 0 step 356 processed 5 samples in 3.9010069370269775 s [/mnt/ioopt/appbench/apps/MLPerf-storage/dlio_benchmark/dlio_benchmark/utils/statscounter.py:325]
[INFO] 2025-05-04T18:28:52.261806 Rank 0 step 357 processed 5 samples in 0.32880544662475586 s [/mnt/ioopt/appbench/apps/MLPerf-storage/dlio_benchmark/dlio_benchmark/utils/statscounter.py:325]
[INFO] 2025-05-04T18:28:54.061410 Rank 0 step 358 processed 5 samples in 1.7991292476654053 s [/mnt/ioopt/appbench/apps/MLPerf-storage/dlio_benchmark/dlio_benchmark/utils/statscounter.py:325]
[INFO] 2025-05-04T18:28:57.777102 Rank 0 step 359 processed 5 samples in 3.7151474952697754 s [/mnt/ioopt/appbench/apps/MLPerf-storage/dlio_benchmark/dlio_benchmark/utils/statscounter.py:325]
[INFO] 2025-05-04T18:28:58.108148 Rank 0 step 360 processed 5 samples in 0.3305537700653076 s [/mnt/ioopt/appbench/apps/MLPerf-storage/dlio_benchmark/dlio_benchmark/utils/statscounter.py:325]
[INFO] 2025-05-04T18:28:58.436936 Rank 0 step 361 processed 5 samples in 0.32832908630371094 s [/mnt/ioopt/appbench/apps/MLPerf-storage/dlio_benchmark/dlio_benchmark/utils/statscounter.py:325]
[INFO] 2025-05-04T18:28:58.765952 Rank 0 step 362 processed 5 samples in 0.3285703659057617 s [/mnt/ioopt/appbench/apps/MLPerf-storage/dlio_benchmark/dlio_benchmark/utils/statscounter.py:325]
[INFO] 2025-05-04T18:28:59.415122 Rank 0 step 363 processed 5 samples in 0.6487326622009277 s [/mnt/ioopt/appbench/apps/MLPerf-storage/dlio_benchmark/dlio_benchmark/utils/statscounter.py:325]
[INFO] 2025-05-04T18:29:00.947239 Rank 0 step 364 processed 5 samples in 1.531641960144043 s [/mnt/ioopt/appbench/apps/MLPerf-storage/dlio_benchmark/dlio_benchmark/utils/statscounter.py:325]
[INFO] 2025-05-04T18:29:10.221725 Rank 0 step 365 processed 5 samples in 9.273985862731934 s [/mnt/ioopt/appbench/apps/MLPerf-storage/dlio_benchmark/dlio_benchmark/utils/statscounter.py:325]
[INFO] 2025-05-04T18:29:16.087991 Rank 0 step 366 processed 5 samples in 5.865767478942871 s [/mnt/ioopt/appbench/apps/MLPerf-storage/dlio_benchmark/dlio_benchmark/utils/statscounter.py:325]
[INFO] 2025-05-04T18:29:16.426953 Rank 0 step 367 processed 5 samples in 0.32831478118896484 s [/mnt/ioopt/appbench/apps/MLPerf-storage/dlio_benchmark/dlio_benchmark/utils/statscounter.py:325]
[INFO] 2025-05-04T18:29:16.756139 Rank 0 step 368 processed 5 samples in 0.3286771774291992 s [/mnt/ioopt/appbench/apps/MLPerf-storage/dlio_benchmark/dlio_benchmark/utils/statscounter.py:325]
[INFO] 2025-05-04T18:29:21.730737 Rank 0 step 369 processed 5 samples in 4.974079608917236 s [/mnt/ioopt/appbench/apps/MLPerf-storage/dlio_benchmark/dlio_benchmark/utils/statscounter.py:325]
[INFO] 2025-05-04T18:29:24.245476 Rank 0 step 370 processed 5 samples in 2.5142178535461426 s [/mnt/ioopt/appbench/apps/MLPerf-storage/dlio_benchmark/dlio_benchmark/utils/statscounter.py:325]
[INFO] 2025-05-04T18:29:24.574616 Rank 0 step 371 processed 5 samples in 0.3286764621734619 s [/mnt/ioopt/appbench/apps/MLPerf-storage/dlio_benchmark/dlio_benchmark/utils/statscounter.py:325]
[INFO] 2025-05-04T18:29:24.903378 Rank 0 step 372 processed 5 samples in 0.32830238342285156 s [/mnt/ioopt/appbench/apps/MLPerf-storage/dlio_benchmark/dlio_benchmark/utils/statscounter.py:325]
[INFO] 2025-05-04T18:29:25.232308 Rank 0 step 373 processed 5 samples in 0.3284773826599121 s [/mnt/ioopt/appbench/apps/MLPerf-storage/dlio_benchmark/dlio_benchmark/utils/statscounter.py:325]
[INFO] 2025-05-04T18:29:25.560999 Rank 0 step 374 processed 5 samples in 0.3282468318939209 s [/mnt/ioopt/appbench/apps/MLPerf-storage/dlio_benchmark/dlio_benchmark/utils/statscounter.py:325]
[INFO] 2025-05-04T18:29:25.891833 Rank 0 step 375 processed 5 samples in 0.3304107189178467 s [/mnt/ioopt/appbench/apps/MLPerf-storage/dlio_benchmark/dlio_benchmark/utils/statscounter.py:325]
[INFO] 2025-05-04T18:29:39.342140 Rank 0 step 376 processed 5 samples in 13.449820280075073 s [/mnt/ioopt/appbench/apps/MLPerf-storage/dlio_benchmark/dlio_benchmark/utils/statscounter.py:325]
[INFO] 2025-05-04T18:29:41.977047 Rank 0 step 377 processed 5 samples in 2.6344244480133057 s [/mnt/ioopt/appbench/apps/MLPerf-storage/dlio_benchmark/dlio_benchmark/utils/statscounter.py:325]
[INFO] 2025-05-04T18:29:42.306187 Rank 0 step 378 processed 5 samples in 0.32866477966308594 s [/mnt/ioopt/appbench/apps/MLPerf-storage/dlio_benchmark/dlio_benchmark/utils/statscounter.py:325]
[INFO] 2025-05-04T18:29:42.635069 Rank 0 step 379 processed 5 samples in 0.32843661308288574 s [/mnt/ioopt/appbench/apps/MLPerf-storage/dlio_benchmark/dlio_benchmark/utils/statscounter.py:325]
[INFO] 2025-05-04T18:29:46.876983 Rank 0 step 380 processed 5 samples in 4.241435527801514 s [/mnt/ioopt/appbench/apps/MLPerf-storage/dlio_benchmark/dlio_benchmark/utils/statscounter.py:325]
[INFO] 2025-05-04T18:29:47.205899 Rank 0 step 381 processed 5 samples in 0.3284132480621338 s [/mnt/ioopt/appbench/apps/MLPerf-storage/dlio_benchmark/dlio_benchmark/utils/statscounter.py:325]
[INFO] 2025-05-04T18:29:47.534945 Rank 0 step 382 processed 5 samples in 0.32859373092651367 s [/mnt/ioopt/appbench/apps/MLPerf-storage/dlio_benchmark/dlio_benchmark/utils/statscounter.py:325]
[INFO] 2025-05-04T18:29:47.863675 Rank 0 step 383 processed 5 samples in 0.328258752822876 s [/mnt/ioopt/appbench/apps/MLPerf-storage/dlio_benchmark/dlio_benchmark/utils/statscounter.py:325]
[INFO] 2025-05-04T18:29:48.192675 Rank 0 step 384 processed 5 samples in 0.32856225967407227 s [/mnt/ioopt/appbench/apps/MLPerf-storage/dlio_benchmark/dlio_benchmark/utils/statscounter.py:325]
[INFO] 2025-05-04T18:29:48.523151 Rank 0 step 385 processed 5 samples in 0.33004045486450195 s [/mnt/ioopt/appbench/apps/MLPerf-storage/dlio_benchmark/dlio_benchmark/utils/statscounter.py:325]
[INFO] 2025-05-04T18:29:58.369726 Rank 0 step 386 processed 5 samples in 9.8461275100708 s [/mnt/ioopt/appbench/apps/MLPerf-storage/dlio_benchmark/dlio_benchmark/utils/statscounter.py:325]
[INFO] 2025-05-04T18:30:04.221880 Rank 0 step 387 processed 5 samples in 5.851624488830566 s [/mnt/ioopt/appbench/apps/MLPerf-storage/dlio_benchmark/dlio_benchmark/utils/statscounter.py:325]
[INFO] 2025-05-04T18:30:04.551342 Rank 0 step 388 processed 5 samples in 0.3289632797241211 s [/mnt/ioopt/appbench/apps/MLPerf-storage/dlio_benchmark/dlio_benchmark/utils/statscounter.py:325]
[INFO] 2025-05-04T18:30:04.880264 Rank 0 step 389 processed 5 samples in 0.32846927642822266 s [/mnt/ioopt/appbench/apps/MLPerf-storage/dlio_benchmark/dlio_benchmark/utils/statscounter.py:325]
[INFO] 2025-05-04T18:30:07.628791 Rank 0 step 390 processed 5 samples in 2.748077630996704 s [/mnt/ioopt/appbench/apps/MLPerf-storage/dlio_benchmark/dlio_benchmark/utils/statscounter.py:325]
[INFO] 2025-05-04T18:30:11.132975 Rank 0 step 391 processed 5 samples in 3.5037031173706055 s [/mnt/ioopt/appbench/apps/MLPerf-storage/dlio_benchmark/dlio_benchmark/utils/statscounter.py:325]
[INFO] 2025-05-04T18:30:11.522441 Rank 0 step 392 processed 5 samples in 0.3889634609222412 s [/mnt/ioopt/appbench/apps/MLPerf-storage/dlio_benchmark/dlio_benchmark/utils/statscounter.py:325]
[INFO] 2025-05-04T18:30:11.848910 Rank 0 step 393 processed 5 samples in 0.3261148929595947 s [/mnt/ioopt/appbench/apps/MLPerf-storage/dlio_benchmark/dlio_benchmark/utils/statscounter.py:325]
[INFO] 2025-05-04T18:30:12.174957 Rank 0 step 394 processed 5 samples in 0.32573676109313965 s [/mnt/ioopt/appbench/apps/MLPerf-storage/dlio_benchmark/dlio_benchmark/utils/statscounter.py:325]
[INFO] 2025-05-04T18:30:12.506330 Rank 0 step 395 processed 5 samples in 0.3288133144378662 s [/mnt/ioopt/appbench/apps/MLPerf-storage/dlio_benchmark/dlio_benchmark/utils/statscounter.py:325]
[INFO] 2025-05-04T18:30:13.123569 Rank 0 step 396 processed 5 samples in 0.6168887615203857 s [/mnt/ioopt/appbench/apps/MLPerf-storage/dlio_benchmark/dlio_benchmark/utils/statscounter.py:325]
[INFO] 2025-05-04T18:30:17.523963 Rank 0 step 397 processed 5 samples in 4.399801731109619 s [/mnt/ioopt/appbench/apps/MLPerf-storage/dlio_benchmark/dlio_benchmark/utils/statscounter.py:325]
[INFO] 2025-05-04T18:30:18.130448 Rank 0 step 398 processed 5 samples in 0.6061885356903076 s [/mnt/ioopt/appbench/apps/MLPerf-storage/dlio_benchmark/dlio_benchmark/utils/statscounter.py:325]
[INFO] 2025-05-04T18:30:18.459247 Rank 0 step 399 processed 5 samples in 0.32834458351135254 s [/mnt/ioopt/appbench/apps/MLPerf-storage/dlio_benchmark/dlio_benchmark/utils/statscounter.py:325]
[INFO] 2025-05-04T18:30:19.623348 Rank 0 step 400 processed 5 samples in 1.1637609004974365 s [/mnt/ioopt/appbench/apps/MLPerf-storage/dlio_benchmark/dlio_benchmark/utils/statscounter.py:325]
[INFO] 2025-05-04T18:30:19.623870 Maximum number of steps reached [/mnt/ioopt/appbench/apps/MLPerf-storage/dlio_benchmark/dlio_benchmark/main.py:293]
[INFO] 2025-05-04T18:30:19.626713 Ending block 1 - 400 steps completed in 948.01 s [/mnt/ioopt/appbench/apps/MLPerf-storage/dlio_benchmark/dlio_benchmark/utils/statscounter.py:282]
[INFO] 2025-05-04T18:30:19.650061 Epoch 1 - Block 1 [Training] Accelerator Utilization [AU] (%): 13.9592 [/mnt/ioopt/appbench/apps/MLPerf-storage/dlio_benchmark/dlio_benchmark/utils/statscounter.py:285]
[INFO] 2025-05-04T18:30:19.650381 Epoch 1 - Block 1 [Training] Throughput (samples/second): 2.1097 [/mnt/ioopt/appbench/apps/MLPerf-storage/dlio_benchmark/dlio_benchmark/utils/statscounter.py:286]
[INFO] 2025-05-04T18:30:19.652206 Ending epoch 1 - 400 steps completed in 948.07 s [/mnt/ioopt/appbench/apps/MLPerf-storage/dlio_benchmark/dlio_benchmark/utils/statscounter.py:225]
[INFO] 2025-05-04T18:30:19.658343 Saved outputs in /mnt/ioopt/appbench/apps/MLPerf-storage/resultsdir/RUN_4/batch_size_5_num_threads_10 [/mnt/ioopt/appbench/apps/MLPerf-storage/dlio_benchmark/dlio_benchmark/utils/statscounter.py:171]
[INFO] Averaged metric over all epochs
[METRIC] ==========================================================
[METRIC] Number of Simulated Accelerators: 1 
[METRIC] Training Accelerator Utilization [AU] (%): 13.9592 (0.0000)
[METRIC] Training Throughput (samples/second): 2.1097 (0.0000)
[METRIC] Training I/O Throughput (MB/second): 294.9526 (0.0000)
[METRIC] train_au_meet_expectation: fail
[METRIC] ==========================================================
 [/mnt/ioopt/appbench/apps/MLPerf-storage/dlio_benchmark/dlio_benchmark/utils/statscounter.py:185]
[INFO] 2025-05-04T18:30:19.664637 outputs saved in RANKID_output.json [/mnt/ioopt/appbench/apps/MLPerf-storage/dlio_benchmark/dlio_benchmark/utils/statscounter.py:378]
