[INFO] 2025-05-04T17:57:37.295652 Profiling DLIO /mnt/ioopt/appbench/apps/MLPerf-storage/resultsdir/RUN_4/batch_size_5_num_threads_8/trace-0-of-1.pfw [/mnt/ioopt/appbench/apps/MLPerf-storage/dlio_benchmark/dlio_benchmark/utils/config.py:189]
[INFO] 2025-05-04T17:57:37.296378 Running DLIO with 1 process(es) [/mnt/ioopt/appbench/apps/MLPerf-storage/dlio_benchmark/dlio_benchmark/main.py:100]
[INFO] Total amount of data each host will consume is 273.064948618412 GB; each host has [np.float64(187.5592384338379)] GB memory [/mnt/ioopt/appbench/apps/MLPerf-storage/dlio_benchmark/dlio_benchmark/utils/statscounter.py:121]
[INFO] 2025-05-04T17:57:53.656348 Max steps per epoch: 400 = 1 * 2000 / 5 / 1 (samples per file * num files / batch size / comm size) [/mnt/ioopt/appbench/apps/MLPerf-storage/dlio_benchmark/dlio_benchmark/main.py:321]
[INFO] 2025-05-04T17:57:53.811830 Starting epoch 1: 400 steps expected [/mnt/ioopt/appbench/apps/MLPerf-storage/dlio_benchmark/dlio_benchmark/utils/statscounter.py:192]
[INFO] 2025-05-04T17:57:53.844066 Starting block 1 [/mnt/ioopt/appbench/apps/MLPerf-storage/dlio_benchmark/dlio_benchmark/utils/statscounter.py:264]
[INFO] 2025-05-04T17:58:13.924023 Rank 0 step 1 processed 5 samples in 20.07973837852478 s [/mnt/ioopt/appbench/apps/MLPerf-storage/dlio_benchmark/dlio_benchmark/utils/statscounter.py:325]
[INFO] 2025-05-04T17:58:14.261494 Rank 0 step 2 processed 5 samples in 0.3359193801879883 s [/mnt/ioopt/appbench/apps/MLPerf-storage/dlio_benchmark/dlio_benchmark/utils/statscounter.py:325]
[INFO] 2025-05-04T17:58:15.957874 Rank 0 step 3 processed 5 samples in 1.6958575248718262 s [/mnt/ioopt/appbench/apps/MLPerf-storage/dlio_benchmark/dlio_benchmark/utils/statscounter.py:325]
[INFO] 2025-05-04T17:58:16.287236 Rank 0 step 4 processed 5 samples in 0.3288850784301758 s [/mnt/ioopt/appbench/apps/MLPerf-storage/dlio_benchmark/dlio_benchmark/utils/statscounter.py:325]
[INFO] 2025-05-04T17:58:16.616224 Rank 0 step 5 processed 5 samples in 0.3285484313964844 s [/mnt/ioopt/appbench/apps/MLPerf-storage/dlio_benchmark/dlio_benchmark/utils/statscounter.py:325]
[INFO] 2025-05-04T17:58:16.945430 Rank 0 step 6 processed 5 samples in 0.32877397537231445 s [/mnt/ioopt/appbench/apps/MLPerf-storage/dlio_benchmark/dlio_benchmark/utils/statscounter.py:325]
[INFO] 2025-05-04T17:58:17.274973 Rank 0 step 7 processed 5 samples in 0.3291008472442627 s [/mnt/ioopt/appbench/apps/MLPerf-storage/dlio_benchmark/dlio_benchmark/utils/statscounter.py:325]
[INFO] 2025-05-04T17:58:17.603871 Rank 0 step 8 processed 5 samples in 0.328380823135376 s [/mnt/ioopt/appbench/apps/MLPerf-storage/dlio_benchmark/dlio_benchmark/utils/statscounter.py:325]
[INFO] 2025-05-04T17:58:29.100335 Rank 0 step 9 processed 5 samples in 11.496031045913696 s [/mnt/ioopt/appbench/apps/MLPerf-storage/dlio_benchmark/dlio_benchmark/utils/statscounter.py:325]
[INFO] 2025-05-04T17:58:30.883157 Rank 0 step 10 processed 5 samples in 1.7821044921875 s [/mnt/ioopt/appbench/apps/MLPerf-storage/dlio_benchmark/dlio_benchmark/utils/statscounter.py:325]
[INFO] 2025-05-04T17:58:31.397834 Rank 0 step 11 processed 5 samples in 0.5142295360565186 s [/mnt/ioopt/appbench/apps/MLPerf-storage/dlio_benchmark/dlio_benchmark/utils/statscounter.py:325]
[INFO] 2025-05-04T17:58:33.314590 Rank 0 step 12 processed 5 samples in 1.916318655014038 s [/mnt/ioopt/appbench/apps/MLPerf-storage/dlio_benchmark/dlio_benchmark/utils/statscounter.py:325]
[INFO] 2025-05-04T17:58:40.101992 Rank 0 step 13 processed 5 samples in 6.786959409713745 s [/mnt/ioopt/appbench/apps/MLPerf-storage/dlio_benchmark/dlio_benchmark/utils/statscounter.py:325]
[INFO] 2025-05-04T17:58:40.429838 Rank 0 step 14 processed 5 samples in 0.32729649543762207 s [/mnt/ioopt/appbench/apps/MLPerf-storage/dlio_benchmark/dlio_benchmark/utils/statscounter.py:325]
[INFO] 2025-05-04T17:58:40.758787 Rank 0 step 15 processed 5 samples in 0.32840442657470703 s [/mnt/ioopt/appbench/apps/MLPerf-storage/dlio_benchmark/dlio_benchmark/utils/statscounter.py:325]
[INFO] 2025-05-04T17:58:41.087760 Rank 0 step 16 processed 5 samples in 0.32848668098449707 s [/mnt/ioopt/appbench/apps/MLPerf-storage/dlio_benchmark/dlio_benchmark/utils/statscounter.py:325]
[INFO] 2025-05-04T17:58:43.411098 Rank 0 step 17 processed 5 samples in 2.32269549369812 s [/mnt/ioopt/appbench/apps/MLPerf-storage/dlio_benchmark/dlio_benchmark/utils/statscounter.py:325]
[INFO] 2025-05-04T17:58:48.400963 Rank 0 step 18 processed 5 samples in 4.989355802536011 s [/mnt/ioopt/appbench/apps/MLPerf-storage/dlio_benchmark/dlio_benchmark/utils/statscounter.py:325]
[INFO] 2025-05-04T17:58:49.487518 Rank 0 step 19 processed 5 samples in 1.0861036777496338 s [/mnt/ioopt/appbench/apps/MLPerf-storage/dlio_benchmark/dlio_benchmark/utils/statscounter.py:325]
[INFO] 2025-05-04T17:58:49.816491 Rank 0 step 20 processed 5 samples in 0.32853102684020996 s [/mnt/ioopt/appbench/apps/MLPerf-storage/dlio_benchmark/dlio_benchmark/utils/statscounter.py:325]
[INFO] 2025-05-04T17:58:56.340662 Rank 0 step 21 processed 5 samples in 6.523751735687256 s [/mnt/ioopt/appbench/apps/MLPerf-storage/dlio_benchmark/dlio_benchmark/utils/statscounter.py:325]
[INFO] 2025-05-04T17:59:00.750654 Rank 0 step 22 processed 5 samples in 4.4095237255096436 s [/mnt/ioopt/appbench/apps/MLPerf-storage/dlio_benchmark/dlio_benchmark/utils/statscounter.py:325]
[INFO] 2025-05-04T17:59:01.079975 Rank 0 step 23 processed 5 samples in 0.3287982940673828 s [/mnt/ioopt/appbench/apps/MLPerf-storage/dlio_benchmark/dlio_benchmark/utils/statscounter.py:325]
[INFO] 2025-05-04T17:59:01.408971 Rank 0 step 24 processed 5 samples in 0.3285541534423828 s [/mnt/ioopt/appbench/apps/MLPerf-storage/dlio_benchmark/dlio_benchmark/utils/statscounter.py:325]
[INFO] 2025-05-04T17:59:01.737971 Rank 0 step 25 processed 5 samples in 0.3285646438598633 s [/mnt/ioopt/appbench/apps/MLPerf-storage/dlio_benchmark/dlio_benchmark/utils/statscounter.py:325]
[INFO] 2025-05-04T17:59:07.451738 Rank 0 step 26 processed 5 samples in 5.713503122329712 s [/mnt/ioopt/appbench/apps/MLPerf-storage/dlio_benchmark/dlio_benchmark/utils/statscounter.py:325]
[INFO] 2025-05-04T17:59:09.316585 Rank 0 step 27 processed 5 samples in 1.864363431930542 s [/mnt/ioopt/appbench/apps/MLPerf-storage/dlio_benchmark/dlio_benchmark/utils/statscounter.py:325]
[INFO] 2025-05-04T17:59:09.643144 Rank 0 step 28 processed 5 samples in 0.32613444328308105 s [/mnt/ioopt/appbench/apps/MLPerf-storage/dlio_benchmark/dlio_benchmark/utils/statscounter.py:325]
[INFO] 2025-05-04T17:59:16.665831 Rank 0 step 29 processed 5 samples in 7.022340297698975 s [/mnt/ioopt/appbench/apps/MLPerf-storage/dlio_benchmark/dlio_benchmark/utils/statscounter.py:325]
[INFO] 2025-05-04T17:59:21.363467 Rank 0 step 30 processed 5 samples in 4.697094440460205 s [/mnt/ioopt/appbench/apps/MLPerf-storage/dlio_benchmark/dlio_benchmark/utils/statscounter.py:325]
[INFO] 2025-05-04T17:59:21.693589 Rank 0 step 31 processed 5 samples in 0.32929372787475586 s [/mnt/ioopt/appbench/apps/MLPerf-storage/dlio_benchmark/dlio_benchmark/utils/statscounter.py:325]
[INFO] 2025-05-04T17:59:22.672388 Rank 0 step 32 processed 5 samples in 0.9783463478088379 s [/mnt/ioopt/appbench/apps/MLPerf-storage/dlio_benchmark/dlio_benchmark/utils/statscounter.py:325]
[INFO] 2025-05-04T17:59:22.999720 Rank 0 step 33 processed 5 samples in 0.32689428329467773 s [/mnt/ioopt/appbench/apps/MLPerf-storage/dlio_benchmark/dlio_benchmark/utils/statscounter.py:325]
[INFO] 2025-05-04T17:59:26.035816 Rank 0 step 34 processed 5 samples in 3.035583257675171 s [/mnt/ioopt/appbench/apps/MLPerf-storage/dlio_benchmark/dlio_benchmark/utils/statscounter.py:325]
[INFO] 2025-05-04T17:59:31.200533 Rank 0 step 35 processed 5 samples in 5.164261817932129 s [/mnt/ioopt/appbench/apps/MLPerf-storage/dlio_benchmark/dlio_benchmark/utils/statscounter.py:325]
[INFO] 2025-05-04T17:59:31.529258 Rank 0 step 36 processed 5 samples in 0.32826948165893555 s [/mnt/ioopt/appbench/apps/MLPerf-storage/dlio_benchmark/dlio_benchmark/utils/statscounter.py:325]
[INFO] 2025-05-04T17:59:36.382536 Rank 0 step 37 processed 5 samples in 4.852855920791626 s [/mnt/ioopt/appbench/apps/MLPerf-storage/dlio_benchmark/dlio_benchmark/utils/statscounter.py:325]
[INFO] 2025-05-04T17:59:37.098899 Rank 0 step 38 processed 5 samples in 0.7157824039459229 s [/mnt/ioopt/appbench/apps/MLPerf-storage/dlio_benchmark/dlio_benchmark/utils/statscounter.py:325]
[INFO] 2025-05-04T17:59:40.836201 Rank 0 step 39 processed 5 samples in 3.736771821975708 s [/mnt/ioopt/appbench/apps/MLPerf-storage/dlio_benchmark/dlio_benchmark/utils/statscounter.py:325]
[INFO] 2025-05-04T17:59:41.450641 Rank 0 step 40 processed 5 samples in 0.6139683723449707 s [/mnt/ioopt/appbench/apps/MLPerf-storage/dlio_benchmark/dlio_benchmark/utils/statscounter.py:325]
[INFO] 2025-05-04T17:59:41.779820 Rank 0 step 41 processed 5 samples in 0.3287363052368164 s [/mnt/ioopt/appbench/apps/MLPerf-storage/dlio_benchmark/dlio_benchmark/utils/statscounter.py:325]
[INFO] 2025-05-04T17:59:42.110569 Rank 0 step 42 processed 5 samples in 0.3302607536315918 s [/mnt/ioopt/appbench/apps/MLPerf-storage/dlio_benchmark/dlio_benchmark/utils/statscounter.py:325]
[INFO] 2025-05-04T17:59:51.222040 Rank 0 step 43 processed 5 samples in 9.111024379730225 s [/mnt/ioopt/appbench/apps/MLPerf-storage/dlio_benchmark/dlio_benchmark/utils/statscounter.py:325]
[INFO] 2025-05-04T17:59:53.533661 Rank 0 step 44 processed 5 samples in 2.3111379146575928 s [/mnt/ioopt/appbench/apps/MLPerf-storage/dlio_benchmark/dlio_benchmark/utils/statscounter.py:325]
[INFO] 2025-05-04T17:59:53.862891 Rank 0 step 45 processed 5 samples in 0.3287522792816162 s [/mnt/ioopt/appbench/apps/MLPerf-storage/dlio_benchmark/dlio_benchmark/utils/statscounter.py:325]
[INFO] 2025-05-04T17:59:55.370805 Rank 0 step 46 processed 5 samples in 1.507420539855957 s [/mnt/ioopt/appbench/apps/MLPerf-storage/dlio_benchmark/dlio_benchmark/utils/statscounter.py:325]
[INFO] 2025-05-04T17:59:58.401157 Rank 0 step 47 processed 5 samples in 3.029874324798584 s [/mnt/ioopt/appbench/apps/MLPerf-storage/dlio_benchmark/dlio_benchmark/utils/statscounter.py:325]
[INFO] 2025-05-04T17:59:59.416497 Rank 0 step 48 processed 5 samples in 1.0148606300354004 s [/mnt/ioopt/appbench/apps/MLPerf-storage/dlio_benchmark/dlio_benchmark/utils/statscounter.py:325]
[INFO] 2025-05-04T18:00:00.004311 Rank 0 step 49 processed 5 samples in 0.5873048305511475 s [/mnt/ioopt/appbench/apps/MLPerf-storage/dlio_benchmark/dlio_benchmark/utils/statscounter.py:325]
[INFO] 2025-05-04T18:00:00.333214 Rank 0 step 50 processed 5 samples in 0.3283684253692627 s [/mnt/ioopt/appbench/apps/MLPerf-storage/dlio_benchmark/dlio_benchmark/utils/statscounter.py:325]
[INFO] 2025-05-04T18:00:12.969903 Rank 0 step 51 processed 5 samples in 12.636219024658203 s [/mnt/ioopt/appbench/apps/MLPerf-storage/dlio_benchmark/dlio_benchmark/utils/statscounter.py:325]
[INFO] 2025-05-04T18:00:13.298819 Rank 0 step 52 processed 5 samples in 0.3284299373626709 s [/mnt/ioopt/appbench/apps/MLPerf-storage/dlio_benchmark/dlio_benchmark/utils/statscounter.py:325]
[INFO] 2025-05-04T18:00:13.627735 Rank 0 step 53 processed 5 samples in 0.3284759521484375 s [/mnt/ioopt/appbench/apps/MLPerf-storage/dlio_benchmark/dlio_benchmark/utils/statscounter.py:325]
[INFO] 2025-05-04T18:00:13.957427 Rank 0 step 54 processed 5 samples in 0.3292670249938965 s [/mnt/ioopt/appbench/apps/MLPerf-storage/dlio_benchmark/dlio_benchmark/utils/statscounter.py:325]
[INFO] 2025-05-04T18:00:17.733940 Rank 0 step 55 processed 5 samples in 3.7760493755340576 s [/mnt/ioopt/appbench/apps/MLPerf-storage/dlio_benchmark/dlio_benchmark/utils/statscounter.py:325]
[INFO] 2025-05-04T18:00:18.064023 Rank 0 step 56 processed 5 samples in 0.32961082458496094 s [/mnt/ioopt/appbench/apps/MLPerf-storage/dlio_benchmark/dlio_benchmark/utils/statscounter.py:325]
[INFO] 2025-05-04T18:00:18.392828 Rank 0 step 57 processed 5 samples in 0.3283379077911377 s [/mnt/ioopt/appbench/apps/MLPerf-storage/dlio_benchmark/dlio_benchmark/utils/statscounter.py:325]
[INFO] 2025-05-04T18:00:18.721778 Rank 0 step 58 processed 5 samples in 0.32850217819213867 s [/mnt/ioopt/appbench/apps/MLPerf-storage/dlio_benchmark/dlio_benchmark/utils/statscounter.py:325]
[INFO] 2025-05-04T18:00:31.897540 Rank 0 step 59 processed 5 samples in 13.1753089427948 s [/mnt/ioopt/appbench/apps/MLPerf-storage/dlio_benchmark/dlio_benchmark/utils/statscounter.py:325]
[INFO] 2025-05-04T18:00:32.228219 Rank 0 step 60 processed 5 samples in 0.3298146724700928 s [/mnt/ioopt/appbench/apps/MLPerf-storage/dlio_benchmark/dlio_benchmark/utils/statscounter.py:325]
[INFO] 2025-05-04T18:00:35.270458 Rank 0 step 61 processed 5 samples in 3.0415291786193848 s [/mnt/ioopt/appbench/apps/MLPerf-storage/dlio_benchmark/dlio_benchmark/utils/statscounter.py:325]
[INFO] 2025-05-04T18:00:35.629277 Rank 0 step 62 processed 5 samples in 0.3583493232727051 s [/mnt/ioopt/appbench/apps/MLPerf-storage/dlio_benchmark/dlio_benchmark/utils/statscounter.py:325]
[INFO] 2025-05-04T18:00:35.955265 Rank 0 step 63 processed 5 samples in 0.3256411552429199 s [/mnt/ioopt/appbench/apps/MLPerf-storage/dlio_benchmark/dlio_benchmark/utils/statscounter.py:325]
[INFO] 2025-05-04T18:00:36.777799 Rank 0 step 64 processed 5 samples in 0.8221111297607422 s [/mnt/ioopt/appbench/apps/MLPerf-storage/dlio_benchmark/dlio_benchmark/utils/statscounter.py:325]
[INFO] 2025-05-04T18:00:38.346174 Rank 0 step 65 processed 5 samples in 1.5677964687347412 s [/mnt/ioopt/appbench/apps/MLPerf-storage/dlio_benchmark/dlio_benchmark/utils/statscounter.py:325]
[INFO] 2025-05-04T18:00:38.675162 Rank 0 step 66 processed 5 samples in 0.32849836349487305 s [/mnt/ioopt/appbench/apps/MLPerf-storage/dlio_benchmark/dlio_benchmark/utils/statscounter.py:325]
[INFO] 2025-05-04T18:00:47.320967 Rank 0 step 67 processed 5 samples in 8.64535903930664 s [/mnt/ioopt/appbench/apps/MLPerf-storage/dlio_benchmark/dlio_benchmark/utils/statscounter.py:325]
[INFO] 2025-05-04T18:00:47.649708 Rank 0 step 68 processed 5 samples in 0.32827091217041016 s [/mnt/ioopt/appbench/apps/MLPerf-storage/dlio_benchmark/dlio_benchmark/utils/statscounter.py:325]
[INFO] 2025-05-04T18:00:53.015741 Rank 0 step 69 processed 5 samples in 5.365586996078491 s [/mnt/ioopt/appbench/apps/MLPerf-storage/dlio_benchmark/dlio_benchmark/utils/statscounter.py:325]
[INFO] 2025-05-04T18:00:53.987229 Rank 0 step 70 processed 5 samples in 0.9709529876708984 s [/mnt/ioopt/appbench/apps/MLPerf-storage/dlio_benchmark/dlio_benchmark/utils/statscounter.py:325]
[INFO] 2025-05-04T18:00:55.362126 Rank 0 step 71 processed 5 samples in 1.374570369720459 s [/mnt/ioopt/appbench/apps/MLPerf-storage/dlio_benchmark/dlio_benchmark/utils/statscounter.py:325]
[INFO] 2025-05-04T18:00:55.688416 Rank 0 step 72 processed 5 samples in 0.32602858543395996 s [/mnt/ioopt/appbench/apps/MLPerf-storage/dlio_benchmark/dlio_benchmark/utils/statscounter.py:325]
[INFO] 2025-05-04T18:00:56.014238 Rank 0 step 73 processed 5 samples in 0.32553863525390625 s [/mnt/ioopt/appbench/apps/MLPerf-storage/dlio_benchmark/dlio_benchmark/utils/statscounter.py:325]
[INFO] 2025-05-04T18:00:56.340411 Rank 0 step 74 processed 5 samples in 0.3257136344909668 s [/mnt/ioopt/appbench/apps/MLPerf-storage/dlio_benchmark/dlio_benchmark/utils/statscounter.py:325]
[INFO] 2025-05-04T18:01:05.309927 Rank 0 step 75 processed 5 samples in 8.969029188156128 s [/mnt/ioopt/appbench/apps/MLPerf-storage/dlio_benchmark/dlio_benchmark/utils/statscounter.py:325]
[INFO] 2025-05-04T18:01:07.542748 Rank 0 step 76 processed 5 samples in 2.2325220108032227 s [/mnt/ioopt/appbench/apps/MLPerf-storage/dlio_benchmark/dlio_benchmark/utils/statscounter.py:325]
[INFO] 2025-05-04T18:01:07.871744 Rank 0 step 77 processed 5 samples in 0.32851648330688477 s [/mnt/ioopt/appbench/apps/MLPerf-storage/dlio_benchmark/dlio_benchmark/utils/statscounter.py:325]
[INFO] 2025-05-04T18:01:09.829582 Rank 0 step 78 processed 5 samples in 1.9573941230773926 s [/mnt/ioopt/appbench/apps/MLPerf-storage/dlio_benchmark/dlio_benchmark/utils/statscounter.py:325]
[INFO] 2025-05-04T18:01:10.158809 Rank 0 step 79 processed 5 samples in 0.32875776290893555 s [/mnt/ioopt/appbench/apps/MLPerf-storage/dlio_benchmark/dlio_benchmark/utils/statscounter.py:325]
[INFO] 2025-05-04T18:01:13.413873 Rank 0 step 80 processed 5 samples in 3.2546534538269043 s [/mnt/ioopt/appbench/apps/MLPerf-storage/dlio_benchmark/dlio_benchmark/utils/statscounter.py:325]
[INFO] 2025-05-04T18:01:14.025578 Rank 0 step 81 processed 5 samples in 0.6112785339355469 s [/mnt/ioopt/appbench/apps/MLPerf-storage/dlio_benchmark/dlio_benchmark/utils/statscounter.py:325]
[INFO] 2025-05-04T18:01:14.355149 Rank 0 step 82 processed 5 samples in 0.32906460762023926 s [/mnt/ioopt/appbench/apps/MLPerf-storage/dlio_benchmark/dlio_benchmark/utils/statscounter.py:325]
[INFO] 2025-05-04T18:01:23.980651 Rank 0 step 83 processed 5 samples in 9.62497854232788 s [/mnt/ioopt/appbench/apps/MLPerf-storage/dlio_benchmark/dlio_benchmark/utils/statscounter.py:325]
[INFO] 2025-05-04T18:01:24.309727 Rank 0 step 84 processed 5 samples in 0.3285987377166748 s [/mnt/ioopt/appbench/apps/MLPerf-storage/dlio_benchmark/dlio_benchmark/utils/statscounter.py:325]
[INFO] 2025-05-04T18:01:24.640667 Rank 0 step 85 processed 5 samples in 0.33049964904785156 s [/mnt/ioopt/appbench/apps/MLPerf-storage/dlio_benchmark/dlio_benchmark/utils/statscounter.py:325]
[INFO] 2025-05-04T18:01:28.766650 Rank 0 step 86 processed 5 samples in 4.1254637241363525 s [/mnt/ioopt/appbench/apps/MLPerf-storage/dlio_benchmark/dlio_benchmark/utils/statscounter.py:325]
[INFO] 2025-05-04T18:01:29.092293 Rank 0 step 87 processed 5 samples in 0.3253495693206787 s [/mnt/ioopt/appbench/apps/MLPerf-storage/dlio_benchmark/dlio_benchmark/utils/statscounter.py:325]
[INFO] 2025-05-04T18:01:30.709052 Rank 0 step 88 processed 5 samples in 1.6164202690124512 s [/mnt/ioopt/appbench/apps/MLPerf-storage/dlio_benchmark/dlio_benchmark/utils/statscounter.py:325]
[INFO] 2025-05-04T18:01:31.038408 Rank 0 step 89 processed 5 samples in 0.32885241508483887 s [/mnt/ioopt/appbench/apps/MLPerf-storage/dlio_benchmark/dlio_benchmark/utils/statscounter.py:325]
[INFO] 2025-05-04T18:01:31.367313 Rank 0 step 90 processed 5 samples in 0.32837557792663574 s [/mnt/ioopt/appbench/apps/MLPerf-storage/dlio_benchmark/dlio_benchmark/utils/statscounter.py:325]
[INFO] 2025-05-04T18:01:39.598420 Rank 0 step 91 processed 5 samples in 8.23065733909607 s [/mnt/ioopt/appbench/apps/MLPerf-storage/dlio_benchmark/dlio_benchmark/utils/statscounter.py:325]
[INFO] 2025-05-04T18:01:43.477849 Rank 0 step 92 processed 5 samples in 3.878970146179199 s [/mnt/ioopt/appbench/apps/MLPerf-storage/dlio_benchmark/dlio_benchmark/utils/statscounter.py:325]
[INFO] 2025-05-04T18:01:44.763370 Rank 0 step 93 processed 5 samples in 1.2850661277770996 s [/mnt/ioopt/appbench/apps/MLPerf-storage/dlio_benchmark/dlio_benchmark/utils/statscounter.py:325]
[INFO] 2025-05-04T18:01:48.698651 Rank 0 step 94 processed 5 samples in 3.934826135635376 s [/mnt/ioopt/appbench/apps/MLPerf-storage/dlio_benchmark/dlio_benchmark/utils/statscounter.py:325]
[INFO] 2025-05-04T18:01:49.025534 Rank 0 step 95 processed 5 samples in 0.3263721466064453 s [/mnt/ioopt/appbench/apps/MLPerf-storage/dlio_benchmark/dlio_benchmark/utils/statscounter.py:325]
[INFO] 2025-05-04T18:01:49.824326 Rank 0 step 96 processed 5 samples in 0.7983219623565674 s [/mnt/ioopt/appbench/apps/MLPerf-storage/dlio_benchmark/dlio_benchmark/utils/statscounter.py:325]
[INFO] 2025-05-04T18:01:50.153480 Rank 0 step 97 processed 5 samples in 0.3286013603210449 s [/mnt/ioopt/appbench/apps/MLPerf-storage/dlio_benchmark/dlio_benchmark/utils/statscounter.py:325]
[INFO] 2025-05-04T18:01:50.484825 Rank 0 step 98 processed 5 samples in 0.33085036277770996 s [/mnt/ioopt/appbench/apps/MLPerf-storage/dlio_benchmark/dlio_benchmark/utils/statscounter.py:325]
[INFO] 2025-05-04T18:02:00.428947 Rank 0 step 99 processed 5 samples in 9.943531274795532 s [/mnt/ioopt/appbench/apps/MLPerf-storage/dlio_benchmark/dlio_benchmark/utils/statscounter.py:325]
[INFO] 2025-05-04T18:02:00.758128 Rank 0 step 100 processed 5 samples in 0.3286912441253662 s [/mnt/ioopt/appbench/apps/MLPerf-storage/dlio_benchmark/dlio_benchmark/utils/statscounter.py:325]
[INFO] 2025-05-04T18:02:05.718373 Rank 0 step 101 processed 5 samples in 4.959790468215942 s [/mnt/ioopt/appbench/apps/MLPerf-storage/dlio_benchmark/dlio_benchmark/utils/statscounter.py:325]
[INFO] 2025-05-04T18:02:06.047426 Rank 0 step 102 processed 5 samples in 0.3285839557647705 s [/mnt/ioopt/appbench/apps/MLPerf-storage/dlio_benchmark/dlio_benchmark/utils/statscounter.py:325]
[INFO] 2025-05-04T18:02:06.378348 Rank 0 step 103 processed 5 samples in 0.3304424285888672 s [/mnt/ioopt/appbench/apps/MLPerf-storage/dlio_benchmark/dlio_benchmark/utils/statscounter.py:325]
[INFO] 2025-05-04T18:02:06.707174 Rank 0 step 104 processed 5 samples in 0.3283662796020508 s [/mnt/ioopt/appbench/apps/MLPerf-storage/dlio_benchmark/dlio_benchmark/utils/statscounter.py:325]
[INFO] 2025-05-04T18:02:07.036242 Rank 0 step 105 processed 5 samples in 0.3286275863647461 s [/mnt/ioopt/appbench/apps/MLPerf-storage/dlio_benchmark/dlio_benchmark/utils/statscounter.py:325]
[INFO] 2025-05-04T18:02:09.495755 Rank 0 step 106 processed 5 samples in 2.4590508937835693 s [/mnt/ioopt/appbench/apps/MLPerf-storage/dlio_benchmark/dlio_benchmark/utils/statscounter.py:325]
[INFO] 2025-05-04T18:02:18.359316 Rank 0 step 107 processed 5 samples in 8.86311936378479 s [/mnt/ioopt/appbench/apps/MLPerf-storage/dlio_benchmark/dlio_benchmark/utils/statscounter.py:325]
[INFO] 2025-05-04T18:02:22.887834 Rank 0 step 108 processed 5 samples in 4.5280537605285645 s [/mnt/ioopt/appbench/apps/MLPerf-storage/dlio_benchmark/dlio_benchmark/utils/statscounter.py:325]
[INFO] 2025-05-04T18:02:24.943776 Rank 0 step 109 processed 5 samples in 2.055469036102295 s [/mnt/ioopt/appbench/apps/MLPerf-storage/dlio_benchmark/dlio_benchmark/utils/statscounter.py:325]
[INFO] 2025-05-04T18:02:25.272503 Rank 0 step 110 processed 5 samples in 0.3281981945037842 s [/mnt/ioopt/appbench/apps/MLPerf-storage/dlio_benchmark/dlio_benchmark/utils/statscounter.py:325]
[INFO] 2025-05-04T18:02:25.601822 Rank 0 step 111 processed 5 samples in 0.32885026931762695 s [/mnt/ioopt/appbench/apps/MLPerf-storage/dlio_benchmark/dlio_benchmark/utils/statscounter.py:325]
[INFO] 2025-05-04T18:02:27.013666 Rank 0 step 112 processed 5 samples in 1.4113235473632812 s [/mnt/ioopt/appbench/apps/MLPerf-storage/dlio_benchmark/dlio_benchmark/utils/statscounter.py:325]
[INFO] 2025-05-04T18:02:27.342840 Rank 0 step 113 processed 5 samples in 0.32869672775268555 s [/mnt/ioopt/appbench/apps/MLPerf-storage/dlio_benchmark/dlio_benchmark/utils/statscounter.py:325]
[INFO] 2025-05-04T18:02:29.417714 Rank 0 step 114 processed 5 samples in 2.074408531188965 s [/mnt/ioopt/appbench/apps/MLPerf-storage/dlio_benchmark/dlio_benchmark/utils/statscounter.py:325]
[INFO] 2025-05-04T18:02:40.190411 Rank 0 step 115 processed 5 samples in 10.772257566452026 s [/mnt/ioopt/appbench/apps/MLPerf-storage/dlio_benchmark/dlio_benchmark/utils/statscounter.py:325]
[INFO] 2025-05-04T18:02:43.191429 Rank 0 step 116 processed 5 samples in 3.000555992126465 s [/mnt/ioopt/appbench/apps/MLPerf-storage/dlio_benchmark/dlio_benchmark/utils/statscounter.py:325]
[INFO] 2025-05-04T18:02:43.520460 Rank 0 step 117 processed 5 samples in 0.32857251167297363 s [/mnt/ioopt/appbench/apps/MLPerf-storage/dlio_benchmark/dlio_benchmark/utils/statscounter.py:325]
[INFO] 2025-05-04T18:02:43.848030 Rank 0 step 118 processed 5 samples in 0.32711076736450195 s [/mnt/ioopt/appbench/apps/MLPerf-storage/dlio_benchmark/dlio_benchmark/utils/statscounter.py:325]
[INFO] 2025-05-04T18:02:44.722272 Rank 0 step 119 processed 5 samples in 0.8737738132476807 s [/mnt/ioopt/appbench/apps/MLPerf-storage/dlio_benchmark/dlio_benchmark/utils/statscounter.py:325]
[INFO] 2025-05-04T18:02:47.481358 Rank 0 step 120 processed 5 samples in 2.7586357593536377 s [/mnt/ioopt/appbench/apps/MLPerf-storage/dlio_benchmark/dlio_benchmark/utils/statscounter.py:325]
[INFO] 2025-05-04T18:02:47.808055 Rank 0 step 121 processed 5 samples in 0.32617974281311035 s [/mnt/ioopt/appbench/apps/MLPerf-storage/dlio_benchmark/dlio_benchmark/utils/statscounter.py:325]
[INFO] 2025-05-04T18:02:48.444931 Rank 0 step 122 processed 5 samples in 0.6363809108734131 s [/mnt/ioopt/appbench/apps/MLPerf-storage/dlio_benchmark/dlio_benchmark/utils/statscounter.py:325]
[INFO] 2025-05-04T18:03:00.211047 Rank 0 step 123 processed 5 samples in 11.765668392181396 s [/mnt/ioopt/appbench/apps/MLPerf-storage/dlio_benchmark/dlio_benchmark/utils/statscounter.py:325]
[INFO] 2025-05-04T18:03:00.537726 Rank 0 step 124 processed 5 samples in 0.3264045715332031 s [/mnt/ioopt/appbench/apps/MLPerf-storage/dlio_benchmark/dlio_benchmark/utils/statscounter.py:325]
[INFO] 2025-05-04T18:03:01.092510 Rank 0 step 125 processed 5 samples in 0.5543138980865479 s [/mnt/ioopt/appbench/apps/MLPerf-storage/dlio_benchmark/dlio_benchmark/utils/statscounter.py:325]
[INFO] 2025-05-04T18:03:04.011168 Rank 0 step 126 processed 5 samples in 2.9181461334228516 s [/mnt/ioopt/appbench/apps/MLPerf-storage/dlio_benchmark/dlio_benchmark/utils/statscounter.py:325]
[INFO] 2025-05-04T18:03:06.910155 Rank 0 step 127 processed 5 samples in 2.8984861373901367 s [/mnt/ioopt/appbench/apps/MLPerf-storage/dlio_benchmark/dlio_benchmark/utils/statscounter.py:325]
[INFO] 2025-05-04T18:03:07.238934 Rank 0 step 128 processed 5 samples in 0.32830262184143066 s [/mnt/ioopt/appbench/apps/MLPerf-storage/dlio_benchmark/dlio_benchmark/utils/statscounter.py:325]
[INFO] 2025-05-04T18:03:07.567689 Rank 0 step 129 processed 5 samples in 0.3282961845397949 s [/mnt/ioopt/appbench/apps/MLPerf-storage/dlio_benchmark/dlio_benchmark/utils/statscounter.py:325]
[INFO] 2025-05-04T18:03:07.896791 Rank 0 step 130 processed 5 samples in 0.32866954803466797 s [/mnt/ioopt/appbench/apps/MLPerf-storage/dlio_benchmark/dlio_benchmark/utils/statscounter.py:325]
[INFO] 2025-05-04T18:03:15.537388 Rank 0 step 131 processed 5 samples in 7.640168905258179 s [/mnt/ioopt/appbench/apps/MLPerf-storage/dlio_benchmark/dlio_benchmark/utils/statscounter.py:325]
[INFO] 2025-05-04T18:03:17.707236 Rank 0 step 132 processed 5 samples in 2.169377088546753 s [/mnt/ioopt/appbench/apps/MLPerf-storage/dlio_benchmark/dlio_benchmark/utils/statscounter.py:325]
[INFO] 2025-05-04T18:03:18.038842 Rank 0 step 133 processed 5 samples in 0.33113527297973633 s [/mnt/ioopt/appbench/apps/MLPerf-storage/dlio_benchmark/dlio_benchmark/utils/statscounter.py:325]
[INFO] 2025-05-04T18:03:22.493126 Rank 0 step 134 processed 5 samples in 4.453735113143921 s [/mnt/ioopt/appbench/apps/MLPerf-storage/dlio_benchmark/dlio_benchmark/utils/statscounter.py:325]
[INFO] 2025-05-04T18:03:22.820122 Rank 0 step 135 processed 5 samples in 0.326674222946167 s [/mnt/ioopt/appbench/apps/MLPerf-storage/dlio_benchmark/dlio_benchmark/utils/statscounter.py:325]
[INFO] 2025-05-04T18:03:23.858337 Rank 0 step 136 processed 5 samples in 1.0377554893493652 s [/mnt/ioopt/appbench/apps/MLPerf-storage/dlio_benchmark/dlio_benchmark/utils/statscounter.py:325]
[INFO] 2025-05-04T18:03:25.664131 Rank 0 step 137 processed 5 samples in 1.8052904605865479 s [/mnt/ioopt/appbench/apps/MLPerf-storage/dlio_benchmark/dlio_benchmark/utils/statscounter.py:325]
[INFO] 2025-05-04T18:03:25.993331 Rank 0 step 138 processed 5 samples in 0.3286769390106201 s [/mnt/ioopt/appbench/apps/MLPerf-storage/dlio_benchmark/dlio_benchmark/utils/statscounter.py:325]
[INFO] 2025-05-04T18:03:33.305956 Rank 0 step 139 processed 5 samples in 7.312113046646118 s [/mnt/ioopt/appbench/apps/MLPerf-storage/dlio_benchmark/dlio_benchmark/utils/statscounter.py:325]
[INFO] 2025-05-04T18:03:37.759256 Rank 0 step 140 processed 5 samples in 4.452784538269043 s [/mnt/ioopt/appbench/apps/MLPerf-storage/dlio_benchmark/dlio_benchmark/utils/statscounter.py:325]
[INFO] 2025-05-04T18:03:39.081733 Rank 0 step 141 processed 5 samples in 1.3220279216766357 s [/mnt/ioopt/appbench/apps/MLPerf-storage/dlio_benchmark/dlio_benchmark/utils/statscounter.py:325]
[INFO] 2025-05-04T18:03:39.410623 Rank 0 step 142 processed 5 samples in 0.3283674716949463 s [/mnt/ioopt/appbench/apps/MLPerf-storage/dlio_benchmark/dlio_benchmark/utils/statscounter.py:325]
[INFO] 2025-05-04T18:03:45.543142 Rank 0 step 143 processed 5 samples in 6.132037401199341 s [/mnt/ioopt/appbench/apps/MLPerf-storage/dlio_benchmark/dlio_benchmark/utils/statscounter.py:325]
[INFO] 2025-05-04T18:03:45.871912 Rank 0 step 144 processed 5 samples in 0.3282735347747803 s [/mnt/ioopt/appbench/apps/MLPerf-storage/dlio_benchmark/dlio_benchmark/utils/statscounter.py:325]
[INFO] 2025-05-04T18:03:46.200718 Rank 0 step 145 processed 5 samples in 0.32834506034851074 s [/mnt/ioopt/appbench/apps/MLPerf-storage/dlio_benchmark/dlio_benchmark/utils/statscounter.py:325]
[INFO] 2025-05-04T18:03:46.529803 Rank 0 step 146 processed 5 samples in 0.3286283016204834 s [/mnt/ioopt/appbench/apps/MLPerf-storage/dlio_benchmark/dlio_benchmark/utils/statscounter.py:325]
[INFO] 2025-05-04T18:03:53.759818 Rank 0 step 147 processed 5 samples in 7.229583263397217 s [/mnt/ioopt/appbench/apps/MLPerf-storage/dlio_benchmark/dlio_benchmark/utils/statscounter.py:325]
[INFO] 2025-05-04T18:03:57.094129 Rank 0 step 148 processed 5 samples in 3.333846092224121 s [/mnt/ioopt/appbench/apps/MLPerf-storage/dlio_benchmark/dlio_benchmark/utils/statscounter.py:325]
[INFO] 2025-05-04T18:03:59.347269 Rank 0 step 149 processed 5 samples in 2.2528297901153564 s [/mnt/ioopt/appbench/apps/MLPerf-storage/dlio_benchmark/dlio_benchmark/utils/statscounter.py:325]
[INFO] 2025-05-04T18:03:59.678236 Rank 0 step 150 processed 5 samples in 0.33005499839782715 s [/mnt/ioopt/appbench/apps/MLPerf-storage/dlio_benchmark/dlio_benchmark/utils/statscounter.py:325]
[INFO] 2025-05-04T18:04:07.105677 Rank 0 step 151 processed 5 samples in 7.4269843101501465 s [/mnt/ioopt/appbench/apps/MLPerf-storage/dlio_benchmark/dlio_benchmark/utils/statscounter.py:325]
[INFO] 2025-05-04T18:04:07.434426 Rank 0 step 152 processed 5 samples in 0.32827115058898926 s [/mnt/ioopt/appbench/apps/MLPerf-storage/dlio_benchmark/dlio_benchmark/utils/statscounter.py:325]
[INFO] 2025-05-04T18:04:07.763391 Rank 0 step 153 processed 5 samples in 0.32855987548828125 s [/mnt/ioopt/appbench/apps/MLPerf-storage/dlio_benchmark/dlio_benchmark/utils/statscounter.py:325]
[INFO] 2025-05-04T18:04:08.092045 Rank 0 step 154 processed 5 samples in 0.3282337188720703 s [/mnt/ioopt/appbench/apps/MLPerf-storage/dlio_benchmark/dlio_benchmark/utils/statscounter.py:325]
[INFO] 2025-05-04T18:04:09.888784 Rank 0 step 155 processed 5 samples in 1.7963027954101562 s [/mnt/ioopt/appbench/apps/MLPerf-storage/dlio_benchmark/dlio_benchmark/utils/statscounter.py:325]
[INFO] 2025-05-04T18:04:13.752078 Rank 0 step 156 processed 5 samples in 3.862853527069092 s [/mnt/ioopt/appbench/apps/MLPerf-storage/dlio_benchmark/dlio_benchmark/utils/statscounter.py:325]
[INFO] 2025-05-04T18:04:18.136236 Rank 0 step 157 processed 5 samples in 4.383650302886963 s [/mnt/ioopt/appbench/apps/MLPerf-storage/dlio_benchmark/dlio_benchmark/utils/statscounter.py:325]
[INFO] 2025-05-04T18:04:18.892535 Rank 0 step 158 processed 5 samples in 0.7557733058929443 s [/mnt/ioopt/appbench/apps/MLPerf-storage/dlio_benchmark/dlio_benchmark/utils/statscounter.py:325]
[INFO] 2025-05-04T18:04:25.389603 Rank 0 step 159 processed 5 samples in 6.496584415435791 s [/mnt/ioopt/appbench/apps/MLPerf-storage/dlio_benchmark/dlio_benchmark/utils/statscounter.py:325]
[INFO] 2025-05-04T18:04:25.718741 Rank 0 step 160 processed 5 samples in 0.3286569118499756 s [/mnt/ioopt/appbench/apps/MLPerf-storage/dlio_benchmark/dlio_benchmark/utils/statscounter.py:325]
[INFO] 2025-05-04T18:04:26.047552 Rank 0 step 161 processed 5 samples in 0.3283352851867676 s [/mnt/ioopt/appbench/apps/MLPerf-storage/dlio_benchmark/dlio_benchmark/utils/statscounter.py:325]
[INFO] 2025-05-04T18:04:27.215547 Rank 0 step 162 processed 5 samples in 1.1675333976745605 s [/mnt/ioopt/appbench/apps/MLPerf-storage/dlio_benchmark/dlio_benchmark/utils/statscounter.py:325]
[INFO] 2025-05-04T18:04:27.546059 Rank 0 step 163 processed 5 samples in 0.3300604820251465 s [/mnt/ioopt/appbench/apps/MLPerf-storage/dlio_benchmark/dlio_benchmark/utils/statscounter.py:325]
[INFO] 2025-05-04T18:04:32.911271 Rank 0 step 164 processed 5 samples in 5.364765167236328 s [/mnt/ioopt/appbench/apps/MLPerf-storage/dlio_benchmark/dlio_benchmark/utils/statscounter.py:325]
[INFO] 2025-05-04T18:04:33.242323 Rank 0 step 165 processed 5 samples in 0.33057665824890137 s [/mnt/ioopt/appbench/apps/MLPerf-storage/dlio_benchmark/dlio_benchmark/utils/statscounter.py:325]
[INFO] 2025-05-04T18:04:34.067068 Rank 0 step 166 processed 5 samples in 0.8242146968841553 s [/mnt/ioopt/appbench/apps/MLPerf-storage/dlio_benchmark/dlio_benchmark/utils/statscounter.py:325]
[INFO] 2025-05-04T18:04:43.761665 Rank 0 step 167 processed 5 samples in 9.694073915481567 s [/mnt/ioopt/appbench/apps/MLPerf-storage/dlio_benchmark/dlio_benchmark/utils/statscounter.py:325]
[INFO] 2025-05-04T18:04:44.090436 Rank 0 step 168 processed 5 samples in 0.3283042907714844 s [/mnt/ioopt/appbench/apps/MLPerf-storage/dlio_benchmark/dlio_benchmark/utils/statscounter.py:325]
[INFO] 2025-05-04T18:04:44.419464 Rank 0 step 169 processed 5 samples in 0.32859182357788086 s [/mnt/ioopt/appbench/apps/MLPerf-storage/dlio_benchmark/dlio_benchmark/utils/statscounter.py:325]
[INFO] 2025-05-04T18:04:44.748186 Rank 0 step 170 processed 5 samples in 0.3282921314239502 s [/mnt/ioopt/appbench/apps/MLPerf-storage/dlio_benchmark/dlio_benchmark/utils/statscounter.py:325]
[INFO] 2025-05-04T18:04:46.735630 Rank 0 step 171 processed 5 samples in 1.9870126247406006 s [/mnt/ioopt/appbench/apps/MLPerf-storage/dlio_benchmark/dlio_benchmark/utils/statscounter.py:325]
[INFO] 2025-05-04T18:04:52.307294 Rank 0 step 172 processed 5 samples in 5.571203708648682 s [/mnt/ioopt/appbench/apps/MLPerf-storage/dlio_benchmark/dlio_benchmark/utils/statscounter.py:325]
[INFO] 2025-05-04T18:04:52.636307 Rank 0 step 173 processed 5 samples in 0.32854413986206055 s [/mnt/ioopt/appbench/apps/MLPerf-storage/dlio_benchmark/dlio_benchmark/utils/statscounter.py:325]
[INFO] 2025-05-04T18:04:52.964947 Rank 0 step 174 processed 5 samples in 0.3282287120819092 s [/mnt/ioopt/appbench/apps/MLPerf-storage/dlio_benchmark/dlio_benchmark/utils/statscounter.py:325]
[INFO] 2025-05-04T18:05:01.330294 Rank 0 step 175 processed 5 samples in 8.364921569824219 s [/mnt/ioopt/appbench/apps/MLPerf-storage/dlio_benchmark/dlio_benchmark/utils/statscounter.py:325]
[INFO] 2025-05-04T18:05:01.659373 Rank 0 step 176 processed 5 samples in 0.32860898971557617 s [/mnt/ioopt/appbench/apps/MLPerf-storage/dlio_benchmark/dlio_benchmark/utils/statscounter.py:325]
[INFO] 2025-05-04T18:05:01.988859 Rank 0 step 177 processed 5 samples in 0.3290596008300781 s [/mnt/ioopt/appbench/apps/MLPerf-storage/dlio_benchmark/dlio_benchmark/utils/statscounter.py:325]
[INFO] 2025-05-04T18:05:02.318527 Rank 0 step 178 processed 5 samples in 0.3287086486816406 s [/mnt/ioopt/appbench/apps/MLPerf-storage/dlio_benchmark/dlio_benchmark/utils/statscounter.py:325]
[INFO] 2025-05-04T18:05:02.649403 Rank 0 step 179 processed 5 samples in 0.3304412364959717 s [/mnt/ioopt/appbench/apps/MLPerf-storage/dlio_benchmark/dlio_benchmark/utils/statscounter.py:325]
[INFO] 2025-05-04T18:05:06.398902 Rank 0 step 180 processed 5 samples in 3.74906325340271 s [/mnt/ioopt/appbench/apps/MLPerf-storage/dlio_benchmark/dlio_benchmark/utils/statscounter.py:325]
[INFO] 2025-05-04T18:05:06.728016 Rank 0 step 181 processed 5 samples in 0.32863426208496094 s [/mnt/ioopt/appbench/apps/MLPerf-storage/dlio_benchmark/dlio_benchmark/utils/statscounter.py:325]
[INFO] 2025-05-04T18:05:08.675414 Rank 0 step 182 processed 5 samples in 1.9469842910766602 s [/mnt/ioopt/appbench/apps/MLPerf-storage/dlio_benchmark/dlio_benchmark/utils/statscounter.py:325]
[INFO] 2025-05-04T18:05:17.331568 Rank 0 step 183 processed 5 samples in 8.655685424804688 s [/mnt/ioopt/appbench/apps/MLPerf-storage/dlio_benchmark/dlio_benchmark/utils/statscounter.py:325]
[INFO] 2025-05-04T18:05:17.660622 Rank 0 step 184 processed 5 samples in 0.32860755920410156 s [/mnt/ioopt/appbench/apps/MLPerf-storage/dlio_benchmark/dlio_benchmark/utils/statscounter.py:325]
[INFO] 2025-05-04T18:05:17.989293 Rank 0 step 185 processed 5 samples in 0.3282449245452881 s [/mnt/ioopt/appbench/apps/MLPerf-storage/dlio_benchmark/dlio_benchmark/utils/statscounter.py:325]
[INFO] 2025-05-04T18:05:18.320121 Rank 0 step 186 processed 5 samples in 0.330411434173584 s [/mnt/ioopt/appbench/apps/MLPerf-storage/dlio_benchmark/dlio_benchmark/utils/statscounter.py:325]
[INFO] 2025-05-04T18:05:19.979468 Rank 0 step 187 processed 5 samples in 1.6589093208312988 s [/mnt/ioopt/appbench/apps/MLPerf-storage/dlio_benchmark/dlio_benchmark/utils/statscounter.py:325]
[INFO] 2025-05-04T18:05:21.643531 Rank 0 step 188 processed 5 samples in 1.6635675430297852 s [/mnt/ioopt/appbench/apps/MLPerf-storage/dlio_benchmark/dlio_benchmark/utils/statscounter.py:325]
[INFO] 2025-05-04T18:05:24.852006 Rank 0 step 189 processed 5 samples in 3.2080390453338623 s [/mnt/ioopt/appbench/apps/MLPerf-storage/dlio_benchmark/dlio_benchmark/utils/statscounter.py:325]
[INFO] 2025-05-04T18:05:26.852517 Rank 0 step 190 processed 5 samples in 1.999988317489624 s [/mnt/ioopt/appbench/apps/MLPerf-storage/dlio_benchmark/dlio_benchmark/utils/statscounter.py:325]
[INFO] 2025-05-04T18:05:33.056768 Rank 0 step 191 processed 5 samples in 6.203763246536255 s [/mnt/ioopt/appbench/apps/MLPerf-storage/dlio_benchmark/dlio_benchmark/utils/statscounter.py:325]
[INFO] 2025-05-04T18:05:33.987964 Rank 0 step 192 processed 5 samples in 0.9307293891906738 s [/mnt/ioopt/appbench/apps/MLPerf-storage/dlio_benchmark/dlio_benchmark/utils/statscounter.py:325]
[INFO] 2025-05-04T18:05:40.524994 Rank 0 step 193 processed 5 samples in 6.536525011062622 s [/mnt/ioopt/appbench/apps/MLPerf-storage/dlio_benchmark/dlio_benchmark/utils/statscounter.py:325]
[INFO] 2025-05-04T18:05:40.854062 Rank 0 step 194 processed 5 samples in 0.32855892181396484 s [/mnt/ioopt/appbench/apps/MLPerf-storage/dlio_benchmark/dlio_benchmark/utils/statscounter.py:325]
[INFO] 2025-05-04T18:05:42.910516 Rank 0 step 195 processed 5 samples in 2.0559990406036377 s [/mnt/ioopt/appbench/apps/MLPerf-storage/dlio_benchmark/dlio_benchmark/utils/statscounter.py:325]
[INFO] 2025-05-04T18:05:43.239348 Rank 0 step 196 processed 5 samples in 0.32833266258239746 s [/mnt/ioopt/appbench/apps/MLPerf-storage/dlio_benchmark/dlio_benchmark/utils/statscounter.py:325]
[INFO] 2025-05-04T18:05:45.052682 Rank 0 step 197 processed 5 samples in 1.8129141330718994 s [/mnt/ioopt/appbench/apps/MLPerf-storage/dlio_benchmark/dlio_benchmark/utils/statscounter.py:325]
[INFO] 2025-05-04T18:05:46.765282 Rank 0 step 198 processed 5 samples in 1.7121036052703857 s [/mnt/ioopt/appbench/apps/MLPerf-storage/dlio_benchmark/dlio_benchmark/utils/statscounter.py:325]
[INFO] 2025-05-04T18:05:47.094326 Rank 0 step 199 processed 5 samples in 0.32856154441833496 s [/mnt/ioopt/appbench/apps/MLPerf-storage/dlio_benchmark/dlio_benchmark/utils/statscounter.py:325]
[INFO] 2025-05-04T18:05:55.627585 Rank 0 step 200 processed 5 samples in 8.532840728759766 s [/mnt/ioopt/appbench/apps/MLPerf-storage/dlio_benchmark/dlio_benchmark/utils/statscounter.py:325]
[INFO] 2025-05-04T18:06:00.396521 Rank 0 step 201 processed 5 samples in 4.768460988998413 s [/mnt/ioopt/appbench/apps/MLPerf-storage/dlio_benchmark/dlio_benchmark/utils/statscounter.py:325]
[INFO] 2025-05-04T18:06:00.725527 Rank 0 step 202 processed 5 samples in 0.32849836349487305 s [/mnt/ioopt/appbench/apps/MLPerf-storage/dlio_benchmark/dlio_benchmark/utils/statscounter.py:325]
[INFO] 2025-05-04T18:06:01.776495 Rank 0 step 203 processed 5 samples in 1.050485372543335 s [/mnt/ioopt/appbench/apps/MLPerf-storage/dlio_benchmark/dlio_benchmark/utils/statscounter.py:325]
[INFO] 2025-05-04T18:06:04.549653 Rank 0 step 204 processed 5 samples in 2.772655725479126 s [/mnt/ioopt/appbench/apps/MLPerf-storage/dlio_benchmark/dlio_benchmark/utils/statscounter.py:325]
[INFO] 2025-05-04T18:06:04.878623 Rank 0 step 205 processed 5 samples in 0.3285238742828369 s [/mnt/ioopt/appbench/apps/MLPerf-storage/dlio_benchmark/dlio_benchmark/utils/statscounter.py:325]
[INFO] 2025-05-04T18:06:05.475198 Rank 0 step 206 processed 5 samples in 0.5961258411407471 s [/mnt/ioopt/appbench/apps/MLPerf-storage/dlio_benchmark/dlio_benchmark/utils/statscounter.py:325]
[INFO] 2025-05-04T18:06:05.808661 Rank 0 step 207 processed 5 samples in 0.33296751976013184 s [/mnt/ioopt/appbench/apps/MLPerf-storage/dlio_benchmark/dlio_benchmark/utils/statscounter.py:325]
[INFO] 2025-05-04T18:06:10.902772 Rank 0 step 208 processed 5 samples in 5.09345269203186 s [/mnt/ioopt/appbench/apps/MLPerf-storage/dlio_benchmark/dlio_benchmark/utils/statscounter.py:325]
[INFO] 2025-05-04T18:06:15.532481 Rank 0 step 209 processed 5 samples in 4.616119861602783 s [/mnt/ioopt/appbench/apps/MLPerf-storage/dlio_benchmark/dlio_benchmark/utils/statscounter.py:325]
[INFO] 2025-05-04T18:06:17.647132 Rank 0 step 210 processed 5 samples in 2.1141409873962402 s [/mnt/ioopt/appbench/apps/MLPerf-storage/dlio_benchmark/dlio_benchmark/utils/statscounter.py:325]
[INFO] 2025-05-04T18:06:17.977616 Rank 0 step 211 processed 5 samples in 0.3300294876098633 s [/mnt/ioopt/appbench/apps/MLPerf-storage/dlio_benchmark/dlio_benchmark/utils/statscounter.py:325]
[INFO] 2025-05-04T18:06:23.488396 Rank 0 step 212 processed 5 samples in 5.510331869125366 s [/mnt/ioopt/appbench/apps/MLPerf-storage/dlio_benchmark/dlio_benchmark/utils/statscounter.py:325]
[INFO] 2025-05-04T18:06:24.428137 Rank 0 step 213 processed 5 samples in 0.9392814636230469 s [/mnt/ioopt/appbench/apps/MLPerf-storage/dlio_benchmark/dlio_benchmark/utils/statscounter.py:325]
[INFO] 2025-05-04T18:06:24.757199 Rank 0 step 214 processed 5 samples in 0.3286144733428955 s [/mnt/ioopt/appbench/apps/MLPerf-storage/dlio_benchmark/dlio_benchmark/utils/statscounter.py:325]
[INFO] 2025-05-04T18:06:25.085984 Rank 0 step 215 processed 5 samples in 0.3283677101135254 s [/mnt/ioopt/appbench/apps/MLPerf-storage/dlio_benchmark/dlio_benchmark/utils/statscounter.py:325]
[INFO] 2025-05-04T18:06:26.268464 Rank 0 step 216 processed 5 samples in 1.1820549964904785 s [/mnt/ioopt/appbench/apps/MLPerf-storage/dlio_benchmark/dlio_benchmark/utils/statscounter.py:325]
[INFO] 2025-05-04T18:06:29.877355 Rank 0 step 217 processed 5 samples in 3.608433961868286 s [/mnt/ioopt/appbench/apps/MLPerf-storage/dlio_benchmark/dlio_benchmark/utils/statscounter.py:325]
[INFO] 2025-05-04T18:06:38.139018 Rank 0 step 218 processed 5 samples in 8.261131763458252 s [/mnt/ioopt/appbench/apps/MLPerf-storage/dlio_benchmark/dlio_benchmark/utils/statscounter.py:325]
[INFO] 2025-05-04T18:06:38.468270 Rank 0 step 219 processed 5 samples in 0.32865190505981445 s [/mnt/ioopt/appbench/apps/MLPerf-storage/dlio_benchmark/dlio_benchmark/utils/statscounter.py:325]
[INFO] 2025-05-04T18:06:42.295431 Rank 0 step 220 processed 5 samples in 3.8267273902893066 s [/mnt/ioopt/appbench/apps/MLPerf-storage/dlio_benchmark/dlio_benchmark/utils/statscounter.py:325]
[INFO] 2025-05-04T18:06:43.074651 Rank 0 step 221 processed 5 samples in 0.7787492275238037 s [/mnt/ioopt/appbench/apps/MLPerf-storage/dlio_benchmark/dlio_benchmark/utils/statscounter.py:325]
[INFO] 2025-05-04T18:06:43.403392 Rank 0 step 222 processed 5 samples in 0.3282637596130371 s [/mnt/ioopt/appbench/apps/MLPerf-storage/dlio_benchmark/dlio_benchmark/utils/statscounter.py:325]
[INFO] 2025-05-04T18:06:43.732393 Rank 0 step 223 processed 5 samples in 0.3285815715789795 s [/mnt/ioopt/appbench/apps/MLPerf-storage/dlio_benchmark/dlio_benchmark/utils/statscounter.py:325]
[INFO] 2025-05-04T18:06:44.061031 Rank 0 step 224 processed 5 samples in 0.32822370529174805 s [/mnt/ioopt/appbench/apps/MLPerf-storage/dlio_benchmark/dlio_benchmark/utils/statscounter.py:325]
[INFO] 2025-05-04T18:06:45.842902 Rank 0 step 225 processed 5 samples in 1.7814545631408691 s [/mnt/ioopt/appbench/apps/MLPerf-storage/dlio_benchmark/dlio_benchmark/utils/statscounter.py:325]
[INFO] 2025-05-04T18:07:00.271159 Rank 0 step 226 processed 5 samples in 14.427730321884155 s [/mnt/ioopt/appbench/apps/MLPerf-storage/dlio_benchmark/dlio_benchmark/utils/statscounter.py:325]
[INFO] 2025-05-04T18:07:00.599976 Rank 0 step 227 processed 5 samples in 0.3283352851867676 s [/mnt/ioopt/appbench/apps/MLPerf-storage/dlio_benchmark/dlio_benchmark/utils/statscounter.py:325]
[INFO] 2025-05-04T18:07:01.394653 Rank 0 step 228 processed 5 samples in 0.7942512035369873 s [/mnt/ioopt/appbench/apps/MLPerf-storage/dlio_benchmark/dlio_benchmark/utils/statscounter.py:325]
[INFO] 2025-05-04T18:07:01.723326 Rank 0 step 229 processed 5 samples in 0.32821154594421387 s [/mnt/ioopt/appbench/apps/MLPerf-storage/dlio_benchmark/dlio_benchmark/utils/statscounter.py:325]
[INFO] 2025-05-04T18:07:03.715330 Rank 0 step 230 processed 5 samples in 1.9915800094604492 s [/mnt/ioopt/appbench/apps/MLPerf-storage/dlio_benchmark/dlio_benchmark/utils/statscounter.py:325]
[INFO] 2025-05-04T18:07:04.044415 Rank 0 step 231 processed 5 samples in 0.32859277725219727 s [/mnt/ioopt/appbench/apps/MLPerf-storage/dlio_benchmark/dlio_benchmark/utils/statscounter.py:325]
[INFO] 2025-05-04T18:07:04.837742 Rank 0 step 232 processed 5 samples in 0.7928788661956787 s [/mnt/ioopt/appbench/apps/MLPerf-storage/dlio_benchmark/dlio_benchmark/utils/statscounter.py:325]
[INFO] 2025-05-04T18:07:06.175573 Rank 0 step 233 processed 5 samples in 1.337277889251709 s [/mnt/ioopt/appbench/apps/MLPerf-storage/dlio_benchmark/dlio_benchmark/utils/statscounter.py:325]
[INFO] 2025-05-04T18:07:17.542019 Rank 0 step 234 processed 5 samples in 11.366161346435547 s [/mnt/ioopt/appbench/apps/MLPerf-storage/dlio_benchmark/dlio_benchmark/utils/statscounter.py:325]
[INFO] 2025-05-04T18:07:17.871445 Rank 0 step 235 processed 5 samples in 0.3289618492126465 s [/mnt/ioopt/appbench/apps/MLPerf-storage/dlio_benchmark/dlio_benchmark/utils/statscounter.py:325]
[INFO] 2025-05-04T18:07:18.197538 Rank 0 step 236 processed 5 samples in 0.3257710933685303 s [/mnt/ioopt/appbench/apps/MLPerf-storage/dlio_benchmark/dlio_benchmark/utils/statscounter.py:325]
[INFO] 2025-05-04T18:07:20.636329 Rank 0 step 237 processed 5 samples in 2.438321590423584 s [/mnt/ioopt/appbench/apps/MLPerf-storage/dlio_benchmark/dlio_benchmark/utils/statscounter.py:325]
[INFO] 2025-05-04T18:07:21.510086 Rank 0 step 238 processed 5 samples in 0.8732638359069824 s [/mnt/ioopt/appbench/apps/MLPerf-storage/dlio_benchmark/dlio_benchmark/utils/statscounter.py:325]
[INFO] 2025-05-04T18:07:23.299324 Rank 0 step 239 processed 5 samples in 1.7888331413269043 s [/mnt/ioopt/appbench/apps/MLPerf-storage/dlio_benchmark/dlio_benchmark/utils/statscounter.py:325]
[INFO] 2025-05-04T18:07:25.971153 Rank 0 step 240 processed 5 samples in 2.6713624000549316 s [/mnt/ioopt/appbench/apps/MLPerf-storage/dlio_benchmark/dlio_benchmark/utils/statscounter.py:325]
[INFO] 2025-05-04T18:07:26.370455 Rank 0 step 241 processed 5 samples in 0.3988003730773926 s [/mnt/ioopt/appbench/apps/MLPerf-storage/dlio_benchmark/dlio_benchmark/utils/statscounter.py:325]
[INFO] 2025-05-04T18:07:39.939660 Rank 0 step 242 processed 5 samples in 13.568703413009644 s [/mnt/ioopt/appbench/apps/MLPerf-storage/dlio_benchmark/dlio_benchmark/utils/statscounter.py:325]
[INFO] 2025-05-04T18:07:40.514743 Rank 0 step 243 processed 5 samples in 0.5745937824249268 s [/mnt/ioopt/appbench/apps/MLPerf-storage/dlio_benchmark/dlio_benchmark/utils/statscounter.py:325]
[INFO] 2025-05-04T18:07:40.843833 Rank 0 step 244 processed 5 samples in 0.3286173343658447 s [/mnt/ioopt/appbench/apps/MLPerf-storage/dlio_benchmark/dlio_benchmark/utils/statscounter.py:325]
[INFO] 2025-05-04T18:07:41.172679 Rank 0 step 245 processed 5 samples in 0.32837629318237305 s [/mnt/ioopt/appbench/apps/MLPerf-storage/dlio_benchmark/dlio_benchmark/utils/statscounter.py:325]
[INFO] 2025-05-04T18:07:41.502987 Rank 0 step 246 processed 5 samples in 0.32985973358154297 s [/mnt/ioopt/appbench/apps/MLPerf-storage/dlio_benchmark/dlio_benchmark/utils/statscounter.py:325]
[INFO] 2025-05-04T18:07:41.831803 Rank 0 step 247 processed 5 samples in 0.3283402919769287 s [/mnt/ioopt/appbench/apps/MLPerf-storage/dlio_benchmark/dlio_benchmark/utils/statscounter.py:325]
[INFO] 2025-05-04T18:07:43.974181 Rank 0 step 248 processed 5 samples in 2.1419153213500977 s [/mnt/ioopt/appbench/apps/MLPerf-storage/dlio_benchmark/dlio_benchmark/utils/statscounter.py:325]
[INFO] 2025-05-04T18:07:44.305008 Rank 0 step 249 processed 5 samples in 0.33028531074523926 s [/mnt/ioopt/appbench/apps/MLPerf-storage/dlio_benchmark/dlio_benchmark/utils/statscounter.py:325]
[INFO] 2025-05-04T18:07:59.471435 Rank 0 step 250 processed 5 samples in 15.166074275970459 s [/mnt/ioopt/appbench/apps/MLPerf-storage/dlio_benchmark/dlio_benchmark/utils/statscounter.py:325]
[INFO] 2025-05-04T18:07:59.800286 Rank 0 step 251 processed 5 samples in 0.3282911777496338 s [/mnt/ioopt/appbench/apps/MLPerf-storage/dlio_benchmark/dlio_benchmark/utils/statscounter.py:325]
[INFO] 2025-05-04T18:08:00.129158 Rank 0 step 252 processed 5 samples in 0.3284642696380615 s [/mnt/ioopt/appbench/apps/MLPerf-storage/dlio_benchmark/dlio_benchmark/utils/statscounter.py:325]
[INFO] 2025-05-04T18:08:00.461627 Rank 0 step 253 processed 5 samples in 0.3321220874786377 s [/mnt/ioopt/appbench/apps/MLPerf-storage/dlio_benchmark/dlio_benchmark/utils/statscounter.py:325]
[INFO] 2025-05-04T18:08:00.796546 Rank 0 step 254 processed 5 samples in 0.33440065383911133 s [/mnt/ioopt/appbench/apps/MLPerf-storage/dlio_benchmark/dlio_benchmark/utils/statscounter.py:325]
[INFO] 2025-05-04T18:08:01.125761 Rank 0 step 255 processed 5 samples in 0.3287079334259033 s [/mnt/ioopt/appbench/apps/MLPerf-storage/dlio_benchmark/dlio_benchmark/utils/statscounter.py:325]
[INFO] 2025-05-04T18:08:01.461808 Rank 0 step 256 processed 5 samples in 0.33551836013793945 s [/mnt/ioopt/appbench/apps/MLPerf-storage/dlio_benchmark/dlio_benchmark/utils/statscounter.py:325]
[INFO] 2025-05-04T18:08:01.789314 Rank 0 step 257 processed 5 samples in 0.3269224166870117 s [/mnt/ioopt/appbench/apps/MLPerf-storage/dlio_benchmark/dlio_benchmark/utils/statscounter.py:325]
[INFO] 2025-05-04T18:08:16.237504 Rank 0 step 258 processed 5 samples in 14.447682857513428 s [/mnt/ioopt/appbench/apps/MLPerf-storage/dlio_benchmark/dlio_benchmark/utils/statscounter.py:325]
[INFO] 2025-05-04T18:08:16.566527 Rank 0 step 259 processed 5 samples in 0.32847118377685547 s [/mnt/ioopt/appbench/apps/MLPerf-storage/dlio_benchmark/dlio_benchmark/utils/statscounter.py:325]
[INFO] 2025-05-04T18:08:16.895386 Rank 0 step 260 processed 5 samples in 0.328385591506958 s [/mnt/ioopt/appbench/apps/MLPerf-storage/dlio_benchmark/dlio_benchmark/utils/statscounter.py:325]
[INFO] 2025-05-04T18:08:17.910757 Rank 0 step 261 processed 5 samples in 1.0148751735687256 s [/mnt/ioopt/appbench/apps/MLPerf-storage/dlio_benchmark/dlio_benchmark/utils/statscounter.py:325]
[INFO] 2025-05-04T18:08:18.240316 Rank 0 step 262 processed 5 samples in 0.3290226459503174 s [/mnt/ioopt/appbench/apps/MLPerf-storage/dlio_benchmark/dlio_benchmark/utils/statscounter.py:325]
[INFO] 2025-05-04T18:08:18.569486 Rank 0 step 263 processed 5 samples in 0.32869529724121094 s [/mnt/ioopt/appbench/apps/MLPerf-storage/dlio_benchmark/dlio_benchmark/utils/statscounter.py:325]
[INFO] 2025-05-04T18:08:20.008580 Rank 0 step 264 processed 5 samples in 1.4387507438659668 s [/mnt/ioopt/appbench/apps/MLPerf-storage/dlio_benchmark/dlio_benchmark/utils/statscounter.py:325]
[INFO] 2025-05-04T18:08:20.337479 Rank 0 step 265 processed 5 samples in 0.3283987045288086 s [/mnt/ioopt/appbench/apps/MLPerf-storage/dlio_benchmark/dlio_benchmark/utils/statscounter.py:325]
[INFO] 2025-05-04T18:08:30.014675 Rank 0 step 266 processed 5 samples in 9.67685055732727 s [/mnt/ioopt/appbench/apps/MLPerf-storage/dlio_benchmark/dlio_benchmark/utils/statscounter.py:325]
[INFO] 2025-05-04T18:08:30.343756 Rank 0 step 267 processed 5 samples in 0.3285555839538574 s [/mnt/ioopt/appbench/apps/MLPerf-storage/dlio_benchmark/dlio_benchmark/utils/statscounter.py:325]
[INFO] 2025-05-04T18:08:31.766507 Rank 0 step 268 processed 5 samples in 1.422290563583374 s [/mnt/ioopt/appbench/apps/MLPerf-storage/dlio_benchmark/dlio_benchmark/utils/statscounter.py:325]
[INFO] 2025-05-04T18:08:38.614013 Rank 0 step 269 processed 5 samples in 6.847049713134766 s [/mnt/ioopt/appbench/apps/MLPerf-storage/dlio_benchmark/dlio_benchmark/utils/statscounter.py:325]
[INFO] 2025-05-04T18:08:38.942626 Rank 0 step 270 processed 5 samples in 0.32813572883605957 s [/mnt/ioopt/appbench/apps/MLPerf-storage/dlio_benchmark/dlio_benchmark/utils/statscounter.py:325]
[INFO] 2025-05-04T18:08:39.271477 Rank 0 step 271 processed 5 samples in 0.32836461067199707 s [/mnt/ioopt/appbench/apps/MLPerf-storage/dlio_benchmark/dlio_benchmark/utils/statscounter.py:325]
[INFO] 2025-05-04T18:08:39.602398 Rank 0 step 272 processed 5 samples in 0.33043718338012695 s [/mnt/ioopt/appbench/apps/MLPerf-storage/dlio_benchmark/dlio_benchmark/utils/statscounter.py:325]
[INFO] 2025-05-04T18:08:39.931574 Rank 0 step 273 processed 5 samples in 0.3286397457122803 s [/mnt/ioopt/appbench/apps/MLPerf-storage/dlio_benchmark/dlio_benchmark/utils/statscounter.py:325]
[INFO] 2025-05-04T18:08:48.239548 Rank 0 step 274 processed 5 samples in 8.307462692260742 s [/mnt/ioopt/appbench/apps/MLPerf-storage/dlio_benchmark/dlio_benchmark/utils/statscounter.py:325]
[INFO] 2025-05-04T18:08:48.568323 Rank 0 step 275 processed 5 samples in 0.32827329635620117 s [/mnt/ioopt/appbench/apps/MLPerf-storage/dlio_benchmark/dlio_benchmark/utils/statscounter.py:325]
[INFO] 2025-05-04T18:08:48.897315 Rank 0 step 276 processed 5 samples in 0.32852911949157715 s [/mnt/ioopt/appbench/apps/MLPerf-storage/dlio_benchmark/dlio_benchmark/utils/statscounter.py:325]
[INFO] 2025-05-04T18:08:54.246452 Rank 0 step 277 processed 5 samples in 5.348680257797241 s [/mnt/ioopt/appbench/apps/MLPerf-storage/dlio_benchmark/dlio_benchmark/utils/statscounter.py:325]
[INFO] 2025-05-04T18:08:55.440161 Rank 0 step 278 processed 5 samples in 1.1931726932525635 s [/mnt/ioopt/appbench/apps/MLPerf-storage/dlio_benchmark/dlio_benchmark/utils/statscounter.py:325]
[INFO] 2025-05-04T18:08:55.766382 Rank 0 step 279 processed 5 samples in 0.3257157802581787 s [/mnt/ioopt/appbench/apps/MLPerf-storage/dlio_benchmark/dlio_benchmark/utils/statscounter.py:325]
[INFO] 2025-05-04T18:08:57.835287 Rank 0 step 280 processed 5 samples in 2.0684125423431396 s [/mnt/ioopt/appbench/apps/MLPerf-storage/dlio_benchmark/dlio_benchmark/utils/statscounter.py:325]
[INFO] 2025-05-04T18:09:01.635054 Rank 0 step 281 processed 5 samples in 3.799234390258789 s [/mnt/ioopt/appbench/apps/MLPerf-storage/dlio_benchmark/dlio_benchmark/utils/statscounter.py:325]
[INFO] 2025-05-04T18:09:07.258006 Rank 0 step 282 processed 5 samples in 5.622424602508545 s [/mnt/ioopt/appbench/apps/MLPerf-storage/dlio_benchmark/dlio_benchmark/utils/statscounter.py:325]
[INFO] 2025-05-04T18:09:07.586898 Rank 0 step 283 processed 5 samples in 0.32837390899658203 s [/mnt/ioopt/appbench/apps/MLPerf-storage/dlio_benchmark/dlio_benchmark/utils/statscounter.py:325]
[INFO] 2025-05-04T18:09:07.916168 Rank 0 step 284 processed 5 samples in 0.3287670612335205 s [/mnt/ioopt/appbench/apps/MLPerf-storage/dlio_benchmark/dlio_benchmark/utils/statscounter.py:325]
[INFO] 2025-05-04T18:09:08.397390 Rank 0 step 285 processed 5 samples in 0.48075413703918457 s [/mnt/ioopt/appbench/apps/MLPerf-storage/dlio_benchmark/dlio_benchmark/utils/statscounter.py:325]
[INFO] 2025-05-04T18:09:10.062862 Rank 0 step 286 processed 5 samples in 1.6649558544158936 s [/mnt/ioopt/appbench/apps/MLPerf-storage/dlio_benchmark/dlio_benchmark/utils/statscounter.py:325]
[INFO] 2025-05-04T18:09:14.352475 Rank 0 step 287 processed 5 samples in 4.289110422134399 s [/mnt/ioopt/appbench/apps/MLPerf-storage/dlio_benchmark/dlio_benchmark/utils/statscounter.py:325]
[INFO] 2025-05-04T18:09:15.839500 Rank 0 step 288 processed 5 samples in 1.4867005348205566 s [/mnt/ioopt/appbench/apps/MLPerf-storage/dlio_benchmark/dlio_benchmark/utils/statscounter.py:325]
[INFO] 2025-05-04T18:09:22.517988 Rank 0 step 289 processed 5 samples in 6.677978038787842 s [/mnt/ioopt/appbench/apps/MLPerf-storage/dlio_benchmark/dlio_benchmark/utils/statscounter.py:325]
[INFO] 2025-05-04T18:09:25.497828 Rank 0 step 290 processed 5 samples in 2.9793248176574707 s [/mnt/ioopt/appbench/apps/MLPerf-storage/dlio_benchmark/dlio_benchmark/utils/statscounter.py:325]
[INFO] 2025-05-04T18:09:27.500088 Rank 0 step 291 processed 5 samples in 2.001760244369507 s [/mnt/ioopt/appbench/apps/MLPerf-storage/dlio_benchmark/dlio_benchmark/utils/statscounter.py:325]
[INFO] 2025-05-04T18:09:27.829161 Rank 0 step 292 processed 5 samples in 0.32860422134399414 s [/mnt/ioopt/appbench/apps/MLPerf-storage/dlio_benchmark/dlio_benchmark/utils/statscounter.py:325]
[INFO] 2025-05-04T18:09:28.160837 Rank 0 step 293 processed 5 samples in 0.33120155334472656 s [/mnt/ioopt/appbench/apps/MLPerf-storage/dlio_benchmark/dlio_benchmark/utils/statscounter.py:325]
[INFO] 2025-05-04T18:09:28.489941 Rank 0 step 294 processed 5 samples in 0.3286261558532715 s [/mnt/ioopt/appbench/apps/MLPerf-storage/dlio_benchmark/dlio_benchmark/utils/statscounter.py:325]
[INFO] 2025-05-04T18:09:30.692901 Rank 0 step 295 processed 5 samples in 2.2025372982025146 s [/mnt/ioopt/appbench/apps/MLPerf-storage/dlio_benchmark/dlio_benchmark/utils/statscounter.py:325]
[INFO] 2025-05-04T18:09:33.320795 Rank 0 step 296 processed 5 samples in 2.627277374267578 s [/mnt/ioopt/appbench/apps/MLPerf-storage/dlio_benchmark/dlio_benchmark/utils/statscounter.py:325]
[INFO] 2025-05-04T18:09:37.243186 Rank 0 step 297 processed 5 samples in 3.9218549728393555 s [/mnt/ioopt/appbench/apps/MLPerf-storage/dlio_benchmark/dlio_benchmark/utils/statscounter.py:325]
[INFO] 2025-05-04T18:09:41.827271 Rank 0 step 298 processed 5 samples in 4.583575963973999 s [/mnt/ioopt/appbench/apps/MLPerf-storage/dlio_benchmark/dlio_benchmark/utils/statscounter.py:325]
[INFO] 2025-05-04T18:09:43.803716 Rank 0 step 299 processed 5 samples in 1.9759385585784912 s [/mnt/ioopt/appbench/apps/MLPerf-storage/dlio_benchmark/dlio_benchmark/utils/statscounter.py:325]
[INFO] 2025-05-04T18:09:47.668726 Rank 0 step 300 processed 5 samples in 3.864534616470337 s [/mnt/ioopt/appbench/apps/MLPerf-storage/dlio_benchmark/dlio_benchmark/utils/statscounter.py:325]
[INFO] 2025-05-04T18:09:47.997694 Rank 0 step 301 processed 5 samples in 0.3284893035888672 s [/mnt/ioopt/appbench/apps/MLPerf-storage/dlio_benchmark/dlio_benchmark/utils/statscounter.py:325]
[INFO] 2025-05-04T18:09:49.425639 Rank 0 step 302 processed 5 samples in 1.4274487495422363 s [/mnt/ioopt/appbench/apps/MLPerf-storage/dlio_benchmark/dlio_benchmark/utils/statscounter.py:325]
[INFO] 2025-05-04T18:09:49.754271 Rank 0 step 303 processed 5 samples in 0.3281526565551758 s [/mnt/ioopt/appbench/apps/MLPerf-storage/dlio_benchmark/dlio_benchmark/utils/statscounter.py:325]
[INFO] 2025-05-04T18:09:50.083012 Rank 0 step 304 processed 5 samples in 0.32829904556274414 s [/mnt/ioopt/appbench/apps/MLPerf-storage/dlio_benchmark/dlio_benchmark/utils/statscounter.py:325]
[INFO] 2025-05-04T18:09:53.544058 Rank 0 step 305 processed 5 samples in 3.4605801105499268 s [/mnt/ioopt/appbench/apps/MLPerf-storage/dlio_benchmark/dlio_benchmark/utils/statscounter.py:325]
[INFO] 2025-05-04T18:09:59.327577 Rank 0 step 306 processed 5 samples in 5.783008813858032 s [/mnt/ioopt/appbench/apps/MLPerf-storage/dlio_benchmark/dlio_benchmark/utils/statscounter.py:325]
[INFO] 2025-05-04T18:10:02.138579 Rank 0 step 307 processed 5 samples in 2.8107340335845947 s [/mnt/ioopt/appbench/apps/MLPerf-storage/dlio_benchmark/dlio_benchmark/utils/statscounter.py:325]
[INFO] 2025-05-04T18:10:05.595621 Rank 0 step 308 processed 5 samples in 3.45672869682312 s [/mnt/ioopt/appbench/apps/MLPerf-storage/dlio_benchmark/dlio_benchmark/utils/statscounter.py:325]
[INFO] 2025-05-04T18:10:05.925062 Rank 0 step 309 processed 5 samples in 0.3284125328063965 s [/mnt/ioopt/appbench/apps/MLPerf-storage/dlio_benchmark/dlio_benchmark/utils/statscounter.py:325]
[INFO] 2025-05-04T18:10:08.377914 Rank 0 step 310 processed 5 samples in 2.452542304992676 s [/mnt/ioopt/appbench/apps/MLPerf-storage/dlio_benchmark/dlio_benchmark/utils/statscounter.py:325]
[INFO] 2025-05-04T18:10:08.706674 Rank 0 step 311 processed 5 samples in 0.32830286026000977 s [/mnt/ioopt/appbench/apps/MLPerf-storage/dlio_benchmark/dlio_benchmark/utils/statscounter.py:325]
[INFO] 2025-05-04T18:10:09.035904 Rank 0 step 312 processed 5 samples in 0.32875776290893555 s [/mnt/ioopt/appbench/apps/MLPerf-storage/dlio_benchmark/dlio_benchmark/utils/statscounter.py:325]
[INFO] 2025-05-04T18:10:09.832888 Rank 0 step 313 processed 5 samples in 0.7965648174285889 s [/mnt/ioopt/appbench/apps/MLPerf-storage/dlio_benchmark/dlio_benchmark/utils/statscounter.py:325]
[INFO] 2025-05-04T18:10:17.173931 Rank 0 step 314 processed 5 samples in 7.340772867202759 s [/mnt/ioopt/appbench/apps/MLPerf-storage/dlio_benchmark/dlio_benchmark/utils/statscounter.py:325]
[INFO] 2025-05-04T18:10:19.825425 Rank 0 step 315 processed 5 samples in 2.6512229442596436 s [/mnt/ioopt/appbench/apps/MLPerf-storage/dlio_benchmark/dlio_benchmark/utils/statscounter.py:325]
[INFO] 2025-05-04T18:10:26.648385 Rank 0 step 316 processed 5 samples in 6.822471618652344 s [/mnt/ioopt/appbench/apps/MLPerf-storage/dlio_benchmark/dlio_benchmark/utils/statscounter.py:325]
[INFO] 2025-05-04T18:10:28.166329 Rank 0 step 317 processed 5 samples in 1.517474889755249 s [/mnt/ioopt/appbench/apps/MLPerf-storage/dlio_benchmark/dlio_benchmark/utils/statscounter.py:325]
[INFO] 2025-05-04T18:10:28.492270 Rank 0 step 318 processed 5 samples in 0.3256070613861084 s [/mnt/ioopt/appbench/apps/MLPerf-storage/dlio_benchmark/dlio_benchmark/utils/statscounter.py:325]
[INFO] 2025-05-04T18:10:28.818176 Rank 0 step 319 processed 5 samples in 0.32555484771728516 s [/mnt/ioopt/appbench/apps/MLPerf-storage/dlio_benchmark/dlio_benchmark/utils/statscounter.py:325]
[INFO] 2025-05-04T18:10:29.144024 Rank 0 step 320 processed 5 samples in 0.3254828453063965 s [/mnt/ioopt/appbench/apps/MLPerf-storage/dlio_benchmark/dlio_benchmark/utils/statscounter.py:325]
[INFO] 2025-05-04T18:10:29.969265 Rank 0 step 321 processed 5 samples in 0.8247501850128174 s [/mnt/ioopt/appbench/apps/MLPerf-storage/dlio_benchmark/dlio_benchmark/utils/statscounter.py:325]
[INFO] 2025-05-04T18:10:31.760903 Rank 0 step 322 processed 5 samples in 1.7911109924316406 s [/mnt/ioopt/appbench/apps/MLPerf-storage/dlio_benchmark/dlio_benchmark/utils/statscounter.py:325]
[INFO] 2025-05-04T18:10:41.681033 Rank 0 step 323 processed 5 samples in 9.919612407684326 s [/mnt/ioopt/appbench/apps/MLPerf-storage/dlio_benchmark/dlio_benchmark/utils/statscounter.py:325]
[INFO] 2025-05-04T18:10:42.010079 Rank 0 step 324 processed 5 samples in 0.32857346534729004 s [/mnt/ioopt/appbench/apps/MLPerf-storage/dlio_benchmark/dlio_benchmark/utils/statscounter.py:325]
[INFO] 2025-05-04T18:10:45.906987 Rank 0 step 325 processed 5 samples in 3.8964340686798096 s [/mnt/ioopt/appbench/apps/MLPerf-storage/dlio_benchmark/dlio_benchmark/utils/statscounter.py:325]
[INFO] 2025-05-04T18:10:46.234365 Rank 0 step 326 processed 5 samples in 0.326793909072876 s [/mnt/ioopt/appbench/apps/MLPerf-storage/dlio_benchmark/dlio_benchmark/utils/statscounter.py:325]
[INFO] 2025-05-04T18:10:46.882869 Rank 0 step 327 processed 5 samples in 0.6479578018188477 s [/mnt/ioopt/appbench/apps/MLPerf-storage/dlio_benchmark/dlio_benchmark/utils/statscounter.py:325]
[INFO] 2025-05-04T18:10:47.209406 Rank 0 step 328 processed 5 samples in 0.3261759281158447 s [/mnt/ioopt/appbench/apps/MLPerf-storage/dlio_benchmark/dlio_benchmark/utils/statscounter.py:325]
[INFO] 2025-05-04T18:10:50.943602 Rank 0 step 329 processed 5 samples in 3.733734130859375 s [/mnt/ioopt/appbench/apps/MLPerf-storage/dlio_benchmark/dlio_benchmark/utils/statscounter.py:325]
[INFO] 2025-05-04T18:10:51.270098 Rank 0 step 330 processed 5 samples in 0.3260936737060547 s [/mnt/ioopt/appbench/apps/MLPerf-storage/dlio_benchmark/dlio_benchmark/utils/statscounter.py:325]
[INFO] 2025-05-04T18:10:56.544937 Rank 0 step 331 processed 5 samples in 5.274224758148193 s [/mnt/ioopt/appbench/apps/MLPerf-storage/dlio_benchmark/dlio_benchmark/utils/statscounter.py:325]
[INFO] 2025-05-04T18:11:00.033853 Rank 0 step 332 processed 5 samples in 3.488422393798828 s [/mnt/ioopt/appbench/apps/MLPerf-storage/dlio_benchmark/dlio_benchmark/utils/statscounter.py:325]
[INFO] 2025-05-04T18:11:01.440159 Rank 0 step 333 processed 5 samples in 1.4058363437652588 s [/mnt/ioopt/appbench/apps/MLPerf-storage/dlio_benchmark/dlio_benchmark/utils/statscounter.py:325]
[INFO] 2025-05-04T18:11:02.585265 Rank 0 step 334 processed 5 samples in 1.1447079181671143 s [/mnt/ioopt/appbench/apps/MLPerf-storage/dlio_benchmark/dlio_benchmark/utils/statscounter.py:325]
[INFO] 2025-05-04T18:11:06.738800 Rank 0 step 335 processed 5 samples in 4.153073787689209 s [/mnt/ioopt/appbench/apps/MLPerf-storage/dlio_benchmark/dlio_benchmark/utils/statscounter.py:325]
[INFO] 2025-05-04T18:11:10.688619 Rank 0 step 336 processed 5 samples in 3.9493203163146973 s [/mnt/ioopt/appbench/apps/MLPerf-storage/dlio_benchmark/dlio_benchmark/utils/statscounter.py:325]
[INFO] 2025-05-04T18:11:11.688233 Rank 0 step 337 processed 5 samples in 0.9990842342376709 s [/mnt/ioopt/appbench/apps/MLPerf-storage/dlio_benchmark/dlio_benchmark/utils/statscounter.py:325]
[INFO] 2025-05-04T18:11:12.014783 Rank 0 step 338 processed 5 samples in 0.3260228633880615 s [/mnt/ioopt/appbench/apps/MLPerf-storage/dlio_benchmark/dlio_benchmark/utils/statscounter.py:325]
[INFO] 2025-05-04T18:11:12.737008 Rank 0 step 339 processed 5 samples in 0.7217376232147217 s [/mnt/ioopt/appbench/apps/MLPerf-storage/dlio_benchmark/dlio_benchmark/utils/statscounter.py:325]
[INFO] 2025-05-04T18:11:18.884027 Rank 0 step 340 processed 5 samples in 6.146530628204346 s [/mnt/ioopt/appbench/apps/MLPerf-storage/dlio_benchmark/dlio_benchmark/utils/statscounter.py:325]
[INFO] 2025-05-04T18:11:19.213139 Rank 0 step 341 processed 5 samples in 0.32860374450683594 s [/mnt/ioopt/appbench/apps/MLPerf-storage/dlio_benchmark/dlio_benchmark/utils/statscounter.py:325]
[INFO] 2025-05-04T18:11:21.276941 Rank 0 step 342 processed 5 samples in 2.0633206367492676 s [/mnt/ioopt/appbench/apps/MLPerf-storage/dlio_benchmark/dlio_benchmark/utils/statscounter.py:325]
[INFO] 2025-05-04T18:11:21.605724 Rank 0 step 343 processed 5 samples in 0.3282895088195801 s [/mnt/ioopt/appbench/apps/MLPerf-storage/dlio_benchmark/dlio_benchmark/utils/statscounter.py:325]
[INFO] 2025-05-04T18:11:25.785318 Rank 0 step 344 processed 5 samples in 4.179131269454956 s [/mnt/ioopt/appbench/apps/MLPerf-storage/dlio_benchmark/dlio_benchmark/utils/statscounter.py:325]
[INFO] 2025-05-04T18:11:30.318403 Rank 0 step 345 processed 5 samples in 4.53234076499939 s [/mnt/ioopt/appbench/apps/MLPerf-storage/dlio_benchmark/dlio_benchmark/utils/statscounter.py:325]
[INFO] 2025-05-04T18:11:33.206961 Rank 0 step 346 processed 5 samples in 2.88814115524292 s [/mnt/ioopt/appbench/apps/MLPerf-storage/dlio_benchmark/dlio_benchmark/utils/statscounter.py:325]
[INFO] 2025-05-04T18:11:33.535851 Rank 0 step 347 processed 5 samples in 0.3283874988555908 s [/mnt/ioopt/appbench/apps/MLPerf-storage/dlio_benchmark/dlio_benchmark/utils/statscounter.py:325]
[INFO] 2025-05-04T18:11:33.864787 Rank 0 step 348 processed 5 samples in 0.32851266860961914 s [/mnt/ioopt/appbench/apps/MLPerf-storage/dlio_benchmark/dlio_benchmark/utils/statscounter.py:325]
[INFO] 2025-05-04T18:11:38.643252 Rank 0 step 349 processed 5 samples in 4.778029441833496 s [/mnt/ioopt/appbench/apps/MLPerf-storage/dlio_benchmark/dlio_benchmark/utils/statscounter.py:325]
[INFO] 2025-05-04T18:11:38.972135 Rank 0 step 350 processed 5 samples in 0.3283958435058594 s [/mnt/ioopt/appbench/apps/MLPerf-storage/dlio_benchmark/dlio_benchmark/utils/statscounter.py:325]
[INFO] 2025-05-04T18:11:39.301293 Rank 0 step 351 processed 5 samples in 0.32868194580078125 s [/mnt/ioopt/appbench/apps/MLPerf-storage/dlio_benchmark/dlio_benchmark/utils/statscounter.py:325]
[INFO] 2025-05-04T18:11:39.633086 Rank 0 step 352 processed 5 samples in 0.33130669593811035 s [/mnt/ioopt/appbench/apps/MLPerf-storage/dlio_benchmark/dlio_benchmark/utils/statscounter.py:325]
[INFO] 2025-05-04T18:11:50.177901 Rank 0 step 353 processed 5 samples in 10.54424238204956 s [/mnt/ioopt/appbench/apps/MLPerf-storage/dlio_benchmark/dlio_benchmark/utils/statscounter.py:325]
[INFO] 2025-05-04T18:11:52.873818 Rank 0 step 354 processed 5 samples in 2.695384979248047 s [/mnt/ioopt/appbench/apps/MLPerf-storage/dlio_benchmark/dlio_benchmark/utils/statscounter.py:325]
[INFO] 2025-05-04T18:11:53.205404 Rank 0 step 355 processed 5 samples in 0.3311135768890381 s [/mnt/ioopt/appbench/apps/MLPerf-storage/dlio_benchmark/dlio_benchmark/utils/statscounter.py:325]
[INFO] 2025-05-04T18:11:53.534296 Rank 0 step 356 processed 5 samples in 0.32840657234191895 s [/mnt/ioopt/appbench/apps/MLPerf-storage/dlio_benchmark/dlio_benchmark/utils/statscounter.py:325]
[INFO] 2025-05-04T18:11:53.863958 Rank 0 step 357 processed 5 samples in 0.32920074462890625 s [/mnt/ioopt/appbench/apps/MLPerf-storage/dlio_benchmark/dlio_benchmark/utils/statscounter.py:325]
[INFO] 2025-05-04T18:11:56.390982 Rank 0 step 358 processed 5 samples in 2.5264759063720703 s [/mnt/ioopt/appbench/apps/MLPerf-storage/dlio_benchmark/dlio_benchmark/utils/statscounter.py:325]
[INFO] 2025-05-04T18:11:58.190892 Rank 0 step 359 processed 5 samples in 1.7993543148040771 s [/mnt/ioopt/appbench/apps/MLPerf-storage/dlio_benchmark/dlio_benchmark/utils/statscounter.py:325]
[INFO] 2025-05-04T18:11:58.522066 Rank 0 step 360 processed 5 samples in 0.33066391944885254 s [/mnt/ioopt/appbench/apps/MLPerf-storage/dlio_benchmark/dlio_benchmark/utils/statscounter.py:325]
[INFO] 2025-05-04T18:12:07.024462 Rank 0 step 361 processed 5 samples in 8.501977443695068 s [/mnt/ioopt/appbench/apps/MLPerf-storage/dlio_benchmark/dlio_benchmark/utils/statscounter.py:325]
[INFO] 2025-05-04T18:12:09.056440 Rank 0 step 362 processed 5 samples in 2.0314557552337646 s [/mnt/ioopt/appbench/apps/MLPerf-storage/dlio_benchmark/dlio_benchmark/utils/statscounter.py:325]
[INFO] 2025-05-04T18:12:09.385220 Rank 0 step 363 processed 5 samples in 0.32829737663269043 s [/mnt/ioopt/appbench/apps/MLPerf-storage/dlio_benchmark/dlio_benchmark/utils/statscounter.py:325]
[INFO] 2025-05-04T18:12:10.021370 Rank 0 step 364 processed 5 samples in 0.6357114315032959 s [/mnt/ioopt/appbench/apps/MLPerf-storage/dlio_benchmark/dlio_benchmark/utils/statscounter.py:325]
[INFO] 2025-05-04T18:12:11.845880 Rank 0 step 365 processed 5 samples in 1.824056625366211 s [/mnt/ioopt/appbench/apps/MLPerf-storage/dlio_benchmark/dlio_benchmark/utils/statscounter.py:325]
[INFO] 2025-05-04T18:12:16.132624 Rank 0 step 366 processed 5 samples in 4.286227703094482 s [/mnt/ioopt/appbench/apps/MLPerf-storage/dlio_benchmark/dlio_benchmark/utils/statscounter.py:325]
[INFO] 2025-05-04T18:12:16.461394 Rank 0 step 367 processed 5 samples in 0.3282930850982666 s [/mnt/ioopt/appbench/apps/MLPerf-storage/dlio_benchmark/dlio_benchmark/utils/statscounter.py:325]
[INFO] 2025-05-04T18:12:16.790345 Rank 0 step 368 processed 5 samples in 0.32853126525878906 s [/mnt/ioopt/appbench/apps/MLPerf-storage/dlio_benchmark/dlio_benchmark/utils/statscounter.py:325]
[INFO] 2025-05-04T18:12:26.994574 Rank 0 step 369 processed 5 samples in 10.203805923461914 s [/mnt/ioopt/appbench/apps/MLPerf-storage/dlio_benchmark/dlio_benchmark/utils/statscounter.py:325]
[INFO] 2025-05-04T18:12:30.393192 Rank 0 step 370 processed 5 samples in 3.3980822563171387 s [/mnt/ioopt/appbench/apps/MLPerf-storage/dlio_benchmark/dlio_benchmark/utils/statscounter.py:325]
[INFO] 2025-05-04T18:12:30.722113 Rank 0 step 371 processed 5 samples in 0.328446626663208 s [/mnt/ioopt/appbench/apps/MLPerf-storage/dlio_benchmark/dlio_benchmark/utils/statscounter.py:325]
[INFO] 2025-05-04T18:12:31.051286 Rank 0 step 372 processed 5 samples in 0.32871484756469727 s [/mnt/ioopt/appbench/apps/MLPerf-storage/dlio_benchmark/dlio_benchmark/utils/statscounter.py:325]
[INFO] 2025-05-04T18:12:31.380140 Rank 0 step 373 processed 5 samples in 0.328397274017334 s [/mnt/ioopt/appbench/apps/MLPerf-storage/dlio_benchmark/dlio_benchmark/utils/statscounter.py:325]
[INFO] 2025-05-04T18:12:31.714992 Rank 0 step 374 processed 5 samples in 0.33438682556152344 s [/mnt/ioopt/appbench/apps/MLPerf-storage/dlio_benchmark/dlio_benchmark/utils/statscounter.py:325]
[INFO] 2025-05-04T18:12:32.045242 Rank 0 step 375 processed 5 samples in 0.32950687408447266 s [/mnt/ioopt/appbench/apps/MLPerf-storage/dlio_benchmark/dlio_benchmark/utils/statscounter.py:325]
[INFO] 2025-05-04T18:12:35.227993 Rank 0 step 376 processed 5 samples in 3.1823041439056396 s [/mnt/ioopt/appbench/apps/MLPerf-storage/dlio_benchmark/dlio_benchmark/utils/statscounter.py:325]
[INFO] 2025-05-04T18:12:47.052014 Rank 0 step 377 processed 5 samples in 11.823425769805908 s [/mnt/ioopt/appbench/apps/MLPerf-storage/dlio_benchmark/dlio_benchmark/utils/statscounter.py:325]
[INFO] 2025-05-04T18:12:47.383001 Rank 0 step 378 processed 5 samples in 0.3304738998413086 s [/mnt/ioopt/appbench/apps/MLPerf-storage/dlio_benchmark/dlio_benchmark/utils/statscounter.py:325]
[INFO] 2025-05-04T18:12:47.711746 Rank 0 step 379 processed 5 samples in 0.3282437324523926 s [/mnt/ioopt/appbench/apps/MLPerf-storage/dlio_benchmark/dlio_benchmark/utils/statscounter.py:325]
[INFO] 2025-05-04T18:12:49.043758 Rank 0 step 380 processed 5 samples in 1.3315277099609375 s [/mnt/ioopt/appbench/apps/MLPerf-storage/dlio_benchmark/dlio_benchmark/utils/statscounter.py:325]
[INFO] 2025-05-04T18:12:49.372287 Rank 0 step 381 processed 5 samples in 0.3280513286590576 s [/mnt/ioopt/appbench/apps/MLPerf-storage/dlio_benchmark/dlio_benchmark/utils/statscounter.py:325]
[INFO] 2025-05-04T18:12:49.701149 Rank 0 step 382 processed 5 samples in 0.3283965587615967 s [/mnt/ioopt/appbench/apps/MLPerf-storage/dlio_benchmark/dlio_benchmark/utils/statscounter.py:325]
[INFO] 2025-05-04T18:12:50.030123 Rank 0 step 383 processed 5 samples in 0.3285489082336426 s [/mnt/ioopt/appbench/apps/MLPerf-storage/dlio_benchmark/dlio_benchmark/utils/statscounter.py:325]
[INFO] 2025-05-04T18:12:50.360795 Rank 0 step 384 processed 5 samples in 0.3302443027496338 s [/mnt/ioopt/appbench/apps/MLPerf-storage/dlio_benchmark/dlio_benchmark/utils/statscounter.py:325]
[INFO] 2025-05-04T18:13:04.996247 Rank 0 step 385 processed 5 samples in 14.634912014007568 s [/mnt/ioopt/appbench/apps/MLPerf-storage/dlio_benchmark/dlio_benchmark/utils/statscounter.py:325]
[INFO] 2025-05-04T18:13:05.325494 Rank 0 step 386 processed 5 samples in 0.328732967376709 s [/mnt/ioopt/appbench/apps/MLPerf-storage/dlio_benchmark/dlio_benchmark/utils/statscounter.py:325]
[INFO] 2025-05-04T18:13:05.656477 Rank 0 step 387 processed 5 samples in 0.33037853240966797 s [/mnt/ioopt/appbench/apps/MLPerf-storage/dlio_benchmark/dlio_benchmark/utils/statscounter.py:325]
[INFO] 2025-05-04T18:13:05.983234 Rank 0 step 388 processed 5 samples in 0.326326847076416 s [/mnt/ioopt/appbench/apps/MLPerf-storage/dlio_benchmark/dlio_benchmark/utils/statscounter.py:325]
[INFO] 2025-05-04T18:13:06.312353 Rank 0 step 389 processed 5 samples in 0.32864904403686523 s [/mnt/ioopt/appbench/apps/MLPerf-storage/dlio_benchmark/dlio_benchmark/utils/statscounter.py:325]
[INFO] 2025-05-04T18:13:06.640639 Rank 0 step 390 processed 5 samples in 0.32779502868652344 s [/mnt/ioopt/appbench/apps/MLPerf-storage/dlio_benchmark/dlio_benchmark/utils/statscounter.py:325]
[INFO] 2025-05-04T18:13:07.947201 Rank 0 step 391 processed 5 samples in 1.306075096130371 s [/mnt/ioopt/appbench/apps/MLPerf-storage/dlio_benchmark/dlio_benchmark/utils/statscounter.py:325]
[INFO] 2025-05-04T18:13:08.361056 Rank 0 step 392 processed 5 samples in 0.4133479595184326 s [/mnt/ioopt/appbench/apps/MLPerf-storage/dlio_benchmark/dlio_benchmark/utils/statscounter.py:325]
[INFO] 2025-05-04T18:13:21.912055 Rank 0 step 393 processed 5 samples in 13.550578594207764 s [/mnt/ioopt/appbench/apps/MLPerf-storage/dlio_benchmark/dlio_benchmark/utils/statscounter.py:325]
[INFO] 2025-05-04T18:13:22.243204 Rank 0 step 394 processed 5 samples in 0.33062291145324707 s [/mnt/ioopt/appbench/apps/MLPerf-storage/dlio_benchmark/dlio_benchmark/utils/statscounter.py:325]
[INFO] 2025-05-04T18:13:23.635329 Rank 0 step 395 processed 5 samples in 1.3916540145874023 s [/mnt/ioopt/appbench/apps/MLPerf-storage/dlio_benchmark/dlio_benchmark/utils/statscounter.py:325]
[INFO] 2025-05-04T18:13:23.964164 Rank 0 step 396 processed 5 samples in 0.3284144401550293 s [/mnt/ioopt/appbench/apps/MLPerf-storage/dlio_benchmark/dlio_benchmark/utils/statscounter.py:325]
[INFO] 2025-05-04T18:13:24.292558 Rank 0 step 397 processed 5 samples in 0.3280367851257324 s [/mnt/ioopt/appbench/apps/MLPerf-storage/dlio_benchmark/dlio_benchmark/utils/statscounter.py:325]
[INFO] 2025-05-04T18:13:24.622743 Rank 0 step 398 processed 5 samples in 0.3298158645629883 s [/mnt/ioopt/appbench/apps/MLPerf-storage/dlio_benchmark/dlio_benchmark/utils/statscounter.py:325]
[INFO] 2025-05-04T18:13:24.951562 Rank 0 step 399 processed 5 samples in 0.32840895652770996 s [/mnt/ioopt/appbench/apps/MLPerf-storage/dlio_benchmark/dlio_benchmark/utils/statscounter.py:325]
[INFO] 2025-05-04T18:13:25.282268 Rank 0 step 400 processed 5 samples in 0.3302421569824219 s [/mnt/ioopt/appbench/apps/MLPerf-storage/dlio_benchmark/dlio_benchmark/utils/statscounter.py:325]
[INFO] 2025-05-04T18:13:25.282654 Maximum number of steps reached [/mnt/ioopt/appbench/apps/MLPerf-storage/dlio_benchmark/dlio_benchmark/main.py:293]
[INFO] 2025-05-04T18:13:25.285523 Ending block 1 - 400 steps completed in 931.44 s [/mnt/ioopt/appbench/apps/MLPerf-storage/dlio_benchmark/dlio_benchmark/utils/statscounter.py:282]
[INFO] 2025-05-04T18:13:25.307864 Epoch 1 - Block 1 [Training] Accelerator Utilization [AU] (%): 14.1412 [/mnt/ioopt/appbench/apps/MLPerf-storage/dlio_benchmark/dlio_benchmark/utils/statscounter.py:285]
[INFO] 2025-05-04T18:13:25.307982 Epoch 1 - Block 1 [Training] Throughput (samples/second): 2.1472 [/mnt/ioopt/appbench/apps/MLPerf-storage/dlio_benchmark/dlio_benchmark/utils/statscounter.py:286]
[INFO] 2025-05-04T18:13:25.309698 Ending epoch 1 - 400 steps completed in 931.50 s [/mnt/ioopt/appbench/apps/MLPerf-storage/dlio_benchmark/dlio_benchmark/utils/statscounter.py:225]
[INFO] 2025-05-04T18:13:25.316446 Saved outputs in /mnt/ioopt/appbench/apps/MLPerf-storage/resultsdir/RUN_4/batch_size_5_num_threads_8 [/mnt/ioopt/appbench/apps/MLPerf-storage/dlio_benchmark/dlio_benchmark/utils/statscounter.py:171]
[INFO] Averaged metric over all epochs
[METRIC] ==========================================================
[METRIC] Number of Simulated Accelerators: 1 
[METRIC] Training Accelerator Utilization [AU] (%): 14.1412 (0.0000)
[METRIC] Training Throughput (samples/second): 2.1472 (0.0000)
[METRIC] Training I/O Throughput (MB/second): 300.2006 (0.0000)
[METRIC] train_au_meet_expectation: fail
[METRIC] ==========================================================
 [/mnt/ioopt/appbench/apps/MLPerf-storage/dlio_benchmark/dlio_benchmark/utils/statscounter.py:185]
[INFO] 2025-05-04T18:13:25.327410 outputs saved in RANKID_output.json [/mnt/ioopt/appbench/apps/MLPerf-storage/dlio_benchmark/dlio_benchmark/utils/statscounter.py:378]
