[INFO] 2025-05-05T16:53:53.322382 Profiling DLIO /mnt/ioopt/appbench/apps/MLPerf-storage/resultsdir/RUN_6/batch_size_5_num_threads_10/trace-0-of-1.pfw [/mnt/ioopt/appbench/apps/MLPerf-storage/dlio_benchmark/dlio_benchmark/utils/config.py:189]
[INFO] 2025-05-05T16:53:53.323017 Running DLIO with 1 process(es) [/mnt/ioopt/appbench/apps/MLPerf-storage/dlio_benchmark/dlio_benchmark/main.py:100]
[INFO] Total amount of data each host will consume is 273.064948618412 GB; each host has [np.float64(187.5592384338379)] GB memory [/mnt/ioopt/appbench/apps/MLPerf-storage/dlio_benchmark/dlio_benchmark/utils/statscounter.py:121]
[INFO] 2025-05-05T16:54:09.699319 Max steps per epoch: 400 = 1 * 2000 / 5 / 1 (samples per file * num files / batch size / comm size) [/mnt/ioopt/appbench/apps/MLPerf-storage/dlio_benchmark/dlio_benchmark/main.py:321]
[INFO] 2025-05-05T16:54:09.851110 Starting epoch 1: 400 steps expected [/mnt/ioopt/appbench/apps/MLPerf-storage/dlio_benchmark/dlio_benchmark/utils/statscounter.py:192]
[INFO] 2025-05-05T16:54:09.883288 Starting block 1 [/mnt/ioopt/appbench/apps/MLPerf-storage/dlio_benchmark/dlio_benchmark/utils/statscounter.py:264]
[INFO] 2025-05-05T16:54:34.192032 Rank 0 step 1 processed 5 samples in 24.30854320526123 s [/mnt/ioopt/appbench/apps/MLPerf-storage/dlio_benchmark/dlio_benchmark/utils/statscounter.py:325]
[INFO] 2025-05-05T16:54:34.524684 Rank 0 step 2 processed 5 samples in 0.33054447174072266 s [/mnt/ioopt/appbench/apps/MLPerf-storage/dlio_benchmark/dlio_benchmark/utils/statscounter.py:325]
[INFO] 2025-05-05T16:54:36.300223 Rank 0 step 3 processed 5 samples in 1.775038480758667 s [/mnt/ioopt/appbench/apps/MLPerf-storage/dlio_benchmark/dlio_benchmark/utils/statscounter.py:325]
[INFO] 2025-05-05T16:54:36.628973 Rank 0 step 4 processed 5 samples in 0.3282508850097656 s [/mnt/ioopt/appbench/apps/MLPerf-storage/dlio_benchmark/dlio_benchmark/utils/statscounter.py:325]
[INFO] 2025-05-05T16:54:36.957830 Rank 0 step 5 processed 5 samples in 0.3284261226654053 s [/mnt/ioopt/appbench/apps/MLPerf-storage/dlio_benchmark/dlio_benchmark/utils/statscounter.py:325]
[INFO] 2025-05-05T16:54:37.286877 Rank 0 step 6 processed 5 samples in 0.3285999298095703 s [/mnt/ioopt/appbench/apps/MLPerf-storage/dlio_benchmark/dlio_benchmark/utils/statscounter.py:325]
[INFO] 2025-05-05T16:54:37.615657 Rank 0 step 7 processed 5 samples in 0.3283243179321289 s [/mnt/ioopt/appbench/apps/MLPerf-storage/dlio_benchmark/dlio_benchmark/utils/statscounter.py:325]
[INFO] 2025-05-05T16:54:37.944662 Rank 0 step 8 processed 5 samples in 0.32859301567077637 s [/mnt/ioopt/appbench/apps/MLPerf-storage/dlio_benchmark/dlio_benchmark/utils/statscounter.py:325]
[INFO] 2025-05-05T16:54:38.273337 Rank 0 step 9 processed 5 samples in 0.3282449245452881 s [/mnt/ioopt/appbench/apps/MLPerf-storage/dlio_benchmark/dlio_benchmark/utils/statscounter.py:325]
[INFO] 2025-05-05T16:54:38.602037 Rank 0 step 10 processed 5 samples in 0.3282957077026367 s [/mnt/ioopt/appbench/apps/MLPerf-storage/dlio_benchmark/dlio_benchmark/utils/statscounter.py:325]
[INFO] 2025-05-05T16:54:49.886932 Rank 0 step 11 processed 5 samples in 11.284464120864868 s [/mnt/ioopt/appbench/apps/MLPerf-storage/dlio_benchmark/dlio_benchmark/utils/statscounter.py:325]
[INFO] 2025-05-05T16:54:52.096738 Rank 0 step 12 processed 5 samples in 2.2092795372009277 s [/mnt/ioopt/appbench/apps/MLPerf-storage/dlio_benchmark/dlio_benchmark/utils/statscounter.py:325]
[INFO] 2025-05-05T16:55:03.128181 Rank 0 step 13 processed 5 samples in 11.030956029891968 s [/mnt/ioopt/appbench/apps/MLPerf-storage/dlio_benchmark/dlio_benchmark/utils/statscounter.py:325]
[INFO] 2025-05-05T16:55:03.456924 Rank 0 step 14 processed 5 samples in 0.3282616138458252 s [/mnt/ioopt/appbench/apps/MLPerf-storage/dlio_benchmark/dlio_benchmark/utils/statscounter.py:325]
[INFO] 2025-05-05T16:55:03.782938 Rank 0 step 15 processed 5 samples in 0.32571887969970703 s [/mnt/ioopt/appbench/apps/MLPerf-storage/dlio_benchmark/dlio_benchmark/utils/statscounter.py:325]
[INFO] 2025-05-05T16:55:04.111778 Rank 0 step 16 processed 5 samples in 0.3283500671386719 s [/mnt/ioopt/appbench/apps/MLPerf-storage/dlio_benchmark/dlio_benchmark/utils/statscounter.py:325]
[INFO] 2025-05-05T16:55:04.440824 Rank 0 step 17 processed 5 samples in 0.3285953998565674 s [/mnt/ioopt/appbench/apps/MLPerf-storage/dlio_benchmark/dlio_benchmark/utils/statscounter.py:325]
[INFO] 2025-05-05T16:55:04.769569 Rank 0 step 18 processed 5 samples in 0.3282947540283203 s [/mnt/ioopt/appbench/apps/MLPerf-storage/dlio_benchmark/dlio_benchmark/utils/statscounter.py:325]
[INFO] 2025-05-05T16:55:05.098552 Rank 0 step 19 processed 5 samples in 0.3285553455352783 s [/mnt/ioopt/appbench/apps/MLPerf-storage/dlio_benchmark/dlio_benchmark/utils/statscounter.py:325]
[INFO] 2025-05-05T16:55:05.427750 Rank 0 step 20 processed 5 samples in 0.32877445220947266 s [/mnt/ioopt/appbench/apps/MLPerf-storage/dlio_benchmark/dlio_benchmark/utils/statscounter.py:325]
[INFO] 2025-05-05T16:55:05.758554 Rank 0 step 21 processed 5 samples in 0.33032965660095215 s [/mnt/ioopt/appbench/apps/MLPerf-storage/dlio_benchmark/dlio_benchmark/utils/statscounter.py:325]
[INFO] 2025-05-05T16:55:12.318357 Rank 0 step 22 processed 5 samples in 6.559351205825806 s [/mnt/ioopt/appbench/apps/MLPerf-storage/dlio_benchmark/dlio_benchmark/utils/statscounter.py:325]
[INFO] 2025-05-05T16:55:25.642982 Rank 0 step 23 processed 5 samples in 13.32415771484375 s [/mnt/ioopt/appbench/apps/MLPerf-storage/dlio_benchmark/dlio_benchmark/utils/statscounter.py:325]
[INFO] 2025-05-05T16:55:27.016144 Rank 0 step 24 processed 5 samples in 1.3726556301116943 s [/mnt/ioopt/appbench/apps/MLPerf-storage/dlio_benchmark/dlio_benchmark/utils/statscounter.py:325]
[INFO] 2025-05-05T16:55:27.345155 Rank 0 step 25 processed 5 samples in 0.32848501205444336 s [/mnt/ioopt/appbench/apps/MLPerf-storage/dlio_benchmark/dlio_benchmark/utils/statscounter.py:325]
[INFO] 2025-05-05T16:55:28.128841 Rank 0 step 26 processed 5 samples in 0.7831807136535645 s [/mnt/ioopt/appbench/apps/MLPerf-storage/dlio_benchmark/dlio_benchmark/utils/statscounter.py:325]
[INFO] 2025-05-05T16:55:29.792203 Rank 0 step 27 processed 5 samples in 1.662851095199585 s [/mnt/ioopt/appbench/apps/MLPerf-storage/dlio_benchmark/dlio_benchmark/utils/statscounter.py:325]
[INFO] 2025-05-05T16:55:30.121551 Rank 0 step 28 processed 5 samples in 0.3288271427154541 s [/mnt/ioopt/appbench/apps/MLPerf-storage/dlio_benchmark/dlio_benchmark/utils/statscounter.py:325]
[INFO] 2025-05-05T16:55:32.001480 Rank 0 step 29 processed 5 samples in 1.879483938217163 s [/mnt/ioopt/appbench/apps/MLPerf-storage/dlio_benchmark/dlio_benchmark/utils/statscounter.py:325]
[INFO] 2025-05-05T16:55:32.674191 Rank 0 step 30 processed 5 samples in 0.6722438335418701 s [/mnt/ioopt/appbench/apps/MLPerf-storage/dlio_benchmark/dlio_benchmark/utils/statscounter.py:325]
[INFO] 2025-05-05T16:55:33.003713 Rank 0 step 31 processed 5 samples in 0.3290679454803467 s [/mnt/ioopt/appbench/apps/MLPerf-storage/dlio_benchmark/dlio_benchmark/utils/statscounter.py:325]
[INFO] 2025-05-05T16:55:39.081588 Rank 0 step 32 processed 5 samples in 6.077389240264893 s [/mnt/ioopt/appbench/apps/MLPerf-storage/dlio_benchmark/dlio_benchmark/utils/statscounter.py:325]
[INFO] 2025-05-05T16:55:48.766273 Rank 0 step 33 processed 5 samples in 9.684187412261963 s [/mnt/ioopt/appbench/apps/MLPerf-storage/dlio_benchmark/dlio_benchmark/utils/statscounter.py:325]
[INFO] 2025-05-05T16:55:51.542233 Rank 0 step 34 processed 5 samples in 2.7754812240600586 s [/mnt/ioopt/appbench/apps/MLPerf-storage/dlio_benchmark/dlio_benchmark/utils/statscounter.py:325]
[INFO] 2025-05-05T16:55:55.362937 Rank 0 step 35 processed 5 samples in 3.8202242851257324 s [/mnt/ioopt/appbench/apps/MLPerf-storage/dlio_benchmark/dlio_benchmark/utils/statscounter.py:325]
[INFO] 2025-05-05T16:55:55.692402 Rank 0 step 36 processed 5 samples in 0.3289179801940918 s [/mnt/ioopt/appbench/apps/MLPerf-storage/dlio_benchmark/dlio_benchmark/utils/statscounter.py:325]
[INFO] 2025-05-05T16:55:56.021495 Rank 0 step 37 processed 5 samples in 0.3286094665527344 s [/mnt/ioopt/appbench/apps/MLPerf-storage/dlio_benchmark/dlio_benchmark/utils/statscounter.py:325]
[INFO] 2025-05-05T16:55:56.350192 Rank 0 step 38 processed 5 samples in 0.32825803756713867 s [/mnt/ioopt/appbench/apps/MLPerf-storage/dlio_benchmark/dlio_benchmark/utils/statscounter.py:325]
[INFO] 2025-05-05T16:55:56.686273 Rank 0 step 39 processed 5 samples in 0.3356337547302246 s [/mnt/ioopt/appbench/apps/MLPerf-storage/dlio_benchmark/dlio_benchmark/utils/statscounter.py:325]
[INFO] 2025-05-05T16:55:57.017885 Rank 0 step 40 processed 5 samples in 0.33096909523010254 s [/mnt/ioopt/appbench/apps/MLPerf-storage/dlio_benchmark/dlio_benchmark/utils/statscounter.py:325]
[INFO] 2025-05-05T16:55:57.346675 Rank 0 step 41 processed 5 samples in 0.3283376693725586 s [/mnt/ioopt/appbench/apps/MLPerf-storage/dlio_benchmark/dlio_benchmark/utils/statscounter.py:325]
[INFO] 2025-05-05T16:55:57.677780 Rank 0 step 42 processed 5 samples in 0.33065295219421387 s [/mnt/ioopt/appbench/apps/MLPerf-storage/dlio_benchmark/dlio_benchmark/utils/statscounter.py:325]
[INFO] 2025-05-05T16:56:12.943912 Rank 0 step 43 processed 5 samples in 15.265676498413086 s [/mnt/ioopt/appbench/apps/MLPerf-storage/dlio_benchmark/dlio_benchmark/utils/statscounter.py:325]
[INFO] 2025-05-05T16:56:17.935544 Rank 0 step 44 processed 5 samples in 4.991153717041016 s [/mnt/ioopt/appbench/apps/MLPerf-storage/dlio_benchmark/dlio_benchmark/utils/statscounter.py:325]
[INFO] 2025-05-05T16:56:18.264494 Rank 0 step 45 processed 5 samples in 0.3284766674041748 s [/mnt/ioopt/appbench/apps/MLPerf-storage/dlio_benchmark/dlio_benchmark/utils/statscounter.py:325]
[INFO] 2025-05-05T16:56:18.809858 Rank 0 step 46 processed 5 samples in 0.5449330806732178 s [/mnt/ioopt/appbench/apps/MLPerf-storage/dlio_benchmark/dlio_benchmark/utils/statscounter.py:325]
[INFO] 2025-05-05T16:56:19.139318 Rank 0 step 47 processed 5 samples in 0.32895994186401367 s [/mnt/ioopt/appbench/apps/MLPerf-storage/dlio_benchmark/dlio_benchmark/utils/statscounter.py:325]
[INFO] 2025-05-05T16:56:19.470109 Rank 0 step 48 processed 5 samples in 0.33031296730041504 s [/mnt/ioopt/appbench/apps/MLPerf-storage/dlio_benchmark/dlio_benchmark/utils/statscounter.py:325]
[INFO] 2025-05-05T16:56:19.802304 Rank 0 step 49 processed 5 samples in 0.3317399024963379 s [/mnt/ioopt/appbench/apps/MLPerf-storage/dlio_benchmark/dlio_benchmark/utils/statscounter.py:325]
[INFO] 2025-05-05T16:56:20.131068 Rank 0 step 50 processed 5 samples in 0.3282787799835205 s [/mnt/ioopt/appbench/apps/MLPerf-storage/dlio_benchmark/dlio_benchmark/utils/statscounter.py:325]
[INFO] 2025-05-05T16:56:25.602869 Rank 0 step 51 processed 5 samples in 5.471373558044434 s [/mnt/ioopt/appbench/apps/MLPerf-storage/dlio_benchmark/dlio_benchmark/utils/statscounter.py:325]
[INFO] 2025-05-05T16:56:25.931833 Rank 0 step 52 processed 5 samples in 0.3284769058227539 s [/mnt/ioopt/appbench/apps/MLPerf-storage/dlio_benchmark/dlio_benchmark/utils/statscounter.py:325]
[INFO] 2025-05-05T16:56:27.904405 Rank 0 step 53 processed 5 samples in 1.9721357822418213 s [/mnt/ioopt/appbench/apps/MLPerf-storage/dlio_benchmark/dlio_benchmark/utils/statscounter.py:325]
[INFO] 2025-05-05T16:56:37.300938 Rank 0 step 54 processed 5 samples in 9.396076679229736 s [/mnt/ioopt/appbench/apps/MLPerf-storage/dlio_benchmark/dlio_benchmark/utils/statscounter.py:325]
[INFO] 2025-05-05T16:56:43.306893 Rank 0 step 55 processed 5 samples in 6.005471229553223 s [/mnt/ioopt/appbench/apps/MLPerf-storage/dlio_benchmark/dlio_benchmark/utils/statscounter.py:325]
[INFO] 2025-05-05T16:56:43.633273 Rank 0 step 56 processed 5 samples in 0.3258509635925293 s [/mnt/ioopt/appbench/apps/MLPerf-storage/dlio_benchmark/dlio_benchmark/utils/statscounter.py:325]
[INFO] 2025-05-05T16:56:43.961188 Rank 0 step 57 processed 5 samples in 0.32741665840148926 s [/mnt/ioopt/appbench/apps/MLPerf-storage/dlio_benchmark/dlio_benchmark/utils/statscounter.py:325]
[INFO] 2025-05-05T16:56:44.287693 Rank 0 step 58 processed 5 samples in 0.3260178565979004 s [/mnt/ioopt/appbench/apps/MLPerf-storage/dlio_benchmark/dlio_benchmark/utils/statscounter.py:325]
[INFO] 2025-05-05T16:56:44.618726 Rank 0 step 59 processed 5 samples in 0.33055686950683594 s [/mnt/ioopt/appbench/apps/MLPerf-storage/dlio_benchmark/dlio_benchmark/utils/statscounter.py:325]
[INFO] 2025-05-05T16:56:44.947592 Rank 0 step 60 processed 5 samples in 0.3283863067626953 s [/mnt/ioopt/appbench/apps/MLPerf-storage/dlio_benchmark/dlio_benchmark/utils/statscounter.py:325]
[INFO] 2025-05-05T16:56:53.382644 Rank 0 step 61 processed 5 samples in 8.434599876403809 s [/mnt/ioopt/appbench/apps/MLPerf-storage/dlio_benchmark/dlio_benchmark/utils/statscounter.py:325]
[INFO] 2025-05-05T16:56:53.738121 Rank 0 step 62 processed 5 samples in 0.35500454902648926 s [/mnt/ioopt/appbench/apps/MLPerf-storage/dlio_benchmark/dlio_benchmark/utils/statscounter.py:325]
[INFO] 2025-05-05T16:56:54.067183 Rank 0 step 63 processed 5 samples in 0.3286104202270508 s [/mnt/ioopt/appbench/apps/MLPerf-storage/dlio_benchmark/dlio_benchmark/utils/statscounter.py:325]
[INFO] 2025-05-05T16:56:59.556023 Rank 0 step 64 processed 5 samples in 5.488387107849121 s [/mnt/ioopt/appbench/apps/MLPerf-storage/dlio_benchmark/dlio_benchmark/utils/statscounter.py:325]
[INFO] 2025-05-05T16:57:07.065119 Rank 0 step 65 processed 5 samples in 7.508561372756958 s [/mnt/ioopt/appbench/apps/MLPerf-storage/dlio_benchmark/dlio_benchmark/utils/statscounter.py:325]
[INFO] 2025-05-05T16:57:07.394398 Rank 0 step 66 processed 5 samples in 0.32878828048706055 s [/mnt/ioopt/appbench/apps/MLPerf-storage/dlio_benchmark/dlio_benchmark/utils/statscounter.py:325]
[INFO] 2025-05-05T16:57:07.723076 Rank 0 step 67 processed 5 samples in 0.32825231552124023 s [/mnt/ioopt/appbench/apps/MLPerf-storage/dlio_benchmark/dlio_benchmark/utils/statscounter.py:325]
[INFO] 2025-05-05T16:57:08.051939 Rank 0 step 68 processed 5 samples in 0.32846927642822266 s [/mnt/ioopt/appbench/apps/MLPerf-storage/dlio_benchmark/dlio_benchmark/utils/statscounter.py:325]
[INFO] 2025-05-05T16:57:08.383074 Rank 0 step 69 processed 5 samples in 0.3306913375854492 s [/mnt/ioopt/appbench/apps/MLPerf-storage/dlio_benchmark/dlio_benchmark/utils/statscounter.py:325]
[INFO] 2025-05-05T16:57:08.712932 Rank 0 step 70 processed 5 samples in 0.3287177085876465 s [/mnt/ioopt/appbench/apps/MLPerf-storage/dlio_benchmark/dlio_benchmark/utils/statscounter.py:325]
[INFO] 2025-05-05T16:57:14.969314 Rank 0 step 71 processed 5 samples in 6.255939245223999 s [/mnt/ioopt/appbench/apps/MLPerf-storage/dlio_benchmark/dlio_benchmark/utils/statscounter.py:325]
[INFO] 2025-05-05T16:57:15.298323 Rank 0 step 72 processed 5 samples in 0.3285403251647949 s [/mnt/ioopt/appbench/apps/MLPerf-storage/dlio_benchmark/dlio_benchmark/utils/statscounter.py:325]
[INFO] 2025-05-05T16:57:15.627047 Rank 0 step 73 processed 5 samples in 0.32826876640319824 s [/mnt/ioopt/appbench/apps/MLPerf-storage/dlio_benchmark/dlio_benchmark/utils/statscounter.py:325]
[INFO] 2025-05-05T16:57:17.289662 Rank 0 step 74 processed 5 samples in 1.6621551513671875 s [/mnt/ioopt/appbench/apps/MLPerf-storage/dlio_benchmark/dlio_benchmark/utils/statscounter.py:325]
[INFO] 2025-05-05T16:57:28.087827 Rank 0 step 75 processed 5 samples in 10.797653198242188 s [/mnt/ioopt/appbench/apps/MLPerf-storage/dlio_benchmark/dlio_benchmark/utils/statscounter.py:325]
[INFO] 2025-05-05T16:57:29.916237 Rank 0 step 76 processed 5 samples in 1.8277356624603271 s [/mnt/ioopt/appbench/apps/MLPerf-storage/dlio_benchmark/dlio_benchmark/utils/statscounter.py:325]
[INFO] 2025-05-05T16:57:30.243185 Rank 0 step 77 processed 5 samples in 0.32645606994628906 s [/mnt/ioopt/appbench/apps/MLPerf-storage/dlio_benchmark/dlio_benchmark/utils/statscounter.py:325]
[INFO] 2025-05-05T16:57:30.572317 Rank 0 step 78 processed 5 samples in 0.3286571502685547 s [/mnt/ioopt/appbench/apps/MLPerf-storage/dlio_benchmark/dlio_benchmark/utils/statscounter.py:325]
[INFO] 2025-05-05T16:57:30.901040 Rank 0 step 79 processed 5 samples in 0.3282794952392578 s [/mnt/ioopt/appbench/apps/MLPerf-storage/dlio_benchmark/dlio_benchmark/utils/statscounter.py:325]
[INFO] 2025-05-05T16:57:31.229771 Rank 0 step 80 processed 5 samples in 0.3283061981201172 s [/mnt/ioopt/appbench/apps/MLPerf-storage/dlio_benchmark/dlio_benchmark/utils/statscounter.py:325]
[INFO] 2025-05-05T16:57:35.533286 Rank 0 step 81 processed 5 samples in 4.303048610687256 s [/mnt/ioopt/appbench/apps/MLPerf-storage/dlio_benchmark/dlio_benchmark/utils/statscounter.py:325]
[INFO] 2025-05-05T16:57:35.862216 Rank 0 step 82 processed 5 samples in 0.32845640182495117 s [/mnt/ioopt/appbench/apps/MLPerf-storage/dlio_benchmark/dlio_benchmark/utils/statscounter.py:325]
[INFO] 2025-05-05T16:57:37.148970 Rank 0 step 83 processed 5 samples in 1.2863233089447021 s [/mnt/ioopt/appbench/apps/MLPerf-storage/dlio_benchmark/dlio_benchmark/utils/statscounter.py:325]
[INFO] 2025-05-05T16:57:37.477704 Rank 0 step 84 processed 5 samples in 0.3282904624938965 s [/mnt/ioopt/appbench/apps/MLPerf-storage/dlio_benchmark/dlio_benchmark/utils/statscounter.py:325]
[INFO] 2025-05-05T16:57:47.378087 Rank 0 step 85 processed 5 samples in 9.899961471557617 s [/mnt/ioopt/appbench/apps/MLPerf-storage/dlio_benchmark/dlio_benchmark/utils/statscounter.py:325]
[INFO] 2025-05-05T16:57:53.780266 Rank 0 step 86 processed 5 samples in 6.40169095993042 s [/mnt/ioopt/appbench/apps/MLPerf-storage/dlio_benchmark/dlio_benchmark/utils/statscounter.py:325]
[INFO] 2025-05-05T16:57:54.109679 Rank 0 step 87 processed 5 samples in 0.3289008140563965 s [/mnt/ioopt/appbench/apps/MLPerf-storage/dlio_benchmark/dlio_benchmark/utils/statscounter.py:325]
[INFO] 2025-05-05T16:57:54.438620 Rank 0 step 88 processed 5 samples in 0.3284342288970947 s [/mnt/ioopt/appbench/apps/MLPerf-storage/dlio_benchmark/dlio_benchmark/utils/statscounter.py:325]
[INFO] 2025-05-05T16:57:54.767719 Rank 0 step 89 processed 5 samples in 0.3285808563232422 s [/mnt/ioopt/appbench/apps/MLPerf-storage/dlio_benchmark/dlio_benchmark/utils/statscounter.py:325]
[INFO] 2025-05-05T16:57:55.096902 Rank 0 step 90 processed 5 samples in 0.32867884635925293 s [/mnt/ioopt/appbench/apps/MLPerf-storage/dlio_benchmark/dlio_benchmark/utils/statscounter.py:325]
[INFO] 2025-05-05T16:57:55.428590 Rank 0 step 91 processed 5 samples in 0.3311905860900879 s [/mnt/ioopt/appbench/apps/MLPerf-storage/dlio_benchmark/dlio_benchmark/utils/statscounter.py:325]
[INFO] 2025-05-05T16:57:59.446983 Rank 0 step 92 processed 5 samples in 4.017910718917847 s [/mnt/ioopt/appbench/apps/MLPerf-storage/dlio_benchmark/dlio_benchmark/utils/statscounter.py:325]
[INFO] 2025-05-05T16:58:02.541383 Rank 0 step 93 processed 5 samples in 3.0938796997070312 s [/mnt/ioopt/appbench/apps/MLPerf-storage/dlio_benchmark/dlio_benchmark/utils/statscounter.py:325]
[INFO] 2025-05-05T16:58:02.867922 Rank 0 step 94 processed 5 samples in 0.3261067867279053 s [/mnt/ioopt/appbench/apps/MLPerf-storage/dlio_benchmark/dlio_benchmark/utils/statscounter.py:325]
[INFO] 2025-05-05T16:58:10.734952 Rank 0 step 95 processed 5 samples in 7.866705417633057 s [/mnt/ioopt/appbench/apps/MLPerf-storage/dlio_benchmark/dlio_benchmark/utils/statscounter.py:325]
[INFO] 2025-05-05T16:58:18.775317 Rank 0 step 96 processed 5 samples in 8.039843082427979 s [/mnt/ioopt/appbench/apps/MLPerf-storage/dlio_benchmark/dlio_benchmark/utils/statscounter.py:325]
[INFO] 2025-05-05T16:58:19.102635 Rank 0 step 97 processed 5 samples in 0.3269202709197998 s [/mnt/ioopt/appbench/apps/MLPerf-storage/dlio_benchmark/dlio_benchmark/utils/statscounter.py:325]
[INFO] 2025-05-05T16:58:19.431795 Rank 0 step 98 processed 5 samples in 0.32864975929260254 s [/mnt/ioopt/appbench/apps/MLPerf-storage/dlio_benchmark/dlio_benchmark/utils/statscounter.py:325]
[INFO] 2025-05-05T16:58:21.827289 Rank 0 step 99 processed 5 samples in 2.395031690597534 s [/mnt/ioopt/appbench/apps/MLPerf-storage/dlio_benchmark/dlio_benchmark/utils/statscounter.py:325]
[INFO] 2025-05-05T16:58:22.156261 Rank 0 step 100 processed 5 samples in 0.3285083770751953 s [/mnt/ioopt/appbench/apps/MLPerf-storage/dlio_benchmark/dlio_benchmark/utils/statscounter.py:325]
[INFO] 2025-05-05T16:58:23.877803 Rank 0 step 101 processed 5 samples in 1.7210693359375 s [/mnt/ioopt/appbench/apps/MLPerf-storage/dlio_benchmark/dlio_benchmark/utils/statscounter.py:325]
[INFO] 2025-05-05T16:58:24.208540 Rank 0 step 102 processed 5 samples in 0.3299713134765625 s [/mnt/ioopt/appbench/apps/MLPerf-storage/dlio_benchmark/dlio_benchmark/utils/statscounter.py:325]
[INFO] 2025-05-05T16:58:24.788553 Rank 0 step 103 processed 5 samples in 0.5795192718505859 s [/mnt/ioopt/appbench/apps/MLPerf-storage/dlio_benchmark/dlio_benchmark/utils/statscounter.py:325]
[INFO] 2025-05-05T16:58:25.117652 Rank 0 step 104 processed 5 samples in 0.3286287784576416 s [/mnt/ioopt/appbench/apps/MLPerf-storage/dlio_benchmark/dlio_benchmark/utils/statscounter.py:325]
[INFO] 2025-05-05T16:58:28.561555 Rank 0 step 105 processed 5 samples in 3.4434618949890137 s [/mnt/ioopt/appbench/apps/MLPerf-storage/dlio_benchmark/dlio_benchmark/utils/statscounter.py:325]
[INFO] 2025-05-05T16:58:43.111228 Rank 0 step 106 processed 5 samples in 14.549219846725464 s [/mnt/ioopt/appbench/apps/MLPerf-storage/dlio_benchmark/dlio_benchmark/utils/statscounter.py:325]
[INFO] 2025-05-05T16:58:43.440224 Rank 0 step 107 processed 5 samples in 0.32848620414733887 s [/mnt/ioopt/appbench/apps/MLPerf-storage/dlio_benchmark/dlio_benchmark/utils/statscounter.py:325]
[INFO] 2025-05-05T16:58:46.964279 Rank 0 step 108 processed 5 samples in 3.523524522781372 s [/mnt/ioopt/appbench/apps/MLPerf-storage/dlio_benchmark/dlio_benchmark/utils/statscounter.py:325]
[INFO] 2025-05-05T16:58:47.293366 Rank 0 step 109 processed 5 samples in 0.3285861015319824 s [/mnt/ioopt/appbench/apps/MLPerf-storage/dlio_benchmark/dlio_benchmark/utils/statscounter.py:325]
[INFO] 2025-05-05T16:58:47.622225 Rank 0 step 110 processed 5 samples in 0.32842016220092773 s [/mnt/ioopt/appbench/apps/MLPerf-storage/dlio_benchmark/dlio_benchmark/utils/statscounter.py:325]
[INFO] 2025-05-05T16:58:47.950865 Rank 0 step 111 processed 5 samples in 0.3282046318054199 s [/mnt/ioopt/appbench/apps/MLPerf-storage/dlio_benchmark/dlio_benchmark/utils/statscounter.py:325]
[INFO] 2025-05-05T16:58:49.177787 Rank 0 step 112 processed 5 samples in 1.2264478206634521 s [/mnt/ioopt/appbench/apps/MLPerf-storage/dlio_benchmark/dlio_benchmark/utils/statscounter.py:325]
[INFO] 2025-05-05T16:58:49.589815 Rank 0 step 113 processed 5 samples in 0.3282778263092041 s [/mnt/ioopt/appbench/apps/MLPerf-storage/dlio_benchmark/dlio_benchmark/utils/statscounter.py:325]
[INFO] 2025-05-05T16:58:49.921227 Rank 0 step 114 processed 5 samples in 0.3309776782989502 s [/mnt/ioopt/appbench/apps/MLPerf-storage/dlio_benchmark/dlio_benchmark/utils/statscounter.py:325]
[INFO] 2025-05-05T16:58:56.237500 Rank 0 step 115 processed 5 samples in 6.315800905227661 s [/mnt/ioopt/appbench/apps/MLPerf-storage/dlio_benchmark/dlio_benchmark/utils/statscounter.py:325]
[INFO] 2025-05-05T16:59:09.114578 Rank 0 step 116 processed 5 samples in 12.876748085021973 s [/mnt/ioopt/appbench/apps/MLPerf-storage/dlio_benchmark/dlio_benchmark/utils/statscounter.py:325]
[INFO] 2025-05-05T16:59:09.443780 Rank 0 step 117 processed 5 samples in 0.328632116317749 s [/mnt/ioopt/appbench/apps/MLPerf-storage/dlio_benchmark/dlio_benchmark/utils/statscounter.py:325]
[INFO] 2025-05-05T16:59:09.772804 Rank 0 step 118 processed 5 samples in 0.3285081386566162 s [/mnt/ioopt/appbench/apps/MLPerf-storage/dlio_benchmark/dlio_benchmark/utils/statscounter.py:325]
[INFO] 2025-05-05T16:59:11.379159 Rank 0 step 119 processed 5 samples in 1.6058626174926758 s [/mnt/ioopt/appbench/apps/MLPerf-storage/dlio_benchmark/dlio_benchmark/utils/statscounter.py:325]
[INFO] 2025-05-05T16:59:13.357488 Rank 0 step 120 processed 5 samples in 1.9778475761413574 s [/mnt/ioopt/appbench/apps/MLPerf-storage/dlio_benchmark/dlio_benchmark/utils/statscounter.py:325]
[INFO] 2025-05-05T16:59:13.686033 Rank 0 step 121 processed 5 samples in 0.32808470726013184 s [/mnt/ioopt/appbench/apps/MLPerf-storage/dlio_benchmark/dlio_benchmark/utils/statscounter.py:325]
[INFO] 2025-05-05T16:59:14.014791 Rank 0 step 122 processed 5 samples in 0.32833099365234375 s [/mnt/ioopt/appbench/apps/MLPerf-storage/dlio_benchmark/dlio_benchmark/utils/statscounter.py:325]
[INFO] 2025-05-05T16:59:14.346229 Rank 0 step 123 processed 5 samples in 0.3309805393218994 s [/mnt/ioopt/appbench/apps/MLPerf-storage/dlio_benchmark/dlio_benchmark/utils/statscounter.py:325]
[INFO] 2025-05-05T16:59:14.674979 Rank 0 step 124 processed 5 samples in 0.3282496929168701 s [/mnt/ioopt/appbench/apps/MLPerf-storage/dlio_benchmark/dlio_benchmark/utils/statscounter.py:325]
[INFO] 2025-05-05T16:59:17.550342 Rank 0 step 125 processed 5 samples in 2.8749122619628906 s [/mnt/ioopt/appbench/apps/MLPerf-storage/dlio_benchmark/dlio_benchmark/utils/statscounter.py:325]
[INFO] 2025-05-05T16:59:33.814926 Rank 0 step 126 processed 5 samples in 16.26406192779541 s [/mnt/ioopt/appbench/apps/MLPerf-storage/dlio_benchmark/dlio_benchmark/utils/statscounter.py:325]
[INFO] 2025-05-05T16:59:36.134949 Rank 0 step 127 processed 5 samples in 2.3196845054626465 s [/mnt/ioopt/appbench/apps/MLPerf-storage/dlio_benchmark/dlio_benchmark/utils/statscounter.py:325]
[INFO] 2025-05-05T16:59:36.464396 Rank 0 step 128 processed 5 samples in 0.3289210796356201 s [/mnt/ioopt/appbench/apps/MLPerf-storage/dlio_benchmark/dlio_benchmark/utils/statscounter.py:325]
[INFO] 2025-05-05T16:59:36.793119 Rank 0 step 129 processed 5 samples in 0.3282206058502197 s [/mnt/ioopt/appbench/apps/MLPerf-storage/dlio_benchmark/dlio_benchmark/utils/statscounter.py:325]
[INFO] 2025-05-05T16:59:37.121896 Rank 0 step 130 processed 5 samples in 0.32834458351135254 s [/mnt/ioopt/appbench/apps/MLPerf-storage/dlio_benchmark/dlio_benchmark/utils/statscounter.py:325]
[INFO] 2025-05-05T16:59:37.450955 Rank 0 step 131 processed 5 samples in 0.3286151885986328 s [/mnt/ioopt/appbench/apps/MLPerf-storage/dlio_benchmark/dlio_benchmark/utils/statscounter.py:325]
[INFO] 2025-05-05T16:59:37.779630 Rank 0 step 132 processed 5 samples in 0.3282434940338135 s [/mnt/ioopt/appbench/apps/MLPerf-storage/dlio_benchmark/dlio_benchmark/utils/statscounter.py:325]
[INFO] 2025-05-05T16:59:38.108598 Rank 0 step 133 processed 5 samples in 0.32852864265441895 s [/mnt/ioopt/appbench/apps/MLPerf-storage/dlio_benchmark/dlio_benchmark/utils/statscounter.py:325]
[INFO] 2025-05-05T16:59:38.439897 Rank 0 step 134 processed 5 samples in 0.33085155487060547 s [/mnt/ioopt/appbench/apps/MLPerf-storage/dlio_benchmark/dlio_benchmark/utils/statscounter.py:325]
[INFO] 2025-05-05T16:59:38.768876 Rank 0 step 135 processed 5 samples in 0.3284645080566406 s [/mnt/ioopt/appbench/apps/MLPerf-storage/dlio_benchmark/dlio_benchmark/utils/statscounter.py:325]
[INFO] 2025-05-05T16:59:51.095383 Rank 0 step 136 processed 5 samples in 12.326144933700562 s [/mnt/ioopt/appbench/apps/MLPerf-storage/dlio_benchmark/dlio_benchmark/utils/statscounter.py:325]
[INFO] 2025-05-05T16:59:57.773238 Rank 0 step 137 processed 5 samples in 6.677344799041748 s [/mnt/ioopt/appbench/apps/MLPerf-storage/dlio_benchmark/dlio_benchmark/utils/statscounter.py:325]
[INFO] 2025-05-05T16:59:58.102160 Rank 0 step 138 processed 5 samples in 0.32838964462280273 s [/mnt/ioopt/appbench/apps/MLPerf-storage/dlio_benchmark/dlio_benchmark/utils/statscounter.py:325]
[INFO] 2025-05-05T16:59:58.866097 Rank 0 step 139 processed 5 samples in 0.7634632587432861 s [/mnt/ioopt/appbench/apps/MLPerf-storage/dlio_benchmark/dlio_benchmark/utils/statscounter.py:325]
[INFO] 2025-05-05T17:00:01.634302 Rank 0 step 140 processed 5 samples in 2.7677462100982666 s [/mnt/ioopt/appbench/apps/MLPerf-storage/dlio_benchmark/dlio_benchmark/utils/statscounter.py:325]
[INFO] 2025-05-05T17:00:02.863853 Rank 0 step 141 processed 5 samples in 1.2290892601013184 s [/mnt/ioopt/appbench/apps/MLPerf-storage/dlio_benchmark/dlio_benchmark/utils/statscounter.py:325]
[INFO] 2025-05-05T17:00:03.192602 Rank 0 step 142 processed 5 samples in 0.32826948165893555 s [/mnt/ioopt/appbench/apps/MLPerf-storage/dlio_benchmark/dlio_benchmark/utils/statscounter.py:325]
[INFO] 2025-05-05T17:00:06.133835 Rank 0 step 143 processed 5 samples in 2.9407997131347656 s [/mnt/ioopt/appbench/apps/MLPerf-storage/dlio_benchmark/dlio_benchmark/utils/statscounter.py:325]
[INFO] 2025-05-05T17:00:06.462519 Rank 0 step 144 processed 5 samples in 0.3282172679901123 s [/mnt/ioopt/appbench/apps/MLPerf-storage/dlio_benchmark/dlio_benchmark/utils/statscounter.py:325]
[INFO] 2025-05-05T17:00:06.791357 Rank 0 step 145 processed 5 samples in 0.32839417457580566 s [/mnt/ioopt/appbench/apps/MLPerf-storage/dlio_benchmark/dlio_benchmark/utils/statscounter.py:325]
[INFO] 2025-05-05T17:00:13.689910 Rank 0 step 146 processed 5 samples in 6.89813494682312 s [/mnt/ioopt/appbench/apps/MLPerf-storage/dlio_benchmark/dlio_benchmark/utils/statscounter.py:325]
[INFO] 2025-05-05T17:00:22.868377 Rank 0 step 147 processed 5 samples in 9.177950859069824 s [/mnt/ioopt/appbench/apps/MLPerf-storage/dlio_benchmark/dlio_benchmark/utils/statscounter.py:325]
[INFO] 2025-05-05T17:00:23.198129 Rank 0 step 148 processed 5 samples in 0.32923054695129395 s [/mnt/ioopt/appbench/apps/MLPerf-storage/dlio_benchmark/dlio_benchmark/utils/statscounter.py:325]
[INFO] 2025-05-05T17:00:24.003710 Rank 0 step 149 processed 5 samples in 0.8050980567932129 s [/mnt/ioopt/appbench/apps/MLPerf-storage/dlio_benchmark/dlio_benchmark/utils/statscounter.py:325]
[INFO] 2025-05-05T17:00:24.333140 Rank 0 step 150 processed 5 samples in 0.3284571170806885 s [/mnt/ioopt/appbench/apps/MLPerf-storage/dlio_benchmark/dlio_benchmark/utils/statscounter.py:325]
[INFO] 2025-05-05T17:00:30.452260 Rank 0 step 151 processed 5 samples in 6.118693590164185 s [/mnt/ioopt/appbench/apps/MLPerf-storage/dlio_benchmark/dlio_benchmark/utils/statscounter.py:325]
[INFO] 2025-05-05T17:00:30.780980 Rank 0 step 152 processed 5 samples in 0.3282196521759033 s [/mnt/ioopt/appbench/apps/MLPerf-storage/dlio_benchmark/dlio_benchmark/utils/statscounter.py:325]
[INFO] 2025-05-05T17:00:31.109847 Rank 0 step 153 processed 5 samples in 0.3284459114074707 s [/mnt/ioopt/appbench/apps/MLPerf-storage/dlio_benchmark/dlio_benchmark/utils/statscounter.py:325]
[INFO] 2025-05-05T17:00:31.441339 Rank 0 step 154 processed 5 samples in 0.3310668468475342 s [/mnt/ioopt/appbench/apps/MLPerf-storage/dlio_benchmark/dlio_benchmark/utils/statscounter.py:325]
[INFO] 2025-05-05T17:00:31.770171 Rank 0 step 155 processed 5 samples in 0.3283424377441406 s [/mnt/ioopt/appbench/apps/MLPerf-storage/dlio_benchmark/dlio_benchmark/utils/statscounter.py:325]
[INFO] 2025-05-05T17:00:35.837025 Rank 0 step 156 processed 5 samples in 4.066388368606567 s [/mnt/ioopt/appbench/apps/MLPerf-storage/dlio_benchmark/dlio_benchmark/utils/statscounter.py:325]
[INFO] 2025-05-05T17:00:46.880699 Rank 0 step 157 processed 5 samples in 11.043157815933228 s [/mnt/ioopt/appbench/apps/MLPerf-storage/dlio_benchmark/dlio_benchmark/utils/statscounter.py:325]
[INFO] 2025-05-05T17:00:47.829090 Rank 0 step 158 processed 5 samples in 0.9478921890258789 s [/mnt/ioopt/appbench/apps/MLPerf-storage/dlio_benchmark/dlio_benchmark/utils/statscounter.py:325]
[INFO] 2025-05-05T17:00:48.157931 Rank 0 step 159 processed 5 samples in 0.32836246490478516 s [/mnt/ioopt/appbench/apps/MLPerf-storage/dlio_benchmark/dlio_benchmark/utils/statscounter.py:325]
[INFO] 2025-05-05T17:00:48.487017 Rank 0 step 160 processed 5 samples in 0.32866692543029785 s [/mnt/ioopt/appbench/apps/MLPerf-storage/dlio_benchmark/dlio_benchmark/utils/statscounter.py:325]
[INFO] 2025-05-05T17:00:51.492888 Rank 0 step 161 processed 5 samples in 3.005424976348877 s [/mnt/ioopt/appbench/apps/MLPerf-storage/dlio_benchmark/dlio_benchmark/utils/statscounter.py:325]
[INFO] 2025-05-05T17:00:55.234752 Rank 0 step 162 processed 5 samples in 3.741363048553467 s [/mnt/ioopt/appbench/apps/MLPerf-storage/dlio_benchmark/dlio_benchmark/utils/statscounter.py:325]
[INFO] 2025-05-05T17:00:55.563620 Rank 0 step 163 processed 5 samples in 0.32836484909057617 s [/mnt/ioopt/appbench/apps/MLPerf-storage/dlio_benchmark/dlio_benchmark/utils/statscounter.py:325]
[INFO] 2025-05-05T17:00:56.056309 Rank 0 step 164 processed 5 samples in 0.49225449562072754 s [/mnt/ioopt/appbench/apps/MLPerf-storage/dlio_benchmark/dlio_benchmark/utils/statscounter.py:325]
[INFO] 2025-05-05T17:00:56.385282 Rank 0 step 165 processed 5 samples in 0.32846665382385254 s [/mnt/ioopt/appbench/apps/MLPerf-storage/dlio_benchmark/dlio_benchmark/utils/statscounter.py:325]
[INFO] 2025-05-05T17:00:56.714273 Rank 0 step 166 processed 5 samples in 0.3284914493560791 s [/mnt/ioopt/appbench/apps/MLPerf-storage/dlio_benchmark/dlio_benchmark/utils/statscounter.py:325]
[INFO] 2025-05-05T17:01:08.345671 Rank 0 step 167 processed 5 samples in 11.630888938903809 s [/mnt/ioopt/appbench/apps/MLPerf-storage/dlio_benchmark/dlio_benchmark/utils/statscounter.py:325]
[INFO] 2025-05-05T17:01:08.676962 Rank 0 step 168 processed 5 samples in 0.3307774066925049 s [/mnt/ioopt/appbench/apps/MLPerf-storage/dlio_benchmark/dlio_benchmark/utils/statscounter.py:325]
[INFO] 2025-05-05T17:01:09.005695 Rank 0 step 169 processed 5 samples in 0.3282809257507324 s [/mnt/ioopt/appbench/apps/MLPerf-storage/dlio_benchmark/dlio_benchmark/utils/statscounter.py:325]
[INFO] 2025-05-05T17:01:09.334582 Rank 0 step 170 processed 5 samples in 0.3284587860107422 s [/mnt/ioopt/appbench/apps/MLPerf-storage/dlio_benchmark/dlio_benchmark/utils/statscounter.py:325]
[INFO] 2025-05-05T17:01:13.615755 Rank 0 step 171 processed 5 samples in 4.280730724334717 s [/mnt/ioopt/appbench/apps/MLPerf-storage/dlio_benchmark/dlio_benchmark/utils/statscounter.py:325]
[INFO] 2025-05-05T17:01:18.363711 Rank 0 step 172 processed 5 samples in 4.747432231903076 s [/mnt/ioopt/appbench/apps/MLPerf-storage/dlio_benchmark/dlio_benchmark/utils/statscounter.py:325]
[INFO] 2025-05-05T17:01:18.692394 Rank 0 step 173 processed 5 samples in 0.32821035385131836 s [/mnt/ioopt/appbench/apps/MLPerf-storage/dlio_benchmark/dlio_benchmark/utils/statscounter.py:325]
[INFO] 2025-05-05T17:01:19.021283 Rank 0 step 174 processed 5 samples in 0.32845473289489746 s [/mnt/ioopt/appbench/apps/MLPerf-storage/dlio_benchmark/dlio_benchmark/utils/statscounter.py:325]
[INFO] 2025-05-05T17:01:19.353109 Rank 0 step 175 processed 5 samples in 0.33141398429870605 s [/mnt/ioopt/appbench/apps/MLPerf-storage/dlio_benchmark/dlio_benchmark/utils/statscounter.py:325]
[INFO] 2025-05-05T17:01:19.681941 Rank 0 step 176 processed 5 samples in 0.32834744453430176 s [/mnt/ioopt/appbench/apps/MLPerf-storage/dlio_benchmark/dlio_benchmark/utils/statscounter.py:325]
[INFO] 2025-05-05T17:01:22.875733 Rank 0 step 177 processed 5 samples in 3.193356513977051 s [/mnt/ioopt/appbench/apps/MLPerf-storage/dlio_benchmark/dlio_benchmark/utils/statscounter.py:325]
[INFO] 2025-05-05T17:01:30.068792 Rank 0 step 178 processed 5 samples in 7.192573308944702 s [/mnt/ioopt/appbench/apps/MLPerf-storage/dlio_benchmark/dlio_benchmark/utils/statscounter.py:325]
[INFO] 2025-05-05T17:01:30.403841 Rank 0 step 179 processed 5 samples in 0.33452677726745605 s [/mnt/ioopt/appbench/apps/MLPerf-storage/dlio_benchmark/dlio_benchmark/utils/statscounter.py:325]
[INFO] 2025-05-05T17:01:30.734013 Rank 0 step 180 processed 5 samples in 0.32938456535339355 s [/mnt/ioopt/appbench/apps/MLPerf-storage/dlio_benchmark/dlio_benchmark/utils/statscounter.py:325]
[INFO] 2025-05-05T17:01:31.574413 Rank 0 step 181 processed 5 samples in 0.8399426937103271 s [/mnt/ioopt/appbench/apps/MLPerf-storage/dlio_benchmark/dlio_benchmark/utils/statscounter.py:325]
[INFO] 2025-05-05T17:01:41.087326 Rank 0 step 182 processed 5 samples in 9.51245641708374 s [/mnt/ioopt/appbench/apps/MLPerf-storage/dlio_benchmark/dlio_benchmark/utils/statscounter.py:325]
[INFO] 2025-05-05T17:01:41.418461 Rank 0 step 183 processed 5 samples in 0.330629825592041 s [/mnt/ioopt/appbench/apps/MLPerf-storage/dlio_benchmark/dlio_benchmark/utils/statscounter.py:325]
[INFO] 2025-05-05T17:01:41.747451 Rank 0 step 184 processed 5 samples in 0.32851433753967285 s [/mnt/ioopt/appbench/apps/MLPerf-storage/dlio_benchmark/dlio_benchmark/utils/statscounter.py:325]
[INFO] 2025-05-05T17:01:42.076538 Rank 0 step 185 processed 5 samples in 0.3286473751068115 s [/mnt/ioopt/appbench/apps/MLPerf-storage/dlio_benchmark/dlio_benchmark/utils/statscounter.py:325]
[INFO] 2025-05-05T17:01:42.404260 Rank 0 step 186 processed 5 samples in 0.32727956771850586 s [/mnt/ioopt/appbench/apps/MLPerf-storage/dlio_benchmark/dlio_benchmark/utils/statscounter.py:325]
[INFO] 2025-05-05T17:01:45.942598 Rank 0 step 187 processed 5 samples in 3.5378153324127197 s [/mnt/ioopt/appbench/apps/MLPerf-storage/dlio_benchmark/dlio_benchmark/utils/statscounter.py:325]
[INFO] 2025-05-05T17:01:50.698378 Rank 0 step 188 processed 5 samples in 4.755267381668091 s [/mnt/ioopt/appbench/apps/MLPerf-storage/dlio_benchmark/dlio_benchmark/utils/statscounter.py:325]
[INFO] 2025-05-05T17:01:54.690963 Rank 0 step 189 processed 5 samples in 3.992119073867798 s [/mnt/ioopt/appbench/apps/MLPerf-storage/dlio_benchmark/dlio_benchmark/utils/statscounter.py:325]
[INFO] 2025-05-05T17:01:55.021465 Rank 0 step 190 processed 5 samples in 0.33003759384155273 s [/mnt/ioopt/appbench/apps/MLPerf-storage/dlio_benchmark/dlio_benchmark/utils/statscounter.py:325]
[INFO] 2025-05-05T17:01:55.350311 Rank 0 step 191 processed 5 samples in 0.32839345932006836 s [/mnt/ioopt/appbench/apps/MLPerf-storage/dlio_benchmark/dlio_benchmark/utils/statscounter.py:325]
[INFO] 2025-05-05T17:02:01.311577 Rank 0 step 192 processed 5 samples in 5.96082878112793 s [/mnt/ioopt/appbench/apps/MLPerf-storage/dlio_benchmark/dlio_benchmark/utils/statscounter.py:325]
[INFO] 2025-05-05T17:02:09.766323 Rank 0 step 193 processed 5 samples in 8.454253196716309 s [/mnt/ioopt/appbench/apps/MLPerf-storage/dlio_benchmark/dlio_benchmark/utils/statscounter.py:325]
[INFO] 2025-05-05T17:02:10.095352 Rank 0 step 194 processed 5 samples in 0.328554630279541 s [/mnt/ioopt/appbench/apps/MLPerf-storage/dlio_benchmark/dlio_benchmark/utils/statscounter.py:325]
[INFO] 2025-05-05T17:02:10.887977 Rank 0 step 195 processed 5 samples in 0.7922050952911377 s [/mnt/ioopt/appbench/apps/MLPerf-storage/dlio_benchmark/dlio_benchmark/utils/statscounter.py:325]
[INFO] 2025-05-05T17:02:11.217114 Rank 0 step 196 processed 5 samples in 0.32863640785217285 s [/mnt/ioopt/appbench/apps/MLPerf-storage/dlio_benchmark/dlio_benchmark/utils/statscounter.py:325]
[INFO] 2025-05-05T17:02:11.548092 Rank 0 step 197 processed 5 samples in 0.3304879665374756 s [/mnt/ioopt/appbench/apps/MLPerf-storage/dlio_benchmark/dlio_benchmark/utils/statscounter.py:325]
[INFO] 2025-05-05T17:02:15.619020 Rank 0 step 198 processed 5 samples in 4.070461273193359 s [/mnt/ioopt/appbench/apps/MLPerf-storage/dlio_benchmark/dlio_benchmark/utils/statscounter.py:325]
[INFO] 2025-05-05T17:02:15.947742 Rank 0 step 199 processed 5 samples in 0.3282430171966553 s [/mnt/ioopt/appbench/apps/MLPerf-storage/dlio_benchmark/dlio_benchmark/utils/statscounter.py:325]
[INFO] 2025-05-05T17:02:21.369249 Rank 0 step 200 processed 5 samples in 5.421099662780762 s [/mnt/ioopt/appbench/apps/MLPerf-storage/dlio_benchmark/dlio_benchmark/utils/statscounter.py:325]
[INFO] 2025-05-05T17:02:21.697984 Rank 0 step 201 processed 5 samples in 0.3282480239868164 s [/mnt/ioopt/appbench/apps/MLPerf-storage/dlio_benchmark/dlio_benchmark/utils/statscounter.py:325]
[INFO] 2025-05-05T17:02:22.026595 Rank 0 step 202 processed 5 samples in 0.32817506790161133 s [/mnt/ioopt/appbench/apps/MLPerf-storage/dlio_benchmark/dlio_benchmark/utils/statscounter.py:325]
[INFO] 2025-05-05T17:02:31.815979 Rank 0 step 203 processed 5 samples in 9.788961410522461 s [/mnt/ioopt/appbench/apps/MLPerf-storage/dlio_benchmark/dlio_benchmark/utils/statscounter.py:325]
[INFO] 2025-05-05T17:02:35.075159 Rank 0 step 204 processed 5 samples in 3.2586922645568848 s [/mnt/ioopt/appbench/apps/MLPerf-storage/dlio_benchmark/dlio_benchmark/utils/statscounter.py:325]
[INFO] 2025-05-05T17:02:35.404170 Rank 0 step 205 processed 5 samples in 0.3285067081451416 s [/mnt/ioopt/appbench/apps/MLPerf-storage/dlio_benchmark/dlio_benchmark/utils/statscounter.py:325]
[INFO] 2025-05-05T17:02:35.733217 Rank 0 step 206 processed 5 samples in 0.3285794258117676 s [/mnt/ioopt/appbench/apps/MLPerf-storage/dlio_benchmark/dlio_benchmark/utils/statscounter.py:325]
[INFO] 2025-05-05T17:02:36.061969 Rank 0 step 207 processed 5 samples in 0.3282928466796875 s [/mnt/ioopt/appbench/apps/MLPerf-storage/dlio_benchmark/dlio_benchmark/utils/statscounter.py:325]
[INFO] 2025-05-05T17:02:36.390989 Rank 0 step 208 processed 5 samples in 0.3285634517669678 s [/mnt/ioopt/appbench/apps/MLPerf-storage/dlio_benchmark/dlio_benchmark/utils/statscounter.py:325]
[INFO] 2025-05-05T17:02:36.719784 Rank 0 step 209 processed 5 samples in 0.3282923698425293 s [/mnt/ioopt/appbench/apps/MLPerf-storage/dlio_benchmark/dlio_benchmark/utils/statscounter.py:325]
[INFO] 2025-05-05T17:02:41.304504 Rank 0 step 210 processed 5 samples in 4.584259510040283 s [/mnt/ioopt/appbench/apps/MLPerf-storage/dlio_benchmark/dlio_benchmark/utils/statscounter.py:325]
[INFO] 2025-05-05T17:02:41.633756 Rank 0 step 211 processed 5 samples in 0.3285651206970215 s [/mnt/ioopt/appbench/apps/MLPerf-storage/dlio_benchmark/dlio_benchmark/utils/statscounter.py:325]
[INFO] 2025-05-05T17:02:44.924110 Rank 0 step 212 processed 5 samples in 3.2897348403930664 s [/mnt/ioopt/appbench/apps/MLPerf-storage/dlio_benchmark/dlio_benchmark/utils/statscounter.py:325]
[INFO] 2025-05-05T17:02:54.915475 Rank 0 step 213 processed 5 samples in 9.990872621536255 s [/mnt/ioopt/appbench/apps/MLPerf-storage/dlio_benchmark/dlio_benchmark/utils/statscounter.py:325]
[INFO] 2025-05-05T17:02:56.580317 Rank 0 step 214 processed 5 samples in 1.6643562316894531 s [/mnt/ioopt/appbench/apps/MLPerf-storage/dlio_benchmark/dlio_benchmark/utils/statscounter.py:325]
[INFO] 2025-05-05T17:02:56.909084 Rank 0 step 215 processed 5 samples in 0.32827281951904297 s [/mnt/ioopt/appbench/apps/MLPerf-storage/dlio_benchmark/dlio_benchmark/utils/statscounter.py:325]
[INFO] 2025-05-05T17:02:57.238057 Rank 0 step 216 processed 5 samples in 0.32851696014404297 s [/mnt/ioopt/appbench/apps/MLPerf-storage/dlio_benchmark/dlio_benchmark/utils/statscounter.py:325]
[INFO] 2025-05-05T17:02:57.566757 Rank 0 step 217 processed 5 samples in 0.32825255393981934 s [/mnt/ioopt/appbench/apps/MLPerf-storage/dlio_benchmark/dlio_benchmark/utils/statscounter.py:325]
[INFO] 2025-05-05T17:03:02.087154 Rank 0 step 218 processed 5 samples in 4.51993203163147 s [/mnt/ioopt/appbench/apps/MLPerf-storage/dlio_benchmark/dlio_benchmark/utils/statscounter.py:325]
[INFO] 2025-05-05T17:03:02.415965 Rank 0 step 219 processed 5 samples in 0.32831287384033203 s [/mnt/ioopt/appbench/apps/MLPerf-storage/dlio_benchmark/dlio_benchmark/utils/statscounter.py:325]
[INFO] 2025-05-05T17:03:04.723526 Rank 0 step 220 processed 5 samples in 2.3071365356445312 s [/mnt/ioopt/appbench/apps/MLPerf-storage/dlio_benchmark/dlio_benchmark/utils/statscounter.py:325]
[INFO] 2025-05-05T17:03:05.427549 Rank 0 step 221 processed 5 samples in 0.7037205696105957 s [/mnt/ioopt/appbench/apps/MLPerf-storage/dlio_benchmark/dlio_benchmark/utils/statscounter.py:325]
[INFO] 2025-05-05T17:03:05.756246 Rank 0 step 222 processed 5 samples in 0.3282303810119629 s [/mnt/ioopt/appbench/apps/MLPerf-storage/dlio_benchmark/dlio_benchmark/utils/statscounter.py:325]
[INFO] 2025-05-05T17:03:17.706242 Rank 0 step 223 processed 5 samples in 11.949567079544067 s [/mnt/ioopt/appbench/apps/MLPerf-storage/dlio_benchmark/dlio_benchmark/utils/statscounter.py:325]
[INFO] 2025-05-05T17:03:18.626521 Rank 0 step 224 processed 5 samples in 0.919813871383667 s [/mnt/ioopt/appbench/apps/MLPerf-storage/dlio_benchmark/dlio_benchmark/utils/statscounter.py:325]
[INFO] 2025-05-05T17:03:19.279214 Rank 0 step 225 processed 5 samples in 0.6523425579071045 s [/mnt/ioopt/appbench/apps/MLPerf-storage/dlio_benchmark/dlio_benchmark/utils/statscounter.py:325]
[INFO] 2025-05-05T17:03:26.140626 Rank 0 step 226 processed 5 samples in 6.860884666442871 s [/mnt/ioopt/appbench/apps/MLPerf-storage/dlio_benchmark/dlio_benchmark/utils/statscounter.py:325]
[INFO] 2025-05-05T17:03:26.466931 Rank 0 step 227 processed 5 samples in 0.32573604583740234 s [/mnt/ioopt/appbench/apps/MLPerf-storage/dlio_benchmark/dlio_benchmark/utils/statscounter.py:325]
[INFO] 2025-05-05T17:03:26.856995 Rank 0 step 228 processed 5 samples in 0.3895442485809326 s [/mnt/ioopt/appbench/apps/MLPerf-storage/dlio_benchmark/dlio_benchmark/utils/statscounter.py:325]
[INFO] 2025-05-05T17:03:27.185677 Rank 0 step 229 processed 5 samples in 0.328216552734375 s [/mnt/ioopt/appbench/apps/MLPerf-storage/dlio_benchmark/dlio_benchmark/utils/statscounter.py:325]
[INFO] 2025-05-05T17:03:30.212516 Rank 0 step 230 processed 5 samples in 3.026411533355713 s [/mnt/ioopt/appbench/apps/MLPerf-storage/dlio_benchmark/dlio_benchmark/utils/statscounter.py:325]
[INFO] 2025-05-05T17:03:30.542055 Rank 0 step 231 processed 5 samples in 0.32860231399536133 s [/mnt/ioopt/appbench/apps/MLPerf-storage/dlio_benchmark/dlio_benchmark/utils/statscounter.py:325]
[INFO] 2025-05-05T17:03:31.495405 Rank 0 step 232 processed 5 samples in 0.9529166221618652 s [/mnt/ioopt/appbench/apps/MLPerf-storage/dlio_benchmark/dlio_benchmark/utils/statscounter.py:325]
[INFO] 2025-05-05T17:03:42.146958 Rank 0 step 233 processed 5 samples in 10.651082038879395 s [/mnt/ioopt/appbench/apps/MLPerf-storage/dlio_benchmark/dlio_benchmark/utils/statscounter.py:325]
[INFO] 2025-05-05T17:03:42.475754 Rank 0 step 234 processed 5 samples in 0.3282461166381836 s [/mnt/ioopt/appbench/apps/MLPerf-storage/dlio_benchmark/dlio_benchmark/utils/statscounter.py:325]
[INFO] 2025-05-05T17:03:42.804349 Rank 0 step 235 processed 5 samples in 0.32817816734313965 s [/mnt/ioopt/appbench/apps/MLPerf-storage/dlio_benchmark/dlio_benchmark/utils/statscounter.py:325]
[INFO] 2025-05-05T17:03:43.932803 Rank 0 step 236 processed 5 samples in 1.1280455589294434 s [/mnt/ioopt/appbench/apps/MLPerf-storage/dlio_benchmark/dlio_benchmark/utils/statscounter.py:325]
[INFO] 2025-05-05T17:03:48.806015 Rank 0 step 237 processed 5 samples in 4.8727333545684814 s [/mnt/ioopt/appbench/apps/MLPerf-storage/dlio_benchmark/dlio_benchmark/utils/statscounter.py:325]
[INFO] 2025-05-05T17:03:49.134962 Rank 0 step 238 processed 5 samples in 0.3284189701080322 s [/mnt/ioopt/appbench/apps/MLPerf-storage/dlio_benchmark/dlio_benchmark/utils/statscounter.py:325]
[INFO] 2025-05-05T17:03:49.920444 Rank 0 step 239 processed 5 samples in 0.784977912902832 s [/mnt/ioopt/appbench/apps/MLPerf-storage/dlio_benchmark/dlio_benchmark/utils/statscounter.py:325]
[INFO] 2025-05-05T17:03:56.118569 Rank 0 step 240 processed 5 samples in 6.197661638259888 s [/mnt/ioopt/appbench/apps/MLPerf-storage/dlio_benchmark/dlio_benchmark/utils/statscounter.py:325]
[INFO] 2025-05-05T17:03:56.447249 Rank 0 step 241 processed 5 samples in 0.3282129764556885 s [/mnt/ioopt/appbench/apps/MLPerf-storage/dlio_benchmark/dlio_benchmark/utils/statscounter.py:325]
[INFO] 2025-05-05T17:04:01.774311 Rank 0 step 242 processed 5 samples in 5.326632261276245 s [/mnt/ioopt/appbench/apps/MLPerf-storage/dlio_benchmark/dlio_benchmark/utils/statscounter.py:325]
[INFO] 2025-05-05T17:04:11.668264 Rank 0 step 243 processed 5 samples in 9.79074764251709 s [/mnt/ioopt/appbench/apps/MLPerf-storage/dlio_benchmark/dlio_benchmark/utils/statscounter.py:325]
[INFO] 2025-05-05T17:04:11.994155 Rank 0 step 244 processed 5 samples in 0.3253798484802246 s [/mnt/ioopt/appbench/apps/MLPerf-storage/dlio_benchmark/dlio_benchmark/utils/statscounter.py:325]
[INFO] 2025-05-05T17:04:12.320783 Rank 0 step 245 processed 5 samples in 0.32611513137817383 s [/mnt/ioopt/appbench/apps/MLPerf-storage/dlio_benchmark/dlio_benchmark/utils/statscounter.py:325]
[INFO] 2025-05-05T17:04:12.649943 Rank 0 step 246 processed 5 samples in 0.32868409156799316 s [/mnt/ioopt/appbench/apps/MLPerf-storage/dlio_benchmark/dlio_benchmark/utils/statscounter.py:325]
[INFO] 2025-05-05T17:04:12.975936 Rank 0 step 247 processed 5 samples in 0.3254420757293701 s [/mnt/ioopt/appbench/apps/MLPerf-storage/dlio_benchmark/dlio_benchmark/utils/statscounter.py:325]
[INFO] 2025-05-05T17:04:13.305882 Rank 0 step 248 processed 5 samples in 0.3294651508331299 s [/mnt/ioopt/appbench/apps/MLPerf-storage/dlio_benchmark/dlio_benchmark/utils/statscounter.py:325]
[INFO] 2025-05-05T17:04:13.638036 Rank 0 step 249 processed 5 samples in 0.33165931701660156 s [/mnt/ioopt/appbench/apps/MLPerf-storage/dlio_benchmark/dlio_benchmark/utils/statscounter.py:325]
[INFO] 2025-05-05T17:04:20.401319 Rank 0 step 250 processed 5 samples in 6.762685775756836 s [/mnt/ioopt/appbench/apps/MLPerf-storage/dlio_benchmark/dlio_benchmark/utils/statscounter.py:325]
[INFO] 2025-05-05T17:04:20.727595 Rank 0 step 251 processed 5 samples in 0.32579755783081055 s [/mnt/ioopt/appbench/apps/MLPerf-storage/dlio_benchmark/dlio_benchmark/utils/statscounter.py:325]
[INFO] 2025-05-05T17:04:21.054491 Rank 0 step 252 processed 5 samples in 0.326387882232666 s [/mnt/ioopt/appbench/apps/MLPerf-storage/dlio_benchmark/dlio_benchmark/utils/statscounter.py:325]
[INFO] 2025-05-05T17:04:34.964425 Rank 0 step 253 processed 5 samples in 13.909576416015625 s [/mnt/ioopt/appbench/apps/MLPerf-storage/dlio_benchmark/dlio_benchmark/utils/statscounter.py:325]
[INFO] 2025-05-05T17:04:36.590389 Rank 0 step 254 processed 5 samples in 1.6256694793701172 s [/mnt/ioopt/appbench/apps/MLPerf-storage/dlio_benchmark/dlio_benchmark/utils/statscounter.py:325]
[INFO] 2025-05-05T17:04:36.919390 Rank 0 step 255 processed 5 samples in 0.32854199409484863 s [/mnt/ioopt/appbench/apps/MLPerf-storage/dlio_benchmark/dlio_benchmark/utils/statscounter.py:325]
[INFO] 2025-05-05T17:04:37.248140 Rank 0 step 256 processed 5 samples in 0.32828283309936523 s [/mnt/ioopt/appbench/apps/MLPerf-storage/dlio_benchmark/dlio_benchmark/utils/statscounter.py:325]
[INFO] 2025-05-05T17:04:37.577086 Rank 0 step 257 processed 5 samples in 0.3284938335418701 s [/mnt/ioopt/appbench/apps/MLPerf-storage/dlio_benchmark/dlio_benchmark/utils/statscounter.py:325]
[INFO] 2025-05-05T17:04:37.905739 Rank 0 step 258 processed 5 samples in 0.32820701599121094 s [/mnt/ioopt/appbench/apps/MLPerf-storage/dlio_benchmark/dlio_benchmark/utils/statscounter.py:325]
[INFO] 2025-05-05T17:04:38.234760 Rank 0 step 259 processed 5 samples in 0.32858800888061523 s [/mnt/ioopt/appbench/apps/MLPerf-storage/dlio_benchmark/dlio_benchmark/utils/statscounter.py:325]
[INFO] 2025-05-05T17:04:39.239228 Rank 0 step 260 processed 5 samples in 1.0039873123168945 s [/mnt/ioopt/appbench/apps/MLPerf-storage/dlio_benchmark/dlio_benchmark/utils/statscounter.py:325]
[INFO] 2025-05-05T17:04:43.052976 Rank 0 step 261 processed 5 samples in 3.8132379055023193 s [/mnt/ioopt/appbench/apps/MLPerf-storage/dlio_benchmark/dlio_benchmark/utils/statscounter.py:325]
[INFO] 2025-05-05T17:04:43.385997 Rank 0 step 262 processed 5 samples in 0.33252406120300293 s [/mnt/ioopt/appbench/apps/MLPerf-storage/dlio_benchmark/dlio_benchmark/utils/statscounter.py:325]
[INFO] 2025-05-05T17:04:55.696801 Rank 0 step 263 processed 5 samples in 12.31003189086914 s [/mnt/ioopt/appbench/apps/MLPerf-storage/dlio_benchmark/dlio_benchmark/utils/statscounter.py:325]
[INFO] 2025-05-05T17:04:59.456543 Rank 0 step 264 processed 5 samples in 3.759195327758789 s [/mnt/ioopt/appbench/apps/MLPerf-storage/dlio_benchmark/dlio_benchmark/utils/statscounter.py:325]
[INFO] 2025-05-05T17:04:59.785684 Rank 0 step 265 processed 5 samples in 0.32861995697021484 s [/mnt/ioopt/appbench/apps/MLPerf-storage/dlio_benchmark/dlio_benchmark/utils/statscounter.py:325]
[INFO] 2025-05-05T17:05:00.115318 Rank 0 step 266 processed 5 samples in 0.3291432857513428 s [/mnt/ioopt/appbench/apps/MLPerf-storage/dlio_benchmark/dlio_benchmark/utils/statscounter.py:325]
[INFO] 2025-05-05T17:05:00.443597 Rank 0 step 267 processed 5 samples in 0.32778072357177734 s [/mnt/ioopt/appbench/apps/MLPerf-storage/dlio_benchmark/dlio_benchmark/utils/statscounter.py:325]
[INFO] 2025-05-05T17:05:00.770126 Rank 0 step 268 processed 5 samples in 0.32616353034973145 s [/mnt/ioopt/appbench/apps/MLPerf-storage/dlio_benchmark/dlio_benchmark/utils/statscounter.py:325]
[INFO] 2025-05-05T17:05:03.937732 Rank 0 step 269 processed 5 samples in 3.167147159576416 s [/mnt/ioopt/appbench/apps/MLPerf-storage/dlio_benchmark/dlio_benchmark/utils/statscounter.py:325]
[INFO] 2025-05-05T17:05:04.264315 Rank 0 step 270 processed 5 samples in 0.32622194290161133 s [/mnt/ioopt/appbench/apps/MLPerf-storage/dlio_benchmark/dlio_benchmark/utils/statscounter.py:325]
[INFO] 2025-05-05T17:05:05.628423 Rank 0 step 271 processed 5 samples in 1.3636488914489746 s [/mnt/ioopt/appbench/apps/MLPerf-storage/dlio_benchmark/dlio_benchmark/utils/statscounter.py:325]
[INFO] 2025-05-05T17:05:05.956747 Rank 0 step 272 processed 5 samples in 0.3279109001159668 s [/mnt/ioopt/appbench/apps/MLPerf-storage/dlio_benchmark/dlio_benchmark/utils/statscounter.py:325]
[INFO] 2025-05-05T17:05:15.417087 Rank 0 step 273 processed 5 samples in 9.459801435470581 s [/mnt/ioopt/appbench/apps/MLPerf-storage/dlio_benchmark/dlio_benchmark/utils/statscounter.py:325]
[INFO] 2025-05-05T17:05:22.637805 Rank 0 step 274 processed 5 samples in 7.2202231884002686 s [/mnt/ioopt/appbench/apps/MLPerf-storage/dlio_benchmark/dlio_benchmark/utils/statscounter.py:325]
[INFO] 2025-05-05T17:05:22.966492 Rank 0 step 275 processed 5 samples in 0.3282182216644287 s [/mnt/ioopt/appbench/apps/MLPerf-storage/dlio_benchmark/dlio_benchmark/utils/statscounter.py:325]
[INFO] 2025-05-05T17:05:23.295524 Rank 0 step 276 processed 5 samples in 0.3285374641418457 s [/mnt/ioopt/appbench/apps/MLPerf-storage/dlio_benchmark/dlio_benchmark/utils/statscounter.py:325]
[INFO] 2025-05-05T17:05:23.624670 Rank 0 step 277 processed 5 samples in 0.32867860794067383 s [/mnt/ioopt/appbench/apps/MLPerf-storage/dlio_benchmark/dlio_benchmark/utils/statscounter.py:325]
[INFO] 2025-05-05T17:05:23.953598 Rank 0 step 278 processed 5 samples in 0.32845354080200195 s [/mnt/ioopt/appbench/apps/MLPerf-storage/dlio_benchmark/dlio_benchmark/utils/statscounter.py:325]
[INFO] 2025-05-05T17:05:24.282508 Rank 0 step 279 processed 5 samples in 0.328444242477417 s [/mnt/ioopt/appbench/apps/MLPerf-storage/dlio_benchmark/dlio_benchmark/utils/statscounter.py:325]
[INFO] 2025-05-05T17:05:26.643161 Rank 0 step 280 processed 5 samples in 2.3601744174957275 s [/mnt/ioopt/appbench/apps/MLPerf-storage/dlio_benchmark/dlio_benchmark/utils/statscounter.py:325]
[INFO] 2025-05-05T17:05:32.570082 Rank 0 step 281 processed 5 samples in 5.926578044891357 s [/mnt/ioopt/appbench/apps/MLPerf-storage/dlio_benchmark/dlio_benchmark/utils/statscounter.py:325]
[INFO] 2025-05-05T17:05:32.898953 Rank 0 step 282 processed 5 samples in 0.32837796211242676 s [/mnt/ioopt/appbench/apps/MLPerf-storage/dlio_benchmark/dlio_benchmark/utils/statscounter.py:325]
[INFO] 2025-05-05T17:05:34.456937 Rank 0 step 283 processed 5 samples in 1.557502031326294 s [/mnt/ioopt/appbench/apps/MLPerf-storage/dlio_benchmark/dlio_benchmark/utils/statscounter.py:325]
[INFO] 2025-05-05T17:05:43.394084 Rank 0 step 284 processed 5 samples in 8.936654090881348 s [/mnt/ioopt/appbench/apps/MLPerf-storage/dlio_benchmark/dlio_benchmark/utils/statscounter.py:325]
[INFO] 2025-05-05T17:05:43.723100 Rank 0 step 285 processed 5 samples in 0.32846641540527344 s [/mnt/ioopt/appbench/apps/MLPerf-storage/dlio_benchmark/dlio_benchmark/utils/statscounter.py:325]
[INFO] 2025-05-05T17:05:44.052605 Rank 0 step 286 processed 5 samples in 0.32898473739624023 s [/mnt/ioopt/appbench/apps/MLPerf-storage/dlio_benchmark/dlio_benchmark/utils/statscounter.py:325]
[INFO] 2025-05-05T17:05:48.307722 Rank 0 step 287 processed 5 samples in 4.254611253738403 s [/mnt/ioopt/appbench/apps/MLPerf-storage/dlio_benchmark/dlio_benchmark/utils/statscounter.py:325]
[INFO] 2025-05-05T17:05:48.634251 Rank 0 step 288 processed 5 samples in 0.326171875 s [/mnt/ioopt/appbench/apps/MLPerf-storage/dlio_benchmark/dlio_benchmark/utils/statscounter.py:325]
[INFO] 2025-05-05T17:05:51.693995 Rank 0 step 289 processed 5 samples in 3.059185743331909 s [/mnt/ioopt/appbench/apps/MLPerf-storage/dlio_benchmark/dlio_benchmark/utils/statscounter.py:325]
[INFO] 2025-05-05T17:05:52.022773 Rank 0 step 290 processed 5 samples in 0.32829856872558594 s [/mnt/ioopt/appbench/apps/MLPerf-storage/dlio_benchmark/dlio_benchmark/utils/statscounter.py:325]
[INFO] 2025-05-05T17:05:57.930066 Rank 0 step 291 processed 5 samples in 5.9068310260772705 s [/mnt/ioopt/appbench/apps/MLPerf-storage/dlio_benchmark/dlio_benchmark/utils/statscounter.py:325]
[INFO] 2025-05-05T17:05:58.259238 Rank 0 step 292 processed 5 samples in 0.3286426067352295 s [/mnt/ioopt/appbench/apps/MLPerf-storage/dlio_benchmark/dlio_benchmark/utils/statscounter.py:325]
[INFO] 2025-05-05T17:05:58.768866 Rank 0 step 293 processed 5 samples in 0.5091197490692139 s [/mnt/ioopt/appbench/apps/MLPerf-storage/dlio_benchmark/dlio_benchmark/utils/statscounter.py:325]
[INFO] 2025-05-05T17:06:01.212131 Rank 0 step 294 processed 5 samples in 2.442765235900879 s [/mnt/ioopt/appbench/apps/MLPerf-storage/dlio_benchmark/dlio_benchmark/utils/statscounter.py:325]
[INFO] 2025-05-05T17:06:04.790118 Rank 0 step 295 processed 5 samples in 3.5774405002593994 s [/mnt/ioopt/appbench/apps/MLPerf-storage/dlio_benchmark/dlio_benchmark/utils/statscounter.py:325]
[INFO] 2025-05-05T17:06:06.866881 Rank 0 step 296 processed 5 samples in 2.076263666152954 s [/mnt/ioopt/appbench/apps/MLPerf-storage/dlio_benchmark/dlio_benchmark/utils/statscounter.py:325]
[INFO] 2025-05-05T17:06:07.738729 Rank 0 step 297 processed 5 samples in 0.8713343143463135 s [/mnt/ioopt/appbench/apps/MLPerf-storage/dlio_benchmark/dlio_benchmark/utils/statscounter.py:325]
[INFO] 2025-05-05T17:06:09.362605 Rank 0 step 298 processed 5 samples in 1.6233792304992676 s [/mnt/ioopt/appbench/apps/MLPerf-storage/dlio_benchmark/dlio_benchmark/utils/statscounter.py:325]
[INFO] 2025-05-05T17:06:11.782002 Rank 0 step 299 processed 5 samples in 2.4189016819000244 s [/mnt/ioopt/appbench/apps/MLPerf-storage/dlio_benchmark/dlio_benchmark/utils/statscounter.py:325]
[INFO] 2025-05-05T17:06:17.117097 Rank 0 step 300 processed 5 samples in 5.3346288204193115 s [/mnt/ioopt/appbench/apps/MLPerf-storage/dlio_benchmark/dlio_benchmark/utils/statscounter.py:325]
[INFO] 2025-05-05T17:06:18.091831 Rank 0 step 301 processed 5 samples in 0.9742560386657715 s [/mnt/ioopt/appbench/apps/MLPerf-storage/dlio_benchmark/dlio_benchmark/utils/statscounter.py:325]
[INFO] 2025-05-05T17:06:23.401834 Rank 0 step 302 processed 5 samples in 5.309473991394043 s [/mnt/ioopt/appbench/apps/MLPerf-storage/dlio_benchmark/dlio_benchmark/utils/statscounter.py:325]
[INFO] 2025-05-05T17:06:23.730714 Rank 0 step 303 processed 5 samples in 0.3284018039703369 s [/mnt/ioopt/appbench/apps/MLPerf-storage/dlio_benchmark/dlio_benchmark/utils/statscounter.py:325]
[INFO] 2025-05-05T17:06:24.059651 Rank 0 step 304 processed 5 samples in 0.32848548889160156 s [/mnt/ioopt/appbench/apps/MLPerf-storage/dlio_benchmark/dlio_benchmark/utils/statscounter.py:325]
[INFO] 2025-05-05T17:06:24.391267 Rank 0 step 305 processed 5 samples in 0.33119654655456543 s [/mnt/ioopt/appbench/apps/MLPerf-storage/dlio_benchmark/dlio_benchmark/utils/statscounter.py:325]
[INFO] 2025-05-05T17:06:28.194526 Rank 0 step 306 processed 5 samples in 3.8027656078338623 s [/mnt/ioopt/appbench/apps/MLPerf-storage/dlio_benchmark/dlio_benchmark/utils/statscounter.py:325]
[INFO] 2025-05-05T17:06:30.711669 Rank 0 step 307 processed 5 samples in 2.516649007797241 s [/mnt/ioopt/appbench/apps/MLPerf-storage/dlio_benchmark/dlio_benchmark/utils/statscounter.py:325]
[INFO] 2025-05-05T17:06:31.042314 Rank 0 step 308 processed 5 samples in 0.33015894889831543 s [/mnt/ioopt/appbench/apps/MLPerf-storage/dlio_benchmark/dlio_benchmark/utils/statscounter.py:325]
[INFO] 2025-05-05T17:06:31.371074 Rank 0 step 309 processed 5 samples in 0.32827305793762207 s [/mnt/ioopt/appbench/apps/MLPerf-storage/dlio_benchmark/dlio_benchmark/utils/statscounter.py:325]
[INFO] 2025-05-05T17:06:39.641405 Rank 0 step 310 processed 5 samples in 8.269863605499268 s [/mnt/ioopt/appbench/apps/MLPerf-storage/dlio_benchmark/dlio_benchmark/utils/statscounter.py:325]
[INFO] 2025-05-05T17:06:39.972383 Rank 0 step 311 processed 5 samples in 0.3304619789123535 s [/mnt/ioopt/appbench/apps/MLPerf-storage/dlio_benchmark/dlio_benchmark/utils/statscounter.py:325]
[INFO] 2025-05-05T17:06:42.835930 Rank 0 step 312 processed 5 samples in 2.8623785972595215 s [/mnt/ioopt/appbench/apps/MLPerf-storage/dlio_benchmark/dlio_benchmark/utils/statscounter.py:325]
[INFO] 2025-05-05T17:06:45.039168 Rank 0 step 313 processed 5 samples in 2.202760696411133 s [/mnt/ioopt/appbench/apps/MLPerf-storage/dlio_benchmark/dlio_benchmark/utils/statscounter.py:325]
[INFO] 2025-05-05T17:06:46.671249 Rank 0 step 314 processed 5 samples in 1.6315913200378418 s [/mnt/ioopt/appbench/apps/MLPerf-storage/dlio_benchmark/dlio_benchmark/utils/statscounter.py:325]
[INFO] 2025-05-05T17:06:47.000180 Rank 0 step 315 processed 5 samples in 0.32840442657470703 s [/mnt/ioopt/appbench/apps/MLPerf-storage/dlio_benchmark/dlio_benchmark/utils/statscounter.py:325]
[INFO] 2025-05-05T17:06:54.583264 Rank 0 step 316 processed 5 samples in 7.582577228546143 s [/mnt/ioopt/appbench/apps/MLPerf-storage/dlio_benchmark/dlio_benchmark/utils/statscounter.py:325]
[INFO] 2025-05-05T17:06:58.192147 Rank 0 step 317 processed 5 samples in 3.6083710193634033 s [/mnt/ioopt/appbench/apps/MLPerf-storage/dlio_benchmark/dlio_benchmark/utils/statscounter.py:325]
[INFO] 2025-05-05T17:06:58.520933 Rank 0 step 318 processed 5 samples in 0.3282895088195801 s [/mnt/ioopt/appbench/apps/MLPerf-storage/dlio_benchmark/dlio_benchmark/utils/statscounter.py:325]
[INFO] 2025-05-05T17:06:58.849756 Rank 0 step 319 processed 5 samples in 0.32837581634521484 s [/mnt/ioopt/appbench/apps/MLPerf-storage/dlio_benchmark/dlio_benchmark/utils/statscounter.py:325]
[INFO] 2025-05-05T17:07:02.242787 Rank 0 step 320 processed 5 samples in 3.3925602436065674 s [/mnt/ioopt/appbench/apps/MLPerf-storage/dlio_benchmark/dlio_benchmark/utils/statscounter.py:325]
[INFO] 2025-05-05T17:07:04.997889 Rank 0 step 321 processed 5 samples in 2.754615306854248 s [/mnt/ioopt/appbench/apps/MLPerf-storage/dlio_benchmark/dlio_benchmark/utils/statscounter.py:325]
[INFO] 2025-05-05T17:07:05.323992 Rank 0 step 322 processed 5 samples in 0.3257629871368408 s [/mnt/ioopt/appbench/apps/MLPerf-storage/dlio_benchmark/dlio_benchmark/utils/statscounter.py:325]
[INFO] 2025-05-05T17:07:12.271545 Rank 0 step 323 processed 5 samples in 6.947027921676636 s [/mnt/ioopt/appbench/apps/MLPerf-storage/dlio_benchmark/dlio_benchmark/utils/statscounter.py:325]
[INFO] 2025-05-05T17:07:12.600554 Rank 0 step 324 processed 5 samples in 0.3285086154937744 s [/mnt/ioopt/appbench/apps/MLPerf-storage/dlio_benchmark/dlio_benchmark/utils/statscounter.py:325]
[INFO] 2025-05-05T17:07:12.929366 Rank 0 step 325 processed 5 samples in 0.3283805847167969 s [/mnt/ioopt/appbench/apps/MLPerf-storage/dlio_benchmark/dlio_benchmark/utils/statscounter.py:325]
[INFO] 2025-05-05T17:07:13.258398 Rank 0 step 326 processed 5 samples in 0.3286137580871582 s [/mnt/ioopt/appbench/apps/MLPerf-storage/dlio_benchmark/dlio_benchmark/utils/statscounter.py:325]
[INFO] 2025-05-05T17:07:20.826965 Rank 0 step 327 processed 5 samples in 7.568120718002319 s [/mnt/ioopt/appbench/apps/MLPerf-storage/dlio_benchmark/dlio_benchmark/utils/statscounter.py:325]
[INFO] 2025-05-05T17:07:21.155855 Rank 0 step 328 processed 5 samples in 0.3283529281616211 s [/mnt/ioopt/appbench/apps/MLPerf-storage/dlio_benchmark/dlio_benchmark/utils/statscounter.py:325]
[INFO] 2025-05-05T17:07:25.485018 Rank 0 step 329 processed 5 samples in 4.3286824226379395 s [/mnt/ioopt/appbench/apps/MLPerf-storage/dlio_benchmark/dlio_benchmark/utils/statscounter.py:325]
[INFO] 2025-05-05T17:07:25.811621 Rank 0 step 330 processed 5 samples in 0.32625651359558105 s [/mnt/ioopt/appbench/apps/MLPerf-storage/dlio_benchmark/dlio_benchmark/utils/statscounter.py:325]
[INFO] 2025-05-05T17:07:26.137525 Rank 0 step 331 processed 5 samples in 0.32551050186157227 s [/mnt/ioopt/appbench/apps/MLPerf-storage/dlio_benchmark/dlio_benchmark/utils/statscounter.py:325]
[INFO] 2025-05-05T17:07:28.095731 Rank 0 step 332 processed 5 samples in 1.9577410221099854 s [/mnt/ioopt/appbench/apps/MLPerf-storage/dlio_benchmark/dlio_benchmark/utils/statscounter.py:325]
[INFO] 2025-05-05T17:07:30.880050 Rank 0 step 333 processed 5 samples in 2.783924102783203 s [/mnt/ioopt/appbench/apps/MLPerf-storage/dlio_benchmark/dlio_benchmark/utils/statscounter.py:325]
[INFO] 2025-05-05T17:07:32.470421 Rank 0 step 334 processed 5 samples in 1.5898582935333252 s [/mnt/ioopt/appbench/apps/MLPerf-storage/dlio_benchmark/dlio_benchmark/utils/statscounter.py:325]
[INFO] 2025-05-05T17:07:37.319819 Rank 0 step 335 processed 5 samples in 4.848897933959961 s [/mnt/ioopt/appbench/apps/MLPerf-storage/dlio_benchmark/dlio_benchmark/utils/statscounter.py:325]
[INFO] 2025-05-05T17:07:42.372136 Rank 0 step 336 processed 5 samples in 5.051984071731567 s [/mnt/ioopt/appbench/apps/MLPerf-storage/dlio_benchmark/dlio_benchmark/utils/statscounter.py:325]
[INFO] 2025-05-05T17:07:46.515627 Rank 0 step 337 processed 5 samples in 4.142977714538574 s [/mnt/ioopt/appbench/apps/MLPerf-storage/dlio_benchmark/dlio_benchmark/utils/statscounter.py:325]
[INFO] 2025-05-05T17:07:46.844557 Rank 0 step 338 processed 5 samples in 0.328427791595459 s [/mnt/ioopt/appbench/apps/MLPerf-storage/dlio_benchmark/dlio_benchmark/utils/statscounter.py:325]
[INFO] 2025-05-05T17:07:47.173242 Rank 0 step 339 processed 5 samples in 0.3281986713409424 s [/mnt/ioopt/appbench/apps/MLPerf-storage/dlio_benchmark/dlio_benchmark/utils/statscounter.py:325]
[INFO] 2025-05-05T17:07:49.918777 Rank 0 step 340 processed 5 samples in 2.7450759410858154 s [/mnt/ioopt/appbench/apps/MLPerf-storage/dlio_benchmark/dlio_benchmark/utils/statscounter.py:325]
[INFO] 2025-05-05T17:07:50.244572 Rank 0 step 341 processed 5 samples in 0.3254244327545166 s [/mnt/ioopt/appbench/apps/MLPerf-storage/dlio_benchmark/dlio_benchmark/utils/statscounter.py:325]
[INFO] 2025-05-05T17:07:51.631509 Rank 0 step 342 processed 5 samples in 1.3866004943847656 s [/mnt/ioopt/appbench/apps/MLPerf-storage/dlio_benchmark/dlio_benchmark/utils/statscounter.py:325]
[INFO] 2025-05-05T17:07:51.958398 Rank 0 step 343 processed 5 samples in 0.32660412788391113 s [/mnt/ioopt/appbench/apps/MLPerf-storage/dlio_benchmark/dlio_benchmark/utils/statscounter.py:325]
[INFO] 2025-05-05T17:07:52.285240 Rank 0 step 344 processed 5 samples in 0.32637763023376465 s [/mnt/ioopt/appbench/apps/MLPerf-storage/dlio_benchmark/dlio_benchmark/utils/statscounter.py:325]
[INFO] 2025-05-05T17:07:59.719542 Rank 0 step 345 processed 5 samples in 7.433835506439209 s [/mnt/ioopt/appbench/apps/MLPerf-storage/dlio_benchmark/dlio_benchmark/utils/statscounter.py:325]
[INFO] 2025-05-05T17:08:08.124583 Rank 0 step 346 processed 5 samples in 8.404540061950684 s [/mnt/ioopt/appbench/apps/MLPerf-storage/dlio_benchmark/dlio_benchmark/utils/statscounter.py:325]
[INFO] 2025-05-05T17:08:08.453696 Rank 0 step 347 processed 5 samples in 0.32863664627075195 s [/mnt/ioopt/appbench/apps/MLPerf-storage/dlio_benchmark/dlio_benchmark/utils/statscounter.py:325]
[INFO] 2025-05-05T17:08:08.783268 Rank 0 step 348 processed 5 samples in 0.3291144371032715 s [/mnt/ioopt/appbench/apps/MLPerf-storage/dlio_benchmark/dlio_benchmark/utils/statscounter.py:325]
[INFO] 2025-05-05T17:08:10.863056 Rank 0 step 349 processed 5 samples in 2.07940673828125 s [/mnt/ioopt/appbench/apps/MLPerf-storage/dlio_benchmark/dlio_benchmark/utils/statscounter.py:325]
[INFO] 2025-05-05T17:08:11.191859 Rank 0 step 350 processed 5 samples in 0.32836127281188965 s [/mnt/ioopt/appbench/apps/MLPerf-storage/dlio_benchmark/dlio_benchmark/utils/statscounter.py:325]
[INFO] 2025-05-05T17:08:11.520777 Rank 0 step 351 processed 5 samples in 0.32847094535827637 s [/mnt/ioopt/appbench/apps/MLPerf-storage/dlio_benchmark/dlio_benchmark/utils/statscounter.py:325]
[INFO] 2025-05-05T17:08:11.849774 Rank 0 step 352 processed 5 samples in 0.3285510540008545 s [/mnt/ioopt/appbench/apps/MLPerf-storage/dlio_benchmark/dlio_benchmark/utils/statscounter.py:325]
[INFO] 2025-05-05T17:08:17.492860 Rank 0 step 353 processed 5 samples in 5.642632246017456 s [/mnt/ioopt/appbench/apps/MLPerf-storage/dlio_benchmark/dlio_benchmark/utils/statscounter.py:325]
[INFO] 2025-05-05T17:08:17.821933 Rank 0 step 354 processed 5 samples in 0.32859015464782715 s [/mnt/ioopt/appbench/apps/MLPerf-storage/dlio_benchmark/dlio_benchmark/utils/statscounter.py:325]
[INFO] 2025-05-05T17:08:24.971235 Rank 0 step 355 processed 5 samples in 7.148865222930908 s [/mnt/ioopt/appbench/apps/MLPerf-storage/dlio_benchmark/dlio_benchmark/utils/statscounter.py:325]
[INFO] 2025-05-05T17:08:28.741212 Rank 0 step 356 processed 5 samples in 3.769442558288574 s [/mnt/ioopt/appbench/apps/MLPerf-storage/dlio_benchmark/dlio_benchmark/utils/statscounter.py:325]
[INFO] 2025-05-05T17:08:29.070228 Rank 0 step 357 processed 5 samples in 0.3285083770751953 s [/mnt/ioopt/appbench/apps/MLPerf-storage/dlio_benchmark/dlio_benchmark/utils/statscounter.py:325]
[INFO] 2025-05-05T17:08:30.782367 Rank 0 step 358 processed 5 samples in 1.7116754055023193 s [/mnt/ioopt/appbench/apps/MLPerf-storage/dlio_benchmark/dlio_benchmark/utils/statscounter.py:325]
[INFO] 2025-05-05T17:08:35.486270 Rank 0 step 359 processed 5 samples in 4.703554391860962 s [/mnt/ioopt/appbench/apps/MLPerf-storage/dlio_benchmark/dlio_benchmark/utils/statscounter.py:325]
[INFO] 2025-05-05T17:08:35.814663 Rank 0 step 360 processed 5 samples in 0.3280351161956787 s [/mnt/ioopt/appbench/apps/MLPerf-storage/dlio_benchmark/dlio_benchmark/utils/statscounter.py:325]
[INFO] 2025-05-05T17:08:36.143726 Rank 0 step 361 processed 5 samples in 0.32842373847961426 s [/mnt/ioopt/appbench/apps/MLPerf-storage/dlio_benchmark/dlio_benchmark/utils/statscounter.py:325]
[INFO] 2025-05-05T17:08:36.469594 Rank 0 step 362 processed 5 samples in 0.3255443572998047 s [/mnt/ioopt/appbench/apps/MLPerf-storage/dlio_benchmark/dlio_benchmark/utils/statscounter.py:325]
[INFO] 2025-05-05T17:08:36.872039 Rank 0 step 363 processed 5 samples in 0.40214991569519043 s [/mnt/ioopt/appbench/apps/MLPerf-storage/dlio_benchmark/dlio_benchmark/utils/statscounter.py:325]
[INFO] 2025-05-05T17:08:38.289920 Rank 0 step 364 processed 5 samples in 1.4174013137817383 s [/mnt/ioopt/appbench/apps/MLPerf-storage/dlio_benchmark/dlio_benchmark/utils/statscounter.py:325]
[INFO] 2025-05-05T17:08:47.009044 Rank 0 step 365 processed 5 samples in 8.718599796295166 s [/mnt/ioopt/appbench/apps/MLPerf-storage/dlio_benchmark/dlio_benchmark/utils/statscounter.py:325]
[INFO] 2025-05-05T17:08:52.830329 Rank 0 step 366 processed 5 samples in 5.820720911026001 s [/mnt/ioopt/appbench/apps/MLPerf-storage/dlio_benchmark/dlio_benchmark/utils/statscounter.py:325]
[INFO] 2025-05-05T17:08:53.160015 Rank 0 step 367 processed 5 samples in 0.3289215564727783 s [/mnt/ioopt/appbench/apps/MLPerf-storage/dlio_benchmark/dlio_benchmark/utils/statscounter.py:325]
[INFO] 2025-05-05T17:08:53.489020 Rank 0 step 368 processed 5 samples in 0.3285391330718994 s [/mnt/ioopt/appbench/apps/MLPerf-storage/dlio_benchmark/dlio_benchmark/utils/statscounter.py:325]
[INFO] 2025-05-05T17:08:59.526234 Rank 0 step 369 processed 5 samples in 6.0366973876953125 s [/mnt/ioopt/appbench/apps/MLPerf-storage/dlio_benchmark/dlio_benchmark/utils/statscounter.py:325]
[INFO] 2025-05-05T17:09:01.890373 Rank 0 step 370 processed 5 samples in 2.3636350631713867 s [/mnt/ioopt/appbench/apps/MLPerf-storage/dlio_benchmark/dlio_benchmark/utils/statscounter.py:325]
[INFO] 2025-05-05T17:09:02.217624 Rank 0 step 371 processed 5 samples in 0.32671570777893066 s [/mnt/ioopt/appbench/apps/MLPerf-storage/dlio_benchmark/dlio_benchmark/utils/statscounter.py:325]
[INFO] 2025-05-05T17:09:02.543840 Rank 0 step 372 processed 5 samples in 0.32588791847229004 s [/mnt/ioopt/appbench/apps/MLPerf-storage/dlio_benchmark/dlio_benchmark/utils/statscounter.py:325]
[INFO] 2025-05-05T17:09:02.869816 Rank 0 step 373 processed 5 samples in 0.3256511688232422 s [/mnt/ioopt/appbench/apps/MLPerf-storage/dlio_benchmark/dlio_benchmark/utils/statscounter.py:325]
[INFO] 2025-05-05T17:09:03.197741 Rank 0 step 374 processed 5 samples in 0.32749295234680176 s [/mnt/ioopt/appbench/apps/MLPerf-storage/dlio_benchmark/dlio_benchmark/utils/statscounter.py:325]
[INFO] 2025-05-05T17:09:03.528535 Rank 0 step 375 processed 5 samples in 0.33032894134521484 s [/mnt/ioopt/appbench/apps/MLPerf-storage/dlio_benchmark/dlio_benchmark/utils/statscounter.py:325]
[INFO] 2025-05-05T17:09:15.936693 Rank 0 step 376 processed 5 samples in 12.407697916030884 s [/mnt/ioopt/appbench/apps/MLPerf-storage/dlio_benchmark/dlio_benchmark/utils/statscounter.py:325]
[INFO] 2025-05-05T17:09:18.620647 Rank 0 step 377 processed 5 samples in 2.6834559440612793 s [/mnt/ioopt/appbench/apps/MLPerf-storage/dlio_benchmark/dlio_benchmark/utils/statscounter.py:325]
[INFO] 2025-05-05T17:09:18.949605 Rank 0 step 378 processed 5 samples in 0.3284614086151123 s [/mnt/ioopt/appbench/apps/MLPerf-storage/dlio_benchmark/dlio_benchmark/utils/statscounter.py:325]
[INFO] 2025-05-05T17:09:19.278353 Rank 0 step 379 processed 5 samples in 0.32830381393432617 s [/mnt/ioopt/appbench/apps/MLPerf-storage/dlio_benchmark/dlio_benchmark/utils/statscounter.py:325]
[INFO] 2025-05-05T17:09:24.357458 Rank 0 step 380 processed 5 samples in 5.078651428222656 s [/mnt/ioopt/appbench/apps/MLPerf-storage/dlio_benchmark/dlio_benchmark/utils/statscounter.py:325]
[INFO] 2025-05-05T17:09:24.686214 Rank 0 step 381 processed 5 samples in 0.328277587890625 s [/mnt/ioopt/appbench/apps/MLPerf-storage/dlio_benchmark/dlio_benchmark/utils/statscounter.py:325]
[INFO] 2025-05-05T17:09:25.015086 Rank 0 step 382 processed 5 samples in 0.32837939262390137 s [/mnt/ioopt/appbench/apps/MLPerf-storage/dlio_benchmark/dlio_benchmark/utils/statscounter.py:325]
[INFO] 2025-05-05T17:09:25.341918 Rank 0 step 383 processed 5 samples in 0.32643675804138184 s [/mnt/ioopt/appbench/apps/MLPerf-storage/dlio_benchmark/dlio_benchmark/utils/statscounter.py:325]
[INFO] 2025-05-05T17:09:25.668761 Rank 0 step 384 processed 5 samples in 0.32654571533203125 s [/mnt/ioopt/appbench/apps/MLPerf-storage/dlio_benchmark/dlio_benchmark/utils/statscounter.py:325]
[INFO] 2025-05-05T17:09:26.058114 Rank 0 step 385 processed 5 samples in 0.38887619972229004 s [/mnt/ioopt/appbench/apps/MLPerf-storage/dlio_benchmark/dlio_benchmark/utils/statscounter.py:325]
[INFO] 2025-05-05T17:09:34.095871 Rank 0 step 386 processed 5 samples in 8.037265539169312 s [/mnt/ioopt/appbench/apps/MLPerf-storage/dlio_benchmark/dlio_benchmark/utils/statscounter.py:325]
[INFO] 2025-05-05T17:09:39.593911 Rank 0 step 387 processed 5 samples in 5.497528076171875 s [/mnt/ioopt/appbench/apps/MLPerf-storage/dlio_benchmark/dlio_benchmark/utils/statscounter.py:325]
[INFO] 2025-05-05T17:09:39.922837 Rank 0 step 388 processed 5 samples in 0.3283994197845459 s [/mnt/ioopt/appbench/apps/MLPerf-storage/dlio_benchmark/dlio_benchmark/utils/statscounter.py:325]
[INFO] 2025-05-05T17:09:40.252033 Rank 0 step 389 processed 5 samples in 0.32870912551879883 s [/mnt/ioopt/appbench/apps/MLPerf-storage/dlio_benchmark/dlio_benchmark/utils/statscounter.py:325]
[INFO] 2025-05-05T17:09:43.843257 Rank 0 step 390 processed 5 samples in 3.5907132625579834 s [/mnt/ioopt/appbench/apps/MLPerf-storage/dlio_benchmark/dlio_benchmark/utils/statscounter.py:325]
[INFO] 2025-05-05T17:09:47.445408 Rank 0 step 391 processed 5 samples in 3.6016533374786377 s [/mnt/ioopt/appbench/apps/MLPerf-storage/dlio_benchmark/dlio_benchmark/utils/statscounter.py:325]
[INFO] 2025-05-05T17:09:47.772442 Rank 0 step 392 processed 5 samples in 0.3265550136566162 s [/mnt/ioopt/appbench/apps/MLPerf-storage/dlio_benchmark/dlio_benchmark/utils/statscounter.py:325]
[INFO] 2025-05-05T17:09:48.099231 Rank 0 step 393 processed 5 samples in 0.32644128799438477 s [/mnt/ioopt/appbench/apps/MLPerf-storage/dlio_benchmark/dlio_benchmark/utils/statscounter.py:325]
[INFO] 2025-05-05T17:09:48.425519 Rank 0 step 394 processed 5 samples in 0.3257718086242676 s [/mnt/ioopt/appbench/apps/MLPerf-storage/dlio_benchmark/dlio_benchmark/utils/statscounter.py:325]
[INFO] 2025-05-05T17:09:48.756333 Rank 0 step 395 processed 5 samples in 0.3303394317626953 s [/mnt/ioopt/appbench/apps/MLPerf-storage/dlio_benchmark/dlio_benchmark/utils/statscounter.py:325]
[INFO] 2025-05-05T17:09:49.087300 Rank 0 step 396 processed 5 samples in 0.33046770095825195 s [/mnt/ioopt/appbench/apps/MLPerf-storage/dlio_benchmark/dlio_benchmark/utils/statscounter.py:325]
[INFO] 2025-05-05T17:09:53.117087 Rank 0 step 397 processed 5 samples in 4.029301404953003 s [/mnt/ioopt/appbench/apps/MLPerf-storage/dlio_benchmark/dlio_benchmark/utils/statscounter.py:325]
[INFO] 2025-05-05T17:09:53.673597 Rank 0 step 398 processed 5 samples in 0.5560169219970703 s [/mnt/ioopt/appbench/apps/MLPerf-storage/dlio_benchmark/dlio_benchmark/utils/statscounter.py:325]
[INFO] 2025-05-05T17:09:54.004602 Rank 0 step 399 processed 5 samples in 0.3305373191833496 s [/mnt/ioopt/appbench/apps/MLPerf-storage/dlio_benchmark/dlio_benchmark/utils/statscounter.py:325]
[INFO] 2025-05-05T17:09:55.192098 Rank 0 step 400 processed 5 samples in 1.1863727569580078 s [/mnt/ioopt/appbench/apps/MLPerf-storage/dlio_benchmark/dlio_benchmark/utils/statscounter.py:325]
[INFO] 2025-05-05T17:09:55.192510 Maximum number of steps reached [/mnt/ioopt/appbench/apps/MLPerf-storage/dlio_benchmark/dlio_benchmark/main.py:293]
[INFO] 2025-05-05T17:09:55.195314 Ending block 1 - 400 steps completed in 945.31 s [/mnt/ioopt/appbench/apps/MLPerf-storage/dlio_benchmark/dlio_benchmark/utils/statscounter.py:282]
[INFO] 2025-05-05T17:09:55.219221 Epoch 1 - Block 1 [Training] Accelerator Utilization [AU] (%): 13.9931 [/mnt/ioopt/appbench/apps/MLPerf-storage/dlio_benchmark/dlio_benchmark/utils/statscounter.py:285]
[INFO] 2025-05-05T17:09:55.219533 Epoch 1 - Block 1 [Training] Throughput (samples/second): 2.1157 [/mnt/ioopt/appbench/apps/MLPerf-storage/dlio_benchmark/dlio_benchmark/utils/statscounter.py:286]
[INFO] 2025-05-05T17:09:55.221313 Ending epoch 1 - 400 steps completed in 945.37 s [/mnt/ioopt/appbench/apps/MLPerf-storage/dlio_benchmark/dlio_benchmark/utils/statscounter.py:225]
[INFO] 2025-05-05T17:09:55.227423 Saved outputs in /mnt/ioopt/appbench/apps/MLPerf-storage/resultsdir/RUN_6/batch_size_5_num_threads_10 [/mnt/ioopt/appbench/apps/MLPerf-storage/dlio_benchmark/dlio_benchmark/utils/statscounter.py:171]
[INFO] Averaged metric over all epochs
[METRIC] ==========================================================
[METRIC] Number of Simulated Accelerators: 1 
[METRIC] Training Accelerator Utilization [AU] (%): 13.9931 (0.0000)
[METRIC] Training Throughput (samples/second): 2.1157 (0.0000)
[METRIC] Training I/O Throughput (MB/second): 295.7957 (0.0000)
[METRIC] train_au_meet_expectation: fail
[METRIC] ==========================================================
 [/mnt/ioopt/appbench/apps/MLPerf-storage/dlio_benchmark/dlio_benchmark/utils/statscounter.py:185]
[INFO] 2025-05-05T17:09:55.233661 outputs saved in RANKID_output.json [/mnt/ioopt/appbench/apps/MLPerf-storage/dlio_benchmark/dlio_benchmark/utils/statscounter.py:378]
