[INFO] 2025-05-05T17:27:58.176064 Profiling DLIO /mnt/ioopt/appbench/apps/MLPerf-storage/resultsdir/RUN_6/batch_size_5_num_threads_14/trace-0-of-1.pfw [/mnt/ioopt/appbench/apps/MLPerf-storage/dlio_benchmark/dlio_benchmark/utils/config.py:189]
[INFO] 2025-05-05T17:27:58.176767 Running DLIO with 1 process(es) [/mnt/ioopt/appbench/apps/MLPerf-storage/dlio_benchmark/dlio_benchmark/main.py:100]
[INFO] Total amount of data each host will consume is 273.064948618412 GB; each host has [np.float64(187.5592384338379)] GB memory [/mnt/ioopt/appbench/apps/MLPerf-storage/dlio_benchmark/dlio_benchmark/utils/statscounter.py:121]
[INFO] 2025-05-05T17:28:14.527089 Max steps per epoch: 400 = 1 * 2000 / 5 / 1 (samples per file * num files / batch size / comm size) [/mnt/ioopt/appbench/apps/MLPerf-storage/dlio_benchmark/dlio_benchmark/main.py:321]
[INFO] 2025-05-05T17:28:14.682916 Starting epoch 1: 400 steps expected [/mnt/ioopt/appbench/apps/MLPerf-storage/dlio_benchmark/dlio_benchmark/utils/statscounter.py:192]
[INFO] 2025-05-05T17:28:14.715046 Starting block 1 [/mnt/ioopt/appbench/apps/MLPerf-storage/dlio_benchmark/dlio_benchmark/utils/statscounter.py:264]
[INFO] 2025-05-05T17:28:48.037851 Rank 0 step 1 processed 5 samples in 33.322617292404175 s [/mnt/ioopt/appbench/apps/MLPerf-storage/dlio_benchmark/dlio_benchmark/utils/statscounter.py:325]
[INFO] 2025-05-05T17:28:48.552806 Rank 0 step 2 processed 5 samples in 0.5139198303222656 s [/mnt/ioopt/appbench/apps/MLPerf-storage/dlio_benchmark/dlio_benchmark/utils/statscounter.py:325]
[INFO] 2025-05-05T17:28:50.952401 Rank 0 step 3 processed 5 samples in 2.399127960205078 s [/mnt/ioopt/appbench/apps/MLPerf-storage/dlio_benchmark/dlio_benchmark/utils/statscounter.py:325]
[INFO] 2025-05-05T17:28:51.287062 Rank 0 step 4 processed 5 samples in 0.33417797088623047 s [/mnt/ioopt/appbench/apps/MLPerf-storage/dlio_benchmark/dlio_benchmark/utils/statscounter.py:325]
[INFO] 2025-05-05T17:28:51.617562 Rank 0 step 5 processed 5 samples in 0.3297536373138428 s [/mnt/ioopt/appbench/apps/MLPerf-storage/dlio_benchmark/dlio_benchmark/utils/statscounter.py:325]
[INFO] 2025-05-05T17:28:51.949593 Rank 0 step 6 processed 5 samples in 0.3315908908843994 s [/mnt/ioopt/appbench/apps/MLPerf-storage/dlio_benchmark/dlio_benchmark/utils/statscounter.py:325]
[INFO] 2025-05-05T17:28:52.278654 Rank 0 step 7 processed 5 samples in 0.3286287784576416 s [/mnt/ioopt/appbench/apps/MLPerf-storage/dlio_benchmark/dlio_benchmark/utils/statscounter.py:325]
[INFO] 2025-05-05T17:28:52.607730 Rank 0 step 8 processed 5 samples in 0.3285496234893799 s [/mnt/ioopt/appbench/apps/MLPerf-storage/dlio_benchmark/dlio_benchmark/utils/statscounter.py:325]
[INFO] 2025-05-05T17:28:52.936458 Rank 0 step 9 processed 5 samples in 0.32829713821411133 s [/mnt/ioopt/appbench/apps/MLPerf-storage/dlio_benchmark/dlio_benchmark/utils/statscounter.py:325]
[INFO] 2025-05-05T17:28:53.265146 Rank 0 step 10 processed 5 samples in 0.328277587890625 s [/mnt/ioopt/appbench/apps/MLPerf-storage/dlio_benchmark/dlio_benchmark/utils/statscounter.py:325]
[INFO] 2025-05-05T17:28:53.620732 Rank 0 step 11 processed 5 samples in 0.32631444931030273 s [/mnt/ioopt/appbench/apps/MLPerf-storage/dlio_benchmark/dlio_benchmark/utils/statscounter.py:325]
[INFO] 2025-05-05T17:28:53.949392 Rank 0 step 12 processed 5 samples in 0.3281853199005127 s [/mnt/ioopt/appbench/apps/MLPerf-storage/dlio_benchmark/dlio_benchmark/utils/statscounter.py:325]
[INFO] 2025-05-05T17:28:54.281648 Rank 0 step 13 processed 5 samples in 0.3318319320678711 s [/mnt/ioopt/appbench/apps/MLPerf-storage/dlio_benchmark/dlio_benchmark/utils/statscounter.py:325]
[INFO] 2025-05-05T17:28:54.610593 Rank 0 step 14 processed 5 samples in 0.3284642696380615 s [/mnt/ioopt/appbench/apps/MLPerf-storage/dlio_benchmark/dlio_benchmark/utils/statscounter.py:325]
[INFO] 2025-05-05T17:29:15.197076 Rank 0 step 15 processed 5 samples in 20.586005210876465 s [/mnt/ioopt/appbench/apps/MLPerf-storage/dlio_benchmark/dlio_benchmark/utils/statscounter.py:325]
[INFO] 2025-05-05T17:29:15.626424 Rank 0 step 16 processed 5 samples in 0.42887330055236816 s [/mnt/ioopt/appbench/apps/MLPerf-storage/dlio_benchmark/dlio_benchmark/utils/statscounter.py:325]
[INFO] 2025-05-05T17:29:19.231778 Rank 0 step 17 processed 5 samples in 3.6050820350646973 s [/mnt/ioopt/appbench/apps/MLPerf-storage/dlio_benchmark/dlio_benchmark/utils/statscounter.py:325]
[INFO] 2025-05-05T17:29:26.288332 Rank 0 step 18 processed 5 samples in 7.056086778640747 s [/mnt/ioopt/appbench/apps/MLPerf-storage/dlio_benchmark/dlio_benchmark/utils/statscounter.py:325]
[INFO] 2025-05-05T17:29:27.440982 Rank 0 step 19 processed 5 samples in 1.1180229187011719 s [/mnt/ioopt/appbench/apps/MLPerf-storage/dlio_benchmark/dlio_benchmark/utils/statscounter.py:325]
[INFO] 2025-05-05T17:29:27.769806 Rank 0 step 20 processed 5 samples in 0.3283209800720215 s [/mnt/ioopt/appbench/apps/MLPerf-storage/dlio_benchmark/dlio_benchmark/utils/statscounter.py:325]
[INFO] 2025-05-05T17:29:28.096278 Rank 0 step 21 processed 5 samples in 0.32601189613342285 s [/mnt/ioopt/appbench/apps/MLPerf-storage/dlio_benchmark/dlio_benchmark/utils/statscounter.py:325]
[INFO] 2025-05-05T17:29:28.424825 Rank 0 step 22 processed 5 samples in 0.3282470703125 s [/mnt/ioopt/appbench/apps/MLPerf-storage/dlio_benchmark/dlio_benchmark/utils/statscounter.py:325]
[INFO] 2025-05-05T17:29:28.751060 Rank 0 step 23 processed 5 samples in 0.32592177391052246 s [/mnt/ioopt/appbench/apps/MLPerf-storage/dlio_benchmark/dlio_benchmark/utils/statscounter.py:325]
[INFO] 2025-05-05T17:29:29.080221 Rank 0 step 24 processed 5 samples in 0.3287079334259033 s [/mnt/ioopt/appbench/apps/MLPerf-storage/dlio_benchmark/dlio_benchmark/utils/statscounter.py:325]
[INFO] 2025-05-05T17:29:29.408891 Rank 0 step 25 processed 5 samples in 0.32820582389831543 s [/mnt/ioopt/appbench/apps/MLPerf-storage/dlio_benchmark/dlio_benchmark/utils/statscounter.py:325]
[INFO] 2025-05-05T17:29:29.737679 Rank 0 step 26 processed 5 samples in 0.328324556350708 s [/mnt/ioopt/appbench/apps/MLPerf-storage/dlio_benchmark/dlio_benchmark/utils/statscounter.py:325]
[INFO] 2025-05-05T17:29:30.069049 Rank 0 step 27 processed 5 samples in 0.33091187477111816 s [/mnt/ioopt/appbench/apps/MLPerf-storage/dlio_benchmark/dlio_benchmark/utils/statscounter.py:325]
[INFO] 2025-05-05T17:29:30.397912 Rank 0 step 28 processed 5 samples in 0.3283426761627197 s [/mnt/ioopt/appbench/apps/MLPerf-storage/dlio_benchmark/dlio_benchmark/utils/statscounter.py:325]
[INFO] 2025-05-05T17:29:51.148204 Rank 0 step 29 processed 5 samples in 20.749837160110474 s [/mnt/ioopt/appbench/apps/MLPerf-storage/dlio_benchmark/dlio_benchmark/utils/statscounter.py:325]
[INFO] 2025-05-05T17:29:52.202182 Rank 0 step 30 processed 5 samples in 1.053478479385376 s [/mnt/ioopt/appbench/apps/MLPerf-storage/dlio_benchmark/dlio_benchmark/utils/statscounter.py:325]
[INFO] 2025-05-05T17:29:53.940788 Rank 0 step 31 processed 5 samples in 1.7381467819213867 s [/mnt/ioopt/appbench/apps/MLPerf-storage/dlio_benchmark/dlio_benchmark/utils/statscounter.py:325]
[INFO] 2025-05-05T17:30:02.304641 Rank 0 step 32 processed 5 samples in 8.363383531570435 s [/mnt/ioopt/appbench/apps/MLPerf-storage/dlio_benchmark/dlio_benchmark/utils/statscounter.py:325]
[INFO] 2025-05-05T17:30:02.633154 Rank 0 step 33 processed 5 samples in 0.3281393051147461 s [/mnt/ioopt/appbench/apps/MLPerf-storage/dlio_benchmark/dlio_benchmark/utils/statscounter.py:325]
[INFO] 2025-05-05T17:30:02.962354 Rank 0 step 34 processed 5 samples in 0.32870960235595703 s [/mnt/ioopt/appbench/apps/MLPerf-storage/dlio_benchmark/dlio_benchmark/utils/statscounter.py:325]
[INFO] 2025-05-05T17:30:05.076537 Rank 0 step 35 processed 5 samples in 2.1137402057647705 s [/mnt/ioopt/appbench/apps/MLPerf-storage/dlio_benchmark/dlio_benchmark/utils/statscounter.py:325]
[INFO] 2025-05-05T17:30:05.406003 Rank 0 step 36 processed 5 samples in 0.32895731925964355 s [/mnt/ioopt/appbench/apps/MLPerf-storage/dlio_benchmark/dlio_benchmark/utils/statscounter.py:325]
[INFO] 2025-05-05T17:30:05.735052 Rank 0 step 37 processed 5 samples in 0.3285365104675293 s [/mnt/ioopt/appbench/apps/MLPerf-storage/dlio_benchmark/dlio_benchmark/utils/statscounter.py:325]
[INFO] 2025-05-05T17:30:06.064100 Rank 0 step 38 processed 5 samples in 0.32858800888061523 s [/mnt/ioopt/appbench/apps/MLPerf-storage/dlio_benchmark/dlio_benchmark/utils/statscounter.py:325]
[INFO] 2025-05-05T17:30:06.392987 Rank 0 step 39 processed 5 samples in 0.32847094535827637 s [/mnt/ioopt/appbench/apps/MLPerf-storage/dlio_benchmark/dlio_benchmark/utils/statscounter.py:325]
[INFO] 2025-05-05T17:30:06.721716 Rank 0 step 40 processed 5 samples in 0.3282809257507324 s [/mnt/ioopt/appbench/apps/MLPerf-storage/dlio_benchmark/dlio_benchmark/utils/statscounter.py:325]
[INFO] 2025-05-05T17:30:07.050716 Rank 0 step 41 processed 5 samples in 0.3285684585571289 s [/mnt/ioopt/appbench/apps/MLPerf-storage/dlio_benchmark/dlio_benchmark/utils/statscounter.py:325]
[INFO] 2025-05-05T17:30:07.379851 Rank 0 step 42 processed 5 samples in 0.3287050724029541 s [/mnt/ioopt/appbench/apps/MLPerf-storage/dlio_benchmark/dlio_benchmark/utils/statscounter.py:325]
[INFO] 2025-05-05T17:30:20.996494 Rank 0 step 43 processed 5 samples in 13.616196393966675 s [/mnt/ioopt/appbench/apps/MLPerf-storage/dlio_benchmark/dlio_benchmark/utils/statscounter.py:325]
[INFO] 2025-05-05T17:30:26.494976 Rank 0 step 44 processed 5 samples in 5.498016119003296 s [/mnt/ioopt/appbench/apps/MLPerf-storage/dlio_benchmark/dlio_benchmark/utils/statscounter.py:325]
[INFO] 2025-05-05T17:30:26.823874 Rank 0 step 45 processed 5 samples in 0.32840943336486816 s [/mnt/ioopt/appbench/apps/MLPerf-storage/dlio_benchmark/dlio_benchmark/utils/statscounter.py:325]
[INFO] 2025-05-05T17:30:30.434248 Rank 0 step 46 processed 5 samples in 3.6099276542663574 s [/mnt/ioopt/appbench/apps/MLPerf-storage/dlio_benchmark/dlio_benchmark/utils/statscounter.py:325]
[INFO] 2025-05-05T17:30:30.763478 Rank 0 step 47 processed 5 samples in 0.3287537097930908 s [/mnt/ioopt/appbench/apps/MLPerf-storage/dlio_benchmark/dlio_benchmark/utils/statscounter.py:325]
[INFO] 2025-05-05T17:30:31.094542 Rank 0 step 48 processed 5 samples in 0.33060622215270996 s [/mnt/ioopt/appbench/apps/MLPerf-storage/dlio_benchmark/dlio_benchmark/utils/statscounter.py:325]
[INFO] 2025-05-05T17:30:35.251309 Rank 0 step 49 processed 5 samples in 4.156244993209839 s [/mnt/ioopt/appbench/apps/MLPerf-storage/dlio_benchmark/dlio_benchmark/utils/statscounter.py:325]
[INFO] 2025-05-05T17:30:35.580302 Rank 0 step 50 processed 5 samples in 0.3284783363342285 s [/mnt/ioopt/appbench/apps/MLPerf-storage/dlio_benchmark/dlio_benchmark/utils/statscounter.py:325]
[INFO] 2025-05-05T17:30:42.624724 Rank 0 step 51 processed 5 samples in 7.043914556503296 s [/mnt/ioopt/appbench/apps/MLPerf-storage/dlio_benchmark/dlio_benchmark/utils/statscounter.py:325]
[INFO] 2025-05-05T17:30:42.954039 Rank 0 step 52 processed 5 samples in 0.32880091667175293 s [/mnt/ioopt/appbench/apps/MLPerf-storage/dlio_benchmark/dlio_benchmark/utils/statscounter.py:325]
[INFO] 2025-05-05T17:30:43.283174 Rank 0 step 53 processed 5 samples in 0.32862424850463867 s [/mnt/ioopt/appbench/apps/MLPerf-storage/dlio_benchmark/dlio_benchmark/utils/statscounter.py:325]
[INFO] 2025-05-05T17:30:43.615810 Rank 0 step 54 processed 5 samples in 0.3321058750152588 s [/mnt/ioopt/appbench/apps/MLPerf-storage/dlio_benchmark/dlio_benchmark/utils/statscounter.py:325]
[INFO] 2025-05-05T17:30:43.951531 Rank 0 step 55 processed 5 samples in 0.33448314666748047 s [/mnt/ioopt/appbench/apps/MLPerf-storage/dlio_benchmark/dlio_benchmark/utils/statscounter.py:325]
[INFO] 2025-05-05T17:30:44.280353 Rank 0 step 56 processed 5 samples in 0.32831788063049316 s [/mnt/ioopt/appbench/apps/MLPerf-storage/dlio_benchmark/dlio_benchmark/utils/statscounter.py:325]
[INFO] 2025-05-05T17:30:51.110890 Rank 0 step 57 processed 5 samples in 6.83007550239563 s [/mnt/ioopt/appbench/apps/MLPerf-storage/dlio_benchmark/dlio_benchmark/utils/statscounter.py:325]
[INFO] 2025-05-05T17:30:51.439707 Rank 0 step 58 processed 5 samples in 0.32826733589172363 s [/mnt/ioopt/appbench/apps/MLPerf-storage/dlio_benchmark/dlio_benchmark/utils/statscounter.py:325]
[INFO] 2025-05-05T17:30:59.316702 Rank 0 step 59 processed 5 samples in 7.876556396484375 s [/mnt/ioopt/appbench/apps/MLPerf-storage/dlio_benchmark/dlio_benchmark/utils/statscounter.py:325]
[INFO] 2025-05-05T17:30:59.645488 Rank 0 step 60 processed 5 samples in 0.3282947540283203 s [/mnt/ioopt/appbench/apps/MLPerf-storage/dlio_benchmark/dlio_benchmark/utils/statscounter.py:325]
[INFO] 2025-05-05T17:31:08.785995 Rank 0 step 61 processed 5 samples in 9.140058279037476 s [/mnt/ioopt/appbench/apps/MLPerf-storage/dlio_benchmark/dlio_benchmark/utils/statscounter.py:325]
[INFO] 2025-05-05T17:31:09.233999 Rank 0 step 62 processed 5 samples in 0.44748735427856445 s [/mnt/ioopt/appbench/apps/MLPerf-storage/dlio_benchmark/dlio_benchmark/utils/statscounter.py:325]
[INFO] 2025-05-05T17:31:09.563312 Rank 0 step 63 processed 5 samples in 0.3287973403930664 s [/mnt/ioopt/appbench/apps/MLPerf-storage/dlio_benchmark/dlio_benchmark/utils/statscounter.py:325]
[INFO] 2025-05-05T17:31:09.892339 Rank 0 step 64 processed 5 samples in 0.32857704162597656 s [/mnt/ioopt/appbench/apps/MLPerf-storage/dlio_benchmark/dlio_benchmark/utils/statscounter.py:325]
[INFO] 2025-05-05T17:31:16.849321 Rank 0 step 65 processed 5 samples in 6.956516981124878 s [/mnt/ioopt/appbench/apps/MLPerf-storage/dlio_benchmark/dlio_benchmark/utils/statscounter.py:325]
[INFO] 2025-05-05T17:31:17.178472 Rank 0 step 66 processed 5 samples in 0.32867980003356934 s [/mnt/ioopt/appbench/apps/MLPerf-storage/dlio_benchmark/dlio_benchmark/utils/statscounter.py:325]
[INFO] 2025-05-05T17:31:17.507770 Rank 0 step 67 processed 5 samples in 0.32886624336242676 s [/mnt/ioopt/appbench/apps/MLPerf-storage/dlio_benchmark/dlio_benchmark/utils/statscounter.py:325]
[INFO] 2025-05-05T17:31:17.836491 Rank 0 step 68 processed 5 samples in 0.3282811641693115 s [/mnt/ioopt/appbench/apps/MLPerf-storage/dlio_benchmark/dlio_benchmark/utils/statscounter.py:325]
[INFO] 2025-05-05T17:31:18.165217 Rank 0 step 69 processed 5 samples in 0.328279972076416 s [/mnt/ioopt/appbench/apps/MLPerf-storage/dlio_benchmark/dlio_benchmark/utils/statscounter.py:325]
[INFO] 2025-05-05T17:31:18.494454 Rank 0 step 70 processed 5 samples in 0.32879114151000977 s [/mnt/ioopt/appbench/apps/MLPerf-storage/dlio_benchmark/dlio_benchmark/utils/statscounter.py:325]
[INFO] 2025-05-05T17:31:22.246574 Rank 0 step 71 processed 5 samples in 3.7516608238220215 s [/mnt/ioopt/appbench/apps/MLPerf-storage/dlio_benchmark/dlio_benchmark/utils/statscounter.py:325]
[INFO] 2025-05-05T17:31:22.614864 Rank 0 step 72 processed 5 samples in 0.3284757137298584 s [/mnt/ioopt/appbench/apps/MLPerf-storage/dlio_benchmark/dlio_benchmark/utils/statscounter.py:325]
[INFO] 2025-05-05T17:31:25.916628 Rank 0 step 73 processed 5 samples in 3.301283359527588 s [/mnt/ioopt/appbench/apps/MLPerf-storage/dlio_benchmark/dlio_benchmark/utils/statscounter.py:325]
[INFO] 2025-05-05T17:31:26.245586 Rank 0 step 74 processed 5 samples in 0.3285071849822998 s [/mnt/ioopt/appbench/apps/MLPerf-storage/dlio_benchmark/dlio_benchmark/utils/statscounter.py:325]
[INFO] 2025-05-05T17:31:37.886991 Rank 0 step 75 processed 5 samples in 11.640965223312378 s [/mnt/ioopt/appbench/apps/MLPerf-storage/dlio_benchmark/dlio_benchmark/utils/statscounter.py:325]
[INFO] 2025-05-05T17:31:41.229624 Rank 0 step 76 processed 5 samples in 3.342024803161621 s [/mnt/ioopt/appbench/apps/MLPerf-storage/dlio_benchmark/dlio_benchmark/utils/statscounter.py:325]
[INFO] 2025-05-05T17:31:41.558498 Rank 0 step 77 processed 5 samples in 0.3283882141113281 s [/mnt/ioopt/appbench/apps/MLPerf-storage/dlio_benchmark/dlio_benchmark/utils/statscounter.py:325]
[INFO] 2025-05-05T17:31:41.887223 Rank 0 step 78 processed 5 samples in 0.3282959461212158 s [/mnt/ioopt/appbench/apps/MLPerf-storage/dlio_benchmark/dlio_benchmark/utils/statscounter.py:325]
[INFO] 2025-05-05T17:31:42.219121 Rank 0 step 79 processed 5 samples in 0.331432580947876 s [/mnt/ioopt/appbench/apps/MLPerf-storage/dlio_benchmark/dlio_benchmark/utils/statscounter.py:325]
[INFO] 2025-05-05T17:31:47.350517 Rank 0 step 80 processed 5 samples in 5.130866050720215 s [/mnt/ioopt/appbench/apps/MLPerf-storage/dlio_benchmark/dlio_benchmark/utils/statscounter.py:325]
[INFO] 2025-05-05T17:31:48.128064 Rank 0 step 81 processed 5 samples in 0.7517697811126709 s [/mnt/ioopt/appbench/apps/MLPerf-storage/dlio_benchmark/dlio_benchmark/utils/statscounter.py:325]
[INFO] 2025-05-05T17:31:48.456868 Rank 0 step 82 processed 5 samples in 0.3283231258392334 s [/mnt/ioopt/appbench/apps/MLPerf-storage/dlio_benchmark/dlio_benchmark/utils/statscounter.py:325]
[INFO] 2025-05-05T17:31:50.679254 Rank 0 step 83 processed 5 samples in 2.2219197750091553 s [/mnt/ioopt/appbench/apps/MLPerf-storage/dlio_benchmark/dlio_benchmark/utils/statscounter.py:325]
[INFO] 2025-05-05T17:31:51.008105 Rank 0 step 84 processed 5 samples in 0.328322172164917 s [/mnt/ioopt/appbench/apps/MLPerf-storage/dlio_benchmark/dlio_benchmark/utils/statscounter.py:325]
[INFO] 2025-05-05T17:31:51.339176 Rank 0 step 85 processed 5 samples in 0.33061933517456055 s [/mnt/ioopt/appbench/apps/MLPerf-storage/dlio_benchmark/dlio_benchmark/utils/statscounter.py:325]
[INFO] 2025-05-05T17:31:57.096522 Rank 0 step 86 processed 5 samples in 5.7568089962005615 s [/mnt/ioopt/appbench/apps/MLPerf-storage/dlio_benchmark/dlio_benchmark/utils/statscounter.py:325]
[INFO] 2025-05-05T17:31:57.425368 Rank 0 step 87 processed 5 samples in 0.3283817768096924 s [/mnt/ioopt/appbench/apps/MLPerf-storage/dlio_benchmark/dlio_benchmark/utils/statscounter.py:325]
[INFO] 2025-05-05T17:31:57.757100 Rank 0 step 88 processed 5 samples in 0.3312852382659912 s [/mnt/ioopt/appbench/apps/MLPerf-storage/dlio_benchmark/dlio_benchmark/utils/statscounter.py:325]
[INFO] 2025-05-05T17:32:07.103267 Rank 0 step 89 processed 5 samples in 9.345610618591309 s [/mnt/ioopt/appbench/apps/MLPerf-storage/dlio_benchmark/dlio_benchmark/utils/statscounter.py:325]
[INFO] 2025-05-05T17:32:12.094963 Rank 0 step 90 processed 5 samples in 4.991195917129517 s [/mnt/ioopt/appbench/apps/MLPerf-storage/dlio_benchmark/dlio_benchmark/utils/statscounter.py:325]
[INFO] 2025-05-05T17:32:12.424075 Rank 0 step 91 processed 5 samples in 0.32862043380737305 s [/mnt/ioopt/appbench/apps/MLPerf-storage/dlio_benchmark/dlio_benchmark/utils/statscounter.py:325]
[INFO] 2025-05-05T17:32:17.839690 Rank 0 step 92 processed 5 samples in 5.374921083450317 s [/mnt/ioopt/appbench/apps/MLPerf-storage/dlio_benchmark/dlio_benchmark/utils/statscounter.py:325]
[INFO] 2025-05-05T17:32:20.023603 Rank 0 step 93 processed 5 samples in 2.1836352348327637 s [/mnt/ioopt/appbench/apps/MLPerf-storage/dlio_benchmark/dlio_benchmark/utils/statscounter.py:325]
[INFO] 2025-05-05T17:32:23.362325 Rank 0 step 94 processed 5 samples in 3.33819317817688 s [/mnt/ioopt/appbench/apps/MLPerf-storage/dlio_benchmark/dlio_benchmark/utils/statscounter.py:325]
[INFO] 2025-05-05T17:32:23.691896 Rank 0 step 95 processed 5 samples in 0.3290436267852783 s [/mnt/ioopt/appbench/apps/MLPerf-storage/dlio_benchmark/dlio_benchmark/utils/statscounter.py:325]
[INFO] 2025-05-05T17:32:24.023501 Rank 0 step 96 processed 5 samples in 0.3311450481414795 s [/mnt/ioopt/appbench/apps/MLPerf-storage/dlio_benchmark/dlio_benchmark/utils/statscounter.py:325]
[INFO] 2025-05-05T17:32:24.352319 Rank 0 step 97 processed 5 samples in 0.3283534049987793 s [/mnt/ioopt/appbench/apps/MLPerf-storage/dlio_benchmark/dlio_benchmark/utils/statscounter.py:325]
[INFO] 2025-05-05T17:32:24.681182 Rank 0 step 98 processed 5 samples in 0.32839512825012207 s [/mnt/ioopt/appbench/apps/MLPerf-storage/dlio_benchmark/dlio_benchmark/utils/statscounter.py:325]
[INFO] 2025-05-05T17:32:30.104761 Rank 0 step 99 processed 5 samples in 5.423126220703125 s [/mnt/ioopt/appbench/apps/MLPerf-storage/dlio_benchmark/dlio_benchmark/utils/statscounter.py:325]
[INFO] 2025-05-05T17:32:30.433681 Rank 0 step 100 processed 5 samples in 0.32842516899108887 s [/mnt/ioopt/appbench/apps/MLPerf-storage/dlio_benchmark/dlio_benchmark/utils/statscounter.py:325]
[INFO] 2025-05-05T17:32:37.777438 Rank 0 step 101 processed 5 samples in 7.34326958656311 s [/mnt/ioopt/appbench/apps/MLPerf-storage/dlio_benchmark/dlio_benchmark/utils/statscounter.py:325]
[INFO] 2025-05-05T17:32:38.106282 Rank 0 step 102 processed 5 samples in 0.3283507823944092 s [/mnt/ioopt/appbench/apps/MLPerf-storage/dlio_benchmark/dlio_benchmark/utils/statscounter.py:325]
[INFO] 2025-05-05T17:32:38.968695 Rank 0 step 103 processed 5 samples in 0.8619208335876465 s [/mnt/ioopt/appbench/apps/MLPerf-storage/dlio_benchmark/dlio_benchmark/utils/statscounter.py:325]
[INFO] 2025-05-05T17:32:39.298324 Rank 0 step 104 processed 5 samples in 0.3288755416870117 s [/mnt/ioopt/appbench/apps/MLPerf-storage/dlio_benchmark/dlio_benchmark/utils/statscounter.py:325]
[INFO] 2025-05-05T17:32:39.629932 Rank 0 step 105 processed 5 samples in 0.3310675621032715 s [/mnt/ioopt/appbench/apps/MLPerf-storage/dlio_benchmark/dlio_benchmark/utils/statscounter.py:325]
[INFO] 2025-05-05T17:32:54.243976 Rank 0 step 106 processed 5 samples in 14.613535404205322 s [/mnt/ioopt/appbench/apps/MLPerf-storage/dlio_benchmark/dlio_benchmark/utils/statscounter.py:325]
[INFO] 2025-05-05T17:32:54.572816 Rank 0 step 107 processed 5 samples in 0.32837677001953125 s [/mnt/ioopt/appbench/apps/MLPerf-storage/dlio_benchmark/dlio_benchmark/utils/statscounter.py:325]
[INFO] 2025-05-05T17:33:02.868208 Rank 0 step 108 processed 5 samples in 8.294961929321289 s [/mnt/ioopt/appbench/apps/MLPerf-storage/dlio_benchmark/dlio_benchmark/utils/statscounter.py:325]
[INFO] 2025-05-05T17:33:03.197202 Rank 0 step 109 processed 5 samples in 0.32851219177246094 s [/mnt/ioopt/appbench/apps/MLPerf-storage/dlio_benchmark/dlio_benchmark/utils/statscounter.py:325]
[INFO] 2025-05-05T17:33:03.523364 Rank 0 step 110 processed 5 samples in 0.32590579986572266 s [/mnt/ioopt/appbench/apps/MLPerf-storage/dlio_benchmark/dlio_benchmark/utils/statscounter.py:325]
[INFO] 2025-05-05T17:33:03.849726 Rank 0 step 111 processed 5 samples in 0.32610630989074707 s [/mnt/ioopt/appbench/apps/MLPerf-storage/dlio_benchmark/dlio_benchmark/utils/statscounter.py:325]
[INFO] 2025-05-05T17:33:04.176160 Rank 0 step 112 processed 5 samples in 0.32616686820983887 s [/mnt/ioopt/appbench/apps/MLPerf-storage/dlio_benchmark/dlio_benchmark/utils/statscounter.py:325]
[INFO] 2025-05-05T17:33:04.504911 Rank 0 step 113 processed 5 samples in 0.3283042907714844 s [/mnt/ioopt/appbench/apps/MLPerf-storage/dlio_benchmark/dlio_benchmark/utils/statscounter.py:325]
[INFO] 2025-05-05T17:33:04.835619 Rank 0 step 114 processed 5 samples in 0.3302433490753174 s [/mnt/ioopt/appbench/apps/MLPerf-storage/dlio_benchmark/dlio_benchmark/utils/statscounter.py:325]
[INFO] 2025-05-05T17:33:15.759101 Rank 0 step 115 processed 5 samples in 10.92301344871521 s [/mnt/ioopt/appbench/apps/MLPerf-storage/dlio_benchmark/dlio_benchmark/utils/statscounter.py:325]
[INFO] 2025-05-05T17:33:16.087995 Rank 0 step 116 processed 5 samples in 0.3284125328063965 s [/mnt/ioopt/appbench/apps/MLPerf-storage/dlio_benchmark/dlio_benchmark/utils/statscounter.py:325]
[INFO] 2025-05-05T17:33:16.416942 Rank 0 step 117 processed 5 samples in 0.328479528427124 s [/mnt/ioopt/appbench/apps/MLPerf-storage/dlio_benchmark/dlio_benchmark/utils/statscounter.py:325]
[INFO] 2025-05-05T17:33:16.745825 Rank 0 step 118 processed 5 samples in 0.32842040061950684 s [/mnt/ioopt/appbench/apps/MLPerf-storage/dlio_benchmark/dlio_benchmark/utils/statscounter.py:325]
[INFO] 2025-05-05T17:33:17.074996 Rank 0 step 119 processed 5 samples in 0.3287062644958496 s [/mnt/ioopt/appbench/apps/MLPerf-storage/dlio_benchmark/dlio_benchmark/utils/statscounter.py:325]
[INFO] 2025-05-05T17:33:28.760715 Rank 0 step 120 processed 5 samples in 11.685234546661377 s [/mnt/ioopt/appbench/apps/MLPerf-storage/dlio_benchmark/dlio_benchmark/utils/statscounter.py:325]
[INFO] 2025-05-05T17:33:29.089768 Rank 0 step 121 processed 5 samples in 0.32855725288391113 s [/mnt/ioopt/appbench/apps/MLPerf-storage/dlio_benchmark/dlio_benchmark/utils/statscounter.py:325]
[INFO] 2025-05-05T17:33:36.248606 Rank 0 step 122 processed 5 samples in 7.158384323120117 s [/mnt/ioopt/appbench/apps/MLPerf-storage/dlio_benchmark/dlio_benchmark/utils/statscounter.py:325]
[INFO] 2025-05-05T17:33:37.670809 Rank 0 step 123 processed 5 samples in 1.4217307567596436 s [/mnt/ioopt/appbench/apps/MLPerf-storage/dlio_benchmark/dlio_benchmark/utils/statscounter.py:325]
[INFO] 2025-05-05T17:33:37.999715 Rank 0 step 124 processed 5 samples in 0.3283803462982178 s [/mnt/ioopt/appbench/apps/MLPerf-storage/dlio_benchmark/dlio_benchmark/utils/statscounter.py:325]
[INFO] 2025-05-05T17:33:38.328886 Rank 0 step 125 processed 5 samples in 0.3286919593811035 s [/mnt/ioopt/appbench/apps/MLPerf-storage/dlio_benchmark/dlio_benchmark/utils/statscounter.py:325]
[INFO] 2025-05-05T17:33:39.399024 Rank 0 step 126 processed 5 samples in 1.0696744918823242 s [/mnt/ioopt/appbench/apps/MLPerf-storage/dlio_benchmark/dlio_benchmark/utils/statscounter.py:325]
[INFO] 2025-05-05T17:33:44.294140 Rank 0 step 127 processed 5 samples in 4.8946239948272705 s [/mnt/ioopt/appbench/apps/MLPerf-storage/dlio_benchmark/dlio_benchmark/utils/statscounter.py:325]
[INFO] 2025-05-05T17:33:44.623191 Rank 0 step 128 processed 5 samples in 0.32858872413635254 s [/mnt/ioopt/appbench/apps/MLPerf-storage/dlio_benchmark/dlio_benchmark/utils/statscounter.py:325]
[INFO] 2025-05-05T17:33:44.952086 Rank 0 step 129 processed 5 samples in 0.32842135429382324 s [/mnt/ioopt/appbench/apps/MLPerf-storage/dlio_benchmark/dlio_benchmark/utils/statscounter.py:325]
[INFO] 2025-05-05T17:33:45.281069 Rank 0 step 130 processed 5 samples in 0.32851719856262207 s [/mnt/ioopt/appbench/apps/MLPerf-storage/dlio_benchmark/dlio_benchmark/utils/statscounter.py:325]
[INFO] 2025-05-05T17:33:45.815825 Rank 0 step 131 processed 5 samples in 0.5342621803283691 s [/mnt/ioopt/appbench/apps/MLPerf-storage/dlio_benchmark/dlio_benchmark/utils/statscounter.py:325]
[INFO] 2025-05-05T17:33:49.517004 Rank 0 step 132 processed 5 samples in 3.7004032135009766 s [/mnt/ioopt/appbench/apps/MLPerf-storage/dlio_benchmark/dlio_benchmark/utils/statscounter.py:325]
[INFO] 2025-05-05T17:33:49.846403 Rank 0 step 133 processed 5 samples in 0.32892465591430664 s [/mnt/ioopt/appbench/apps/MLPerf-storage/dlio_benchmark/dlio_benchmark/utils/statscounter.py:325]
[INFO] 2025-05-05T17:34:01.527679 Rank 0 step 134 processed 5 samples in 11.680793285369873 s [/mnt/ioopt/appbench/apps/MLPerf-storage/dlio_benchmark/dlio_benchmark/utils/statscounter.py:325]
[INFO] 2025-05-05T17:34:01.856761 Rank 0 step 135 processed 5 samples in 0.3285086154937744 s [/mnt/ioopt/appbench/apps/MLPerf-storage/dlio_benchmark/dlio_benchmark/utils/statscounter.py:325]
[INFO] 2025-05-05T17:34:04.655164 Rank 0 step 136 processed 5 samples in 2.7979090213775635 s [/mnt/ioopt/appbench/apps/MLPerf-storage/dlio_benchmark/dlio_benchmark/utils/statscounter.py:325]
[INFO] 2025-05-05T17:34:09.505767 Rank 0 step 137 processed 5 samples in 4.8500730991363525 s [/mnt/ioopt/appbench/apps/MLPerf-storage/dlio_benchmark/dlio_benchmark/utils/statscounter.py:325]
[INFO] 2025-05-05T17:34:09.834731 Rank 0 step 138 processed 5 samples in 0.32839059829711914 s [/mnt/ioopt/appbench/apps/MLPerf-storage/dlio_benchmark/dlio_benchmark/utils/statscounter.py:325]
[INFO] 2025-05-05T17:34:10.164121 Rank 0 step 139 processed 5 samples in 0.3288300037384033 s [/mnt/ioopt/appbench/apps/MLPerf-storage/dlio_benchmark/dlio_benchmark/utils/statscounter.py:325]
[INFO] 2025-05-05T17:34:14.415115 Rank 0 step 140 processed 5 samples in 4.2504589557647705 s [/mnt/ioopt/appbench/apps/MLPerf-storage/dlio_benchmark/dlio_benchmark/utils/statscounter.py:325]
[INFO] 2025-05-05T17:34:20.702955 Rank 0 step 141 processed 5 samples in 6.287323951721191 s [/mnt/ioopt/appbench/apps/MLPerf-storage/dlio_benchmark/dlio_benchmark/utils/statscounter.py:325]
[INFO] 2025-05-05T17:34:21.028718 Rank 0 step 142 processed 5 samples in 0.3253762722015381 s [/mnt/ioopt/appbench/apps/MLPerf-storage/dlio_benchmark/dlio_benchmark/utils/statscounter.py:325]
[INFO] 2025-05-05T17:34:24.822251 Rank 0 step 143 processed 5 samples in 3.7929952144622803 s [/mnt/ioopt/appbench/apps/MLPerf-storage/dlio_benchmark/dlio_benchmark/utils/statscounter.py:325]
[INFO] 2025-05-05T17:34:25.151322 Rank 0 step 144 processed 5 samples in 0.32851123809814453 s [/mnt/ioopt/appbench/apps/MLPerf-storage/dlio_benchmark/dlio_benchmark/utils/statscounter.py:325]
[INFO] 2025-05-05T17:34:25.480342 Rank 0 step 145 processed 5 samples in 0.3284950256347656 s [/mnt/ioopt/appbench/apps/MLPerf-storage/dlio_benchmark/dlio_benchmark/utils/statscounter.py:325]
[INFO] 2025-05-05T17:34:25.809280 Rank 0 step 146 processed 5 samples in 0.3284134864807129 s [/mnt/ioopt/appbench/apps/MLPerf-storage/dlio_benchmark/dlio_benchmark/utils/statscounter.py:325]
[INFO] 2025-05-05T17:34:26.140196 Rank 0 step 147 processed 5 samples in 0.33042359352111816 s [/mnt/ioopt/appbench/apps/MLPerf-storage/dlio_benchmark/dlio_benchmark/utils/statscounter.py:325]
[INFO] 2025-05-05T17:34:37.189134 Rank 0 step 148 processed 5 samples in 11.048440933227539 s [/mnt/ioopt/appbench/apps/MLPerf-storage/dlio_benchmark/dlio_benchmark/utils/statscounter.py:325]
[INFO] 2025-05-05T17:34:39.050040 Rank 0 step 149 processed 5 samples in 1.8603830337524414 s [/mnt/ioopt/appbench/apps/MLPerf-storage/dlio_benchmark/dlio_benchmark/utils/statscounter.py:325]
[INFO] 2025-05-05T17:34:39.379146 Rank 0 step 150 processed 5 samples in 0.32854270935058594 s [/mnt/ioopt/appbench/apps/MLPerf-storage/dlio_benchmark/dlio_benchmark/utils/statscounter.py:325]
[INFO] 2025-05-05T17:34:47.844187 Rank 0 step 151 processed 5 samples in 8.46450161933899 s [/mnt/ioopt/appbench/apps/MLPerf-storage/dlio_benchmark/dlio_benchmark/utils/statscounter.py:325]
[INFO] 2025-05-05T17:34:48.173046 Rank 0 step 152 processed 5 samples in 0.3283565044403076 s [/mnt/ioopt/appbench/apps/MLPerf-storage/dlio_benchmark/dlio_benchmark/utils/statscounter.py:325]
[INFO] 2025-05-05T17:34:48.502248 Rank 0 step 153 processed 5 samples in 0.32872843742370605 s [/mnt/ioopt/appbench/apps/MLPerf-storage/dlio_benchmark/dlio_benchmark/utils/statscounter.py:325]
[INFO] 2025-05-05T17:34:48.831383 Rank 0 step 154 processed 5 samples in 0.328662633895874 s [/mnt/ioopt/appbench/apps/MLPerf-storage/dlio_benchmark/dlio_benchmark/utils/statscounter.py:325]
[INFO] 2025-05-05T17:34:50.452310 Rank 0 step 155 processed 5 samples in 1.6204655170440674 s [/mnt/ioopt/appbench/apps/MLPerf-storage/dlio_benchmark/dlio_benchmark/utils/statscounter.py:325]
[INFO] 2025-05-05T17:34:51.017099 Rank 0 step 156 processed 5 samples in 0.5642175674438477 s [/mnt/ioopt/appbench/apps/MLPerf-storage/dlio_benchmark/dlio_benchmark/utils/statscounter.py:325]
[INFO] 2025-05-05T17:34:58.115235 Rank 0 step 157 processed 5 samples in 7.097413539886475 s [/mnt/ioopt/appbench/apps/MLPerf-storage/dlio_benchmark/dlio_benchmark/utils/statscounter.py:325]
[INFO] 2025-05-05T17:34:59.337018 Rank 0 step 158 processed 5 samples in 1.2212929725646973 s [/mnt/ioopt/appbench/apps/MLPerf-storage/dlio_benchmark/dlio_benchmark/utils/statscounter.py:325]
[INFO] 2025-05-05T17:34:59.668473 Rank 0 step 159 processed 5 samples in 0.3308727741241455 s [/mnt/ioopt/appbench/apps/MLPerf-storage/dlio_benchmark/dlio_benchmark/utils/statscounter.py:325]
[INFO] 2025-05-05T17:34:59.998650 Rank 0 step 160 processed 5 samples in 0.32890844345092773 s [/mnt/ioopt/appbench/apps/MLPerf-storage/dlio_benchmark/dlio_benchmark/utils/statscounter.py:325]
[INFO] 2025-05-05T17:35:00.327878 Rank 0 step 161 processed 5 samples in 0.32874608039855957 s [/mnt/ioopt/appbench/apps/MLPerf-storage/dlio_benchmark/dlio_benchmark/utils/statscounter.py:325]
[INFO] 2025-05-05T17:35:10.248539 Rank 0 step 162 processed 5 samples in 9.920193910598755 s [/mnt/ioopt/appbench/apps/MLPerf-storage/dlio_benchmark/dlio_benchmark/utils/statscounter.py:325]
[INFO] 2025-05-05T17:35:10.575875 Rank 0 step 163 processed 5 samples in 0.3269941806793213 s [/mnt/ioopt/appbench/apps/MLPerf-storage/dlio_benchmark/dlio_benchmark/utils/statscounter.py:325]
[INFO] 2025-05-05T17:35:13.353930 Rank 0 step 164 processed 5 samples in 2.7775983810424805 s [/mnt/ioopt/appbench/apps/MLPerf-storage/dlio_benchmark/dlio_benchmark/utils/statscounter.py:325]
[INFO] 2025-05-05T17:35:14.823577 Rank 0 step 165 processed 5 samples in 1.469205379486084 s [/mnt/ioopt/appbench/apps/MLPerf-storage/dlio_benchmark/dlio_benchmark/utils/statscounter.py:325]
[INFO] 2025-05-05T17:35:15.720570 Rank 0 step 166 processed 5 samples in 0.8965213298797607 s [/mnt/ioopt/appbench/apps/MLPerf-storage/dlio_benchmark/dlio_benchmark/utils/statscounter.py:325]
[INFO] 2025-05-05T17:35:20.351141 Rank 0 step 167 processed 5 samples in 4.63009238243103 s [/mnt/ioopt/appbench/apps/MLPerf-storage/dlio_benchmark/dlio_benchmark/utils/statscounter.py:325]
[INFO] 2025-05-05T17:35:20.676747 Rank 0 step 168 processed 5 samples in 0.3252847194671631 s [/mnt/ioopt/appbench/apps/MLPerf-storage/dlio_benchmark/dlio_benchmark/utils/statscounter.py:325]
[INFO] 2025-05-05T17:35:21.005964 Rank 0 step 169 processed 5 samples in 0.3286895751953125 s [/mnt/ioopt/appbench/apps/MLPerf-storage/dlio_benchmark/dlio_benchmark/utils/statscounter.py:325]
[INFO] 2025-05-05T17:35:21.334748 Rank 0 step 170 processed 5 samples in 0.328289270401001 s [/mnt/ioopt/appbench/apps/MLPerf-storage/dlio_benchmark/dlio_benchmark/utils/statscounter.py:325]
[INFO] 2025-05-05T17:35:31.081400 Rank 0 step 171 processed 5 samples in 9.746151685714722 s [/mnt/ioopt/appbench/apps/MLPerf-storage/dlio_benchmark/dlio_benchmark/utils/statscounter.py:325]
[INFO] 2025-05-05T17:35:35.314672 Rank 0 step 172 processed 5 samples in 4.196633815765381 s [/mnt/ioopt/appbench/apps/MLPerf-storage/dlio_benchmark/dlio_benchmark/utils/statscounter.py:325]
[INFO] 2025-05-05T17:35:35.644304 Rank 0 step 173 processed 5 samples in 0.32910990715026855 s [/mnt/ioopt/appbench/apps/MLPerf-storage/dlio_benchmark/dlio_benchmark/utils/statscounter.py:325]
[INFO] 2025-05-05T17:35:35.970897 Rank 0 step 174 processed 5 samples in 0.32621335983276367 s [/mnt/ioopt/appbench/apps/MLPerf-storage/dlio_benchmark/dlio_benchmark/utils/statscounter.py:325]
[INFO] 2025-05-05T17:35:36.302606 Rank 0 step 175 processed 5 samples in 0.33123159408569336 s [/mnt/ioopt/appbench/apps/MLPerf-storage/dlio_benchmark/dlio_benchmark/utils/statscounter.py:325]
[INFO] 2025-05-05T17:35:37.110222 Rank 0 step 176 processed 5 samples in 0.8070449829101562 s [/mnt/ioopt/appbench/apps/MLPerf-storage/dlio_benchmark/dlio_benchmark/utils/statscounter.py:325]
[INFO] 2025-05-05T17:35:37.439075 Rank 0 step 177 processed 5 samples in 0.3283696174621582 s [/mnt/ioopt/appbench/apps/MLPerf-storage/dlio_benchmark/dlio_benchmark/utils/statscounter.py:325]
[INFO] 2025-05-05T17:35:45.436965 Rank 0 step 178 processed 5 samples in 7.997424364089966 s [/mnt/ioopt/appbench/apps/MLPerf-storage/dlio_benchmark/dlio_benchmark/utils/statscounter.py:325]
[INFO] 2025-05-05T17:35:46.501488 Rank 0 step 179 processed 5 samples in 1.0640490055084229 s [/mnt/ioopt/appbench/apps/MLPerf-storage/dlio_benchmark/dlio_benchmark/utils/statscounter.py:325]
[INFO] 2025-05-05T17:35:46.830103 Rank 0 step 180 processed 5 samples in 0.32815980911254883 s [/mnt/ioopt/appbench/apps/MLPerf-storage/dlio_benchmark/dlio_benchmark/utils/statscounter.py:325]
[INFO] 2025-05-05T17:35:47.299442 Rank 0 step 181 processed 5 samples in 0.4689211845397949 s [/mnt/ioopt/appbench/apps/MLPerf-storage/dlio_benchmark/dlio_benchmark/utils/statscounter.py:325]
[INFO] 2025-05-05T17:35:51.635598 Rank 0 step 182 processed 5 samples in 4.335641145706177 s [/mnt/ioopt/appbench/apps/MLPerf-storage/dlio_benchmark/dlio_benchmark/utils/statscounter.py:325]
[INFO] 2025-05-05T17:35:51.966913 Rank 0 step 183 processed 5 samples in 0.3308262825012207 s [/mnt/ioopt/appbench/apps/MLPerf-storage/dlio_benchmark/dlio_benchmark/utils/statscounter.py:325]
[INFO] 2025-05-05T17:35:52.295698 Rank 0 step 184 processed 5 samples in 0.3282778263092041 s [/mnt/ioopt/appbench/apps/MLPerf-storage/dlio_benchmark/dlio_benchmark/utils/statscounter.py:325]
[INFO] 2025-05-05T17:35:53.356354 Rank 0 step 185 processed 5 samples in 1.0602052211761475 s [/mnt/ioopt/appbench/apps/MLPerf-storage/dlio_benchmark/dlio_benchmark/utils/statscounter.py:325]
[INFO] 2025-05-05T17:36:07.724177 Rank 0 step 186 processed 5 samples in 14.367438316345215 s [/mnt/ioopt/appbench/apps/MLPerf-storage/dlio_benchmark/dlio_benchmark/utils/statscounter.py:325]
[INFO] 2025-05-05T17:36:10.340852 Rank 0 step 187 processed 5 samples in 2.616156578063965 s [/mnt/ioopt/appbench/apps/MLPerf-storage/dlio_benchmark/dlio_benchmark/utils/statscounter.py:325]
[INFO] 2025-05-05T17:36:10.670054 Rank 0 step 188 processed 5 samples in 0.32866358757019043 s [/mnt/ioopt/appbench/apps/MLPerf-storage/dlio_benchmark/dlio_benchmark/utils/statscounter.py:325]
[INFO] 2025-05-05T17:36:12.984058 Rank 0 step 189 processed 5 samples in 2.313533067703247 s [/mnt/ioopt/appbench/apps/MLPerf-storage/dlio_benchmark/dlio_benchmark/utils/statscounter.py:325]
[INFO] 2025-05-05T17:36:13.373409 Rank 0 step 190 processed 5 samples in 0.38883304595947266 s [/mnt/ioopt/appbench/apps/MLPerf-storage/dlio_benchmark/dlio_benchmark/utils/statscounter.py:325]
[INFO] 2025-05-05T17:36:13.702313 Rank 0 step 191 processed 5 samples in 0.32839155197143555 s [/mnt/ioopt/appbench/apps/MLPerf-storage/dlio_benchmark/dlio_benchmark/utils/statscounter.py:325]
[INFO] 2025-05-05T17:36:14.457048 Rank 0 step 192 processed 5 samples in 0.7542827129364014 s [/mnt/ioopt/appbench/apps/MLPerf-storage/dlio_benchmark/dlio_benchmark/utils/statscounter.py:325]
[INFO] 2025-05-05T17:36:26.312255 Rank 0 step 193 processed 5 samples in 11.85473108291626 s [/mnt/ioopt/appbench/apps/MLPerf-storage/dlio_benchmark/dlio_benchmark/utils/statscounter.py:325]
[INFO] 2025-05-05T17:36:26.641372 Rank 0 step 194 processed 5 samples in 0.32863521575927734 s [/mnt/ioopt/appbench/apps/MLPerf-storage/dlio_benchmark/dlio_benchmark/utils/statscounter.py:325]
[INFO] 2025-05-05T17:36:27.877435 Rank 0 step 195 processed 5 samples in 1.235584020614624 s [/mnt/ioopt/appbench/apps/MLPerf-storage/dlio_benchmark/dlio_benchmark/utils/statscounter.py:325]
[INFO] 2025-05-05T17:36:28.206794 Rank 0 step 196 processed 5 samples in 0.3288118839263916 s [/mnt/ioopt/appbench/apps/MLPerf-storage/dlio_benchmark/dlio_benchmark/utils/statscounter.py:325]
[INFO] 2025-05-05T17:36:28.538869 Rank 0 step 197 processed 5 samples in 0.33144593238830566 s [/mnt/ioopt/appbench/apps/MLPerf-storage/dlio_benchmark/dlio_benchmark/utils/statscounter.py:325]
[INFO] 2025-05-05T17:36:28.870476 Rank 0 step 198 processed 5 samples in 0.3310844898223877 s [/mnt/ioopt/appbench/apps/MLPerf-storage/dlio_benchmark/dlio_benchmark/utils/statscounter.py:325]
[INFO] 2025-05-05T17:36:29.199327 Rank 0 step 199 processed 5 samples in 0.3283805847167969 s [/mnt/ioopt/appbench/apps/MLPerf-storage/dlio_benchmark/dlio_benchmark/utils/statscounter.py:325]
[INFO] 2025-05-05T17:36:45.927045 Rank 0 step 200 processed 5 samples in 16.727241277694702 s [/mnt/ioopt/appbench/apps/MLPerf-storage/dlio_benchmark/dlio_benchmark/utils/statscounter.py:325]
[INFO] 2025-05-05T17:36:46.255857 Rank 0 step 201 processed 5 samples in 0.3283045291900635 s [/mnt/ioopt/appbench/apps/MLPerf-storage/dlio_benchmark/dlio_benchmark/utils/statscounter.py:325]
[INFO] 2025-05-05T17:36:46.585281 Rank 0 step 202 processed 5 samples in 0.3289365768432617 s [/mnt/ioopt/appbench/apps/MLPerf-storage/dlio_benchmark/dlio_benchmark/utils/statscounter.py:325]
[INFO] 2025-05-05T17:36:46.914254 Rank 0 step 203 processed 5 samples in 0.3283381462097168 s [/mnt/ioopt/appbench/apps/MLPerf-storage/dlio_benchmark/dlio_benchmark/utils/statscounter.py:325]
[INFO] 2025-05-05T17:36:50.480723 Rank 0 step 204 processed 5 samples in 3.566009998321533 s [/mnt/ioopt/appbench/apps/MLPerf-storage/dlio_benchmark/dlio_benchmark/utils/statscounter.py:325]
[INFO] 2025-05-05T17:36:50.809682 Rank 0 step 205 processed 5 samples in 0.32848620414733887 s [/mnt/ioopt/appbench/apps/MLPerf-storage/dlio_benchmark/dlio_benchmark/utils/statscounter.py:325]
[INFO] 2025-05-05T17:36:51.138862 Rank 0 step 206 processed 5 samples in 0.32871079444885254 s [/mnt/ioopt/appbench/apps/MLPerf-storage/dlio_benchmark/dlio_benchmark/utils/statscounter.py:325]
[INFO] 2025-05-05T17:36:59.051099 Rank 0 step 207 processed 5 samples in 7.911692380905151 s [/mnt/ioopt/appbench/apps/MLPerf-storage/dlio_benchmark/dlio_benchmark/utils/statscounter.py:325]
[INFO] 2025-05-05T17:36:59.381315 Rank 0 step 208 processed 5 samples in 0.32942819595336914 s [/mnt/ioopt/appbench/apps/MLPerf-storage/dlio_benchmark/dlio_benchmark/utils/statscounter.py:325]
[INFO] 2025-05-05T17:36:59.710267 Rank 0 step 209 processed 5 samples in 0.3284413814544678 s [/mnt/ioopt/appbench/apps/MLPerf-storage/dlio_benchmark/dlio_benchmark/utils/statscounter.py:325]
[INFO] 2025-05-05T17:37:00.039561 Rank 0 step 210 processed 5 samples in 0.32883238792419434 s [/mnt/ioopt/appbench/apps/MLPerf-storage/dlio_benchmark/dlio_benchmark/utils/statscounter.py:325]
[INFO] 2025-05-05T17:37:00.368877 Rank 0 step 211 processed 5 samples in 0.32885098457336426 s [/mnt/ioopt/appbench/apps/MLPerf-storage/dlio_benchmark/dlio_benchmark/utils/statscounter.py:325]
[INFO] 2025-05-05T17:37:03.292970 Rank 0 step 212 processed 5 samples in 2.923631429672241 s [/mnt/ioopt/appbench/apps/MLPerf-storage/dlio_benchmark/dlio_benchmark/utils/statscounter.py:325]
[INFO] 2025-05-05T17:37:04.654487 Rank 0 step 213 processed 5 samples in 1.3610639572143555 s [/mnt/ioopt/appbench/apps/MLPerf-storage/dlio_benchmark/dlio_benchmark/utils/statscounter.py:325]
[INFO] 2025-05-05T17:37:17.795203 Rank 0 step 214 processed 5 samples in 13.140240669250488 s [/mnt/ioopt/appbench/apps/MLPerf-storage/dlio_benchmark/dlio_benchmark/utils/statscounter.py:325]
[INFO] 2025-05-05T17:37:18.124154 Rank 0 step 215 processed 5 samples in 0.32843947410583496 s [/mnt/ioopt/appbench/apps/MLPerf-storage/dlio_benchmark/dlio_benchmark/utils/statscounter.py:325]
[INFO] 2025-05-05T17:37:18.453088 Rank 0 step 216 processed 5 samples in 0.32846784591674805 s [/mnt/ioopt/appbench/apps/MLPerf-storage/dlio_benchmark/dlio_benchmark/utils/statscounter.py:325]
[INFO] 2025-05-05T17:37:18.782166 Rank 0 step 217 processed 5 samples in 0.32861900329589844 s [/mnt/ioopt/appbench/apps/MLPerf-storage/dlio_benchmark/dlio_benchmark/utils/statscounter.py:325]
[INFO] 2025-05-05T17:37:28.280413 Rank 0 step 218 processed 5 samples in 9.497759819030762 s [/mnt/ioopt/appbench/apps/MLPerf-storage/dlio_benchmark/dlio_benchmark/utils/statscounter.py:325]
[INFO] 2025-05-05T17:37:28.609988 Rank 0 step 219 processed 5 samples in 0.3290591239929199 s [/mnt/ioopt/appbench/apps/MLPerf-storage/dlio_benchmark/dlio_benchmark/utils/statscounter.py:325]
[INFO] 2025-05-05T17:37:28.939261 Rank 0 step 220 processed 5 samples in 0.32878828048706055 s [/mnt/ioopt/appbench/apps/MLPerf-storage/dlio_benchmark/dlio_benchmark/utils/statscounter.py:325]
[INFO] 2025-05-05T17:37:33.053623 Rank 0 step 221 processed 5 samples in 4.113945484161377 s [/mnt/ioopt/appbench/apps/MLPerf-storage/dlio_benchmark/dlio_benchmark/utils/statscounter.py:325]
[INFO] 2025-05-05T17:37:33.379706 Rank 0 step 222 processed 5 samples in 0.3255331516265869 s [/mnt/ioopt/appbench/apps/MLPerf-storage/dlio_benchmark/dlio_benchmark/utils/statscounter.py:325]
[INFO] 2025-05-05T17:37:33.708873 Rank 0 step 223 processed 5 samples in 0.32867431640625 s [/mnt/ioopt/appbench/apps/MLPerf-storage/dlio_benchmark/dlio_benchmark/utils/statscounter.py:325]
[INFO] 2025-05-05T17:37:34.069726 Rank 0 step 224 processed 5 samples in 0.32736659049987793 s [/mnt/ioopt/appbench/apps/MLPerf-storage/dlio_benchmark/dlio_benchmark/utils/statscounter.py:325]
[INFO] 2025-05-05T17:37:34.399182 Rank 0 step 225 processed 5 samples in 0.3289337158203125 s [/mnt/ioopt/appbench/apps/MLPerf-storage/dlio_benchmark/dlio_benchmark/utils/statscounter.py:325]
[INFO] 2025-05-05T17:37:41.565555 Rank 0 step 226 processed 5 samples in 7.165833234786987 s [/mnt/ioopt/appbench/apps/MLPerf-storage/dlio_benchmark/dlio_benchmark/utils/statscounter.py:325]
[INFO] 2025-05-05T17:37:41.894434 Rank 0 step 227 processed 5 samples in 0.328319787979126 s [/mnt/ioopt/appbench/apps/MLPerf-storage/dlio_benchmark/dlio_benchmark/utils/statscounter.py:325]
[INFO] 2025-05-05T17:37:51.672829 Rank 0 step 228 processed 5 samples in 9.777935981750488 s [/mnt/ioopt/appbench/apps/MLPerf-storage/dlio_benchmark/dlio_benchmark/utils/statscounter.py:325]
[INFO] 2025-05-05T17:37:52.001787 Rank 0 step 229 processed 5 samples in 0.3283975124359131 s [/mnt/ioopt/appbench/apps/MLPerf-storage/dlio_benchmark/dlio_benchmark/utils/statscounter.py:325]
[INFO] 2025-05-05T17:37:54.153415 Rank 0 step 230 processed 5 samples in 2.151080846786499 s [/mnt/ioopt/appbench/apps/MLPerf-storage/dlio_benchmark/dlio_benchmark/utils/statscounter.py:325]
[INFO] 2025-05-05T17:37:54.482317 Rank 0 step 231 processed 5 samples in 0.32838916778564453 s [/mnt/ioopt/appbench/apps/MLPerf-storage/dlio_benchmark/dlio_benchmark/utils/statscounter.py:325]
[INFO] 2025-05-05T17:38:03.749394 Rank 0 step 232 processed 5 samples in 9.266638040542603 s [/mnt/ioopt/appbench/apps/MLPerf-storage/dlio_benchmark/dlio_benchmark/utils/statscounter.py:325]
[INFO] 2025-05-05T17:38:04.078489 Rank 0 step 233 processed 5 samples in 0.3286318778991699 s [/mnt/ioopt/appbench/apps/MLPerf-storage/dlio_benchmark/dlio_benchmark/utils/statscounter.py:325]
[INFO] 2025-05-05T17:38:04.407205 Rank 0 step 234 processed 5 samples in 0.3282606601715088 s [/mnt/ioopt/appbench/apps/MLPerf-storage/dlio_benchmark/dlio_benchmark/utils/statscounter.py:325]
[INFO] 2025-05-05T17:38:04.736081 Rank 0 step 235 processed 5 samples in 0.32842564582824707 s [/mnt/ioopt/appbench/apps/MLPerf-storage/dlio_benchmark/dlio_benchmark/utils/statscounter.py:325]
[INFO] 2025-05-05T17:38:05.065307 Rank 0 step 236 processed 5 samples in 0.32875752449035645 s [/mnt/ioopt/appbench/apps/MLPerf-storage/dlio_benchmark/dlio_benchmark/utils/statscounter.py:325]
[INFO] 2025-05-05T17:38:05.396856 Rank 0 step 237 processed 5 samples in 0.33098793029785156 s [/mnt/ioopt/appbench/apps/MLPerf-storage/dlio_benchmark/dlio_benchmark/utils/statscounter.py:325]
[INFO] 2025-05-05T17:38:05.725884 Rank 0 step 238 processed 5 samples in 0.3285212516784668 s [/mnt/ioopt/appbench/apps/MLPerf-storage/dlio_benchmark/dlio_benchmark/utils/statscounter.py:325]
[INFO] 2025-05-05T17:38:06.057266 Rank 0 step 239 processed 5 samples in 0.33090758323669434 s [/mnt/ioopt/appbench/apps/MLPerf-storage/dlio_benchmark/dlio_benchmark/utils/statscounter.py:325]
[INFO] 2025-05-05T17:38:17.022219 Rank 0 step 240 processed 5 samples in 10.96446681022644 s [/mnt/ioopt/appbench/apps/MLPerf-storage/dlio_benchmark/dlio_benchmark/utils/statscounter.py:325]
[INFO] 2025-05-05T17:38:17.351229 Rank 0 step 241 processed 5 samples in 0.32852888107299805 s [/mnt/ioopt/appbench/apps/MLPerf-storage/dlio_benchmark/dlio_benchmark/utils/statscounter.py:325]
[INFO] 2025-05-05T17:38:31.731444 Rank 0 step 242 processed 5 samples in 14.379745960235596 s [/mnt/ioopt/appbench/apps/MLPerf-storage/dlio_benchmark/dlio_benchmark/utils/statscounter.py:325]
[INFO] 2025-05-05T17:38:32.558057 Rank 0 step 243 processed 5 samples in 0.8260343074798584 s [/mnt/ioopt/appbench/apps/MLPerf-storage/dlio_benchmark/dlio_benchmark/utils/statscounter.py:325]
[INFO] 2025-05-05T17:38:32.886993 Rank 0 step 244 processed 5 samples in 0.3283820152282715 s [/mnt/ioopt/appbench/apps/MLPerf-storage/dlio_benchmark/dlio_benchmark/utils/statscounter.py:325]
[INFO] 2025-05-05T17:38:33.215832 Rank 0 step 245 processed 5 samples in 0.3282947540283203 s [/mnt/ioopt/appbench/apps/MLPerf-storage/dlio_benchmark/dlio_benchmark/utils/statscounter.py:325]
[INFO] 2025-05-05T17:38:38.967394 Rank 0 step 246 processed 5 samples in 5.751027345657349 s [/mnt/ioopt/appbench/apps/MLPerf-storage/dlio_benchmark/dlio_benchmark/utils/statscounter.py:325]
[INFO] 2025-05-05T17:38:39.296407 Rank 0 step 247 processed 5 samples in 0.32850027084350586 s [/mnt/ioopt/appbench/apps/MLPerf-storage/dlio_benchmark/dlio_benchmark/utils/statscounter.py:325]
[INFO] 2025-05-05T17:38:39.625724 Rank 0 step 248 processed 5 samples in 0.32885217666625977 s [/mnt/ioopt/appbench/apps/MLPerf-storage/dlio_benchmark/dlio_benchmark/utils/statscounter.py:325]
[INFO] 2025-05-05T17:38:39.955241 Rank 0 step 249 processed 5 samples in 0.3290133476257324 s [/mnt/ioopt/appbench/apps/MLPerf-storage/dlio_benchmark/dlio_benchmark/utils/statscounter.py:325]
[INFO] 2025-05-05T17:38:40.286744 Rank 0 step 250 processed 5 samples in 0.3309476375579834 s [/mnt/ioopt/appbench/apps/MLPerf-storage/dlio_benchmark/dlio_benchmark/utils/statscounter.py:325]
[INFO] 2025-05-05T17:38:40.615574 Rank 0 step 251 processed 5 samples in 0.3282957077026367 s [/mnt/ioopt/appbench/apps/MLPerf-storage/dlio_benchmark/dlio_benchmark/utils/statscounter.py:325]
[INFO] 2025-05-05T17:38:40.944753 Rank 0 step 252 processed 5 samples in 0.32847166061401367 s [/mnt/ioopt/appbench/apps/MLPerf-storage/dlio_benchmark/dlio_benchmark/utils/statscounter.py:325]
[INFO] 2025-05-05T17:38:41.273669 Rank 0 step 253 processed 5 samples in 0.32838010787963867 s [/mnt/ioopt/appbench/apps/MLPerf-storage/dlio_benchmark/dlio_benchmark/utils/statscounter.py:325]
[INFO] 2025-05-05T17:38:51.741616 Rank 0 step 254 processed 5 samples in 10.467421054840088 s [/mnt/ioopt/appbench/apps/MLPerf-storage/dlio_benchmark/dlio_benchmark/utils/statscounter.py:325]
[INFO] 2025-05-05T17:38:52.072801 Rank 0 step 255 processed 5 samples in 0.3306746482849121 s [/mnt/ioopt/appbench/apps/MLPerf-storage/dlio_benchmark/dlio_benchmark/utils/statscounter.py:325]
[INFO] 2025-05-05T17:39:00.215179 Rank 0 step 256 processed 5 samples in 8.141228914260864 s [/mnt/ioopt/appbench/apps/MLPerf-storage/dlio_benchmark/dlio_benchmark/utils/statscounter.py:325]
[INFO] 2025-05-05T17:39:00.544304 Rank 0 step 257 processed 5 samples in 0.3286306858062744 s [/mnt/ioopt/appbench/apps/MLPerf-storage/dlio_benchmark/dlio_benchmark/utils/statscounter.py:325]
[INFO] 2025-05-05T17:39:04.952836 Rank 0 step 258 processed 5 samples in 4.408070802688599 s [/mnt/ioopt/appbench/apps/MLPerf-storage/dlio_benchmark/dlio_benchmark/utils/statscounter.py:325]
[INFO] 2025-05-05T17:39:05.282442 Rank 0 step 259 processed 5 samples in 0.3291306495666504 s [/mnt/ioopt/appbench/apps/MLPerf-storage/dlio_benchmark/dlio_benchmark/utils/statscounter.py:325]
[INFO] 2025-05-05T17:39:08.166391 Rank 0 step 260 processed 5 samples in 2.8834872245788574 s [/mnt/ioopt/appbench/apps/MLPerf-storage/dlio_benchmark/dlio_benchmark/utils/statscounter.py:325]
[INFO] 2025-05-05T17:39:11.562209 Rank 0 step 261 processed 5 samples in 3.3954265117645264 s [/mnt/ioopt/appbench/apps/MLPerf-storage/dlio_benchmark/dlio_benchmark/utils/statscounter.py:325]
[INFO] 2025-05-05T17:39:11.891067 Rank 0 step 262 processed 5 samples in 0.3283233642578125 s [/mnt/ioopt/appbench/apps/MLPerf-storage/dlio_benchmark/dlio_benchmark/utils/statscounter.py:325]
[INFO] 2025-05-05T17:39:12.220737 Rank 0 step 263 processed 5 samples in 0.3291454315185547 s [/mnt/ioopt/appbench/apps/MLPerf-storage/dlio_benchmark/dlio_benchmark/utils/statscounter.py:325]
[INFO] 2025-05-05T17:39:14.541217 Rank 0 step 264 processed 5 samples in 2.3199782371520996 s [/mnt/ioopt/appbench/apps/MLPerf-storage/dlio_benchmark/dlio_benchmark/utils/statscounter.py:325]
[INFO] 2025-05-05T17:39:14.870056 Rank 0 step 265 processed 5 samples in 0.3283720016479492 s [/mnt/ioopt/appbench/apps/MLPerf-storage/dlio_benchmark/dlio_benchmark/utils/statscounter.py:325]
[INFO] 2025-05-05T17:39:15.198859 Rank 0 step 266 processed 5 samples in 0.3283803462982178 s [/mnt/ioopt/appbench/apps/MLPerf-storage/dlio_benchmark/dlio_benchmark/utils/statscounter.py:325]
[INFO] 2025-05-05T17:39:15.528212 Rank 0 step 267 processed 5 samples in 0.32883238792419434 s [/mnt/ioopt/appbench/apps/MLPerf-storage/dlio_benchmark/dlio_benchmark/utils/statscounter.py:325]
[INFO] 2025-05-05T17:39:17.426433 Rank 0 step 268 processed 5 samples in 1.8979482650756836 s [/mnt/ioopt/appbench/apps/MLPerf-storage/dlio_benchmark/dlio_benchmark/utils/statscounter.py:325]
[INFO] 2025-05-05T17:39:29.609720 Rank 0 step 269 processed 5 samples in 12.182802677154541 s [/mnt/ioopt/appbench/apps/MLPerf-storage/dlio_benchmark/dlio_benchmark/utils/statscounter.py:325]
[INFO] 2025-05-05T17:39:29.936326 Rank 0 step 270 processed 5 samples in 0.3262026309967041 s [/mnt/ioopt/appbench/apps/MLPerf-storage/dlio_benchmark/dlio_benchmark/utils/statscounter.py:325]
[INFO] 2025-05-05T17:39:32.105233 Rank 0 step 271 processed 5 samples in 2.1684398651123047 s [/mnt/ioopt/appbench/apps/MLPerf-storage/dlio_benchmark/dlio_benchmark/utils/statscounter.py:325]
[INFO] 2025-05-05T17:39:35.892001 Rank 0 step 272 processed 5 samples in 3.7862296104431152 s [/mnt/ioopt/appbench/apps/MLPerf-storage/dlio_benchmark/dlio_benchmark/utils/statscounter.py:325]
[INFO] 2025-05-05T17:39:36.218552 Rank 0 step 273 processed 5 samples in 0.32603931427001953 s [/mnt/ioopt/appbench/apps/MLPerf-storage/dlio_benchmark/dlio_benchmark/utils/statscounter.py:325]
[INFO] 2025-05-05T17:39:39.829713 Rank 0 step 274 processed 5 samples in 3.610861301422119 s [/mnt/ioopt/appbench/apps/MLPerf-storage/dlio_benchmark/dlio_benchmark/utils/statscounter.py:325]
[INFO] 2025-05-05T17:39:40.158419 Rank 0 step 275 processed 5 samples in 0.32823681831359863 s [/mnt/ioopt/appbench/apps/MLPerf-storage/dlio_benchmark/dlio_benchmark/utils/statscounter.py:325]
[INFO] 2025-05-05T17:39:41.909339 Rank 0 step 276 processed 5 samples in 1.7504236698150635 s [/mnt/ioopt/appbench/apps/MLPerf-storage/dlio_benchmark/dlio_benchmark/utils/statscounter.py:325]
[INFO] 2025-05-05T17:39:42.326354 Rank 0 step 277 processed 5 samples in 0.3289530277252197 s [/mnt/ioopt/appbench/apps/MLPerf-storage/dlio_benchmark/dlio_benchmark/utils/statscounter.py:325]
[INFO] 2025-05-05T17:39:43.920126 Rank 0 step 278 processed 5 samples in 1.593315839767456 s [/mnt/ioopt/appbench/apps/MLPerf-storage/dlio_benchmark/dlio_benchmark/utils/statscounter.py:325]
[INFO] 2025-05-05T17:39:44.248997 Rank 0 step 279 processed 5 samples in 0.32843518257141113 s [/mnt/ioopt/appbench/apps/MLPerf-storage/dlio_benchmark/dlio_benchmark/utils/statscounter.py:325]
[INFO] 2025-05-05T17:39:46.279604 Rank 0 step 280 processed 5 samples in 2.0301425457000732 s [/mnt/ioopt/appbench/apps/MLPerf-storage/dlio_benchmark/dlio_benchmark/utils/statscounter.py:325]
[INFO] 2025-05-05T17:39:52.983643 Rank 0 step 281 processed 5 samples in 6.703549146652222 s [/mnt/ioopt/appbench/apps/MLPerf-storage/dlio_benchmark/dlio_benchmark/utils/statscounter.py:325]
[INFO] 2025-05-05T17:39:53.313117 Rank 0 step 282 processed 5 samples in 0.32898569107055664 s [/mnt/ioopt/appbench/apps/MLPerf-storage/dlio_benchmark/dlio_benchmark/utils/statscounter.py:325]
[INFO] 2025-05-05T17:39:56.424945 Rank 0 step 283 processed 5 samples in 3.111366033554077 s [/mnt/ioopt/appbench/apps/MLPerf-storage/dlio_benchmark/dlio_benchmark/utils/statscounter.py:325]
[INFO] 2025-05-05T17:39:57.764732 Rank 0 step 284 processed 5 samples in 1.3393280506134033 s [/mnt/ioopt/appbench/apps/MLPerf-storage/dlio_benchmark/dlio_benchmark/utils/statscounter.py:325]
[INFO] 2025-05-05T17:39:58.093955 Rank 0 step 285 processed 5 samples in 0.3287076950073242 s [/mnt/ioopt/appbench/apps/MLPerf-storage/dlio_benchmark/dlio_benchmark/utils/statscounter.py:325]
[INFO] 2025-05-05T17:40:02.230030 Rank 0 step 286 processed 5 samples in 4.135631322860718 s [/mnt/ioopt/appbench/apps/MLPerf-storage/dlio_benchmark/dlio_benchmark/utils/statscounter.py:325]
[INFO] 2025-05-05T17:40:09.827139 Rank 0 step 287 processed 5 samples in 7.596548080444336 s [/mnt/ioopt/appbench/apps/MLPerf-storage/dlio_benchmark/dlio_benchmark/utils/statscounter.py:325]
[INFO] 2025-05-05T17:40:12.639972 Rank 0 step 288 processed 5 samples in 2.8123185634613037 s [/mnt/ioopt/appbench/apps/MLPerf-storage/dlio_benchmark/dlio_benchmark/utils/statscounter.py:325]
[INFO] 2025-05-05T17:40:16.816964 Rank 0 step 289 processed 5 samples in 4.176485776901245 s [/mnt/ioopt/appbench/apps/MLPerf-storage/dlio_benchmark/dlio_benchmark/utils/statscounter.py:325]
[INFO] 2025-05-05T17:40:17.144973 Rank 0 step 290 processed 5 samples in 0.3276088237762451 s [/mnt/ioopt/appbench/apps/MLPerf-storage/dlio_benchmark/dlio_benchmark/utils/statscounter.py:325]
[INFO] 2025-05-05T17:40:17.477685 Rank 0 step 291 processed 5 samples in 0.3323171138763428 s [/mnt/ioopt/appbench/apps/MLPerf-storage/dlio_benchmark/dlio_benchmark/utils/statscounter.py:325]
[INFO] 2025-05-05T17:40:17.806380 Rank 0 step 292 processed 5 samples in 0.3282036781311035 s [/mnt/ioopt/appbench/apps/MLPerf-storage/dlio_benchmark/dlio_benchmark/utils/statscounter.py:325]
[INFO] 2025-05-05T17:40:18.138518 Rank 0 step 293 processed 5 samples in 0.3316636085510254 s [/mnt/ioopt/appbench/apps/MLPerf-storage/dlio_benchmark/dlio_benchmark/utils/statscounter.py:325]
[INFO] 2025-05-05T17:40:18.467554 Rank 0 step 294 processed 5 samples in 0.3284573554992676 s [/mnt/ioopt/appbench/apps/MLPerf-storage/dlio_benchmark/dlio_benchmark/utils/statscounter.py:325]
[INFO] 2025-05-05T17:40:22.160309 Rank 0 step 295 processed 5 samples in 3.6922075748443604 s [/mnt/ioopt/appbench/apps/MLPerf-storage/dlio_benchmark/dlio_benchmark/utils/statscounter.py:325]
[INFO] 2025-05-05T17:40:25.342145 Rank 0 step 296 processed 5 samples in 3.181359052658081 s [/mnt/ioopt/appbench/apps/MLPerf-storage/dlio_benchmark/dlio_benchmark/utils/statscounter.py:325]
[INFO] 2025-05-05T17:40:25.670990 Rank 0 step 297 processed 5 samples in 0.32837772369384766 s [/mnt/ioopt/appbench/apps/MLPerf-storage/dlio_benchmark/dlio_benchmark/utils/statscounter.py:325]
[INFO] 2025-05-05T17:40:26.409764 Rank 0 step 298 processed 5 samples in 0.738318920135498 s [/mnt/ioopt/appbench/apps/MLPerf-storage/dlio_benchmark/dlio_benchmark/utils/statscounter.py:325]
[INFO] 2025-05-05T17:40:26.739330 Rank 0 step 299 processed 5 samples in 0.329024076461792 s [/mnt/ioopt/appbench/apps/MLPerf-storage/dlio_benchmark/dlio_benchmark/utils/statscounter.py:325]
[INFO] 2025-05-05T17:40:37.472700 Rank 0 step 300 processed 5 samples in 10.732861280441284 s [/mnt/ioopt/appbench/apps/MLPerf-storage/dlio_benchmark/dlio_benchmark/utils/statscounter.py:325]
[INFO] 2025-05-05T17:40:37.804305 Rank 0 step 301 processed 5 samples in 0.3310999870300293 s [/mnt/ioopt/appbench/apps/MLPerf-storage/dlio_benchmark/dlio_benchmark/utils/statscounter.py:325]
[INFO] 2025-05-05T17:40:48.826365 Rank 0 step 302 processed 5 samples in 11.021461725234985 s [/mnt/ioopt/appbench/apps/MLPerf-storage/dlio_benchmark/dlio_benchmark/utils/statscounter.py:325]
[INFO] 2025-05-05T17:40:49.155353 Rank 0 step 303 processed 5 samples in 0.3284947872161865 s [/mnt/ioopt/appbench/apps/MLPerf-storage/dlio_benchmark/dlio_benchmark/utils/statscounter.py:325]
[INFO] 2025-05-05T17:40:49.484477 Rank 0 step 304 processed 5 samples in 0.32866382598876953 s [/mnt/ioopt/appbench/apps/MLPerf-storage/dlio_benchmark/dlio_benchmark/utils/statscounter.py:325]
[INFO] 2025-05-05T17:40:49.815966 Rank 0 step 305 processed 5 samples in 0.33092164993286133 s [/mnt/ioopt/appbench/apps/MLPerf-storage/dlio_benchmark/dlio_benchmark/utils/statscounter.py:325]
[INFO] 2025-05-05T17:40:50.146069 Rank 0 step 306 processed 5 samples in 0.3293123245239258 s [/mnt/ioopt/appbench/apps/MLPerf-storage/dlio_benchmark/dlio_benchmark/utils/statscounter.py:325]
[INFO] 2025-05-05T17:40:50.793314 Rank 0 step 307 processed 5 samples in 0.6467862129211426 s [/mnt/ioopt/appbench/apps/MLPerf-storage/dlio_benchmark/dlio_benchmark/utils/statscounter.py:325]
[INFO] 2025-05-05T17:40:51.122802 Rank 0 step 308 processed 5 samples in 0.3289666175842285 s [/mnt/ioopt/appbench/apps/MLPerf-storage/dlio_benchmark/dlio_benchmark/utils/statscounter.py:325]
[INFO] 2025-05-05T17:40:51.452091 Rank 0 step 309 processed 5 samples in 0.32874631881713867 s [/mnt/ioopt/appbench/apps/MLPerf-storage/dlio_benchmark/dlio_benchmark/utils/statscounter.py:325]
[INFO] 2025-05-05T17:40:58.705796 Rank 0 step 310 processed 5 samples in 7.253249406814575 s [/mnt/ioopt/appbench/apps/MLPerf-storage/dlio_benchmark/dlio_benchmark/utils/statscounter.py:325]
[INFO] 2025-05-05T17:40:59.034821 Rank 0 step 311 processed 5 samples in 0.32850122451782227 s [/mnt/ioopt/appbench/apps/MLPerf-storage/dlio_benchmark/dlio_benchmark/utils/statscounter.py:325]
[INFO] 2025-05-05T17:40:59.364012 Rank 0 step 312 processed 5 samples in 0.32869458198547363 s [/mnt/ioopt/appbench/apps/MLPerf-storage/dlio_benchmark/dlio_benchmark/utils/statscounter.py:325]
[INFO] 2025-05-05T17:40:59.692727 Rank 0 step 313 processed 5 samples in 0.3282482624053955 s [/mnt/ioopt/appbench/apps/MLPerf-storage/dlio_benchmark/dlio_benchmark/utils/statscounter.py:325]
[INFO] 2025-05-05T17:41:08.808843 Rank 0 step 314 processed 5 samples in 9.115647554397583 s [/mnt/ioopt/appbench/apps/MLPerf-storage/dlio_benchmark/dlio_benchmark/utils/statscounter.py:325]
[INFO] 2025-05-05T17:41:09.135223 Rank 0 step 315 processed 5 samples in 0.3260612487792969 s [/mnt/ioopt/appbench/apps/MLPerf-storage/dlio_benchmark/dlio_benchmark/utils/statscounter.py:325]
[INFO] 2025-05-05T17:41:24.927261 Rank 0 step 316 processed 5 samples in 15.791536808013916 s [/mnt/ioopt/appbench/apps/MLPerf-storage/dlio_benchmark/dlio_benchmark/utils/statscounter.py:325]
[INFO] 2025-05-05T17:41:26.621224 Rank 0 step 317 processed 5 samples in 1.6934890747070312 s [/mnt/ioopt/appbench/apps/MLPerf-storage/dlio_benchmark/dlio_benchmark/utils/statscounter.py:325]
[INFO] 2025-05-05T17:41:26.950097 Rank 0 step 318 processed 5 samples in 0.3283874988555908 s [/mnt/ioopt/appbench/apps/MLPerf-storage/dlio_benchmark/dlio_benchmark/utils/statscounter.py:325]
[INFO] 2025-05-05T17:41:27.279147 Rank 0 step 319 processed 5 samples in 0.3285994529724121 s [/mnt/ioopt/appbench/apps/MLPerf-storage/dlio_benchmark/dlio_benchmark/utils/statscounter.py:325]
[INFO] 2025-05-05T17:41:27.606619 Rank 0 step 320 processed 5 samples in 0.32704615592956543 s [/mnt/ioopt/appbench/apps/MLPerf-storage/dlio_benchmark/dlio_benchmark/utils/statscounter.py:325]
[INFO] 2025-05-05T17:41:27.935558 Rank 0 step 321 processed 5 samples in 0.32841038703918457 s [/mnt/ioopt/appbench/apps/MLPerf-storage/dlio_benchmark/dlio_benchmark/utils/statscounter.py:325]
[INFO] 2025-05-05T17:41:28.264733 Rank 0 step 322 processed 5 samples in 0.3287057876586914 s [/mnt/ioopt/appbench/apps/MLPerf-storage/dlio_benchmark/dlio_benchmark/utils/statscounter.py:325]
[INFO] 2025-05-05T17:41:28.591948 Rank 0 step 323 processed 5 samples in 0.3269388675689697 s [/mnt/ioopt/appbench/apps/MLPerf-storage/dlio_benchmark/dlio_benchmark/utils/statscounter.py:325]
[INFO] 2025-05-05T17:41:28.920825 Rank 0 step 324 processed 5 samples in 0.3283712863922119 s [/mnt/ioopt/appbench/apps/MLPerf-storage/dlio_benchmark/dlio_benchmark/utils/statscounter.py:325]
[INFO] 2025-05-05T17:41:30.075207 Rank 0 step 325 processed 5 samples in 1.1539337635040283 s [/mnt/ioopt/appbench/apps/MLPerf-storage/dlio_benchmark/dlio_benchmark/utils/statscounter.py:325]
[INFO] 2025-05-05T17:41:30.401649 Rank 0 step 326 processed 5 samples in 0.3261239528656006 s [/mnt/ioopt/appbench/apps/MLPerf-storage/dlio_benchmark/dlio_benchmark/utils/statscounter.py:325]
[INFO] 2025-05-05T17:41:31.205012 Rank 0 step 327 processed 5 samples in 0.8030438423156738 s [/mnt/ioopt/appbench/apps/MLPerf-storage/dlio_benchmark/dlio_benchmark/utils/statscounter.py:325]
[INFO] 2025-05-05T17:41:31.534248 Rank 0 step 328 processed 5 samples in 0.3286886215209961 s [/mnt/ioopt/appbench/apps/MLPerf-storage/dlio_benchmark/dlio_benchmark/utils/statscounter.py:325]
[INFO] 2025-05-05T17:41:45.744841 Rank 0 step 329 processed 5 samples in 14.210023403167725 s [/mnt/ioopt/appbench/apps/MLPerf-storage/dlio_benchmark/dlio_benchmark/utils/statscounter.py:325]
[INFO] 2025-05-05T17:41:55.240340 Rank 0 step 330 processed 5 samples in 9.494946002960205 s [/mnt/ioopt/appbench/apps/MLPerf-storage/dlio_benchmark/dlio_benchmark/utils/statscounter.py:325]
[INFO] 2025-05-05T17:41:55.569937 Rank 0 step 331 processed 5 samples in 0.32909655570983887 s [/mnt/ioopt/appbench/apps/MLPerf-storage/dlio_benchmark/dlio_benchmark/utils/statscounter.py:325]
[INFO] 2025-05-05T17:41:59.816195 Rank 0 step 332 processed 5 samples in 4.245797872543335 s [/mnt/ioopt/appbench/apps/MLPerf-storage/dlio_benchmark/dlio_benchmark/utils/statscounter.py:325]
[INFO] 2025-05-05T17:42:00.143208 Rank 0 step 333 processed 5 samples in 0.32670044898986816 s [/mnt/ioopt/appbench/apps/MLPerf-storage/dlio_benchmark/dlio_benchmark/utils/statscounter.py:325]
[INFO] 2025-05-05T17:42:00.472252 Rank 0 step 334 processed 5 samples in 0.3285810947418213 s [/mnt/ioopt/appbench/apps/MLPerf-storage/dlio_benchmark/dlio_benchmark/utils/statscounter.py:325]
[INFO] 2025-05-05T17:42:01.565530 Rank 0 step 335 processed 5 samples in 1.0929629802703857 s [/mnt/ioopt/appbench/apps/MLPerf-storage/dlio_benchmark/dlio_benchmark/utils/statscounter.py:325]
[INFO] 2025-05-05T17:42:06.219069 Rank 0 step 336 processed 5 samples in 4.653012275695801 s [/mnt/ioopt/appbench/apps/MLPerf-storage/dlio_benchmark/dlio_benchmark/utils/statscounter.py:325]
[INFO] 2025-05-05T17:42:06.548171 Rank 0 step 337 processed 5 samples in 0.32852864265441895 s [/mnt/ioopt/appbench/apps/MLPerf-storage/dlio_benchmark/dlio_benchmark/utils/statscounter.py:325]
[INFO] 2025-05-05T17:42:06.876698 Rank 0 step 338 processed 5 samples in 0.32807111740112305 s [/mnt/ioopt/appbench/apps/MLPerf-storage/dlio_benchmark/dlio_benchmark/utils/statscounter.py:325]
[INFO] 2025-05-05T17:42:07.205755 Rank 0 step 339 processed 5 samples in 0.32860255241394043 s [/mnt/ioopt/appbench/apps/MLPerf-storage/dlio_benchmark/dlio_benchmark/utils/statscounter.py:325]
[INFO] 2025-05-05T17:42:07.533932 Rank 0 step 340 processed 5 samples in 0.32773470878601074 s [/mnt/ioopt/appbench/apps/MLPerf-storage/dlio_benchmark/dlio_benchmark/utils/statscounter.py:325]
[INFO] 2025-05-05T17:42:07.863216 Rank 0 step 341 processed 5 samples in 0.32883334159851074 s [/mnt/ioopt/appbench/apps/MLPerf-storage/dlio_benchmark/dlio_benchmark/utils/statscounter.py:325]
[INFO] 2025-05-05T17:42:08.192773 Rank 0 step 342 processed 5 samples in 0.3290996551513672 s [/mnt/ioopt/appbench/apps/MLPerf-storage/dlio_benchmark/dlio_benchmark/utils/statscounter.py:325]
[INFO] 2025-05-05T17:42:08.524236 Rank 0 step 343 processed 5 samples in 0.3310079574584961 s [/mnt/ioopt/appbench/apps/MLPerf-storage/dlio_benchmark/dlio_benchmark/utils/statscounter.py:325]
[INFO] 2025-05-05T17:42:19.274002 Rank 0 step 344 processed 5 samples in 10.749254941940308 s [/mnt/ioopt/appbench/apps/MLPerf-storage/dlio_benchmark/dlio_benchmark/utils/statscounter.py:325]
[INFO] 2025-05-05T17:42:25.445815 Rank 0 step 345 processed 5 samples in 6.171314477920532 s [/mnt/ioopt/appbench/apps/MLPerf-storage/dlio_benchmark/dlio_benchmark/utils/statscounter.py:325]
[INFO] 2025-05-05T17:42:34.236854 Rank 0 step 346 processed 5 samples in 8.790501117706299 s [/mnt/ioopt/appbench/apps/MLPerf-storage/dlio_benchmark/dlio_benchmark/utils/statscounter.py:325]
[INFO] 2025-05-05T17:42:34.565649 Rank 0 step 347 processed 5 samples in 0.3283116817474365 s [/mnt/ioopt/appbench/apps/MLPerf-storage/dlio_benchmark/dlio_benchmark/utils/statscounter.py:325]
[INFO] 2025-05-05T17:42:34.894484 Rank 0 step 348 processed 5 samples in 0.32840752601623535 s [/mnt/ioopt/appbench/apps/MLPerf-storage/dlio_benchmark/dlio_benchmark/utils/statscounter.py:325]
[INFO] 2025-05-05T17:42:35.223494 Rank 0 step 349 processed 5 samples in 0.3285641670227051 s [/mnt/ioopt/appbench/apps/MLPerf-storage/dlio_benchmark/dlio_benchmark/utils/statscounter.py:325]
[INFO] 2025-05-05T17:42:35.554882 Rank 0 step 350 processed 5 samples in 0.33095502853393555 s [/mnt/ioopt/appbench/apps/MLPerf-storage/dlio_benchmark/dlio_benchmark/utils/statscounter.py:325]
[INFO] 2025-05-05T17:42:35.884283 Rank 0 step 351 processed 5 samples in 0.32892942428588867 s [/mnt/ioopt/appbench/apps/MLPerf-storage/dlio_benchmark/dlio_benchmark/utils/statscounter.py:325]
[INFO] 2025-05-05T17:42:36.213994 Rank 0 step 352 processed 5 samples in 0.32924985885620117 s [/mnt/ioopt/appbench/apps/MLPerf-storage/dlio_benchmark/dlio_benchmark/utils/statscounter.py:325]
[INFO] 2025-05-05T17:42:42.156729 Rank 0 step 353 processed 5 samples in 5.942255973815918 s [/mnt/ioopt/appbench/apps/MLPerf-storage/dlio_benchmark/dlio_benchmark/utils/statscounter.py:325]
[INFO] 2025-05-05T17:42:42.485468 Rank 0 step 354 processed 5 samples in 0.32827138900756836 s [/mnt/ioopt/appbench/apps/MLPerf-storage/dlio_benchmark/dlio_benchmark/utils/statscounter.py:325]
[INFO] 2025-05-05T17:42:42.816650 Rank 0 step 355 processed 5 samples in 0.33074402809143066 s [/mnt/ioopt/appbench/apps/MLPerf-storage/dlio_benchmark/dlio_benchmark/utils/statscounter.py:325]
[INFO] 2025-05-05T17:42:43.146643 Rank 0 step 356 processed 5 samples in 0.32881736755371094 s [/mnt/ioopt/appbench/apps/MLPerf-storage/dlio_benchmark/dlio_benchmark/utils/statscounter.py:325]
[INFO] 2025-05-05T17:42:43.475740 Rank 0 step 357 processed 5 samples in 0.3285961151123047 s [/mnt/ioopt/appbench/apps/MLPerf-storage/dlio_benchmark/dlio_benchmark/utils/statscounter.py:325]
[INFO] 2025-05-05T17:42:47.639078 Rank 0 step 358 processed 5 samples in 4.16288161277771 s [/mnt/ioopt/appbench/apps/MLPerf-storage/dlio_benchmark/dlio_benchmark/utils/statscounter.py:325]
[INFO] 2025-05-05T17:42:56.526600 Rank 0 step 359 processed 5 samples in 8.887022495269775 s [/mnt/ioopt/appbench/apps/MLPerf-storage/dlio_benchmark/dlio_benchmark/utils/statscounter.py:325]
[INFO] 2025-05-05T17:43:05.342705 Rank 0 step 360 processed 5 samples in 8.815548419952393 s [/mnt/ioopt/appbench/apps/MLPerf-storage/dlio_benchmark/dlio_benchmark/utils/statscounter.py:325]
[INFO] 2025-05-05T17:43:05.671501 Rank 0 step 361 processed 5 samples in 0.32830071449279785 s [/mnt/ioopt/appbench/apps/MLPerf-storage/dlio_benchmark/dlio_benchmark/utils/statscounter.py:325]
[INFO] 2025-05-05T17:43:06.000377 Rank 0 step 362 processed 5 samples in 0.3284425735473633 s [/mnt/ioopt/appbench/apps/MLPerf-storage/dlio_benchmark/dlio_benchmark/utils/statscounter.py:325]
[INFO] 2025-05-05T17:43:06.329162 Rank 0 step 363 processed 5 samples in 0.328357458114624 s [/mnt/ioopt/appbench/apps/MLPerf-storage/dlio_benchmark/dlio_benchmark/utils/statscounter.py:325]
[INFO] 2025-05-05T17:43:06.658538 Rank 0 step 364 processed 5 samples in 0.3289525508880615 s [/mnt/ioopt/appbench/apps/MLPerf-storage/dlio_benchmark/dlio_benchmark/utils/statscounter.py:325]
[INFO] 2025-05-05T17:43:06.989377 Rank 0 step 365 processed 5 samples in 0.3304111957550049 s [/mnt/ioopt/appbench/apps/MLPerf-storage/dlio_benchmark/dlio_benchmark/utils/statscounter.py:325]
[INFO] 2025-05-05T17:43:09.373954 Rank 0 step 366 processed 5 samples in 2.3841323852539062 s [/mnt/ioopt/appbench/apps/MLPerf-storage/dlio_benchmark/dlio_benchmark/utils/statscounter.py:325]
[INFO] 2025-05-05T17:43:10.371222 Rank 0 step 367 processed 5 samples in 0.9967875480651855 s [/mnt/ioopt/appbench/apps/MLPerf-storage/dlio_benchmark/dlio_benchmark/utils/statscounter.py:325]
[INFO] 2025-05-05T17:43:10.700034 Rank 0 step 368 processed 5 samples in 0.32833194732666016 s [/mnt/ioopt/appbench/apps/MLPerf-storage/dlio_benchmark/dlio_benchmark/utils/statscounter.py:325]
[INFO] 2025-05-05T17:43:17.193801 Rank 0 step 369 processed 5 samples in 6.4933021068573 s [/mnt/ioopt/appbench/apps/MLPerf-storage/dlio_benchmark/dlio_benchmark/utils/statscounter.py:325]
[INFO] 2025-05-05T17:43:22.162791 Rank 0 step 370 processed 5 samples in 4.9684672355651855 s [/mnt/ioopt/appbench/apps/MLPerf-storage/dlio_benchmark/dlio_benchmark/utils/statscounter.py:325]
[INFO] 2025-05-05T17:43:22.491681 Rank 0 step 371 processed 5 samples in 0.3283681869506836 s [/mnt/ioopt/appbench/apps/MLPerf-storage/dlio_benchmark/dlio_benchmark/utils/statscounter.py:325]
[INFO] 2025-05-05T17:43:22.820581 Rank 0 step 372 processed 5 samples in 0.32842278480529785 s [/mnt/ioopt/appbench/apps/MLPerf-storage/dlio_benchmark/dlio_benchmark/utils/statscounter.py:325]
[INFO] 2025-05-05T17:43:28.184973 Rank 0 step 373 processed 5 samples in 5.363929748535156 s [/mnt/ioopt/appbench/apps/MLPerf-storage/dlio_benchmark/dlio_benchmark/utils/statscounter.py:325]
[INFO] 2025-05-05T17:43:33.029554 Rank 0 step 374 processed 5 samples in 4.844024658203125 s [/mnt/ioopt/appbench/apps/MLPerf-storage/dlio_benchmark/dlio_benchmark/utils/statscounter.py:325]
[INFO] 2025-05-05T17:43:33.358484 Rank 0 step 375 processed 5 samples in 0.32842063903808594 s [/mnt/ioopt/appbench/apps/MLPerf-storage/dlio_benchmark/dlio_benchmark/utils/statscounter.py:325]
[INFO] 2025-05-05T17:43:40.892991 Rank 0 step 376 processed 5 samples in 7.534035921096802 s [/mnt/ioopt/appbench/apps/MLPerf-storage/dlio_benchmark/dlio_benchmark/utils/statscounter.py:325]
[INFO] 2025-05-05T17:43:44.044516 Rank 0 step 377 processed 5 samples in 3.15103816986084 s [/mnt/ioopt/appbench/apps/MLPerf-storage/dlio_benchmark/dlio_benchmark/utils/statscounter.py:325]
[INFO] 2025-05-05T17:43:44.370431 Rank 0 step 378 processed 5 samples in 0.32555270195007324 s [/mnt/ioopt/appbench/apps/MLPerf-storage/dlio_benchmark/dlio_benchmark/utils/statscounter.py:325]
[INFO] 2025-05-05T17:43:44.697214 Rank 0 step 379 processed 5 samples in 0.32633137702941895 s [/mnt/ioopt/appbench/apps/MLPerf-storage/dlio_benchmark/dlio_benchmark/utils/statscounter.py:325]
[INFO] 2025-05-05T17:43:45.026650 Rank 0 step 380 processed 5 samples in 0.3288271427154541 s [/mnt/ioopt/appbench/apps/MLPerf-storage/dlio_benchmark/dlio_benchmark/utils/statscounter.py:325]
[INFO] 2025-05-05T17:43:45.355652 Rank 0 step 381 processed 5 samples in 0.3284423351287842 s [/mnt/ioopt/appbench/apps/MLPerf-storage/dlio_benchmark/dlio_benchmark/utils/statscounter.py:325]
[INFO] 2025-05-05T17:43:45.685014 Rank 0 step 382 processed 5 samples in 0.3288302421569824 s [/mnt/ioopt/appbench/apps/MLPerf-storage/dlio_benchmark/dlio_benchmark/utils/statscounter.py:325]
[INFO] 2025-05-05T17:43:46.312572 Rank 0 step 383 processed 5 samples in 0.6270334720611572 s [/mnt/ioopt/appbench/apps/MLPerf-storage/dlio_benchmark/dlio_benchmark/utils/statscounter.py:325]
[INFO] 2025-05-05T17:43:47.372661 Rank 0 step 384 processed 5 samples in 1.0595803260803223 s [/mnt/ioopt/appbench/apps/MLPerf-storage/dlio_benchmark/dlio_benchmark/utils/statscounter.py:325]
[INFO] 2025-05-05T17:43:54.373156 Rank 0 step 385 processed 5 samples in 7.000000715255737 s [/mnt/ioopt/appbench/apps/MLPerf-storage/dlio_benchmark/dlio_benchmark/utils/statscounter.py:325]
[INFO] 2025-05-05T17:43:54.701853 Rank 0 step 386 processed 5 samples in 0.32819676399230957 s [/mnt/ioopt/appbench/apps/MLPerf-storage/dlio_benchmark/dlio_benchmark/utils/statscounter.py:325]
[INFO] 2025-05-05T17:43:58.492881 Rank 0 step 387 processed 5 samples in 3.7905492782592773 s [/mnt/ioopt/appbench/apps/MLPerf-storage/dlio_benchmark/dlio_benchmark/utils/statscounter.py:325]
[INFO] 2025-05-05T17:43:58.821769 Rank 0 step 388 processed 5 samples in 0.3283686637878418 s [/mnt/ioopt/appbench/apps/MLPerf-storage/dlio_benchmark/dlio_benchmark/utils/statscounter.py:325]
[INFO] 2025-05-05T17:43:59.150855 Rank 0 step 389 processed 5 samples in 0.32862186431884766 s [/mnt/ioopt/appbench/apps/MLPerf-storage/dlio_benchmark/dlio_benchmark/utils/statscounter.py:325]
[INFO] 2025-05-05T17:44:07.057135 Rank 0 step 390 processed 5 samples in 7.905704975128174 s [/mnt/ioopt/appbench/apps/MLPerf-storage/dlio_benchmark/dlio_benchmark/utils/statscounter.py:325]
[INFO] 2025-05-05T17:44:12.514633 Rank 0 step 391 processed 5 samples in 5.457027435302734 s [/mnt/ioopt/appbench/apps/MLPerf-storage/dlio_benchmark/dlio_benchmark/utils/statscounter.py:325]
[INFO] 2025-05-05T17:44:12.845554 Rank 0 step 392 processed 5 samples in 0.3304321765899658 s [/mnt/ioopt/appbench/apps/MLPerf-storage/dlio_benchmark/dlio_benchmark/utils/statscounter.py:325]
[INFO] 2025-05-05T17:44:13.174489 Rank 0 step 393 processed 5 samples in 0.32840824127197266 s [/mnt/ioopt/appbench/apps/MLPerf-storage/dlio_benchmark/dlio_benchmark/utils/statscounter.py:325]
[INFO] 2025-05-05T17:44:13.503213 Rank 0 step 394 processed 5 samples in 0.32827281951904297 s [/mnt/ioopt/appbench/apps/MLPerf-storage/dlio_benchmark/dlio_benchmark/utils/statscounter.py:325]
[INFO] 2025-05-05T17:44:13.833890 Rank 0 step 395 processed 5 samples in 0.3302297592163086 s [/mnt/ioopt/appbench/apps/MLPerf-storage/dlio_benchmark/dlio_benchmark/utils/statscounter.py:325]
[INFO] 2025-05-05T17:44:14.162682 Rank 0 step 396 processed 5 samples in 0.32831883430480957 s [/mnt/ioopt/appbench/apps/MLPerf-storage/dlio_benchmark/dlio_benchmark/utils/statscounter.py:325]
[INFO] 2025-05-05T17:44:14.491224 Rank 0 step 397 processed 5 samples in 0.32805895805358887 s [/mnt/ioopt/appbench/apps/MLPerf-storage/dlio_benchmark/dlio_benchmark/utils/statscounter.py:325]
[INFO] 2025-05-05T17:44:14.821957 Rank 0 step 398 processed 5 samples in 0.33026576042175293 s [/mnt/ioopt/appbench/apps/MLPerf-storage/dlio_benchmark/dlio_benchmark/utils/statscounter.py:325]
[INFO] 2025-05-05T17:44:15.150883 Rank 0 step 399 processed 5 samples in 0.32846617698669434 s [/mnt/ioopt/appbench/apps/MLPerf-storage/dlio_benchmark/dlio_benchmark/utils/statscounter.py:325]
[INFO] 2025-05-05T17:44:15.481189 Rank 0 step 400 processed 5 samples in 0.32982707023620605 s [/mnt/ioopt/appbench/apps/MLPerf-storage/dlio_benchmark/dlio_benchmark/utils/statscounter.py:325]
[INFO] 2025-05-05T17:44:15.481605 Maximum number of steps reached [/mnt/ioopt/appbench/apps/MLPerf-storage/dlio_benchmark/dlio_benchmark/main.py:293]
[INFO] 2025-05-05T17:44:15.484512 Ending block 1 - 400 steps completed in 960.77 s [/mnt/ioopt/appbench/apps/MLPerf-storage/dlio_benchmark/dlio_benchmark/utils/statscounter.py:282]
[INFO] 2025-05-05T17:44:15.509781 Epoch 1 - Block 1 [Training] Accelerator Utilization [AU] (%): 13.8959 [/mnt/ioopt/appbench/apps/MLPerf-storage/dlio_benchmark/dlio_benchmark/utils/statscounter.py:285]
[INFO] 2025-05-05T17:44:15.510098 Epoch 1 - Block 1 [Training] Throughput (samples/second): 2.0817 [/mnt/ioopt/appbench/apps/MLPerf-storage/dlio_benchmark/dlio_benchmark/utils/statscounter.py:286]
[INFO] 2025-05-05T17:44:15.515361 Ending epoch 1 - 400 steps completed in 960.83 s [/mnt/ioopt/appbench/apps/MLPerf-storage/dlio_benchmark/dlio_benchmark/utils/statscounter.py:225]
[INFO] 2025-05-05T17:44:15.521359 Saved outputs in /mnt/ioopt/appbench/apps/MLPerf-storage/resultsdir/RUN_6/batch_size_5_num_threads_14 [/mnt/ioopt/appbench/apps/MLPerf-storage/dlio_benchmark/dlio_benchmark/utils/statscounter.py:171]
[INFO] Averaged metric over all epochs
[METRIC] ==========================================================
[METRIC] Number of Simulated Accelerators: 1 
[METRIC] Training Accelerator Utilization [AU] (%): 13.8959 (0.0000)
[METRIC] Training Throughput (samples/second): 2.0817 (0.0000)
[METRIC] Training I/O Throughput (MB/second): 291.0368 (0.0000)
[METRIC] train_au_meet_expectation: fail
[METRIC] ==========================================================
 [/mnt/ioopt/appbench/apps/MLPerf-storage/dlio_benchmark/dlio_benchmark/utils/statscounter.py:185]
[INFO] 2025-05-05T17:44:15.527961 outputs saved in RANKID_output.json [/mnt/ioopt/appbench/apps/MLPerf-storage/dlio_benchmark/dlio_benchmark/utils/statscounter.py:378]
